Main Function with logger : Logger(dir=kd_results, use-tf=False, writer=None)
Arguments : -------------------------------
batch_size       : 1000
class_num        : 100
cutout_length    : 16
data_path        : /home/prathamesh/code/data/cifar/
dataset          : cifar100
epochs           : 200
eval_batch_size  : 1000
file_name        : KD_seed-1_cycles-4_KDfrac-1.0_T-2
global_rand_seed : -1
loss_kd_frac     : 1.0
lr               : 0.1
model_name       : ResNet10_s
momentum         : 0.9
pretrained_student : True
print_freq       : 100
print_freq_eval  : 100
rand_seed        : 1
save_dir         : ./kd_results/
sched_cycles     : 4
teacher          : ResNet10_l
temperature      : 2
wd               : 0.0005
workers          : 8
Python  Version  : 3.7.12 | packaged by conda-forge | (default, Oct 26 2021, 06:08:21)  [GCC 9.4.0]
Pillow  Version  : 9.2.0
PyTorch Version  : 1.13.1
cuDNN   Version  : 8500
CUDA available   : True
CUDA GPU numbers : 1
CUDA_VISIBLE_DEVICES : 0
Namespace(batch_size=1000, class_num=100, cutout_length=16, data_path='/home/prathamesh/code/data/cifar/', dataset='cifar100', epochs=200, eval_batch_size=1000, file_name='KD_seed-1_cycles-4_KDfrac-1.0_T-2', global_rand_seed=-1, loss_kd_frac=1.0, lr=0.1, model_name='ResNet10_s', momentum=0.9, pretrained_student=True, print_freq=100, print_freq_eval=100, rand_seed=1, save_dir='./kd_results/', sched_cycles=4, teacher='ResNet10_l', temperature=2, wd=0.0005, workers=8)
Train:45000	, Valid:5000	, Test:10000

Student: ResNet10_s
using pretrained student model from /home/anmolreddy/ce_results/CE_with_seed-1_cycles-4_cifar100-ResNet10_smodel_best.pth.tar
***[2023-05-09 10:42:52]*** before training [Student(CE)] Test loss = 1.772255, accuracy@1 = 51.46, accuracy@5 = 81.31, error@1 = 48.54, error@5 = 18.69
Scheduling LR update to student 4 time at 50-epoch intervals
***[2023-05-09 10:42:54]*** [Teacher] Test loss = 1.045211, accuracy@1 = 70.71, accuracy@5 = 92.22, error@1 = 29.29, error@5 = 7.78
model information : EfficientNetV2_s (CIFAR)
--------------------------------------------------
[Student]Params=0.08 MB, FLOPs=4.16 M ... = 0.00 G
--------------------------------------------------

Started EPOCH:0
[TRAIN] E: [0][ 0/45]	Loss 2.1200e+00 (2.1200e+00)	Acc@1  39.50 ( 39.50)	Acc@5  68.70 ( 68.70)
[TRAIN] E: [0][44/45]	Loss 2.2917e+00 (2.1961e+00)	Acc@1  33.40 ( 35.87)	Acc@5  62.10 ( 66.02)
[EVAL] E: [0][0/5]	Loss 4.5955e+00 (4.5955e+00)	Acc@1  16.00 ( 16.00)	Acc@5  38.50 ( 38.50)
[EVAL] E: [0][4/5]	Loss 4.4585e+00 (4.5655e+00)	Acc@1  17.10 ( 16.24)	Acc@5  41.00 ( 39.50)
		 Valid eval after epoch: loss:4.5655	latest_acc:16.24	LR:0.10 -- best valacc 16.24

Started EPOCH:1
[TRAIN] E: [1][ 0/45]	Loss 2.2811e+00 (2.2811e+00)	Acc@1  36.20 ( 36.20)	Acc@5  65.70 ( 65.70)
[TRAIN] E: [1][44/45]	Loss 2.0707e+00 (2.2195e+00)	Acc@1  36.50 ( 34.67)	Acc@5  65.40 ( 64.80)
[EVAL] E: [1][0/5]	Loss 3.4498e+00 (3.4498e+00)	Acc@1  24.40 ( 24.40)	Acc@5  53.60 ( 53.60)
[EVAL] E: [1][4/5]	Loss 3.4305e+00 (3.4895e+00)	Acc@1  24.20 ( 24.78)	Acc@5  54.80 ( 52.88)
		 Valid eval after epoch: loss:3.4895	latest_acc:24.78	LR:0.10 -- best valacc 24.78

Started EPOCH:2
[TRAIN] E: [2][ 0/45]	Loss 2.1087e+00 (2.1087e+00)	Acc@1  34.40 ( 34.40)	Acc@5  64.70 ( 64.70)
[TRAIN] E: [2][44/45]	Loss 2.0849e+00 (2.1592e+00)	Acc@1  35.60 ( 35.19)	Acc@5  66.50 ( 65.48)
[EVAL] E: [2][0/5]	Loss 3.5552e+00 (3.5552e+00)	Acc@1  22.70 ( 22.70)	Acc@5  47.40 ( 47.40)
[EVAL] E: [2][4/5]	Loss 3.5839e+00 (3.6506e+00)	Acc@1  24.40 ( 22.14)	Acc@5  48.70 ( 47.70)
		 Valid eval after epoch: loss:3.6506	latest_acc:22.14	LR:0.10 -- best valacc 24.78

Started EPOCH:3
[TRAIN] E: [3][ 0/45]	Loss 2.1617e+00 (2.1617e+00)	Acc@1  38.50 ( 38.50)	Acc@5  67.10 ( 67.10)
[TRAIN] E: [3][44/45]	Loss 2.0550e+00 (2.1164e+00)	Acc@1  34.80 ( 35.49)	Acc@5  66.80 ( 65.80)
[EVAL] E: [3][0/5]	Loss 3.1227e+00 (3.1227e+00)	Acc@1  28.40 ( 28.40)	Acc@5  59.20 ( 59.20)
[EVAL] E: [3][4/5]	Loss 3.1929e+00 (3.1970e+00)	Acc@1  26.90 ( 26.66)	Acc@5  56.70 ( 56.72)
		 Valid eval after epoch: loss:3.1970	latest_acc:26.66	LR:0.10 -- best valacc 26.66

Started EPOCH:4
[TRAIN] E: [4][ 0/45]	Loss 2.0183e+00 (2.0183e+00)	Acc@1  35.70 ( 35.70)	Acc@5  67.70 ( 67.70)
[TRAIN] E: [4][44/45]	Loss 2.0767e+00 (2.1132e+00)	Acc@1  37.70 ( 35.52)	Acc@5  68.90 ( 65.78)
[EVAL] E: [4][0/5]	Loss 3.0399e+00 (3.0399e+00)	Acc@1  27.30 ( 27.30)	Acc@5  58.30 ( 58.30)
[EVAL] E: [4][4/5]	Loss 3.0086e+00 (3.0393e+00)	Acc@1  30.00 ( 29.06)	Acc@5  58.80 ( 58.92)
		 Valid eval after epoch: loss:3.0393	latest_acc:29.06	LR:0.10 -- best valacc 29.06

Started EPOCH:5
[TRAIN] E: [5][ 0/45]	Loss 2.0562e+00 (2.0562e+00)	Acc@1  36.30 ( 36.30)	Acc@5  65.00 ( 65.00)
[TRAIN] E: [5][44/45]	Loss 1.9616e+00 (2.0803e+00)	Acc@1  34.70 ( 35.74)	Acc@5  63.70 ( 65.97)
[EVAL] E: [5][0/5]	Loss 3.5128e+00 (3.5128e+00)	Acc@1  23.30 ( 23.30)	Acc@5  50.50 ( 50.50)
[EVAL] E: [5][4/5]	Loss 3.3078e+00 (3.4928e+00)	Acc@1  25.90 ( 24.60)	Acc@5  55.40 ( 51.56)
		 Valid eval after epoch: loss:3.4928	latest_acc:24.60	LR:0.10 -- best valacc 29.06

Started EPOCH:6
[TRAIN] E: [6][ 0/45]	Loss 2.0232e+00 (2.0232e+00)	Acc@1  35.90 ( 35.90)	Acc@5  65.40 ( 65.40)
[TRAIN] E: [6][44/45]	Loss 2.0489e+00 (2.0731e+00)	Acc@1  37.50 ( 36.02)	Acc@5  66.60 ( 66.38)
[EVAL] E: [6][0/5]	Loss 3.4000e+00 (3.4000e+00)	Acc@1  25.80 ( 25.80)	Acc@5  53.20 ( 53.20)
[EVAL] E: [6][4/5]	Loss 3.4821e+00 (3.5235e+00)	Acc@1  26.20 ( 23.82)	Acc@5  50.20 ( 50.54)
		 Valid eval after epoch: loss:3.5235	latest_acc:23.82	LR:0.10 -- best valacc 29.06

Started EPOCH:7
[TRAIN] E: [7][ 0/45]	Loss 2.1426e+00 (2.1426e+00)	Acc@1  35.40 ( 35.40)	Acc@5  65.50 ( 65.50)
[TRAIN] E: [7][44/45]	Loss 2.0493e+00 (2.0782e+00)	Acc@1  35.60 ( 35.76)	Acc@5  63.90 ( 66.21)
[EVAL] E: [7][0/5]	Loss 2.9661e+00 (2.9661e+00)	Acc@1  27.30 ( 27.30)	Acc@5  57.50 ( 57.50)
[EVAL] E: [7][4/5]	Loss 2.8107e+00 (2.9360e+00)	Acc@1  30.50 ( 28.58)	Acc@5  61.20 ( 59.02)
		 Valid eval after epoch: loss:2.9360	latest_acc:28.58	LR:0.09 -- best valacc 29.06

Started EPOCH:8
[TRAIN] E: [8][ 0/45]	Loss 2.0386e+00 (2.0386e+00)	Acc@1  36.60 ( 36.60)	Acc@5  64.80 ( 64.80)
[TRAIN] E: [8][44/45]	Loss 2.0828e+00 (2.0457e+00)	Acc@1  36.80 ( 36.32)	Acc@5  67.70 ( 66.67)
[EVAL] E: [8][0/5]	Loss 3.0749e+00 (3.0749e+00)	Acc@1  26.40 ( 26.40)	Acc@5  55.50 ( 55.50)
[EVAL] E: [8][4/5]	Loss 3.1405e+00 (3.1763e+00)	Acc@1  25.00 ( 25.38)	Acc@5  54.20 ( 53.84)
		 Valid eval after epoch: loss:3.1763	latest_acc:25.38	LR:0.09 -- best valacc 29.06

Started EPOCH:9
[TRAIN] E: [9][ 0/45]	Loss 2.0727e+00 (2.0727e+00)	Acc@1  34.80 ( 34.80)	Acc@5  66.60 ( 66.60)
[TRAIN] E: [9][44/45]	Loss 2.0514e+00 (2.0383e+00)	Acc@1  37.00 ( 36.10)	Acc@5  67.10 ( 66.41)
[EVAL] E: [9][0/5]	Loss 3.0021e+00 (3.0021e+00)	Acc@1  30.20 ( 30.20)	Acc@5  56.60 ( 56.60)
[EVAL] E: [9][4/5]	Loss 2.9039e+00 (3.0155e+00)	Acc@1  30.50 ( 29.34)	Acc@5  59.80 ( 57.64)
		 Valid eval after epoch: loss:3.0155	latest_acc:29.34	LR:0.09 -- best valacc 29.34

Started EPOCH:10
[TRAIN] E: [10][ 0/45]	Loss 2.0233e+00 (2.0233e+00)	Acc@1  37.00 ( 37.00)	Acc@5  68.80 ( 68.80)
[TRAIN] E: [10][44/45]	Loss 2.0324e+00 (2.0180e+00)	Acc@1  39.50 ( 36.60)	Acc@5  70.90 ( 67.06)
[EVAL] E: [10][0/5]	Loss 3.3686e+00 (3.3686e+00)	Acc@1  26.00 ( 26.00)	Acc@5  53.60 ( 53.60)
[EVAL] E: [10][4/5]	Loss 3.3457e+00 (3.3940e+00)	Acc@1  26.20 ( 25.30)	Acc@5  54.10 ( 52.54)
		 Valid eval after epoch: loss:3.3940	latest_acc:25.30	LR:0.09 -- best valacc 29.34

Started EPOCH:11
[TRAIN] E: [11][ 0/45]	Loss 1.9436e+00 (1.9436e+00)	Acc@1  36.20 ( 36.20)	Acc@5  66.60 ( 66.60)
[TRAIN] E: [11][44/45]	Loss 2.0771e+00 (1.9884e+00)	Acc@1  34.90 ( 36.45)	Acc@5  65.70 ( 67.20)
[EVAL] E: [11][0/5]	Loss 3.1089e+00 (3.1089e+00)	Acc@1  28.30 ( 28.30)	Acc@5  56.90 ( 56.90)
[EVAL] E: [11][4/5]	Loss 3.1789e+00 (3.1406e+00)	Acc@1  26.60 ( 27.38)	Acc@5  54.80 ( 55.68)
		 Valid eval after epoch: loss:3.1406	latest_acc:27.38	LR:0.09 -- best valacc 29.34

Started EPOCH:12
[TRAIN] E: [12][ 0/45]	Loss 1.9177e+00 (1.9177e+00)	Acc@1  35.10 ( 35.10)	Acc@5  66.10 ( 66.10)
[TRAIN] E: [12][44/45]	Loss 1.8862e+00 (1.9789e+00)	Acc@1  37.60 ( 36.80)	Acc@5  68.80 ( 67.43)
[EVAL] E: [12][0/5]	Loss 3.0704e+00 (3.0704e+00)	Acc@1  29.20 ( 29.20)	Acc@5  57.70 ( 57.70)
[EVAL] E: [12][4/5]	Loss 3.1415e+00 (3.2174e+00)	Acc@1  28.30 ( 27.16)	Acc@5  57.20 ( 55.58)
		 Valid eval after epoch: loss:3.2174	latest_acc:27.16	LR:0.08 -- best valacc 29.34

Started EPOCH:13
[TRAIN] E: [13][ 0/45]	Loss 1.9481e+00 (1.9481e+00)	Acc@1  36.30 ( 36.30)	Acc@5  65.10 ( 65.10)
[TRAIN] E: [13][44/45]	Loss 2.0168e+00 (1.9569e+00)	Acc@1  34.30 ( 36.91)	Acc@5  62.90 ( 67.33)
[EVAL] E: [13][0/5]	Loss 2.8314e+00 (2.8314e+00)	Acc@1  31.90 ( 31.90)	Acc@5  61.30 ( 61.30)
[EVAL] E: [13][4/5]	Loss 2.9747e+00 (2.9889e+00)	Acc@1  31.20 ( 30.44)	Acc@5  55.90 ( 58.16)
		 Valid eval after epoch: loss:2.9889	latest_acc:30.44	LR:0.08 -- best valacc 30.44

Started EPOCH:14
[TRAIN] E: [14][ 0/45]	Loss 2.0152e+00 (2.0152e+00)	Acc@1  36.70 ( 36.70)	Acc@5  67.40 ( 67.40)
[TRAIN] E: [14][44/45]	Loss 1.9986e+00 (1.9483e+00)	Acc@1  35.90 ( 37.09)	Acc@5  66.80 ( 67.41)
[EVAL] E: [14][0/5]	Loss 3.0532e+00 (3.0532e+00)	Acc@1  28.10 ( 28.10)	Acc@5  59.30 ( 59.30)
[EVAL] E: [14][4/5]	Loss 3.0936e+00 (3.1371e+00)	Acc@1  27.40 ( 27.42)	Acc@5  55.70 ( 57.30)
		 Valid eval after epoch: loss:3.1371	latest_acc:27.42	LR:0.08 -- best valacc 30.44

Started EPOCH:15
[TRAIN] E: [15][ 0/45]	Loss 1.9690e+00 (1.9690e+00)	Acc@1  40.00 ( 40.00)	Acc@5  67.10 ( 67.10)
[TRAIN] E: [15][44/45]	Loss 2.0050e+00 (1.9349e+00)	Acc@1  38.00 ( 37.49)	Acc@5  68.70 ( 67.57)
[EVAL] E: [15][0/5]	Loss 3.1176e+00 (3.1176e+00)	Acc@1  27.20 ( 27.20)	Acc@5  59.10 ( 59.10)
[EVAL] E: [15][4/5]	Loss 3.1893e+00 (3.1527e+00)	Acc@1  27.60 ( 28.16)	Acc@5  55.60 ( 56.56)
		 Valid eval after epoch: loss:3.1527	latest_acc:28.16	LR:0.08 -- best valacc 30.44

Started EPOCH:16
[TRAIN] E: [16][ 0/45]	Loss 1.9727e+00 (1.9727e+00)	Acc@1  38.90 ( 38.90)	Acc@5  68.70 ( 68.70)
[TRAIN] E: [16][44/45]	Loss 1.9183e+00 (1.9148e+00)	Acc@1  38.20 ( 37.52)	Acc@5  66.60 ( 67.83)
[EVAL] E: [16][0/5]	Loss 2.9891e+00 (2.9891e+00)	Acc@1  29.10 ( 29.10)	Acc@5  57.00 ( 57.00)
[EVAL] E: [16][4/5]	Loss 2.9127e+00 (3.0134e+00)	Acc@1  30.60 ( 29.40)	Acc@5  60.90 ( 58.78)
		 Valid eval after epoch: loss:3.0134	latest_acc:29.40	LR:0.07 -- best valacc 30.44

Started EPOCH:17
[TRAIN] E: [17][ 0/45]	Loss 1.8726e+00 (1.8726e+00)	Acc@1  37.40 ( 37.40)	Acc@5  67.90 ( 67.90)
[TRAIN] E: [17][44/45]	Loss 1.9775e+00 (1.9301e+00)	Acc@1  36.50 ( 37.50)	Acc@5  68.00 ( 67.52)
[EVAL] E: [17][0/5]	Loss 2.9405e+00 (2.9405e+00)	Acc@1  29.20 ( 29.20)	Acc@5  58.70 ( 58.70)
[EVAL] E: [17][4/5]	Loss 2.9130e+00 (2.9358e+00)	Acc@1  31.60 ( 29.90)	Acc@5  60.30 ( 59.26)
		 Valid eval after epoch: loss:2.9358	latest_acc:29.90	LR:0.07 -- best valacc 30.44

Started EPOCH:18
[TRAIN] E: [18][ 0/45]	Loss 1.8328e+00 (1.8328e+00)	Acc@1  37.30 ( 37.30)	Acc@5  68.30 ( 68.30)
[TRAIN] E: [18][44/45]	Loss 1.9013e+00 (1.9025e+00)	Acc@1  36.90 ( 37.45)	Acc@5  69.80 ( 67.93)
[EVAL] E: [18][0/5]	Loss 2.9513e+00 (2.9513e+00)	Acc@1  30.70 ( 30.70)	Acc@5  60.00 ( 60.00)
[EVAL] E: [18][4/5]	Loss 2.9448e+00 (2.9874e+00)	Acc@1  30.60 ( 30.26)	Acc@5  59.80 ( 59.22)
		 Valid eval after epoch: loss:2.9874	latest_acc:30.26	LR:0.07 -- best valacc 30.44

Started EPOCH:19
[TRAIN] E: [19][ 0/45]	Loss 1.8691e+00 (1.8691e+00)	Acc@1  36.60 ( 36.60)	Acc@5  67.00 ( 67.00)
[TRAIN] E: [19][44/45]	Loss 1.9463e+00 (1.8923e+00)	Acc@1  37.10 ( 37.89)	Acc@5  64.50 ( 67.83)
[EVAL] E: [19][0/5]	Loss 2.7967e+00 (2.7967e+00)	Acc@1  30.90 ( 30.90)	Acc@5  62.20 ( 62.20)
[EVAL] E: [19][4/5]	Loss 2.7196e+00 (2.7877e+00)	Acc@1  32.90 ( 31.24)	Acc@5  64.10 ( 62.18)
		 Valid eval after epoch: loss:2.7877	latest_acc:31.24	LR:0.07 -- best valacc 31.24

Started EPOCH:20
[TRAIN] E: [20][ 0/45]	Loss 1.9188e+00 (1.9188e+00)	Acc@1  39.30 ( 39.30)	Acc@5  67.70 ( 67.70)
[TRAIN] E: [20][44/45]	Loss 1.9035e+00 (1.8774e+00)	Acc@1  37.90 ( 38.10)	Acc@5  68.30 ( 68.28)
[EVAL] E: [20][0/5]	Loss 2.6331e+00 (2.6331e+00)	Acc@1  35.40 ( 35.40)	Acc@5  65.40 ( 65.40)
[EVAL] E: [20][4/5]	Loss 2.6185e+00 (2.6507e+00)	Acc@1  34.00 ( 35.08)	Acc@5  64.20 ( 64.08)
		 Valid eval after epoch: loss:2.6507	latest_acc:35.08	LR:0.06 -- best valacc 35.08

Started EPOCH:21
[TRAIN] E: [21][ 0/45]	Loss 1.8184e+00 (1.8184e+00)	Acc@1  35.60 ( 35.60)	Acc@5  63.50 ( 63.50)
[TRAIN] E: [21][44/45]	Loss 1.9182e+00 (1.8616e+00)	Acc@1  39.80 ( 38.33)	Acc@5  69.20 ( 68.57)
[EVAL] E: [21][0/5]	Loss 2.7610e+00 (2.7610e+00)	Acc@1  32.70 ( 32.70)	Acc@5  62.40 ( 62.40)
[EVAL] E: [21][4/5]	Loss 2.7610e+00 (2.7707e+00)	Acc@1  33.40 ( 32.70)	Acc@5  61.80 ( 61.64)
		 Valid eval after epoch: loss:2.7707	latest_acc:32.70	LR:0.06 -- best valacc 35.08

Started EPOCH:22
[TRAIN] E: [22][ 0/45]	Loss 1.8017e+00 (1.8017e+00)	Acc@1  37.80 ( 37.80)	Acc@5  68.50 ( 68.50)
[TRAIN] E: [22][44/45]	Loss 1.8865e+00 (1.8452e+00)	Acc@1  38.20 ( 38.27)	Acc@5  67.60 ( 68.58)
[EVAL] E: [22][0/5]	Loss 2.6951e+00 (2.6951e+00)	Acc@1  34.10 ( 34.10)	Acc@5  62.50 ( 62.50)
[EVAL] E: [22][4/5]	Loss 2.6866e+00 (2.7492e+00)	Acc@1  33.20 ( 32.74)	Acc@5  62.70 ( 62.04)
		 Valid eval after epoch: loss:2.7492	latest_acc:32.74	LR:0.06 -- best valacc 35.08

Started EPOCH:23
[TRAIN] E: [23][ 0/45]	Loss 1.8709e+00 (1.8709e+00)	Acc@1  38.90 ( 38.90)	Acc@5  67.90 ( 67.90)
[TRAIN] E: [23][44/45]	Loss 1.7874e+00 (1.8329e+00)	Acc@1  36.80 ( 38.13)	Acc@5  68.40 ( 68.38)
[EVAL] E: [23][0/5]	Loss 2.9159e+00 (2.9159e+00)	Acc@1  28.80 ( 28.80)	Acc@5  61.00 ( 61.00)
[EVAL] E: [23][4/5]	Loss 2.9286e+00 (2.9828e+00)	Acc@1  32.50 ( 29.72)	Acc@5  59.70 ( 58.86)
		 Valid eval after epoch: loss:2.9828	latest_acc:29.72	LR:0.05 -- best valacc 35.08

Started EPOCH:24
[TRAIN] E: [24][ 0/45]	Loss 1.8435e+00 (1.8435e+00)	Acc@1  37.90 ( 37.90)	Acc@5  67.90 ( 67.90)
[TRAIN] E: [24][44/45]	Loss 1.8190e+00 (1.8235e+00)	Acc@1  37.20 ( 38.79)	Acc@5  70.10 ( 69.02)
[EVAL] E: [24][0/5]	Loss 2.9505e+00 (2.9505e+00)	Acc@1  30.90 ( 30.90)	Acc@5  59.50 ( 59.50)
[EVAL] E: [24][4/5]	Loss 2.9480e+00 (2.9999e+00)	Acc@1  30.90 ( 30.54)	Acc@5  58.40 ( 58.52)
		 Valid eval after epoch: loss:2.9999	latest_acc:30.54	LR:0.05 -- best valacc 35.08

Started EPOCH:25
[TRAIN] E: [25][ 0/45]	Loss 1.8615e+00 (1.8615e+00)	Acc@1  39.40 ( 39.40)	Acc@5  68.80 ( 68.80)
[TRAIN] E: [25][44/45]	Loss 1.7969e+00 (1.8135e+00)	Acc@1  40.80 ( 39.04)	Acc@5  69.30 ( 69.32)
[EVAL] E: [25][0/5]	Loss 2.6634e+00 (2.6634e+00)	Acc@1  33.40 ( 33.40)	Acc@5  64.60 ( 64.60)
[EVAL] E: [25][4/5]	Loss 2.5299e+00 (2.6278e+00)	Acc@1  36.00 ( 34.40)	Acc@5  66.80 ( 65.60)
		 Valid eval after epoch: loss:2.6278	latest_acc:34.40	LR:0.05 -- best valacc 35.08

Started EPOCH:26
[TRAIN] E: [26][ 0/45]	Loss 1.7318e+00 (1.7318e+00)	Acc@1  39.50 ( 39.50)	Acc@5  68.70 ( 68.70)
[TRAIN] E: [26][44/45]	Loss 1.9252e+00 (1.8000e+00)	Acc@1  37.90 ( 38.81)	Acc@5  71.30 ( 69.46)
[EVAL] E: [26][0/5]	Loss 2.7059e+00 (2.7059e+00)	Acc@1  34.60 ( 34.60)	Acc@5  66.00 ( 66.00)
[EVAL] E: [26][4/5]	Loss 2.7961e+00 (2.8009e+00)	Acc@1  34.30 ( 33.18)	Acc@5  62.60 ( 62.60)
		 Valid eval after epoch: loss:2.8009	latest_acc:33.18	LR:0.04 -- best valacc 35.08

Started EPOCH:27
[TRAIN] E: [27][ 0/45]	Loss 1.7723e+00 (1.7723e+00)	Acc@1  38.40 ( 38.40)	Acc@5  69.60 ( 69.60)
[TRAIN] E: [27][44/45]	Loss 1.7683e+00 (1.7974e+00)	Acc@1  38.90 ( 38.93)	Acc@5  68.80 ( 69.30)
[EVAL] E: [27][0/5]	Loss 2.7197e+00 (2.7197e+00)	Acc@1  31.80 ( 31.80)	Acc@5  62.50 ( 62.50)
[EVAL] E: [27][4/5]	Loss 2.7642e+00 (2.7897e+00)	Acc@1  32.30 ( 31.94)	Acc@5  60.00 ( 61.08)
		 Valid eval after epoch: loss:2.7897	latest_acc:31.94	LR:0.04 -- best valacc 35.08

Started EPOCH:28
[TRAIN] E: [28][ 0/45]	Loss 1.7199e+00 (1.7199e+00)	Acc@1  38.20 ( 38.20)	Acc@5  69.20 ( 69.20)
[TRAIN] E: [28][44/45]	Loss 1.7375e+00 (1.7790e+00)	Acc@1  38.10 ( 39.00)	Acc@5  69.30 ( 69.36)
[EVAL] E: [28][0/5]	Loss 2.7057e+00 (2.7057e+00)	Acc@1  34.50 ( 34.50)	Acc@5  62.50 ( 62.50)
[EVAL] E: [28][4/5]	Loss 2.6282e+00 (2.7485e+00)	Acc@1  34.50 ( 33.24)	Acc@5  64.50 ( 62.94)
		 Valid eval after epoch: loss:2.7485	latest_acc:33.24	LR:0.04 -- best valacc 35.08

Started EPOCH:29
[TRAIN] E: [29][ 0/45]	Loss 1.8654e+00 (1.8654e+00)	Acc@1  38.20 ( 38.20)	Acc@5  68.50 ( 68.50)
[TRAIN] E: [29][44/45]	Loss 1.7511e+00 (1.7644e+00)	Acc@1  40.00 ( 39.51)	Acc@5  68.30 ( 69.61)
[EVAL] E: [29][0/5]	Loss 2.6066e+00 (2.6066e+00)	Acc@1  37.10 ( 37.10)	Acc@5  66.30 ( 66.30)
[EVAL] E: [29][4/5]	Loss 2.5528e+00 (2.6401e+00)	Acc@1  37.50 ( 35.46)	Acc@5  67.00 ( 65.36)
		 Valid eval after epoch: loss:2.6401	latest_acc:35.46	LR:0.03 -- best valacc 35.46

Started EPOCH:30
[TRAIN] E: [30][ 0/45]	Loss 1.7219e+00 (1.7219e+00)	Acc@1  38.50 ( 38.50)	Acc@5  70.10 ( 70.10)
[TRAIN] E: [30][44/45]	Loss 1.7755e+00 (1.7599e+00)	Acc@1  38.30 ( 39.35)	Acc@5  69.10 ( 69.71)
[EVAL] E: [30][0/5]	Loss 2.4693e+00 (2.4693e+00)	Acc@1  37.80 ( 37.80)	Acc@5  67.80 ( 67.80)
[EVAL] E: [30][4/5]	Loss 2.4787e+00 (2.5108e+00)	Acc@1  37.00 ( 36.70)	Acc@5  67.70 ( 67.14)
		 Valid eval after epoch: loss:2.5108	latest_acc:36.70	LR:0.03 -- best valacc 36.70

Started EPOCH:31
[TRAIN] E: [31][ 0/45]	Loss 1.7510e+00 (1.7510e+00)	Acc@1  37.50 ( 37.50)	Acc@5  67.90 ( 67.90)
[TRAIN] E: [31][44/45]	Loss 1.7856e+00 (1.7446e+00)	Acc@1  38.80 ( 39.42)	Acc@5  68.10 ( 69.59)
[EVAL] E: [31][0/5]	Loss 2.5629e+00 (2.5629e+00)	Acc@1  35.10 ( 35.10)	Acc@5  65.80 ( 65.80)
[EVAL] E: [31][4/5]	Loss 2.4825e+00 (2.5300e+00)	Acc@1  35.80 ( 36.04)	Acc@5  66.40 ( 66.34)
		 Valid eval after epoch: loss:2.5300	latest_acc:36.04	LR:0.03 -- best valacc 36.70

Started EPOCH:32
[TRAIN] E: [32][ 0/45]	Loss 1.7742e+00 (1.7742e+00)	Acc@1  37.60 ( 37.60)	Acc@5  66.90 ( 66.90)
[TRAIN] E: [32][44/45]	Loss 1.7079e+00 (1.7299e+00)	Acc@1  39.50 ( 39.36)	Acc@5  69.90 ( 69.42)
[EVAL] E: [32][0/5]	Loss 2.5693e+00 (2.5693e+00)	Acc@1  36.10 ( 36.10)	Acc@5  66.80 ( 66.80)
[EVAL] E: [32][4/5]	Loss 2.4496e+00 (2.5625e+00)	Acc@1  38.10 ( 36.46)	Acc@5  66.70 ( 66.48)
		 Valid eval after epoch: loss:2.5625	latest_acc:36.46	LR:0.03 -- best valacc 36.70

Started EPOCH:33
[TRAIN] E: [33][ 0/45]	Loss 1.7564e+00 (1.7564e+00)	Acc@1  40.10 ( 40.10)	Acc@5  71.80 ( 71.80)
[TRAIN] E: [33][44/45]	Loss 1.7265e+00 (1.7304e+00)	Acc@1  36.50 ( 40.13)	Acc@5  68.30 ( 69.93)
[EVAL] E: [33][0/5]	Loss 2.3676e+00 (2.3676e+00)	Acc@1  38.20 ( 38.20)	Acc@5  69.40 ( 69.40)
[EVAL] E: [33][4/5]	Loss 2.3438e+00 (2.4720e+00)	Acc@1  41.10 ( 37.74)	Acc@5  69.20 ( 67.54)
		 Valid eval after epoch: loss:2.4720	latest_acc:37.74	LR:0.02 -- best valacc 37.74

Started EPOCH:34
[TRAIN] E: [34][ 0/45]	Loss 1.6216e+00 (1.6216e+00)	Acc@1  41.30 ( 41.30)	Acc@5  69.70 ( 69.70)
[TRAIN] E: [34][44/45]	Loss 1.6797e+00 (1.7159e+00)	Acc@1  38.10 ( 40.00)	Acc@5  68.30 ( 70.14)
[EVAL] E: [34][0/5]	Loss 2.5042e+00 (2.5042e+00)	Acc@1  38.50 ( 38.50)	Acc@5  67.90 ( 67.90)
[EVAL] E: [34][4/5]	Loss 2.6064e+00 (2.6158e+00)	Acc@1  36.20 ( 35.54)	Acc@5  63.90 ( 65.12)
		 Valid eval after epoch: loss:2.6158	latest_acc:35.54	LR:0.02 -- best valacc 37.74

Started EPOCH:35
[TRAIN] E: [35][ 0/45]	Loss 1.7175e+00 (1.7175e+00)	Acc@1  41.60 ( 41.60)	Acc@5  72.20 ( 72.20)
[TRAIN] E: [35][44/45]	Loss 1.6484e+00 (1.7058e+00)	Acc@1  39.00 ( 40.39)	Acc@5  71.30 ( 70.41)
[EVAL] E: [35][0/5]	Loss 2.5140e+00 (2.5140e+00)	Acc@1  36.40 ( 36.40)	Acc@5  66.60 ( 66.60)
[EVAL] E: [35][4/5]	Loss 2.4979e+00 (2.5042e+00)	Acc@1  37.80 ( 37.14)	Acc@5  67.30 ( 66.28)
		 Valid eval after epoch: loss:2.5042	latest_acc:37.14	LR:0.02 -- best valacc 37.74

Started EPOCH:36
[TRAIN] E: [36][ 0/45]	Loss 1.6613e+00 (1.6613e+00)	Acc@1  38.10 ( 38.10)	Acc@5  70.40 ( 70.40)
[TRAIN] E: [36][44/45]	Loss 1.6677e+00 (1.6888e+00)	Acc@1  38.80 ( 40.17)	Acc@5  70.70 ( 70.68)
[EVAL] E: [36][0/5]	Loss 2.4433e+00 (2.4433e+00)	Acc@1  38.90 ( 38.90)	Acc@5  67.10 ( 67.10)
[EVAL] E: [36][4/5]	Loss 2.3560e+00 (2.4286e+00)	Acc@1  38.80 ( 38.38)	Acc@5  70.20 ( 69.02)
		 Valid eval after epoch: loss:2.4286	latest_acc:38.38	LR:0.02 -- best valacc 38.38

Started EPOCH:37
[TRAIN] E: [37][ 0/45]	Loss 1.7005e+00 (1.7005e+00)	Acc@1  41.10 ( 41.10)	Acc@5  70.00 ( 70.00)
[TRAIN] E: [37][44/45]	Loss 1.7202e+00 (1.6812e+00)	Acc@1  41.00 ( 40.45)	Acc@5  72.50 ( 70.26)
[EVAL] E: [37][0/5]	Loss 2.4812e+00 (2.4812e+00)	Acc@1  37.60 ( 37.60)	Acc@5  67.80 ( 67.80)
[EVAL] E: [37][4/5]	Loss 2.4615e+00 (2.4716e+00)	Acc@1  38.70 ( 38.28)	Acc@5  68.80 ( 68.28)
		 Valid eval after epoch: loss:2.4716	latest_acc:38.28	LR:0.01 -- best valacc 38.38

Started EPOCH:38
[TRAIN] E: [38][ 0/45]	Loss 1.6549e+00 (1.6549e+00)	Acc@1  41.20 ( 41.20)	Acc@5  71.30 ( 71.30)
[TRAIN] E: [38][44/45]	Loss 1.6720e+00 (1.6679e+00)	Acc@1  41.50 ( 40.40)	Acc@5  73.10 ( 70.24)
[EVAL] E: [38][0/5]	Loss 2.3081e+00 (2.3081e+00)	Acc@1  39.90 ( 39.90)	Acc@5  72.60 ( 72.60)
[EVAL] E: [38][4/5]	Loss 2.4381e+00 (2.4081e+00)	Acc@1  39.70 ( 38.84)	Acc@5  67.70 ( 69.74)
		 Valid eval after epoch: loss:2.4081	latest_acc:38.84	LR:0.01 -- best valacc 38.84

Started EPOCH:39
[TRAIN] E: [39][ 0/45]	Loss 1.6252e+00 (1.6252e+00)	Acc@1  41.00 ( 41.00)	Acc@5  71.10 ( 71.10)
[TRAIN] E: [39][44/45]	Loss 1.6247e+00 (1.6647e+00)	Acc@1  44.50 ( 40.87)	Acc@5  74.20 ( 70.59)
[EVAL] E: [39][0/5]	Loss 2.4815e+00 (2.4815e+00)	Acc@1  35.60 ( 35.60)	Acc@5  67.60 ( 67.60)
[EVAL] E: [39][4/5]	Loss 2.3760e+00 (2.4601e+00)	Acc@1  39.40 ( 37.44)	Acc@5  69.90 ( 67.64)
		 Valid eval after epoch: loss:2.4601	latest_acc:37.44	LR:0.01 -- best valacc 38.84

Started EPOCH:40
[TRAIN] E: [40][ 0/45]	Loss 1.6898e+00 (1.6898e+00)	Acc@1  41.00 ( 41.00)	Acc@5  70.50 ( 70.50)
[TRAIN] E: [40][44/45]	Loss 1.6825e+00 (1.6668e+00)	Acc@1  42.50 ( 40.56)	Acc@5  71.00 ( 70.80)
[EVAL] E: [40][0/5]	Loss 2.4206e+00 (2.4206e+00)	Acc@1  39.50 ( 39.50)	Acc@5  69.40 ( 69.40)
[EVAL] E: [40][4/5]	Loss 2.3337e+00 (2.4435e+00)	Acc@1  41.00 ( 38.78)	Acc@5  70.30 ( 68.58)
		 Valid eval after epoch: loss:2.4435	latest_acc:38.78	LR:0.01 -- best valacc 38.84

Started EPOCH:41
[TRAIN] E: [41][ 0/45]	Loss 1.6860e+00 (1.6860e+00)	Acc@1  41.20 ( 41.20)	Acc@5  72.80 ( 72.80)
[TRAIN] E: [41][44/45]	Loss 1.6702e+00 (1.6608e+00)	Acc@1  40.50 ( 40.84)	Acc@5  69.70 ( 70.64)
[EVAL] E: [41][0/5]	Loss 2.4564e+00 (2.4564e+00)	Acc@1  38.50 ( 38.50)	Acc@5  68.20 ( 68.20)
[EVAL] E: [41][4/5]	Loss 2.4498e+00 (2.5063e+00)	Acc@1  39.90 ( 37.54)	Acc@5  68.60 ( 67.72)
		 Valid eval after epoch: loss:2.5063	latest_acc:37.54	LR:0.01 -- best valacc 38.84

Started EPOCH:42
[TRAIN] E: [42][ 0/45]	Loss 1.6482e+00 (1.6482e+00)	Acc@1  41.90 ( 41.90)	Acc@5  71.60 ( 71.60)
[TRAIN] E: [42][44/45]	Loss 1.6258e+00 (1.6472e+00)	Acc@1  41.00 ( 40.63)	Acc@5  71.50 ( 70.81)
[EVAL] E: [42][0/5]	Loss 2.3104e+00 (2.3104e+00)	Acc@1  40.50 ( 40.50)	Acc@5  70.20 ( 70.20)
[EVAL] E: [42][4/5]	Loss 2.3294e+00 (2.3654e+00)	Acc@1  40.70 ( 39.86)	Acc@5  70.80 ( 69.90)
		 Valid eval after epoch: loss:2.3654	latest_acc:39.86	LR:0.00 -- best valacc 39.86

Started EPOCH:43
[TRAIN] E: [43][ 0/45]	Loss 1.6574e+00 (1.6574e+00)	Acc@1  42.00 ( 42.00)	Acc@5  69.50 ( 69.50)
[TRAIN] E: [43][44/45]	Loss 1.6376e+00 (1.6399e+00)	Acc@1  38.90 ( 40.90)	Acc@5  69.10 ( 70.90)
[EVAL] E: [43][0/5]	Loss 2.3159e+00 (2.3159e+00)	Acc@1  40.00 ( 40.00)	Acc@5  70.40 ( 70.40)
[EVAL] E: [43][4/5]	Loss 2.3469e+00 (2.4246e+00)	Acc@1  41.00 ( 39.32)	Acc@5  69.50 ( 68.66)
		 Valid eval after epoch: loss:2.4246	latest_acc:39.32	LR:0.00 -- best valacc 39.86

Started EPOCH:44
[TRAIN] E: [44][ 0/45]	Loss 1.6560e+00 (1.6560e+00)	Acc@1  41.60 ( 41.60)	Acc@5  70.90 ( 70.90)
[TRAIN] E: [44][44/45]	Loss 1.6439e+00 (1.6427e+00)	Acc@1  39.70 ( 40.96)	Acc@5  69.50 ( 71.42)
[EVAL] E: [44][0/5]	Loss 2.3334e+00 (2.3334e+00)	Acc@1  39.30 ( 39.30)	Acc@5  71.40 ( 71.40)
[EVAL] E: [44][4/5]	Loss 2.2958e+00 (2.3951e+00)	Acc@1  42.50 ( 39.18)	Acc@5  69.70 ( 69.50)
		 Valid eval after epoch: loss:2.3951	latest_acc:39.18	LR:0.00 -- best valacc 39.86

Started EPOCH:45
[TRAIN] E: [45][ 0/45]	Loss 1.6203e+00 (1.6203e+00)	Acc@1  42.00 ( 42.00)	Acc@5  72.00 ( 72.00)
[TRAIN] E: [45][44/45]	Loss 1.5748e+00 (1.6312e+00)	Acc@1  40.40 ( 41.01)	Acc@5  72.00 ( 71.14)
[EVAL] E: [45][0/5]	Loss 2.3990e+00 (2.3990e+00)	Acc@1  38.50 ( 38.50)	Acc@5  70.20 ( 70.20)
[EVAL] E: [45][4/5]	Loss 2.4209e+00 (2.4302e+00)	Acc@1  39.30 ( 39.14)	Acc@5  67.80 ( 68.46)
		 Valid eval after epoch: loss:2.4302	latest_acc:39.14	LR:0.00 -- best valacc 39.86

Started EPOCH:46
[TRAIN] E: [46][ 0/45]	Loss 1.6627e+00 (1.6627e+00)	Acc@1  40.50 ( 40.50)	Acc@5  71.60 ( 71.60)
[TRAIN] E: [46][44/45]	Loss 1.6070e+00 (1.6315e+00)	Acc@1  40.80 ( 41.23)	Acc@5  71.50 ( 71.20)
[EVAL] E: [46][0/5]	Loss 2.3512e+00 (2.3512e+00)	Acc@1  39.00 ( 39.00)	Acc@5  70.00 ( 70.00)
[EVAL] E: [46][4/5]	Loss 2.3417e+00 (2.3883e+00)	Acc@1  41.40 ( 39.60)	Acc@5  69.80 ( 69.16)
		 Valid eval after epoch: loss:2.3883	latest_acc:39.60	LR:0.00 -- best valacc 39.86

Started EPOCH:47
[TRAIN] E: [47][ 0/45]	Loss 1.5677e+00 (1.5677e+00)	Acc@1  40.80 ( 40.80)	Acc@5  72.40 ( 72.40)
[TRAIN] E: [47][44/45]	Loss 1.6597e+00 (1.6247e+00)	Acc@1  39.90 ( 40.96)	Acc@5  70.80 ( 71.05)
[EVAL] E: [47][0/5]	Loss 2.3425e+00 (2.3425e+00)	Acc@1  39.10 ( 39.10)	Acc@5  71.50 ( 71.50)
[EVAL] E: [47][4/5]	Loss 2.2861e+00 (2.3551e+00)	Acc@1  40.30 ( 39.64)	Acc@5  71.20 ( 70.24)
		 Valid eval after epoch: loss:2.3551	latest_acc:39.64	LR:0.00 -- best valacc 39.86

Started EPOCH:48
[TRAIN] E: [48][ 0/45]	Loss 1.6202e+00 (1.6202e+00)	Acc@1  38.10 ( 38.10)	Acc@5  67.40 ( 67.40)
[TRAIN] E: [48][44/45]	Loss 1.5540e+00 (1.6261e+00)	Acc@1  41.00 ( 41.16)	Acc@5  71.30 ( 71.07)
[EVAL] E: [48][0/5]	Loss 2.3392e+00 (2.3392e+00)	Acc@1  41.70 ( 41.70)	Acc@5  68.30 ( 68.30)
[EVAL] E: [48][4/5]	Loss 2.2742e+00 (2.3570e+00)	Acc@1  41.50 ( 40.00)	Acc@5  71.30 ( 69.36)
		 Valid eval after epoch: loss:2.3570	latest_acc:40.00	LR:0.00 -- best valacc 40.00

Started EPOCH:49
[TRAIN] E: [49][ 0/45]	Loss 1.6001e+00 (1.6001e+00)	Acc@1  40.80 ( 40.80)	Acc@5  70.90 ( 70.90)
[TRAIN] E: [49][44/45]	Loss 1.6440e+00 (1.6263e+00)	Acc@1  42.50 ( 41.18)	Acc@5  71.40 ( 70.99)
[EVAL] E: [49][0/5]	Loss 2.3167e+00 (2.3167e+00)	Acc@1  40.50 ( 40.50)	Acc@5  68.60 ( 68.60)
[EVAL] E: [49][4/5]	Loss 2.3718e+00 (2.3942e+00)	Acc@1  41.40 ( 39.62)	Acc@5  68.80 ( 68.24)
		 Valid eval after epoch: loss:2.3942	latest_acc:39.62	LR:0.00 -- best valacc 40.00

Started EPOCH:50
[TRAIN] E: [50][ 0/45]	Loss 1.6286e+00 (1.6286e+00)	Acc@1  40.90 ( 40.90)	Acc@5  72.00 ( 72.00)
[TRAIN] E: [50][44/45]	Loss 1.6486e+00 (1.6255e+00)	Acc@1  43.40 ( 40.94)	Acc@5  75.10 ( 70.93)
[EVAL] E: [50][0/5]	Loss 2.3642e+00 (2.3642e+00)	Acc@1  39.70 ( 39.70)	Acc@5  69.30 ( 69.30)
[EVAL] E: [50][4/5]	Loss 2.3718e+00 (2.3947e+00)	Acc@1  41.40 ( 39.64)	Acc@5  70.30 ( 69.60)
		 Valid eval after epoch: loss:2.3947	latest_acc:39.64	LR:0.00 -- best valacc 40.00

Started EPOCH:51
[TRAIN] E: [51][ 0/45]	Loss 1.5941e+00 (1.5941e+00)	Acc@1  41.90 ( 41.90)	Acc@5  72.40 ( 72.40)
[TRAIN] E: [51][44/45]	Loss 1.6011e+00 (1.6212e+00)	Acc@1  40.50 ( 41.08)	Acc@5  70.40 ( 71.07)
[EVAL] E: [51][0/5]	Loss 2.4098e+00 (2.4098e+00)	Acc@1  38.30 ( 38.30)	Acc@5  69.40 ( 69.40)
[EVAL] E: [51][4/5]	Loss 2.3645e+00 (2.3760e+00)	Acc@1  42.70 ( 39.94)	Acc@5  69.60 ( 69.86)
		 Valid eval after epoch: loss:2.3760	latest_acc:39.94	LR:0.00 -- best valacc 40.00

Started EPOCH:52
[TRAIN] E: [52][ 0/45]	Loss 1.6089e+00 (1.6089e+00)	Acc@1  41.20 ( 41.20)	Acc@5  71.50 ( 71.50)
[TRAIN] E: [52][44/45]	Loss 1.6051e+00 (1.6227e+00)	Acc@1  41.60 ( 40.99)	Acc@5  72.60 ( 71.12)
[EVAL] E: [52][0/5]	Loss 2.4252e+00 (2.4252e+00)	Acc@1  38.40 ( 38.40)	Acc@5  67.70 ( 67.70)
[EVAL] E: [52][4/5]	Loss 2.3070e+00 (2.3791e+00)	Acc@1  41.40 ( 39.96)	Acc@5  71.50 ( 69.26)
		 Valid eval after epoch: loss:2.3791	latest_acc:39.96	LR:0.00 -- best valacc 40.00

Started EPOCH:53
[TRAIN] E: [53][ 0/45]	Loss 1.6260e+00 (1.6260e+00)	Acc@1  41.60 ( 41.60)	Acc@5  70.30 ( 70.30)
[TRAIN] E: [53][44/45]	Loss 1.6103e+00 (1.6251e+00)	Acc@1  42.50 ( 41.14)	Acc@5  72.10 ( 70.86)
[EVAL] E: [53][0/5]	Loss 2.3342e+00 (2.3342e+00)	Acc@1  41.60 ( 41.60)	Acc@5  70.10 ( 70.10)
[EVAL] E: [53][4/5]	Loss 2.3551e+00 (2.3668e+00)	Acc@1  40.90 ( 40.46)	Acc@5  70.50 ( 69.66)
		 Valid eval after epoch: loss:2.3668	latest_acc:40.46	LR:0.00 -- best valacc 40.46

Started EPOCH:54
[TRAIN] E: [54][ 0/45]	Loss 1.6405e+00 (1.6405e+00)	Acc@1  41.70 ( 41.70)	Acc@5  69.10 ( 69.10)
[TRAIN] E: [54][44/45]	Loss 1.6687e+00 (1.6277e+00)	Acc@1  40.90 ( 41.24)	Acc@5  70.60 ( 71.28)
[EVAL] E: [54][0/5]	Loss 2.3862e+00 (2.3862e+00)	Acc@1  39.90 ( 39.90)	Acc@5  68.70 ( 68.70)
[EVAL] E: [54][4/5]	Loss 2.3190e+00 (2.3710e+00)	Acc@1  41.00 ( 39.74)	Acc@5  70.90 ( 69.74)
		 Valid eval after epoch: loss:2.3710	latest_acc:39.74	LR:0.00 -- best valacc 40.46

Started EPOCH:55
[TRAIN] E: [55][ 0/45]	Loss 1.6357e+00 (1.6357e+00)	Acc@1  39.60 ( 39.60)	Acc@5  71.00 ( 71.00)
[TRAIN] E: [55][44/45]	Loss 1.6820e+00 (1.6318e+00)	Acc@1  39.00 ( 40.77)	Acc@5  71.20 ( 70.97)
[EVAL] E: [55][0/5]	Loss 2.3343e+00 (2.3343e+00)	Acc@1  39.30 ( 39.30)	Acc@5  69.50 ( 69.50)
[EVAL] E: [55][4/5]	Loss 2.3044e+00 (2.3672e+00)	Acc@1  42.30 ( 39.52)	Acc@5  70.50 ( 69.30)
		 Valid eval after epoch: loss:2.3672	latest_acc:39.52	LR:0.00 -- best valacc 40.46

Started EPOCH:56
[TRAIN] E: [56][ 0/45]	Loss 1.6432e+00 (1.6432e+00)	Acc@1  38.60 ( 38.60)	Acc@5  70.50 ( 70.50)
[TRAIN] E: [56][44/45]	Loss 1.6369e+00 (1.6284e+00)	Acc@1  40.30 ( 40.90)	Acc@5  70.90 ( 71.00)
[EVAL] E: [56][0/5]	Loss 2.5496e+00 (2.5496e+00)	Acc@1  36.50 ( 36.50)	Acc@5  65.10 ( 65.10)
[EVAL] E: [56][4/5]	Loss 2.3747e+00 (2.4680e+00)	Acc@1  40.30 ( 37.54)	Acc@5  67.50 ( 67.12)
		 Valid eval after epoch: loss:2.4680	latest_acc:37.54	LR:0.00 -- best valacc 40.46

Started EPOCH:57
[TRAIN] E: [57][ 0/45]	Loss 1.6708e+00 (1.6708e+00)	Acc@1  39.60 ( 39.60)	Acc@5  72.30 ( 72.30)
[TRAIN] E: [57][44/45]	Loss 1.6383e+00 (1.6366e+00)	Acc@1  40.50 ( 40.85)	Acc@5  71.20 ( 71.16)
[EVAL] E: [57][0/5]	Loss 2.3454e+00 (2.3454e+00)	Acc@1  41.80 ( 41.80)	Acc@5  70.70 ( 70.70)
[EVAL] E: [57][4/5]	Loss 2.3584e+00 (2.4132e+00)	Acc@1  39.90 ( 39.34)	Acc@5  69.40 ( 68.90)
		 Valid eval after epoch: loss:2.4132	latest_acc:39.34	LR:0.01 -- best valacc 40.46

Started EPOCH:58
[TRAIN] E: [58][ 0/45]	Loss 1.7236e+00 (1.7236e+00)	Acc@1  39.00 ( 39.00)	Acc@5  70.80 ( 70.80)
[TRAIN] E: [58][44/45]	Loss 1.6105e+00 (1.6415e+00)	Acc@1  42.60 ( 41.01)	Acc@5  71.20 ( 70.90)
[EVAL] E: [58][0/5]	Loss 2.3947e+00 (2.3947e+00)	Acc@1  38.50 ( 38.50)	Acc@5  68.80 ( 68.80)
[EVAL] E: [58][4/5]	Loss 2.3445e+00 (2.4190e+00)	Acc@1  40.60 ( 38.96)	Acc@5  69.90 ( 68.24)
		 Valid eval after epoch: loss:2.4190	latest_acc:38.96	LR:0.01 -- best valacc 40.46

Started EPOCH:59
[TRAIN] E: [59][ 0/45]	Loss 1.6635e+00 (1.6635e+00)	Acc@1  41.60 ( 41.60)	Acc@5  73.00 ( 73.00)
[TRAIN] E: [59][44/45]	Loss 1.6354e+00 (1.6390e+00)	Acc@1  40.90 ( 40.85)	Acc@5  69.60 ( 70.86)
[EVAL] E: [59][0/5]	Loss 2.3517e+00 (2.3517e+00)	Acc@1  39.60 ( 39.60)	Acc@5  69.90 ( 69.90)
[EVAL] E: [59][4/5]	Loss 2.4109e+00 (2.4191e+00)	Acc@1  39.30 ( 38.24)	Acc@5  69.70 ( 68.66)
		 Valid eval after epoch: loss:2.4191	latest_acc:38.24	LR:0.01 -- best valacc 40.46

Started EPOCH:60
[TRAIN] E: [60][ 0/45]	Loss 1.6476e+00 (1.6476e+00)	Acc@1  39.00 ( 39.00)	Acc@5  67.10 ( 67.10)
[TRAIN] E: [60][44/45]	Loss 1.6106e+00 (1.6507e+00)	Acc@1  40.10 ( 40.65)	Acc@5  70.60 ( 70.82)
[EVAL] E: [60][0/5]	Loss 2.4343e+00 (2.4343e+00)	Acc@1  38.00 ( 38.00)	Acc@5  68.10 ( 68.10)
[EVAL] E: [60][4/5]	Loss 2.4397e+00 (2.4496e+00)	Acc@1  38.60 ( 38.30)	Acc@5  68.70 ( 67.86)
		 Valid eval after epoch: loss:2.4496	latest_acc:38.30	LR:0.01 -- best valacc 40.46

Started EPOCH:61
[TRAIN] E: [61][ 0/45]	Loss 1.6674e+00 (1.6674e+00)	Acc@1  39.40 ( 39.40)	Acc@5  73.30 ( 73.30)
[TRAIN] E: [61][44/45]	Loss 1.6666e+00 (1.6524e+00)	Acc@1  41.20 ( 40.39)	Acc@5  71.50 ( 70.88)
[EVAL] E: [61][0/5]	Loss 2.5277e+00 (2.5277e+00)	Acc@1  34.70 ( 34.70)	Acc@5  67.20 ( 67.20)
[EVAL] E: [61][4/5]	Loss 2.5280e+00 (2.5333e+00)	Acc@1  36.90 ( 35.94)	Acc@5  66.20 ( 66.76)
		 Valid eval after epoch: loss:2.5333	latest_acc:35.94	LR:0.01 -- best valacc 40.46

Started EPOCH:62
[TRAIN] E: [62][ 0/45]	Loss 1.6620e+00 (1.6620e+00)	Acc@1  41.80 ( 41.80)	Acc@5  71.40 ( 71.40)
[TRAIN] E: [62][44/45]	Loss 1.6416e+00 (1.6590e+00)	Acc@1  40.90 ( 40.54)	Acc@5  69.00 ( 70.59)
[EVAL] E: [62][0/5]	Loss 2.5058e+00 (2.5058e+00)	Acc@1  37.90 ( 37.90)	Acc@5  67.30 ( 67.30)
[EVAL] E: [62][4/5]	Loss 2.4283e+00 (2.5536e+00)	Acc@1  39.40 ( 36.82)	Acc@5  68.20 ( 66.42)
		 Valid eval after epoch: loss:2.5536	latest_acc:36.82	LR:0.02 -- best valacc 40.46

Started EPOCH:63
[TRAIN] E: [63][ 0/45]	Loss 1.6814e+00 (1.6814e+00)	Acc@1  42.10 ( 42.10)	Acc@5  72.00 ( 72.00)
[TRAIN] E: [63][44/45]	Loss 1.6567e+00 (1.6629e+00)	Acc@1  40.80 ( 40.36)	Acc@5  69.30 ( 70.55)
[EVAL] E: [63][0/5]	Loss 2.5195e+00 (2.5195e+00)	Acc@1  36.00 ( 36.00)	Acc@5  66.30 ( 66.30)
[EVAL] E: [63][4/5]	Loss 2.4686e+00 (2.5339e+00)	Acc@1  38.30 ( 36.30)	Acc@5  66.80 ( 66.80)
		 Valid eval after epoch: loss:2.5339	latest_acc:36.30	LR:0.02 -- best valacc 40.46

Started EPOCH:64
[TRAIN] E: [64][ 0/45]	Loss 1.6690e+00 (1.6690e+00)	Acc@1  37.40 ( 37.40)	Acc@5  70.20 ( 70.20)
[TRAIN] E: [64][44/45]	Loss 1.6261e+00 (1.6712e+00)	Acc@1  39.90 ( 40.53)	Acc@5  71.40 ( 70.64)
[EVAL] E: [64][0/5]	Loss 2.4660e+00 (2.4660e+00)	Acc@1  37.50 ( 37.50)	Acc@5  68.50 ( 68.50)
[EVAL] E: [64][4/5]	Loss 2.4160e+00 (2.4470e+00)	Acc@1  39.40 ( 38.30)	Acc@5  69.80 ( 68.90)
		 Valid eval after epoch: loss:2.4470	latest_acc:38.30	LR:0.02 -- best valacc 40.46

Started EPOCH:65
[TRAIN] E: [65][ 0/45]	Loss 1.7552e+00 (1.7552e+00)	Acc@1  42.20 ( 42.20)	Acc@5  71.10 ( 71.10)
[TRAIN] E: [65][44/45]	Loss 1.7023e+00 (1.6836e+00)	Acc@1  44.90 ( 40.31)	Acc@5  72.70 ( 70.24)
[EVAL] E: [65][0/5]	Loss 2.4933e+00 (2.4933e+00)	Acc@1  38.30 ( 38.30)	Acc@5  65.60 ( 65.60)
[EVAL] E: [65][4/5]	Loss 2.5223e+00 (2.5098e+00)	Acc@1  35.30 ( 36.48)	Acc@5  65.80 ( 66.64)
		 Valid eval after epoch: loss:2.5098	latest_acc:36.48	LR:0.02 -- best valacc 40.46

Started EPOCH:66
[TRAIN] E: [66][ 0/45]	Loss 1.7170e+00 (1.7170e+00)	Acc@1  42.80 ( 42.80)	Acc@5  72.20 ( 72.20)
[TRAIN] E: [66][44/45]	Loss 1.6615e+00 (1.6872e+00)	Acc@1  37.90 ( 40.48)	Acc@5  69.40 ( 70.36)
[EVAL] E: [66][0/5]	Loss 2.4449e+00 (2.4449e+00)	Acc@1  37.10 ( 37.10)	Acc@5  67.40 ( 67.40)
[EVAL] E: [66][4/5]	Loss 2.4613e+00 (2.5232e+00)	Acc@1  37.50 ( 37.04)	Acc@5  66.90 ( 67.08)
		 Valid eval after epoch: loss:2.5232	latest_acc:37.04	LR:0.03 -- best valacc 40.46

Started EPOCH:67
[TRAIN] E: [67][ 0/45]	Loss 1.7029e+00 (1.7029e+00)	Acc@1  39.70 ( 39.70)	Acc@5  69.90 ( 69.90)
[TRAIN] E: [67][44/45]	Loss 1.7248e+00 (1.7046e+00)	Acc@1  37.90 ( 40.42)	Acc@5  68.40 ( 70.34)
[EVAL] E: [67][0/5]	Loss 2.5079e+00 (2.5079e+00)	Acc@1  34.90 ( 34.90)	Acc@5  67.30 ( 67.30)
[EVAL] E: [67][4/5]	Loss 2.5034e+00 (2.5249e+00)	Acc@1  37.50 ( 36.52)	Acc@5  67.40 ( 67.06)
		 Valid eval after epoch: loss:2.5249	latest_acc:36.52	LR:0.03 -- best valacc 40.46

Started EPOCH:68
[TRAIN] E: [68][ 0/45]	Loss 1.6582e+00 (1.6582e+00)	Acc@1  41.60 ( 41.60)	Acc@5  71.90 ( 71.90)
[TRAIN] E: [68][44/45]	Loss 1.6903e+00 (1.7062e+00)	Acc@1  40.50 ( 39.81)	Acc@5  70.90 ( 70.05)
[EVAL] E: [68][0/5]	Loss 2.4502e+00 (2.4502e+00)	Acc@1  36.20 ( 36.20)	Acc@5  67.60 ( 67.60)
[EVAL] E: [68][4/5]	Loss 2.4985e+00 (2.5115e+00)	Acc@1  37.20 ( 36.88)	Acc@5  67.10 ( 67.34)
		 Valid eval after epoch: loss:2.5115	latest_acc:36.88	LR:0.03 -- best valacc 40.46

Started EPOCH:69
[TRAIN] E: [69][ 0/45]	Loss 1.6742e+00 (1.6742e+00)	Acc@1  36.70 ( 36.70)	Acc@5  69.60 ( 69.60)
[TRAIN] E: [69][44/45]	Loss 1.8247e+00 (1.7321e+00)	Acc@1  39.80 ( 39.72)	Acc@5  69.10 ( 70.14)
[EVAL] E: [69][0/5]	Loss 2.5395e+00 (2.5395e+00)	Acc@1  36.50 ( 36.50)	Acc@5  66.40 ( 66.40)
[EVAL] E: [69][4/5]	Loss 2.6311e+00 (2.6333e+00)	Acc@1  34.70 ( 35.12)	Acc@5  65.30 ( 64.70)
		 Valid eval after epoch: loss:2.6333	latest_acc:35.12	LR:0.03 -- best valacc 40.46

Started EPOCH:70
[TRAIN] E: [70][ 0/45]	Loss 1.6769e+00 (1.6769e+00)	Acc@1  41.40 ( 41.40)	Acc@5  74.20 ( 74.20)
[TRAIN] E: [70][44/45]	Loss 1.7406e+00 (1.7313e+00)	Acc@1  39.10 ( 39.38)	Acc@5  68.50 ( 69.92)
[EVAL] E: [70][0/5]	Loss 2.6094e+00 (2.6094e+00)	Acc@1  34.20 ( 34.20)	Acc@5  65.30 ( 65.30)
[EVAL] E: [70][4/5]	Loss 2.5962e+00 (2.6436e+00)	Acc@1  35.60 ( 34.60)	Acc@5  64.10 ( 63.94)
		 Valid eval after epoch: loss:2.6436	latest_acc:34.60	LR:0.04 -- best valacc 40.46

Started EPOCH:71
[TRAIN] E: [71][ 0/45]	Loss 1.7377e+00 (1.7377e+00)	Acc@1  38.70 ( 38.70)	Acc@5  67.80 ( 67.80)
[TRAIN] E: [71][44/45]	Loss 1.7735e+00 (1.7526e+00)	Acc@1  39.10 ( 39.85)	Acc@5  69.80 ( 69.97)
[EVAL] E: [71][0/5]	Loss 2.6670e+00 (2.6670e+00)	Acc@1  36.50 ( 36.50)	Acc@5  65.30 ( 65.30)
[EVAL] E: [71][4/5]	Loss 2.5913e+00 (2.6944e+00)	Acc@1  34.60 ( 35.00)	Acc@5  65.10 ( 64.18)
		 Valid eval after epoch: loss:2.6944	latest_acc:35.00	LR:0.04 -- best valacc 40.46

Started EPOCH:72
[TRAIN] E: [72][ 0/45]	Loss 1.7304e+00 (1.7304e+00)	Acc@1  37.70 ( 37.70)	Acc@5  68.10 ( 68.10)
[TRAIN] E: [72][44/45]	Loss 1.7918e+00 (1.7645e+00)	Acc@1  39.00 ( 39.07)	Acc@5  69.60 ( 69.51)
[EVAL] E: [72][0/5]	Loss 2.7062e+00 (2.7062e+00)	Acc@1  35.80 ( 35.80)	Acc@5  61.90 ( 61.90)
[EVAL] E: [72][4/5]	Loss 2.6512e+00 (2.7115e+00)	Acc@1  36.80 ( 34.84)	Acc@5  64.00 ( 63.20)
		 Valid eval after epoch: loss:2.7115	latest_acc:34.84	LR:0.04 -- best valacc 40.46

Started EPOCH:73
[TRAIN] E: [73][ 0/45]	Loss 1.7965e+00 (1.7965e+00)	Acc@1  41.70 ( 41.70)	Acc@5  73.80 ( 73.80)
[TRAIN] E: [73][44/45]	Loss 1.8217e+00 (1.7741e+00)	Acc@1  40.50 ( 39.31)	Acc@5  67.70 ( 69.06)
[EVAL] E: [73][0/5]	Loss 2.5949e+00 (2.5949e+00)	Acc@1  34.70 ( 34.70)	Acc@5  65.40 ( 65.40)
[EVAL] E: [73][4/5]	Loss 2.6614e+00 (2.6617e+00)	Acc@1  36.30 ( 34.52)	Acc@5  64.40 ( 64.32)
		 Valid eval after epoch: loss:2.6617	latest_acc:34.52	LR:0.05 -- best valacc 40.46

Started EPOCH:74
[TRAIN] E: [74][ 0/45]	Loss 1.8017e+00 (1.8017e+00)	Acc@1  39.00 ( 39.00)	Acc@5  68.90 ( 68.90)
[TRAIN] E: [74][44/45]	Loss 1.7866e+00 (1.7966e+00)	Acc@1  36.90 ( 38.94)	Acc@5  69.10 ( 69.14)
[EVAL] E: [74][0/5]	Loss 2.7194e+00 (2.7194e+00)	Acc@1  31.10 ( 31.10)	Acc@5  63.30 ( 63.30)
[EVAL] E: [74][4/5]	Loss 2.6348e+00 (2.7209e+00)	Acc@1  34.70 ( 32.58)	Acc@5  63.70 ( 62.84)
		 Valid eval after epoch: loss:2.7209	latest_acc:32.58	LR:0.05 -- best valacc 40.46

Started EPOCH:75
[TRAIN] E: [75][ 0/45]	Loss 1.7482e+00 (1.7482e+00)	Acc@1  40.40 ( 40.40)	Acc@5  69.40 ( 69.40)
[TRAIN] E: [75][44/45]	Loss 1.7832e+00 (1.8031e+00)	Acc@1  39.50 ( 38.61)	Acc@5  68.40 ( 69.36)
[EVAL] E: [75][0/5]	Loss 2.8104e+00 (2.8104e+00)	Acc@1  30.20 ( 30.20)	Acc@5  61.10 ( 61.10)
[EVAL] E: [75][4/5]	Loss 2.9082e+00 (2.8900e+00)	Acc@1  30.60 ( 30.24)	Acc@5  59.50 ( 59.84)
		 Valid eval after epoch: loss:2.8900	latest_acc:30.24	LR:0.05 -- best valacc 40.46

Started EPOCH:76
[TRAIN] E: [76][ 0/45]	Loss 1.8723e+00 (1.8723e+00)	Acc@1  38.70 ( 38.70)	Acc@5  68.30 ( 68.30)
[TRAIN] E: [76][44/45]	Loss 1.9767e+00 (1.8218e+00)	Acc@1  37.10 ( 38.72)	Acc@5  69.40 ( 68.74)
[EVAL] E: [76][0/5]	Loss 2.9988e+00 (2.9988e+00)	Acc@1  31.70 ( 31.70)	Acc@5  61.10 ( 61.10)
[EVAL] E: [76][4/5]	Loss 3.0063e+00 (3.0017e+00)	Acc@1  31.40 ( 31.14)	Acc@5  58.00 ( 60.08)
		 Valid eval after epoch: loss:3.0017	latest_acc:31.14	LR:0.06 -- best valacc 40.46

Started EPOCH:77
[TRAIN] E: [77][ 0/45]	Loss 1.8432e+00 (1.8432e+00)	Acc@1  39.20 ( 39.20)	Acc@5  67.80 ( 67.80)
[TRAIN] E: [77][44/45]	Loss 1.8020e+00 (1.8266e+00)	Acc@1  37.20 ( 38.63)	Acc@5  66.70 ( 68.42)
[EVAL] E: [77][0/5]	Loss 3.0853e+00 (3.0853e+00)	Acc@1  28.70 ( 28.70)	Acc@5  58.00 ( 58.00)
[EVAL] E: [77][4/5]	Loss 2.9201e+00 (3.0749e+00)	Acc@1  32.10 ( 29.46)	Acc@5  60.10 ( 57.32)
		 Valid eval after epoch: loss:3.0749	latest_acc:29.46	LR:0.06 -- best valacc 40.46

Started EPOCH:78
[TRAIN] E: [78][ 0/45]	Loss 1.7676e+00 (1.7676e+00)	Acc@1  38.00 ( 38.00)	Acc@5  68.30 ( 68.30)
[TRAIN] E: [78][44/45]	Loss 1.8465e+00 (1.8369e+00)	Acc@1  37.80 ( 37.99)	Acc@5  67.30 ( 68.42)
[EVAL] E: [78][0/5]	Loss 2.9511e+00 (2.9511e+00)	Acc@1  29.50 ( 29.50)	Acc@5  60.70 ( 60.70)
[EVAL] E: [78][4/5]	Loss 2.9278e+00 (2.9576e+00)	Acc@1  31.00 ( 30.44)	Acc@5  62.70 ( 60.92)
		 Valid eval after epoch: loss:2.9576	latest_acc:30.44	LR:0.06 -- best valacc 40.46

Started EPOCH:79
[TRAIN] E: [79][ 0/45]	Loss 1.8278e+00 (1.8278e+00)	Acc@1  39.60 ( 39.60)	Acc@5  71.00 ( 71.00)
[TRAIN] E: [79][44/45]	Loss 1.8254e+00 (1.8442e+00)	Acc@1  38.70 ( 38.42)	Acc@5  69.70 ( 68.74)
[EVAL] E: [79][0/5]	Loss 2.8928e+00 (2.8928e+00)	Acc@1  30.50 ( 30.50)	Acc@5  60.40 ( 60.40)
[EVAL] E: [79][4/5]	Loss 3.0424e+00 (3.0086e+00)	Acc@1  29.10 ( 29.42)	Acc@5  58.00 ( 59.06)
		 Valid eval after epoch: loss:3.0086	latest_acc:29.42	LR:0.07 -- best valacc 40.46

Started EPOCH:80
[TRAIN] E: [80][ 0/45]	Loss 1.8212e+00 (1.8212e+00)	Acc@1  39.80 ( 39.80)	Acc@5  69.90 ( 69.90)
[TRAIN] E: [80][44/45]	Loss 1.9042e+00 (1.8592e+00)	Acc@1  35.00 ( 38.42)	Acc@5  67.70 ( 68.89)
[EVAL] E: [80][0/5]	Loss 2.9346e+00 (2.9346e+00)	Acc@1  31.10 ( 31.10)	Acc@5  59.60 ( 59.60)
[EVAL] E: [80][4/5]	Loss 2.9641e+00 (3.0174e+00)	Acc@1  30.40 ( 30.24)	Acc@5  59.60 ( 58.92)
		 Valid eval after epoch: loss:3.0174	latest_acc:30.24	LR:0.07 -- best valacc 40.46

Started EPOCH:81
[TRAIN] E: [81][ 0/45]	Loss 1.8481e+00 (1.8481e+00)	Acc@1  36.50 ( 36.50)	Acc@5  67.60 ( 67.60)
[TRAIN] E: [81][44/45]	Loss 1.8560e+00 (1.8511e+00)	Acc@1  38.80 ( 38.32)	Acc@5  67.60 ( 68.64)
[EVAL] E: [81][0/5]	Loss 2.9625e+00 (2.9625e+00)	Acc@1  29.40 ( 29.40)	Acc@5  58.40 ( 58.40)
[EVAL] E: [81][4/5]	Loss 2.9893e+00 (2.9741e+00)	Acc@1  30.00 ( 30.18)	Acc@5  58.70 ( 59.88)
		 Valid eval after epoch: loss:2.9741	latest_acc:30.18	LR:0.07 -- best valacc 40.46

Started EPOCH:82
[TRAIN] E: [82][ 0/45]	Loss 1.8406e+00 (1.8406e+00)	Acc@1  37.90 ( 37.90)	Acc@5  68.80 ( 68.80)
[TRAIN] E: [82][44/45]	Loss 1.9245e+00 (1.8524e+00)	Acc@1  36.30 ( 37.68)	Acc@5  66.90 ( 68.06)
[EVAL] E: [82][0/5]	Loss 2.6504e+00 (2.6504e+00)	Acc@1  34.40 ( 34.40)	Acc@5  62.40 ( 62.40)
[EVAL] E: [82][4/5]	Loss 2.6078e+00 (2.6805e+00)	Acc@1  35.20 ( 33.62)	Acc@5  64.10 ( 63.42)
		 Valid eval after epoch: loss:2.6805	latest_acc:33.62	LR:0.07 -- best valacc 40.46

Started EPOCH:83
[TRAIN] E: [83][ 0/45]	Loss 1.8731e+00 (1.8731e+00)	Acc@1  36.30 ( 36.30)	Acc@5  66.00 ( 66.00)
[TRAIN] E: [83][44/45]	Loss 1.8429e+00 (1.8615e+00)	Acc@1  40.30 ( 38.04)	Acc@5  69.40 ( 68.32)
[EVAL] E: [83][0/5]	Loss 2.8450e+00 (2.8450e+00)	Acc@1  30.90 ( 30.90)	Acc@5  60.20 ( 60.20)
[EVAL] E: [83][4/5]	Loss 2.8940e+00 (2.9362e+00)	Acc@1  28.10 ( 28.48)	Acc@5  60.90 ( 59.24)
		 Valid eval after epoch: loss:2.9362	latest_acc:28.48	LR:0.08 -- best valacc 40.46

Started EPOCH:84
[TRAIN] E: [84][ 0/45]	Loss 1.7724e+00 (1.7724e+00)	Acc@1  38.40 ( 38.40)	Acc@5  67.70 ( 67.70)
[TRAIN] E: [84][44/45]	Loss 1.8267e+00 (1.8790e+00)	Acc@1  40.00 ( 37.80)	Acc@5  71.10 ( 68.18)
[EVAL] E: [84][0/5]	Loss 2.8060e+00 (2.8060e+00)	Acc@1  31.20 ( 31.20)	Acc@5  62.80 ( 62.80)
[EVAL] E: [84][4/5]	Loss 2.7744e+00 (2.8472e+00)	Acc@1  33.80 ( 31.96)	Acc@5  62.50 ( 61.46)
		 Valid eval after epoch: loss:2.8472	latest_acc:31.96	LR:0.08 -- best valacc 40.46

Started EPOCH:85
[TRAIN] E: [85][ 0/45]	Loss 1.8452e+00 (1.8452e+00)	Acc@1  39.20 ( 39.20)	Acc@5  70.30 ( 70.30)
[TRAIN] E: [85][44/45]	Loss 1.8517e+00 (1.8990e+00)	Acc@1  38.80 ( 37.83)	Acc@5  68.80 ( 68.19)
[EVAL] E: [85][0/5]	Loss 2.7421e+00 (2.7421e+00)	Acc@1  33.30 ( 33.30)	Acc@5  62.00 ( 62.00)
[EVAL] E: [85][4/5]	Loss 2.7236e+00 (2.7767e+00)	Acc@1  34.00 ( 32.46)	Acc@5  61.90 ( 62.14)
		 Valid eval after epoch: loss:2.7767	latest_acc:32.46	LR:0.08 -- best valacc 40.46

Started EPOCH:86
[TRAIN] E: [86][ 0/45]	Loss 1.8526e+00 (1.8526e+00)	Acc@1  38.90 ( 38.90)	Acc@5  69.80 ( 69.80)
[TRAIN] E: [86][44/45]	Loss 1.8928e+00 (1.9024e+00)	Acc@1  37.30 ( 37.48)	Acc@5  66.80 ( 67.99)
[EVAL] E: [86][0/5]	Loss 2.9688e+00 (2.9688e+00)	Acc@1  30.60 ( 30.60)	Acc@5  61.70 ( 61.70)
[EVAL] E: [86][4/5]	Loss 2.9149e+00 (2.9812e+00)	Acc@1  31.90 ( 31.18)	Acc@5  62.40 ( 59.98)
		 Valid eval after epoch: loss:2.9812	latest_acc:31.18	LR:0.08 -- best valacc 40.46

Started EPOCH:87
[TRAIN] E: [87][ 0/45]	Loss 1.8247e+00 (1.8247e+00)	Acc@1  35.40 ( 35.40)	Acc@5  67.10 ( 67.10)
[TRAIN] E: [87][44/45]	Loss 1.9181e+00 (1.9145e+00)	Acc@1  37.20 ( 37.30)	Acc@5  67.30 ( 67.71)
[EVAL] E: [87][0/5]	Loss 2.8765e+00 (2.8765e+00)	Acc@1  32.00 ( 32.00)	Acc@5  62.10 ( 62.10)
[EVAL] E: [87][4/5]	Loss 2.9863e+00 (2.9739e+00)	Acc@1  30.10 ( 30.68)	Acc@5  60.00 ( 60.36)
		 Valid eval after epoch: loss:2.9739	latest_acc:30.68	LR:0.09 -- best valacc 40.46

Started EPOCH:88
[TRAIN] E: [88][ 0/45]	Loss 1.8361e+00 (1.8361e+00)	Acc@1  35.60 ( 35.60)	Acc@5  68.60 ( 68.60)
[TRAIN] E: [88][44/45]	Loss 1.9309e+00 (1.9002e+00)	Acc@1  41.00 ( 37.72)	Acc@5  67.90 ( 67.98)
[EVAL] E: [88][0/5]	Loss 2.9472e+00 (2.9472e+00)	Acc@1  27.40 ( 27.40)	Acc@5  57.90 ( 57.90)
[EVAL] E: [88][4/5]	Loss 2.8791e+00 (2.9092e+00)	Acc@1  29.60 ( 28.76)	Acc@5  58.60 ( 58.24)
		 Valid eval after epoch: loss:2.9092	latest_acc:28.76	LR:0.09 -- best valacc 40.46

Started EPOCH:89
[TRAIN] E: [89][ 0/45]	Loss 1.9662e+00 (1.9662e+00)	Acc@1  37.00 ( 37.00)	Acc@5  70.30 ( 70.30)
[TRAIN] E: [89][44/45]	Loss 1.9005e+00 (1.9062e+00)	Acc@1  38.70 ( 37.59)	Acc@5  67.70 ( 67.87)
[EVAL] E: [89][0/5]	Loss 2.9854e+00 (2.9854e+00)	Acc@1  29.60 ( 29.60)	Acc@5  60.50 ( 60.50)
[EVAL] E: [89][4/5]	Loss 2.8938e+00 (2.9535e+00)	Acc@1  30.60 ( 29.94)	Acc@5  60.70 ( 59.54)
		 Valid eval after epoch: loss:2.9535	latest_acc:29.94	LR:0.09 -- best valacc 40.46

Started EPOCH:90
[TRAIN] E: [90][ 0/45]	Loss 1.8133e+00 (1.8133e+00)	Acc@1  39.10 ( 39.10)	Acc@5  70.40 ( 70.40)
[TRAIN] E: [90][44/45]	Loss 1.9168e+00 (1.8967e+00)	Acc@1  37.20 ( 37.42)	Acc@5  67.40 ( 67.86)
[EVAL] E: [90][0/5]	Loss 3.1550e+00 (3.1550e+00)	Acc@1  29.20 ( 29.20)	Acc@5  55.10 ( 55.10)
[EVAL] E: [90][4/5]	Loss 3.0527e+00 (3.1676e+00)	Acc@1  29.00 ( 27.52)	Acc@5  56.40 ( 55.38)
		 Valid eval after epoch: loss:3.1676	latest_acc:27.52	LR:0.09 -- best valacc 40.46

Started EPOCH:91
[TRAIN] E: [91][ 0/45]	Loss 1.8660e+00 (1.8660e+00)	Acc@1  37.90 ( 37.90)	Acc@5  67.30 ( 67.30)
[TRAIN] E: [91][44/45]	Loss 2.0257e+00 (1.9122e+00)	Acc@1  35.00 ( 37.40)	Acc@5  64.20 ( 67.78)
[EVAL] E: [91][0/5]	Loss 2.9728e+00 (2.9728e+00)	Acc@1  31.20 ( 31.20)	Acc@5  59.50 ( 59.50)
[EVAL] E: [91][4/5]	Loss 3.0205e+00 (3.0757e+00)	Acc@1  29.50 ( 28.44)	Acc@5  56.80 ( 57.16)
		 Valid eval after epoch: loss:3.0757	latest_acc:28.44	LR:0.09 -- best valacc 40.46

Started EPOCH:92
[TRAIN] E: [92][ 0/45]	Loss 1.8846e+00 (1.8846e+00)	Acc@1  39.10 ( 39.10)	Acc@5  69.80 ( 69.80)
[TRAIN] E: [92][44/45]	Loss 1.8554e+00 (1.9058e+00)	Acc@1  37.50 ( 37.58)	Acc@5  67.20 ( 67.84)
[EVAL] E: [92][0/5]	Loss 2.5801e+00 (2.5801e+00)	Acc@1  33.70 ( 33.70)	Acc@5  67.30 ( 67.30)
[EVAL] E: [92][4/5]	Loss 2.5745e+00 (2.6622e+00)	Acc@1  35.20 ( 33.96)	Acc@5  67.10 ( 64.80)
		 Valid eval after epoch: loss:2.6622	latest_acc:33.96	LR:0.10 -- best valacc 40.46

Started EPOCH:93
[TRAIN] E: [93][ 0/45]	Loss 1.8247e+00 (1.8247e+00)	Acc@1  38.90 ( 38.90)	Acc@5  68.00 ( 68.00)
[TRAIN] E: [93][44/45]	Loss 1.8290e+00 (1.8691e+00)	Acc@1  39.40 ( 37.88)	Acc@5  68.30 ( 67.91)
[EVAL] E: [93][0/5]	Loss 3.0274e+00 (3.0274e+00)	Acc@1  29.50 ( 29.50)	Acc@5  60.30 ( 60.30)
[EVAL] E: [93][4/5]	Loss 3.1224e+00 (3.1170e+00)	Acc@1  28.40 ( 27.84)	Acc@5  55.70 ( 57.16)
		 Valid eval after epoch: loss:3.1170	latest_acc:27.84	LR:0.10 -- best valacc 40.46

Started EPOCH:94
[TRAIN] E: [94][ 0/45]	Loss 1.9761e+00 (1.9761e+00)	Acc@1  40.10 ( 40.10)	Acc@5  69.10 ( 69.10)
[TRAIN] E: [94][44/45]	Loss 1.8251e+00 (1.8971e+00)	Acc@1  35.90 ( 37.54)	Acc@5  65.60 ( 67.86)
[EVAL] E: [94][0/5]	Loss 2.9792e+00 (2.9792e+00)	Acc@1  29.20 ( 29.20)	Acc@5  58.50 ( 58.50)
[EVAL] E: [94][4/5]	Loss 2.9639e+00 (2.9487e+00)	Acc@1  29.60 ( 30.52)	Acc@5  57.30 ( 59.24)
		 Valid eval after epoch: loss:2.9487	latest_acc:30.52	LR:0.10 -- best valacc 40.46

Started EPOCH:95
[TRAIN] E: [95][ 0/45]	Loss 1.8119e+00 (1.8119e+00)	Acc@1  38.50 ( 38.50)	Acc@5  69.90 ( 69.90)
[TRAIN] E: [95][44/45]	Loss 1.8771e+00 (1.9012e+00)	Acc@1  36.80 ( 37.54)	Acc@5  65.90 ( 67.94)
[EVAL] E: [95][0/5]	Loss 3.1376e+00 (3.1376e+00)	Acc@1  27.00 ( 27.00)	Acc@5  55.70 ( 55.70)
[EVAL] E: [95][4/5]	Loss 3.0862e+00 (3.1847e+00)	Acc@1  29.00 ( 27.08)	Acc@5  56.00 ( 54.58)
		 Valid eval after epoch: loss:3.1847	latest_acc:27.08	LR:0.10 -- best valacc 40.46

Started EPOCH:96
[TRAIN] E: [96][ 0/45]	Loss 1.9195e+00 (1.9195e+00)	Acc@1  38.20 ( 38.20)	Acc@5  68.50 ( 68.50)
[TRAIN] E: [96][44/45]	Loss 1.9427e+00 (1.8839e+00)	Acc@1  37.20 ( 37.54)	Acc@5  67.20 ( 67.89)
[EVAL] E: [96][0/5]	Loss 3.4597e+00 (3.4597e+00)	Acc@1  27.00 ( 27.00)	Acc@5  54.40 ( 54.40)
[EVAL] E: [96][4/5]	Loss 3.4024e+00 (3.5509e+00)	Acc@1  28.00 ( 25.88)	Acc@5  54.80 ( 53.04)
		 Valid eval after epoch: loss:3.5509	latest_acc:25.88	LR:0.10 -- best valacc 40.46

Started EPOCH:97
[TRAIN] E: [97][ 0/45]	Loss 1.8833e+00 (1.8833e+00)	Acc@1  39.30 ( 39.30)	Acc@5  69.50 ( 69.50)
[TRAIN] E: [97][44/45]	Loss 1.8155e+00 (1.9034e+00)	Acc@1  37.60 ( 37.80)	Acc@5  69.00 ( 68.00)
[EVAL] E: [97][0/5]	Loss 2.9707e+00 (2.9707e+00)	Acc@1  28.20 ( 28.20)	Acc@5  58.90 ( 58.90)
[EVAL] E: [97][4/5]	Loss 2.8356e+00 (2.9547e+00)	Acc@1  32.00 ( 30.06)	Acc@5  62.10 ( 59.42)
		 Valid eval after epoch: loss:2.9547	latest_acc:30.06	LR:0.10 -- best valacc 40.46

Started EPOCH:98
[TRAIN] E: [98][ 0/45]	Loss 1.8647e+00 (1.8647e+00)	Acc@1  36.90 ( 36.90)	Acc@5  66.90 ( 66.90)
[TRAIN] E: [98][44/45]	Loss 1.8440e+00 (1.8989e+00)	Acc@1  36.30 ( 37.38)	Acc@5  68.00 ( 67.70)
[EVAL] E: [98][0/5]	Loss 3.2094e+00 (3.2094e+00)	Acc@1  26.80 ( 26.80)	Acc@5  54.90 ( 54.90)
[EVAL] E: [98][4/5]	Loss 3.2182e+00 (3.1746e+00)	Acc@1  28.20 ( 27.62)	Acc@5  54.50 ( 56.20)
		 Valid eval after epoch: loss:3.1746	latest_acc:27.62	LR:0.10 -- best valacc 40.46

Started EPOCH:99
[TRAIN] E: [99][ 0/45]	Loss 1.8756e+00 (1.8756e+00)	Acc@1  38.50 ( 38.50)	Acc@5  67.50 ( 67.50)
[TRAIN] E: [99][44/45]	Loss 1.8849e+00 (1.8700e+00)	Acc@1  36.90 ( 37.96)	Acc@5  68.70 ( 68.26)
[EVAL] E: [99][0/5]	Loss 2.7775e+00 (2.7775e+00)	Acc@1  32.70 ( 32.70)	Acc@5  63.60 ( 63.60)
[EVAL] E: [99][4/5]	Loss 2.7573e+00 (2.8098e+00)	Acc@1  34.50 ( 32.86)	Acc@5  63.60 ( 62.62)
		 Valid eval after epoch: loss:2.8098	latest_acc:32.86	LR:0.10 -- best valacc 40.46

Started EPOCH:100
[TRAIN] E: [100][ 0/45]	Loss 1.7924e+00 (1.7924e+00)	Acc@1  38.90 ( 38.90)	Acc@5  68.10 ( 68.10)
[TRAIN] E: [100][44/45]	Loss 1.8466e+00 (1.8516e+00)	Acc@1  40.40 ( 37.97)	Acc@5  68.60 ( 68.35)
[EVAL] E: [100][0/5]	Loss 2.9269e+00 (2.9269e+00)	Acc@1  30.20 ( 30.20)	Acc@5  59.30 ( 59.30)
[EVAL] E: [100][4/5]	Loss 2.7356e+00 (2.9043e+00)	Acc@1  33.10 ( 30.52)	Acc@5  63.90 ( 60.40)
		 Valid eval after epoch: loss:2.9043	latest_acc:30.52	LR:0.10 -- best valacc 40.46

Started EPOCH:101
[TRAIN] E: [101][ 0/45]	Loss 1.9104e+00 (1.9104e+00)	Acc@1  36.70 ( 36.70)	Acc@5  68.60 ( 68.60)
[TRAIN] E: [101][44/45]	Loss 1.8593e+00 (1.8639e+00)	Acc@1  37.80 ( 37.87)	Acc@5  67.30 ( 68.48)
[EVAL] E: [101][0/5]	Loss 2.7968e+00 (2.7968e+00)	Acc@1  29.60 ( 29.60)	Acc@5  61.70 ( 61.70)
[EVAL] E: [101][4/5]	Loss 2.7463e+00 (2.8154e+00)	Acc@1  33.10 ( 31.28)	Acc@5  63.20 ( 61.10)
		 Valid eval after epoch: loss:2.8154	latest_acc:31.28	LR:0.10 -- best valacc 40.46

Started EPOCH:102
[TRAIN] E: [102][ 0/45]	Loss 1.9329e+00 (1.9329e+00)	Acc@1  38.50 ( 38.50)	Acc@5  69.10 ( 69.10)
[TRAIN] E: [102][44/45]	Loss 1.8487e+00 (1.8601e+00)	Acc@1  36.40 ( 37.86)	Acc@5  65.60 ( 68.11)
[EVAL] E: [102][0/5]	Loss 2.9420e+00 (2.9420e+00)	Acc@1  31.40 ( 31.40)	Acc@5  59.20 ( 59.20)
[EVAL] E: [102][4/5]	Loss 3.1089e+00 (3.0159e+00)	Acc@1  29.70 ( 30.14)	Acc@5  59.10 ( 58.44)
		 Valid eval after epoch: loss:3.0159	latest_acc:30.14	LR:0.10 -- best valacc 40.46

Started EPOCH:103
[TRAIN] E: [103][ 0/45]	Loss 1.7788e+00 (1.7788e+00)	Acc@1  37.90 ( 37.90)	Acc@5  67.40 ( 67.40)
[TRAIN] E: [103][44/45]	Loss 1.8603e+00 (1.8576e+00)	Acc@1  37.80 ( 38.00)	Acc@5  67.20 ( 68.18)
[EVAL] E: [103][0/5]	Loss 2.7955e+00 (2.7955e+00)	Acc@1  33.60 ( 33.60)	Acc@5  61.00 ( 61.00)
[EVAL] E: [103][4/5]	Loss 2.6981e+00 (2.7659e+00)	Acc@1  34.60 ( 34.10)	Acc@5  62.50 ( 62.24)
		 Valid eval after epoch: loss:2.7659	latest_acc:34.10	LR:0.10 -- best valacc 40.46

Started EPOCH:104
[TRAIN] E: [104][ 0/45]	Loss 1.7986e+00 (1.7986e+00)	Acc@1  39.10 ( 39.10)	Acc@5  68.70 ( 68.70)
[TRAIN] E: [104][44/45]	Loss 1.9711e+00 (1.8477e+00)	Acc@1  35.90 ( 37.86)	Acc@5  67.50 ( 68.02)
[EVAL] E: [104][0/5]	Loss 3.1600e+00 (3.1600e+00)	Acc@1  26.40 ( 26.40)	Acc@5  55.20 ( 55.20)
[EVAL] E: [104][4/5]	Loss 3.2749e+00 (3.1884e+00)	Acc@1  25.60 ( 25.82)	Acc@5  53.70 ( 55.14)
		 Valid eval after epoch: loss:3.1884	latest_acc:25.82	LR:0.10 -- best valacc 40.46

Started EPOCH:105
[TRAIN] E: [105][ 0/45]	Loss 1.8914e+00 (1.8914e+00)	Acc@1  39.40 ( 39.40)	Acc@5  69.10 ( 69.10)
[TRAIN] E: [105][44/45]	Loss 1.8230e+00 (1.8363e+00)	Acc@1  36.70 ( 38.05)	Acc@5  68.30 ( 68.38)
[EVAL] E: [105][0/5]	Loss 3.1089e+00 (3.1089e+00)	Acc@1  26.70 ( 26.70)	Acc@5  57.20 ( 57.20)
[EVAL] E: [105][4/5]	Loss 3.0257e+00 (3.1226e+00)	Acc@1  28.50 ( 27.92)	Acc@5  56.60 ( 55.92)
		 Valid eval after epoch: loss:3.1226	latest_acc:27.92	LR:0.10 -- best valacc 40.46

Started EPOCH:106
[TRAIN] E: [106][ 0/45]	Loss 1.7972e+00 (1.7972e+00)	Acc@1  40.60 ( 40.60)	Acc@5  69.40 ( 69.40)
[TRAIN] E: [106][44/45]	Loss 1.7884e+00 (1.8499e+00)	Acc@1  39.10 ( 38.20)	Acc@5  67.50 ( 68.61)
[EVAL] E: [106][0/5]	Loss 2.6899e+00 (2.6899e+00)	Acc@1  32.00 ( 32.00)	Acc@5  63.20 ( 63.20)
[EVAL] E: [106][4/5]	Loss 2.6016e+00 (2.6930e+00)	Acc@1  34.80 ( 32.54)	Acc@5  63.70 ( 62.46)
		 Valid eval after epoch: loss:2.6930	latest_acc:32.54	LR:0.10 -- best valacc 40.46

Started EPOCH:107
[TRAIN] E: [107][ 0/45]	Loss 1.7976e+00 (1.7976e+00)	Acc@1  38.70 ( 38.70)	Acc@5  68.30 ( 68.30)
[TRAIN] E: [107][44/45]	Loss 1.8087e+00 (1.8386e+00)	Acc@1  40.30 ( 38.00)	Acc@5  68.40 ( 68.48)
[EVAL] E: [107][0/5]	Loss 2.9116e+00 (2.9116e+00)	Acc@1  32.80 ( 32.80)	Acc@5  61.20 ( 61.20)
[EVAL] E: [107][4/5]	Loss 2.9967e+00 (3.0109e+00)	Acc@1  31.70 ( 31.48)	Acc@5  60.00 ( 59.68)
		 Valid eval after epoch: loss:3.0109	latest_acc:31.48	LR:0.09 -- best valacc 40.46

Started EPOCH:108
[TRAIN] E: [108][ 0/45]	Loss 1.8045e+00 (1.8045e+00)	Acc@1  39.90 ( 39.90)	Acc@5  69.30 ( 69.30)
[TRAIN] E: [108][44/45]	Loss 1.8657e+00 (1.8308e+00)	Acc@1  36.80 ( 38.19)	Acc@5  68.10 ( 68.42)
[EVAL] E: [108][0/5]	Loss 2.6764e+00 (2.6764e+00)	Acc@1  34.70 ( 34.70)	Acc@5  65.30 ( 65.30)
[EVAL] E: [108][4/5]	Loss 2.6324e+00 (2.7193e+00)	Acc@1  34.90 ( 33.44)	Acc@5  64.70 ( 63.14)
		 Valid eval after epoch: loss:2.7193	latest_acc:33.44	LR:0.09 -- best valacc 40.46

Started EPOCH:109
[TRAIN] E: [109][ 0/45]	Loss 1.8905e+00 (1.8905e+00)	Acc@1  38.50 ( 38.50)	Acc@5  68.60 ( 68.60)
[TRAIN] E: [109][44/45]	Loss 1.8488e+00 (1.8052e+00)	Acc@1  39.70 ( 38.55)	Acc@5  68.30 ( 68.65)
[EVAL] E: [109][0/5]	Loss 2.8844e+00 (2.8844e+00)	Acc@1  31.80 ( 31.80)	Acc@5  61.50 ( 61.50)
[EVAL] E: [109][4/5]	Loss 2.9133e+00 (2.9852e+00)	Acc@1  31.30 ( 30.20)	Acc@5  60.40 ( 59.98)
		 Valid eval after epoch: loss:2.9852	latest_acc:30.20	LR:0.09 -- best valacc 40.46

Started EPOCH:110
[TRAIN] E: [110][ 0/45]	Loss 1.8332e+00 (1.8332e+00)	Acc@1  40.10 ( 40.10)	Acc@5  71.10 ( 71.10)
[TRAIN] E: [110][44/45]	Loss 1.7998e+00 (1.8192e+00)	Acc@1  35.00 ( 38.40)	Acc@5  67.90 ( 68.59)
[EVAL] E: [110][0/5]	Loss 3.1617e+00 (3.1617e+00)	Acc@1  28.00 ( 28.00)	Acc@5  57.70 ( 57.70)
[EVAL] E: [110][4/5]	Loss 3.3071e+00 (3.3097e+00)	Acc@1  27.60 ( 26.70)	Acc@5  57.40 ( 56.38)
		 Valid eval after epoch: loss:3.3097	latest_acc:26.70	LR:0.09 -- best valacc 40.46

Started EPOCH:111
[TRAIN] E: [111][ 0/45]	Loss 1.8577e+00 (1.8577e+00)	Acc@1  37.90 ( 37.90)	Acc@5  67.80 ( 67.80)
[TRAIN] E: [111][44/45]	Loss 1.8303e+00 (1.8242e+00)	Acc@1  38.80 ( 38.62)	Acc@5  66.50 ( 68.61)
[EVAL] E: [111][0/5]	Loss 2.7376e+00 (2.7376e+00)	Acc@1  33.10 ( 33.10)	Acc@5  63.20 ( 63.20)
[EVAL] E: [111][4/5]	Loss 2.6894e+00 (2.7554e+00)	Acc@1  35.40 ( 33.38)	Acc@5  64.90 ( 63.40)
		 Valid eval after epoch: loss:2.7554	latest_acc:33.38	LR:0.09 -- best valacc 40.46

Started EPOCH:112
[TRAIN] E: [112][ 0/45]	Loss 1.8795e+00 (1.8795e+00)	Acc@1  37.40 ( 37.40)	Acc@5  67.80 ( 67.80)
[TRAIN] E: [112][44/45]	Loss 1.8396e+00 (1.8061e+00)	Acc@1  37.90 ( 38.67)	Acc@5  68.20 ( 68.96)
[EVAL] E: [112][0/5]	Loss 2.7116e+00 (2.7116e+00)	Acc@1  32.80 ( 32.80)	Acc@5  63.40 ( 63.40)
[EVAL] E: [112][4/5]	Loss 2.6958e+00 (2.7363e+00)	Acc@1  34.20 ( 32.94)	Acc@5  62.20 ( 62.94)
		 Valid eval after epoch: loss:2.7363	latest_acc:32.94	LR:0.08 -- best valacc 40.46

Started EPOCH:113
[TRAIN] E: [113][ 0/45]	Loss 1.7436e+00 (1.7436e+00)	Acc@1  37.80 ( 37.80)	Acc@5  70.90 ( 70.90)
[TRAIN] E: [113][44/45]	Loss 1.8369e+00 (1.7892e+00)	Acc@1  36.60 ( 38.93)	Acc@5  68.20 ( 69.18)
[EVAL] E: [113][0/5]	Loss 2.6239e+00 (2.6239e+00)	Acc@1  36.30 ( 36.30)	Acc@5  65.50 ( 65.50)
[EVAL] E: [113][4/5]	Loss 2.6656e+00 (2.7079e+00)	Acc@1  35.30 ( 33.32)	Acc@5  62.80 ( 63.16)
		 Valid eval after epoch: loss:2.7079	latest_acc:33.32	LR:0.08 -- best valacc 40.46

Started EPOCH:114
[TRAIN] E: [114][ 0/45]	Loss 1.7645e+00 (1.7645e+00)	Acc@1  36.70 ( 36.70)	Acc@5  66.90 ( 66.90)
[TRAIN] E: [114][44/45]	Loss 1.8156e+00 (1.7714e+00)	Acc@1  38.50 ( 39.11)	Acc@5  68.60 ( 69.12)
[EVAL] E: [114][0/5]	Loss 2.8516e+00 (2.8516e+00)	Acc@1  32.70 ( 32.70)	Acc@5  61.60 ( 61.60)
[EVAL] E: [114][4/5]	Loss 2.7680e+00 (2.8658e+00)	Acc@1  32.40 ( 32.46)	Acc@5  63.00 ( 61.44)
		 Valid eval after epoch: loss:2.8658	latest_acc:32.46	LR:0.08 -- best valacc 40.46

Started EPOCH:115
[TRAIN] E: [115][ 0/45]	Loss 1.7951e+00 (1.7951e+00)	Acc@1  38.80 ( 38.80)	Acc@5  69.70 ( 69.70)
[TRAIN] E: [115][44/45]	Loss 1.8026e+00 (1.7744e+00)	Acc@1  40.80 ( 38.94)	Acc@5  69.40 ( 69.14)
[EVAL] E: [115][0/5]	Loss 2.9816e+00 (2.9816e+00)	Acc@1  30.90 ( 30.90)	Acc@5  61.20 ( 61.20)
[EVAL] E: [115][4/5]	Loss 3.0963e+00 (3.0907e+00)	Acc@1  30.00 ( 28.90)	Acc@5  57.80 ( 59.06)
		 Valid eval after epoch: loss:3.0907	latest_acc:28.90	LR:0.08 -- best valacc 40.46

Started EPOCH:116
[TRAIN] E: [116][ 0/45]	Loss 1.7050e+00 (1.7050e+00)	Acc@1  39.40 ( 39.40)	Acc@5  68.10 ( 68.10)
[TRAIN] E: [116][44/45]	Loss 1.8281e+00 (1.7578e+00)	Acc@1  40.50 ( 39.04)	Acc@5  69.30 ( 69.28)
[EVAL] E: [116][0/5]	Loss 2.7765e+00 (2.7765e+00)	Acc@1  32.70 ( 32.70)	Acc@5  62.60 ( 62.60)
[EVAL] E: [116][4/5]	Loss 2.6888e+00 (2.7849e+00)	Acc@1  34.90 ( 32.84)	Acc@5  63.70 ( 61.64)
		 Valid eval after epoch: loss:2.7849	latest_acc:32.84	LR:0.07 -- best valacc 40.46

Started EPOCH:117
[TRAIN] E: [117][ 0/45]	Loss 1.8166e+00 (1.8166e+00)	Acc@1  40.20 ( 40.20)	Acc@5  68.10 ( 68.10)
[TRAIN] E: [117][44/45]	Loss 1.7383e+00 (1.7595e+00)	Acc@1  38.50 ( 38.82)	Acc@5  70.70 ( 69.26)
[EVAL] E: [117][0/5]	Loss 2.8305e+00 (2.8305e+00)	Acc@1  32.40 ( 32.40)	Acc@5  60.90 ( 60.90)
[EVAL] E: [117][4/5]	Loss 2.7892e+00 (2.8458e+00)	Acc@1  34.90 ( 32.68)	Acc@5  61.40 ( 60.84)
		 Valid eval after epoch: loss:2.8458	latest_acc:32.68	LR:0.07 -- best valacc 40.46

Started EPOCH:118
[TRAIN] E: [118][ 0/45]	Loss 1.8003e+00 (1.8003e+00)	Acc@1  39.40 ( 39.40)	Acc@5  69.50 ( 69.50)
[TRAIN] E: [118][44/45]	Loss 1.7502e+00 (1.7677e+00)	Acc@1  38.80 ( 39.03)	Acc@5  68.70 ( 69.72)
[EVAL] E: [118][0/5]	Loss 2.5756e+00 (2.5756e+00)	Acc@1  34.00 ( 34.00)	Acc@5  66.20 ( 66.20)
[EVAL] E: [118][4/5]	Loss 2.5822e+00 (2.6444e+00)	Acc@1  34.50 ( 33.92)	Acc@5  64.40 ( 64.42)
		 Valid eval after epoch: loss:2.6444	latest_acc:33.92	LR:0.07 -- best valacc 40.46

Started EPOCH:119
[TRAIN] E: [119][ 0/45]	Loss 1.7520e+00 (1.7520e+00)	Acc@1  37.20 ( 37.20)	Acc@5  67.20 ( 67.20)
[TRAIN] E: [119][44/45]	Loss 1.7266e+00 (1.7525e+00)	Acc@1  38.10 ( 39.04)	Acc@5  69.80 ( 69.47)
[EVAL] E: [119][0/5]	Loss 3.0095e+00 (3.0095e+00)	Acc@1  31.20 ( 31.20)	Acc@5  61.00 ( 61.00)
[EVAL] E: [119][4/5]	Loss 2.9083e+00 (3.0143e+00)	Acc@1  32.30 ( 31.60)	Acc@5  63.00 ( 60.86)
		 Valid eval after epoch: loss:3.0143	latest_acc:31.60	LR:0.07 -- best valacc 40.46

Started EPOCH:120
[TRAIN] E: [120][ 0/45]	Loss 1.7535e+00 (1.7535e+00)	Acc@1  40.90 ( 40.90)	Acc@5  70.90 ( 70.90)
[TRAIN] E: [120][44/45]	Loss 1.7441e+00 (1.7330e+00)	Acc@1  38.30 ( 39.59)	Acc@5  68.50 ( 69.74)
[EVAL] E: [120][0/5]	Loss 2.6512e+00 (2.6512e+00)	Acc@1  34.10 ( 34.10)	Acc@5  63.80 ( 63.80)
[EVAL] E: [120][4/5]	Loss 2.5716e+00 (2.6823e+00)	Acc@1  37.40 ( 34.10)	Acc@5  66.20 ( 63.68)
		 Valid eval after epoch: loss:2.6823	latest_acc:34.10	LR:0.06 -- best valacc 40.46

Started EPOCH:121
[TRAIN] E: [121][ 0/45]	Loss 1.7441e+00 (1.7441e+00)	Acc@1  40.90 ( 40.90)	Acc@5  71.80 ( 71.80)
[TRAIN] E: [121][44/45]	Loss 1.7385e+00 (1.7390e+00)	Acc@1  36.80 ( 39.08)	Acc@5  68.10 ( 69.65)
[EVAL] E: [121][0/5]	Loss 2.6566e+00 (2.6566e+00)	Acc@1  34.30 ( 34.30)	Acc@5  65.90 ( 65.90)
[EVAL] E: [121][4/5]	Loss 2.6589e+00 (2.6508e+00)	Acc@1  34.20 ( 35.00)	Acc@5  65.80 ( 65.56)
		 Valid eval after epoch: loss:2.6508	latest_acc:35.00	LR:0.06 -- best valacc 40.46

Started EPOCH:122
[TRAIN] E: [122][ 0/45]	Loss 1.7154e+00 (1.7154e+00)	Acc@1  43.60 ( 43.60)	Acc@5  72.30 ( 72.30)
[TRAIN] E: [122][44/45]	Loss 1.8028e+00 (1.7135e+00)	Acc@1  39.20 ( 39.73)	Acc@5  68.20 ( 69.74)
[EVAL] E: [122][0/5]	Loss 2.7344e+00 (2.7344e+00)	Acc@1  34.50 ( 34.50)	Acc@5  62.70 ( 62.70)
[EVAL] E: [122][4/5]	Loss 2.7353e+00 (2.8343e+00)	Acc@1  34.60 ( 32.06)	Acc@5  63.00 ( 61.50)
		 Valid eval after epoch: loss:2.8343	latest_acc:32.06	LR:0.06 -- best valacc 40.46

Started EPOCH:123
[TRAIN] E: [123][ 0/45]	Loss 1.7180e+00 (1.7180e+00)	Acc@1  39.80 ( 39.80)	Acc@5  68.70 ( 68.70)
[TRAIN] E: [123][44/45]	Loss 1.7167e+00 (1.7109e+00)	Acc@1  42.20 ( 39.47)	Acc@5  71.60 ( 70.15)
[EVAL] E: [123][0/5]	Loss 2.9824e+00 (2.9824e+00)	Acc@1  29.50 ( 29.50)	Acc@5  60.30 ( 60.30)
[EVAL] E: [123][4/5]	Loss 3.0153e+00 (3.0423e+00)	Acc@1  30.20 ( 29.84)	Acc@5  59.50 ( 59.32)
		 Valid eval after epoch: loss:3.0423	latest_acc:29.84	LR:0.05 -- best valacc 40.46

Started EPOCH:124
[TRAIN] E: [124][ 0/45]	Loss 1.6647e+00 (1.6647e+00)	Acc@1  39.30 ( 39.30)	Acc@5  68.50 ( 68.50)
[TRAIN] E: [124][44/45]	Loss 1.6922e+00 (1.6990e+00)	Acc@1  41.70 ( 39.93)	Acc@5  69.40 ( 70.08)
[EVAL] E: [124][0/5]	Loss 2.5937e+00 (2.5937e+00)	Acc@1  36.00 ( 36.00)	Acc@5  66.00 ( 66.00)
[EVAL] E: [124][4/5]	Loss 2.6427e+00 (2.6397e+00)	Acc@1  35.70 ( 35.80)	Acc@5  66.80 ( 65.38)
		 Valid eval after epoch: loss:2.6397	latest_acc:35.80	LR:0.05 -- best valacc 40.46

Started EPOCH:125
[TRAIN] E: [125][ 0/45]	Loss 1.6877e+00 (1.6877e+00)	Acc@1  40.80 ( 40.80)	Acc@5  70.20 ( 70.20)
[TRAIN] E: [125][44/45]	Loss 1.6740e+00 (1.6790e+00)	Acc@1  38.30 ( 40.20)	Acc@5  70.10 ( 70.44)
[EVAL] E: [125][0/5]	Loss 2.4634e+00 (2.4634e+00)	Acc@1  36.50 ( 36.50)	Acc@5  66.00 ( 66.00)
[EVAL] E: [125][4/5]	Loss 2.4564e+00 (2.4963e+00)	Acc@1  37.60 ( 37.04)	Acc@5  68.30 ( 66.14)
		 Valid eval after epoch: loss:2.4963	latest_acc:37.04	LR:0.05 -- best valacc 40.46

Started EPOCH:126
[TRAIN] E: [126][ 0/45]	Loss 1.7428e+00 (1.7428e+00)	Acc@1  39.70 ( 39.70)	Acc@5  71.60 ( 71.60)
[TRAIN] E: [126][44/45]	Loss 1.6642e+00 (1.6811e+00)	Acc@1  42.40 ( 40.15)	Acc@5  71.70 ( 70.19)
[EVAL] E: [126][0/5]	Loss 2.4793e+00 (2.4793e+00)	Acc@1  36.30 ( 36.30)	Acc@5  66.30 ( 66.30)
[EVAL] E: [126][4/5]	Loss 2.4510e+00 (2.5073e+00)	Acc@1  37.90 ( 37.16)	Acc@5  68.70 ( 66.94)
		 Valid eval after epoch: loss:2.5073	latest_acc:37.16	LR:0.04 -- best valacc 40.46

Started EPOCH:127
[TRAIN] E: [127][ 0/45]	Loss 1.6523e+00 (1.6523e+00)	Acc@1  41.70 ( 41.70)	Acc@5  70.10 ( 70.10)
[TRAIN] E: [127][44/45]	Loss 1.6315e+00 (1.6640e+00)	Acc@1  41.50 ( 40.44)	Acc@5  71.10 ( 70.62)
[EVAL] E: [127][0/5]	Loss 2.4488e+00 (2.4488e+00)	Acc@1  37.90 ( 37.90)	Acc@5  69.00 ( 69.00)
[EVAL] E: [127][4/5]	Loss 2.4719e+00 (2.5118e+00)	Acc@1  37.80 ( 37.00)	Acc@5  67.90 ( 67.64)
		 Valid eval after epoch: loss:2.5118	latest_acc:37.00	LR:0.04 -- best valacc 40.46

Started EPOCH:128
[TRAIN] E: [128][ 0/45]	Loss 1.6653e+00 (1.6653e+00)	Acc@1  38.90 ( 38.90)	Acc@5  71.90 ( 71.90)
[TRAIN] E: [128][44/45]	Loss 1.6241e+00 (1.6592e+00)	Acc@1  40.00 ( 40.58)	Acc@5  68.30 ( 70.86)
[EVAL] E: [128][0/5]	Loss 2.4760e+00 (2.4760e+00)	Acc@1  39.30 ( 39.30)	Acc@5  68.20 ( 68.20)
[EVAL] E: [128][4/5]	Loss 2.5565e+00 (2.5826e+00)	Acc@1  39.00 ( 36.98)	Acc@5  67.80 ( 66.46)
		 Valid eval after epoch: loss:2.5826	latest_acc:36.98	LR:0.04 -- best valacc 40.46

Started EPOCH:129
[TRAIN] E: [129][ 0/45]	Loss 1.6666e+00 (1.6666e+00)	Acc@1  42.70 ( 42.70)	Acc@5  72.30 ( 72.30)
[TRAIN] E: [129][44/45]	Loss 1.7148e+00 (1.6511e+00)	Acc@1  42.30 ( 40.61)	Acc@5  73.50 ( 70.81)
[EVAL] E: [129][0/5]	Loss 2.5695e+00 (2.5695e+00)	Acc@1  37.40 ( 37.40)	Acc@5  64.10 ( 64.10)
[EVAL] E: [129][4/5]	Loss 2.5891e+00 (2.6490e+00)	Acc@1  34.60 ( 34.56)	Acc@5  64.20 ( 63.38)
		 Valid eval after epoch: loss:2.6490	latest_acc:34.56	LR:0.03 -- best valacc 40.46

Started EPOCH:130
[TRAIN] E: [130][ 0/45]	Loss 1.6643e+00 (1.6643e+00)	Acc@1  40.70 ( 40.70)	Acc@5  70.60 ( 70.60)
[TRAIN] E: [130][44/45]	Loss 1.6396e+00 (1.6531e+00)	Acc@1  40.60 ( 40.42)	Acc@5  69.50 ( 70.86)
[EVAL] E: [130][0/5]	Loss 2.6888e+00 (2.6888e+00)	Acc@1  36.20 ( 36.20)	Acc@5  64.60 ( 64.60)
[EVAL] E: [130][4/5]	Loss 2.6378e+00 (2.7702e+00)	Acc@1  36.70 ( 33.66)	Acc@5  66.20 ( 63.22)
		 Valid eval after epoch: loss:2.7702	latest_acc:33.66	LR:0.03 -- best valacc 40.46

Started EPOCH:131
[TRAIN] E: [131][ 0/45]	Loss 1.5832e+00 (1.5832e+00)	Acc@1  41.90 ( 41.90)	Acc@5  70.90 ( 70.90)
[TRAIN] E: [131][44/45]	Loss 1.6362e+00 (1.6238e+00)	Acc@1  40.00 ( 40.86)	Acc@5  70.60 ( 70.94)
[EVAL] E: [131][0/5]	Loss 2.5958e+00 (2.5958e+00)	Acc@1  34.70 ( 34.70)	Acc@5  67.00 ( 67.00)
[EVAL] E: [131][4/5]	Loss 2.5962e+00 (2.6694e+00)	Acc@1  35.90 ( 33.80)	Acc@5  64.90 ( 64.22)
		 Valid eval after epoch: loss:2.6694	latest_acc:33.80	LR:0.03 -- best valacc 40.46

Started EPOCH:132
[TRAIN] E: [132][ 0/45]	Loss 1.6572e+00 (1.6572e+00)	Acc@1  40.40 ( 40.40)	Acc@5  69.80 ( 69.80)
[TRAIN] E: [132][44/45]	Loss 1.5880e+00 (1.6150e+00)	Acc@1  38.80 ( 41.00)	Acc@5  69.00 ( 71.19)
[EVAL] E: [132][0/5]	Loss 2.6407e+00 (2.6407e+00)	Acc@1  35.20 ( 35.20)	Acc@5  65.60 ( 65.60)
[EVAL] E: [132][4/5]	Loss 2.5828e+00 (2.6019e+00)	Acc@1  35.80 ( 36.30)	Acc@5  66.40 ( 65.82)
		 Valid eval after epoch: loss:2.6019	latest_acc:36.30	LR:0.03 -- best valacc 40.46

Started EPOCH:133
[TRAIN] E: [133][ 0/45]	Loss 1.6654e+00 (1.6654e+00)	Acc@1  38.70 ( 38.70)	Acc@5  70.00 ( 70.00)
[TRAIN] E: [133][44/45]	Loss 1.6034e+00 (1.6042e+00)	Acc@1  41.20 ( 41.16)	Acc@5  68.90 ( 71.08)
[EVAL] E: [133][0/5]	Loss 2.4505e+00 (2.4505e+00)	Acc@1  37.60 ( 37.60)	Acc@5  68.30 ( 68.30)
[EVAL] E: [133][4/5]	Loss 2.3499e+00 (2.4446e+00)	Acc@1  41.20 ( 38.72)	Acc@5  70.60 ( 68.10)
		 Valid eval after epoch: loss:2.4446	latest_acc:38.72	LR:0.02 -- best valacc 40.46

Started EPOCH:134
[TRAIN] E: [134][ 0/45]	Loss 1.6570e+00 (1.6570e+00)	Acc@1  41.60 ( 41.60)	Acc@5  73.00 ( 73.00)
[TRAIN] E: [134][44/45]	Loss 1.6374e+00 (1.5991e+00)	Acc@1  39.00 ( 41.16)	Acc@5  70.30 ( 71.72)
[EVAL] E: [134][0/5]	Loss 2.3924e+00 (2.3924e+00)	Acc@1  39.30 ( 39.30)	Acc@5  69.40 ( 69.40)
[EVAL] E: [134][4/5]	Loss 2.3215e+00 (2.3891e+00)	Acc@1  40.70 ( 39.66)	Acc@5  70.00 ( 68.84)
		 Valid eval after epoch: loss:2.3891	latest_acc:39.66	LR:0.02 -- best valacc 40.46

Started EPOCH:135
[TRAIN] E: [135][ 0/45]	Loss 1.6013e+00 (1.6013e+00)	Acc@1  41.90 ( 41.90)	Acc@5  72.70 ( 72.70)
[TRAIN] E: [135][44/45]	Loss 1.6485e+00 (1.5879e+00)	Acc@1  43.40 ( 41.46)	Acc@5  71.60 ( 71.31)
[EVAL] E: [135][0/5]	Loss 2.5802e+00 (2.5802e+00)	Acc@1  35.40 ( 35.40)	Acc@5  65.20 ( 65.20)
[EVAL] E: [135][4/5]	Loss 2.5318e+00 (2.5326e+00)	Acc@1  35.00 ( 36.02)	Acc@5  66.90 ( 66.26)
		 Valid eval after epoch: loss:2.5326	latest_acc:36.02	LR:0.02 -- best valacc 40.46

Started EPOCH:136
[TRAIN] E: [136][ 0/45]	Loss 1.5405e+00 (1.5405e+00)	Acc@1  42.30 ( 42.30)	Acc@5  73.50 ( 73.50)
[TRAIN] E: [136][44/45]	Loss 1.5935e+00 (1.5865e+00)	Acc@1  42.80 ( 41.47)	Acc@5  71.70 ( 71.46)
[EVAL] E: [136][0/5]	Loss 2.3294e+00 (2.3294e+00)	Acc@1  39.00 ( 39.00)	Acc@5  70.00 ( 70.00)
[EVAL] E: [136][4/5]	Loss 2.3798e+00 (2.4200e+00)	Acc@1  39.20 ( 38.44)	Acc@5  68.00 ( 67.76)
		 Valid eval after epoch: loss:2.4200	latest_acc:38.44	LR:0.02 -- best valacc 40.46

Started EPOCH:137
[TRAIN] E: [137][ 0/45]	Loss 1.5856e+00 (1.5856e+00)	Acc@1  39.40 ( 39.40)	Acc@5  70.40 ( 70.40)
[TRAIN] E: [137][44/45]	Loss 1.5550e+00 (1.5760e+00)	Acc@1  42.60 ( 41.84)	Acc@5  70.90 ( 71.61)
[EVAL] E: [137][0/5]	Loss 2.3845e+00 (2.3845e+00)	Acc@1  40.50 ( 40.50)	Acc@5  68.50 ( 68.50)
[EVAL] E: [137][4/5]	Loss 2.4020e+00 (2.4243e+00)	Acc@1  39.30 ( 38.84)	Acc@5  69.40 ( 68.58)
		 Valid eval after epoch: loss:2.4243	latest_acc:38.84	LR:0.01 -- best valacc 40.46

Started EPOCH:138
[TRAIN] E: [138][ 0/45]	Loss 1.6226e+00 (1.6226e+00)	Acc@1  43.40 ( 43.40)	Acc@5  74.30 ( 74.30)
[TRAIN] E: [138][44/45]	Loss 1.5847e+00 (1.5672e+00)	Acc@1  41.40 ( 41.67)	Acc@5  72.10 ( 71.88)
[EVAL] E: [138][0/5]	Loss 2.3317e+00 (2.3317e+00)	Acc@1  40.30 ( 40.30)	Acc@5  69.20 ( 69.20)
[EVAL] E: [138][4/5]	Loss 2.4295e+00 (2.3941e+00)	Acc@1  38.10 ( 39.04)	Acc@5  68.50 ( 68.76)
		 Valid eval after epoch: loss:2.3941	latest_acc:39.04	LR:0.01 -- best valacc 40.46

Started EPOCH:139
[TRAIN] E: [139][ 0/45]	Loss 1.5522e+00 (1.5522e+00)	Acc@1  40.60 ( 40.60)	Acc@5  72.80 ( 72.80)
[TRAIN] E: [139][44/45]	Loss 1.5343e+00 (1.5574e+00)	Acc@1  39.40 ( 41.86)	Acc@5  68.90 ( 71.57)
[EVAL] E: [139][0/5]	Loss 2.3515e+00 (2.3515e+00)	Acc@1  39.50 ( 39.50)	Acc@5  70.20 ( 70.20)
[EVAL] E: [139][4/5]	Loss 2.4539e+00 (2.4472e+00)	Acc@1  39.00 ( 38.08)	Acc@5  67.60 ( 68.44)
		 Valid eval after epoch: loss:2.4472	latest_acc:38.08	LR:0.01 -- best valacc 40.46

Started EPOCH:140
[TRAIN] E: [140][ 0/45]	Loss 1.5423e+00 (1.5423e+00)	Acc@1  41.10 ( 41.10)	Acc@5  69.20 ( 69.20)
[TRAIN] E: [140][44/45]	Loss 1.5003e+00 (1.5564e+00)	Acc@1  39.60 ( 41.63)	Acc@5  70.00 ( 71.86)
[EVAL] E: [140][0/5]	Loss 2.3616e+00 (2.3616e+00)	Acc@1  38.70 ( 38.70)	Acc@5  68.80 ( 68.80)
[EVAL] E: [140][4/5]	Loss 2.2837e+00 (2.3715e+00)	Acc@1  40.70 ( 38.92)	Acc@5  71.50 ( 69.48)
		 Valid eval after epoch: loss:2.3715	latest_acc:38.92	LR:0.01 -- best valacc 40.46

Started EPOCH:141
[TRAIN] E: [141][ 0/45]	Loss 1.5872e+00 (1.5872e+00)	Acc@1  44.20 ( 44.20)	Acc@5  73.20 ( 73.20)
[TRAIN] E: [141][44/45]	Loss 1.5429e+00 (1.5431e+00)	Acc@1  42.00 ( 41.55)	Acc@5  72.90 ( 71.74)
[EVAL] E: [141][0/5]	Loss 2.3180e+00 (2.3180e+00)	Acc@1  40.00 ( 40.00)	Acc@5  71.70 ( 71.70)
[EVAL] E: [141][4/5]	Loss 2.3110e+00 (2.3502e+00)	Acc@1  42.00 ( 40.14)	Acc@5  70.10 ( 70.04)
		 Valid eval after epoch: loss:2.3502	latest_acc:40.14	LR:0.01 -- best valacc 40.46

Started EPOCH:142
[TRAIN] E: [142][ 0/45]	Loss 1.5090e+00 (1.5090e+00)	Acc@1  42.80 ( 42.80)	Acc@5  73.20 ( 73.20)
[TRAIN] E: [142][44/45]	Loss 1.5559e+00 (1.5322e+00)	Acc@1  41.40 ( 41.77)	Acc@5  72.00 ( 71.83)
[EVAL] E: [142][0/5]	Loss 2.3159e+00 (2.3159e+00)	Acc@1  40.10 ( 40.10)	Acc@5  70.60 ( 70.60)
[EVAL] E: [142][4/5]	Loss 2.3615e+00 (2.3366e+00)	Acc@1  40.30 ( 40.04)	Acc@5  69.50 ( 70.20)
		 Valid eval after epoch: loss:2.3366	latest_acc:40.04	LR:0.00 -- best valacc 40.46

Started EPOCH:143
[TRAIN] E: [143][ 0/45]	Loss 1.5179e+00 (1.5179e+00)	Acc@1  42.80 ( 42.80)	Acc@5  71.00 ( 71.00)
[TRAIN] E: [143][44/45]	Loss 1.4745e+00 (1.5351e+00)	Acc@1  43.80 ( 41.90)	Acc@5  70.60 ( 71.77)
[EVAL] E: [143][0/5]	Loss 2.2925e+00 (2.2925e+00)	Acc@1  42.30 ( 42.30)	Acc@5  71.10 ( 71.10)
[EVAL] E: [143][4/5]	Loss 2.2491e+00 (2.3193e+00)	Acc@1  42.90 ( 40.62)	Acc@5  70.50 ( 70.62)
		 Valid eval after epoch: loss:2.3193	latest_acc:40.62	LR:0.00 -- best valacc 40.62

Started EPOCH:144
[TRAIN] E: [144][ 0/45]	Loss 1.5642e+00 (1.5642e+00)	Acc@1  42.50 ( 42.50)	Acc@5  71.40 ( 71.40)
[TRAIN] E: [144][44/45]	Loss 1.5507e+00 (1.5431e+00)	Acc@1  40.90 ( 42.16)	Acc@5  71.70 ( 72.06)
[EVAL] E: [144][0/5]	Loss 2.3009e+00 (2.3009e+00)	Acc@1  39.60 ( 39.60)	Acc@5  70.10 ( 70.10)
[EVAL] E: [144][4/5]	Loss 2.3504e+00 (2.3408e+00)	Acc@1  39.90 ( 39.90)	Acc@5  69.60 ( 69.68)
		 Valid eval after epoch: loss:2.3408	latest_acc:39.90	LR:0.00 -- best valacc 40.62

Started EPOCH:145
[TRAIN] E: [145][ 0/45]	Loss 1.4858e+00 (1.4858e+00)	Acc@1  42.30 ( 42.30)	Acc@5  68.30 ( 68.30)
[TRAIN] E: [145][44/45]	Loss 1.5536e+00 (1.5338e+00)	Acc@1  44.20 ( 42.11)	Acc@5  74.40 ( 72.02)
[EVAL] E: [145][0/5]	Loss 2.2874e+00 (2.2874e+00)	Acc@1  40.70 ( 40.70)	Acc@5  71.40 ( 71.40)
[EVAL] E: [145][4/5]	Loss 2.2087e+00 (2.3120e+00)	Acc@1  43.00 ( 41.32)	Acc@5  72.40 ( 70.36)
		 Valid eval after epoch: loss:2.3120	latest_acc:41.32	LR:0.00 -- best valacc 41.32

Started EPOCH:146
[TRAIN] E: [146][ 0/45]	Loss 1.4547e+00 (1.4547e+00)	Acc@1  41.10 ( 41.10)	Acc@5  73.80 ( 73.80)
[TRAIN] E: [146][44/45]	Loss 1.4872e+00 (1.5278e+00)	Acc@1  40.40 ( 41.98)	Acc@5  71.50 ( 71.97)
[EVAL] E: [146][0/5]	Loss 2.3156e+00 (2.3156e+00)	Acc@1  39.40 ( 39.40)	Acc@5  70.60 ( 70.60)
[EVAL] E: [146][4/5]	Loss 2.2811e+00 (2.3286e+00)	Acc@1  41.70 ( 40.20)	Acc@5  70.60 ( 70.38)
		 Valid eval after epoch: loss:2.3286	latest_acc:40.20	LR:0.00 -- best valacc 41.32

Started EPOCH:147
[TRAIN] E: [147][ 0/45]	Loss 1.5290e+00 (1.5290e+00)	Acc@1  42.70 ( 42.70)	Acc@5  74.50 ( 74.50)
[TRAIN] E: [147][44/45]	Loss 1.4999e+00 (1.5191e+00)	Acc@1  44.20 ( 42.16)	Acc@5  73.00 ( 71.92)
[EVAL] E: [147][0/5]	Loss 2.2851e+00 (2.2851e+00)	Acc@1  40.60 ( 40.60)	Acc@5  71.30 ( 71.30)
[EVAL] E: [147][4/5]	Loss 2.2816e+00 (2.3090e+00)	Acc@1  41.50 ( 40.64)	Acc@5  71.50 ( 70.94)
		 Valid eval after epoch: loss:2.3090	latest_acc:40.64	LR:0.00 -- best valacc 41.32

Started EPOCH:148
[TRAIN] E: [148][ 0/45]	Loss 1.4771e+00 (1.4771e+00)	Acc@1  43.00 ( 43.00)	Acc@5  71.80 ( 71.80)
[TRAIN] E: [148][44/45]	Loss 1.5333e+00 (1.5149e+00)	Acc@1  42.30 ( 42.34)	Acc@5  74.10 ( 72.22)
[EVAL] E: [148][0/5]	Loss 2.2640e+00 (2.2640e+00)	Acc@1  42.00 ( 42.00)	Acc@5  71.80 ( 71.80)
[EVAL] E: [148][4/5]	Loss 2.3444e+00 (2.3192e+00)	Acc@1  40.80 ( 40.84)	Acc@5  69.80 ( 70.32)
		 Valid eval after epoch: loss:2.3192	latest_acc:40.84	LR:0.00 -- best valacc 41.32

Started EPOCH:149
[TRAIN] E: [149][ 0/45]	Loss 1.5497e+00 (1.5497e+00)	Acc@1  42.10 ( 42.10)	Acc@5  72.90 ( 72.90)
[TRAIN] E: [149][44/45]	Loss 1.4960e+00 (1.5205e+00)	Acc@1  40.70 ( 42.28)	Acc@5  70.50 ( 72.20)
[EVAL] E: [149][0/5]	Loss 2.3317e+00 (2.3317e+00)	Acc@1  40.60 ( 40.60)	Acc@5  70.80 ( 70.80)
[EVAL] E: [149][4/5]	Loss 2.2931e+00 (2.3366e+00)	Acc@1  41.60 ( 40.46)	Acc@5  71.20 ( 70.00)
		 Valid eval after epoch: loss:2.3366	latest_acc:40.46	LR:0.00 -- best valacc 41.32

Started EPOCH:150
[TRAIN] E: [150][ 0/45]	Loss 1.5793e+00 (1.5793e+00)	Acc@1  43.50 ( 43.50)	Acc@5  73.60 ( 73.60)
[TRAIN] E: [150][44/45]	Loss 1.5222e+00 (1.5193e+00)	Acc@1  43.00 ( 42.33)	Acc@5  73.80 ( 72.24)
[EVAL] E: [150][0/5]	Loss 2.2938e+00 (2.2938e+00)	Acc@1  41.40 ( 41.40)	Acc@5  70.80 ( 70.80)
[EVAL] E: [150][4/5]	Loss 2.2734e+00 (2.3417e+00)	Acc@1  41.20 ( 40.68)	Acc@5  71.50 ( 69.86)
		 Valid eval after epoch: loss:2.3417	latest_acc:40.68	LR:0.00 -- best valacc 41.32

Started EPOCH:151
[TRAIN] E: [151][ 0/45]	Loss 1.5439e+00 (1.5439e+00)	Acc@1  42.90 ( 42.90)	Acc@5  73.50 ( 73.50)
[TRAIN] E: [151][44/45]	Loss 1.5693e+00 (1.5276e+00)	Acc@1  41.10 ( 42.08)	Acc@5  70.00 ( 72.06)
[EVAL] E: [151][0/5]	Loss 2.2542e+00 (2.2542e+00)	Acc@1  40.80 ( 40.80)	Acc@5  71.10 ( 71.10)
[EVAL] E: [151][4/5]	Loss 2.3097e+00 (2.3236e+00)	Acc@1  40.90 ( 40.16)	Acc@5  69.40 ( 70.20)
		 Valid eval after epoch: loss:2.3236	latest_acc:40.16	LR:0.00 -- best valacc 41.32

Started EPOCH:152
[TRAIN] E: [152][ 0/45]	Loss 1.4918e+00 (1.4918e+00)	Acc@1  42.50 ( 42.50)	Acc@5  73.50 ( 73.50)
[TRAIN] E: [152][44/45]	Loss 1.4847e+00 (1.5195e+00)	Acc@1  39.90 ( 42.32)	Acc@5  71.50 ( 72.30)
[EVAL] E: [152][0/5]	Loss 2.3075e+00 (2.3075e+00)	Acc@1  41.40 ( 41.40)	Acc@5  70.60 ( 70.60)
[EVAL] E: [152][4/5]	Loss 2.3265e+00 (2.3360e+00)	Acc@1  40.50 ( 40.58)	Acc@5  68.90 ( 69.90)
		 Valid eval after epoch: loss:2.3360	latest_acc:40.58	LR:0.00 -- best valacc 41.32

Started EPOCH:153
[TRAIN] E: [153][ 0/45]	Loss 1.4707e+00 (1.4707e+00)	Acc@1  42.10 ( 42.10)	Acc@5  70.60 ( 70.60)
[TRAIN] E: [153][44/45]	Loss 1.5500e+00 (1.5116e+00)	Acc@1  44.20 ( 42.56)	Acc@5  70.90 ( 72.03)
[EVAL] E: [153][0/5]	Loss 2.3033e+00 (2.3033e+00)	Acc@1  40.50 ( 40.50)	Acc@5  71.30 ( 71.30)
[EVAL] E: [153][4/5]	Loss 2.2909e+00 (2.3252e+00)	Acc@1  42.80 ( 40.92)	Acc@5  70.80 ( 70.72)
		 Valid eval after epoch: loss:2.3252	latest_acc:40.92	LR:0.00 -- best valacc 41.32

Started EPOCH:154
[TRAIN] E: [154][ 0/45]	Loss 1.5599e+00 (1.5599e+00)	Acc@1  41.70 ( 41.70)	Acc@5  71.00 ( 71.00)
[TRAIN] E: [154][44/45]	Loss 1.5095e+00 (1.5186e+00)	Acc@1  43.00 ( 42.34)	Acc@5  72.50 ( 72.29)
[EVAL] E: [154][0/5]	Loss 2.3433e+00 (2.3433e+00)	Acc@1  38.60 ( 38.60)	Acc@5  69.50 ( 69.50)
[EVAL] E: [154][4/5]	Loss 2.2193e+00 (2.3541e+00)	Acc@1  41.20 ( 38.90)	Acc@5  73.30 ( 69.96)
		 Valid eval after epoch: loss:2.3541	latest_acc:38.90	LR:0.00 -- best valacc 41.32

Started EPOCH:155
[TRAIN] E: [155][ 0/45]	Loss 1.5351e+00 (1.5351e+00)	Acc@1  43.00 ( 43.00)	Acc@5  71.10 ( 71.10)
[TRAIN] E: [155][44/45]	Loss 1.5927e+00 (1.5238e+00)	Acc@1  43.30 ( 42.08)	Acc@5  72.80 ( 71.99)
[EVAL] E: [155][0/5]	Loss 2.2524e+00 (2.2524e+00)	Acc@1  41.70 ( 41.70)	Acc@5  72.10 ( 72.10)
[EVAL] E: [155][4/5]	Loss 2.3237e+00 (2.3329e+00)	Acc@1  41.30 ( 40.62)	Acc@5  71.00 ( 70.98)
		 Valid eval after epoch: loss:2.3329	latest_acc:40.62	LR:0.00 -- best valacc 41.32

Started EPOCH:156
[TRAIN] E: [156][ 0/45]	Loss 1.5454e+00 (1.5454e+00)	Acc@1  43.70 ( 43.70)	Acc@5  73.60 ( 73.60)
[TRAIN] E: [156][44/45]	Loss 1.5485e+00 (1.5288e+00)	Acc@1  40.20 ( 42.17)	Acc@5  70.00 ( 72.12)
[EVAL] E: [156][0/5]	Loss 2.2541e+00 (2.2541e+00)	Acc@1  42.30 ( 42.30)	Acc@5  71.60 ( 71.60)
[EVAL] E: [156][4/5]	Loss 2.2609e+00 (2.3279e+00)	Acc@1  40.50 ( 40.64)	Acc@5  70.90 ( 69.80)
		 Valid eval after epoch: loss:2.3279	latest_acc:40.64	LR:0.00 -- best valacc 41.32

Started EPOCH:157
[TRAIN] E: [157][ 0/45]	Loss 1.5077e+00 (1.5077e+00)	Acc@1  42.90 ( 42.90)	Acc@5  72.50 ( 72.50)
[TRAIN] E: [157][44/45]	Loss 1.4979e+00 (1.5312e+00)	Acc@1  43.20 ( 42.04)	Acc@5  74.10 ( 72.22)
[EVAL] E: [157][0/5]	Loss 2.2813e+00 (2.2813e+00)	Acc@1  41.30 ( 41.30)	Acc@5  72.00 ( 72.00)
[EVAL] E: [157][4/5]	Loss 2.3235e+00 (2.3496e+00)	Acc@1  38.80 ( 39.86)	Acc@5  70.80 ( 70.36)
		 Valid eval after epoch: loss:2.3496	latest_acc:39.86	LR:0.01 -- best valacc 41.32

Started EPOCH:158
[TRAIN] E: [158][ 0/45]	Loss 1.4958e+00 (1.4958e+00)	Acc@1  40.80 ( 40.80)	Acc@5  71.50 ( 71.50)
[TRAIN] E: [158][44/45]	Loss 1.5497e+00 (1.5354e+00)	Acc@1  40.70 ( 42.03)	Acc@5  70.90 ( 72.09)
[EVAL] E: [158][0/5]	Loss 2.3150e+00 (2.3150e+00)	Acc@1  41.50 ( 41.50)	Acc@5  70.90 ( 70.90)
[EVAL] E: [158][4/5]	Loss 2.3550e+00 (2.3619e+00)	Acc@1  38.20 ( 39.74)	Acc@5  69.20 ( 68.90)
		 Valid eval after epoch: loss:2.3619	latest_acc:39.74	LR:0.01 -- best valacc 41.32

Started EPOCH:159
[TRAIN] E: [159][ 0/45]	Loss 1.5138e+00 (1.5138e+00)	Acc@1  43.00 ( 43.00)	Acc@5  73.50 ( 73.50)
[TRAIN] E: [159][44/45]	Loss 1.5137e+00 (1.5348e+00)	Acc@1  44.00 ( 42.16)	Acc@5  73.30 ( 71.80)
[EVAL] E: [159][0/5]	Loss 2.3156e+00 (2.3156e+00)	Acc@1  40.90 ( 40.90)	Acc@5  70.00 ( 70.00)
[EVAL] E: [159][4/5]	Loss 2.3425e+00 (2.3915e+00)	Acc@1  39.60 ( 38.84)	Acc@5  70.10 ( 68.82)
		 Valid eval after epoch: loss:2.3915	latest_acc:38.84	LR:0.01 -- best valacc 41.32

Started EPOCH:160
[TRAIN] E: [160][ 0/45]	Loss 1.5894e+00 (1.5894e+00)	Acc@1  40.80 ( 40.80)	Acc@5  71.30 ( 71.30)
[TRAIN] E: [160][44/45]	Loss 1.5546e+00 (1.5404e+00)	Acc@1  41.90 ( 42.04)	Acc@5  70.30 ( 71.76)
[EVAL] E: [160][0/5]	Loss 2.2722e+00 (2.2722e+00)	Acc@1  41.50 ( 41.50)	Acc@5  71.00 ( 71.00)
[EVAL] E: [160][4/5]	Loss 2.2826e+00 (2.3358e+00)	Acc@1  42.30 ( 40.64)	Acc@5  70.60 ( 69.86)
		 Valid eval after epoch: loss:2.3358	latest_acc:40.64	LR:0.01 -- best valacc 41.32

Started EPOCH:161
[TRAIN] E: [161][ 0/45]	Loss 1.5222e+00 (1.5222e+00)	Acc@1  43.50 ( 43.50)	Acc@5  72.50 ( 72.50)
[TRAIN] E: [161][44/45]	Loss 1.5450e+00 (1.5433e+00)	Acc@1  42.30 ( 42.02)	Acc@5  72.30 ( 71.99)
[EVAL] E: [161][0/5]	Loss 2.2801e+00 (2.2801e+00)	Acc@1  41.10 ( 41.10)	Acc@5  71.40 ( 71.40)
[EVAL] E: [161][4/5]	Loss 2.3213e+00 (2.3519e+00)	Acc@1  41.60 ( 39.88)	Acc@5  71.70 ( 70.56)
		 Valid eval after epoch: loss:2.3519	latest_acc:39.88	LR:0.01 -- best valacc 41.32

Started EPOCH:162
[TRAIN] E: [162][ 0/45]	Loss 1.4748e+00 (1.4748e+00)	Acc@1  43.40 ( 43.40)	Acc@5  74.10 ( 74.10)
[TRAIN] E: [162][44/45]	Loss 1.4947e+00 (1.5548e+00)	Acc@1  45.10 ( 41.63)	Acc@5  71.40 ( 71.76)
[EVAL] E: [162][0/5]	Loss 2.4902e+00 (2.4902e+00)	Acc@1  37.20 ( 37.20)	Acc@5  66.40 ( 66.40)
[EVAL] E: [162][4/5]	Loss 2.4706e+00 (2.4552e+00)	Acc@1  37.60 ( 38.26)	Acc@5  69.10 ( 68.40)
		 Valid eval after epoch: loss:2.4552	latest_acc:38.26	LR:0.02 -- best valacc 41.32

Started EPOCH:163
[TRAIN] E: [163][ 0/45]	Loss 1.5488e+00 (1.5488e+00)	Acc@1  41.40 ( 41.40)	Acc@5  72.70 ( 72.70)
[TRAIN] E: [163][44/45]	Loss 1.5437e+00 (1.5594e+00)	Acc@1  42.00 ( 41.80)	Acc@5  70.30 ( 71.89)
[EVAL] E: [163][0/5]	Loss 2.3328e+00 (2.3328e+00)	Acc@1  39.80 ( 39.80)	Acc@5  69.70 ( 69.70)
[EVAL] E: [163][4/5]	Loss 2.3939e+00 (2.3699e+00)	Acc@1  39.50 ( 39.38)	Acc@5  69.20 ( 70.00)
		 Valid eval after epoch: loss:2.3699	latest_acc:39.38	LR:0.02 -- best valacc 41.32

Started EPOCH:164
[TRAIN] E: [164][ 0/45]	Loss 1.5831e+00 (1.5831e+00)	Acc@1  41.30 ( 41.30)	Acc@5  73.00 ( 73.00)
[TRAIN] E: [164][44/45]	Loss 1.5044e+00 (1.5688e+00)	Acc@1  41.20 ( 41.32)	Acc@5  72.00 ( 71.65)
[EVAL] E: [164][0/5]	Loss 2.3488e+00 (2.3488e+00)	Acc@1  38.70 ( 38.70)	Acc@5  69.90 ( 69.90)
[EVAL] E: [164][4/5]	Loss 2.4258e+00 (2.4014e+00)	Acc@1  39.10 ( 38.62)	Acc@5  70.00 ( 69.28)
		 Valid eval after epoch: loss:2.4014	latest_acc:38.62	LR:0.02 -- best valacc 41.32

Started EPOCH:165
[TRAIN] E: [165][ 0/45]	Loss 1.5635e+00 (1.5635e+00)	Acc@1  42.90 ( 42.90)	Acc@5  71.20 ( 71.20)
[TRAIN] E: [165][44/45]	Loss 1.6451e+00 (1.5759e+00)	Acc@1  43.90 ( 41.71)	Acc@5  73.40 ( 71.38)
[EVAL] E: [165][0/5]	Loss 2.3242e+00 (2.3242e+00)	Acc@1  39.70 ( 39.70)	Acc@5  70.50 ( 70.50)
[EVAL] E: [165][4/5]	Loss 2.3900e+00 (2.4010e+00)	Acc@1  39.70 ( 38.76)	Acc@5  68.00 ( 68.44)
		 Valid eval after epoch: loss:2.4010	latest_acc:38.76	LR:0.02 -- best valacc 41.32

Started EPOCH:166
[TRAIN] E: [166][ 0/45]	Loss 1.5689e+00 (1.5689e+00)	Acc@1  40.10 ( 40.10)	Acc@5  70.40 ( 70.40)
[TRAIN] E: [166][44/45]	Loss 1.5901e+00 (1.5864e+00)	Acc@1  41.20 ( 41.12)	Acc@5  72.50 ( 71.35)
[EVAL] E: [166][0/5]	Loss 2.3703e+00 (2.3703e+00)	Acc@1  40.50 ( 40.50)	Acc@5  68.00 ( 68.00)
[EVAL] E: [166][4/5]	Loss 2.3535e+00 (2.4347e+00)	Acc@1  38.90 ( 37.82)	Acc@5  67.20 ( 67.54)
		 Valid eval after epoch: loss:2.4347	latest_acc:37.82	LR:0.03 -- best valacc 41.32

Started EPOCH:167
[TRAIN] E: [167][ 0/45]	Loss 1.5723e+00 (1.5723e+00)	Acc@1  40.50 ( 40.50)	Acc@5  70.30 ( 70.30)
[TRAIN] E: [167][44/45]	Loss 1.5771e+00 (1.6015e+00)	Acc@1  43.40 ( 41.44)	Acc@5  73.40 ( 71.08)
[EVAL] E: [167][0/5]	Loss 2.5667e+00 (2.5667e+00)	Acc@1  36.50 ( 36.50)	Acc@5  66.60 ( 66.60)
[EVAL] E: [167][4/5]	Loss 2.6031e+00 (2.5895e+00)	Acc@1  35.90 ( 35.92)	Acc@5  66.00 ( 65.16)
		 Valid eval after epoch: loss:2.5895	latest_acc:35.92	LR:0.03 -- best valacc 41.32

Started EPOCH:168
[TRAIN] E: [168][ 0/45]	Loss 1.5669e+00 (1.5669e+00)	Acc@1  41.00 ( 41.00)	Acc@5  71.40 ( 71.40)
[TRAIN] E: [168][44/45]	Loss 1.6392e+00 (1.6100e+00)	Acc@1  40.50 ( 41.08)	Acc@5  71.00 ( 71.00)
[EVAL] E: [168][0/5]	Loss 2.4479e+00 (2.4479e+00)	Acc@1  37.70 ( 37.70)	Acc@5  68.80 ( 68.80)
[EVAL] E: [168][4/5]	Loss 2.3935e+00 (2.4607e+00)	Acc@1  39.80 ( 38.20)	Acc@5  67.90 ( 67.66)
		 Valid eval after epoch: loss:2.4607	latest_acc:38.20	LR:0.03 -- best valacc 41.32

Started EPOCH:169
[TRAIN] E: [169][ 0/45]	Loss 1.6610e+00 (1.6610e+00)	Acc@1  38.50 ( 38.50)	Acc@5  68.30 ( 68.30)
[TRAIN] E: [169][44/45]	Loss 1.6358e+00 (1.6226e+00)	Acc@1  38.30 ( 41.09)	Acc@5  69.80 ( 71.02)
[EVAL] E: [169][0/5]	Loss 2.5198e+00 (2.5198e+00)	Acc@1  34.90 ( 34.90)	Acc@5  68.20 ( 68.20)
[EVAL] E: [169][4/5]	Loss 2.4773e+00 (2.5360e+00)	Acc@1  36.80 ( 35.68)	Acc@5  67.00 ( 67.00)
		 Valid eval after epoch: loss:2.5360	latest_acc:35.68	LR:0.03 -- best valacc 41.32

Started EPOCH:170
[TRAIN] E: [170][ 0/45]	Loss 1.5375e+00 (1.5375e+00)	Acc@1  40.80 ( 40.80)	Acc@5  71.10 ( 71.10)
[TRAIN] E: [170][44/45]	Loss 1.6500e+00 (1.6292e+00)	Acc@1  42.10 ( 40.79)	Acc@5  72.00 ( 70.91)
[EVAL] E: [170][0/5]	Loss 2.7169e+00 (2.7169e+00)	Acc@1  34.90 ( 34.90)	Acc@5  63.50 ( 63.50)
[EVAL] E: [170][4/5]	Loss 2.6576e+00 (2.7164e+00)	Acc@1  35.90 ( 34.72)	Acc@5  63.00 ( 62.96)
		 Valid eval after epoch: loss:2.7164	latest_acc:34.72	LR:0.04 -- best valacc 41.32

Started EPOCH:171
[TRAIN] E: [171][ 0/45]	Loss 1.6255e+00 (1.6255e+00)	Acc@1  39.90 ( 39.90)	Acc@5  70.10 ( 70.10)
[TRAIN] E: [171][44/45]	Loss 1.5727e+00 (1.6417e+00)	Acc@1  41.80 ( 41.12)	Acc@5  71.80 ( 70.97)
[EVAL] E: [171][0/5]	Loss 2.5520e+00 (2.5520e+00)	Acc@1  34.30 ( 34.30)	Acc@5  66.30 ( 66.30)
[EVAL] E: [171][4/5]	Loss 2.4934e+00 (2.5386e+00)	Acc@1  38.20 ( 36.14)	Acc@5  66.70 ( 66.62)
		 Valid eval after epoch: loss:2.5386	latest_acc:36.14	LR:0.04 -- best valacc 41.32

Started EPOCH:172
[TRAIN] E: [172][ 0/45]	Loss 1.6082e+00 (1.6082e+00)	Acc@1  40.50 ( 40.50)	Acc@5  73.20 ( 73.20)
[TRAIN] E: [172][44/45]	Loss 1.6343e+00 (1.6497e+00)	Acc@1  41.00 ( 40.50)	Acc@5  72.10 ( 70.83)
[EVAL] E: [172][0/5]	Loss 2.4804e+00 (2.4804e+00)	Acc@1  36.30 ( 36.30)	Acc@5  66.80 ( 66.80)
[EVAL] E: [172][4/5]	Loss 2.3895e+00 (2.5124e+00)	Acc@1  40.80 ( 36.94)	Acc@5  68.90 ( 66.20)
		 Valid eval after epoch: loss:2.5124	latest_acc:36.94	LR:0.04 -- best valacc 41.32

Started EPOCH:173
[TRAIN] E: [173][ 0/45]	Loss 1.6290e+00 (1.6290e+00)	Acc@1  37.90 ( 37.90)	Acc@5  68.20 ( 68.20)
[TRAIN] E: [173][44/45]	Loss 1.6199e+00 (1.6737e+00)	Acc@1  41.50 ( 40.08)	Acc@5  70.10 ( 70.20)
[EVAL] E: [173][0/5]	Loss 2.5830e+00 (2.5830e+00)	Acc@1  36.40 ( 36.40)	Acc@5  64.60 ( 64.60)
[EVAL] E: [173][4/5]	Loss 2.6577e+00 (2.6194e+00)	Acc@1  34.00 ( 35.98)	Acc@5  65.70 ( 65.22)
		 Valid eval after epoch: loss:2.6194	latest_acc:35.98	LR:0.05 -- best valacc 41.32

Started EPOCH:174
[TRAIN] E: [174][ 0/45]	Loss 1.7019e+00 (1.7019e+00)	Acc@1  40.50 ( 40.50)	Acc@5  71.10 ( 71.10)
[TRAIN] E: [174][44/45]	Loss 1.7356e+00 (1.6685e+00)	Acc@1  40.30 ( 40.10)	Acc@5  69.80 ( 70.09)
[EVAL] E: [174][0/5]	Loss 2.5295e+00 (2.5295e+00)	Acc@1  37.10 ( 37.10)	Acc@5  65.40 ( 65.40)
[EVAL] E: [174][4/5]	Loss 2.6517e+00 (2.6073e+00)	Acc@1  35.00 ( 35.50)	Acc@5  64.80 ( 65.30)
		 Valid eval after epoch: loss:2.6073	latest_acc:35.50	LR:0.05 -- best valacc 41.32

Started EPOCH:175
[TRAIN] E: [175][ 0/45]	Loss 1.6231e+00 (1.6231e+00)	Acc@1  41.60 ( 41.60)	Acc@5  70.40 ( 70.40)
[TRAIN] E: [175][44/45]	Loss 1.7922e+00 (1.7109e+00)	Acc@1  45.80 ( 39.59)	Acc@5  73.70 ( 69.78)
[EVAL] E: [175][0/5]	Loss 2.6642e+00 (2.6642e+00)	Acc@1  36.50 ( 36.50)	Acc@5  64.10 ( 64.10)
[EVAL] E: [175][4/5]	Loss 2.5611e+00 (2.6783e+00)	Acc@1  39.00 ( 35.80)	Acc@5  65.60 ( 64.00)
		 Valid eval after epoch: loss:2.6783	latest_acc:35.80	LR:0.05 -- best valacc 41.32

Started EPOCH:176
[TRAIN] E: [176][ 0/45]	Loss 1.6598e+00 (1.6598e+00)	Acc@1  43.50 ( 43.50)	Acc@5  72.90 ( 72.90)
[TRAIN] E: [176][44/45]	Loss 1.7287e+00 (1.7056e+00)	Acc@1  39.70 ( 39.55)	Acc@5  69.70 ( 69.90)
[EVAL] E: [176][0/5]	Loss 3.0032e+00 (3.0032e+00)	Acc@1  30.80 ( 30.80)	Acc@5  56.60 ( 56.60)
[EVAL] E: [176][4/5]	Loss 2.9728e+00 (3.0182e+00)	Acc@1  29.10 ( 29.30)	Acc@5  60.80 ( 58.76)
		 Valid eval after epoch: loss:3.0182	latest_acc:29.30	LR:0.06 -- best valacc 41.32

Started EPOCH:177
[TRAIN] E: [177][ 0/45]	Loss 1.7064e+00 (1.7064e+00)	Acc@1  38.30 ( 38.30)	Acc@5  70.50 ( 70.50)
[TRAIN] E: [177][44/45]	Loss 1.7074e+00 (1.7100e+00)	Acc@1  42.00 ( 39.52)	Acc@5  70.90 ( 69.60)
[EVAL] E: [177][0/5]	Loss 2.9426e+00 (2.9426e+00)	Acc@1  30.00 ( 30.00)	Acc@5  60.20 ( 60.20)
[EVAL] E: [177][4/5]	Loss 3.0239e+00 (2.9907e+00)	Acc@1  30.50 ( 30.04)	Acc@5  56.70 ( 58.58)
		 Valid eval after epoch: loss:2.9907	latest_acc:30.04	LR:0.06 -- best valacc 41.32

Started EPOCH:178
[TRAIN] E: [178][ 0/45]	Loss 1.6993e+00 (1.6993e+00)	Acc@1  40.40 ( 40.40)	Acc@5  69.90 ( 69.90)
[TRAIN] E: [178][44/45]	Loss 1.7199e+00 (1.7423e+00)	Acc@1  40.60 ( 39.60)	Acc@5  70.90 ( 69.62)
[EVAL] E: [178][0/5]	Loss 3.2837e+00 (3.2837e+00)	Acc@1  26.80 ( 26.80)	Acc@5  54.90 ( 54.90)
[EVAL] E: [178][4/5]	Loss 3.1903e+00 (3.2547e+00)	Acc@1  29.00 ( 28.42)	Acc@5  55.30 ( 55.48)
		 Valid eval after epoch: loss:3.2547	latest_acc:28.42	LR:0.06 -- best valacc 41.32

Started EPOCH:179
[TRAIN] E: [179][ 0/45]	Loss 1.7652e+00 (1.7652e+00)	Acc@1  39.30 ( 39.30)	Acc@5  69.50 ( 69.50)
[TRAIN] E: [179][44/45]	Loss 1.7630e+00 (1.7437e+00)	Acc@1  39.40 ( 39.74)	Acc@5  71.90 ( 69.85)
[EVAL] E: [179][0/5]	Loss 2.8733e+00 (2.8733e+00)	Acc@1  32.70 ( 32.70)	Acc@5  60.10 ( 60.10)
[EVAL] E: [179][4/5]	Loss 2.8098e+00 (2.8800e+00)	Acc@1  32.60 ( 32.24)	Acc@5  61.30 ( 59.96)
		 Valid eval after epoch: loss:2.8800	latest_acc:32.24	LR:0.07 -- best valacc 41.32

Started EPOCH:180
[TRAIN] E: [180][ 0/45]	Loss 1.6866e+00 (1.6866e+00)	Acc@1  41.90 ( 41.90)	Acc@5  73.40 ( 73.40)
[TRAIN] E: [180][44/45]	Loss 1.7235e+00 (1.7625e+00)	Acc@1  38.00 ( 39.12)	Acc@5  65.80 ( 69.45)
[EVAL] E: [180][0/5]	Loss 2.8027e+00 (2.8027e+00)	Acc@1  33.50 ( 33.50)	Acc@5  62.20 ( 62.20)
[EVAL] E: [180][4/5]	Loss 2.7276e+00 (2.8572e+00)	Acc@1  34.80 ( 31.98)	Acc@5  61.50 ( 60.86)
		 Valid eval after epoch: loss:2.8572	latest_acc:31.98	LR:0.07 -- best valacc 41.32

Started EPOCH:181
[TRAIN] E: [181][ 0/45]	Loss 1.7715e+00 (1.7715e+00)	Acc@1  40.10 ( 40.10)	Acc@5  70.60 ( 70.60)
[TRAIN] E: [181][44/45]	Loss 1.7669e+00 (1.7774e+00)	Acc@1  37.50 ( 39.07)	Acc@5  66.30 ( 69.32)
[EVAL] E: [181][0/5]	Loss 3.4223e+00 (3.4223e+00)	Acc@1  25.70 ( 25.70)	Acc@5  54.90 ( 54.90)
[EVAL] E: [181][4/5]	Loss 3.3447e+00 (3.4981e+00)	Acc@1  26.60 ( 25.34)	Acc@5  53.40 ( 52.66)
		 Valid eval after epoch: loss:3.4981	latest_acc:25.34	LR:0.07 -- best valacc 41.32

Started EPOCH:182
[TRAIN] E: [182][ 0/45]	Loss 1.7989e+00 (1.7989e+00)	Acc@1  38.20 ( 38.20)	Acc@5  69.10 ( 69.10)
[TRAIN] E: [182][44/45]	Loss 1.7927e+00 (1.7674e+00)	Acc@1  37.40 ( 39.09)	Acc@5  68.80 ( 69.35)
[EVAL] E: [182][0/5]	Loss 2.8975e+00 (2.8975e+00)	Acc@1  32.10 ( 32.10)	Acc@5  62.70 ( 62.70)
[EVAL] E: [182][4/5]	Loss 2.9250e+00 (2.9437e+00)	Acc@1  32.40 ( 32.00)	Acc@5  61.80 ( 60.90)
		 Valid eval after epoch: loss:2.9437	latest_acc:32.00	LR:0.07 -- best valacc 41.32

Started EPOCH:183
[TRAIN] E: [183][ 0/45]	Loss 1.7299e+00 (1.7299e+00)	Acc@1  36.40 ( 36.40)	Acc@5  68.00 ( 68.00)
[TRAIN] E: [183][44/45]	Loss 1.7366e+00 (1.7753e+00)	Acc@1  38.40 ( 39.15)	Acc@5  64.60 ( 69.23)
[EVAL] E: [183][0/5]	Loss 3.2846e+00 (3.2846e+00)	Acc@1  28.60 ( 28.60)	Acc@5  56.10 ( 56.10)
[EVAL] E: [183][4/5]	Loss 3.3445e+00 (3.3500e+00)	Acc@1  28.20 ( 27.48)	Acc@5  54.90 ( 53.98)
		 Valid eval after epoch: loss:3.3500	latest_acc:27.48	LR:0.08 -- best valacc 41.32

Started EPOCH:184
[TRAIN] E: [184][ 0/45]	Loss 1.7429e+00 (1.7429e+00)	Acc@1  36.40 ( 36.40)	Acc@5  66.60 ( 66.60)
[TRAIN] E: [184][44/45]	Loss 1.8368e+00 (1.7909e+00)	Acc@1  37.40 ( 38.65)	Acc@5  67.50 ( 69.20)
[EVAL] E: [184][0/5]	Loss 2.9999e+00 (2.9999e+00)	Acc@1  30.20 ( 30.20)	Acc@5  61.40 ( 61.40)
[EVAL] E: [184][4/5]	Loss 2.7848e+00 (2.9373e+00)	Acc@1  33.20 ( 31.96)	Acc@5  64.70 ( 61.60)
		 Valid eval after epoch: loss:2.9373	latest_acc:31.96	LR:0.08 -- best valacc 41.32

Started EPOCH:185
[TRAIN] E: [185][ 0/45]	Loss 1.7498e+00 (1.7498e+00)	Acc@1  39.10 ( 39.10)	Acc@5  71.20 ( 71.20)
[TRAIN] E: [185][44/45]	Loss 1.7997e+00 (1.7912e+00)	Acc@1  40.50 ( 38.94)	Acc@5  69.30 ( 68.94)
[EVAL] E: [185][0/5]	Loss 2.5208e+00 (2.5208e+00)	Acc@1  35.50 ( 35.50)	Acc@5  67.70 ( 67.70)
[EVAL] E: [185][4/5]	Loss 2.5767e+00 (2.6054e+00)	Acc@1  37.40 ( 35.22)	Acc@5  67.00 ( 65.78)
		 Valid eval after epoch: loss:2.6054	latest_acc:35.22	LR:0.08 -- best valacc 41.32

Started EPOCH:186
[TRAIN] E: [186][ 0/45]	Loss 1.7667e+00 (1.7667e+00)	Acc@1  37.80 ( 37.80)	Acc@5  68.80 ( 68.80)
[TRAIN] E: [186][44/45]	Loss 1.8464e+00 (1.8287e+00)	Acc@1  39.10 ( 38.19)	Acc@5  68.90 ( 68.76)
[EVAL] E: [186][0/5]	Loss 3.4120e+00 (3.4120e+00)	Acc@1  24.80 ( 24.80)	Acc@5  56.60 ( 56.60)
[EVAL] E: [186][4/5]	Loss 3.5362e+00 (3.5084e+00)	Acc@1  24.60 ( 25.32)	Acc@5  55.50 ( 55.04)
		 Valid eval after epoch: loss:3.5084	latest_acc:25.32	LR:0.08 -- best valacc 41.32

Started EPOCH:187
[TRAIN] E: [187][ 0/45]	Loss 1.7999e+00 (1.7999e+00)	Acc@1  38.80 ( 38.80)	Acc@5  69.00 ( 69.00)
[TRAIN] E: [187][44/45]	Loss 1.8373e+00 (1.8116e+00)	Acc@1  38.30 ( 38.39)	Acc@5  68.80 ( 68.89)
[EVAL] E: [187][0/5]	Loss 2.7407e+00 (2.7407e+00)	Acc@1  32.50 ( 32.50)	Acc@5  63.20 ( 63.20)
[EVAL] E: [187][4/5]	Loss 2.7548e+00 (2.7625e+00)	Acc@1  31.50 ( 32.86)	Acc@5  64.40 ( 63.70)
		 Valid eval after epoch: loss:2.7625	latest_acc:32.86	LR:0.09 -- best valacc 41.32

Started EPOCH:188
[TRAIN] E: [188][ 0/45]	Loss 1.8299e+00 (1.8299e+00)	Acc@1  39.00 ( 39.00)	Acc@5  67.90 ( 67.90)
[TRAIN] E: [188][44/45]	Loss 1.7314e+00 (1.8119e+00)	Acc@1  38.30 ( 38.62)	Acc@5  69.80 ( 68.74)
[EVAL] E: [188][0/5]	Loss 3.6191e+00 (3.6191e+00)	Acc@1  25.20 ( 25.20)	Acc@5  53.70 ( 53.70)
[EVAL] E: [188][4/5]	Loss 3.4685e+00 (3.5661e+00)	Acc@1  27.30 ( 25.74)	Acc@5  52.60 ( 53.24)
		 Valid eval after epoch: loss:3.5661	latest_acc:25.74	LR:0.09 -- best valacc 41.32

Started EPOCH:189
[TRAIN] E: [189][ 0/45]	Loss 1.8367e+00 (1.8367e+00)	Acc@1  36.80 ( 36.80)	Acc@5  70.30 ( 70.30)
[TRAIN] E: [189][44/45]	Loss 1.8634e+00 (1.8293e+00)	Acc@1  42.00 ( 38.80)	Acc@5  72.00 ( 68.99)
[EVAL] E: [189][0/5]	Loss 2.6427e+00 (2.6427e+00)	Acc@1  34.10 ( 34.10)	Acc@5  64.30 ( 64.30)
[EVAL] E: [189][4/5]	Loss 2.7700e+00 (2.6910e+00)	Acc@1  33.10 ( 33.28)	Acc@5  62.70 ( 63.50)
		 Valid eval after epoch: loss:2.6910	latest_acc:33.28	LR:0.09 -- best valacc 41.32

Started EPOCH:190
[TRAIN] E: [190][ 0/45]	Loss 1.7845e+00 (1.7845e+00)	Acc@1  39.60 ( 39.60)	Acc@5  68.70 ( 68.70)
[TRAIN] E: [190][44/45]	Loss 1.7975e+00 (1.8201e+00)	Acc@1  39.30 ( 38.71)	Acc@5  68.70 ( 68.87)
[EVAL] E: [190][0/5]	Loss 2.6364e+00 (2.6364e+00)	Acc@1  33.50 ( 33.50)	Acc@5  67.30 ( 67.30)
[EVAL] E: [190][4/5]	Loss 2.7744e+00 (2.7340e+00)	Acc@1  33.90 ( 33.30)	Acc@5  62.40 ( 64.10)
		 Valid eval after epoch: loss:2.7340	latest_acc:33.30	LR:0.09 -- best valacc 41.32

Started EPOCH:191
[TRAIN] E: [191][ 0/45]	Loss 1.7142e+00 (1.7142e+00)	Acc@1  38.20 ( 38.20)	Acc@5  66.30 ( 66.30)
[TRAIN] E: [191][44/45]	Loss 1.7949e+00 (1.8171e+00)	Acc@1  38.80 ( 38.41)	Acc@5  68.90 ( 68.84)
[EVAL] E: [191][0/5]	Loss 3.0234e+00 (3.0234e+00)	Acc@1  29.90 ( 29.90)	Acc@5  59.50 ( 59.50)
[EVAL] E: [191][4/5]	Loss 3.1243e+00 (3.0653e+00)	Acc@1  28.60 ( 29.72)	Acc@5  57.60 ( 59.32)
		 Valid eval after epoch: loss:3.0653	latest_acc:29.72	LR:0.09 -- best valacc 41.32

Started EPOCH:192
[TRAIN] E: [192][ 0/45]	Loss 1.7560e+00 (1.7560e+00)	Acc@1  42.10 ( 42.10)	Acc@5  71.50 ( 71.50)
[TRAIN] E: [192][44/45]	Loss 1.7614e+00 (1.8160e+00)	Acc@1  39.80 ( 38.50)	Acc@5  69.50 ( 68.65)
[EVAL] E: [192][0/5]	Loss 2.6499e+00 (2.6499e+00)	Acc@1  32.50 ( 32.50)	Acc@5  64.80 ( 64.80)
[EVAL] E: [192][4/5]	Loss 2.6271e+00 (2.6975e+00)	Acc@1  34.60 ( 33.40)	Acc@5  65.70 ( 63.94)
		 Valid eval after epoch: loss:2.6975	latest_acc:33.40	LR:0.10 -- best valacc 41.32

Started EPOCH:193
[TRAIN] E: [193][ 0/45]	Loss 1.7569e+00 (1.7569e+00)	Acc@1  37.90 ( 37.90)	Acc@5  69.10 ( 69.10)
[TRAIN] E: [193][44/45]	Loss 1.8544e+00 (1.8287e+00)	Acc@1  36.50 ( 37.90)	Acc@5  66.70 ( 68.55)
[EVAL] E: [193][0/5]	Loss 2.8533e+00 (2.8533e+00)	Acc@1  31.90 ( 31.90)	Acc@5  60.90 ( 60.90)
[EVAL] E: [193][4/5]	Loss 2.9268e+00 (2.9409e+00)	Acc@1  32.50 ( 30.72)	Acc@5  60.80 ( 60.94)
		 Valid eval after epoch: loss:2.9409	latest_acc:30.72	LR:0.10 -- best valacc 41.32

Started EPOCH:194
[TRAIN] E: [194][ 0/45]	Loss 1.7843e+00 (1.7843e+00)	Acc@1  40.30 ( 40.30)	Acc@5  66.70 ( 66.70)
[TRAIN] E: [194][44/45]	Loss 1.8478e+00 (1.8237e+00)	Acc@1  38.50 ( 38.48)	Acc@5  71.10 ( 68.87)
[EVAL] E: [194][0/5]	Loss 2.6593e+00 (2.6593e+00)	Acc@1  33.90 ( 33.90)	Acc@5  65.60 ( 65.60)
[EVAL] E: [194][4/5]	Loss 2.6153e+00 (2.6535e+00)	Acc@1  36.30 ( 35.16)	Acc@5  63.90 ( 64.04)
		 Valid eval after epoch: loss:2.6535	latest_acc:35.16	LR:0.10 -- best valacc 41.32

Started EPOCH:195
[TRAIN] E: [195][ 0/45]	Loss 1.8469e+00 (1.8469e+00)	Acc@1  40.10 ( 40.10)	Acc@5  67.40 ( 67.40)
[TRAIN] E: [195][44/45]	Loss 1.8152e+00 (1.8180e+00)	Acc@1  37.40 ( 38.24)	Acc@5  68.10 ( 68.72)
[EVAL] E: [195][0/5]	Loss 3.1125e+00 (3.1125e+00)	Acc@1  27.30 ( 27.30)	Acc@5  56.90 ( 56.90)
[EVAL] E: [195][4/5]	Loss 2.8715e+00 (3.0185e+00)	Acc@1  31.80 ( 28.50)	Acc@5  60.70 ( 58.68)
		 Valid eval after epoch: loss:3.0185	latest_acc:28.50	LR:0.10 -- best valacc 41.32

Started EPOCH:196
[TRAIN] E: [196][ 0/45]	Loss 1.7338e+00 (1.7338e+00)	Acc@1  39.60 ( 39.60)	Acc@5  70.90 ( 70.90)
[TRAIN] E: [196][44/45]	Loss 1.8658e+00 (1.8337e+00)	Acc@1  36.00 ( 37.82)	Acc@5  67.60 ( 68.59)
[EVAL] E: [196][0/5]	Loss 2.7473e+00 (2.7473e+00)	Acc@1  34.40 ( 34.40)	Acc@5  64.40 ( 64.40)
[EVAL] E: [196][4/5]	Loss 2.8525e+00 (2.8303e+00)	Acc@1  32.80 ( 32.82)	Acc@5  61.50 ( 62.12)
		 Valid eval after epoch: loss:2.8303	latest_acc:32.82	LR:0.10 -- best valacc 41.32

Started EPOCH:197
[TRAIN] E: [197][ 0/45]	Loss 1.9012e+00 (1.9012e+00)	Acc@1  38.70 ( 38.70)	Acc@5  70.00 ( 70.00)
[TRAIN] E: [197][44/45]	Loss 1.8142e+00 (1.8308e+00)	Acc@1  39.00 ( 38.32)	Acc@5  69.10 ( 68.75)
[EVAL] E: [197][0/5]	Loss 3.8268e+00 (3.8268e+00)	Acc@1  23.50 ( 23.50)	Acc@5  52.20 ( 52.20)
[EVAL] E: [197][4/5]	Loss 3.7611e+00 (3.8415e+00)	Acc@1  22.50 ( 23.26)	Acc@5  52.20 ( 50.98)
		 Valid eval after epoch: loss:3.8415	latest_acc:23.26	LR:0.10 -- best valacc 41.32

Started EPOCH:198
[TRAIN] E: [198][ 0/45]	Loss 1.7602e+00 (1.7602e+00)	Acc@1  38.00 ( 38.00)	Acc@5  68.30 ( 68.30)
[TRAIN] E: [198][44/45]	Loss 1.8235e+00 (1.8121e+00)	Acc@1  39.20 ( 38.13)	Acc@5  69.60 ( 68.63)
[EVAL] E: [198][0/5]	Loss 3.0905e+00 (3.0905e+00)	Acc@1  28.80 ( 28.80)	Acc@5  57.40 ( 57.40)
[EVAL] E: [198][4/5]	Loss 3.1341e+00 (3.1434e+00)	Acc@1  29.00 ( 28.58)	Acc@5  56.80 ( 56.92)
		 Valid eval after epoch: loss:3.1434	latest_acc:28.58	LR:0.10 -- best valacc 41.32

Started EPOCH:199
[TRAIN] E: [199][ 0/45]	Loss 1.7873e+00 (1.7873e+00)	Acc@1  38.70 ( 38.70)	Acc@5  67.70 ( 67.70)
[TRAIN] E: [199][44/45]	Loss 1.8200e+00 (1.8044e+00)	Acc@1  40.90 ( 38.31)	Acc@5  71.00 ( 68.45)
[EVAL] E: [199][0/5]	Loss 3.3680e+00 (3.3680e+00)	Acc@1  25.80 ( 25.80)	Acc@5  54.90 ( 54.90)
[EVAL] E: [199][4/5]	Loss 3.4124e+00 (3.4354e+00)	Acc@1  25.70 ( 26.42)	Acc@5  53.30 ( 52.76)
		 Valid eval after epoch: loss:3.4354	latest_acc:26.42	LR:0.10 -- best valacc 41.32
***[2023-05-09 11:35:19]*** [Post-train] [Student] Test loss = 1.728534, accuracy@1 = 53.85, accuracy@5 = 83.46, error@1 = 46.15, error@5 = 16.54
Result is from best val model of epoch:146
