Main Function with logger : Logger(dir=kd_results, use-tf=False, writer=None)
Arguments : -------------------------------
batch_size       : 800
class_num        : 100
cutout_length    : 16
data_path        : /home/prathamesh/code/data/cifar/
dataset          : cifar100
epochs           : 200
eval_batch_size  : 800
file_name        : KD_seed-3_cycles-4_KDfrac-0.9_T-2
global_rand_seed : -1
loss_kd_frac     : 0.9
lr               : 0.1
model_name       : ResNet10_s
momentum         : 0.9
pretrained_student : True
print_freq       : 100
print_freq_eval  : 100
rand_seed        : 3
save_dir         : ./kd_results/
sched_cycles     : 4
teacher          : ResNet10_l
temperature      : 2
wd               : 0.0005
workers          : 8
Python  Version  : 3.7.12 | packaged by conda-forge | (default, Oct 26 2021, 06:08:21)  [GCC 9.4.0]
Pillow  Version  : 9.2.0
PyTorch Version  : 1.13.1
cuDNN   Version  : 8500
CUDA available   : True
CUDA GPU numbers : 1
CUDA_VISIBLE_DEVICES : 0
Namespace(batch_size=800, class_num=100, cutout_length=16, data_path='/home/prathamesh/code/data/cifar/', dataset='cifar100', epochs=200, eval_batch_size=800, file_name='KD_seed-3_cycles-4_KDfrac-0.9_T-2', global_rand_seed=-1, loss_kd_frac=0.9, lr=0.1, model_name='ResNet10_s', momentum=0.9, pretrained_student=True, print_freq=100, print_freq_eval=100, rand_seed=3, save_dir='./kd_results/', sched_cycles=4, teacher='ResNet10_l', temperature=2, wd=0.0005, workers=8)
Train:45000	, Valid:5000	, Test:10000

Student: ResNet10_s
using pretrained student model from /home/anmolreddy/ce_results/CE_with_seed-3_cycles-4_cifar100-ResNet10_smodel_best.pth.tar
***[2023-05-03 08:31:00]*** before training [Student(CE)] Test loss = 1.789706, accuracy@1 = 50.89, accuracy@5 = 80.71, error@1 = 49.11, error@5 = 19.29
Scheduling LR update to student 4 time at 50-epoch intervals
***[2023-05-03 08:31:01]*** [Teacher] Test loss = 1.035568, accuracy@1 = 71.10, accuracy@5 = 92.36, error@1 = 28.90, error@5 = 7.64
model information : EfficientNetV2_s (CIFAR)
--------------------------------------------------
[Student]Params=0.08 MB, FLOPs=4.16 M ... = 0.00 G
--------------------------------------------------

Started EPOCH:0
[TRAIN] E: [0][ 0/57]	Loss 2.2263e+00 (2.2263e+00)	Acc@1  39.25 ( 39.25)	Acc@5  69.25 ( 69.25)
[TRAIN] E: [0][56/57]	Loss 2.5213e+00 (2.5593e+00)	Acc@1  32.00 ( 31.94)	Acc@5  65.00 ( 61.81)
[EVAL] E: [0][0/7]	Loss 4.1687e+00 (4.1687e+00)	Acc@1  20.00 ( 20.00)	Acc@5  46.25 ( 46.25)
[EVAL] E: [0][6/7]	Loss 4.1711e+00 (4.1663e+00)	Acc@1  17.00 ( 20.02)	Acc@5  43.50 ( 45.74)
		 Valid eval after epoch: loss:4.1663	latest_acc:20.02	LR:0.10 -- best valacc 20.02

Started EPOCH:1
[TRAIN] E: [1][ 0/57]	Loss 2.5535e+00 (2.5535e+00)	Acc@1  31.38 ( 31.38)	Acc@5  62.38 ( 62.38)
[TRAIN] E: [1][56/57]	Loss 2.5206e+00 (2.4231e+00)	Acc@1  34.50 ( 33.32)	Acc@5  59.50 ( 63.21)
[EVAL] E: [1][0/7]	Loss 3.1849e+00 (3.1849e+00)	Acc@1  26.50 ( 26.50)	Acc@5  56.12 ( 56.12)
[EVAL] E: [1][6/7]	Loss 3.1213e+00 (3.1817e+00)	Acc@1  26.50 ( 26.20)	Acc@5  53.00 ( 54.78)
		 Valid eval after epoch: loss:3.1817	latest_acc:26.20	LR:0.10 -- best valacc 26.20

Started EPOCH:2
[TRAIN] E: [2][ 0/57]	Loss 2.3585e+00 (2.3585e+00)	Acc@1  32.00 ( 32.00)	Acc@5  62.88 ( 62.88)
[TRAIN] E: [2][56/57]	Loss 2.3468e+00 (2.3801e+00)	Acc@1  30.00 ( 33.42)	Acc@5  59.00 ( 63.78)
[EVAL] E: [2][0/7]	Loss 3.0008e+00 (3.0008e+00)	Acc@1  30.38 ( 30.38)	Acc@5  57.38 ( 57.38)
[EVAL] E: [2][6/7]	Loss 3.3189e+00 (2.9927e+00)	Acc@1  21.00 ( 28.12)	Acc@5  49.00 ( 56.48)
		 Valid eval after epoch: loss:2.9927	latest_acc:28.12	LR:0.10 -- best valacc 28.12

Started EPOCH:3
[TRAIN] E: [3][ 0/57]	Loss 2.3335e+00 (2.3335e+00)	Acc@1  34.12 ( 34.12)	Acc@5  65.00 ( 65.00)
[TRAIN] E: [3][56/57]	Loss 2.2813e+00 (2.3428e+00)	Acc@1  32.00 ( 33.83)	Acc@5  66.50 ( 63.99)
[EVAL] E: [3][0/7]	Loss 3.1536e+00 (3.1536e+00)	Acc@1  27.75 ( 27.75)	Acc@5  57.50 ( 57.50)
[EVAL] E: [3][6/7]	Loss 3.2738e+00 (3.1747e+00)	Acc@1  19.00 ( 27.30)	Acc@5  48.50 ( 55.42)
		 Valid eval after epoch: loss:3.1747	latest_acc:27.30	LR:0.10 -- best valacc 28.12

Started EPOCH:4
[TRAIN] E: [4][ 0/57]	Loss 2.3539e+00 (2.3539e+00)	Acc@1  33.75 ( 33.75)	Acc@5  61.88 ( 61.88)
[TRAIN] E: [4][56/57]	Loss 2.4096e+00 (2.3016e+00)	Acc@1  26.00 ( 33.71)	Acc@5  62.50 ( 64.20)
[EVAL] E: [4][0/7]	Loss 3.7781e+00 (3.7781e+00)	Acc@1  22.75 ( 22.75)	Acc@5  48.25 ( 48.25)
[EVAL] E: [4][6/7]	Loss 4.1250e+00 (3.9296e+00)	Acc@1  13.00 ( 19.18)	Acc@5  44.00 ( 45.32)
		 Valid eval after epoch: loss:3.9296	latest_acc:19.18	LR:0.10 -- best valacc 28.12

Started EPOCH:5
[TRAIN] E: [5][ 0/57]	Loss 2.4271e+00 (2.4271e+00)	Acc@1  31.75 ( 31.75)	Acc@5  60.75 ( 60.75)
[TRAIN] E: [5][56/57]	Loss 2.1403e+00 (2.2769e+00)	Acc@1  36.00 ( 34.41)	Acc@5  62.50 ( 64.67)
[EVAL] E: [5][0/7]	Loss 4.2026e+00 (4.2026e+00)	Acc@1  18.00 ( 18.00)	Acc@5  43.50 ( 43.50)
[EVAL] E: [5][6/7]	Loss 4.3661e+00 (4.2247e+00)	Acc@1  18.00 ( 19.54)	Acc@5  44.00 ( 43.02)
		 Valid eval after epoch: loss:4.2247	latest_acc:19.54	LR:0.10 -- best valacc 28.12

Started EPOCH:6
[TRAIN] E: [6][ 0/57]	Loss 2.2294e+00 (2.2294e+00)	Acc@1  33.25 ( 33.25)	Acc@5  67.12 ( 67.12)
[TRAIN] E: [6][56/57]	Loss 2.2591e+00 (2.2359e+00)	Acc@1  36.00 ( 34.62)	Acc@5  65.50 ( 65.28)
[EVAL] E: [6][0/7]	Loss 3.4222e+00 (3.4222e+00)	Acc@1  23.62 ( 23.62)	Acc@5  50.00 ( 50.00)
[EVAL] E: [6][6/7]	Loss 3.5360e+00 (3.4907e+00)	Acc@1  23.00 ( 23.46)	Acc@5  48.50 ( 49.34)
		 Valid eval after epoch: loss:3.4907	latest_acc:23.46	LR:0.10 -- best valacc 28.12

Started EPOCH:7
[TRAIN] E: [7][ 0/57]	Loss 2.2224e+00 (2.2224e+00)	Acc@1  36.38 ( 36.38)	Acc@5  66.50 ( 66.50)
[TRAIN] E: [7][56/57]	Loss 2.2903e+00 (2.2427e+00)	Acc@1  37.00 ( 34.63)	Acc@5  73.00 ( 65.06)
[EVAL] E: [7][0/7]	Loss 3.4952e+00 (3.4952e+00)	Acc@1  25.50 ( 25.50)	Acc@5  51.12 ( 51.12)
[EVAL] E: [7][6/7]	Loss 3.6475e+00 (3.5787e+00)	Acc@1  21.00 ( 23.02)	Acc@5  48.50 ( 51.06)
		 Valid eval after epoch: loss:3.5787	latest_acc:23.02	LR:0.09 -- best valacc 28.12

Started EPOCH:8
[TRAIN] E: [8][ 0/57]	Loss 2.2072e+00 (2.2072e+00)	Acc@1  32.25 ( 32.25)	Acc@5  61.88 ( 61.88)
[TRAIN] E: [8][56/57]	Loss 2.2630e+00 (2.2154e+00)	Acc@1  34.50 ( 34.65)	Acc@5  68.50 ( 65.04)
[EVAL] E: [8][0/7]	Loss 3.2519e+00 (3.2519e+00)	Acc@1  25.00 ( 25.00)	Acc@5  53.25 ( 53.25)
[EVAL] E: [8][6/7]	Loss 3.4260e+00 (3.2564e+00)	Acc@1  22.00 ( 24.06)	Acc@5  50.00 ( 52.34)
		 Valid eval after epoch: loss:3.2564	latest_acc:24.06	LR:0.09 -- best valacc 28.12

Started EPOCH:9
[TRAIN] E: [9][ 0/57]	Loss 2.1762e+00 (2.1762e+00)	Acc@1  33.12 ( 33.12)	Acc@5  63.38 ( 63.38)
[TRAIN] E: [9][56/57]	Loss 2.1907e+00 (2.2009e+00)	Acc@1  32.00 ( 34.82)	Acc@5  66.00 ( 65.08)
[EVAL] E: [9][0/7]	Loss 3.2224e+00 (3.2224e+00)	Acc@1  25.50 ( 25.50)	Acc@5  55.00 ( 55.00)
[EVAL] E: [9][6/7]	Loss 3.1309e+00 (3.2028e+00)	Acc@1  27.50 ( 26.30)	Acc@5  54.00 ( 55.00)
		 Valid eval after epoch: loss:3.2028	latest_acc:26.30	LR:0.09 -- best valacc 28.12

Started EPOCH:10
[TRAIN] E: [10][ 0/57]	Loss 2.2054e+00 (2.2054e+00)	Acc@1  33.75 ( 33.75)	Acc@5  62.38 ( 62.38)
[TRAIN] E: [10][56/57]	Loss 2.3981e+00 (2.1709e+00)	Acc@1  37.50 ( 35.09)	Acc@5  71.00 ( 66.14)
[EVAL] E: [10][0/7]	Loss 3.3417e+00 (3.3417e+00)	Acc@1  23.00 ( 23.00)	Acc@5  54.50 ( 54.50)
[EVAL] E: [10][6/7]	Loss 3.5592e+00 (3.2395e+00)	Acc@1  24.50 ( 25.20)	Acc@5  49.50 ( 55.84)
		 Valid eval after epoch: loss:3.2395	latest_acc:25.20	LR:0.09 -- best valacc 28.12

Started EPOCH:11
[TRAIN] E: [11][ 0/57]	Loss 2.1855e+00 (2.1855e+00)	Acc@1  36.62 ( 36.62)	Acc@5  63.62 ( 63.62)
[TRAIN] E: [11][56/57]	Loss 2.4791e+00 (2.1709e+00)	Acc@1  30.00 ( 35.37)	Acc@5  64.50 ( 65.64)
[EVAL] E: [11][0/7]	Loss 2.9713e+00 (2.9713e+00)	Acc@1  29.25 ( 29.25)	Acc@5  58.88 ( 58.88)
[EVAL] E: [11][6/7]	Loss 3.2293e+00 (2.9693e+00)	Acc@1  26.00 ( 28.92)	Acc@5  57.50 ( 57.78)
		 Valid eval after epoch: loss:2.9693	latest_acc:28.92	LR:0.09 -- best valacc 28.92

Started EPOCH:12
[TRAIN] E: [12][ 0/57]	Loss 2.2318e+00 (2.2318e+00)	Acc@1  34.00 ( 34.00)	Acc@5  64.50 ( 64.50)
[TRAIN] E: [12][56/57]	Loss 2.1897e+00 (2.1390e+00)	Acc@1  34.50 ( 35.75)	Acc@5  64.50 ( 65.85)
[EVAL] E: [12][0/7]	Loss 3.2619e+00 (3.2619e+00)	Acc@1  26.50 ( 26.50)	Acc@5  53.38 ( 53.38)
[EVAL] E: [12][6/7]	Loss 3.3529e+00 (3.2556e+00)	Acc@1  22.00 ( 26.32)	Acc@5  56.50 ( 54.60)
		 Valid eval after epoch: loss:3.2556	latest_acc:26.32	LR:0.08 -- best valacc 28.92

Started EPOCH:13
[TRAIN] E: [13][ 0/57]	Loss 2.1185e+00 (2.1185e+00)	Acc@1  34.25 ( 34.25)	Acc@5  63.50 ( 63.50)
[TRAIN] E: [13][56/57]	Loss 2.3913e+00 (2.1655e+00)	Acc@1  37.00 ( 35.54)	Acc@5  66.50 ( 66.09)
[EVAL] E: [13][0/7]	Loss 3.0332e+00 (3.0332e+00)	Acc@1  30.25 ( 30.25)	Acc@5  58.00 ( 58.00)
[EVAL] E: [13][6/7]	Loss 3.0986e+00 (2.9812e+00)	Acc@1  26.50 ( 29.54)	Acc@5  54.50 ( 58.94)
		 Valid eval after epoch: loss:2.9812	latest_acc:29.54	LR:0.08 -- best valacc 29.54

Started EPOCH:14
[TRAIN] E: [14][ 0/57]	Loss 2.1462e+00 (2.1462e+00)	Acc@1  36.00 ( 36.00)	Acc@5  68.12 ( 68.12)
[TRAIN] E: [14][56/57]	Loss 2.0654e+00 (2.1302e+00)	Acc@1  34.50 ( 35.54)	Acc@5  64.50 ( 66.06)
[EVAL] E: [14][0/7]	Loss 2.8597e+00 (2.8597e+00)	Acc@1  30.62 ( 30.62)	Acc@5  56.38 ( 56.38)
[EVAL] E: [14][6/7]	Loss 3.1809e+00 (2.9096e+00)	Acc@1  24.50 ( 29.18)	Acc@5  51.50 ( 58.16)
		 Valid eval after epoch: loss:2.9096	latest_acc:29.18	LR:0.08 -- best valacc 29.54

Started EPOCH:15
[TRAIN] E: [15][ 0/57]	Loss 2.1970e+00 (2.1970e+00)	Acc@1  32.50 ( 32.50)	Acc@5  62.75 ( 62.75)
[TRAIN] E: [15][56/57]	Loss 2.1112e+00 (2.1007e+00)	Acc@1  38.50 ( 36.07)	Acc@5  64.00 ( 66.62)
[EVAL] E: [15][0/7]	Loss 3.0576e+00 (3.0576e+00)	Acc@1  27.25 ( 27.25)	Acc@5  58.00 ( 58.00)
[EVAL] E: [15][6/7]	Loss 3.3134e+00 (3.0522e+00)	Acc@1  24.00 ( 28.90)	Acc@5  54.50 ( 57.56)
		 Valid eval after epoch: loss:3.0522	latest_acc:28.90	LR:0.08 -- best valacc 29.54

Started EPOCH:16
[TRAIN] E: [16][ 0/57]	Loss 2.0020e+00 (2.0020e+00)	Acc@1  37.12 ( 37.12)	Acc@5  66.25 ( 66.25)
[TRAIN] E: [16][56/57]	Loss 2.0337e+00 (2.0850e+00)	Acc@1  36.50 ( 36.21)	Acc@5  65.00 ( 66.60)
[EVAL] E: [16][0/7]	Loss 2.9581e+00 (2.9581e+00)	Acc@1  30.12 ( 30.12)	Acc@5  59.62 ( 59.62)
[EVAL] E: [16][6/7]	Loss 3.0009e+00 (2.8751e+00)	Acc@1  25.50 ( 30.90)	Acc@5  57.00 ( 59.58)
		 Valid eval after epoch: loss:2.8751	latest_acc:30.90	LR:0.07 -- best valacc 30.90

Started EPOCH:17
[TRAIN] E: [17][ 0/57]	Loss 2.1751e+00 (2.1751e+00)	Acc@1  36.00 ( 36.00)	Acc@5  64.75 ( 64.75)
[TRAIN] E: [17][56/57]	Loss 2.1073e+00 (2.0919e+00)	Acc@1  34.00 ( 36.12)	Acc@5  64.50 ( 66.51)
[EVAL] E: [17][0/7]	Loss 2.9289e+00 (2.9289e+00)	Acc@1  31.50 ( 31.50)	Acc@5  60.12 ( 60.12)
[EVAL] E: [17][6/7]	Loss 3.0826e+00 (2.9413e+00)	Acc@1  27.50 ( 30.96)	Acc@5  54.50 ( 59.26)
		 Valid eval after epoch: loss:2.9413	latest_acc:30.96	LR:0.07 -- best valacc 30.96

Started EPOCH:18
[TRAIN] E: [18][ 0/57]	Loss 2.1015e+00 (2.1015e+00)	Acc@1  36.25 ( 36.25)	Acc@5  65.88 ( 65.88)
[TRAIN] E: [18][56/57]	Loss 2.0375e+00 (2.0687e+00)	Acc@1  31.00 ( 35.98)	Acc@5  62.50 ( 66.89)
[EVAL] E: [18][0/7]	Loss 2.6804e+00 (2.6804e+00)	Acc@1  33.75 ( 33.75)	Acc@5  65.00 ( 65.00)
[EVAL] E: [18][6/7]	Loss 2.9632e+00 (2.7816e+00)	Acc@1  25.50 ( 32.68)	Acc@5  58.50 ( 62.30)
		 Valid eval after epoch: loss:2.7816	latest_acc:32.68	LR:0.07 -- best valacc 32.68

Started EPOCH:19
[TRAIN] E: [19][ 0/57]	Loss 2.1340e+00 (2.1340e+00)	Acc@1  35.00 ( 35.00)	Acc@5  65.12 ( 65.12)
[TRAIN] E: [19][56/57]	Loss 1.9416e+00 (2.0552e+00)	Acc@1  33.50 ( 36.66)	Acc@5  72.50 ( 66.83)
[EVAL] E: [19][0/7]	Loss 2.8410e+00 (2.8410e+00)	Acc@1  30.25 ( 30.25)	Acc@5  60.50 ( 60.50)
[EVAL] E: [19][6/7]	Loss 3.0058e+00 (2.8895e+00)	Acc@1  31.00 ( 29.60)	Acc@5  55.00 ( 59.14)
		 Valid eval after epoch: loss:2.8895	latest_acc:29.60	LR:0.07 -- best valacc 32.68

Started EPOCH:20
[TRAIN] E: [20][ 0/57]	Loss 2.0956e+00 (2.0956e+00)	Acc@1  35.62 ( 35.62)	Acc@5  65.62 ( 65.62)
[TRAIN] E: [20][56/57]	Loss 2.1010e+00 (2.0404e+00)	Acc@1  38.50 ( 36.69)	Acc@5  69.50 ( 67.44)
[EVAL] E: [20][0/7]	Loss 2.7427e+00 (2.7427e+00)	Acc@1  34.12 ( 34.12)	Acc@5  61.50 ( 61.50)
[EVAL] E: [20][6/7]	Loss 2.9413e+00 (2.8383e+00)	Acc@1  28.50 ( 32.06)	Acc@5  60.50 ( 60.36)
		 Valid eval after epoch: loss:2.8383	latest_acc:32.06	LR:0.06 -- best valacc 32.68

Started EPOCH:21
[TRAIN] E: [21][ 0/57]	Loss 2.0666e+00 (2.0666e+00)	Acc@1  38.75 ( 38.75)	Acc@5  68.62 ( 68.62)
[TRAIN] E: [21][56/57]	Loss 2.0424e+00 (2.0251e+00)	Acc@1  34.50 ( 36.90)	Acc@5  68.00 ( 67.30)
[EVAL] E: [21][0/7]	Loss 2.7604e+00 (2.7604e+00)	Acc@1  33.50 ( 33.50)	Acc@5  65.00 ( 65.00)
[EVAL] E: [21][6/7]	Loss 3.1388e+00 (2.8237e+00)	Acc@1  24.50 ( 32.16)	Acc@5  54.50 ( 61.82)
		 Valid eval after epoch: loss:2.8237	latest_acc:32.16	LR:0.06 -- best valacc 32.68

Started EPOCH:22
[TRAIN] E: [22][ 0/57]	Loss 2.0087e+00 (2.0087e+00)	Acc@1  36.25 ( 36.25)	Acc@5  66.75 ( 66.75)
[TRAIN] E: [22][56/57]	Loss 1.9370e+00 (1.9991e+00)	Acc@1  42.50 ( 37.62)	Acc@5  74.00 ( 67.84)
[EVAL] E: [22][0/7]	Loss 2.7848e+00 (2.7848e+00)	Acc@1  31.50 ( 31.50)	Acc@5  62.62 ( 62.62)
[EVAL] E: [22][6/7]	Loss 2.8519e+00 (2.8187e+00)	Acc@1  29.00 ( 30.94)	Acc@5  59.00 ( 60.60)
		 Valid eval after epoch: loss:2.8187	latest_acc:30.94	LR:0.06 -- best valacc 32.68

Started EPOCH:23
[TRAIN] E: [23][ 0/57]	Loss 1.9266e+00 (1.9266e+00)	Acc@1  38.75 ( 38.75)	Acc@5  69.75 ( 69.75)
[TRAIN] E: [23][56/57]	Loss 2.0036e+00 (1.9755e+00)	Acc@1  41.50 ( 37.57)	Acc@5  63.50 ( 67.96)
[EVAL] E: [23][0/7]	Loss 2.9929e+00 (2.9929e+00)	Acc@1  28.62 ( 28.62)	Acc@5  58.75 ( 58.75)
[EVAL] E: [23][6/7]	Loss 3.0557e+00 (3.0032e+00)	Acc@1  33.00 ( 30.38)	Acc@5  59.00 ( 58.40)
		 Valid eval after epoch: loss:3.0032	latest_acc:30.38	LR:0.05 -- best valacc 32.68

Started EPOCH:24
[TRAIN] E: [24][ 0/57]	Loss 1.9522e+00 (1.9522e+00)	Acc@1  37.75 ( 37.75)	Acc@5  67.25 ( 67.25)
[TRAIN] E: [24][56/57]	Loss 1.9377e+00 (2.0009e+00)	Acc@1  32.50 ( 37.36)	Acc@5  63.00 ( 67.64)
[EVAL] E: [24][0/7]	Loss 2.9660e+00 (2.9660e+00)	Acc@1  29.00 ( 29.00)	Acc@5  60.88 ( 60.88)
[EVAL] E: [24][6/7]	Loss 3.1127e+00 (2.9012e+00)	Acc@1  28.50 ( 31.00)	Acc@5  56.00 ( 60.74)
		 Valid eval after epoch: loss:2.9012	latest_acc:31.00	LR:0.05 -- best valacc 32.68

Started EPOCH:25
[TRAIN] E: [25][ 0/57]	Loss 1.9479e+00 (1.9479e+00)	Acc@1  36.62 ( 36.62)	Acc@5  68.62 ( 68.62)
[TRAIN] E: [25][56/57]	Loss 2.2220e+00 (1.9586e+00)	Acc@1  40.00 ( 37.84)	Acc@5  65.00 ( 68.08)
[EVAL] E: [25][0/7]	Loss 2.7797e+00 (2.7797e+00)	Acc@1  32.38 ( 32.38)	Acc@5  61.62 ( 61.62)
[EVAL] E: [25][6/7]	Loss 3.1077e+00 (2.8452e+00)	Acc@1  24.50 ( 31.02)	Acc@5  55.00 ( 60.00)
		 Valid eval after epoch: loss:2.8452	latest_acc:31.02	LR:0.05 -- best valacc 32.68

Started EPOCH:26
[TRAIN] E: [26][ 0/57]	Loss 1.9398e+00 (1.9398e+00)	Acc@1  36.00 ( 36.00)	Acc@5  66.50 ( 66.50)
[TRAIN] E: [26][56/57]	Loss 2.1895e+00 (1.9563e+00)	Acc@1  36.50 ( 37.69)	Acc@5  62.00 ( 68.12)
[EVAL] E: [26][0/7]	Loss 2.7459e+00 (2.7459e+00)	Acc@1  32.12 ( 32.12)	Acc@5  62.25 ( 62.25)
[EVAL] E: [26][6/7]	Loss 2.9629e+00 (2.7649e+00)	Acc@1  26.50 ( 32.54)	Acc@5  59.00 ( 62.00)
		 Valid eval after epoch: loss:2.7649	latest_acc:32.54	LR:0.04 -- best valacc 32.68

Started EPOCH:27
[TRAIN] E: [27][ 0/57]	Loss 2.0642e+00 (2.0642e+00)	Acc@1  34.88 ( 34.88)	Acc@5  68.62 ( 68.62)
[TRAIN] E: [27][56/57]	Loss 1.7588e+00 (1.9304e+00)	Acc@1  39.50 ( 37.74)	Acc@5  69.50 ( 68.29)
[EVAL] E: [27][0/7]	Loss 2.6619e+00 (2.6619e+00)	Acc@1  35.12 ( 35.12)	Acc@5  63.50 ( 63.50)
[EVAL] E: [27][6/7]	Loss 2.7684e+00 (2.6258e+00)	Acc@1  33.50 ( 35.26)	Acc@5  61.50 ( 65.12)
		 Valid eval after epoch: loss:2.6258	latest_acc:35.26	LR:0.04 -- best valacc 35.26

Started EPOCH:28
[TRAIN] E: [28][ 0/57]	Loss 2.0514e+00 (2.0514e+00)	Acc@1  39.62 ( 39.62)	Acc@5  68.50 ( 68.50)
[TRAIN] E: [28][56/57]	Loss 1.9803e+00 (1.9282e+00)	Acc@1  37.50 ( 38.06)	Acc@5  67.50 ( 68.45)
[EVAL] E: [28][0/7]	Loss 2.5134e+00 (2.5134e+00)	Acc@1  37.38 ( 37.38)	Acc@5  66.38 ( 66.38)
[EVAL] E: [28][6/7]	Loss 2.6629e+00 (2.6063e+00)	Acc@1  34.50 ( 35.50)	Acc@5  62.00 ( 65.04)
		 Valid eval after epoch: loss:2.6063	latest_acc:35.50	LR:0.04 -- best valacc 35.50

Started EPOCH:29
[TRAIN] E: [29][ 0/57]	Loss 1.8893e+00 (1.8893e+00)	Acc@1  41.62 ( 41.62)	Acc@5  71.75 ( 71.75)
[TRAIN] E: [29][56/57]	Loss 1.8686e+00 (1.9162e+00)	Acc@1  39.00 ( 38.32)	Acc@5  65.00 ( 68.88)
[EVAL] E: [29][0/7]	Loss 2.7491e+00 (2.7491e+00)	Acc@1  35.25 ( 35.25)	Acc@5  62.12 ( 62.12)
[EVAL] E: [29][6/7]	Loss 3.0903e+00 (2.7902e+00)	Acc@1  27.50 ( 33.72)	Acc@5  56.50 ( 61.32)
		 Valid eval after epoch: loss:2.7902	latest_acc:33.72	LR:0.03 -- best valacc 35.50

Started EPOCH:30
[TRAIN] E: [30][ 0/57]	Loss 1.8879e+00 (1.8879e+00)	Acc@1  38.25 ( 38.25)	Acc@5  70.62 ( 70.62)
[TRAIN] E: [30][56/57]	Loss 1.9091e+00 (1.9013e+00)	Acc@1  42.00 ( 38.62)	Acc@5  73.50 ( 68.75)
[EVAL] E: [30][0/7]	Loss 2.6938e+00 (2.6938e+00)	Acc@1  34.75 ( 34.75)	Acc@5  62.12 ( 62.12)
[EVAL] E: [30][6/7]	Loss 2.9681e+00 (2.7722e+00)	Acc@1  27.50 ( 32.70)	Acc@5  58.50 ( 61.80)
		 Valid eval after epoch: loss:2.7722	latest_acc:32.70	LR:0.03 -- best valacc 35.50

Started EPOCH:31
[TRAIN] E: [31][ 0/57]	Loss 1.9047e+00 (1.9047e+00)	Acc@1  41.88 ( 41.88)	Acc@5  67.12 ( 67.12)
[TRAIN] E: [31][56/57]	Loss 1.9685e+00 (1.8914e+00)	Acc@1  42.00 ( 38.59)	Acc@5  70.50 ( 69.08)
[EVAL] E: [31][0/7]	Loss 2.9305e+00 (2.9305e+00)	Acc@1  30.62 ( 30.62)	Acc@5  59.62 ( 59.62)
[EVAL] E: [31][6/7]	Loss 3.0832e+00 (2.9517e+00)	Acc@1  24.50 ( 29.82)	Acc@5  59.00 ( 59.32)
		 Valid eval after epoch: loss:2.9517	latest_acc:29.82	LR:0.03 -- best valacc 35.50

Started EPOCH:32
[TRAIN] E: [32][ 0/57]	Loss 1.8961e+00 (1.8961e+00)	Acc@1  38.88 ( 38.88)	Acc@5  68.00 ( 68.00)
[TRAIN] E: [32][56/57]	Loss 1.9677e+00 (1.8776e+00)	Acc@1  39.00 ( 38.71)	Acc@5  67.50 ( 69.01)
[EVAL] E: [32][0/7]	Loss 2.6192e+00 (2.6192e+00)	Acc@1  36.38 ( 36.38)	Acc@5  64.75 ( 64.75)
[EVAL] E: [32][6/7]	Loss 2.8319e+00 (2.6705e+00)	Acc@1  31.50 ( 35.16)	Acc@5  61.50 ( 63.92)
		 Valid eval after epoch: loss:2.6705	latest_acc:35.16	LR:0.03 -- best valacc 35.50

Started EPOCH:33
[TRAIN] E: [33][ 0/57]	Loss 1.8944e+00 (1.8944e+00)	Acc@1  38.50 ( 38.50)	Acc@5  70.25 ( 70.25)
[TRAIN] E: [33][56/57]	Loss 1.9510e+00 (1.8633e+00)	Acc@1  33.00 ( 39.03)	Acc@5  65.00 ( 69.37)
[EVAL] E: [33][0/7]	Loss 2.7208e+00 (2.7208e+00)	Acc@1  34.00 ( 34.00)	Acc@5  63.62 ( 63.62)
[EVAL] E: [33][6/7]	Loss 2.7510e+00 (2.7491e+00)	Acc@1  31.50 ( 32.70)	Acc@5  60.50 ( 62.04)
		 Valid eval after epoch: loss:2.7491	latest_acc:32.70	LR:0.02 -- best valacc 35.50

Started EPOCH:34
[TRAIN] E: [34][ 0/57]	Loss 1.8497e+00 (1.8497e+00)	Acc@1  37.75 ( 37.75)	Acc@5  67.38 ( 67.38)
[TRAIN] E: [34][56/57]	Loss 2.1584e+00 (1.8400e+00)	Acc@1  31.00 ( 39.50)	Acc@5  57.50 ( 69.68)
[EVAL] E: [34][0/7]	Loss 2.4958e+00 (2.4958e+00)	Acc@1  36.62 ( 36.62)	Acc@5  67.38 ( 67.38)
[EVAL] E: [34][6/7]	Loss 2.7317e+00 (2.5572e+00)	Acc@1  32.50 ( 35.08)	Acc@5  61.00 ( 65.94)
		 Valid eval after epoch: loss:2.5572	latest_acc:35.08	LR:0.02 -- best valacc 35.50

Started EPOCH:35
[TRAIN] E: [35][ 0/57]	Loss 1.7462e+00 (1.7462e+00)	Acc@1  41.12 ( 41.12)	Acc@5  71.25 ( 71.25)
[TRAIN] E: [35][56/57]	Loss 1.7467e+00 (1.8334e+00)	Acc@1  43.50 ( 39.60)	Acc@5  70.00 ( 69.67)
[EVAL] E: [35][0/7]	Loss 2.5230e+00 (2.5230e+00)	Acc@1  35.38 ( 35.38)	Acc@5  67.00 ( 67.00)
[EVAL] E: [35][6/7]	Loss 2.6132e+00 (2.5227e+00)	Acc@1  32.50 ( 36.42)	Acc@5  65.50 ( 67.58)
		 Valid eval after epoch: loss:2.5227	latest_acc:36.42	LR:0.02 -- best valacc 36.42

Started EPOCH:36
[TRAIN] E: [36][ 0/57]	Loss 1.8323e+00 (1.8323e+00)	Acc@1  42.38 ( 42.38)	Acc@5  70.88 ( 70.88)
[TRAIN] E: [36][56/57]	Loss 1.7631e+00 (1.8231e+00)	Acc@1  36.50 ( 39.54)	Acc@5  68.00 ( 69.85)
[EVAL] E: [36][0/7]	Loss 2.5090e+00 (2.5090e+00)	Acc@1  36.12 ( 36.12)	Acc@5  66.88 ( 66.88)
[EVAL] E: [36][6/7]	Loss 2.6406e+00 (2.5353e+00)	Acc@1  34.00 ( 36.32)	Acc@5  60.50 ( 66.72)
		 Valid eval after epoch: loss:2.5353	latest_acc:36.32	LR:0.02 -- best valacc 36.42

Started EPOCH:37
[TRAIN] E: [37][ 0/57]	Loss 1.8609e+00 (1.8609e+00)	Acc@1  39.62 ( 39.62)	Acc@5  70.62 ( 70.62)
[TRAIN] E: [37][56/57]	Loss 1.8145e+00 (1.8149e+00)	Acc@1  39.00 ( 39.63)	Acc@5  72.00 ( 70.10)
[EVAL] E: [37][0/7]	Loss 2.4492e+00 (2.4492e+00)	Acc@1  39.00 ( 39.00)	Acc@5  67.12 ( 67.12)
[EVAL] E: [37][6/7]	Loss 2.5827e+00 (2.4982e+00)	Acc@1  37.50 ( 37.54)	Acc@5  66.00 ( 67.52)
		 Valid eval after epoch: loss:2.4982	latest_acc:37.54	LR:0.01 -- best valacc 37.54

Started EPOCH:38
[TRAIN] E: [38][ 0/57]	Loss 1.7574e+00 (1.7574e+00)	Acc@1  40.12 ( 40.12)	Acc@5  67.88 ( 67.88)
[TRAIN] E: [38][56/57]	Loss 2.0539e+00 (1.8029e+00)	Acc@1  36.50 ( 40.06)	Acc@5  70.50 ( 69.92)
[EVAL] E: [38][0/7]	Loss 2.4522e+00 (2.4522e+00)	Acc@1  38.62 ( 38.62)	Acc@5  66.50 ( 66.50)
[EVAL] E: [38][6/7]	Loss 2.5748e+00 (2.4468e+00)	Acc@1  31.00 ( 37.40)	Acc@5  66.50 ( 68.12)
		 Valid eval after epoch: loss:2.4468	latest_acc:37.40	LR:0.01 -- best valacc 37.54

Started EPOCH:39
[TRAIN] E: [39][ 0/57]	Loss 1.7893e+00 (1.7893e+00)	Acc@1  36.62 ( 36.62)	Acc@5  67.50 ( 67.50)
[TRAIN] E: [39][56/57]	Loss 1.8826e+00 (1.7936e+00)	Acc@1  40.50 ( 39.92)	Acc@5  68.50 ( 70.29)
[EVAL] E: [39][0/7]	Loss 2.4332e+00 (2.4332e+00)	Acc@1  36.62 ( 36.62)	Acc@5  67.38 ( 67.38)
[EVAL] E: [39][6/7]	Loss 2.6353e+00 (2.4880e+00)	Acc@1  36.50 ( 36.30)	Acc@5  63.50 ( 67.34)
		 Valid eval after epoch: loss:2.4880	latest_acc:36.30	LR:0.01 -- best valacc 37.54

Started EPOCH:40
[TRAIN] E: [40][ 0/57]	Loss 1.8218e+00 (1.8218e+00)	Acc@1  36.62 ( 36.62)	Acc@5  69.12 ( 69.12)
[TRAIN] E: [40][56/57]	Loss 1.8178e+00 (1.7881e+00)	Acc@1  36.00 ( 39.99)	Acc@5  69.00 ( 70.11)
[EVAL] E: [40][0/7]	Loss 2.3728e+00 (2.3728e+00)	Acc@1  38.88 ( 38.88)	Acc@5  71.25 ( 71.25)
[EVAL] E: [40][6/7]	Loss 2.7281e+00 (2.4324e+00)	Acc@1  31.50 ( 38.38)	Acc@5  63.00 ( 68.34)
		 Valid eval after epoch: loss:2.4324	latest_acc:38.38	LR:0.01 -- best valacc 38.38

Started EPOCH:41
[TRAIN] E: [41][ 0/57]	Loss 1.8042e+00 (1.8042e+00)	Acc@1  40.75 ( 40.75)	Acc@5  71.38 ( 71.38)
[TRAIN] E: [41][56/57]	Loss 1.7249e+00 (1.7759e+00)	Acc@1  38.00 ( 39.91)	Acc@5  74.00 ( 70.38)
[EVAL] E: [41][0/7]	Loss 2.3720e+00 (2.3720e+00)	Acc@1  38.62 ( 38.62)	Acc@5  69.88 ( 69.88)
[EVAL] E: [41][6/7]	Loss 2.5919e+00 (2.4237e+00)	Acc@1  34.00 ( 37.84)	Acc@5  66.00 ( 67.88)
		 Valid eval after epoch: loss:2.4237	latest_acc:37.84	LR:0.01 -- best valacc 38.38

Started EPOCH:42
[TRAIN] E: [42][ 0/57]	Loss 1.7801e+00 (1.7801e+00)	Acc@1  40.25 ( 40.25)	Acc@5  71.62 ( 71.62)
[TRAIN] E: [42][56/57]	Loss 1.7496e+00 (1.7789e+00)	Acc@1  35.00 ( 40.39)	Acc@5  69.00 ( 70.62)
[EVAL] E: [42][0/7]	Loss 2.4303e+00 (2.4303e+00)	Acc@1  39.00 ( 39.00)	Acc@5  69.00 ( 69.00)
[EVAL] E: [42][6/7]	Loss 2.4847e+00 (2.4337e+00)	Acc@1  35.00 ( 38.42)	Acc@5  69.00 ( 68.62)
		 Valid eval after epoch: loss:2.4337	latest_acc:38.42	LR:0.00 -- best valacc 38.42

Started EPOCH:43
[TRAIN] E: [43][ 0/57]	Loss 1.8403e+00 (1.8403e+00)	Acc@1  41.12 ( 41.12)	Acc@5  73.00 ( 73.00)
[TRAIN] E: [43][56/57]	Loss 1.8317e+00 (1.7646e+00)	Acc@1  40.50 ( 40.11)	Acc@5  63.50 ( 70.52)
[EVAL] E: [43][0/7]	Loss 2.3034e+00 (2.3034e+00)	Acc@1  40.00 ( 40.00)	Acc@5  71.50 ( 71.50)
[EVAL] E: [43][6/7]	Loss 2.4675e+00 (2.4219e+00)	Acc@1  37.00 ( 38.26)	Acc@5  64.50 ( 68.28)
		 Valid eval after epoch: loss:2.4219	latest_acc:38.26	LR:0.00 -- best valacc 38.42

Started EPOCH:44
[TRAIN] E: [44][ 0/57]	Loss 1.7859e+00 (1.7859e+00)	Acc@1  38.88 ( 38.88)	Acc@5  69.25 ( 69.25)
[TRAIN] E: [44][56/57]	Loss 1.8915e+00 (1.7538e+00)	Acc@1  38.50 ( 40.57)	Acc@5  66.50 ( 70.86)
[EVAL] E: [44][0/7]	Loss 2.3874e+00 (2.3874e+00)	Acc@1  39.50 ( 39.50)	Acc@5  69.75 ( 69.75)
[EVAL] E: [44][6/7]	Loss 2.5094e+00 (2.4085e+00)	Acc@1  37.00 ( 38.66)	Acc@5  66.50 ( 69.10)
		 Valid eval after epoch: loss:2.4085	latest_acc:38.66	LR:0.00 -- best valacc 38.66

Started EPOCH:45
[TRAIN] E: [45][ 0/57]	Loss 1.8002e+00 (1.8002e+00)	Acc@1  40.25 ( 40.25)	Acc@5  69.75 ( 69.75)
[TRAIN] E: [45][56/57]	Loss 1.8384e+00 (1.7605e+00)	Acc@1  39.00 ( 40.05)	Acc@5  70.00 ( 70.49)
[EVAL] E: [45][0/7]	Loss 2.3087e+00 (2.3087e+00)	Acc@1  40.50 ( 40.50)	Acc@5  68.50 ( 68.50)
[EVAL] E: [45][6/7]	Loss 2.4788e+00 (2.3764e+00)	Acc@1  33.50 ( 39.20)	Acc@5  65.00 ( 68.70)
		 Valid eval after epoch: loss:2.3764	latest_acc:39.20	LR:0.00 -- best valacc 39.20

Started EPOCH:46
[TRAIN] E: [46][ 0/57]	Loss 1.7262e+00 (1.7262e+00)	Acc@1  40.50 ( 40.50)	Acc@5  72.12 ( 72.12)
[TRAIN] E: [46][56/57]	Loss 1.9094e+00 (1.7423e+00)	Acc@1  34.50 ( 40.39)	Acc@5  66.50 ( 70.33)
[EVAL] E: [46][0/7]	Loss 2.3442e+00 (2.3442e+00)	Acc@1  41.25 ( 41.25)	Acc@5  68.62 ( 68.62)
[EVAL] E: [46][6/7]	Loss 2.5115e+00 (2.4080e+00)	Acc@1  35.00 ( 39.24)	Acc@5  64.00 ( 68.04)
		 Valid eval after epoch: loss:2.4080	latest_acc:39.24	LR:0.00 -- best valacc 39.24

Started EPOCH:47
[TRAIN] E: [47][ 0/57]	Loss 1.7799e+00 (1.7799e+00)	Acc@1  38.50 ( 38.50)	Acc@5  68.00 ( 68.00)
[TRAIN] E: [47][56/57]	Loss 1.8224e+00 (1.7488e+00)	Acc@1  34.50 ( 40.56)	Acc@5  71.00 ( 70.57)
[EVAL] E: [47][0/7]	Loss 2.3236e+00 (2.3236e+00)	Acc@1  39.75 ( 39.75)	Acc@5  71.00 ( 71.00)
[EVAL] E: [47][6/7]	Loss 2.4753e+00 (2.3457e+00)	Acc@1  33.50 ( 39.10)	Acc@5  64.50 ( 70.08)
		 Valid eval after epoch: loss:2.3457	latest_acc:39.10	LR:0.00 -- best valacc 39.24

Started EPOCH:48
[TRAIN] E: [48][ 0/57]	Loss 1.7199e+00 (1.7199e+00)	Acc@1  40.12 ( 40.12)	Acc@5  70.75 ( 70.75)
[TRAIN] E: [48][56/57]	Loss 1.7652e+00 (1.7520e+00)	Acc@1  35.00 ( 40.90)	Acc@5  68.50 ( 70.55)
[EVAL] E: [48][0/7]	Loss 2.3339e+00 (2.3339e+00)	Acc@1  39.00 ( 39.00)	Acc@5  68.50 ( 68.50)
[EVAL] E: [48][6/7]	Loss 2.5474e+00 (2.3984e+00)	Acc@1  37.50 ( 38.58)	Acc@5  67.50 ( 68.74)
		 Valid eval after epoch: loss:2.3984	latest_acc:38.58	LR:0.00 -- best valacc 39.24

Started EPOCH:49
[TRAIN] E: [49][ 0/57]	Loss 1.7146e+00 (1.7146e+00)	Acc@1  42.88 ( 42.88)	Acc@5  72.00 ( 72.00)
[TRAIN] E: [49][56/57]	Loss 1.6855e+00 (1.7497e+00)	Acc@1  43.00 ( 40.49)	Acc@5  74.00 ( 70.85)
[EVAL] E: [49][0/7]	Loss 2.3826e+00 (2.3826e+00)	Acc@1  39.75 ( 39.75)	Acc@5  69.75 ( 69.75)
[EVAL] E: [49][6/7]	Loss 2.3412e+00 (2.4201e+00)	Acc@1  40.00 ( 38.56)	Acc@5  66.50 ( 68.56)
		 Valid eval after epoch: loss:2.4201	latest_acc:38.56	LR:0.00 -- best valacc 39.24

Started EPOCH:50
[TRAIN] E: [50][ 0/57]	Loss 1.7772e+00 (1.7772e+00)	Acc@1  43.12 ( 43.12)	Acc@5  70.25 ( 70.25)
[TRAIN] E: [50][56/57]	Loss 1.7123e+00 (1.7572e+00)	Acc@1  42.00 ( 40.50)	Acc@5  72.50 ( 70.60)
[EVAL] E: [50][0/7]	Loss 2.3601e+00 (2.3601e+00)	Acc@1  38.75 ( 38.75)	Acc@5  69.12 ( 69.12)
[EVAL] E: [50][6/7]	Loss 2.5483e+00 (2.4249e+00)	Acc@1  38.00 ( 38.08)	Acc@5  67.50 ( 68.68)
		 Valid eval after epoch: loss:2.4249	latest_acc:38.08	LR:0.00 -- best valacc 39.24

Started EPOCH:51
[TRAIN] E: [51][ 0/57]	Loss 1.8168e+00 (1.8168e+00)	Acc@1  40.50 ( 40.50)	Acc@5  70.50 ( 70.50)
[TRAIN] E: [51][56/57]	Loss 1.9038e+00 (1.7516e+00)	Acc@1  36.50 ( 40.72)	Acc@5  72.00 ( 70.69)
[EVAL] E: [51][0/7]	Loss 2.3742e+00 (2.3742e+00)	Acc@1  41.12 ( 41.12)	Acc@5  70.75 ( 70.75)
[EVAL] E: [51][6/7]	Loss 2.5721e+00 (2.4065e+00)	Acc@1  37.00 ( 39.14)	Acc@5  64.00 ( 69.10)
		 Valid eval after epoch: loss:2.4065	latest_acc:39.14	LR:0.00 -- best valacc 39.24

Started EPOCH:52
[TRAIN] E: [52][ 0/57]	Loss 1.7632e+00 (1.7632e+00)	Acc@1  38.62 ( 38.62)	Acc@5  69.62 ( 69.62)
[TRAIN] E: [52][56/57]	Loss 1.7464e+00 (1.7471e+00)	Acc@1  42.00 ( 40.47)	Acc@5  70.00 ( 70.36)
[EVAL] E: [52][0/7]	Loss 2.3832e+00 (2.3832e+00)	Acc@1  39.12 ( 39.12)	Acc@5  69.50 ( 69.50)
[EVAL] E: [52][6/7]	Loss 2.5677e+00 (2.3761e+00)	Acc@1  35.00 ( 38.54)	Acc@5  61.50 ( 69.10)
		 Valid eval after epoch: loss:2.3761	latest_acc:38.54	LR:0.00 -- best valacc 39.24

Started EPOCH:53
[TRAIN] E: [53][ 0/57]	Loss 1.7061e+00 (1.7061e+00)	Acc@1  42.62 ( 42.62)	Acc@5  72.50 ( 72.50)
[TRAIN] E: [53][56/57]	Loss 1.7122e+00 (1.7515e+00)	Acc@1  43.00 ( 40.55)	Acc@5  73.50 ( 71.11)
[EVAL] E: [53][0/7]	Loss 2.4071e+00 (2.4071e+00)	Acc@1  38.75 ( 38.75)	Acc@5  69.38 ( 69.38)
[EVAL] E: [53][6/7]	Loss 2.5164e+00 (2.4139e+00)	Acc@1  36.00 ( 38.76)	Acc@5  67.00 ( 68.20)
		 Valid eval after epoch: loss:2.4139	latest_acc:38.76	LR:0.00 -- best valacc 39.24

Started EPOCH:54
[TRAIN] E: [54][ 0/57]	Loss 1.7143e+00 (1.7143e+00)	Acc@1  43.62 ( 43.62)	Acc@5  72.75 ( 72.75)
[TRAIN] E: [54][56/57]	Loss 1.7065e+00 (1.7421e+00)	Acc@1  40.50 ( 40.44)	Acc@5  71.00 ( 70.70)
[EVAL] E: [54][0/7]	Loss 2.3263e+00 (2.3263e+00)	Acc@1  39.75 ( 39.75)	Acc@5  71.38 ( 71.38)
[EVAL] E: [54][6/7]	Loss 2.4713e+00 (2.3648e+00)	Acc@1  38.50 ( 39.64)	Acc@5  66.50 ( 69.32)
		 Valid eval after epoch: loss:2.3648	latest_acc:39.64	LR:0.00 -- best valacc 39.64

Started EPOCH:55
[TRAIN] E: [55][ 0/57]	Loss 1.6792e+00 (1.6792e+00)	Acc@1  39.50 ( 39.50)	Acc@5  73.25 ( 73.25)
[TRAIN] E: [55][56/57]	Loss 1.9342e+00 (1.7483e+00)	Acc@1  39.50 ( 40.21)	Acc@5  66.00 ( 70.65)
[EVAL] E: [55][0/7]	Loss 2.3541e+00 (2.3541e+00)	Acc@1  39.88 ( 39.88)	Acc@5  71.38 ( 71.38)
[EVAL] E: [55][6/7]	Loss 2.5894e+00 (2.3686e+00)	Acc@1  35.00 ( 39.58)	Acc@5  65.00 ( 70.22)
		 Valid eval after epoch: loss:2.3686	latest_acc:39.58	LR:0.00 -- best valacc 39.64

Started EPOCH:56
[TRAIN] E: [56][ 0/57]	Loss 1.6957e+00 (1.6957e+00)	Acc@1  41.75 ( 41.75)	Acc@5  70.00 ( 70.00)
[TRAIN] E: [56][56/57]	Loss 1.8212e+00 (1.7639e+00)	Acc@1  35.50 ( 40.28)	Acc@5  68.50 ( 70.84)
[EVAL] E: [56][0/7]	Loss 2.4923e+00 (2.4923e+00)	Acc@1  38.38 ( 38.38)	Acc@5  66.88 ( 66.88)
[EVAL] E: [56][6/7]	Loss 2.5084e+00 (2.3792e+00)	Acc@1  34.50 ( 39.64)	Acc@5  64.50 ( 69.12)
		 Valid eval after epoch: loss:2.3792	latest_acc:39.64	LR:0.00 -- best valacc 39.64

Started EPOCH:57
[TRAIN] E: [57][ 0/57]	Loss 1.8147e+00 (1.8147e+00)	Acc@1  41.38 ( 41.38)	Acc@5  72.75 ( 72.75)
[TRAIN] E: [57][56/57]	Loss 1.9603e+00 (1.7613e+00)	Acc@1  31.50 ( 40.22)	Acc@5  69.00 ( 70.24)
[EVAL] E: [57][0/7]	Loss 2.4241e+00 (2.4241e+00)	Acc@1  39.12 ( 39.12)	Acc@5  69.00 ( 69.00)
[EVAL] E: [57][6/7]	Loss 2.4285e+00 (2.3890e+00)	Acc@1  37.00 ( 39.06)	Acc@5  67.00 ( 69.18)
		 Valid eval after epoch: loss:2.3890	latest_acc:39.06	LR:0.01 -- best valacc 39.64

Started EPOCH:58
[TRAIN] E: [58][ 0/57]	Loss 1.7752e+00 (1.7752e+00)	Acc@1  42.25 ( 42.25)	Acc@5  70.00 ( 70.00)
[TRAIN] E: [58][56/57]	Loss 1.8757e+00 (1.7614e+00)	Acc@1  40.00 ( 40.68)	Acc@5  67.00 ( 70.76)
[EVAL] E: [58][0/7]	Loss 2.4260e+00 (2.4260e+00)	Acc@1  37.88 ( 37.88)	Acc@5  69.12 ( 69.12)
[EVAL] E: [58][6/7]	Loss 2.5968e+00 (2.4024e+00)	Acc@1  35.00 ( 38.00)	Acc@5  62.50 ( 68.80)
		 Valid eval after epoch: loss:2.4024	latest_acc:38.00	LR:0.01 -- best valacc 39.64

Started EPOCH:59
[TRAIN] E: [59][ 0/57]	Loss 1.7767e+00 (1.7767e+00)	Acc@1  40.00 ( 40.00)	Acc@5  68.00 ( 68.00)
[TRAIN] E: [59][56/57]	Loss 1.8585e+00 (1.7647e+00)	Acc@1  40.50 ( 40.34)	Acc@5  73.50 ( 70.37)
[EVAL] E: [59][0/7]	Loss 2.5093e+00 (2.5093e+00)	Acc@1  35.75 ( 35.75)	Acc@5  67.38 ( 67.38)
[EVAL] E: [59][6/7]	Loss 2.5631e+00 (2.4607e+00)	Acc@1  34.00 ( 37.12)	Acc@5  63.50 ( 67.06)
		 Valid eval after epoch: loss:2.4607	latest_acc:37.12	LR:0.01 -- best valacc 39.64

Started EPOCH:60
[TRAIN] E: [60][ 0/57]	Loss 1.8026e+00 (1.8026e+00)	Acc@1  40.62 ( 40.62)	Acc@5  71.88 ( 71.88)
[TRAIN] E: [60][56/57]	Loss 1.7093e+00 (1.7774e+00)	Acc@1  41.50 ( 39.94)	Acc@5  77.50 ( 70.41)
[EVAL] E: [60][0/7]	Loss 2.3564e+00 (2.3564e+00)	Acc@1  39.50 ( 39.50)	Acc@5  69.50 ( 69.50)
[EVAL] E: [60][6/7]	Loss 2.5377e+00 (2.4141e+00)	Acc@1  33.00 ( 38.30)	Acc@5  66.00 ( 68.90)
		 Valid eval after epoch: loss:2.4141	latest_acc:38.30	LR:0.01 -- best valacc 39.64

Started EPOCH:61
[TRAIN] E: [61][ 0/57]	Loss 1.7048e+00 (1.7048e+00)	Acc@1  41.38 ( 41.38)	Acc@5  71.62 ( 71.62)
[TRAIN] E: [61][56/57]	Loss 1.7786e+00 (1.7797e+00)	Acc@1  35.50 ( 40.32)	Acc@5  69.00 ( 70.36)
[EVAL] E: [61][0/7]	Loss 2.4347e+00 (2.4347e+00)	Acc@1  39.75 ( 39.75)	Acc@5  68.25 ( 68.25)
[EVAL] E: [61][6/7]	Loss 2.6643e+00 (2.4739e+00)	Acc@1  33.50 ( 37.74)	Acc@5  60.50 ( 67.40)
		 Valid eval after epoch: loss:2.4739	latest_acc:37.74	LR:0.01 -- best valacc 39.64

Started EPOCH:62
[TRAIN] E: [62][ 0/57]	Loss 1.7797e+00 (1.7797e+00)	Acc@1  40.75 ( 40.75)	Acc@5  70.50 ( 70.50)
[TRAIN] E: [62][56/57]	Loss 1.8292e+00 (1.7940e+00)	Acc@1  40.50 ( 40.00)	Acc@5  73.00 ( 69.95)
[EVAL] E: [62][0/7]	Loss 2.4515e+00 (2.4515e+00)	Acc@1  38.38 ( 38.38)	Acc@5  68.00 ( 68.00)
[EVAL] E: [62][6/7]	Loss 2.5057e+00 (2.4524e+00)	Acc@1  40.00 ( 37.88)	Acc@5  66.00 ( 68.20)
		 Valid eval after epoch: loss:2.4524	latest_acc:37.88	LR:0.02 -- best valacc 39.64

Started EPOCH:63
[TRAIN] E: [63][ 0/57]	Loss 1.7824e+00 (1.7824e+00)	Acc@1  42.12 ( 42.12)	Acc@5  71.62 ( 71.62)
[TRAIN] E: [63][56/57]	Loss 1.7960e+00 (1.8000e+00)	Acc@1  34.00 ( 39.78)	Acc@5  64.50 ( 70.06)
[EVAL] E: [63][0/7]	Loss 2.7165e+00 (2.7165e+00)	Acc@1  31.62 ( 31.62)	Acc@5  63.75 ( 63.75)
[EVAL] E: [63][6/7]	Loss 2.9815e+00 (2.7367e+00)	Acc@1  30.00 ( 33.00)	Acc@5  54.50 ( 62.70)
		 Valid eval after epoch: loss:2.7367	latest_acc:33.00	LR:0.02 -- best valacc 39.64

Started EPOCH:64
[TRAIN] E: [64][ 0/57]	Loss 1.8237e+00 (1.8237e+00)	Acc@1  40.25 ( 40.25)	Acc@5  68.88 ( 68.88)
[TRAIN] E: [64][56/57]	Loss 1.6990e+00 (1.8077e+00)	Acc@1  40.50 ( 40.12)	Acc@5  67.00 ( 69.95)
[EVAL] E: [64][0/7]	Loss 2.5773e+00 (2.5773e+00)	Acc@1  35.50 ( 35.50)	Acc@5  66.62 ( 66.62)
[EVAL] E: [64][6/7]	Loss 2.7450e+00 (2.5431e+00)	Acc@1  33.50 ( 35.62)	Acc@5  59.00 ( 66.04)
		 Valid eval after epoch: loss:2.5431	latest_acc:35.62	LR:0.02 -- best valacc 39.64

Started EPOCH:65
[TRAIN] E: [65][ 0/57]	Loss 1.7809e+00 (1.7809e+00)	Acc@1  39.00 ( 39.00)	Acc@5  69.62 ( 69.62)
[TRAIN] E: [65][56/57]	Loss 1.7557e+00 (1.8193e+00)	Acc@1  39.50 ( 39.20)	Acc@5  66.50 ( 69.66)
[EVAL] E: [65][0/7]	Loss 2.5087e+00 (2.5087e+00)	Acc@1  36.62 ( 36.62)	Acc@5  66.75 ( 66.75)
[EVAL] E: [65][6/7]	Loss 2.5722e+00 (2.5112e+00)	Acc@1  34.00 ( 36.40)	Acc@5  66.00 ( 66.72)
		 Valid eval after epoch: loss:2.5112	latest_acc:36.40	LR:0.02 -- best valacc 39.64

Started EPOCH:66
[TRAIN] E: [66][ 0/57]	Loss 1.8751e+00 (1.8751e+00)	Acc@1  40.75 ( 40.75)	Acc@5  67.12 ( 67.12)
[TRAIN] E: [66][56/57]	Loss 1.8210e+00 (1.8182e+00)	Acc@1  36.00 ( 39.37)	Acc@5  68.50 ( 69.81)
[EVAL] E: [66][0/7]	Loss 2.6074e+00 (2.6074e+00)	Acc@1  36.00 ( 36.00)	Acc@5  65.00 ( 65.00)
[EVAL] E: [66][6/7]	Loss 2.6790e+00 (2.6213e+00)	Acc@1  35.00 ( 35.02)	Acc@5  61.00 ( 64.10)
		 Valid eval after epoch: loss:2.6213	latest_acc:35.02	LR:0.03 -- best valacc 39.64

Started EPOCH:67
[TRAIN] E: [67][ 0/57]	Loss 1.7944e+00 (1.7944e+00)	Acc@1  40.00 ( 40.00)	Acc@5  70.00 ( 70.00)
[TRAIN] E: [67][56/57]	Loss 1.8596e+00 (1.8394e+00)	Acc@1  40.00 ( 39.64)	Acc@5  74.00 ( 69.41)
[EVAL] E: [67][0/7]	Loss 2.5845e+00 (2.5845e+00)	Acc@1  36.00 ( 36.00)	Acc@5  66.25 ( 66.25)
[EVAL] E: [67][6/7]	Loss 2.7460e+00 (2.6166e+00)	Acc@1  25.50 ( 34.56)	Acc@5  61.50 ( 65.66)
		 Valid eval after epoch: loss:2.6166	latest_acc:34.56	LR:0.03 -- best valacc 39.64

Started EPOCH:68
[TRAIN] E: [68][ 0/57]	Loss 1.8413e+00 (1.8413e+00)	Acc@1  37.25 ( 37.25)	Acc@5  65.75 ( 65.75)
[TRAIN] E: [68][56/57]	Loss 1.9341e+00 (1.8540e+00)	Acc@1  43.00 ( 39.40)	Acc@5  74.50 ( 69.57)
[EVAL] E: [68][0/7]	Loss 2.7204e+00 (2.7204e+00)	Acc@1  35.00 ( 35.00)	Acc@5  62.38 ( 62.38)
[EVAL] E: [68][6/7]	Loss 2.8688e+00 (2.7246e+00)	Acc@1  29.00 ( 34.66)	Acc@5  61.50 ( 62.64)
		 Valid eval after epoch: loss:2.7246	latest_acc:34.66	LR:0.03 -- best valacc 39.64

Started EPOCH:69
[TRAIN] E: [69][ 0/57]	Loss 1.8427e+00 (1.8427e+00)	Acc@1  37.50 ( 37.50)	Acc@5  68.62 ( 68.62)
[TRAIN] E: [69][56/57]	Loss 1.9016e+00 (1.8761e+00)	Acc@1  39.50 ( 38.83)	Acc@5  69.00 ( 68.80)
[EVAL] E: [69][0/7]	Loss 3.3964e+00 (3.3964e+00)	Acc@1  26.00 ( 26.00)	Acc@5  53.75 ( 53.75)
[EVAL] E: [69][6/7]	Loss 3.1460e+00 (3.2642e+00)	Acc@1  27.50 ( 27.60)	Acc@5  57.00 ( 55.76)
		 Valid eval after epoch: loss:3.2642	latest_acc:27.60	LR:0.03 -- best valacc 39.64

Started EPOCH:70
[TRAIN] E: [70][ 0/57]	Loss 1.8902e+00 (1.8902e+00)	Acc@1  40.50 ( 40.50)	Acc@5  69.00 ( 69.00)
[TRAIN] E: [70][56/57]	Loss 1.7251e+00 (1.8968e+00)	Acc@1  39.00 ( 38.48)	Acc@5  62.00 ( 68.36)
[EVAL] E: [70][0/7]	Loss 2.6397e+00 (2.6397e+00)	Acc@1  37.00 ( 37.00)	Acc@5  65.12 ( 65.12)
[EVAL] E: [70][6/7]	Loss 2.9805e+00 (2.7498e+00)	Acc@1  30.50 ( 34.54)	Acc@5  58.50 ( 64.06)
		 Valid eval after epoch: loss:2.7498	latest_acc:34.54	LR:0.04 -- best valacc 39.64

Started EPOCH:71
[TRAIN] E: [71][ 0/57]	Loss 1.8889e+00 (1.8889e+00)	Acc@1  41.38 ( 41.38)	Acc@5  69.88 ( 69.88)
[TRAIN] E: [71][56/57]	Loss 1.9723e+00 (1.9167e+00)	Acc@1  38.50 ( 38.36)	Acc@5  64.50 ( 68.54)
[EVAL] E: [71][0/7]	Loss 2.8085e+00 (2.8085e+00)	Acc@1  31.62 ( 31.62)	Acc@5  61.12 ( 61.12)
[EVAL] E: [71][6/7]	Loss 3.0949e+00 (2.7563e+00)	Acc@1  25.00 ( 32.32)	Acc@5  54.00 ( 61.50)
		 Valid eval after epoch: loss:2.7563	latest_acc:32.32	LR:0.04 -- best valacc 39.64

Started EPOCH:72
[TRAIN] E: [72][ 0/57]	Loss 1.8348e+00 (1.8348e+00)	Acc@1  38.75 ( 38.75)	Acc@5  68.00 ( 68.00)
[TRAIN] E: [72][56/57]	Loss 1.9527e+00 (1.9117e+00)	Acc@1  35.00 ( 38.70)	Acc@5  64.50 ( 69.04)
[EVAL] E: [72][0/7]	Loss 2.7595e+00 (2.7595e+00)	Acc@1  32.12 ( 32.12)	Acc@5  63.25 ( 63.25)
[EVAL] E: [72][6/7]	Loss 2.8302e+00 (2.8213e+00)	Acc@1  28.50 ( 30.96)	Acc@5  59.50 ( 61.38)
		 Valid eval after epoch: loss:2.8213	latest_acc:30.96	LR:0.04 -- best valacc 39.64

Started EPOCH:73
[TRAIN] E: [73][ 0/57]	Loss 1.8601e+00 (1.8601e+00)	Acc@1  39.50 ( 39.50)	Acc@5  70.00 ( 70.00)
[TRAIN] E: [73][56/57]	Loss 1.8788e+00 (1.9267e+00)	Acc@1  43.00 ( 38.33)	Acc@5  69.00 ( 68.68)
[EVAL] E: [73][0/7]	Loss 2.8756e+00 (2.8756e+00)	Acc@1  30.38 ( 30.38)	Acc@5  61.00 ( 61.00)
[EVAL] E: [73][6/7]	Loss 3.0346e+00 (2.9089e+00)	Acc@1  30.00 ( 30.74)	Acc@5  59.50 ( 60.72)
		 Valid eval after epoch: loss:2.9089	latest_acc:30.74	LR:0.05 -- best valacc 39.64

Started EPOCH:74
[TRAIN] E: [74][ 0/57]	Loss 1.9121e+00 (1.9121e+00)	Acc@1  38.38 ( 38.38)	Acc@5  70.00 ( 70.00)
[TRAIN] E: [74][56/57]	Loss 1.7798e+00 (1.9478e+00)	Acc@1  41.50 ( 38.21)	Acc@5  70.50 ( 68.54)
[EVAL] E: [74][0/7]	Loss 2.9169e+00 (2.9169e+00)	Acc@1  31.12 ( 31.12)	Acc@5  60.88 ( 60.88)
[EVAL] E: [74][6/7]	Loss 2.8889e+00 (2.9338e+00)	Acc@1  31.00 ( 31.16)	Acc@5  61.50 ( 61.60)
		 Valid eval after epoch: loss:2.9338	latest_acc:31.16	LR:0.05 -- best valacc 39.64

Started EPOCH:75
[TRAIN] E: [75][ 0/57]	Loss 1.9052e+00 (1.9052e+00)	Acc@1  39.38 ( 39.38)	Acc@5  70.62 ( 70.62)
[TRAIN] E: [75][56/57]	Loss 1.8356e+00 (1.9587e+00)	Acc@1  44.50 ( 38.02)	Acc@5  72.50 ( 68.01)
[EVAL] E: [75][0/7]	Loss 3.3925e+00 (3.3925e+00)	Acc@1  27.75 ( 27.75)	Acc@5  54.62 ( 54.62)
[EVAL] E: [75][6/7]	Loss 3.3866e+00 (3.4183e+00)	Acc@1  24.50 ( 26.22)	Acc@5  55.50 ( 53.56)
		 Valid eval after epoch: loss:3.4183	latest_acc:26.22	LR:0.05 -- best valacc 39.64

Started EPOCH:76
[TRAIN] E: [76][ 0/57]	Loss 1.8236e+00 (1.8236e+00)	Acc@1  38.75 ( 38.75)	Acc@5  70.50 ( 70.50)
[TRAIN] E: [76][56/57]	Loss 1.9878e+00 (1.9663e+00)	Acc@1  35.50 ( 37.51)	Acc@5  70.00 ( 67.85)
[EVAL] E: [76][0/7]	Loss 2.8278e+00 (2.8278e+00)	Acc@1  31.38 ( 31.38)	Acc@5  61.88 ( 61.88)
[EVAL] E: [76][6/7]	Loss 2.9471e+00 (2.8541e+00)	Acc@1  28.50 ( 31.30)	Acc@5  53.50 ( 60.28)
		 Valid eval after epoch: loss:2.8541	latest_acc:31.30	LR:0.06 -- best valacc 39.64

Started EPOCH:77
[TRAIN] E: [77][ 0/57]	Loss 1.9718e+00 (1.9718e+00)	Acc@1  38.50 ( 38.50)	Acc@5  69.00 ( 69.00)
[TRAIN] E: [77][56/57]	Loss 1.9266e+00 (1.9745e+00)	Acc@1  42.50 ( 37.52)	Acc@5  67.00 ( 67.76)
[EVAL] E: [77][0/7]	Loss 2.8354e+00 (2.8354e+00)	Acc@1  32.25 ( 32.25)	Acc@5  63.00 ( 63.00)
[EVAL] E: [77][6/7]	Loss 3.0033e+00 (2.8203e+00)	Acc@1  27.50 ( 32.44)	Acc@5  60.00 ( 62.34)
		 Valid eval after epoch: loss:2.8203	latest_acc:32.44	LR:0.06 -- best valacc 39.64

Started EPOCH:78
[TRAIN] E: [78][ 0/57]	Loss 1.8887e+00 (1.8887e+00)	Acc@1  37.50 ( 37.50)	Acc@5  67.75 ( 67.75)
[TRAIN] E: [78][56/57]	Loss 2.1965e+00 (1.9991e+00)	Acc@1  38.00 ( 37.23)	Acc@5  67.50 ( 67.30)
[EVAL] E: [78][0/7]	Loss 2.8348e+00 (2.8348e+00)	Acc@1  30.62 ( 30.62)	Acc@5  62.00 ( 62.00)
[EVAL] E: [78][6/7]	Loss 2.8928e+00 (2.7980e+00)	Acc@1  29.50 ( 31.78)	Acc@5  58.00 ( 61.90)
		 Valid eval after epoch: loss:2.7980	latest_acc:31.78	LR:0.06 -- best valacc 39.64

Started EPOCH:79
[TRAIN] E: [79][ 0/57]	Loss 2.0884e+00 (2.0884e+00)	Acc@1  35.62 ( 35.62)	Acc@5  65.88 ( 65.88)
[TRAIN] E: [79][56/57]	Loss 2.0688e+00 (2.0105e+00)	Acc@1  40.50 ( 37.38)	Acc@5  72.50 ( 67.69)
[EVAL] E: [79][0/7]	Loss 3.4120e+00 (3.4120e+00)	Acc@1  27.25 ( 27.25)	Acc@5  55.38 ( 55.38)
[EVAL] E: [79][6/7]	Loss 3.4634e+00 (3.3889e+00)	Acc@1  25.50 ( 26.72)	Acc@5  47.50 ( 54.16)
		 Valid eval after epoch: loss:3.3889	latest_acc:26.72	LR:0.07 -- best valacc 39.64

Started EPOCH:80
[TRAIN] E: [80][ 0/57]	Loss 2.1154e+00 (2.1154e+00)	Acc@1  35.50 ( 35.50)	Acc@5  68.88 ( 68.88)
[TRAIN] E: [80][56/57]	Loss 1.8375e+00 (2.0159e+00)	Acc@1  42.00 ( 37.19)	Acc@5  67.50 ( 67.29)
[EVAL] E: [80][0/7]	Loss 3.0397e+00 (3.0397e+00)	Acc@1  27.12 ( 27.12)	Acc@5  57.62 ( 57.62)
[EVAL] E: [80][6/7]	Loss 3.0975e+00 (3.1207e+00)	Acc@1  30.00 ( 27.64)	Acc@5  55.50 ( 57.02)
		 Valid eval after epoch: loss:3.1207	latest_acc:27.64	LR:0.07 -- best valacc 39.64

Started EPOCH:81
[TRAIN] E: [81][ 0/57]	Loss 2.0312e+00 (2.0312e+00)	Acc@1  36.38 ( 36.38)	Acc@5  69.00 ( 69.00)
[TRAIN] E: [81][56/57]	Loss 2.0736e+00 (2.0219e+00)	Acc@1  35.00 ( 36.84)	Acc@5  66.00 ( 67.24)
[EVAL] E: [81][0/7]	Loss 3.0823e+00 (3.0823e+00)	Acc@1  27.38 ( 27.38)	Acc@5  57.88 ( 57.88)
[EVAL] E: [81][6/7]	Loss 2.9607e+00 (3.0423e+00)	Acc@1  27.50 ( 27.76)	Acc@5  57.00 ( 57.64)
		 Valid eval after epoch: loss:3.0423	latest_acc:27.76	LR:0.07 -- best valacc 39.64

Started EPOCH:82
[TRAIN] E: [82][ 0/57]	Loss 1.9972e+00 (1.9972e+00)	Acc@1  37.62 ( 37.62)	Acc@5  67.75 ( 67.75)
[TRAIN] E: [82][56/57]	Loss 1.9953e+00 (2.0402e+00)	Acc@1  38.50 ( 36.82)	Acc@5  65.00 ( 67.10)
[EVAL] E: [82][0/7]	Loss 3.3154e+00 (3.3154e+00)	Acc@1  26.25 ( 26.25)	Acc@5  54.38 ( 54.38)
[EVAL] E: [82][6/7]	Loss 3.3863e+00 (3.2175e+00)	Acc@1  19.00 ( 27.04)	Acc@5  52.50 ( 55.68)
		 Valid eval after epoch: loss:3.2175	latest_acc:27.04	LR:0.07 -- best valacc 39.64

Started EPOCH:83
[TRAIN] E: [83][ 0/57]	Loss 2.0505e+00 (2.0505e+00)	Acc@1  37.25 ( 37.25)	Acc@5  67.25 ( 67.25)
[TRAIN] E: [83][56/57]	Loss 1.9346e+00 (2.0472e+00)	Acc@1  40.00 ( 36.74)	Acc@5  67.00 ( 66.71)
[EVAL] E: [83][0/7]	Loss 3.2553e+00 (3.2553e+00)	Acc@1  26.88 ( 26.88)	Acc@5  54.88 ( 54.88)
[EVAL] E: [83][6/7]	Loss 3.1707e+00 (3.2322e+00)	Acc@1  25.00 ( 26.48)	Acc@5  55.50 ( 54.78)
		 Valid eval after epoch: loss:3.2322	latest_acc:26.48	LR:0.08 -- best valacc 39.64

Started EPOCH:84
[TRAIN] E: [84][ 0/57]	Loss 2.1502e+00 (2.1502e+00)	Acc@1  36.38 ( 36.38)	Acc@5  67.38 ( 67.38)
[TRAIN] E: [84][56/57]	Loss 2.1797e+00 (2.0564e+00)	Acc@1  45.00 ( 36.69)	Acc@5  71.50 ( 66.99)
[EVAL] E: [84][0/7]	Loss 3.7273e+00 (3.7273e+00)	Acc@1  22.75 ( 22.75)	Acc@5  52.12 ( 52.12)
[EVAL] E: [84][6/7]	Loss 3.6646e+00 (3.6568e+00)	Acc@1  25.00 ( 23.16)	Acc@5  53.50 ( 51.52)
		 Valid eval after epoch: loss:3.6568	latest_acc:23.16	LR:0.08 -- best valacc 39.64

Started EPOCH:85
[TRAIN] E: [85][ 0/57]	Loss 2.1283e+00 (2.1283e+00)	Acc@1  33.62 ( 33.62)	Acc@5  64.88 ( 64.88)
[TRAIN] E: [85][56/57]	Loss 2.0821e+00 (2.0450e+00)	Acc@1  41.00 ( 36.71)	Acc@5  66.50 ( 67.05)
[EVAL] E: [85][0/7]	Loss 3.1836e+00 (3.1836e+00)	Acc@1  27.12 ( 27.12)	Acc@5  56.75 ( 56.75)
[EVAL] E: [85][6/7]	Loss 3.2404e+00 (3.2306e+00)	Acc@1  24.50 ( 26.62)	Acc@5  50.50 ( 54.96)
		 Valid eval after epoch: loss:3.2306	latest_acc:26.62	LR:0.08 -- best valacc 39.64

Started EPOCH:86
[TRAIN] E: [86][ 0/57]	Loss 2.1175e+00 (2.1175e+00)	Acc@1  38.00 ( 38.00)	Acc@5  65.25 ( 65.25)
[TRAIN] E: [86][56/57]	Loss 2.1436e+00 (2.0510e+00)	Acc@1  36.00 ( 36.99)	Acc@5  68.00 ( 67.05)
[EVAL] E: [86][0/7]	Loss 2.8905e+00 (2.8905e+00)	Acc@1  30.75 ( 30.75)	Acc@5  58.88 ( 58.88)
[EVAL] E: [86][6/7]	Loss 3.0864e+00 (2.9807e+00)	Acc@1  29.00 ( 30.30)	Acc@5  55.00 ( 59.14)
		 Valid eval after epoch: loss:2.9807	latest_acc:30.30	LR:0.08 -- best valacc 39.64

Started EPOCH:87
[TRAIN] E: [87][ 0/57]	Loss 2.0551e+00 (2.0551e+00)	Acc@1  38.00 ( 38.00)	Acc@5  67.25 ( 67.25)
[TRAIN] E: [87][56/57]	Loss 2.0458e+00 (2.0668e+00)	Acc@1  38.50 ( 36.82)	Acc@5  67.00 ( 66.90)
[EVAL] E: [87][0/7]	Loss 3.1292e+00 (3.1292e+00)	Acc@1  26.25 ( 26.25)	Acc@5  54.38 ( 54.38)
[EVAL] E: [87][6/7]	Loss 3.2344e+00 (3.1936e+00)	Acc@1  22.00 ( 24.94)	Acc@5  54.00 ( 52.80)
		 Valid eval after epoch: loss:3.1936	latest_acc:24.94	LR:0.09 -- best valacc 39.64

Started EPOCH:88
[TRAIN] E: [88][ 0/57]	Loss 2.1772e+00 (2.1772e+00)	Acc@1  34.88 ( 34.88)	Acc@5  64.88 ( 64.88)
[TRAIN] E: [88][56/57]	Loss 2.0052e+00 (2.0935e+00)	Acc@1  36.50 ( 36.13)	Acc@5  65.50 ( 66.43)
[EVAL] E: [88][0/7]	Loss 2.9608e+00 (2.9608e+00)	Acc@1  29.50 ( 29.50)	Acc@5  59.12 ( 59.12)
[EVAL] E: [88][6/7]	Loss 2.9703e+00 (2.9483e+00)	Acc@1  25.50 ( 29.40)	Acc@5  60.00 ( 59.40)
		 Valid eval after epoch: loss:2.9483	latest_acc:29.40	LR:0.09 -- best valacc 39.64

Started EPOCH:89
[TRAIN] E: [89][ 0/57]	Loss 2.1478e+00 (2.1478e+00)	Acc@1  34.75 ( 34.75)	Acc@5  68.12 ( 68.12)
[TRAIN] E: [89][56/57]	Loss 1.9675e+00 (2.0751e+00)	Acc@1  45.00 ( 36.39)	Acc@5  67.00 ( 66.62)
[EVAL] E: [89][0/7]	Loss 2.6506e+00 (2.6506e+00)	Acc@1  33.12 ( 33.12)	Acc@5  62.50 ( 62.50)
[EVAL] E: [89][6/7]	Loss 2.8401e+00 (2.7073e+00)	Acc@1  28.00 ( 32.10)	Acc@5  58.50 ( 62.14)
		 Valid eval after epoch: loss:2.7073	latest_acc:32.10	LR:0.09 -- best valacc 39.64

Started EPOCH:90
[TRAIN] E: [90][ 0/57]	Loss 1.9714e+00 (1.9714e+00)	Acc@1  37.75 ( 37.75)	Acc@5  67.62 ( 67.62)
[TRAIN] E: [90][56/57]	Loss 1.9582e+00 (2.0428e+00)	Acc@1  41.50 ( 36.42)	Acc@5  70.50 ( 67.05)
[EVAL] E: [90][0/7]	Loss 3.2339e+00 (3.2339e+00)	Acc@1  24.62 ( 24.62)	Acc@5  52.00 ( 52.00)
[EVAL] E: [90][6/7]	Loss 3.2529e+00 (3.2930e+00)	Acc@1  21.00 ( 24.04)	Acc@5  55.00 ( 51.90)
		 Valid eval after epoch: loss:3.2930	latest_acc:24.04	LR:0.09 -- best valacc 39.64

Started EPOCH:91
[TRAIN] E: [91][ 0/57]	Loss 2.0707e+00 (2.0707e+00)	Acc@1  37.50 ( 37.50)	Acc@5  67.62 ( 67.62)
[TRAIN] E: [91][56/57]	Loss 2.0016e+00 (2.0439e+00)	Acc@1  35.50 ( 36.49)	Acc@5  68.50 ( 66.91)
[EVAL] E: [91][0/7]	Loss 2.9396e+00 (2.9396e+00)	Acc@1  30.50 ( 30.50)	Acc@5  59.62 ( 59.62)
[EVAL] E: [91][6/7]	Loss 2.9299e+00 (2.9401e+00)	Acc@1  33.50 ( 30.70)	Acc@5  58.00 ( 59.56)
		 Valid eval after epoch: loss:2.9401	latest_acc:30.70	LR:0.09 -- best valacc 39.64

Started EPOCH:92
[TRAIN] E: [92][ 0/57]	Loss 2.0361e+00 (2.0361e+00)	Acc@1  37.00 ( 37.00)	Acc@5  67.50 ( 67.50)
[TRAIN] E: [92][56/57]	Loss 2.0891e+00 (2.0579e+00)	Acc@1  37.50 ( 36.36)	Acc@5  70.50 ( 66.80)
[EVAL] E: [92][0/7]	Loss 3.1604e+00 (3.1604e+00)	Acc@1  25.88 ( 25.88)	Acc@5  54.75 ( 54.75)
[EVAL] E: [92][6/7]	Loss 2.9824e+00 (3.1176e+00)	Acc@1  31.00 ( 26.94)	Acc@5  56.50 ( 55.22)
		 Valid eval after epoch: loss:3.1176	latest_acc:26.94	LR:0.10 -- best valacc 39.64

Started EPOCH:93
[TRAIN] E: [93][ 0/57]	Loss 2.0507e+00 (2.0507e+00)	Acc@1  36.62 ( 36.62)	Acc@5  66.50 ( 66.50)
[TRAIN] E: [93][56/57]	Loss 1.8861e+00 (2.0556e+00)	Acc@1  38.50 ( 36.50)	Acc@5  67.50 ( 66.90)
[EVAL] E: [93][0/7]	Loss 3.2953e+00 (3.2953e+00)	Acc@1  26.25 ( 26.25)	Acc@5  53.38 ( 53.38)
[EVAL] E: [93][6/7]	Loss 3.5111e+00 (3.3106e+00)	Acc@1  17.50 ( 25.32)	Acc@5  51.00 ( 54.18)
		 Valid eval after epoch: loss:3.3106	latest_acc:25.32	LR:0.10 -- best valacc 39.64

Started EPOCH:94
[TRAIN] E: [94][ 0/57]	Loss 2.1349e+00 (2.1349e+00)	Acc@1  36.12 ( 36.12)	Acc@5  67.25 ( 67.25)
[TRAIN] E: [94][56/57]	Loss 1.9352e+00 (2.0571e+00)	Acc@1  40.00 ( 36.52)	Acc@5  69.50 ( 66.83)
[EVAL] E: [94][0/7]	Loss 3.0644e+00 (3.0644e+00)	Acc@1  29.25 ( 29.25)	Acc@5  57.50 ( 57.50)
[EVAL] E: [94][6/7]	Loss 3.3230e+00 (3.1123e+00)	Acc@1  26.00 ( 29.82)	Acc@5  50.00 ( 58.12)
		 Valid eval after epoch: loss:3.1123	latest_acc:29.82	LR:0.10 -- best valacc 39.64

Started EPOCH:95
[TRAIN] E: [95][ 0/57]	Loss 2.0306e+00 (2.0306e+00)	Acc@1  39.25 ( 39.25)	Acc@5  67.12 ( 67.12)
[TRAIN] E: [95][56/57]	Loss 2.1245e+00 (2.0520e+00)	Acc@1  34.00 ( 36.75)	Acc@5  61.50 ( 67.06)
[EVAL] E: [95][0/7]	Loss 2.9931e+00 (2.9931e+00)	Acc@1  29.88 ( 29.88)	Acc@5  59.00 ( 59.00)
[EVAL] E: [95][6/7]	Loss 3.0100e+00 (2.9887e+00)	Acc@1  30.00 ( 29.98)	Acc@5  57.50 ( 59.64)
		 Valid eval after epoch: loss:2.9887	latest_acc:29.98	LR:0.10 -- best valacc 39.64

Started EPOCH:96
[TRAIN] E: [96][ 0/57]	Loss 2.1097e+00 (2.1097e+00)	Acc@1  34.62 ( 34.62)	Acc@5  66.00 ( 66.00)
[TRAIN] E: [96][56/57]	Loss 2.1112e+00 (2.0532e+00)	Acc@1  31.50 ( 36.62)	Acc@5  63.50 ( 66.83)
[EVAL] E: [96][0/7]	Loss 3.3870e+00 (3.3870e+00)	Acc@1  25.75 ( 25.75)	Acc@5  52.88 ( 52.88)
[EVAL] E: [96][6/7]	Loss 3.4469e+00 (3.3490e+00)	Acc@1  29.00 ( 26.62)	Acc@5  54.00 ( 54.06)
		 Valid eval after epoch: loss:3.3490	latest_acc:26.62	LR:0.10 -- best valacc 39.64

Started EPOCH:97
[TRAIN] E: [97][ 0/57]	Loss 2.0280e+00 (2.0280e+00)	Acc@1  34.38 ( 34.38)	Acc@5  65.25 ( 65.25)
[TRAIN] E: [97][56/57]	Loss 2.1016e+00 (2.0614e+00)	Acc@1  37.00 ( 36.40)	Acc@5  74.00 ( 66.64)
[EVAL] E: [97][0/7]	Loss 2.8743e+00 (2.8743e+00)	Acc@1  32.00 ( 32.00)	Acc@5  63.38 ( 63.38)
[EVAL] E: [97][6/7]	Loss 3.0113e+00 (2.8718e+00)	Acc@1  27.00 ( 30.92)	Acc@5  56.50 ( 60.54)
		 Valid eval after epoch: loss:2.8718	latest_acc:30.92	LR:0.10 -- best valacc 39.64

Started EPOCH:98
[TRAIN] E: [98][ 0/57]	Loss 1.9146e+00 (1.9146e+00)	Acc@1  39.12 ( 39.12)	Acc@5  69.00 ( 69.00)
[TRAIN] E: [98][56/57]	Loss 1.9696e+00 (2.0583e+00)	Acc@1  37.00 ( 36.42)	Acc@5  69.00 ( 66.57)
[EVAL] E: [98][0/7]	Loss 3.4249e+00 (3.4249e+00)	Acc@1  25.62 ( 25.62)	Acc@5  52.50 ( 52.50)
[EVAL] E: [98][6/7]	Loss 3.2294e+00 (3.3125e+00)	Acc@1  24.00 ( 25.74)	Acc@5  55.50 ( 53.82)
		 Valid eval after epoch: loss:3.3125	latest_acc:25.74	LR:0.10 -- best valacc 39.64

Started EPOCH:99
[TRAIN] E: [99][ 0/57]	Loss 2.0021e+00 (2.0021e+00)	Acc@1  38.12 ( 38.12)	Acc@5  65.38 ( 65.38)
[TRAIN] E: [99][56/57]	Loss 2.1866e+00 (2.0444e+00)	Acc@1  32.50 ( 36.68)	Acc@5  61.00 ( 66.71)
[EVAL] E: [99][0/7]	Loss 3.4089e+00 (3.4089e+00)	Acc@1  26.62 ( 26.62)	Acc@5  54.38 ( 54.38)
[EVAL] E: [99][6/7]	Loss 3.4623e+00 (3.4749e+00)	Acc@1  26.50 ( 25.56)	Acc@5  57.00 ( 52.62)
		 Valid eval after epoch: loss:3.4749	latest_acc:25.56	LR:0.10 -- best valacc 39.64

Started EPOCH:100
[TRAIN] E: [100][ 0/57]	Loss 2.0993e+00 (2.0993e+00)	Acc@1  35.00 ( 35.00)	Acc@5  67.12 ( 67.12)
[TRAIN] E: [100][56/57]	Loss 2.0040e+00 (2.0467e+00)	Acc@1  43.00 ( 36.79)	Acc@5  70.00 ( 67.01)
[EVAL] E: [100][0/7]	Loss 2.8205e+00 (2.8205e+00)	Acc@1  31.75 ( 31.75)	Acc@5  61.38 ( 61.38)
[EVAL] E: [100][6/7]	Loss 2.9636e+00 (2.8958e+00)	Acc@1  29.00 ( 31.10)	Acc@5  58.00 ( 59.84)
		 Valid eval after epoch: loss:2.8958	latest_acc:31.10	LR:0.10 -- best valacc 39.64

Started EPOCH:101
[TRAIN] E: [101][ 0/57]	Loss 2.0061e+00 (2.0061e+00)	Acc@1  37.88 ( 37.88)	Acc@5  67.50 ( 67.50)
[TRAIN] E: [101][56/57]	Loss 2.1071e+00 (2.0331e+00)	Acc@1  33.00 ( 36.59)	Acc@5  71.50 ( 66.95)
[EVAL] E: [101][0/7]	Loss 2.8034e+00 (2.8034e+00)	Acc@1  30.62 ( 30.62)	Acc@5  64.50 ( 64.50)
[EVAL] E: [101][6/7]	Loss 2.8909e+00 (2.7878e+00)	Acc@1  30.00 ( 32.14)	Acc@5  57.50 ( 62.94)
		 Valid eval after epoch: loss:2.7878	latest_acc:32.14	LR:0.10 -- best valacc 39.64

Started EPOCH:102
[TRAIN] E: [102][ 0/57]	Loss 1.9890e+00 (1.9890e+00)	Acc@1  37.12 ( 37.12)	Acc@5  68.38 ( 68.38)
[TRAIN] E: [102][56/57]	Loss 2.0903e+00 (2.0168e+00)	Acc@1  34.50 ( 36.90)	Acc@5  68.50 ( 67.43)
[EVAL] E: [102][0/7]	Loss 3.1358e+00 (3.1358e+00)	Acc@1  27.62 ( 27.62)	Acc@5  55.25 ( 55.25)
[EVAL] E: [102][6/7]	Loss 3.4244e+00 (3.1733e+00)	Acc@1  22.00 ( 27.64)	Acc@5  51.50 ( 56.10)
		 Valid eval after epoch: loss:3.1733	latest_acc:27.64	LR:0.10 -- best valacc 39.64

Started EPOCH:103
[TRAIN] E: [103][ 0/57]	Loss 1.9836e+00 (1.9836e+00)	Acc@1  36.12 ( 36.12)	Acc@5  66.50 ( 66.50)
[TRAIN] E: [103][56/57]	Loss 2.1673e+00 (2.0141e+00)	Acc@1  33.00 ( 36.78)	Acc@5  67.00 ( 67.23)
[EVAL] E: [103][0/7]	Loss 3.0426e+00 (3.0426e+00)	Acc@1  29.00 ( 29.00)	Acc@5  58.25 ( 58.25)
[EVAL] E: [103][6/7]	Loss 3.2508e+00 (2.9154e+00)	Acc@1  27.50 ( 31.28)	Acc@5  52.50 ( 60.32)
		 Valid eval after epoch: loss:2.9154	latest_acc:31.28	LR:0.10 -- best valacc 39.64

Started EPOCH:104
[TRAIN] E: [104][ 0/57]	Loss 2.0321e+00 (2.0321e+00)	Acc@1  35.00 ( 35.00)	Acc@5  65.25 ( 65.25)
[TRAIN] E: [104][56/57]	Loss 1.8254e+00 (2.0217e+00)	Acc@1  34.00 ( 36.78)	Acc@5  67.50 ( 67.26)
[EVAL] E: [104][0/7]	Loss 3.0231e+00 (3.0231e+00)	Acc@1  27.50 ( 27.50)	Acc@5  58.38 ( 58.38)
[EVAL] E: [104][6/7]	Loss 3.0891e+00 (3.0134e+00)	Acc@1  30.00 ( 29.08)	Acc@5  55.00 ( 58.32)
		 Valid eval after epoch: loss:3.0134	latest_acc:29.08	LR:0.10 -- best valacc 39.64

Started EPOCH:105
[TRAIN] E: [105][ 0/57]	Loss 1.9945e+00 (1.9945e+00)	Acc@1  38.62 ( 38.62)	Acc@5  68.12 ( 68.12)
[TRAIN] E: [105][56/57]	Loss 1.8744e+00 (2.0001e+00)	Acc@1  36.50 ( 37.17)	Acc@5  68.50 ( 67.17)
[EVAL] E: [105][0/7]	Loss 3.2230e+00 (3.2230e+00)	Acc@1  25.12 ( 25.12)	Acc@5  53.25 ( 53.25)
[EVAL] E: [105][6/7]	Loss 3.3729e+00 (3.2181e+00)	Acc@1  22.00 ( 24.90)	Acc@5  50.00 ( 52.56)
		 Valid eval after epoch: loss:3.2181	latest_acc:24.90	LR:0.10 -- best valacc 39.64

Started EPOCH:106
[TRAIN] E: [106][ 0/57]	Loss 1.9856e+00 (1.9856e+00)	Acc@1  39.00 ( 39.00)	Acc@5  67.62 ( 67.62)
[TRAIN] E: [106][56/57]	Loss 1.9555e+00 (2.0088e+00)	Acc@1  34.00 ( 37.02)	Acc@5  63.00 ( 67.32)
[EVAL] E: [106][0/7]	Loss 3.0557e+00 (3.0557e+00)	Acc@1  31.25 ( 31.25)	Acc@5  57.12 ( 57.12)
[EVAL] E: [106][6/7]	Loss 2.8219e+00 (2.9343e+00)	Acc@1  32.50 ( 31.38)	Acc@5  60.50 ( 60.16)
		 Valid eval after epoch: loss:2.9343	latest_acc:31.38	LR:0.10 -- best valacc 39.64

Started EPOCH:107
[TRAIN] E: [107][ 0/57]	Loss 2.0492e+00 (2.0492e+00)	Acc@1  36.62 ( 36.62)	Acc@5  68.50 ( 68.50)
[TRAIN] E: [107][56/57]	Loss 2.0264e+00 (1.9884e+00)	Acc@1  37.50 ( 37.40)	Acc@5  66.50 ( 67.82)
[EVAL] E: [107][0/7]	Loss 2.8087e+00 (2.8087e+00)	Acc@1  29.38 ( 29.38)	Acc@5  61.12 ( 61.12)
[EVAL] E: [107][6/7]	Loss 3.0397e+00 (2.7774e+00)	Acc@1  23.50 ( 31.04)	Acc@5  57.00 ( 61.92)
		 Valid eval after epoch: loss:2.7774	latest_acc:31.04	LR:0.09 -- best valacc 39.64

Started EPOCH:108
[TRAIN] E: [108][ 0/57]	Loss 1.9493e+00 (1.9493e+00)	Acc@1  36.25 ( 36.25)	Acc@5  67.25 ( 67.25)
[TRAIN] E: [108][56/57]	Loss 2.0907e+00 (2.0036e+00)	Acc@1  37.50 ( 36.99)	Acc@5  67.00 ( 67.28)
[EVAL] E: [108][0/7]	Loss 2.7714e+00 (2.7714e+00)	Acc@1  32.12 ( 32.12)	Acc@5  64.12 ( 64.12)
[EVAL] E: [108][6/7]	Loss 2.7800e+00 (2.7494e+00)	Acc@1  29.00 ( 33.34)	Acc@5  61.00 ( 62.72)
		 Valid eval after epoch: loss:2.7494	latest_acc:33.34	LR:0.09 -- best valacc 39.64

Started EPOCH:109
[TRAIN] E: [109][ 0/57]	Loss 1.9443e+00 (1.9443e+00)	Acc@1  40.00 ( 40.00)	Acc@5  66.75 ( 66.75)
[TRAIN] E: [109][56/57]	Loss 2.0700e+00 (1.9821e+00)	Acc@1  35.00 ( 37.78)	Acc@5  62.50 ( 67.93)
[EVAL] E: [109][0/7]	Loss 2.9705e+00 (2.9705e+00)	Acc@1  28.88 ( 28.88)	Acc@5  58.00 ( 58.00)
[EVAL] E: [109][6/7]	Loss 2.8535e+00 (2.9331e+00)	Acc@1  32.50 ( 30.10)	Acc@5  60.00 ( 59.00)
		 Valid eval after epoch: loss:2.9331	latest_acc:30.10	LR:0.09 -- best valacc 39.64

Started EPOCH:110
[TRAIN] E: [110][ 0/57]	Loss 1.9067e+00 (1.9067e+00)	Acc@1  38.50 ( 38.50)	Acc@5  67.88 ( 67.88)
[TRAIN] E: [110][56/57]	Loss 1.9899e+00 (1.9778e+00)	Acc@1  38.50 ( 37.57)	Acc@5  71.00 ( 67.88)
[EVAL] E: [110][0/7]	Loss 2.7134e+00 (2.7134e+00)	Acc@1  31.12 ( 31.12)	Acc@5  63.62 ( 63.62)
[EVAL] E: [110][6/7]	Loss 2.7814e+00 (2.7062e+00)	Acc@1  28.50 ( 32.02)	Acc@5  61.00 ( 62.58)
		 Valid eval after epoch: loss:2.7062	latest_acc:32.02	LR:0.09 -- best valacc 39.64

Started EPOCH:111
[TRAIN] E: [111][ 0/57]	Loss 2.0420e+00 (2.0420e+00)	Acc@1  35.12 ( 35.12)	Acc@5  67.12 ( 67.12)
[TRAIN] E: [111][56/57]	Loss 2.0609e+00 (1.9850e+00)	Acc@1  39.00 ( 37.54)	Acc@5  66.50 ( 67.74)
[EVAL] E: [111][0/7]	Loss 2.8023e+00 (2.8023e+00)	Acc@1  33.00 ( 33.00)	Acc@5  61.25 ( 61.25)
[EVAL] E: [111][6/7]	Loss 2.9495e+00 (2.8038e+00)	Acc@1  30.50 ( 31.42)	Acc@5  57.00 ( 61.02)
		 Valid eval after epoch: loss:2.8038	latest_acc:31.42	LR:0.09 -- best valacc 39.64

Started EPOCH:112
[TRAIN] E: [112][ 0/57]	Loss 2.0242e+00 (2.0242e+00)	Acc@1  36.25 ( 36.25)	Acc@5  69.38 ( 69.38)
[TRAIN] E: [112][56/57]	Loss 2.0421e+00 (1.9739e+00)	Acc@1  37.00 ( 37.35)	Acc@5  63.50 ( 67.97)
[EVAL] E: [112][0/7]	Loss 3.6682e+00 (3.6682e+00)	Acc@1  24.12 ( 24.12)	Acc@5  50.38 ( 50.38)
[EVAL] E: [112][6/7]	Loss 3.7209e+00 (3.5346e+00)	Acc@1  23.50 ( 24.94)	Acc@5  48.00 ( 52.32)
		 Valid eval after epoch: loss:3.5346	latest_acc:24.94	LR:0.08 -- best valacc 39.64

Started EPOCH:113
[TRAIN] E: [113][ 0/57]	Loss 2.0327e+00 (2.0327e+00)	Acc@1  37.25 ( 37.25)	Acc@5  67.88 ( 67.88)
[TRAIN] E: [113][56/57]	Loss 2.0127e+00 (1.9736e+00)	Acc@1  32.50 ( 37.59)	Acc@5  62.00 ( 68.20)
[EVAL] E: [113][0/7]	Loss 2.7978e+00 (2.7978e+00)	Acc@1  30.62 ( 30.62)	Acc@5  61.12 ( 61.12)
[EVAL] E: [113][6/7]	Loss 2.6825e+00 (2.8220e+00)	Acc@1  35.00 ( 31.58)	Acc@5  63.00 ( 61.24)
		 Valid eval after epoch: loss:2.8220	latest_acc:31.58	LR:0.08 -- best valacc 39.64

Started EPOCH:114
[TRAIN] E: [114][ 0/57]	Loss 1.9952e+00 (1.9952e+00)	Acc@1  37.88 ( 37.88)	Acc@5  64.12 ( 64.12)
[TRAIN] E: [114][56/57]	Loss 1.8224e+00 (1.9412e+00)	Acc@1  42.00 ( 37.86)	Acc@5  68.50 ( 68.33)
[EVAL] E: [114][0/7]	Loss 3.4565e+00 (3.4565e+00)	Acc@1  24.88 ( 24.88)	Acc@5  53.50 ( 53.50)
[EVAL] E: [114][6/7]	Loss 3.3912e+00 (3.2806e+00)	Acc@1  21.50 ( 28.36)	Acc@5  56.00 ( 56.12)
		 Valid eval after epoch: loss:3.2806	latest_acc:28.36	LR:0.08 -- best valacc 39.64

Started EPOCH:115
[TRAIN] E: [115][ 0/57]	Loss 1.8751e+00 (1.8751e+00)	Acc@1  37.75 ( 37.75)	Acc@5  67.62 ( 67.62)
[TRAIN] E: [115][56/57]	Loss 2.0773e+00 (1.9258e+00)	Acc@1  30.50 ( 38.27)	Acc@5  65.00 ( 68.39)
[EVAL] E: [115][0/7]	Loss 2.7966e+00 (2.7966e+00)	Acc@1  32.38 ( 32.38)	Acc@5  59.25 ( 59.25)
[EVAL] E: [115][6/7]	Loss 2.9304e+00 (2.7344e+00)	Acc@1  25.50 ( 32.56)	Acc@5  59.00 ( 61.86)
		 Valid eval after epoch: loss:2.7344	latest_acc:32.56	LR:0.08 -- best valacc 39.64

Started EPOCH:116
[TRAIN] E: [116][ 0/57]	Loss 1.8889e+00 (1.8889e+00)	Acc@1  36.62 ( 36.62)	Acc@5  68.38 ( 68.38)
[TRAIN] E: [116][56/57]	Loss 1.9559e+00 (1.9243e+00)	Acc@1  40.00 ( 37.96)	Acc@5  69.00 ( 68.39)
[EVAL] E: [116][0/7]	Loss 3.2140e+00 (3.2140e+00)	Acc@1  27.50 ( 27.50)	Acc@5  54.75 ( 54.75)
[EVAL] E: [116][6/7]	Loss 3.3044e+00 (3.1787e+00)	Acc@1  25.50 ( 27.76)	Acc@5  52.00 ( 55.42)
		 Valid eval after epoch: loss:3.1787	latest_acc:27.76	LR:0.07 -- best valacc 39.64

Started EPOCH:117
[TRAIN] E: [117][ 0/57]	Loss 1.8982e+00 (1.8982e+00)	Acc@1  39.12 ( 39.12)	Acc@5  67.62 ( 67.62)
[TRAIN] E: [117][56/57]	Loss 1.8957e+00 (1.9142e+00)	Acc@1  36.00 ( 38.06)	Acc@5  69.00 ( 68.69)
[EVAL] E: [117][0/7]	Loss 2.6033e+00 (2.6033e+00)	Acc@1  36.50 ( 36.50)	Acc@5  64.62 ( 64.62)
[EVAL] E: [117][6/7]	Loss 2.9386e+00 (2.7110e+00)	Acc@1  28.50 ( 32.92)	Acc@5  57.50 ( 62.58)
		 Valid eval after epoch: loss:2.7110	latest_acc:32.92	LR:0.07 -- best valacc 39.64

Started EPOCH:118
[TRAIN] E: [118][ 0/57]	Loss 1.8583e+00 (1.8583e+00)	Acc@1  37.50 ( 37.50)	Acc@5  68.00 ( 68.00)
[TRAIN] E: [118][56/57]	Loss 2.0544e+00 (1.9297e+00)	Acc@1  37.50 ( 37.94)	Acc@5  62.50 ( 68.29)
[EVAL] E: [118][0/7]	Loss 2.6263e+00 (2.6263e+00)	Acc@1  34.38 ( 34.38)	Acc@5  65.75 ( 65.75)
[EVAL] E: [118][6/7]	Loss 2.8159e+00 (2.6787e+00)	Acc@1  30.00 ( 33.72)	Acc@5  58.00 ( 63.34)
		 Valid eval after epoch: loss:2.6787	latest_acc:33.72	LR:0.07 -- best valacc 39.64

Started EPOCH:119
[TRAIN] E: [119][ 0/57]	Loss 1.9079e+00 (1.9079e+00)	Acc@1  35.00 ( 35.00)	Acc@5  65.75 ( 65.75)
[TRAIN] E: [119][56/57]	Loss 1.8865e+00 (1.9135e+00)	Acc@1  33.50 ( 38.14)	Acc@5  64.00 ( 68.75)
[EVAL] E: [119][0/7]	Loss 3.1013e+00 (3.1013e+00)	Acc@1  26.88 ( 26.88)	Acc@5  55.50 ( 55.50)
[EVAL] E: [119][6/7]	Loss 3.0906e+00 (2.9656e+00)	Acc@1  26.50 ( 29.32)	Acc@5  57.50 ( 58.44)
		 Valid eval after epoch: loss:2.9656	latest_acc:29.32	LR:0.07 -- best valacc 39.64

Started EPOCH:120
[TRAIN] E: [120][ 0/57]	Loss 1.8656e+00 (1.8656e+00)	Acc@1  37.75 ( 37.75)	Acc@5  69.62 ( 69.62)
[TRAIN] E: [120][56/57]	Loss 1.8783e+00 (1.8884e+00)	Acc@1  41.00 ( 38.33)	Acc@5  73.00 ( 68.98)
[EVAL] E: [120][0/7]	Loss 3.1290e+00 (3.1290e+00)	Acc@1  29.88 ( 29.88)	Acc@5  59.75 ( 59.75)
[EVAL] E: [120][6/7]	Loss 3.3636e+00 (3.1399e+00)	Acc@1  27.50 ( 29.42)	Acc@5  52.50 ( 57.78)
		 Valid eval after epoch: loss:3.1399	latest_acc:29.42	LR:0.06 -- best valacc 39.64

Started EPOCH:121
[TRAIN] E: [121][ 0/57]	Loss 1.8689e+00 (1.8689e+00)	Acc@1  38.62 ( 38.62)	Acc@5  71.12 ( 71.12)
[TRAIN] E: [121][56/57]	Loss 2.0697e+00 (1.8673e+00)	Acc@1  37.00 ( 38.65)	Acc@5  71.00 ( 69.06)
[EVAL] E: [121][0/7]	Loss 2.8986e+00 (2.8986e+00)	Acc@1  31.50 ( 31.50)	Acc@5  60.62 ( 60.62)
[EVAL] E: [121][6/7]	Loss 3.0135e+00 (2.9669e+00)	Acc@1  28.50 ( 29.92)	Acc@5  55.50 ( 58.24)
		 Valid eval after epoch: loss:2.9669	latest_acc:29.92	LR:0.06 -- best valacc 39.64

Started EPOCH:122
[TRAIN] E: [122][ 0/57]	Loss 1.9111e+00 (1.9111e+00)	Acc@1  40.75 ( 40.75)	Acc@5  69.38 ( 69.38)
[TRAIN] E: [122][56/57]	Loss 1.9070e+00 (1.8762e+00)	Acc@1  37.00 ( 38.62)	Acc@5  66.00 ( 68.99)
[EVAL] E: [122][0/7]	Loss 2.5820e+00 (2.5820e+00)	Acc@1  32.88 ( 32.88)	Acc@5  64.88 ( 64.88)
[EVAL] E: [122][6/7]	Loss 2.6950e+00 (2.6389e+00)	Acc@1  33.50 ( 34.12)	Acc@5  61.00 ( 64.40)
		 Valid eval after epoch: loss:2.6389	latest_acc:34.12	LR:0.06 -- best valacc 39.64

Started EPOCH:123
[TRAIN] E: [123][ 0/57]	Loss 1.9015e+00 (1.9015e+00)	Acc@1  39.00 ( 39.00)	Acc@5  69.38 ( 69.38)
[TRAIN] E: [123][56/57]	Loss 1.9352e+00 (1.8552e+00)	Acc@1  36.50 ( 38.78)	Acc@5  66.50 ( 69.21)
[EVAL] E: [123][0/7]	Loss 2.7005e+00 (2.7005e+00)	Acc@1  34.00 ( 34.00)	Acc@5  62.25 ( 62.25)
[EVAL] E: [123][6/7]	Loss 2.8348e+00 (2.7176e+00)	Acc@1  30.50 ( 33.86)	Acc@5  61.50 ( 62.82)
		 Valid eval after epoch: loss:2.7176	latest_acc:33.86	LR:0.05 -- best valacc 39.64

Started EPOCH:124
[TRAIN] E: [124][ 0/57]	Loss 1.8954e+00 (1.8954e+00)	Acc@1  39.25 ( 39.25)	Acc@5  72.12 ( 72.12)
[TRAIN] E: [124][56/57]	Loss 1.7852e+00 (1.8567e+00)	Acc@1  34.00 ( 38.98)	Acc@5  68.50 ( 69.42)
[EVAL] E: [124][0/7]	Loss 2.7252e+00 (2.7252e+00)	Acc@1  32.38 ( 32.38)	Acc@5  62.38 ( 62.38)
[EVAL] E: [124][6/7]	Loss 2.7318e+00 (2.6576e+00)	Acc@1  32.00 ( 33.98)	Acc@5  60.50 ( 63.90)
		 Valid eval after epoch: loss:2.6576	latest_acc:33.98	LR:0.05 -- best valacc 39.64

Started EPOCH:125
[TRAIN] E: [125][ 0/57]	Loss 1.8419e+00 (1.8419e+00)	Acc@1  36.62 ( 36.62)	Acc@5  65.75 ( 65.75)
[TRAIN] E: [125][56/57]	Loss 1.8393e+00 (1.8355e+00)	Acc@1  39.50 ( 39.42)	Acc@5  68.50 ( 69.42)
[EVAL] E: [125][0/7]	Loss 2.7451e+00 (2.7451e+00)	Acc@1  33.12 ( 33.12)	Acc@5  63.25 ( 63.25)
[EVAL] E: [125][6/7]	Loss 2.7031e+00 (2.7229e+00)	Acc@1  33.50 ( 33.06)	Acc@5  62.00 ( 62.96)
		 Valid eval after epoch: loss:2.7229	latest_acc:33.06	LR:0.05 -- best valacc 39.64

Started EPOCH:126
[TRAIN] E: [126][ 0/57]	Loss 1.8428e+00 (1.8428e+00)	Acc@1  39.12 ( 39.12)	Acc@5  70.25 ( 70.25)
[TRAIN] E: [126][56/57]	Loss 1.7388e+00 (1.8132e+00)	Acc@1  41.50 ( 39.57)	Acc@5  68.50 ( 69.76)
[EVAL] E: [126][0/7]	Loss 2.6676e+00 (2.6676e+00)	Acc@1  32.88 ( 32.88)	Acc@5  63.00 ( 63.00)
[EVAL] E: [126][6/7]	Loss 2.8096e+00 (2.6062e+00)	Acc@1  32.00 ( 35.06)	Acc@5  61.00 ( 64.64)
		 Valid eval after epoch: loss:2.6062	latest_acc:35.06	LR:0.04 -- best valacc 39.64

Started EPOCH:127
[TRAIN] E: [127][ 0/57]	Loss 1.7468e+00 (1.7468e+00)	Acc@1  37.88 ( 37.88)	Acc@5  68.50 ( 68.50)
[TRAIN] E: [127][56/57]	Loss 1.8409e+00 (1.7961e+00)	Acc@1  38.00 ( 39.75)	Acc@5  70.50 ( 69.81)
[EVAL] E: [127][0/7]	Loss 2.5957e+00 (2.5957e+00)	Acc@1  35.62 ( 35.62)	Acc@5  65.50 ( 65.50)
[EVAL] E: [127][6/7]	Loss 2.8446e+00 (2.5814e+00)	Acc@1  33.50 ( 35.90)	Acc@5  59.00 ( 66.12)
		 Valid eval after epoch: loss:2.5814	latest_acc:35.90	LR:0.04 -- best valacc 39.64

Started EPOCH:128
[TRAIN] E: [128][ 0/57]	Loss 1.7975e+00 (1.7975e+00)	Acc@1  38.75 ( 38.75)	Acc@5  68.75 ( 68.75)
[TRAIN] E: [128][56/57]	Loss 1.7801e+00 (1.7963e+00)	Acc@1  31.50 ( 39.49)	Acc@5  68.00 ( 69.94)
[EVAL] E: [128][0/7]	Loss 2.7061e+00 (2.7061e+00)	Acc@1  33.12 ( 33.12)	Acc@5  63.88 ( 63.88)
[EVAL] E: [128][6/7]	Loss 2.5945e+00 (2.6727e+00)	Acc@1  34.50 ( 34.08)	Acc@5  66.00 ( 63.98)
		 Valid eval after epoch: loss:2.6727	latest_acc:34.08	LR:0.04 -- best valacc 39.64

Started EPOCH:129
[TRAIN] E: [129][ 0/57]	Loss 1.7972e+00 (1.7972e+00)	Acc@1  39.62 ( 39.62)	Acc@5  70.25 ( 70.25)
[TRAIN] E: [129][56/57]	Loss 1.7233e+00 (1.7948e+00)	Acc@1  40.50 ( 40.06)	Acc@5  71.50 ( 70.35)
[EVAL] E: [129][0/7]	Loss 2.7498e+00 (2.7498e+00)	Acc@1  34.12 ( 34.12)	Acc@5  61.62 ( 61.62)
[EVAL] E: [129][6/7]	Loss 2.9046e+00 (2.7752e+00)	Acc@1  29.00 ( 33.06)	Acc@5  59.50 ( 61.86)
		 Valid eval after epoch: loss:2.7752	latest_acc:33.06	LR:0.03 -- best valacc 39.64

Started EPOCH:130
[TRAIN] E: [130][ 0/57]	Loss 1.8353e+00 (1.8353e+00)	Acc@1  40.75 ( 40.75)	Acc@5  69.25 ( 69.25)
[TRAIN] E: [130][56/57]	Loss 1.8872e+00 (1.7971e+00)	Acc@1  44.00 ( 39.92)	Acc@5  69.50 ( 69.80)
[EVAL] E: [130][0/7]	Loss 2.5669e+00 (2.5669e+00)	Acc@1  35.00 ( 35.00)	Acc@5  68.62 ( 68.62)
[EVAL] E: [130][6/7]	Loss 2.7174e+00 (2.6476e+00)	Acc@1  31.00 ( 34.52)	Acc@5  63.50 ( 64.74)
		 Valid eval after epoch: loss:2.6476	latest_acc:34.52	LR:0.03 -- best valacc 39.64

Started EPOCH:131
[TRAIN] E: [131][ 0/57]	Loss 1.7602e+00 (1.7602e+00)	Acc@1  38.00 ( 38.00)	Acc@5  69.50 ( 69.50)
[TRAIN] E: [131][56/57]	Loss 1.8061e+00 (1.7711e+00)	Acc@1  39.00 ( 40.03)	Acc@5  71.50 ( 70.00)
[EVAL] E: [131][0/7]	Loss 2.4300e+00 (2.4300e+00)	Acc@1  37.88 ( 37.88)	Acc@5  70.50 ( 70.50)
[EVAL] E: [131][6/7]	Loss 2.6013e+00 (2.4583e+00)	Acc@1  37.50 ( 37.66)	Acc@5  63.00 ( 68.30)
		 Valid eval after epoch: loss:2.4583	latest_acc:37.66	LR:0.03 -- best valacc 39.64

Started EPOCH:132
[TRAIN] E: [132][ 0/57]	Loss 1.7437e+00 (1.7437e+00)	Acc@1  39.00 ( 39.00)	Acc@5  68.25 ( 68.25)
[TRAIN] E: [132][56/57]	Loss 1.7744e+00 (1.7466e+00)	Acc@1  41.50 ( 40.20)	Acc@5  75.00 ( 70.37)
[EVAL] E: [132][0/7]	Loss 2.4725e+00 (2.4725e+00)	Acc@1  38.75 ( 38.75)	Acc@5  65.38 ( 65.38)
[EVAL] E: [132][6/7]	Loss 2.5625e+00 (2.4891e+00)	Acc@1  34.50 ( 36.48)	Acc@5  64.00 ( 66.94)
		 Valid eval after epoch: loss:2.4891	latest_acc:36.48	LR:0.03 -- best valacc 39.64

Started EPOCH:133
[TRAIN] E: [133][ 0/57]	Loss 1.7792e+00 (1.7792e+00)	Acc@1  39.25 ( 39.25)	Acc@5  67.50 ( 67.50)
[TRAIN] E: [133][56/57]	Loss 1.8635e+00 (1.7426e+00)	Acc@1  33.00 ( 40.27)	Acc@5  68.00 ( 70.73)
[EVAL] E: [133][0/7]	Loss 2.5678e+00 (2.5678e+00)	Acc@1  36.38 ( 36.38)	Acc@5  65.88 ( 65.88)
[EVAL] E: [133][6/7]	Loss 2.5330e+00 (2.5134e+00)	Acc@1  34.00 ( 37.04)	Acc@5  68.50 ( 66.66)
		 Valid eval after epoch: loss:2.5134	latest_acc:37.04	LR:0.02 -- best valacc 39.64

Started EPOCH:134
[TRAIN] E: [134][ 0/57]	Loss 1.7402e+00 (1.7402e+00)	Acc@1  41.00 ( 41.00)	Acc@5  69.12 ( 69.12)
[TRAIN] E: [134][56/57]	Loss 1.6845e+00 (1.7248e+00)	Acc@1  43.00 ( 40.72)	Acc@5  66.50 ( 71.20)
[EVAL] E: [134][0/7]	Loss 2.4719e+00 (2.4719e+00)	Acc@1  38.25 ( 38.25)	Acc@5  68.00 ( 68.00)
[EVAL] E: [134][6/7]	Loss 2.4621e+00 (2.4788e+00)	Acc@1  36.00 ( 37.76)	Acc@5  69.00 ( 68.34)
		 Valid eval after epoch: loss:2.4788	latest_acc:37.76	LR:0.02 -- best valacc 39.64

Started EPOCH:135
[TRAIN] E: [135][ 0/57]	Loss 1.6795e+00 (1.6795e+00)	Acc@1  41.25 ( 41.25)	Acc@5  71.12 ( 71.12)
[TRAIN] E: [135][56/57]	Loss 1.8307e+00 (1.7183e+00)	Acc@1  34.50 ( 40.71)	Acc@5  69.50 ( 70.72)
[EVAL] E: [135][0/7]	Loss 2.3529e+00 (2.3529e+00)	Acc@1  39.25 ( 39.25)	Acc@5  70.38 ( 70.38)
[EVAL] E: [135][6/7]	Loss 2.6855e+00 (2.4165e+00)	Acc@1  33.50 ( 38.04)	Acc@5  66.50 ( 68.84)
		 Valid eval after epoch: loss:2.4165	latest_acc:38.04	LR:0.02 -- best valacc 39.64

Started EPOCH:136
[TRAIN] E: [136][ 0/57]	Loss 1.6998e+00 (1.6998e+00)	Acc@1  41.88 ( 41.88)	Acc@5  71.25 ( 71.25)
[TRAIN] E: [136][56/57]	Loss 1.8295e+00 (1.7043e+00)	Acc@1  42.50 ( 41.08)	Acc@5  65.50 ( 71.03)
[EVAL] E: [136][0/7]	Loss 2.4954e+00 (2.4954e+00)	Acc@1  37.12 ( 37.12)	Acc@5  65.88 ( 65.88)
[EVAL] E: [136][6/7]	Loss 2.5702e+00 (2.4367e+00)	Acc@1  35.00 ( 37.78)	Acc@5  62.00 ( 67.42)
		 Valid eval after epoch: loss:2.4367	latest_acc:37.78	LR:0.02 -- best valacc 39.64

Started EPOCH:137
[TRAIN] E: [137][ 0/57]	Loss 1.6883e+00 (1.6883e+00)	Acc@1  41.50 ( 41.50)	Acc@5  71.50 ( 71.50)
[TRAIN] E: [137][56/57]	Loss 1.8628e+00 (1.7014e+00)	Acc@1  35.50 ( 41.05)	Acc@5  71.50 ( 70.94)
[EVAL] E: [137][0/7]	Loss 2.5163e+00 (2.5163e+00)	Acc@1  38.00 ( 38.00)	Acc@5  67.75 ( 67.75)
[EVAL] E: [137][6/7]	Loss 2.6292e+00 (2.4721e+00)	Acc@1  38.00 ( 38.52)	Acc@5  63.00 ( 67.78)
		 Valid eval after epoch: loss:2.4721	latest_acc:38.52	LR:0.01 -- best valacc 39.64

Started EPOCH:138
[TRAIN] E: [138][ 0/57]	Loss 1.6813e+00 (1.6813e+00)	Acc@1  36.88 ( 36.88)	Acc@5  68.88 ( 68.88)
[TRAIN] E: [138][56/57]	Loss 1.7716e+00 (1.6958e+00)	Acc@1  43.00 ( 41.14)	Acc@5  75.00 ( 71.29)
[EVAL] E: [138][0/7]	Loss 2.3831e+00 (2.3831e+00)	Acc@1  37.50 ( 37.50)	Acc@5  68.62 ( 68.62)
[EVAL] E: [138][6/7]	Loss 2.5431e+00 (2.3904e+00)	Acc@1  34.50 ( 37.82)	Acc@5  68.00 ( 69.52)
		 Valid eval after epoch: loss:2.3904	latest_acc:37.82	LR:0.01 -- best valacc 39.64

Started EPOCH:139
[TRAIN] E: [139][ 0/57]	Loss 1.7491e+00 (1.7491e+00)	Acc@1  39.25 ( 39.25)	Acc@5  73.50 ( 73.50)
[TRAIN] E: [139][56/57]	Loss 1.7100e+00 (1.6793e+00)	Acc@1  38.50 ( 40.91)	Acc@5  71.50 ( 71.45)
[EVAL] E: [139][0/7]	Loss 2.3498e+00 (2.3498e+00)	Acc@1  41.12 ( 41.12)	Acc@5  69.00 ( 69.00)
[EVAL] E: [139][6/7]	Loss 2.5099e+00 (2.3674e+00)	Acc@1  33.00 ( 39.74)	Acc@5  63.00 ( 68.82)
		 Valid eval after epoch: loss:2.3674	latest_acc:39.74	LR:0.01 -- best valacc 39.74

Started EPOCH:140
[TRAIN] E: [140][ 0/57]	Loss 1.6488e+00 (1.6488e+00)	Acc@1  40.88 ( 40.88)	Acc@5  71.38 ( 71.38)
[TRAIN] E: [140][56/57]	Loss 1.8054e+00 (1.6761e+00)	Acc@1  42.00 ( 41.48)	Acc@5  70.00 ( 71.42)
[EVAL] E: [140][0/7]	Loss 2.2917e+00 (2.2917e+00)	Acc@1  39.25 ( 39.25)	Acc@5  70.00 ( 70.00)
[EVAL] E: [140][6/7]	Loss 2.5523e+00 (2.3459e+00)	Acc@1  30.50 ( 40.14)	Acc@5  64.50 ( 69.70)
		 Valid eval after epoch: loss:2.3459	latest_acc:40.14	LR:0.01 -- best valacc 40.14

Started EPOCH:141
[TRAIN] E: [141][ 0/57]	Loss 1.6889e+00 (1.6889e+00)	Acc@1  40.00 ( 40.00)	Acc@5  70.88 ( 70.88)
[TRAIN] E: [141][56/57]	Loss 1.5994e+00 (1.6725e+00)	Acc@1  45.00 ( 41.49)	Acc@5  73.50 ( 71.53)
[EVAL] E: [141][0/7]	Loss 2.4147e+00 (2.4147e+00)	Acc@1  37.38 ( 37.38)	Acc@5  69.50 ( 69.50)
[EVAL] E: [141][6/7]	Loss 2.4161e+00 (2.3917e+00)	Acc@1  37.00 ( 39.40)	Acc@5  68.00 ( 70.00)
		 Valid eval after epoch: loss:2.3917	latest_acc:39.40	LR:0.01 -- best valacc 40.14

Started EPOCH:142
[TRAIN] E: [142][ 0/57]	Loss 1.6213e+00 (1.6213e+00)	Acc@1  43.00 ( 43.00)	Acc@5  71.88 ( 71.88)
[TRAIN] E: [142][56/57]	Loss 1.5228e+00 (1.6635e+00)	Acc@1  49.50 ( 41.37)	Acc@5  74.50 ( 71.40)
[EVAL] E: [142][0/7]	Loss 2.4131e+00 (2.4131e+00)	Acc@1  38.50 ( 38.50)	Acc@5  67.50 ( 67.50)
[EVAL] E: [142][6/7]	Loss 2.4715e+00 (2.4003e+00)	Acc@1  33.50 ( 38.72)	Acc@5  68.50 ( 69.02)
		 Valid eval after epoch: loss:2.4003	latest_acc:38.72	LR:0.00 -- best valacc 40.14

Started EPOCH:143
[TRAIN] E: [143][ 0/57]	Loss 1.6291e+00 (1.6291e+00)	Acc@1  42.12 ( 42.12)	Acc@5  70.00 ( 70.00)
[TRAIN] E: [143][56/57]	Loss 1.5928e+00 (1.6568e+00)	Acc@1  40.00 ( 41.74)	Acc@5  74.50 ( 71.62)
[EVAL] E: [143][0/7]	Loss 2.3825e+00 (2.3825e+00)	Acc@1  39.25 ( 39.25)	Acc@5  69.50 ( 69.50)
[EVAL] E: [143][6/7]	Loss 2.4110e+00 (2.3355e+00)	Acc@1  38.50 ( 40.96)	Acc@5  67.50 ( 69.74)
		 Valid eval after epoch: loss:2.3355	latest_acc:40.96	LR:0.00 -- best valacc 40.96

Started EPOCH:144
[TRAIN] E: [144][ 0/57]	Loss 1.7164e+00 (1.7164e+00)	Acc@1  42.75 ( 42.75)	Acc@5  73.50 ( 73.50)
[TRAIN] E: [144][56/57]	Loss 1.6867e+00 (1.6475e+00)	Acc@1  40.50 ( 41.69)	Acc@5  71.00 ( 71.70)
[EVAL] E: [144][0/7]	Loss 2.2754e+00 (2.2754e+00)	Acc@1  42.62 ( 42.62)	Acc@5  70.62 ( 70.62)
[EVAL] E: [144][6/7]	Loss 2.3500e+00 (2.3413e+00)	Acc@1  39.00 ( 40.08)	Acc@5  66.00 ( 69.80)
		 Valid eval after epoch: loss:2.3413	latest_acc:40.08	LR:0.00 -- best valacc 40.96

Started EPOCH:145
[TRAIN] E: [145][ 0/57]	Loss 1.5589e+00 (1.5589e+00)	Acc@1  39.50 ( 39.50)	Acc@5  72.12 ( 72.12)
[TRAIN] E: [145][56/57]	Loss 1.7232e+00 (1.6491e+00)	Acc@1  40.00 ( 41.65)	Acc@5  69.00 ( 71.67)
[EVAL] E: [145][0/7]	Loss 2.3722e+00 (2.3722e+00)	Acc@1  39.38 ( 39.38)	Acc@5  68.38 ( 68.38)
[EVAL] E: [145][6/7]	Loss 2.5645e+00 (2.3607e+00)	Acc@1  37.50 ( 39.52)	Acc@5  65.50 ( 69.44)
		 Valid eval after epoch: loss:2.3607	latest_acc:39.52	LR:0.00 -- best valacc 40.96

Started EPOCH:146
[TRAIN] E: [146][ 0/57]	Loss 1.6370e+00 (1.6370e+00)	Acc@1  42.00 ( 42.00)	Acc@5  72.62 ( 72.62)
[TRAIN] E: [146][56/57]	Loss 1.8382e+00 (1.6433e+00)	Acc@1  39.50 ( 41.84)	Acc@5  70.00 ( 71.88)
[EVAL] E: [146][0/7]	Loss 2.3444e+00 (2.3444e+00)	Acc@1  40.25 ( 40.25)	Acc@5  69.50 ( 69.50)
[EVAL] E: [146][6/7]	Loss 2.5959e+00 (2.3403e+00)	Acc@1  35.50 ( 40.38)	Acc@5  64.00 ( 69.82)
		 Valid eval after epoch: loss:2.3403	latest_acc:40.38	LR:0.00 -- best valacc 40.96

Started EPOCH:147
[TRAIN] E: [147][ 0/57]	Loss 1.6034e+00 (1.6034e+00)	Acc@1  40.75 ( 40.75)	Acc@5  70.75 ( 70.75)
[TRAIN] E: [147][56/57]	Loss 1.7585e+00 (1.6413e+00)	Acc@1  41.50 ( 41.68)	Acc@5  69.00 ( 71.50)
[EVAL] E: [147][0/7]	Loss 2.3065e+00 (2.3065e+00)	Acc@1  42.00 ( 42.00)	Acc@5  71.25 ( 71.25)
[EVAL] E: [147][6/7]	Loss 2.5590e+00 (2.3101e+00)	Acc@1  39.50 ( 40.72)	Acc@5  65.00 ( 70.70)
		 Valid eval after epoch: loss:2.3101	latest_acc:40.72	LR:0.00 -- best valacc 40.96

Started EPOCH:148
[TRAIN] E: [148][ 0/57]	Loss 1.6113e+00 (1.6113e+00)	Acc@1  42.25 ( 42.25)	Acc@5  72.00 ( 72.00)
[TRAIN] E: [148][56/57]	Loss 1.7115e+00 (1.6373e+00)	Acc@1  46.00 ( 41.87)	Acc@5  75.50 ( 71.93)
[EVAL] E: [148][0/7]	Loss 2.3138e+00 (2.3138e+00)	Acc@1  39.88 ( 39.88)	Acc@5  70.38 ( 70.38)
[EVAL] E: [148][6/7]	Loss 2.3227e+00 (2.3269e+00)	Acc@1  40.50 ( 39.38)	Acc@5  70.50 ( 70.54)
		 Valid eval after epoch: loss:2.3269	latest_acc:39.38	LR:0.00 -- best valacc 40.96

Started EPOCH:149
[TRAIN] E: [149][ 0/57]	Loss 1.6753e+00 (1.6753e+00)	Acc@1  37.75 ( 37.75)	Acc@5  69.12 ( 69.12)
[TRAIN] E: [149][56/57]	Loss 1.7220e+00 (1.6365e+00)	Acc@1  39.00 ( 41.68)	Acc@5  65.50 ( 72.05)
[EVAL] E: [149][0/7]	Loss 2.2693e+00 (2.2693e+00)	Acc@1  41.00 ( 41.00)	Acc@5  71.00 ( 71.00)
[EVAL] E: [149][6/7]	Loss 2.3484e+00 (2.3417e+00)	Acc@1  34.50 ( 39.32)	Acc@5  71.50 ( 69.98)
		 Valid eval after epoch: loss:2.3417	latest_acc:39.32	LR:0.00 -- best valacc 40.96

Started EPOCH:150
[TRAIN] E: [150][ 0/57]	Loss 1.6541e+00 (1.6541e+00)	Acc@1  43.25 ( 43.25)	Acc@5  73.25 ( 73.25)
[TRAIN] E: [150][56/57]	Loss 1.7188e+00 (1.6370e+00)	Acc@1  47.50 ( 42.08)	Acc@5  73.50 ( 71.81)
[EVAL] E: [150][0/7]	Loss 2.2713e+00 (2.2713e+00)	Acc@1  42.50 ( 42.50)	Acc@5  72.25 ( 72.25)
[EVAL] E: [150][6/7]	Loss 2.3199e+00 (2.3060e+00)	Acc@1  39.50 ( 40.42)	Acc@5  71.00 ( 71.04)
		 Valid eval after epoch: loss:2.3060	latest_acc:40.42	LR:0.00 -- best valacc 40.96

Started EPOCH:151
[TRAIN] E: [151][ 0/57]	Loss 1.6511e+00 (1.6511e+00)	Acc@1  42.50 ( 42.50)	Acc@5  70.88 ( 70.88)
[TRAIN] E: [151][56/57]	Loss 1.7633e+00 (1.6371e+00)	Acc@1  40.00 ( 41.88)	Acc@5  70.00 ( 71.96)
[EVAL] E: [151][0/7]	Loss 2.3064e+00 (2.3064e+00)	Acc@1  39.75 ( 39.75)	Acc@5  69.62 ( 69.62)
[EVAL] E: [151][6/7]	Loss 2.5285e+00 (2.3482e+00)	Acc@1  34.00 ( 39.42)	Acc@5  63.00 ( 69.52)
		 Valid eval after epoch: loss:2.3482	latest_acc:39.42	LR:0.00 -- best valacc 40.96

Started EPOCH:152
[TRAIN] E: [152][ 0/57]	Loss 1.6500e+00 (1.6500e+00)	Acc@1  38.62 ( 38.62)	Acc@5  70.50 ( 70.50)
[TRAIN] E: [152][56/57]	Loss 1.6399e+00 (1.6458e+00)	Acc@1  38.50 ( 41.69)	Acc@5  70.00 ( 71.73)
[EVAL] E: [152][0/7]	Loss 2.4123e+00 (2.4123e+00)	Acc@1  38.62 ( 38.62)	Acc@5  70.00 ( 70.00)
[EVAL] E: [152][6/7]	Loss 2.3931e+00 (2.3488e+00)	Acc@1  37.00 ( 39.36)	Acc@5  65.50 ( 70.34)
		 Valid eval after epoch: loss:2.3488	latest_acc:39.36	LR:0.00 -- best valacc 40.96

Started EPOCH:153
[TRAIN] E: [153][ 0/57]	Loss 1.5996e+00 (1.5996e+00)	Acc@1  42.50 ( 42.50)	Acc@5  72.25 ( 72.25)
[TRAIN] E: [153][56/57]	Loss 1.5906e+00 (1.6297e+00)	Acc@1  43.50 ( 41.71)	Acc@5  70.00 ( 71.84)
[EVAL] E: [153][0/7]	Loss 2.2525e+00 (2.2525e+00)	Acc@1  41.12 ( 41.12)	Acc@5  72.62 ( 72.62)
[EVAL] E: [153][6/7]	Loss 2.4692e+00 (2.2921e+00)	Acc@1  35.50 ( 40.54)	Acc@5  64.50 ( 70.08)
		 Valid eval after epoch: loss:2.2921	latest_acc:40.54	LR:0.00 -- best valacc 40.96

Started EPOCH:154
[TRAIN] E: [154][ 0/57]	Loss 1.6549e+00 (1.6549e+00)	Acc@1  41.38 ( 41.38)	Acc@5  72.75 ( 72.75)
[TRAIN] E: [154][56/57]	Loss 1.7375e+00 (1.6404e+00)	Acc@1  41.50 ( 41.74)	Acc@5  73.50 ( 71.75)
[EVAL] E: [154][0/7]	Loss 2.2652e+00 (2.2652e+00)	Acc@1  41.50 ( 41.50)	Acc@5  68.62 ( 68.62)
[EVAL] E: [154][6/7]	Loss 2.5105e+00 (2.3170e+00)	Acc@1  36.00 ( 40.36)	Acc@5  64.00 ( 69.48)
		 Valid eval after epoch: loss:2.3170	latest_acc:40.36	LR:0.00 -- best valacc 40.96

Started EPOCH:155
[TRAIN] E: [155][ 0/57]	Loss 1.6744e+00 (1.6744e+00)	Acc@1  41.88 ( 41.88)	Acc@5  72.62 ( 72.62)
[TRAIN] E: [155][56/57]	Loss 1.5034e+00 (1.6422e+00)	Acc@1  42.50 ( 41.60)	Acc@5  74.50 ( 72.07)
[EVAL] E: [155][0/7]	Loss 2.3421e+00 (2.3421e+00)	Acc@1  40.62 ( 40.62)	Acc@5  69.88 ( 69.88)
[EVAL] E: [155][6/7]	Loss 2.3887e+00 (2.3586e+00)	Acc@1  36.00 ( 39.54)	Acc@5  68.00 ( 69.46)
		 Valid eval after epoch: loss:2.3586	latest_acc:39.54	LR:0.00 -- best valacc 40.96

Started EPOCH:156
[TRAIN] E: [156][ 0/57]	Loss 1.6731e+00 (1.6731e+00)	Acc@1  44.00 ( 44.00)	Acc@5  72.00 ( 72.00)
[TRAIN] E: [156][56/57]	Loss 1.7005e+00 (1.6311e+00)	Acc@1  43.00 ( 42.09)	Acc@5  68.50 ( 71.98)
[EVAL] E: [156][0/7]	Loss 2.3510e+00 (2.3510e+00)	Acc@1  39.62 ( 39.62)	Acc@5  70.62 ( 70.62)
[EVAL] E: [156][6/7]	Loss 2.4874e+00 (2.3314e+00)	Acc@1  34.00 ( 40.14)	Acc@5  64.50 ( 69.66)
		 Valid eval after epoch: loss:2.3314	latest_acc:40.14	LR:0.00 -- best valacc 40.96

Started EPOCH:157
[TRAIN] E: [157][ 0/57]	Loss 1.7048e+00 (1.7048e+00)	Acc@1  41.62 ( 41.62)	Acc@5  73.25 ( 73.25)
[TRAIN] E: [157][56/57]	Loss 1.6242e+00 (1.6499e+00)	Acc@1  33.50 ( 41.69)	Acc@5  70.00 ( 71.50)
[EVAL] E: [157][0/7]	Loss 2.3190e+00 (2.3190e+00)	Acc@1  40.25 ( 40.25)	Acc@5  70.12 ( 70.12)
[EVAL] E: [157][6/7]	Loss 2.3511e+00 (2.3388e+00)	Acc@1  39.00 ( 39.78)	Acc@5  70.00 ( 70.10)
		 Valid eval after epoch: loss:2.3388	latest_acc:39.78	LR:0.01 -- best valacc 40.96

Started EPOCH:158
[TRAIN] E: [158][ 0/57]	Loss 1.5836e+00 (1.5836e+00)	Acc@1  44.62 ( 44.62)	Acc@5  73.50 ( 73.50)
[TRAIN] E: [158][56/57]	Loss 1.8026e+00 (1.6500e+00)	Acc@1  40.00 ( 41.57)	Acc@5  69.00 ( 71.64)
[EVAL] E: [158][0/7]	Loss 2.4025e+00 (2.4025e+00)	Acc@1  38.25 ( 38.25)	Acc@5  70.62 ( 70.62)
[EVAL] E: [158][6/7]	Loss 2.5762e+00 (2.3492e+00)	Acc@1  32.50 ( 38.88)	Acc@5  66.00 ( 70.30)
		 Valid eval after epoch: loss:2.3492	latest_acc:38.88	LR:0.01 -- best valacc 40.96

Started EPOCH:159
[TRAIN] E: [159][ 0/57]	Loss 1.6590e+00 (1.6590e+00)	Acc@1  40.75 ( 40.75)	Acc@5  72.12 ( 72.12)
[TRAIN] E: [159][56/57]	Loss 1.6034e+00 (1.6629e+00)	Acc@1  44.00 ( 41.67)	Acc@5  69.00 ( 71.66)
[EVAL] E: [159][0/7]	Loss 2.2202e+00 (2.2202e+00)	Acc@1  41.50 ( 41.50)	Acc@5  72.50 ( 72.50)
[EVAL] E: [159][6/7]	Loss 2.4663e+00 (2.3565e+00)	Acc@1  37.50 ( 39.76)	Acc@5  66.00 ( 69.86)
		 Valid eval after epoch: loss:2.3565	latest_acc:39.76	LR:0.01 -- best valacc 40.96

Started EPOCH:160
[TRAIN] E: [160][ 0/57]	Loss 1.6248e+00 (1.6248e+00)	Acc@1  44.00 ( 44.00)	Acc@5  71.75 ( 71.75)
[TRAIN] E: [160][56/57]	Loss 1.7961e+00 (1.6644e+00)	Acc@1  44.50 ( 41.47)	Acc@5  74.00 ( 71.28)
[EVAL] E: [160][0/7]	Loss 2.4108e+00 (2.4108e+00)	Acc@1  38.25 ( 38.25)	Acc@5  70.25 ( 70.25)
[EVAL] E: [160][6/7]	Loss 2.4770e+00 (2.3781e+00)	Acc@1  35.50 ( 39.32)	Acc@5  67.50 ( 69.80)
		 Valid eval after epoch: loss:2.3781	latest_acc:39.32	LR:0.01 -- best valacc 40.96

Started EPOCH:161
[TRAIN] E: [161][ 0/57]	Loss 1.6656e+00 (1.6656e+00)	Acc@1  38.50 ( 38.50)	Acc@5  69.25 ( 69.25)
[TRAIN] E: [161][56/57]	Loss 1.7437e+00 (1.6759e+00)	Acc@1  39.00 ( 41.30)	Acc@5  68.00 ( 70.99)
[EVAL] E: [161][0/7]	Loss 2.3779e+00 (2.3779e+00)	Acc@1  37.62 ( 37.62)	Acc@5  69.62 ( 69.62)
[EVAL] E: [161][6/7]	Loss 2.4832e+00 (2.3688e+00)	Acc@1  34.50 ( 38.92)	Acc@5  64.50 ( 69.58)
		 Valid eval after epoch: loss:2.3688	latest_acc:38.92	LR:0.01 -- best valacc 40.96

Started EPOCH:162
[TRAIN] E: [162][ 0/57]	Loss 1.7018e+00 (1.7018e+00)	Acc@1  43.88 ( 43.88)	Acc@5  70.88 ( 70.88)
[TRAIN] E: [162][56/57]	Loss 1.6691e+00 (1.6765e+00)	Acc@1  41.00 ( 40.97)	Acc@5  70.00 ( 71.07)
[EVAL] E: [162][0/7]	Loss 2.4999e+00 (2.4999e+00)	Acc@1  37.25 ( 37.25)	Acc@5  67.62 ( 67.62)
[EVAL] E: [162][6/7]	Loss 2.5783e+00 (2.4397e+00)	Acc@1  35.00 ( 38.38)	Acc@5  64.00 ( 68.28)
		 Valid eval after epoch: loss:2.4397	latest_acc:38.38	LR:0.02 -- best valacc 40.96

Started EPOCH:163
[TRAIN] E: [163][ 0/57]	Loss 1.6365e+00 (1.6365e+00)	Acc@1  43.50 ( 43.50)	Acc@5  73.50 ( 73.50)
[TRAIN] E: [163][56/57]	Loss 1.7231e+00 (1.7041e+00)	Acc@1  34.50 ( 41.22)	Acc@5  62.50 ( 71.02)
[EVAL] E: [163][0/7]	Loss 2.7196e+00 (2.7196e+00)	Acc@1  32.62 ( 32.62)	Acc@5  62.50 ( 62.50)
[EVAL] E: [163][6/7]	Loss 2.7822e+00 (2.7283e+00)	Acc@1  30.00 ( 33.40)	Acc@5  62.00 ( 63.18)
		 Valid eval after epoch: loss:2.7283	latest_acc:33.40	LR:0.02 -- best valacc 40.96

Started EPOCH:164
[TRAIN] E: [164][ 0/57]	Loss 1.6973e+00 (1.6973e+00)	Acc@1  38.50 ( 38.50)	Acc@5  68.00 ( 68.00)
[TRAIN] E: [164][56/57]	Loss 1.7217e+00 (1.7121e+00)	Acc@1  42.00 ( 40.99)	Acc@5  70.00 ( 71.10)
[EVAL] E: [164][0/7]	Loss 2.5816e+00 (2.5816e+00)	Acc@1  35.75 ( 35.75)	Acc@5  66.25 ( 66.25)
[EVAL] E: [164][6/7]	Loss 2.6949e+00 (2.5062e+00)	Acc@1  31.00 ( 37.04)	Acc@5  67.00 ( 66.92)
		 Valid eval after epoch: loss:2.5062	latest_acc:37.04	LR:0.02 -- best valacc 40.96

Started EPOCH:165
[TRAIN] E: [165][ 0/57]	Loss 1.7608e+00 (1.7608e+00)	Acc@1  39.62 ( 39.62)	Acc@5  71.00 ( 71.00)
[TRAIN] E: [165][56/57]	Loss 1.7150e+00 (1.7147e+00)	Acc@1  42.00 ( 40.89)	Acc@5  72.00 ( 70.91)
[EVAL] E: [165][0/7]	Loss 2.5116e+00 (2.5116e+00)	Acc@1  36.75 ( 36.75)	Acc@5  68.88 ( 68.88)
[EVAL] E: [165][6/7]	Loss 2.6369e+00 (2.4766e+00)	Acc@1  42.50 ( 37.14)	Acc@5  65.50 ( 68.10)
		 Valid eval after epoch: loss:2.4766	latest_acc:37.14	LR:0.02 -- best valacc 40.96

Started EPOCH:166
[TRAIN] E: [166][ 0/57]	Loss 1.6896e+00 (1.6896e+00)	Acc@1  40.38 ( 40.38)	Acc@5  71.12 ( 71.12)
[TRAIN] E: [166][56/57]	Loss 1.7188e+00 (1.7046e+00)	Acc@1  43.50 ( 41.11)	Acc@5  68.00 ( 71.03)
[EVAL] E: [166][0/7]	Loss 2.4998e+00 (2.4998e+00)	Acc@1  40.62 ( 40.62)	Acc@5  66.62 ( 66.62)
[EVAL] E: [166][6/7]	Loss 2.7167e+00 (2.5326e+00)	Acc@1  31.00 ( 36.96)	Acc@5  61.00 ( 66.12)
		 Valid eval after epoch: loss:2.5326	latest_acc:36.96	LR:0.03 -- best valacc 40.96

Started EPOCH:167
[TRAIN] E: [167][ 0/57]	Loss 1.7501e+00 (1.7501e+00)	Acc@1  42.50 ( 42.50)	Acc@5  75.12 ( 75.12)
[TRAIN] E: [167][56/57]	Loss 1.7716e+00 (1.7358e+00)	Acc@1  32.50 ( 40.69)	Acc@5  66.00 ( 70.77)
[EVAL] E: [167][0/7]	Loss 2.8444e+00 (2.8444e+00)	Acc@1  33.38 ( 33.38)	Acc@5  60.88 ( 60.88)
[EVAL] E: [167][6/7]	Loss 3.0873e+00 (2.8402e+00)	Acc@1  29.00 ( 33.50)	Acc@5  58.50 ( 62.04)
		 Valid eval after epoch: loss:2.8402	latest_acc:33.50	LR:0.03 -- best valacc 40.96

Started EPOCH:168
[TRAIN] E: [168][ 0/57]	Loss 1.7832e+00 (1.7832e+00)	Acc@1  43.62 ( 43.62)	Acc@5  74.38 ( 74.38)
[TRAIN] E: [168][56/57]	Loss 1.8504e+00 (1.7507e+00)	Acc@1  35.50 ( 40.69)	Acc@5  70.00 ( 70.59)
[EVAL] E: [168][0/7]	Loss 2.6208e+00 (2.6208e+00)	Acc@1  32.88 ( 32.88)	Acc@5  64.00 ( 64.00)
[EVAL] E: [168][6/7]	Loss 2.5305e+00 (2.5974e+00)	Acc@1  37.50 ( 34.80)	Acc@5  63.50 ( 64.78)
		 Valid eval after epoch: loss:2.5974	latest_acc:34.80	LR:0.03 -- best valacc 40.96

Started EPOCH:169
[TRAIN] E: [169][ 0/57]	Loss 1.8031e+00 (1.8031e+00)	Acc@1  37.88 ( 37.88)	Acc@5  68.25 ( 68.25)
[TRAIN] E: [169][56/57]	Loss 1.7721e+00 (1.7530e+00)	Acc@1  40.00 ( 40.32)	Acc@5  72.00 ( 70.35)
[EVAL] E: [169][0/7]	Loss 2.6413e+00 (2.6413e+00)	Acc@1  33.75 ( 33.75)	Acc@5  65.00 ( 65.00)
[EVAL] E: [169][6/7]	Loss 2.7735e+00 (2.6245e+00)	Acc@1  33.00 ( 35.96)	Acc@5  60.00 ( 64.40)
		 Valid eval after epoch: loss:2.6245	latest_acc:35.96	LR:0.03 -- best valacc 40.96

Started EPOCH:170
[TRAIN] E: [170][ 0/57]	Loss 1.7393e+00 (1.7393e+00)	Acc@1  37.00 ( 37.00)	Acc@5  67.88 ( 67.88)
[TRAIN] E: [170][56/57]	Loss 1.6425e+00 (1.7738e+00)	Acc@1  39.50 ( 39.90)	Acc@5  66.50 ( 70.33)
[EVAL] E: [170][0/7]	Loss 2.5835e+00 (2.5835e+00)	Acc@1  35.88 ( 35.88)	Acc@5  68.00 ( 68.00)
[EVAL] E: [170][6/7]	Loss 2.6599e+00 (2.5904e+00)	Acc@1  35.50 ( 36.16)	Acc@5  61.50 ( 65.38)
		 Valid eval after epoch: loss:2.5904	latest_acc:36.16	LR:0.04 -- best valacc 40.96

Started EPOCH:171
[TRAIN] E: [171][ 0/57]	Loss 1.7410e+00 (1.7410e+00)	Acc@1  40.38 ( 40.38)	Acc@5  71.38 ( 71.38)
[TRAIN] E: [171][56/57]	Loss 1.7859e+00 (1.7883e+00)	Acc@1  40.50 ( 40.02)	Acc@5  70.00 ( 70.35)
[EVAL] E: [171][0/7]	Loss 2.9726e+00 (2.9726e+00)	Acc@1  29.50 ( 29.50)	Acc@5  59.75 ( 59.75)
[EVAL] E: [171][6/7]	Loss 3.2244e+00 (2.9588e+00)	Acc@1  27.50 ( 30.12)	Acc@5  56.50 ( 59.56)
		 Valid eval after epoch: loss:2.9588	latest_acc:30.12	LR:0.04 -- best valacc 40.96

Started EPOCH:172
[TRAIN] E: [172][ 0/57]	Loss 1.8117e+00 (1.8117e+00)	Acc@1  39.38 ( 39.38)	Acc@5  71.00 ( 71.00)
[TRAIN] E: [172][56/57]	Loss 1.8044e+00 (1.7994e+00)	Acc@1  34.50 ( 39.60)	Acc@5  69.50 ( 69.74)
[EVAL] E: [172][0/7]	Loss 3.2506e+00 (3.2506e+00)	Acc@1  26.38 ( 26.38)	Acc@5  53.50 ( 53.50)
[EVAL] E: [172][6/7]	Loss 3.1459e+00 (3.2055e+00)	Acc@1  31.00 ( 28.36)	Acc@5  58.00 ( 56.88)
		 Valid eval after epoch: loss:3.2055	latest_acc:28.36	LR:0.04 -- best valacc 40.96

Started EPOCH:173
[TRAIN] E: [173][ 0/57]	Loss 1.8492e+00 (1.8492e+00)	Acc@1  40.88 ( 40.88)	Acc@5  69.50 ( 69.50)
[TRAIN] E: [173][56/57]	Loss 1.7524e+00 (1.8442e+00)	Acc@1  38.50 ( 39.14)	Acc@5  69.00 ( 69.23)
[EVAL] E: [173][0/7]	Loss 2.6363e+00 (2.6363e+00)	Acc@1  35.75 ( 35.75)	Acc@5  63.88 ( 63.88)
[EVAL] E: [173][6/7]	Loss 2.7971e+00 (2.7269e+00)	Acc@1  27.00 ( 33.64)	Acc@5  60.00 ( 63.12)
		 Valid eval after epoch: loss:2.7269	latest_acc:33.64	LR:0.05 -- best valacc 40.96

Started EPOCH:174
[TRAIN] E: [174][ 0/57]	Loss 1.8317e+00 (1.8317e+00)	Acc@1  42.50 ( 42.50)	Acc@5  70.62 ( 70.62)
[TRAIN] E: [174][56/57]	Loss 1.9374e+00 (1.8397e+00)	Acc@1  38.00 ( 38.98)	Acc@5  65.50 ( 69.36)
[EVAL] E: [174][0/7]	Loss 2.7456e+00 (2.7456e+00)	Acc@1  34.00 ( 34.00)	Acc@5  62.75 ( 62.75)
[EVAL] E: [174][6/7]	Loss 2.9884e+00 (2.7900e+00)	Acc@1  27.00 ( 32.74)	Acc@5  63.00 ( 62.26)
		 Valid eval after epoch: loss:2.7900	latest_acc:32.74	LR:0.05 -- best valacc 40.96

Started EPOCH:175
[TRAIN] E: [175][ 0/57]	Loss 1.8704e+00 (1.8704e+00)	Acc@1  39.88 ( 39.88)	Acc@5  70.88 ( 70.88)
[TRAIN] E: [175][56/57]	Loss 1.7493e+00 (1.8465e+00)	Acc@1  38.00 ( 39.18)	Acc@5  68.50 ( 69.45)
[EVAL] E: [175][0/7]	Loss 2.7579e+00 (2.7579e+00)	Acc@1  32.25 ( 32.25)	Acc@5  63.25 ( 63.25)
[EVAL] E: [175][6/7]	Loss 3.0038e+00 (2.7806e+00)	Acc@1  30.50 ( 33.00)	Acc@5  57.50 ( 62.72)
		 Valid eval after epoch: loss:2.7806	latest_acc:33.00	LR:0.05 -- best valacc 40.96

Started EPOCH:176
[TRAIN] E: [176][ 0/57]	Loss 1.8754e+00 (1.8754e+00)	Acc@1  39.50 ( 39.50)	Acc@5  68.12 ( 68.12)
[TRAIN] E: [176][56/57]	Loss 1.9109e+00 (1.8766e+00)	Acc@1  32.50 ( 38.96)	Acc@5  62.50 ( 68.90)
[EVAL] E: [176][0/7]	Loss 2.7549e+00 (2.7549e+00)	Acc@1  32.62 ( 32.62)	Acc@5  60.75 ( 60.75)
[EVAL] E: [176][6/7]	Loss 2.6884e+00 (2.7343e+00)	Acc@1  33.00 ( 32.94)	Acc@5  66.00 ( 62.12)
		 Valid eval after epoch: loss:2.7343	latest_acc:32.94	LR:0.06 -- best valacc 40.96

Started EPOCH:177
[TRAIN] E: [177][ 0/57]	Loss 1.8357e+00 (1.8357e+00)	Acc@1  39.62 ( 39.62)	Acc@5  70.62 ( 70.62)
[TRAIN] E: [177][56/57]	Loss 1.7350e+00 (1.8760e+00)	Acc@1  42.00 ( 38.69)	Acc@5  68.00 ( 69.16)
[EVAL] E: [177][0/7]	Loss 3.8507e+00 (3.8507e+00)	Acc@1  20.88 ( 20.88)	Acc@5  43.88 ( 43.88)
[EVAL] E: [177][6/7]	Loss 3.8009e+00 (3.8664e+00)	Acc@1  19.00 ( 19.70)	Acc@5  43.00 ( 45.36)
		 Valid eval after epoch: loss:3.8664	latest_acc:19.70	LR:0.06 -- best valacc 40.96

Started EPOCH:178
[TRAIN] E: [178][ 0/57]	Loss 1.8535e+00 (1.8535e+00)	Acc@1  42.50 ( 42.50)	Acc@5  71.88 ( 71.88)
[TRAIN] E: [178][56/57]	Loss 1.8574e+00 (1.8936e+00)	Acc@1  43.00 ( 38.78)	Acc@5  75.00 ( 69.22)
[EVAL] E: [178][0/7]	Loss 2.9892e+00 (2.9892e+00)	Acc@1  30.75 ( 30.75)	Acc@5  56.88 ( 56.88)
[EVAL] E: [178][6/7]	Loss 3.1572e+00 (3.0265e+00)	Acc@1  28.00 ( 30.36)	Acc@5  51.50 ( 57.68)
		 Valid eval after epoch: loss:3.0265	latest_acc:30.36	LR:0.06 -- best valacc 40.96

Started EPOCH:179
[TRAIN] E: [179][ 0/57]	Loss 1.8883e+00 (1.8883e+00)	Acc@1  38.75 ( 38.75)	Acc@5  68.50 ( 68.50)
[TRAIN] E: [179][56/57]	Loss 1.9336e+00 (1.9135e+00)	Acc@1  39.00 ( 38.66)	Acc@5  67.50 ( 68.78)
[EVAL] E: [179][0/7]	Loss 3.0832e+00 (3.0832e+00)	Acc@1  28.62 ( 28.62)	Acc@5  59.25 ( 59.25)
[EVAL] E: [179][6/7]	Loss 3.2058e+00 (3.1016e+00)	Acc@1  27.50 ( 29.18)	Acc@5  54.00 ( 57.88)
		 Valid eval after epoch: loss:3.1016	latest_acc:29.18	LR:0.07 -- best valacc 40.96

Started EPOCH:180
[TRAIN] E: [180][ 0/57]	Loss 1.9376e+00 (1.9376e+00)	Acc@1  36.25 ( 36.25)	Acc@5  66.88 ( 66.88)
[TRAIN] E: [180][56/57]	Loss 2.1913e+00 (1.9228e+00)	Acc@1  35.00 ( 38.31)	Acc@5  65.00 ( 68.26)
[EVAL] E: [180][0/7]	Loss 2.9591e+00 (2.9591e+00)	Acc@1  30.50 ( 30.50)	Acc@5  58.75 ( 58.75)
[EVAL] E: [180][6/7]	Loss 3.1748e+00 (2.9742e+00)	Acc@1  25.00 ( 29.84)	Acc@5  54.00 ( 59.32)
		 Valid eval after epoch: loss:2.9742	latest_acc:29.84	LR:0.07 -- best valacc 40.96

Started EPOCH:181
[TRAIN] E: [181][ 0/57]	Loss 1.9281e+00 (1.9281e+00)	Acc@1  37.50 ( 37.50)	Acc@5  69.75 ( 69.75)
[TRAIN] E: [181][56/57]	Loss 2.0076e+00 (1.9464e+00)	Acc@1  36.50 ( 37.76)	Acc@5  68.00 ( 68.05)
[EVAL] E: [181][0/7]	Loss 2.8569e+00 (2.8569e+00)	Acc@1  31.38 ( 31.38)	Acc@5  60.38 ( 60.38)
[EVAL] E: [181][6/7]	Loss 2.9233e+00 (2.9299e+00)	Acc@1  29.50 ( 30.22)	Acc@5  60.50 ( 59.82)
		 Valid eval after epoch: loss:2.9299	latest_acc:30.22	LR:0.07 -- best valacc 40.96

Started EPOCH:182
[TRAIN] E: [182][ 0/57]	Loss 1.8906e+00 (1.8906e+00)	Acc@1  40.38 ( 40.38)	Acc@5  67.88 ( 67.88)
[TRAIN] E: [182][56/57]	Loss 1.7961e+00 (1.9491e+00)	Acc@1  48.50 ( 38.18)	Acc@5  75.00 ( 68.47)
[EVAL] E: [182][0/7]	Loss 2.8524e+00 (2.8524e+00)	Acc@1  33.38 ( 33.38)	Acc@5  61.12 ( 61.12)
[EVAL] E: [182][6/7]	Loss 3.0411e+00 (2.8290e+00)	Acc@1  27.00 ( 32.84)	Acc@5  56.50 ( 61.38)
		 Valid eval after epoch: loss:2.8290	latest_acc:32.84	LR:0.07 -- best valacc 40.96

Started EPOCH:183
[TRAIN] E: [183][ 0/57]	Loss 1.9668e+00 (1.9668e+00)	Acc@1  38.88 ( 38.88)	Acc@5  67.25 ( 67.25)
[TRAIN] E: [183][56/57]	Loss 2.0796e+00 (1.9619e+00)	Acc@1  37.50 ( 38.40)	Acc@5  64.00 ( 68.31)
[EVAL] E: [183][0/7]	Loss 2.9786e+00 (2.9786e+00)	Acc@1  27.75 ( 27.75)	Acc@5  57.88 ( 57.88)
[EVAL] E: [183][6/7]	Loss 3.0203e+00 (2.9356e+00)	Acc@1  31.50 ( 29.34)	Acc@5  51.50 ( 58.80)
		 Valid eval after epoch: loss:2.9356	latest_acc:29.34	LR:0.08 -- best valacc 40.96

Started EPOCH:184
[TRAIN] E: [184][ 0/57]	Loss 1.9841e+00 (1.9841e+00)	Acc@1  35.75 ( 35.75)	Acc@5  65.75 ( 65.75)
[TRAIN] E: [184][56/57]	Loss 2.0225e+00 (1.9533e+00)	Acc@1  33.00 ( 37.72)	Acc@5  64.50 ( 67.87)
[EVAL] E: [184][0/7]	Loss 3.1054e+00 (3.1054e+00)	Acc@1  27.75 ( 27.75)	Acc@5  54.88 ( 54.88)
[EVAL] E: [184][6/7]	Loss 3.1501e+00 (3.0803e+00)	Acc@1  26.50 ( 27.80)	Acc@5  51.00 ( 55.34)
		 Valid eval after epoch: loss:3.0803	latest_acc:27.80	LR:0.08 -- best valacc 40.96

Started EPOCH:185
[TRAIN] E: [185][ 0/57]	Loss 2.0653e+00 (2.0653e+00)	Acc@1  37.12 ( 37.12)	Acc@5  66.88 ( 66.88)
[TRAIN] E: [185][56/57]	Loss 1.9389e+00 (1.9726e+00)	Acc@1  34.00 ( 37.66)	Acc@5  68.00 ( 67.84)
[EVAL] E: [185][0/7]	Loss 2.9686e+00 (2.9686e+00)	Acc@1  31.00 ( 31.00)	Acc@5  59.00 ( 59.00)
[EVAL] E: [185][6/7]	Loss 3.0481e+00 (2.9454e+00)	Acc@1  25.00 ( 29.58)	Acc@5  58.00 ( 58.70)
		 Valid eval after epoch: loss:2.9454	latest_acc:29.58	LR:0.08 -- best valacc 40.96

Started EPOCH:186
[TRAIN] E: [186][ 0/57]	Loss 2.0252e+00 (2.0252e+00)	Acc@1  37.12 ( 37.12)	Acc@5  65.75 ( 65.75)
[TRAIN] E: [186][56/57]	Loss 2.0259e+00 (1.9409e+00)	Acc@1  38.50 ( 37.80)	Acc@5  67.00 ( 67.82)
[EVAL] E: [186][0/7]	Loss 3.0297e+00 (3.0297e+00)	Acc@1  29.50 ( 29.50)	Acc@5  56.25 ( 56.25)
[EVAL] E: [186][6/7]	Loss 3.2614e+00 (3.0441e+00)	Acc@1  21.00 ( 28.34)	Acc@5  52.50 ( 56.36)
		 Valid eval after epoch: loss:3.0441	latest_acc:28.34	LR:0.08 -- best valacc 40.96

Started EPOCH:187
[TRAIN] E: [187][ 0/57]	Loss 2.0399e+00 (2.0399e+00)	Acc@1  36.00 ( 36.00)	Acc@5  67.88 ( 67.88)
[TRAIN] E: [187][56/57]	Loss 2.0698e+00 (1.9634e+00)	Acc@1  39.50 ( 37.59)	Acc@5  69.00 ( 67.78)
[EVAL] E: [187][0/7]	Loss 3.0726e+00 (3.0726e+00)	Acc@1  27.62 ( 27.62)	Acc@5  58.38 ( 58.38)
[EVAL] E: [187][6/7]	Loss 3.3315e+00 (3.1085e+00)	Acc@1  25.50 ( 29.06)	Acc@5  56.00 ( 57.52)
		 Valid eval after epoch: loss:3.1085	latest_acc:29.06	LR:0.09 -- best valacc 40.96

Started EPOCH:188
[TRAIN] E: [188][ 0/57]	Loss 2.0001e+00 (2.0001e+00)	Acc@1  38.12 ( 38.12)	Acc@5  69.50 ( 69.50)
[TRAIN] E: [188][56/57]	Loss 1.8843e+00 (1.9697e+00)	Acc@1  38.50 ( 37.66)	Acc@5  66.00 ( 68.09)
[EVAL] E: [188][0/7]	Loss 3.2058e+00 (3.2058e+00)	Acc@1  28.50 ( 28.50)	Acc@5  57.75 ( 57.75)
[EVAL] E: [188][6/7]	Loss 3.1315e+00 (3.1824e+00)	Acc@1  31.50 ( 29.62)	Acc@5  58.00 ( 57.54)
		 Valid eval after epoch: loss:3.1824	latest_acc:29.62	LR:0.09 -- best valacc 40.96

Started EPOCH:189
[TRAIN] E: [189][ 0/57]	Loss 1.9369e+00 (1.9369e+00)	Acc@1  35.50 ( 35.50)	Acc@5  65.75 ( 65.75)
[TRAIN] E: [189][56/57]	Loss 1.9778e+00 (1.9720e+00)	Acc@1  37.00 ( 37.39)	Acc@5  67.50 ( 67.85)
[EVAL] E: [189][0/7]	Loss 3.1788e+00 (3.1788e+00)	Acc@1  25.12 ( 25.12)	Acc@5  55.75 ( 55.75)
[EVAL] E: [189][6/7]	Loss 3.3396e+00 (3.1928e+00)	Acc@1  22.50 ( 27.26)	Acc@5  55.00 ( 55.88)
		 Valid eval after epoch: loss:3.1928	latest_acc:27.26	LR:0.09 -- best valacc 40.96

Started EPOCH:190
[TRAIN] E: [190][ 0/57]	Loss 1.9581e+00 (1.9581e+00)	Acc@1  37.25 ( 37.25)	Acc@5  68.62 ( 68.62)
[TRAIN] E: [190][56/57]	Loss 1.9729e+00 (1.9764e+00)	Acc@1  43.00 ( 38.03)	Acc@5  71.50 ( 67.69)
[EVAL] E: [190][0/7]	Loss 2.9661e+00 (2.9661e+00)	Acc@1  28.25 ( 28.25)	Acc@5  61.25 ( 61.25)
[EVAL] E: [190][6/7]	Loss 3.1709e+00 (3.0040e+00)	Acc@1  27.00 ( 30.08)	Acc@5  57.00 ( 59.92)
		 Valid eval after epoch: loss:3.0040	latest_acc:30.08	LR:0.09 -- best valacc 40.96

Started EPOCH:191
[TRAIN] E: [191][ 0/57]	Loss 1.9669e+00 (1.9669e+00)	Acc@1  38.12 ( 38.12)	Acc@5  67.88 ( 67.88)
[TRAIN] E: [191][56/57]	Loss 1.9683e+00 (1.9916e+00)	Acc@1  37.00 ( 37.28)	Acc@5  62.00 ( 67.58)
[EVAL] E: [191][0/7]	Loss 3.4506e+00 (3.4506e+00)	Acc@1  26.12 ( 26.12)	Acc@5  53.00 ( 53.00)
[EVAL] E: [191][6/7]	Loss 3.7852e+00 (3.4930e+00)	Acc@1  24.00 ( 25.08)	Acc@5  46.00 ( 51.54)
		 Valid eval after epoch: loss:3.4930	latest_acc:25.08	LR:0.09 -- best valacc 40.96

Started EPOCH:192
[TRAIN] E: [192][ 0/57]	Loss 1.9585e+00 (1.9585e+00)	Acc@1  36.25 ( 36.25)	Acc@5  68.75 ( 68.75)
[TRAIN] E: [192][56/57]	Loss 2.1175e+00 (2.0003e+00)	Acc@1  35.50 ( 37.31)	Acc@5  68.00 ( 67.52)
[EVAL] E: [192][0/7]	Loss 3.4443e+00 (3.4443e+00)	Acc@1  22.75 ( 22.75)	Acc@5  49.75 ( 49.75)
[EVAL] E: [192][6/7]	Loss 3.2995e+00 (3.4601e+00)	Acc@1  25.50 ( 23.32)	Acc@5  50.50 ( 50.88)
		 Valid eval after epoch: loss:3.4601	latest_acc:23.32	LR:0.10 -- best valacc 40.96

Started EPOCH:193
[TRAIN] E: [193][ 0/57]	Loss 1.9794e+00 (1.9794e+00)	Acc@1  36.75 ( 36.75)	Acc@5  65.12 ( 65.12)
[TRAIN] E: [193][56/57]	Loss 2.0434e+00 (1.9769e+00)	Acc@1  41.50 ( 37.46)	Acc@5  69.00 ( 67.67)
[EVAL] E: [193][0/7]	Loss 2.9888e+00 (2.9888e+00)	Acc@1  28.88 ( 28.88)	Acc@5  57.50 ( 57.50)
[EVAL] E: [193][6/7]	Loss 3.1053e+00 (2.9950e+00)	Acc@1  28.00 ( 29.68)	Acc@5  51.50 ( 57.36)
		 Valid eval after epoch: loss:2.9950	latest_acc:29.68	LR:0.10 -- best valacc 40.96

Started EPOCH:194
[TRAIN] E: [194][ 0/57]	Loss 2.0401e+00 (2.0401e+00)	Acc@1  36.25 ( 36.25)	Acc@5  70.00 ( 70.00)
[TRAIN] E: [194][56/57]	Loss 1.9608e+00 (1.9736e+00)	Acc@1  40.50 ( 37.32)	Acc@5  68.50 ( 67.60)
[EVAL] E: [194][0/7]	Loss 3.2904e+00 (3.2904e+00)	Acc@1  27.12 ( 27.12)	Acc@5  56.75 ( 56.75)
[EVAL] E: [194][6/7]	Loss 3.3433e+00 (3.2436e+00)	Acc@1  26.50 ( 27.44)	Acc@5  56.00 ( 57.92)
		 Valid eval after epoch: loss:3.2436	latest_acc:27.44	LR:0.10 -- best valacc 40.96

Started EPOCH:195
[TRAIN] E: [195][ 0/57]	Loss 2.0593e+00 (2.0593e+00)	Acc@1  36.25 ( 36.25)	Acc@5  68.00 ( 68.00)
[TRAIN] E: [195][56/57]	Loss 2.0431e+00 (2.0073e+00)	Acc@1  31.50 ( 36.92)	Acc@5  61.50 ( 67.32)
[EVAL] E: [195][0/7]	Loss 3.2538e+00 (3.2538e+00)	Acc@1  25.00 ( 25.00)	Acc@5  57.12 ( 57.12)
[EVAL] E: [195][6/7]	Loss 3.3555e+00 (3.2502e+00)	Acc@1  25.50 ( 27.20)	Acc@5  57.00 ( 57.78)
		 Valid eval after epoch: loss:3.2502	latest_acc:27.20	LR:0.10 -- best valacc 40.96

Started EPOCH:196
[TRAIN] E: [196][ 0/57]	Loss 1.9452e+00 (1.9452e+00)	Acc@1  38.50 ( 38.50)	Acc@5  68.50 ( 68.50)
[TRAIN] E: [196][56/57]	Loss 1.8988e+00 (1.9685e+00)	Acc@1  35.50 ( 37.60)	Acc@5  64.50 ( 67.80)
[EVAL] E: [196][0/7]	Loss 3.0246e+00 (3.0246e+00)	Acc@1  28.12 ( 28.12)	Acc@5  58.75 ( 58.75)
[EVAL] E: [196][6/7]	Loss 3.1424e+00 (3.0720e+00)	Acc@1  25.00 ( 28.66)	Acc@5  55.00 ( 58.06)
		 Valid eval after epoch: loss:3.0720	latest_acc:28.66	LR:0.10 -- best valacc 40.96

Started EPOCH:197
[TRAIN] E: [197][ 0/57]	Loss 1.9878e+00 (1.9878e+00)	Acc@1  37.25 ( 37.25)	Acc@5  67.38 ( 67.38)
[TRAIN] E: [197][56/57]	Loss 1.9379e+00 (1.9491e+00)	Acc@1  33.50 ( 37.68)	Acc@5  65.50 ( 67.94)
[EVAL] E: [197][0/7]	Loss 3.1364e+00 (3.1364e+00)	Acc@1  26.25 ( 26.25)	Acc@5  54.50 ( 54.50)
[EVAL] E: [197][6/7]	Loss 3.1061e+00 (3.0962e+00)	Acc@1  26.00 ( 28.26)	Acc@5  59.50 ( 56.60)
		 Valid eval after epoch: loss:3.0962	latest_acc:28.26	LR:0.10 -- best valacc 40.96

Started EPOCH:198
[TRAIN] E: [198][ 0/57]	Loss 1.9134e+00 (1.9134e+00)	Acc@1  39.00 ( 39.00)	Acc@5  68.38 ( 68.38)
[TRAIN] E: [198][56/57]	Loss 1.9319e+00 (1.9539e+00)	Acc@1  39.50 ( 37.96)	Acc@5  69.50 ( 67.87)
[EVAL] E: [198][0/7]	Loss 3.1661e+00 (3.1661e+00)	Acc@1  28.50 ( 28.50)	Acc@5  56.38 ( 56.38)
[EVAL] E: [198][6/7]	Loss 3.3897e+00 (3.1910e+00)	Acc@1  24.50 ( 28.18)	Acc@5  50.50 ( 55.48)
		 Valid eval after epoch: loss:3.1910	latest_acc:28.18	LR:0.10 -- best valacc 40.96

Started EPOCH:199
[TRAIN] E: [199][ 0/57]	Loss 1.9473e+00 (1.9473e+00)	Acc@1  37.62 ( 37.62)	Acc@5  67.50 ( 67.50)
[TRAIN] E: [199][56/57]	Loss 2.1789e+00 (1.9677e+00)	Acc@1  31.00 ( 37.52)	Acc@5  59.00 ( 67.97)
[EVAL] E: [199][0/7]	Loss 3.2822e+00 (3.2822e+00)	Acc@1  24.50 ( 24.50)	Acc@5  51.88 ( 51.88)
[EVAL] E: [199][6/7]	Loss 3.3882e+00 (3.2440e+00)	Acc@1  24.00 ( 25.72)	Acc@5  53.50 ( 53.60)
		 Valid eval after epoch: loss:3.2440	latest_acc:25.72	LR:0.10 -- best valacc 40.96
***[2023-05-03 09:19:36]*** [Post-train] [Student] Test loss = 1.741763, accuracy@1 = 53.69, accuracy@5 = 83.15, error@1 = 46.31, error@5 = 16.85
Result is from best val model of epoch:144
