Main Function with logger : Logger(dir=kd_results, use-tf=False, writer=None)
Arguments : -------------------------------
batch_size       : 1000
class_num        : 100
cutout_length    : 16
data_path        : /home/prathamesh/code/data/cifar/
dataset          : cifar100
epochs           : 200
eval_batch_size  : 1000
file_name        : KD_seed-2_cycles-4_KDfrac-1.0_T-2_200
global_rand_seed : -1
loss_kd_frac     : 1.0
lr               : 0.1
model_name       : ResNet10_s
momentum         : 0.9
pretrained_student : True
print_freq       : 100
print_freq_eval  : 100
rand_seed        : 2
save_dir         : ./kd_results/
sched_cycles     : 4
teacher          : ResNet10_l
temperature      : 2
wd               : 0.0005
workers          : 8
Python  Version  : 3.7.12 | packaged by conda-forge | (default, Oct 26 2021, 06:08:21)  [GCC 9.4.0]
Pillow  Version  : 9.2.0
PyTorch Version  : 1.13.1
cuDNN   Version  : 8500
CUDA available   : True
CUDA GPU numbers : 1
CUDA_VISIBLE_DEVICES : 0
Namespace(batch_size=1000, class_num=100, cutout_length=16, data_path='/home/prathamesh/code/data/cifar/', dataset='cifar100', epochs=200, eval_batch_size=1000, file_name='KD_seed-2_cycles-4_KDfrac-1.0_T-2_200', global_rand_seed=-1, loss_kd_frac=1.0, lr=0.1, model_name='ResNet10_s', momentum=0.9, pretrained_student=True, print_freq=100, print_freq_eval=100, rand_seed=2, save_dir='./kd_results/', sched_cycles=4, teacher='ResNet10_l', temperature=2, wd=0.0005, workers=8)
Train:45000	, Valid:5000	, Test:10000

Student: ResNet10_s
using pretrained student model from /home/anmolreddy/ce_results/CE_with_seed-2_cycles-4_cifar100-ResNet10_smodel_best.pth.tar
***[2023-05-09 15:17:47]*** before training [Student(CE)] Test loss = 1.796876, accuracy@1 = 50.62, accuracy@5 = 80.74, error@1 = 49.38, error@5 = 19.26
Scheduling LR update to student 4 time at 50-epoch intervals
***[2023-05-09 15:17:50]*** [Teacher] Test loss = 1.043272, accuracy@1 = 70.22, accuracy@5 = 92.06, error@1 = 29.78, error@5 = 7.94
model information : EfficientNetV2_s (CIFAR)
--------------------------------------------------
[Student]Params=0.08 MB, FLOPs=4.16 M ... = 0.00 G
--------------------------------------------------

Started EPOCH:0
[TRAIN] E: [0][ 0/45]	Loss 2.0007e+00 (2.0007e+00)	Acc@1  38.90 ( 38.90)	Acc@5  68.70 ( 68.70)
[TRAIN] E: [0][44/45]	Loss 2.3703e+00 (2.4869e+00)	Acc@1  34.10 ( 32.10)	Acc@5  63.30 ( 62.16)
[EVAL] E: [0][0/5]	Loss 3.4133e+00 (3.4133e+00)	Acc@1  21.30 ( 21.30)	Acc@5  50.20 ( 50.20)
[EVAL] E: [0][4/5]	Loss 3.4069e+00 (3.3714e+00)	Acc@1  21.30 ( 21.84)	Acc@5  49.70 ( 50.68)
		 Valid eval after epoch: loss:3.3714	latest_acc:21.84	LR:0.10 -- best valacc 21.84

Started EPOCH:1
[TRAIN] E: [1][ 0/45]	Loss 2.3043e+00 (2.3043e+00)	Acc@1  33.80 ( 33.80)	Acc@5  62.30 ( 62.30)
[TRAIN] E: [1][44/45]	Loss 2.1434e+00 (2.2454e+00)	Acc@1  34.70 ( 33.68)	Acc@5  65.60 ( 64.09)
[EVAL] E: [1][0/5]	Loss 3.6226e+00 (3.6226e+00)	Acc@1  21.40 ( 21.40)	Acc@5  51.30 ( 51.30)
[EVAL] E: [1][4/5]	Loss 3.4220e+00 (3.4349e+00)	Acc@1  24.10 ( 24.42)	Acc@5  52.20 ( 52.52)
		 Valid eval after epoch: loss:3.4349	latest_acc:24.42	LR:0.10 -- best valacc 24.42

Started EPOCH:2
[TRAIN] E: [2][ 0/45]	Loss 2.1654e+00 (2.1654e+00)	Acc@1  37.90 ( 37.90)	Acc@5  68.20 ( 68.20)
[TRAIN] E: [2][44/45]	Loss 2.1591e+00 (2.1781e+00)	Acc@1  32.50 ( 34.40)	Acc@5  63.20 ( 64.78)
[EVAL] E: [2][0/5]	Loss 3.1467e+00 (3.1467e+00)	Acc@1  28.10 ( 28.10)	Acc@5  57.00 ( 57.00)
[EVAL] E: [2][4/5]	Loss 3.0937e+00 (3.1204e+00)	Acc@1  27.40 ( 26.88)	Acc@5  56.60 ( 56.44)
		 Valid eval after epoch: loss:3.1204	latest_acc:26.88	LR:0.10 -- best valacc 26.88

Started EPOCH:3
[TRAIN] E: [3][ 0/45]	Loss 2.1985e+00 (2.1985e+00)	Acc@1  35.10 ( 35.10)	Acc@5  67.70 ( 67.70)
[TRAIN] E: [3][44/45]	Loss 2.1359e+00 (2.1356e+00)	Acc@1  31.60 ( 34.66)	Acc@5  61.70 ( 65.25)
[EVAL] E: [3][0/5]	Loss 3.6629e+00 (3.6629e+00)	Acc@1  22.80 ( 22.80)	Acc@5  50.60 ( 50.60)
[EVAL] E: [3][4/5]	Loss 3.4931e+00 (3.5288e+00)	Acc@1  21.50 ( 22.74)	Acc@5  54.40 ( 52.60)
		 Valid eval after epoch: loss:3.5288	latest_acc:22.74	LR:0.10 -- best valacc 26.88

Started EPOCH:4
[TRAIN] E: [4][ 0/45]	Loss 2.1029e+00 (2.1029e+00)	Acc@1  32.80 ( 32.80)	Acc@5  64.60 ( 64.60)
[TRAIN] E: [4][44/45]	Loss 2.0942e+00 (2.1200e+00)	Acc@1  34.80 ( 35.22)	Acc@5  64.80 ( 65.67)
[EVAL] E: [4][0/5]	Loss 3.3564e+00 (3.3564e+00)	Acc@1  25.10 ( 25.10)	Acc@5  51.70 ( 51.70)
[EVAL] E: [4][4/5]	Loss 3.2780e+00 (3.2931e+00)	Acc@1  24.90 ( 26.02)	Acc@5  52.50 ( 52.82)
		 Valid eval after epoch: loss:3.2931	latest_acc:26.02	LR:0.10 -- best valacc 26.88

Started EPOCH:5
[TRAIN] E: [5][ 0/45]	Loss 2.1626e+00 (2.1626e+00)	Acc@1  36.80 ( 36.80)	Acc@5  64.70 ( 64.70)
[TRAIN] E: [5][44/45]	Loss 2.1701e+00 (2.0707e+00)	Acc@1  35.70 ( 35.55)	Acc@5  67.00 ( 65.81)
[EVAL] E: [5][0/5]	Loss 2.9886e+00 (2.9886e+00)	Acc@1  30.70 ( 30.70)	Acc@5  56.90 ( 56.90)
[EVAL] E: [5][4/5]	Loss 2.8575e+00 (2.9040e+00)	Acc@1  31.70 ( 30.80)	Acc@5  61.70 ( 59.06)
		 Valid eval after epoch: loss:2.9040	latest_acc:30.80	LR:0.10 -- best valacc 30.80

Started EPOCH:6
[TRAIN] E: [6][ 0/45]	Loss 2.1114e+00 (2.1114e+00)	Acc@1  35.30 ( 35.30)	Acc@5  66.50 ( 66.50)
[TRAIN] E: [6][44/45]	Loss 2.0742e+00 (2.0811e+00)	Acc@1  35.20 ( 35.71)	Acc@5  68.50 ( 65.81)
[EVAL] E: [6][0/5]	Loss 2.8868e+00 (2.8868e+00)	Acc@1  31.00 ( 31.00)	Acc@5  59.20 ( 59.20)
[EVAL] E: [6][4/5]	Loss 2.8185e+00 (2.8605e+00)	Acc@1  31.90 ( 30.90)	Acc@5  62.20 ( 59.96)
		 Valid eval after epoch: loss:2.8605	latest_acc:30.90	LR:0.10 -- best valacc 30.90

Started EPOCH:7
[TRAIN] E: [7][ 0/45]	Loss 2.0651e+00 (2.0651e+00)	Acc@1  35.20 ( 35.20)	Acc@5  66.00 ( 66.00)
[TRAIN] E: [7][44/45]	Loss 2.1797e+00 (2.0552e+00)	Acc@1  36.20 ( 35.68)	Acc@5  68.30 ( 66.40)
[EVAL] E: [7][0/5]	Loss 2.9657e+00 (2.9657e+00)	Acc@1  28.40 ( 28.40)	Acc@5  60.20 ( 60.20)
[EVAL] E: [7][4/5]	Loss 2.8957e+00 (2.9198e+00)	Acc@1  31.30 ( 29.46)	Acc@5  60.60 ( 60.32)
		 Valid eval after epoch: loss:2.9198	latest_acc:29.46	LR:0.09 -- best valacc 30.90

Started EPOCH:8
[TRAIN] E: [8][ 0/45]	Loss 2.0347e+00 (2.0347e+00)	Acc@1  36.10 ( 36.10)	Acc@5  67.20 ( 67.20)
[TRAIN] E: [8][44/45]	Loss 2.0419e+00 (2.0465e+00)	Acc@1  36.80 ( 35.55)	Acc@5  66.80 ( 65.90)
[EVAL] E: [8][0/5]	Loss 3.4315e+00 (3.4315e+00)	Acc@1  23.20 ( 23.20)	Acc@5  52.20 ( 52.20)
[EVAL] E: [8][4/5]	Loss 3.2363e+00 (3.2807e+00)	Acc@1  26.20 ( 25.42)	Acc@5  54.90 ( 54.06)
		 Valid eval after epoch: loss:3.2807	latest_acc:25.42	LR:0.09 -- best valacc 30.90

Started EPOCH:9
[TRAIN] E: [9][ 0/45]	Loss 2.0157e+00 (2.0157e+00)	Acc@1  38.50 ( 38.50)	Acc@5  67.70 ( 67.70)
[TRAIN] E: [9][44/45]	Loss 2.0822e+00 (2.0207e+00)	Acc@1  34.80 ( 35.94)	Acc@5  64.30 ( 66.25)
[EVAL] E: [9][0/5]	Loss 2.9343e+00 (2.9343e+00)	Acc@1  27.60 ( 27.60)	Acc@5  61.50 ( 61.50)
[EVAL] E: [9][4/5]	Loss 2.8581e+00 (2.9133e+00)	Acc@1  29.50 ( 29.08)	Acc@5  60.20 ( 59.84)
		 Valid eval after epoch: loss:2.9133	latest_acc:29.08	LR:0.09 -- best valacc 30.90

Started EPOCH:10
[TRAIN] E: [10][ 0/45]	Loss 2.0455e+00 (2.0455e+00)	Acc@1  37.90 ( 37.90)	Acc@5  68.70 ( 68.70)
[TRAIN] E: [10][44/45]	Loss 1.9814e+00 (1.9956e+00)	Acc@1  38.40 ( 36.13)	Acc@5  68.60 ( 66.48)
[EVAL] E: [10][0/5]	Loss 3.0807e+00 (3.0807e+00)	Acc@1  28.10 ( 28.10)	Acc@5  55.50 ( 55.50)
[EVAL] E: [10][4/5]	Loss 3.0133e+00 (3.0285e+00)	Acc@1  27.50 ( 28.78)	Acc@5  58.50 ( 57.78)
		 Valid eval after epoch: loss:3.0285	latest_acc:28.78	LR:0.09 -- best valacc 30.90

Started EPOCH:11
[TRAIN] E: [11][ 0/45]	Loss 1.9664e+00 (1.9664e+00)	Acc@1  36.90 ( 36.90)	Acc@5  64.60 ( 64.60)
[TRAIN] E: [11][44/45]	Loss 1.9890e+00 (2.0036e+00)	Acc@1  37.40 ( 36.15)	Acc@5  67.40 ( 66.31)
[EVAL] E: [11][0/5]	Loss 3.0571e+00 (3.0571e+00)	Acc@1  29.70 ( 29.70)	Acc@5  57.90 ( 57.90)
[EVAL] E: [11][4/5]	Loss 2.9013e+00 (3.0024e+00)	Acc@1  32.50 ( 30.32)	Acc@5  59.90 ( 58.76)
		 Valid eval after epoch: loss:3.0024	latest_acc:30.32	LR:0.09 -- best valacc 30.90

Started EPOCH:12
[TRAIN] E: [12][ 0/45]	Loss 2.0235e+00 (2.0235e+00)	Acc@1  36.40 ( 36.40)	Acc@5  66.80 ( 66.80)
[TRAIN] E: [12][44/45]	Loss 1.9383e+00 (1.9697e+00)	Acc@1  35.70 ( 36.39)	Acc@5  67.40 ( 66.69)
[EVAL] E: [12][0/5]	Loss 2.8621e+00 (2.8621e+00)	Acc@1  30.40 ( 30.40)	Acc@5  59.90 ( 59.90)
[EVAL] E: [12][4/5]	Loss 2.8790e+00 (2.8531e+00)	Acc@1  30.40 ( 31.58)	Acc@5  60.80 ( 61.24)
		 Valid eval after epoch: loss:2.8531	latest_acc:31.58	LR:0.08 -- best valacc 31.58

Started EPOCH:13
[TRAIN] E: [13][ 0/45]	Loss 2.0311e+00 (2.0311e+00)	Acc@1  35.70 ( 35.70)	Acc@5  66.60 ( 66.60)
[TRAIN] E: [13][44/45]	Loss 1.9988e+00 (1.9618e+00)	Acc@1  36.00 ( 36.68)	Acc@5  66.90 ( 67.15)
[EVAL] E: [13][0/5]	Loss 2.8799e+00 (2.8799e+00)	Acc@1  30.80 ( 30.80)	Acc@5  60.30 ( 60.30)
[EVAL] E: [13][4/5]	Loss 2.7729e+00 (2.7945e+00)	Acc@1  32.70 ( 32.34)	Acc@5  61.30 ( 61.44)
		 Valid eval after epoch: loss:2.7945	latest_acc:32.34	LR:0.08 -- best valacc 32.34

Started EPOCH:14
[TRAIN] E: [14][ 0/45]	Loss 1.9417e+00 (1.9417e+00)	Acc@1  34.90 ( 34.90)	Acc@5  66.60 ( 66.60)
[TRAIN] E: [14][44/45]	Loss 1.9688e+00 (1.9652e+00)	Acc@1  39.60 ( 36.42)	Acc@5  68.90 ( 67.06)
[EVAL] E: [14][0/5]	Loss 3.0419e+00 (3.0419e+00)	Acc@1  27.60 ( 27.60)	Acc@5  56.80 ( 56.80)
[EVAL] E: [14][4/5]	Loss 2.8407e+00 (2.9286e+00)	Acc@1  30.10 ( 29.24)	Acc@5  60.60 ( 59.08)
		 Valid eval after epoch: loss:2.9286	latest_acc:29.24	LR:0.08 -- best valacc 32.34

Started EPOCH:15
[TRAIN] E: [15][ 0/45]	Loss 1.9402e+00 (1.9402e+00)	Acc@1  37.90 ( 37.90)	Acc@5  67.30 ( 67.30)
[TRAIN] E: [15][44/45]	Loss 1.9424e+00 (1.9457e+00)	Acc@1  36.30 ( 36.56)	Acc@5  66.50 ( 67.18)
[EVAL] E: [15][0/5]	Loss 2.8331e+00 (2.8331e+00)	Acc@1  31.30 ( 31.30)	Acc@5  61.70 ( 61.70)
[EVAL] E: [15][4/5]	Loss 2.6191e+00 (2.7175e+00)	Acc@1  33.20 ( 32.58)	Acc@5  64.20 ( 62.92)
		 Valid eval after epoch: loss:2.7175	latest_acc:32.58	LR:0.08 -- best valacc 32.58

Started EPOCH:16
[TRAIN] E: [16][ 0/45]	Loss 1.9252e+00 (1.9252e+00)	Acc@1  38.20 ( 38.20)	Acc@5  65.90 ( 65.90)
[TRAIN] E: [16][44/45]	Loss 1.9643e+00 (1.9425e+00)	Acc@1  35.90 ( 36.91)	Acc@5  66.80 ( 67.12)
[EVAL] E: [16][0/5]	Loss 2.8780e+00 (2.8780e+00)	Acc@1  30.60 ( 30.60)	Acc@5  61.00 ( 61.00)
[EVAL] E: [16][4/5]	Loss 2.7610e+00 (2.8327e+00)	Acc@1  33.00 ( 32.04)	Acc@5  63.00 ( 61.60)
		 Valid eval after epoch: loss:2.8327	latest_acc:32.04	LR:0.07 -- best valacc 32.58

Started EPOCH:17
[TRAIN] E: [17][ 0/45]	Loss 1.9029e+00 (1.9029e+00)	Acc@1  37.10 ( 37.10)	Acc@5  65.60 ( 65.60)
[TRAIN] E: [17][44/45]	Loss 1.8881e+00 (1.9168e+00)	Acc@1  36.40 ( 37.19)	Acc@5  66.10 ( 67.32)
[EVAL] E: [17][0/5]	Loss 3.1714e+00 (3.1714e+00)	Acc@1  27.10 ( 27.10)	Acc@5  54.90 ( 54.90)
[EVAL] E: [17][4/5]	Loss 3.1320e+00 (3.2027e+00)	Acc@1  26.80 ( 27.18)	Acc@5  57.20 ( 55.18)
		 Valid eval after epoch: loss:3.2027	latest_acc:27.18	LR:0.07 -- best valacc 32.58

Started EPOCH:18
[TRAIN] E: [18][ 0/45]	Loss 1.9536e+00 (1.9536e+00)	Acc@1  37.00 ( 37.00)	Acc@5  65.70 ( 65.70)
[TRAIN] E: [18][44/45]	Loss 2.0038e+00 (1.9165e+00)	Acc@1  38.60 ( 36.75)	Acc@5  66.30 ( 67.31)
[EVAL] E: [18][0/5]	Loss 2.9374e+00 (2.9374e+00)	Acc@1  29.90 ( 29.90)	Acc@5  60.00 ( 60.00)
[EVAL] E: [18][4/5]	Loss 2.7651e+00 (2.8177e+00)	Acc@1  30.90 ( 31.56)	Acc@5  62.30 ( 61.28)
		 Valid eval after epoch: loss:2.8177	latest_acc:31.56	LR:0.07 -- best valacc 32.58

Started EPOCH:19
[TRAIN] E: [19][ 0/45]	Loss 1.8231e+00 (1.8231e+00)	Acc@1  36.10 ( 36.10)	Acc@5  66.40 ( 66.40)
[TRAIN] E: [19][44/45]	Loss 1.8649e+00 (1.8942e+00)	Acc@1  39.00 ( 37.55)	Acc@5  69.30 ( 67.68)
[EVAL] E: [19][0/5]	Loss 2.7246e+00 (2.7246e+00)	Acc@1  32.70 ( 32.70)	Acc@5  64.30 ( 64.30)
[EVAL] E: [19][4/5]	Loss 2.6541e+00 (2.7212e+00)	Acc@1  33.50 ( 32.48)	Acc@5  63.50 ( 62.80)
		 Valid eval after epoch: loss:2.7212	latest_acc:32.48	LR:0.07 -- best valacc 32.58

Started EPOCH:20
[TRAIN] E: [20][ 0/45]	Loss 1.9321e+00 (1.9321e+00)	Acc@1  37.60 ( 37.60)	Acc@5  70.30 ( 70.30)
[TRAIN] E: [20][44/45]	Loss 1.9002e+00 (1.8914e+00)	Acc@1  38.00 ( 37.41)	Acc@5  67.60 ( 68.04)
[EVAL] E: [20][0/5]	Loss 3.0935e+00 (3.0935e+00)	Acc@1  27.50 ( 27.50)	Acc@5  57.40 ( 57.40)
[EVAL] E: [20][4/5]	Loss 2.8873e+00 (3.0156e+00)	Acc@1  31.90 ( 29.50)	Acc@5  61.10 ( 58.70)
		 Valid eval after epoch: loss:3.0156	latest_acc:29.50	LR:0.06 -- best valacc 32.58

Started EPOCH:21
[TRAIN] E: [21][ 0/45]	Loss 1.8005e+00 (1.8005e+00)	Acc@1  37.00 ( 37.00)	Acc@5  66.40 ( 66.40)
[TRAIN] E: [21][44/45]	Loss 1.8726e+00 (1.8625e+00)	Acc@1  37.20 ( 37.28)	Acc@5  71.40 ( 68.01)
[EVAL] E: [21][0/5]	Loss 2.9677e+00 (2.9677e+00)	Acc@1  29.80 ( 29.80)	Acc@5  60.10 ( 60.10)
[EVAL] E: [21][4/5]	Loss 2.7628e+00 (2.8413e+00)	Acc@1  33.30 ( 32.30)	Acc@5  63.40 ( 61.50)
		 Valid eval after epoch: loss:2.8413	latest_acc:32.30	LR:0.06 -- best valacc 32.58

Started EPOCH:22
[TRAIN] E: [22][ 0/45]	Loss 1.8912e+00 (1.8912e+00)	Acc@1  37.50 ( 37.50)	Acc@5  70.00 ( 70.00)
[TRAIN] E: [22][44/45]	Loss 1.8451e+00 (1.8526e+00)	Acc@1  36.00 ( 37.85)	Acc@5  66.90 ( 68.05)
[EVAL] E: [22][0/5]	Loss 2.8078e+00 (2.8078e+00)	Acc@1  29.70 ( 29.70)	Acc@5  62.10 ( 62.10)
[EVAL] E: [22][4/5]	Loss 2.6384e+00 (2.7007e+00)	Acc@1  35.60 ( 33.56)	Acc@5  63.50 ( 63.60)
		 Valid eval after epoch: loss:2.7007	latest_acc:33.56	LR:0.06 -- best valacc 33.56

Started EPOCH:23
[TRAIN] E: [23][ 0/45]	Loss 1.8356e+00 (1.8356e+00)	Acc@1  36.40 ( 36.40)	Acc@5  69.60 ( 69.60)
[TRAIN] E: [23][44/45]	Loss 1.7927e+00 (1.8328e+00)	Acc@1  39.60 ( 38.00)	Acc@5  69.50 ( 68.55)
[EVAL] E: [23][0/5]	Loss 2.8346e+00 (2.8346e+00)	Acc@1  31.60 ( 31.60)	Acc@5  61.60 ( 61.60)
[EVAL] E: [23][4/5]	Loss 2.7175e+00 (2.7461e+00)	Acc@1  33.20 ( 33.36)	Acc@5  64.20 ( 63.42)
		 Valid eval after epoch: loss:2.7461	latest_acc:33.36	LR:0.05 -- best valacc 33.56

Started EPOCH:24
[TRAIN] E: [24][ 0/45]	Loss 1.8061e+00 (1.8061e+00)	Acc@1  36.30 ( 36.30)	Acc@5  66.20 ( 66.20)
[TRAIN] E: [24][44/45]	Loss 1.8346e+00 (1.8245e+00)	Acc@1  40.10 ( 38.06)	Acc@5  69.30 ( 68.42)
[EVAL] E: [24][0/5]	Loss 2.7347e+00 (2.7347e+00)	Acc@1  33.50 ( 33.50)	Acc@5  65.10 ( 65.10)
[EVAL] E: [24][4/5]	Loss 2.6634e+00 (2.6545e+00)	Acc@1  33.00 ( 34.62)	Acc@5  64.10 ( 65.14)
		 Valid eval after epoch: loss:2.6545	latest_acc:34.62	LR:0.05 -- best valacc 34.62

Started EPOCH:25
[TRAIN] E: [25][ 0/45]	Loss 1.7350e+00 (1.7350e+00)	Acc@1  40.40 ( 40.40)	Acc@5  68.80 ( 68.80)
[TRAIN] E: [25][44/45]	Loss 1.8376e+00 (1.8059e+00)	Acc@1  41.50 ( 38.19)	Acc@5  67.70 ( 68.24)
[EVAL] E: [25][0/5]	Loss 2.9989e+00 (2.9989e+00)	Acc@1  30.30 ( 30.30)	Acc@5  58.10 ( 58.10)
[EVAL] E: [25][4/5]	Loss 2.8524e+00 (2.9099e+00)	Acc@1  29.50 ( 29.88)	Acc@5  59.30 ( 58.74)
		 Valid eval after epoch: loss:2.9099	latest_acc:29.88	LR:0.05 -- best valacc 34.62

Started EPOCH:26
[TRAIN] E: [26][ 0/45]	Loss 1.7673e+00 (1.7673e+00)	Acc@1  37.50 ( 37.50)	Acc@5  69.80 ( 69.80)
[TRAIN] E: [26][44/45]	Loss 1.8134e+00 (1.8063e+00)	Acc@1  40.50 ( 38.20)	Acc@5  70.70 ( 68.28)
[EVAL] E: [26][0/5]	Loss 2.7668e+00 (2.7668e+00)	Acc@1  32.30 ( 32.30)	Acc@5  62.90 ( 62.90)
[EVAL] E: [26][4/5]	Loss 2.6590e+00 (2.7381e+00)	Acc@1  33.70 ( 33.62)	Acc@5  62.90 ( 62.96)
		 Valid eval after epoch: loss:2.7381	latest_acc:33.62	LR:0.04 -- best valacc 34.62

Started EPOCH:27
[TRAIN] E: [27][ 0/45]	Loss 1.7564e+00 (1.7564e+00)	Acc@1  37.20 ( 37.20)	Acc@5  69.10 ( 69.10)
[TRAIN] E: [27][44/45]	Loss 1.8192e+00 (1.8019e+00)	Acc@1  36.50 ( 38.29)	Acc@5  66.30 ( 69.06)
[EVAL] E: [27][0/5]	Loss 2.6621e+00 (2.6621e+00)	Acc@1  33.70 ( 33.70)	Acc@5  64.50 ( 64.50)
[EVAL] E: [27][4/5]	Loss 2.5015e+00 (2.5671e+00)	Acc@1  35.90 ( 35.00)	Acc@5  67.30 ( 66.42)
		 Valid eval after epoch: loss:2.5671	latest_acc:35.00	LR:0.04 -- best valacc 35.00

Started EPOCH:28
[TRAIN] E: [28][ 0/45]	Loss 1.7463e+00 (1.7463e+00)	Acc@1  39.30 ( 39.30)	Acc@5  69.00 ( 69.00)
[TRAIN] E: [28][44/45]	Loss 1.7640e+00 (1.7838e+00)	Acc@1  39.10 ( 38.47)	Acc@5  68.60 ( 68.97)
[EVAL] E: [28][0/5]	Loss 2.6247e+00 (2.6247e+00)	Acc@1  34.80 ( 34.80)	Acc@5  64.80 ( 64.80)
[EVAL] E: [28][4/5]	Loss 2.6694e+00 (2.6362e+00)	Acc@1  35.20 ( 34.66)	Acc@5  66.10 ( 65.12)
		 Valid eval after epoch: loss:2.6362	latest_acc:34.66	LR:0.04 -- best valacc 35.00

Started EPOCH:29
[TRAIN] E: [29][ 0/45]	Loss 1.7789e+00 (1.7789e+00)	Acc@1  38.10 ( 38.10)	Acc@5  69.20 ( 69.20)
[TRAIN] E: [29][44/45]	Loss 1.7912e+00 (1.7614e+00)	Acc@1  39.80 ( 38.93)	Acc@5  67.70 ( 69.26)
[EVAL] E: [29][0/5]	Loss 2.7236e+00 (2.7236e+00)	Acc@1  33.50 ( 33.50)	Acc@5  62.10 ( 62.10)
[EVAL] E: [29][4/5]	Loss 2.5254e+00 (2.6099e+00)	Acc@1  36.30 ( 35.58)	Acc@5  65.30 ( 64.68)
		 Valid eval after epoch: loss:2.6099	latest_acc:35.58	LR:0.03 -- best valacc 35.58

Started EPOCH:30
[TRAIN] E: [30][ 0/45]	Loss 1.7676e+00 (1.7676e+00)	Acc@1  39.70 ( 39.70)	Acc@5  69.30 ( 69.30)
[TRAIN] E: [30][44/45]	Loss 1.7742e+00 (1.7635e+00)	Acc@1  41.80 ( 38.91)	Acc@5  70.10 ( 69.28)
[EVAL] E: [30][0/5]	Loss 2.7357e+00 (2.7357e+00)	Acc@1  32.70 ( 32.70)	Acc@5  63.60 ( 63.60)
[EVAL] E: [30][4/5]	Loss 2.6207e+00 (2.6550e+00)	Acc@1  37.20 ( 34.38)	Acc@5  63.90 ( 63.88)
		 Valid eval after epoch: loss:2.6550	latest_acc:34.38	LR:0.03 -- best valacc 35.58

Started EPOCH:31
[TRAIN] E: [31][ 0/45]	Loss 1.7052e+00 (1.7052e+00)	Acc@1  40.20 ( 40.20)	Acc@5  70.40 ( 70.40)
[TRAIN] E: [31][44/45]	Loss 1.6728e+00 (1.7403e+00)	Acc@1  41.70 ( 39.51)	Acc@5  70.70 ( 69.59)
[EVAL] E: [31][0/5]	Loss 2.7341e+00 (2.7341e+00)	Acc@1  32.50 ( 32.50)	Acc@5  63.20 ( 63.20)
[EVAL] E: [31][4/5]	Loss 2.6132e+00 (2.6733e+00)	Acc@1  34.60 ( 34.14)	Acc@5  65.60 ( 64.64)
		 Valid eval after epoch: loss:2.6733	latest_acc:34.14	LR:0.03 -- best valacc 35.58

Started EPOCH:32
[TRAIN] E: [32][ 0/45]	Loss 1.7298e+00 (1.7298e+00)	Acc@1  39.90 ( 39.90)	Acc@5  68.70 ( 68.70)
[TRAIN] E: [32][44/45]	Loss 1.7327e+00 (1.7250e+00)	Acc@1  38.10 ( 39.08)	Acc@5  68.00 ( 69.35)
[EVAL] E: [32][0/5]	Loss 2.5635e+00 (2.5635e+00)	Acc@1  35.10 ( 35.10)	Acc@5  67.30 ( 67.30)
[EVAL] E: [32][4/5]	Loss 2.5041e+00 (2.5183e+00)	Acc@1  35.40 ( 36.46)	Acc@5  67.70 ( 67.26)
		 Valid eval after epoch: loss:2.5183	latest_acc:36.46	LR:0.03 -- best valacc 36.46

Started EPOCH:33
[TRAIN] E: [33][ 0/45]	Loss 1.7426e+00 (1.7426e+00)	Acc@1  40.00 ( 40.00)	Acc@5  70.40 ( 70.40)
[TRAIN] E: [33][44/45]	Loss 1.7543e+00 (1.7233e+00)	Acc@1  39.90 ( 39.07)	Acc@5  69.40 ( 69.32)
[EVAL] E: [33][0/5]	Loss 2.6666e+00 (2.6666e+00)	Acc@1  34.10 ( 34.10)	Acc@5  62.70 ( 62.70)
[EVAL] E: [33][4/5]	Loss 2.5287e+00 (2.5292e+00)	Acc@1  39.10 ( 37.06)	Acc@5  67.50 ( 65.96)
		 Valid eval after epoch: loss:2.5292	latest_acc:37.06	LR:0.02 -- best valacc 37.06

Started EPOCH:34
[TRAIN] E: [34][ 0/45]	Loss 1.6718e+00 (1.6718e+00)	Acc@1  40.80 ( 40.80)	Acc@5  69.50 ( 69.50)
[TRAIN] E: [34][44/45]	Loss 1.6960e+00 (1.7114e+00)	Acc@1  40.60 ( 39.80)	Acc@5  70.10 ( 69.86)
[EVAL] E: [34][0/5]	Loss 2.5740e+00 (2.5740e+00)	Acc@1  35.30 ( 35.30)	Acc@5  65.90 ( 65.90)
[EVAL] E: [34][4/5]	Loss 2.4027e+00 (2.4853e+00)	Acc@1  40.00 ( 38.18)	Acc@5  69.60 ( 66.96)
		 Valid eval after epoch: loss:2.4853	latest_acc:38.18	LR:0.02 -- best valacc 38.18

Started EPOCH:35
[TRAIN] E: [35][ 0/45]	Loss 1.6734e+00 (1.6734e+00)	Acc@1  41.30 ( 41.30)	Acc@5  71.10 ( 71.10)
[TRAIN] E: [35][44/45]	Loss 1.7382e+00 (1.6987e+00)	Acc@1  39.40 ( 39.55)	Acc@5  67.30 ( 69.75)
[EVAL] E: [35][0/5]	Loss 2.6693e+00 (2.6693e+00)	Acc@1  34.60 ( 34.60)	Acc@5  64.30 ( 64.30)
[EVAL] E: [35][4/5]	Loss 2.5706e+00 (2.6476e+00)	Acc@1  34.60 ( 34.80)	Acc@5  68.00 ( 65.00)
		 Valid eval after epoch: loss:2.6476	latest_acc:34.80	LR:0.02 -- best valacc 38.18

Started EPOCH:36
[TRAIN] E: [36][ 0/45]	Loss 1.6431e+00 (1.6431e+00)	Acc@1  40.20 ( 40.20)	Acc@5  72.20 ( 72.20)
[TRAIN] E: [36][44/45]	Loss 1.7156e+00 (1.6907e+00)	Acc@1  40.10 ( 39.66)	Acc@5  70.10 ( 69.90)
[EVAL] E: [36][0/5]	Loss 2.5100e+00 (2.5100e+00)	Acc@1  36.30 ( 36.30)	Acc@5  68.80 ( 68.80)
[EVAL] E: [36][4/5]	Loss 2.5174e+00 (2.4863e+00)	Acc@1  36.70 ( 37.90)	Acc@5  67.70 ( 68.38)
		 Valid eval after epoch: loss:2.4863	latest_acc:37.90	LR:0.02 -- best valacc 38.18

Started EPOCH:37
[TRAIN] E: [37][ 0/45]	Loss 1.6857e+00 (1.6857e+00)	Acc@1  41.40 ( 41.40)	Acc@5  71.90 ( 71.90)
[TRAIN] E: [37][44/45]	Loss 1.6973e+00 (1.6898e+00)	Acc@1  40.40 ( 39.69)	Acc@5  71.00 ( 70.02)
[EVAL] E: [37][0/5]	Loss 2.6004e+00 (2.6004e+00)	Acc@1  37.10 ( 37.10)	Acc@5  66.70 ( 66.70)
[EVAL] E: [37][4/5]	Loss 2.4224e+00 (2.4860e+00)	Acc@1  38.10 ( 37.48)	Acc@5  69.50 ( 67.90)
		 Valid eval after epoch: loss:2.4860	latest_acc:37.48	LR:0.01 -- best valacc 38.18

Started EPOCH:38
[TRAIN] E: [38][ 0/45]	Loss 1.7492e+00 (1.7492e+00)	Acc@1  40.00 ( 40.00)	Acc@5  70.00 ( 70.00)
[TRAIN] E: [38][44/45]	Loss 1.6524e+00 (1.6799e+00)	Acc@1  40.80 ( 39.55)	Acc@5  70.70 ( 70.06)
[EVAL] E: [38][0/5]	Loss 2.7157e+00 (2.7157e+00)	Acc@1  33.30 ( 33.30)	Acc@5  65.10 ( 65.10)
[EVAL] E: [38][4/5]	Loss 2.6766e+00 (2.7006e+00)	Acc@1  33.70 ( 33.82)	Acc@5  64.20 ( 64.38)
		 Valid eval after epoch: loss:2.7006	latest_acc:33.82	LR:0.01 -- best valacc 38.18

Started EPOCH:39
[TRAIN] E: [39][ 0/45]	Loss 1.7044e+00 (1.7044e+00)	Acc@1  41.40 ( 41.40)	Acc@5  72.30 ( 72.30)
[TRAIN] E: [39][44/45]	Loss 1.7124e+00 (1.6704e+00)	Acc@1  39.50 ( 39.92)	Acc@5  70.70 ( 70.14)
[EVAL] E: [39][0/5]	Loss 2.4861e+00 (2.4861e+00)	Acc@1  36.80 ( 36.80)	Acc@5  66.60 ( 66.60)
[EVAL] E: [39][4/5]	Loss 2.3463e+00 (2.4176e+00)	Acc@1  39.30 ( 38.30)	Acc@5  70.10 ( 68.70)
		 Valid eval after epoch: loss:2.4176	latest_acc:38.30	LR:0.01 -- best valacc 38.30

Started EPOCH:40
[TRAIN] E: [40][ 0/45]	Loss 1.6614e+00 (1.6614e+00)	Acc@1  41.40 ( 41.40)	Acc@5  70.50 ( 70.50)
[TRAIN] E: [40][44/45]	Loss 1.6555e+00 (1.6557e+00)	Acc@1  42.30 ( 39.91)	Acc@5  70.50 ( 70.32)
[EVAL] E: [40][0/5]	Loss 2.5012e+00 (2.5012e+00)	Acc@1  37.00 ( 37.00)	Acc@5  66.70 ( 66.70)
[EVAL] E: [40][4/5]	Loss 2.3644e+00 (2.4301e+00)	Acc@1  37.70 ( 37.38)	Acc@5  70.60 ( 68.80)
		 Valid eval after epoch: loss:2.4301	latest_acc:37.38	LR:0.01 -- best valacc 38.30

Started EPOCH:41
[TRAIN] E: [41][ 0/45]	Loss 1.6181e+00 (1.6181e+00)	Acc@1  40.50 ( 40.50)	Acc@5  70.80 ( 70.80)
[TRAIN] E: [41][44/45]	Loss 1.6546e+00 (1.6514e+00)	Acc@1  40.60 ( 40.27)	Acc@5  71.60 ( 70.47)
[EVAL] E: [41][0/5]	Loss 2.4956e+00 (2.4956e+00)	Acc@1  38.10 ( 38.10)	Acc@5  67.80 ( 67.80)
[EVAL] E: [41][4/5]	Loss 2.3439e+00 (2.4459e+00)	Acc@1  39.10 ( 38.26)	Acc@5  69.80 ( 68.22)
		 Valid eval after epoch: loss:2.4459	latest_acc:38.26	LR:0.01 -- best valacc 38.30

Started EPOCH:42
[TRAIN] E: [42][ 0/45]	Loss 1.6583e+00 (1.6583e+00)	Acc@1  38.90 ( 38.90)	Acc@5  70.50 ( 70.50)
[TRAIN] E: [42][44/45]	Loss 1.6519e+00 (1.6428e+00)	Acc@1  40.70 ( 40.45)	Acc@5  70.90 ( 70.36)
[EVAL] E: [42][0/5]	Loss 2.4477e+00 (2.4477e+00)	Acc@1  38.20 ( 38.20)	Acc@5  67.80 ( 67.80)
[EVAL] E: [42][4/5]	Loss 2.4386e+00 (2.4256e+00)	Acc@1  39.10 ( 39.06)	Acc@5  68.70 ( 68.86)
		 Valid eval after epoch: loss:2.4256	latest_acc:39.06	LR:0.00 -- best valacc 39.06

Started EPOCH:43
[TRAIN] E: [43][ 0/45]	Loss 1.6350e+00 (1.6350e+00)	Acc@1  39.80 ( 39.80)	Acc@5  72.80 ( 72.80)
[TRAIN] E: [43][44/45]	Loss 1.6221e+00 (1.6385e+00)	Acc@1  41.70 ( 40.11)	Acc@5  70.70 ( 70.39)
[EVAL] E: [43][0/5]	Loss 2.4782e+00 (2.4782e+00)	Acc@1  35.50 ( 35.50)	Acc@5  69.80 ( 69.80)
[EVAL] E: [43][4/5]	Loss 2.4367e+00 (2.4331e+00)	Acc@1  38.60 ( 38.14)	Acc@5  68.40 ( 69.04)
		 Valid eval after epoch: loss:2.4331	latest_acc:38.14	LR:0.00 -- best valacc 39.06

Started EPOCH:44
[TRAIN] E: [44][ 0/45]	Loss 1.5974e+00 (1.5974e+00)	Acc@1  38.80 ( 38.80)	Acc@5  69.40 ( 69.40)
[TRAIN] E: [44][44/45]	Loss 1.6100e+00 (1.6381e+00)	Acc@1  40.40 ( 40.28)	Acc@5  69.60 ( 70.89)
[EVAL] E: [44][0/5]	Loss 2.4113e+00 (2.4113e+00)	Acc@1  38.20 ( 38.20)	Acc@5  70.20 ( 70.20)
[EVAL] E: [44][4/5]	Loss 2.3511e+00 (2.3729e+00)	Acc@1  40.40 ( 39.86)	Acc@5  70.00 ( 69.72)
		 Valid eval after epoch: loss:2.3729	latest_acc:39.86	LR:0.00 -- best valacc 39.86

Started EPOCH:45
[TRAIN] E: [45][ 0/45]	Loss 1.6113e+00 (1.6113e+00)	Acc@1  41.50 ( 41.50)	Acc@5  67.80 ( 67.80)
[TRAIN] E: [45][44/45]	Loss 1.5431e+00 (1.6273e+00)	Acc@1  37.80 ( 40.41)	Acc@5  66.90 ( 70.62)
[EVAL] E: [45][0/5]	Loss 2.4457e+00 (2.4457e+00)	Acc@1  37.80 ( 37.80)	Acc@5  68.70 ( 68.70)
[EVAL] E: [45][4/5]	Loss 2.3776e+00 (2.3920e+00)	Acc@1  38.80 ( 38.90)	Acc@5  69.10 ( 69.16)
		 Valid eval after epoch: loss:2.3920	latest_acc:38.90	LR:0.00 -- best valacc 39.86

Started EPOCH:46
[TRAIN] E: [46][ 0/45]	Loss 1.5937e+00 (1.5937e+00)	Acc@1  42.10 ( 42.10)	Acc@5  71.60 ( 71.60)
[TRAIN] E: [46][44/45]	Loss 1.6457e+00 (1.6383e+00)	Acc@1  39.80 ( 40.48)	Acc@5  71.40 ( 70.72)
[EVAL] E: [46][0/5]	Loss 2.5295e+00 (2.5295e+00)	Acc@1  36.30 ( 36.30)	Acc@5  66.80 ( 66.80)
[EVAL] E: [46][4/5]	Loss 2.2990e+00 (2.3849e+00)	Acc@1  38.50 ( 38.94)	Acc@5  70.50 ( 69.88)
		 Valid eval after epoch: loss:2.3849	latest_acc:38.94	LR:0.00 -- best valacc 39.86

Started EPOCH:47
[TRAIN] E: [47][ 0/45]	Loss 1.6043e+00 (1.6043e+00)	Acc@1  42.00 ( 42.00)	Acc@5  73.50 ( 73.50)
[TRAIN] E: [47][44/45]	Loss 1.6646e+00 (1.6251e+00)	Acc@1  42.10 ( 40.88)	Acc@5  71.70 ( 70.81)
[EVAL] E: [47][0/5]	Loss 2.4512e+00 (2.4512e+00)	Acc@1  36.50 ( 36.50)	Acc@5  68.30 ( 68.30)
[EVAL] E: [47][4/5]	Loss 2.3397e+00 (2.3964e+00)	Acc@1  40.40 ( 39.00)	Acc@5  69.10 ( 68.56)
		 Valid eval after epoch: loss:2.3964	latest_acc:39.00	LR:0.00 -- best valacc 39.86

Started EPOCH:48
[TRAIN] E: [48][ 0/45]	Loss 1.6073e+00 (1.6073e+00)	Acc@1  38.90 ( 38.90)	Acc@5  68.10 ( 68.10)
[TRAIN] E: [48][44/45]	Loss 1.5665e+00 (1.6302e+00)	Acc@1  42.70 ( 41.12)	Acc@5  70.30 ( 70.82)
[EVAL] E: [48][0/5]	Loss 2.3526e+00 (2.3526e+00)	Acc@1  39.40 ( 39.40)	Acc@5  71.50 ( 71.50)
[EVAL] E: [48][4/5]	Loss 2.3583e+00 (2.3527e+00)	Acc@1  38.40 ( 38.78)	Acc@5  70.20 ( 70.46)
		 Valid eval after epoch: loss:2.3527	latest_acc:38.78	LR:0.00 -- best valacc 39.86

Started EPOCH:49
[TRAIN] E: [49][ 0/45]	Loss 1.6375e+00 (1.6375e+00)	Acc@1  41.00 ( 41.00)	Acc@5  70.90 ( 70.90)
[TRAIN] E: [49][44/45]	Loss 1.6576e+00 (1.6286e+00)	Acc@1  42.80 ( 40.56)	Acc@5  72.10 ( 70.49)
[EVAL] E: [49][0/5]	Loss 2.4272e+00 (2.4272e+00)	Acc@1  38.40 ( 38.40)	Acc@5  69.80 ( 69.80)
[EVAL] E: [49][4/5]	Loss 2.3262e+00 (2.3626e+00)	Acc@1  42.00 ( 40.10)	Acc@5  71.10 ( 70.28)
		 Valid eval after epoch: loss:2.3626	latest_acc:40.10	LR:0.00 -- best valacc 40.10

Started EPOCH:50
[TRAIN] E: [50][ 0/45]	Loss 1.6176e+00 (1.6176e+00)	Acc@1  40.40 ( 40.40)	Acc@5  70.20 ( 70.20)
[TRAIN] E: [50][44/45]	Loss 1.6451e+00 (1.6239e+00)	Acc@1  39.10 ( 40.64)	Acc@5  67.60 ( 70.65)
[EVAL] E: [50][0/5]	Loss 2.4220e+00 (2.4220e+00)	Acc@1  39.60 ( 39.60)	Acc@5  70.60 ( 70.60)
[EVAL] E: [50][4/5]	Loss 2.3436e+00 (2.3714e+00)	Acc@1  40.00 ( 40.34)	Acc@5  70.20 ( 69.98)
		 Valid eval after epoch: loss:2.3714	latest_acc:40.34	LR:0.00 -- best valacc 40.34

Started EPOCH:51
[TRAIN] E: [51][ 0/45]	Loss 1.6347e+00 (1.6347e+00)	Acc@1  38.70 ( 38.70)	Acc@5  68.40 ( 68.40)
[TRAIN] E: [51][44/45]	Loss 1.6561e+00 (1.6212e+00)	Acc@1  40.80 ( 40.34)	Acc@5  72.40 ( 70.52)
[EVAL] E: [51][0/5]	Loss 2.4014e+00 (2.4014e+00)	Acc@1  38.20 ( 38.20)	Acc@5  70.60 ( 70.60)
[EVAL] E: [51][4/5]	Loss 2.2979e+00 (2.3673e+00)	Acc@1  42.80 ( 40.34)	Acc@5  70.80 ( 69.80)
		 Valid eval after epoch: loss:2.3673	latest_acc:40.34	LR:0.00 -- best valacc 40.34

Started EPOCH:52
[TRAIN] E: [52][ 0/45]	Loss 1.6134e+00 (1.6134e+00)	Acc@1  40.60 ( 40.60)	Acc@5  72.00 ( 72.00)
[TRAIN] E: [52][44/45]	Loss 1.7142e+00 (1.6279e+00)	Acc@1  39.40 ( 40.57)	Acc@5  70.90 ( 70.64)
[EVAL] E: [52][0/5]	Loss 2.4261e+00 (2.4261e+00)	Acc@1  38.40 ( 38.40)	Acc@5  70.20 ( 70.20)
[EVAL] E: [52][4/5]	Loss 2.2999e+00 (2.3603e+00)	Acc@1  40.80 ( 39.74)	Acc@5  69.90 ( 69.98)
		 Valid eval after epoch: loss:2.3603	latest_acc:39.74	LR:0.00 -- best valacc 40.34

Started EPOCH:53
[TRAIN] E: [53][ 0/45]	Loss 1.5940e+00 (1.5940e+00)	Acc@1  40.30 ( 40.30)	Acc@5  69.60 ( 69.60)
[TRAIN] E: [53][44/45]	Loss 1.6444e+00 (1.6260e+00)	Acc@1  39.90 ( 40.59)	Acc@5  71.10 ( 70.80)
[EVAL] E: [53][0/5]	Loss 2.3851e+00 (2.3851e+00)	Acc@1  37.50 ( 37.50)	Acc@5  70.40 ( 70.40)
[EVAL] E: [53][4/5]	Loss 2.3208e+00 (2.3617e+00)	Acc@1  40.10 ( 39.74)	Acc@5  70.40 ( 69.98)
		 Valid eval after epoch: loss:2.3617	latest_acc:39.74	LR:0.00 -- best valacc 40.34

Started EPOCH:54
[TRAIN] E: [54][ 0/45]	Loss 1.6151e+00 (1.6151e+00)	Acc@1  40.40 ( 40.40)	Acc@5  70.90 ( 70.90)
[TRAIN] E: [54][44/45]	Loss 1.5755e+00 (1.6225e+00)	Acc@1  41.30 ( 40.94)	Acc@5  72.50 ( 70.78)
[EVAL] E: [54][0/5]	Loss 2.4449e+00 (2.4449e+00)	Acc@1  39.70 ( 39.70)	Acc@5  68.90 ( 68.90)
[EVAL] E: [54][4/5]	Loss 2.3114e+00 (2.3730e+00)	Acc@1  40.10 ( 39.98)	Acc@5  70.10 ( 69.50)
		 Valid eval after epoch: loss:2.3730	latest_acc:39.98	LR:0.00 -- best valacc 40.34

Started EPOCH:55
[TRAIN] E: [55][ 0/45]	Loss 1.6148e+00 (1.6148e+00)	Acc@1  42.40 ( 42.40)	Acc@5  72.20 ( 72.20)
[TRAIN] E: [55][44/45]	Loss 1.6816e+00 (1.6316e+00)	Acc@1  40.00 ( 40.54)	Acc@5  73.00 ( 70.57)
[EVAL] E: [55][0/5]	Loss 2.4466e+00 (2.4466e+00)	Acc@1  36.90 ( 36.90)	Acc@5  68.60 ( 68.60)
[EVAL] E: [55][4/5]	Loss 2.4432e+00 (2.4141e+00)	Acc@1  37.60 ( 38.82)	Acc@5  68.80 ( 69.40)
		 Valid eval after epoch: loss:2.4141	latest_acc:38.82	LR:0.00 -- best valacc 40.34

Started EPOCH:56
[TRAIN] E: [56][ 0/45]	Loss 1.6294e+00 (1.6294e+00)	Acc@1  38.80 ( 38.80)	Acc@5  71.60 ( 71.60)
[TRAIN] E: [56][44/45]	Loss 1.6417e+00 (1.6269e+00)	Acc@1  39.90 ( 40.61)	Acc@5  71.70 ( 70.49)
[EVAL] E: [56][0/5]	Loss 2.4698e+00 (2.4698e+00)	Acc@1  36.90 ( 36.90)	Acc@5  70.80 ( 70.80)
[EVAL] E: [56][4/5]	Loss 2.3430e+00 (2.3803e+00)	Acc@1  38.70 ( 38.90)	Acc@5  69.70 ( 70.04)
		 Valid eval after epoch: loss:2.3803	latest_acc:38.90	LR:0.00 -- best valacc 40.34

Started EPOCH:57
[TRAIN] E: [57][ 0/45]	Loss 1.5985e+00 (1.5985e+00)	Acc@1  40.50 ( 40.50)	Acc@5  71.30 ( 71.30)
[TRAIN] E: [57][44/45]	Loss 1.6322e+00 (1.6311e+00)	Acc@1  39.10 ( 40.51)	Acc@5  69.10 ( 70.37)
[EVAL] E: [57][0/5]	Loss 2.4177e+00 (2.4177e+00)	Acc@1  37.70 ( 37.70)	Acc@5  69.00 ( 69.00)
[EVAL] E: [57][4/5]	Loss 2.3880e+00 (2.3912e+00)	Acc@1  40.10 ( 39.06)	Acc@5  68.40 ( 69.28)
		 Valid eval after epoch: loss:2.3912	latest_acc:39.06	LR:0.01 -- best valacc 40.34

Started EPOCH:58
[TRAIN] E: [58][ 0/45]	Loss 1.6111e+00 (1.6111e+00)	Acc@1  39.30 ( 39.30)	Acc@5  68.70 ( 68.70)
[TRAIN] E: [58][44/45]	Loss 1.6133e+00 (1.6353e+00)	Acc@1  41.50 ( 40.45)	Acc@5  71.00 ( 70.59)
[EVAL] E: [58][0/5]	Loss 2.4834e+00 (2.4834e+00)	Acc@1  37.00 ( 37.00)	Acc@5  67.80 ( 67.80)
[EVAL] E: [58][4/5]	Loss 2.4512e+00 (2.4421e+00)	Acc@1  36.60 ( 38.48)	Acc@5  70.80 ( 68.78)
		 Valid eval after epoch: loss:2.4421	latest_acc:38.48	LR:0.01 -- best valacc 40.34

Started EPOCH:59
[TRAIN] E: [59][ 0/45]	Loss 1.6590e+00 (1.6590e+00)	Acc@1  39.10 ( 39.10)	Acc@5  69.90 ( 69.90)
[TRAIN] E: [59][44/45]	Loss 1.6024e+00 (1.6378e+00)	Acc@1  41.50 ( 40.36)	Acc@5  69.20 ( 70.39)
[EVAL] E: [59][0/5]	Loss 2.5532e+00 (2.5532e+00)	Acc@1  36.90 ( 36.90)	Acc@5  65.60 ( 65.60)
[EVAL] E: [59][4/5]	Loss 2.4221e+00 (2.4798e+00)	Acc@1  37.60 ( 38.38)	Acc@5  68.80 ( 67.22)
		 Valid eval after epoch: loss:2.4798	latest_acc:38.38	LR:0.01 -- best valacc 40.34

Started EPOCH:60
[TRAIN] E: [60][ 0/45]	Loss 1.6677e+00 (1.6677e+00)	Acc@1  38.20 ( 38.20)	Acc@5  69.10 ( 69.10)
[TRAIN] E: [60][44/45]	Loss 1.6777e+00 (1.6488e+00)	Acc@1  41.00 ( 40.01)	Acc@5  70.70 ( 70.30)
[EVAL] E: [60][0/5]	Loss 2.4704e+00 (2.4704e+00)	Acc@1  37.50 ( 37.50)	Acc@5  69.70 ( 69.70)
[EVAL] E: [60][4/5]	Loss 2.3767e+00 (2.4237e+00)	Acc@1  38.30 ( 38.28)	Acc@5  69.00 ( 68.88)
		 Valid eval after epoch: loss:2.4237	latest_acc:38.28	LR:0.01 -- best valacc 40.34

Started EPOCH:61
[TRAIN] E: [61][ 0/45]	Loss 1.6955e+00 (1.6955e+00)	Acc@1  38.90 ( 38.90)	Acc@5  69.00 ( 69.00)
[TRAIN] E: [61][44/45]	Loss 1.6323e+00 (1.6474e+00)	Acc@1  41.00 ( 40.36)	Acc@5  70.90 ( 70.56)
[EVAL] E: [61][0/5]	Loss 2.5847e+00 (2.5847e+00)	Acc@1  35.20 ( 35.20)	Acc@5  66.20 ( 66.20)
[EVAL] E: [61][4/5]	Loss 2.5030e+00 (2.5345e+00)	Acc@1  37.80 ( 36.84)	Acc@5  66.20 ( 66.58)
		 Valid eval after epoch: loss:2.5345	latest_acc:36.84	LR:0.01 -- best valacc 40.34

Started EPOCH:62
[TRAIN] E: [62][ 0/45]	Loss 1.5952e+00 (1.5952e+00)	Acc@1  40.50 ( 40.50)	Acc@5  69.80 ( 69.80)
[TRAIN] E: [62][44/45]	Loss 1.6593e+00 (1.6486e+00)	Acc@1  41.80 ( 40.39)	Acc@5  69.90 ( 70.34)
[EVAL] E: [62][0/5]	Loss 2.5496e+00 (2.5496e+00)	Acc@1  35.00 ( 35.00)	Acc@5  65.90 ( 65.90)
[EVAL] E: [62][4/5]	Loss 2.3613e+00 (2.4551e+00)	Acc@1  40.10 ( 37.80)	Acc@5  70.70 ( 68.32)
		 Valid eval after epoch: loss:2.4551	latest_acc:37.80	LR:0.02 -- best valacc 40.34

Started EPOCH:63
[TRAIN] E: [63][ 0/45]	Loss 1.6515e+00 (1.6515e+00)	Acc@1  41.70 ( 41.70)	Acc@5  68.70 ( 68.70)
[TRAIN] E: [63][44/45]	Loss 1.6516e+00 (1.6704e+00)	Acc@1  40.30 ( 40.08)	Acc@5  70.40 ( 70.23)
[EVAL] E: [63][0/5]	Loss 2.5421e+00 (2.5421e+00)	Acc@1  35.30 ( 35.30)	Acc@5  66.30 ( 66.30)
[EVAL] E: [63][4/5]	Loss 2.4908e+00 (2.4948e+00)	Acc@1  36.80 ( 37.40)	Acc@5  68.90 ( 67.72)
		 Valid eval after epoch: loss:2.4948	latest_acc:37.40	LR:0.02 -- best valacc 40.34

Started EPOCH:64
[TRAIN] E: [64][ 0/45]	Loss 1.6841e+00 (1.6841e+00)	Acc@1  41.40 ( 41.40)	Acc@5  71.70 ( 71.70)
[TRAIN] E: [64][44/45]	Loss 1.5960e+00 (1.6656e+00)	Acc@1  41.00 ( 39.95)	Acc@5  70.60 ( 70.35)
[EVAL] E: [64][0/5]	Loss 2.6869e+00 (2.6869e+00)	Acc@1  32.00 ( 32.00)	Acc@5  64.00 ( 64.00)
[EVAL] E: [64][4/5]	Loss 2.5980e+00 (2.5804e+00)	Acc@1  34.60 ( 35.10)	Acc@5  64.90 ( 65.96)
		 Valid eval after epoch: loss:2.5804	latest_acc:35.10	LR:0.02 -- best valacc 40.34

Started EPOCH:65
[TRAIN] E: [65][ 0/45]	Loss 1.6858e+00 (1.6858e+00)	Acc@1  39.80 ( 39.80)	Acc@5  68.80 ( 68.80)
[TRAIN] E: [65][44/45]	Loss 1.7690e+00 (1.6822e+00)	Acc@1  41.30 ( 39.69)	Acc@5  72.80 ( 70.12)
[EVAL] E: [65][0/5]	Loss 2.7790e+00 (2.7790e+00)	Acc@1  32.60 ( 32.60)	Acc@5  64.90 ( 64.90)
[EVAL] E: [65][4/5]	Loss 2.6287e+00 (2.7184e+00)	Acc@1  35.10 ( 33.42)	Acc@5  64.30 ( 63.44)
		 Valid eval after epoch: loss:2.7184	latest_acc:33.42	LR:0.02 -- best valacc 40.34

Started EPOCH:66
[TRAIN] E: [66][ 0/45]	Loss 1.6945e+00 (1.6945e+00)	Acc@1  40.30 ( 40.30)	Acc@5  70.70 ( 70.70)
[TRAIN] E: [66][44/45]	Loss 1.6662e+00 (1.6797e+00)	Acc@1  40.20 ( 39.82)	Acc@5  71.30 ( 70.00)
[EVAL] E: [66][0/5]	Loss 2.7189e+00 (2.7189e+00)	Acc@1  32.80 ( 32.80)	Acc@5  62.50 ( 62.50)
[EVAL] E: [66][4/5]	Loss 2.6164e+00 (2.6505e+00)	Acc@1  35.30 ( 34.32)	Acc@5  63.80 ( 63.56)
		 Valid eval after epoch: loss:2.6505	latest_acc:34.32	LR:0.03 -- best valacc 40.34

Started EPOCH:67
[TRAIN] E: [67][ 0/45]	Loss 1.6453e+00 (1.6453e+00)	Acc@1  40.00 ( 40.00)	Acc@5  70.90 ( 70.90)
[TRAIN] E: [67][44/45]	Loss 1.6708e+00 (1.7012e+00)	Acc@1  39.60 ( 39.80)	Acc@5  69.30 ( 70.06)
[EVAL] E: [67][0/5]	Loss 2.5887e+00 (2.5887e+00)	Acc@1  36.30 ( 36.30)	Acc@5  65.80 ( 65.80)
[EVAL] E: [67][4/5]	Loss 2.5346e+00 (2.5239e+00)	Acc@1  36.20 ( 36.96)	Acc@5  65.70 ( 66.38)
		 Valid eval after epoch: loss:2.5239	latest_acc:36.96	LR:0.03 -- best valacc 40.34

Started EPOCH:68
[TRAIN] E: [68][ 0/45]	Loss 1.6767e+00 (1.6767e+00)	Acc@1  38.10 ( 38.10)	Acc@5  71.40 ( 71.40)
[TRAIN] E: [68][44/45]	Loss 1.7387e+00 (1.7098e+00)	Acc@1  38.60 ( 39.45)	Acc@5  71.70 ( 69.57)
[EVAL] E: [68][0/5]	Loss 2.7756e+00 (2.7756e+00)	Acc@1  31.60 ( 31.60)	Acc@5  64.30 ( 64.30)
[EVAL] E: [68][4/5]	Loss 2.7090e+00 (2.6814e+00)	Acc@1  34.60 ( 34.52)	Acc@5  64.10 ( 64.28)
		 Valid eval after epoch: loss:2.6814	latest_acc:34.52	LR:0.03 -- best valacc 40.34

Started EPOCH:69
[TRAIN] E: [69][ 0/45]	Loss 1.7412e+00 (1.7412e+00)	Acc@1  39.00 ( 39.00)	Acc@5  69.50 ( 69.50)
[TRAIN] E: [69][44/45]	Loss 1.6320e+00 (1.7253e+00)	Acc@1  39.20 ( 39.52)	Acc@5  69.20 ( 69.85)
[EVAL] E: [69][0/5]	Loss 2.6317e+00 (2.6317e+00)	Acc@1  34.90 ( 34.90)	Acc@5  66.90 ( 66.90)
[EVAL] E: [69][4/5]	Loss 2.5561e+00 (2.5765e+00)	Acc@1  36.60 ( 35.86)	Acc@5  64.90 ( 65.86)
		 Valid eval after epoch: loss:2.5765	latest_acc:35.86	LR:0.03 -- best valacc 40.34

Started EPOCH:70
[TRAIN] E: [70][ 0/45]	Loss 1.6674e+00 (1.6674e+00)	Acc@1  38.00 ( 38.00)	Acc@5  70.00 ( 70.00)
[TRAIN] E: [70][44/45]	Loss 1.7557e+00 (1.7268e+00)	Acc@1  39.30 ( 39.16)	Acc@5  69.70 ( 69.79)
[EVAL] E: [70][0/5]	Loss 3.1223e+00 (3.1223e+00)	Acc@1  28.40 ( 28.40)	Acc@5  58.00 ( 58.00)
[EVAL] E: [70][4/5]	Loss 3.0326e+00 (3.0194e+00)	Acc@1  29.20 ( 29.56)	Acc@5  57.70 ( 58.94)
		 Valid eval after epoch: loss:3.0194	latest_acc:29.56	LR:0.04 -- best valacc 40.34

Started EPOCH:71
[TRAIN] E: [71][ 0/45]	Loss 1.7352e+00 (1.7352e+00)	Acc@1  40.20 ( 40.20)	Acc@5  70.30 ( 70.30)
[TRAIN] E: [71][44/45]	Loss 1.7300e+00 (1.7467e+00)	Acc@1  38.70 ( 39.15)	Acc@5  68.00 ( 69.47)
[EVAL] E: [71][0/5]	Loss 2.7618e+00 (2.7618e+00)	Acc@1  32.40 ( 32.40)	Acc@5  64.40 ( 64.40)
[EVAL] E: [71][4/5]	Loss 2.6208e+00 (2.6825e+00)	Acc@1  36.50 ( 34.12)	Acc@5  66.70 ( 64.18)
		 Valid eval after epoch: loss:2.6825	latest_acc:34.12	LR:0.04 -- best valacc 40.34

Started EPOCH:72
[TRAIN] E: [72][ 0/45]	Loss 1.7670e+00 (1.7670e+00)	Acc@1  40.00 ( 40.00)	Acc@5  69.00 ( 69.00)
[TRAIN] E: [72][44/45]	Loss 1.7904e+00 (1.7598e+00)	Acc@1  37.60 ( 39.07)	Acc@5  67.80 ( 69.24)
[EVAL] E: [72][0/5]	Loss 2.8798e+00 (2.8798e+00)	Acc@1  31.20 ( 31.20)	Acc@5  63.50 ( 63.50)
[EVAL] E: [72][4/5]	Loss 2.7797e+00 (2.7972e+00)	Acc@1  32.90 ( 33.20)	Acc@5  62.20 ( 63.38)
		 Valid eval after epoch: loss:2.7972	latest_acc:33.20	LR:0.04 -- best valacc 40.34

Started EPOCH:73
[TRAIN] E: [73][ 0/45]	Loss 1.7159e+00 (1.7159e+00)	Acc@1  34.90 ( 34.90)	Acc@5  66.90 ( 66.90)
[TRAIN] E: [73][44/45]	Loss 1.8416e+00 (1.7699e+00)	Acc@1  37.70 ( 38.73)	Acc@5  67.10 ( 69.13)
[EVAL] E: [73][0/5]	Loss 2.9678e+00 (2.9678e+00)	Acc@1  28.60 ( 28.60)	Acc@5  61.40 ( 61.40)
[EVAL] E: [73][4/5]	Loss 2.9501e+00 (2.9725e+00)	Acc@1  28.50 ( 29.26)	Acc@5  59.10 ( 59.50)
		 Valid eval after epoch: loss:2.9725	latest_acc:29.26	LR:0.05 -- best valacc 40.34

Started EPOCH:74
[TRAIN] E: [74][ 0/45]	Loss 1.8311e+00 (1.8311e+00)	Acc@1  41.80 ( 41.80)	Acc@5  71.00 ( 71.00)
[TRAIN] E: [74][44/45]	Loss 1.7651e+00 (1.7894e+00)	Acc@1  39.70 ( 38.33)	Acc@5  70.30 ( 68.44)
[EVAL] E: [74][0/5]	Loss 3.0931e+00 (3.0931e+00)	Acc@1  29.00 ( 29.00)	Acc@5  57.90 ( 57.90)
[EVAL] E: [74][4/5]	Loss 2.9621e+00 (3.0545e+00)	Acc@1  29.50 ( 29.10)	Acc@5  60.40 ( 58.24)
		 Valid eval after epoch: loss:3.0545	latest_acc:29.10	LR:0.05 -- best valacc 40.34

Started EPOCH:75
[TRAIN] E: [75][ 0/45]	Loss 1.8182e+00 (1.8182e+00)	Acc@1  38.50 ( 38.50)	Acc@5  67.40 ( 67.40)
[TRAIN] E: [75][44/45]	Loss 1.7933e+00 (1.7934e+00)	Acc@1  35.90 ( 38.86)	Acc@5  64.80 ( 68.65)
[EVAL] E: [75][0/5]	Loss 3.5249e+00 (3.5249e+00)	Acc@1  24.50 ( 24.50)	Acc@5  52.10 ( 52.10)
[EVAL] E: [75][4/5]	Loss 3.3449e+00 (3.3846e+00)	Acc@1  26.70 ( 26.42)	Acc@5  55.00 ( 53.64)
		 Valid eval after epoch: loss:3.3846	latest_acc:26.42	LR:0.05 -- best valacc 40.34

Started EPOCH:76
[TRAIN] E: [76][ 0/45]	Loss 1.7737e+00 (1.7737e+00)	Acc@1  37.60 ( 37.60)	Acc@5  70.10 ( 70.10)
[TRAIN] E: [76][44/45]	Loss 1.8077e+00 (1.8121e+00)	Acc@1  39.20 ( 38.38)	Acc@5  70.10 ( 68.76)
[EVAL] E: [76][0/5]	Loss 2.8723e+00 (2.8723e+00)	Acc@1  31.50 ( 31.50)	Acc@5  61.60 ( 61.60)
[EVAL] E: [76][4/5]	Loss 2.6111e+00 (2.7123e+00)	Acc@1  34.10 ( 32.98)	Acc@5  66.70 ( 64.30)
		 Valid eval after epoch: loss:2.7123	latest_acc:32.98	LR:0.06 -- best valacc 40.34

Started EPOCH:77
[TRAIN] E: [77][ 0/45]	Loss 1.8802e+00 (1.8802e+00)	Acc@1  39.10 ( 39.10)	Acc@5  68.70 ( 68.70)
[TRAIN] E: [77][44/45]	Loss 1.7845e+00 (1.8300e+00)	Acc@1  37.60 ( 38.05)	Acc@5  68.20 ( 68.57)
[EVAL] E: [77][0/5]	Loss 3.2208e+00 (3.2208e+00)	Acc@1  27.00 ( 27.00)	Acc@5  55.80 ( 55.80)
[EVAL] E: [77][4/5]	Loss 3.0303e+00 (3.0643e+00)	Acc@1  29.70 ( 28.74)	Acc@5  59.30 ( 58.02)
		 Valid eval after epoch: loss:3.0643	latest_acc:28.74	LR:0.06 -- best valacc 40.34

Started EPOCH:78
[TRAIN] E: [78][ 0/45]	Loss 1.9129e+00 (1.9129e+00)	Acc@1  39.00 ( 39.00)	Acc@5  67.40 ( 67.40)
[TRAIN] E: [78][44/45]	Loss 1.8231e+00 (1.8338e+00)	Acc@1  36.70 ( 38.21)	Acc@5  65.60 ( 68.42)
[EVAL] E: [78][0/5]	Loss 2.8443e+00 (2.8443e+00)	Acc@1  31.40 ( 31.40)	Acc@5  63.40 ( 63.40)
[EVAL] E: [78][4/5]	Loss 2.6888e+00 (2.7543e+00)	Acc@1  35.40 ( 33.52)	Acc@5  64.40 ( 63.70)
		 Valid eval after epoch: loss:2.7543	latest_acc:33.52	LR:0.06 -- best valacc 40.34

Started EPOCH:79
[TRAIN] E: [79][ 0/45]	Loss 1.8572e+00 (1.8572e+00)	Acc@1  39.10 ( 39.10)	Acc@5  69.30 ( 69.30)
[TRAIN] E: [79][44/45]	Loss 1.8350e+00 (1.8585e+00)	Acc@1  39.50 ( 37.80)	Acc@5  68.10 ( 67.82)
[EVAL] E: [79][0/5]	Loss 2.8966e+00 (2.8966e+00)	Acc@1  29.60 ( 29.60)	Acc@5  61.20 ( 61.20)
[EVAL] E: [79][4/5]	Loss 2.8454e+00 (2.8354e+00)	Acc@1  28.60 ( 30.34)	Acc@5  60.20 ( 60.94)
		 Valid eval after epoch: loss:2.8354	latest_acc:30.34	LR:0.07 -- best valacc 40.34

Started EPOCH:80
[TRAIN] E: [80][ 0/45]	Loss 1.8831e+00 (1.8831e+00)	Acc@1  39.20 ( 39.20)	Acc@5  67.00 ( 67.00)
[TRAIN] E: [80][44/45]	Loss 1.8199e+00 (1.8565e+00)	Acc@1  35.90 ( 37.61)	Acc@5  67.10 ( 67.90)
[EVAL] E: [80][0/5]	Loss 3.1685e+00 (3.1685e+00)	Acc@1  28.30 ( 28.30)	Acc@5  58.30 ( 58.30)
[EVAL] E: [80][4/5]	Loss 2.8844e+00 (3.0389e+00)	Acc@1  31.90 ( 29.52)	Acc@5  61.40 ( 59.18)
		 Valid eval after epoch: loss:3.0389	latest_acc:29.52	LR:0.07 -- best valacc 40.34

Started EPOCH:81
[TRAIN] E: [81][ 0/45]	Loss 1.8327e+00 (1.8327e+00)	Acc@1  36.50 ( 36.50)	Acc@5  66.10 ( 66.10)
[TRAIN] E: [81][44/45]	Loss 1.8094e+00 (1.8597e+00)	Acc@1  36.40 ( 37.38)	Acc@5  64.70 ( 67.73)
[EVAL] E: [81][0/5]	Loss 2.8291e+00 (2.8291e+00)	Acc@1  31.50 ( 31.50)	Acc@5  59.70 ( 59.70)
[EVAL] E: [81][4/5]	Loss 2.7677e+00 (2.8489e+00)	Acc@1  31.20 ( 30.90)	Acc@5  62.20 ( 60.32)
		 Valid eval after epoch: loss:2.8489	latest_acc:30.90	LR:0.07 -- best valacc 40.34

Started EPOCH:82
[TRAIN] E: [82][ 0/45]	Loss 1.7939e+00 (1.7939e+00)	Acc@1  38.40 ( 38.40)	Acc@5  69.30 ( 69.30)
[TRAIN] E: [82][44/45]	Loss 1.8796e+00 (1.8616e+00)	Acc@1  39.30 ( 37.83)	Acc@5  68.80 ( 68.20)
[EVAL] E: [82][0/5]	Loss 3.0080e+00 (3.0080e+00)	Acc@1  28.00 ( 28.00)	Acc@5  58.40 ( 58.40)
[EVAL] E: [82][4/5]	Loss 2.9024e+00 (2.9386e+00)	Acc@1  31.20 ( 30.00)	Acc@5  59.60 ( 59.22)
		 Valid eval after epoch: loss:2.9386	latest_acc:30.00	LR:0.07 -- best valacc 40.34

Started EPOCH:83
[TRAIN] E: [83][ 0/45]	Loss 1.9075e+00 (1.9075e+00)	Acc@1  37.30 ( 37.30)	Acc@5  66.50 ( 66.50)
[TRAIN] E: [83][44/45]	Loss 1.9480e+00 (1.8763e+00)	Acc@1  34.10 ( 37.38)	Acc@5  66.30 ( 67.87)
[EVAL] E: [83][0/5]	Loss 2.9233e+00 (2.9233e+00)	Acc@1  31.10 ( 31.10)	Acc@5  59.90 ( 59.90)
[EVAL] E: [83][4/5]	Loss 2.7469e+00 (2.8432e+00)	Acc@1  34.30 ( 32.22)	Acc@5  62.50 ( 61.32)
		 Valid eval after epoch: loss:2.8432	latest_acc:32.22	LR:0.08 -- best valacc 40.34

Started EPOCH:84
[TRAIN] E: [84][ 0/45]	Loss 1.8524e+00 (1.8524e+00)	Acc@1  37.20 ( 37.20)	Acc@5  67.10 ( 67.10)
[TRAIN] E: [84][44/45]	Loss 1.9278e+00 (1.9020e+00)	Acc@1  35.80 ( 37.30)	Acc@5  67.50 ( 67.58)
[EVAL] E: [84][0/5]	Loss 3.3915e+00 (3.3915e+00)	Acc@1  25.20 ( 25.20)	Acc@5  54.00 ( 54.00)
[EVAL] E: [84][4/5]	Loss 3.2787e+00 (3.2560e+00)	Acc@1  25.90 ( 27.38)	Acc@5  55.50 ( 55.68)
		 Valid eval after epoch: loss:3.2560	latest_acc:27.38	LR:0.08 -- best valacc 40.34

Started EPOCH:85
[TRAIN] E: [85][ 0/45]	Loss 1.8222e+00 (1.8222e+00)	Acc@1  36.20 ( 36.20)	Acc@5  66.10 ( 66.10)
[TRAIN] E: [85][44/45]	Loss 1.8472e+00 (1.9014e+00)	Acc@1  35.90 ( 36.96)	Acc@5  64.60 ( 67.22)
[EVAL] E: [85][0/5]	Loss 3.2528e+00 (3.2528e+00)	Acc@1  28.10 ( 28.10)	Acc@5  54.00 ( 54.00)
[EVAL] E: [85][4/5]	Loss 3.2560e+00 (3.2568e+00)	Acc@1  25.90 ( 26.50)	Acc@5  55.70 ( 55.08)
		 Valid eval after epoch: loss:3.2568	latest_acc:26.50	LR:0.08 -- best valacc 40.34

Started EPOCH:86
[TRAIN] E: [86][ 0/45]	Loss 1.8177e+00 (1.8177e+00)	Acc@1  37.10 ( 37.10)	Acc@5  68.70 ( 68.70)
[TRAIN] E: [86][44/45]	Loss 1.8750e+00 (1.8843e+00)	Acc@1  38.60 ( 37.47)	Acc@5  68.60 ( 67.74)
[EVAL] E: [86][0/5]	Loss 2.9246e+00 (2.9246e+00)	Acc@1  29.70 ( 29.70)	Acc@5  59.60 ( 59.60)
[EVAL] E: [86][4/5]	Loss 2.8868e+00 (2.9070e+00)	Acc@1  33.70 ( 30.86)	Acc@5  60.20 ( 59.92)
		 Valid eval after epoch: loss:2.9070	latest_acc:30.86	LR:0.08 -- best valacc 40.34

Started EPOCH:87
[TRAIN] E: [87][ 0/45]	Loss 1.8832e+00 (1.8832e+00)	Acc@1  34.60 ( 34.60)	Acc@5  68.90 ( 68.90)
[TRAIN] E: [87][44/45]	Loss 1.9826e+00 (1.9186e+00)	Acc@1  36.40 ( 37.01)	Acc@5  66.80 ( 67.28)
[EVAL] E: [87][0/5]	Loss 3.0790e+00 (3.0790e+00)	Acc@1  28.70 ( 28.70)	Acc@5  59.00 ( 59.00)
[EVAL] E: [87][4/5]	Loss 3.1495e+00 (3.0902e+00)	Acc@1  30.00 ( 29.54)	Acc@5  56.30 ( 57.76)
		 Valid eval after epoch: loss:3.0902	latest_acc:29.54	LR:0.09 -- best valacc 40.34

Started EPOCH:88
[TRAIN] E: [88][ 0/45]	Loss 1.9187e+00 (1.9187e+00)	Acc@1  35.60 ( 35.60)	Acc@5  65.70 ( 65.70)
[TRAIN] E: [88][44/45]	Loss 1.8196e+00 (1.9156e+00)	Acc@1  40.40 ( 36.86)	Acc@5  68.40 ( 67.02)
[EVAL] E: [88][0/5]	Loss 3.0578e+00 (3.0578e+00)	Acc@1  29.00 ( 29.00)	Acc@5  58.50 ( 58.50)
[EVAL] E: [88][4/5]	Loss 2.8945e+00 (2.9286e+00)	Acc@1  30.90 ( 30.74)	Acc@5  60.10 ( 59.16)
		 Valid eval after epoch: loss:2.9286	latest_acc:30.74	LR:0.09 -- best valacc 40.34

Started EPOCH:89
[TRAIN] E: [89][ 0/45]	Loss 1.8339e+00 (1.8339e+00)	Acc@1  39.40 ( 39.40)	Acc@5  68.00 ( 68.00)
[TRAIN] E: [89][44/45]	Loss 1.8326e+00 (1.8745e+00)	Acc@1  37.30 ( 37.29)	Acc@5  65.20 ( 67.62)
[EVAL] E: [89][0/5]	Loss 2.7798e+00 (2.7798e+00)	Acc@1  31.80 ( 31.80)	Acc@5  61.90 ( 61.90)
[EVAL] E: [89][4/5]	Loss 2.6596e+00 (2.6996e+00)	Acc@1  33.80 ( 33.64)	Acc@5  64.70 ( 63.32)
		 Valid eval after epoch: loss:2.6996	latest_acc:33.64	LR:0.09 -- best valacc 40.34

Started EPOCH:90
[TRAIN] E: [90][ 0/45]	Loss 1.7825e+00 (1.7825e+00)	Acc@1  33.30 ( 33.30)	Acc@5  66.50 ( 66.50)
[TRAIN] E: [90][44/45]	Loss 1.9919e+00 (1.9178e+00)	Acc@1  34.80 ( 36.86)	Acc@5  68.50 ( 67.38)
[EVAL] E: [90][0/5]	Loss 3.2321e+00 (3.2321e+00)	Acc@1  24.30 ( 24.30)	Acc@5  50.80 ( 50.80)
[EVAL] E: [90][4/5]	Loss 3.2592e+00 (3.2031e+00)	Acc@1  26.50 ( 26.54)	Acc@5  55.40 ( 54.04)
		 Valid eval after epoch: loss:3.2031	latest_acc:26.54	LR:0.09 -- best valacc 40.34

Started EPOCH:91
[TRAIN] E: [91][ 0/45]	Loss 1.9458e+00 (1.9458e+00)	Acc@1  37.50 ( 37.50)	Acc@5  65.90 ( 65.90)
[TRAIN] E: [91][44/45]	Loss 1.8542e+00 (1.8993e+00)	Acc@1  36.00 ( 37.41)	Acc@5  65.50 ( 67.34)
[EVAL] E: [91][0/5]	Loss 3.2067e+00 (3.2067e+00)	Acc@1  27.20 ( 27.20)	Acc@5  56.40 ( 56.40)
[EVAL] E: [91][4/5]	Loss 3.1071e+00 (3.0634e+00)	Acc@1  29.70 ( 28.82)	Acc@5  59.80 ( 59.10)
		 Valid eval after epoch: loss:3.0634	latest_acc:28.82	LR:0.09 -- best valacc 40.34

Started EPOCH:92
[TRAIN] E: [92][ 0/45]	Loss 1.8723e+00 (1.8723e+00)	Acc@1  40.80 ( 40.80)	Acc@5  70.00 ( 70.00)
[TRAIN] E: [92][44/45]	Loss 1.8460e+00 (1.9109e+00)	Acc@1  36.50 ( 37.12)	Acc@5  67.00 ( 67.57)
[EVAL] E: [92][0/5]	Loss 3.0816e+00 (3.0816e+00)	Acc@1  27.70 ( 27.70)	Acc@5  58.10 ( 58.10)
[EVAL] E: [92][4/5]	Loss 2.7840e+00 (2.9295e+00)	Acc@1  31.30 ( 30.48)	Acc@5  62.10 ( 59.62)
		 Valid eval after epoch: loss:2.9295	latest_acc:30.48	LR:0.10 -- best valacc 40.34

Started EPOCH:93
[TRAIN] E: [93][ 0/45]	Loss 1.9971e+00 (1.9971e+00)	Acc@1  40.00 ( 40.00)	Acc@5  69.80 ( 69.80)
[TRAIN] E: [93][44/45]	Loss 1.8544e+00 (1.9078e+00)	Acc@1  39.20 ( 37.38)	Acc@5  70.70 ( 67.58)
[EVAL] E: [93][0/5]	Loss 3.1299e+00 (3.1299e+00)	Acc@1  29.90 ( 29.90)	Acc@5  57.70 ( 57.70)
[EVAL] E: [93][4/5]	Loss 2.9276e+00 (3.0088e+00)	Acc@1  30.40 ( 30.36)	Acc@5  59.60 ( 59.16)
		 Valid eval after epoch: loss:3.0088	latest_acc:30.36	LR:0.10 -- best valacc 40.34

Started EPOCH:94
[TRAIN] E: [94][ 0/45]	Loss 1.8542e+00 (1.8542e+00)	Acc@1  36.40 ( 36.40)	Acc@5  64.40 ( 64.40)
[TRAIN] E: [94][44/45]	Loss 1.9591e+00 (1.8860e+00)	Acc@1  37.20 ( 37.08)	Acc@5  68.70 ( 67.43)
[EVAL] E: [94][0/5]	Loss 3.1398e+00 (3.1398e+00)	Acc@1  27.30 ( 27.30)	Acc@5  55.60 ( 55.60)
[EVAL] E: [94][4/5]	Loss 3.1905e+00 (3.1688e+00)	Acc@1  27.00 ( 26.90)	Acc@5  55.40 ( 55.36)
		 Valid eval after epoch: loss:3.1688	latest_acc:26.90	LR:0.10 -- best valacc 40.34

Started EPOCH:95
[TRAIN] E: [95][ 0/45]	Loss 1.8443e+00 (1.8443e+00)	Acc@1  38.80 ( 38.80)	Acc@5  68.40 ( 68.40)
[TRAIN] E: [95][44/45]	Loss 1.9688e+00 (1.8992e+00)	Acc@1  40.50 ( 37.04)	Acc@5  67.70 ( 67.42)
[EVAL] E: [95][0/5]	Loss 3.2273e+00 (3.2273e+00)	Acc@1  26.50 ( 26.50)	Acc@5  56.70 ( 56.70)
[EVAL] E: [95][4/5]	Loss 3.1874e+00 (3.1651e+00)	Acc@1  28.00 ( 28.00)	Acc@5  55.80 ( 56.18)
		 Valid eval after epoch: loss:3.1651	latest_acc:28.00	LR:0.10 -- best valacc 40.34

Started EPOCH:96
[TRAIN] E: [96][ 0/45]	Loss 1.8736e+00 (1.8736e+00)	Acc@1  39.50 ( 39.50)	Acc@5  70.10 ( 70.10)
[TRAIN] E: [96][44/45]	Loss 2.0098e+00 (1.8787e+00)	Acc@1  34.00 ( 37.17)	Acc@5  64.40 ( 67.78)
[EVAL] E: [96][0/5]	Loss 3.0424e+00 (3.0424e+00)	Acc@1  25.40 ( 25.40)	Acc@5  58.20 ( 58.20)
[EVAL] E: [96][4/5]	Loss 2.9314e+00 (2.9808e+00)	Acc@1  28.70 ( 27.80)	Acc@5  58.30 ( 58.90)
		 Valid eval after epoch: loss:2.9808	latest_acc:27.80	LR:0.10 -- best valacc 40.34

Started EPOCH:97
[TRAIN] E: [97][ 0/45]	Loss 1.8614e+00 (1.8614e+00)	Acc@1  37.80 ( 37.80)	Acc@5  67.60 ( 67.60)
[TRAIN] E: [97][44/45]	Loss 1.8630e+00 (1.9036e+00)	Acc@1  37.30 ( 37.27)	Acc@5  67.00 ( 67.53)
[EVAL] E: [97][0/5]	Loss 2.9263e+00 (2.9263e+00)	Acc@1  30.30 ( 30.30)	Acc@5  61.80 ( 61.80)
[EVAL] E: [97][4/5]	Loss 2.8622e+00 (2.9039e+00)	Acc@1  33.20 ( 32.56)	Acc@5  62.40 ( 62.30)
		 Valid eval after epoch: loss:2.9039	latest_acc:32.56	LR:0.10 -- best valacc 40.34

Started EPOCH:98
[TRAIN] E: [98][ 0/45]	Loss 1.8234e+00 (1.8234e+00)	Acc@1  39.30 ( 39.30)	Acc@5  65.80 ( 65.80)
[TRAIN] E: [98][44/45]	Loss 1.9283e+00 (1.9036e+00)	Acc@1  38.00 ( 36.86)	Acc@5  66.50 ( 67.24)
[EVAL] E: [98][0/5]	Loss 2.6588e+00 (2.6588e+00)	Acc@1  34.90 ( 34.90)	Acc@5  65.20 ( 65.20)
[EVAL] E: [98][4/5]	Loss 2.5674e+00 (2.6002e+00)	Acc@1  35.30 ( 35.14)	Acc@5  66.30 ( 65.46)
		 Valid eval after epoch: loss:2.6002	latest_acc:35.14	LR:0.10 -- best valacc 40.34

Started EPOCH:99
[TRAIN] E: [99][ 0/45]	Loss 1.7583e+00 (1.7583e+00)	Acc@1  38.10 ( 38.10)	Acc@5  68.40 ( 68.40)
[TRAIN] E: [99][44/45]	Loss 1.8869e+00 (1.8643e+00)	Acc@1  35.40 ( 37.63)	Acc@5  66.50 ( 67.52)
[EVAL] E: [99][0/5]	Loss 2.8150e+00 (2.8150e+00)	Acc@1  29.80 ( 29.80)	Acc@5  64.30 ( 64.30)
[EVAL] E: [99][4/5]	Loss 2.6598e+00 (2.7270e+00)	Acc@1  32.10 ( 32.94)	Acc@5  66.30 ( 64.58)
		 Valid eval after epoch: loss:2.7270	latest_acc:32.94	LR:0.10 -- best valacc 40.34

Started EPOCH:100
[TRAIN] E: [100][ 0/45]	Loss 1.8329e+00 (1.8329e+00)	Acc@1  36.00 ( 36.00)	Acc@5  67.50 ( 67.50)
[TRAIN] E: [100][44/45]	Loss 1.7735e+00 (1.8854e+00)	Acc@1  37.10 ( 37.15)	Acc@5  66.50 ( 67.65)
[EVAL] E: [100][0/5]	Loss 3.3110e+00 (3.3110e+00)	Acc@1  26.20 ( 26.20)	Acc@5  53.40 ( 53.40)
[EVAL] E: [100][4/5]	Loss 3.1637e+00 (3.1551e+00)	Acc@1  24.70 ( 27.46)	Acc@5  55.50 ( 56.16)
		 Valid eval after epoch: loss:3.1551	latest_acc:27.46	LR:0.10 -- best valacc 40.34

Started EPOCH:101
[TRAIN] E: [101][ 0/45]	Loss 1.8421e+00 (1.8421e+00)	Acc@1  35.30 ( 35.30)	Acc@5  67.40 ( 67.40)
[TRAIN] E: [101][44/45]	Loss 1.8401e+00 (1.8518e+00)	Acc@1  38.80 ( 37.88)	Acc@5  69.80 ( 68.13)
[EVAL] E: [101][0/5]	Loss 2.9743e+00 (2.9743e+00)	Acc@1  29.90 ( 29.90)	Acc@5  59.90 ( 59.90)
[EVAL] E: [101][4/5]	Loss 2.8822e+00 (2.9196e+00)	Acc@1  30.80 ( 29.84)	Acc@5  60.30 ( 59.66)
		 Valid eval after epoch: loss:2.9196	latest_acc:29.84	LR:0.10 -- best valacc 40.34

Started EPOCH:102
[TRAIN] E: [102][ 0/45]	Loss 1.7873e+00 (1.7873e+00)	Acc@1  39.70 ( 39.70)	Acc@5  69.90 ( 69.90)
[TRAIN] E: [102][44/45]	Loss 1.8938e+00 (1.8701e+00)	Acc@1  39.70 ( 37.54)	Acc@5  68.20 ( 67.89)
[EVAL] E: [102][0/5]	Loss 3.3846e+00 (3.3846e+00)	Acc@1  24.00 ( 24.00)	Acc@5  52.90 ( 52.90)
[EVAL] E: [102][4/5]	Loss 3.2587e+00 (3.3021e+00)	Acc@1  26.60 ( 25.46)	Acc@5  54.40 ( 54.12)
		 Valid eval after epoch: loss:3.3021	latest_acc:25.46	LR:0.10 -- best valacc 40.34

Started EPOCH:103
[TRAIN] E: [103][ 0/45]	Loss 1.8942e+00 (1.8942e+00)	Acc@1  37.00 ( 37.00)	Acc@5  69.60 ( 69.60)
[TRAIN] E: [103][44/45]	Loss 1.9159e+00 (1.8663e+00)	Acc@1  37.30 ( 37.34)	Acc@5  67.00 ( 67.85)
[EVAL] E: [103][0/5]	Loss 3.0385e+00 (3.0385e+00)	Acc@1  29.80 ( 29.80)	Acc@5  60.30 ( 60.30)
[EVAL] E: [103][4/5]	Loss 2.9671e+00 (2.9765e+00)	Acc@1  31.80 ( 30.90)	Acc@5  59.60 ( 60.68)
		 Valid eval after epoch: loss:2.9765	latest_acc:30.90	LR:0.10 -- best valacc 40.34

Started EPOCH:104
[TRAIN] E: [104][ 0/45]	Loss 1.8476e+00 (1.8476e+00)	Acc@1  37.50 ( 37.50)	Acc@5  69.70 ( 69.70)
[TRAIN] E: [104][44/45]	Loss 1.8695e+00 (1.8571e+00)	Acc@1  34.50 ( 37.40)	Acc@5  67.90 ( 67.83)
[EVAL] E: [104][0/5]	Loss 2.8589e+00 (2.8589e+00)	Acc@1  30.60 ( 30.60)	Acc@5  61.30 ( 61.30)
[EVAL] E: [104][4/5]	Loss 2.7449e+00 (2.7762e+00)	Acc@1  31.60 ( 31.88)	Acc@5  59.60 ( 62.02)
		 Valid eval after epoch: loss:2.7762	latest_acc:31.88	LR:0.10 -- best valacc 40.34

Started EPOCH:105
[TRAIN] E: [105][ 0/45]	Loss 1.8154e+00 (1.8154e+00)	Acc@1  37.00 ( 37.00)	Acc@5  69.70 ( 69.70)
[TRAIN] E: [105][44/45]	Loss 1.9054e+00 (1.8694e+00)	Acc@1  34.70 ( 37.26)	Acc@5  67.60 ( 67.70)
[EVAL] E: [105][0/5]	Loss 3.3178e+00 (3.3178e+00)	Acc@1  24.70 ( 24.70)	Acc@5  53.20 ( 53.20)
[EVAL] E: [105][4/5]	Loss 3.2065e+00 (3.2697e+00)	Acc@1  25.90 ( 26.14)	Acc@5  55.20 ( 54.60)
		 Valid eval after epoch: loss:3.2697	latest_acc:26.14	LR:0.10 -- best valacc 40.34

Started EPOCH:106
[TRAIN] E: [106][ 0/45]	Loss 1.8543e+00 (1.8543e+00)	Acc@1  38.00 ( 38.00)	Acc@5  67.40 ( 67.40)
[TRAIN] E: [106][44/45]	Loss 1.9114e+00 (1.8564e+00)	Acc@1  37.80 ( 37.78)	Acc@5  69.80 ( 67.85)
[EVAL] E: [106][0/5]	Loss 3.1654e+00 (3.1654e+00)	Acc@1  26.30 ( 26.30)	Acc@5  55.50 ( 55.50)
[EVAL] E: [106][4/5]	Loss 3.1142e+00 (3.1626e+00)	Acc@1  28.20 ( 27.28)	Acc@5  56.20 ( 55.90)
		 Valid eval after epoch: loss:3.1626	latest_acc:27.28	LR:0.10 -- best valacc 40.34

Started EPOCH:107
[TRAIN] E: [107][ 0/45]	Loss 1.9094e+00 (1.9094e+00)	Acc@1  38.10 ( 38.10)	Acc@5  69.20 ( 69.20)
[TRAIN] E: [107][44/45]	Loss 1.8279e+00 (1.8361e+00)	Acc@1  37.00 ( 37.89)	Acc@5  67.00 ( 67.98)
[EVAL] E: [107][0/5]	Loss 3.2014e+00 (3.2014e+00)	Acc@1  27.10 ( 27.10)	Acc@5  55.90 ( 55.90)
[EVAL] E: [107][4/5]	Loss 3.1486e+00 (3.1364e+00)	Acc@1  28.10 ( 27.76)	Acc@5  54.80 ( 56.30)
		 Valid eval after epoch: loss:3.1364	latest_acc:27.76	LR:0.09 -- best valacc 40.34

Started EPOCH:108
[TRAIN] E: [108][ 0/45]	Loss 1.7852e+00 (1.7852e+00)	Acc@1  36.50 ( 36.50)	Acc@5  65.80 ( 65.80)
[TRAIN] E: [108][44/45]	Loss 1.8543e+00 (1.8404e+00)	Acc@1  38.30 ( 37.62)	Acc@5  66.60 ( 67.84)
[EVAL] E: [108][0/5]	Loss 3.2542e+00 (3.2542e+00)	Acc@1  24.40 ( 24.40)	Acc@5  55.00 ( 55.00)
[EVAL] E: [108][4/5]	Loss 3.2391e+00 (3.2529e+00)	Acc@1  25.80 ( 25.60)	Acc@5  55.70 ( 55.34)
		 Valid eval after epoch: loss:3.2529	latest_acc:25.60	LR:0.09 -- best valacc 40.34

Started EPOCH:109
[TRAIN] E: [109][ 0/45]	Loss 1.8105e+00 (1.8105e+00)	Acc@1  35.30 ( 35.30)	Acc@5  67.60 ( 67.60)
[TRAIN] E: [109][44/45]	Loss 1.8546e+00 (1.8458e+00)	Acc@1  39.10 ( 37.74)	Acc@5  69.40 ( 68.13)
[EVAL] E: [109][0/5]	Loss 3.9437e+00 (3.9437e+00)	Acc@1  20.60 ( 20.60)	Acc@5  48.10 ( 48.10)
[EVAL] E: [109][4/5]	Loss 3.8621e+00 (3.8711e+00)	Acc@1  21.20 ( 21.32)	Acc@5  48.20 ( 47.76)
		 Valid eval after epoch: loss:3.8711	latest_acc:21.32	LR:0.09 -- best valacc 40.34

Started EPOCH:110
[TRAIN] E: [110][ 0/45]	Loss 1.8629e+00 (1.8629e+00)	Acc@1  38.70 ( 38.70)	Acc@5  69.40 ( 69.40)
[TRAIN] E: [110][44/45]	Loss 1.9283e+00 (1.8193e+00)	Acc@1  36.30 ( 38.16)	Acc@5  66.70 ( 68.54)
[EVAL] E: [110][0/5]	Loss 3.2601e+00 (3.2601e+00)	Acc@1  28.50 ( 28.50)	Acc@5  56.50 ( 56.50)
[EVAL] E: [110][4/5]	Loss 3.0771e+00 (3.2052e+00)	Acc@1  30.20 ( 28.72)	Acc@5  57.20 ( 56.92)
		 Valid eval after epoch: loss:3.2052	latest_acc:28.72	LR:0.09 -- best valacc 40.34

Started EPOCH:111
[TRAIN] E: [111][ 0/45]	Loss 1.8658e+00 (1.8658e+00)	Acc@1  38.70 ( 38.70)	Acc@5  69.30 ( 69.30)
[TRAIN] E: [111][44/45]	Loss 1.8525e+00 (1.8137e+00)	Acc@1  36.30 ( 38.08)	Acc@5  66.20 ( 68.39)
[EVAL] E: [111][0/5]	Loss 2.8705e+00 (2.8705e+00)	Acc@1  33.10 ( 33.10)	Acc@5  62.60 ( 62.60)
[EVAL] E: [111][4/5]	Loss 2.7970e+00 (2.8227e+00)	Acc@1  33.20 ( 32.48)	Acc@5  63.20 ( 62.36)
		 Valid eval after epoch: loss:2.8227	latest_acc:32.48	LR:0.09 -- best valacc 40.34

Started EPOCH:112
[TRAIN] E: [112][ 0/45]	Loss 1.8203e+00 (1.8203e+00)	Acc@1  39.60 ( 39.60)	Acc@5  68.30 ( 68.30)
[TRAIN] E: [112][44/45]	Loss 1.7823e+00 (1.8082e+00)	Acc@1  39.10 ( 37.89)	Acc@5  68.40 ( 68.51)
[EVAL] E: [112][0/5]	Loss 2.8841e+00 (2.8841e+00)	Acc@1  32.40 ( 32.40)	Acc@5  62.60 ( 62.60)
[EVAL] E: [112][4/5]	Loss 2.7038e+00 (2.7632e+00)	Acc@1  34.80 ( 33.50)	Acc@5  62.70 ( 63.08)
		 Valid eval after epoch: loss:2.7632	latest_acc:33.50	LR:0.08 -- best valacc 40.34

Started EPOCH:113
[TRAIN] E: [113][ 0/45]	Loss 1.8055e+00 (1.8055e+00)	Acc@1  38.80 ( 38.80)	Acc@5  70.00 ( 70.00)
[TRAIN] E: [113][44/45]	Loss 1.8565e+00 (1.7945e+00)	Acc@1  36.60 ( 38.26)	Acc@5  67.40 ( 68.64)
[EVAL] E: [113][0/5]	Loss 2.9738e+00 (2.9738e+00)	Acc@1  29.20 ( 29.20)	Acc@5  58.50 ( 58.50)
[EVAL] E: [113][4/5]	Loss 2.8533e+00 (2.9143e+00)	Acc@1  32.20 ( 30.44)	Acc@5  60.40 ( 60.32)
		 Valid eval after epoch: loss:2.9143	latest_acc:30.44	LR:0.08 -- best valacc 40.34

Started EPOCH:114
[TRAIN] E: [114][ 0/45]	Loss 1.8623e+00 (1.8623e+00)	Acc@1  38.00 ( 38.00)	Acc@5  68.10 ( 68.10)
[TRAIN] E: [114][44/45]	Loss 1.8703e+00 (1.8028e+00)	Acc@1  38.80 ( 38.46)	Acc@5  69.50 ( 68.39)
[EVAL] E: [114][0/5]	Loss 3.2954e+00 (3.2954e+00)	Acc@1  26.20 ( 26.20)	Acc@5  54.60 ( 54.60)
[EVAL] E: [114][4/5]	Loss 3.1200e+00 (3.2302e+00)	Acc@1  27.80 ( 26.80)	Acc@5  58.00 ( 55.84)
		 Valid eval after epoch: loss:3.2302	latest_acc:26.80	LR:0.08 -- best valacc 40.34

Started EPOCH:115
[TRAIN] E: [115][ 0/45]	Loss 1.8174e+00 (1.8174e+00)	Acc@1  40.00 ( 40.00)	Acc@5  70.70 ( 70.70)
[TRAIN] E: [115][44/45]	Loss 1.8415e+00 (1.7898e+00)	Acc@1  39.10 ( 38.35)	Acc@5  69.30 ( 68.71)
[EVAL] E: [115][0/5]	Loss 2.9289e+00 (2.9289e+00)	Acc@1  29.50 ( 29.50)	Acc@5  60.50 ( 60.50)
[EVAL] E: [115][4/5]	Loss 2.6966e+00 (2.8259e+00)	Acc@1  31.40 ( 31.18)	Acc@5  63.90 ( 61.64)
		 Valid eval after epoch: loss:2.8259	latest_acc:31.18	LR:0.08 -- best valacc 40.34

Started EPOCH:116
[TRAIN] E: [116][ 0/45]	Loss 1.8572e+00 (1.8572e+00)	Acc@1  39.00 ( 39.00)	Acc@5  68.40 ( 68.40)
[TRAIN] E: [116][44/45]	Loss 1.8232e+00 (1.7822e+00)	Acc@1  38.40 ( 38.59)	Acc@5  68.80 ( 68.96)
[EVAL] E: [116][0/5]	Loss 3.2862e+00 (3.2862e+00)	Acc@1  27.60 ( 27.60)	Acc@5  56.30 ( 56.30)
[EVAL] E: [116][4/5]	Loss 3.1693e+00 (3.2389e+00)	Acc@1  30.70 ( 28.62)	Acc@5  56.50 ( 56.54)
		 Valid eval after epoch: loss:3.2389	latest_acc:28.62	LR:0.07 -- best valacc 40.34

Started EPOCH:117
[TRAIN] E: [117][ 0/45]	Loss 1.7466e+00 (1.7466e+00)	Acc@1  38.50 ( 38.50)	Acc@5  69.00 ( 69.00)
[TRAIN] E: [117][44/45]	Loss 1.7671e+00 (1.7752e+00)	Acc@1  36.50 ( 38.53)	Acc@5  65.60 ( 68.97)
[EVAL] E: [117][0/5]	Loss 2.9531e+00 (2.9531e+00)	Acc@1  29.40 ( 29.40)	Acc@5  60.10 ( 60.10)
[EVAL] E: [117][4/5]	Loss 2.8239e+00 (2.9003e+00)	Acc@1  30.70 ( 30.72)	Acc@5  60.30 ( 60.32)
		 Valid eval after epoch: loss:2.9003	latest_acc:30.72	LR:0.07 -- best valacc 40.34

Started EPOCH:118
[TRAIN] E: [118][ 0/45]	Loss 1.7496e+00 (1.7496e+00)	Acc@1  38.10 ( 38.10)	Acc@5  70.10 ( 70.10)
[TRAIN] E: [118][44/45]	Loss 1.7368e+00 (1.7579e+00)	Acc@1  39.70 ( 38.74)	Acc@5  68.30 ( 68.97)
[EVAL] E: [118][0/5]	Loss 3.2182e+00 (3.2182e+00)	Acc@1  28.20 ( 28.20)	Acc@5  55.70 ( 55.70)
[EVAL] E: [118][4/5]	Loss 3.1124e+00 (3.1770e+00)	Acc@1  29.40 ( 28.82)	Acc@5  57.70 ( 57.20)
		 Valid eval after epoch: loss:3.1770	latest_acc:28.82	LR:0.07 -- best valacc 40.34

Started EPOCH:119
[TRAIN] E: [119][ 0/45]	Loss 1.6754e+00 (1.6754e+00)	Acc@1  40.30 ( 40.30)	Acc@5  68.50 ( 68.50)
[TRAIN] E: [119][44/45]	Loss 1.6744e+00 (1.7368e+00)	Acc@1  39.30 ( 39.06)	Acc@5  70.10 ( 69.14)
[EVAL] E: [119][0/5]	Loss 3.2736e+00 (3.2736e+00)	Acc@1  26.20 ( 26.20)	Acc@5  57.90 ( 57.90)
[EVAL] E: [119][4/5]	Loss 3.0884e+00 (3.2454e+00)	Acc@1  27.10 ( 26.82)	Acc@5  59.20 ( 57.28)
		 Valid eval after epoch: loss:3.2454	latest_acc:26.82	LR:0.07 -- best valacc 40.34

Started EPOCH:120
[TRAIN] E: [120][ 0/45]	Loss 1.7276e+00 (1.7276e+00)	Acc@1  37.20 ( 37.20)	Acc@5  70.10 ( 70.10)
[TRAIN] E: [120][44/45]	Loss 1.6461e+00 (1.7549e+00)	Acc@1  37.90 ( 39.00)	Acc@5  68.90 ( 68.87)
[EVAL] E: [120][0/5]	Loss 2.8389e+00 (2.8389e+00)	Acc@1  31.20 ( 31.20)	Acc@5  60.10 ( 60.10)
[EVAL] E: [120][4/5]	Loss 2.7963e+00 (2.7998e+00)	Acc@1  32.60 ( 32.62)	Acc@5  62.60 ( 61.96)
		 Valid eval after epoch: loss:2.7998	latest_acc:32.62	LR:0.06 -- best valacc 40.34

Started EPOCH:121
[TRAIN] E: [121][ 0/45]	Loss 1.7895e+00 (1.7895e+00)	Acc@1  41.70 ( 41.70)	Acc@5  70.40 ( 70.40)
[TRAIN] E: [121][44/45]	Loss 1.7885e+00 (1.7279e+00)	Acc@1  37.80 ( 38.98)	Acc@5  68.50 ( 69.36)
[EVAL] E: [121][0/5]	Loss 2.8848e+00 (2.8848e+00)	Acc@1  30.20 ( 30.20)	Acc@5  60.30 ( 60.30)
[EVAL] E: [121][4/5]	Loss 2.7502e+00 (2.7867e+00)	Acc@1  31.00 ( 31.28)	Acc@5  59.70 ( 60.86)
		 Valid eval after epoch: loss:2.7867	latest_acc:31.28	LR:0.06 -- best valacc 40.34

Started EPOCH:122
[TRAIN] E: [122][ 0/45]	Loss 1.6883e+00 (1.6883e+00)	Acc@1  39.60 ( 39.60)	Acc@5  69.40 ( 69.40)
[TRAIN] E: [122][44/45]	Loss 1.7473e+00 (1.7179e+00)	Acc@1  35.90 ( 39.46)	Acc@5  66.40 ( 69.81)
[EVAL] E: [122][0/5]	Loss 2.7337e+00 (2.7337e+00)	Acc@1  32.20 ( 32.20)	Acc@5  63.90 ( 63.90)
[EVAL] E: [122][4/5]	Loss 2.6523e+00 (2.6432e+00)	Acc@1  35.70 ( 34.66)	Acc@5  64.90 ( 65.24)
		 Valid eval after epoch: loss:2.6432	latest_acc:34.66	LR:0.06 -- best valacc 40.34

Started EPOCH:123
[TRAIN] E: [123][ 0/45]	Loss 1.7546e+00 (1.7546e+00)	Acc@1  37.20 ( 37.20)	Acc@5  68.10 ( 68.10)
[TRAIN] E: [123][44/45]	Loss 1.6499e+00 (1.7116e+00)	Acc@1  39.30 ( 39.29)	Acc@5  70.80 ( 69.63)
[EVAL] E: [123][0/5]	Loss 2.8077e+00 (2.8077e+00)	Acc@1  30.60 ( 30.60)	Acc@5  64.80 ( 64.80)
[EVAL] E: [123][4/5]	Loss 2.6952e+00 (2.7213e+00)	Acc@1  36.30 ( 33.88)	Acc@5  62.50 ( 64.20)
		 Valid eval after epoch: loss:2.7213	latest_acc:33.88	LR:0.05 -- best valacc 40.34

Started EPOCH:124
[TRAIN] E: [124][ 0/45]	Loss 1.7406e+00 (1.7406e+00)	Acc@1  40.20 ( 40.20)	Acc@5  70.40 ( 70.40)
[TRAIN] E: [124][44/45]	Loss 1.6761e+00 (1.6982e+00)	Acc@1  37.50 ( 39.42)	Acc@5  68.30 ( 69.74)
[EVAL] E: [124][0/5]	Loss 2.8767e+00 (2.8767e+00)	Acc@1  30.40 ( 30.40)	Acc@5  61.60 ( 61.60)
[EVAL] E: [124][4/5]	Loss 2.6957e+00 (2.7522e+00)	Acc@1  33.20 ( 33.16)	Acc@5  64.10 ( 63.62)
		 Valid eval after epoch: loss:2.7522	latest_acc:33.16	LR:0.05 -- best valacc 40.34

Started EPOCH:125
[TRAIN] E: [125][ 0/45]	Loss 1.7466e+00 (1.7466e+00)	Acc@1  36.60 ( 36.60)	Acc@5  67.10 ( 67.10)
[TRAIN] E: [125][44/45]	Loss 1.6346e+00 (1.6954e+00)	Acc@1  37.80 ( 39.74)	Acc@5  68.70 ( 69.69)
[EVAL] E: [125][0/5]	Loss 2.8226e+00 (2.8226e+00)	Acc@1  28.80 ( 28.80)	Acc@5  62.40 ( 62.40)
[EVAL] E: [125][4/5]	Loss 2.6061e+00 (2.6576e+00)	Acc@1  35.60 ( 34.52)	Acc@5  65.40 ( 64.40)
		 Valid eval after epoch: loss:2.6576	latest_acc:34.52	LR:0.05 -- best valacc 40.34

Started EPOCH:126
[TRAIN] E: [126][ 0/45]	Loss 1.7192e+00 (1.7192e+00)	Acc@1  39.90 ( 39.90)	Acc@5  72.80 ( 72.80)
[TRAIN] E: [126][44/45]	Loss 1.7503e+00 (1.6848e+00)	Acc@1  36.10 ( 39.91)	Acc@5  66.90 ( 70.16)
[EVAL] E: [126][0/5]	Loss 2.7553e+00 (2.7553e+00)	Acc@1  32.10 ( 32.10)	Acc@5  63.40 ( 63.40)
[EVAL] E: [126][4/5]	Loss 2.4615e+00 (2.6052e+00)	Acc@1  38.00 ( 35.12)	Acc@5  66.60 ( 65.48)
		 Valid eval after epoch: loss:2.6052	latest_acc:35.12	LR:0.04 -- best valacc 40.34

Started EPOCH:127
[TRAIN] E: [127][ 0/45]	Loss 1.7472e+00 (1.7472e+00)	Acc@1  41.50 ( 41.50)	Acc@5  71.20 ( 71.20)
[TRAIN] E: [127][44/45]	Loss 1.7108e+00 (1.6793e+00)	Acc@1  39.00 ( 39.82)	Acc@5  69.90 ( 70.14)
[EVAL] E: [127][0/5]	Loss 3.0942e+00 (3.0942e+00)	Acc@1  27.50 ( 27.50)	Acc@5  58.90 ( 58.90)
[EVAL] E: [127][4/5]	Loss 2.9036e+00 (2.9159e+00)	Acc@1  30.90 ( 30.82)	Acc@5  59.90 ( 60.42)
		 Valid eval after epoch: loss:2.9159	latest_acc:30.82	LR:0.04 -- best valacc 40.34

Started EPOCH:128
[TRAIN] E: [128][ 0/45]	Loss 1.6613e+00 (1.6613e+00)	Acc@1  38.40 ( 38.40)	Acc@5  69.00 ( 69.00)
[TRAIN] E: [128][44/45]	Loss 1.7174e+00 (1.6649e+00)	Acc@1  39.60 ( 40.26)	Acc@5  69.50 ( 70.13)
[EVAL] E: [128][0/5]	Loss 2.8623e+00 (2.8623e+00)	Acc@1  32.50 ( 32.50)	Acc@5  60.60 ( 60.60)
[EVAL] E: [128][4/5]	Loss 2.7099e+00 (2.7544e+00)	Acc@1  32.90 ( 33.36)	Acc@5  63.10 ( 62.66)
		 Valid eval after epoch: loss:2.7544	latest_acc:33.36	LR:0.04 -- best valacc 40.34

Started EPOCH:129
[TRAIN] E: [129][ 0/45]	Loss 1.6524e+00 (1.6524e+00)	Acc@1  40.50 ( 40.50)	Acc@5  71.90 ( 71.90)
[TRAIN] E: [129][44/45]	Loss 1.6383e+00 (1.6567e+00)	Acc@1  40.60 ( 40.14)	Acc@5  69.00 ( 70.38)
[EVAL] E: [129][0/5]	Loss 2.7030e+00 (2.7030e+00)	Acc@1  33.50 ( 33.50)	Acc@5  62.90 ( 62.90)
[EVAL] E: [129][4/5]	Loss 2.5463e+00 (2.6335e+00)	Acc@1  38.40 ( 36.12)	Acc@5  66.60 ( 65.00)
		 Valid eval after epoch: loss:2.6335	latest_acc:36.12	LR:0.03 -- best valacc 40.34

Started EPOCH:130
[TRAIN] E: [130][ 0/45]	Loss 1.6152e+00 (1.6152e+00)	Acc@1  40.20 ( 40.20)	Acc@5  71.80 ( 71.80)
[TRAIN] E: [130][44/45]	Loss 1.6701e+00 (1.6501e+00)	Acc@1  40.80 ( 40.12)	Acc@5  70.80 ( 70.44)
[EVAL] E: [130][0/5]	Loss 2.5320e+00 (2.5320e+00)	Acc@1  36.60 ( 36.60)	Acc@5  66.10 ( 66.10)
[EVAL] E: [130][4/5]	Loss 2.5383e+00 (2.4943e+00)	Acc@1  33.90 ( 36.66)	Acc@5  67.60 ( 67.36)
		 Valid eval after epoch: loss:2.4943	latest_acc:36.66	LR:0.03 -- best valacc 40.34

Started EPOCH:131
[TRAIN] E: [131][ 0/45]	Loss 1.5815e+00 (1.5815e+00)	Acc@1  36.90 ( 36.90)	Acc@5  67.30 ( 67.30)
[TRAIN] E: [131][44/45]	Loss 1.5959e+00 (1.6226e+00)	Acc@1  39.20 ( 40.34)	Acc@5  69.50 ( 70.35)
[EVAL] E: [131][0/5]	Loss 2.6460e+00 (2.6460e+00)	Acc@1  35.30 ( 35.30)	Acc@5  65.90 ( 65.90)
[EVAL] E: [131][4/5]	Loss 2.5256e+00 (2.5144e+00)	Acc@1  37.80 ( 37.48)	Acc@5  67.80 ( 68.10)
		 Valid eval after epoch: loss:2.5144	latest_acc:37.48	LR:0.03 -- best valacc 40.34

Started EPOCH:132
[TRAIN] E: [132][ 0/45]	Loss 1.6523e+00 (1.6523e+00)	Acc@1  38.90 ( 38.90)	Acc@5  69.60 ( 69.60)
[TRAIN] E: [132][44/45]	Loss 1.6012e+00 (1.6197e+00)	Acc@1  37.60 ( 40.30)	Acc@5  67.70 ( 70.76)
[EVAL] E: [132][0/5]	Loss 2.6756e+00 (2.6756e+00)	Acc@1  33.60 ( 33.60)	Acc@5  64.20 ( 64.20)
[EVAL] E: [132][4/5]	Loss 2.5026e+00 (2.5556e+00)	Acc@1  38.60 ( 36.78)	Acc@5  67.30 ( 66.16)
		 Valid eval after epoch: loss:2.5556	latest_acc:36.78	LR:0.03 -- best valacc 40.34

Started EPOCH:133
[TRAIN] E: [133][ 0/45]	Loss 1.5860e+00 (1.5860e+00)	Acc@1  43.80 ( 43.80)	Acc@5  70.40 ( 70.40)
[TRAIN] E: [133][44/45]	Loss 1.6303e+00 (1.6110e+00)	Acc@1  41.50 ( 40.73)	Acc@5  72.80 ( 70.70)
[EVAL] E: [133][0/5]	Loss 2.6198e+00 (2.6198e+00)	Acc@1  35.30 ( 35.30)	Acc@5  65.70 ( 65.70)
[EVAL] E: [133][4/5]	Loss 2.4664e+00 (2.5265e+00)	Acc@1  37.60 ( 36.66)	Acc@5  66.90 ( 66.50)
		 Valid eval after epoch: loss:2.5265	latest_acc:36.66	LR:0.02 -- best valacc 40.34

Started EPOCH:134
[TRAIN] E: [134][ 0/45]	Loss 1.6586e+00 (1.6586e+00)	Acc@1  42.40 ( 42.40)	Acc@5  70.50 ( 70.50)
[TRAIN] E: [134][44/45]	Loss 1.5685e+00 (1.6018e+00)	Acc@1  41.10 ( 40.91)	Acc@5  71.80 ( 70.86)
[EVAL] E: [134][0/5]	Loss 2.6854e+00 (2.6854e+00)	Acc@1  34.90 ( 34.90)	Acc@5  64.10 ( 64.10)
[EVAL] E: [134][4/5]	Loss 2.5495e+00 (2.5869e+00)	Acc@1  35.30 ( 36.32)	Acc@5  68.10 ( 65.96)
		 Valid eval after epoch: loss:2.5869	latest_acc:36.32	LR:0.02 -- best valacc 40.34

Started EPOCH:135
[TRAIN] E: [135][ 0/45]	Loss 1.5981e+00 (1.5981e+00)	Acc@1  39.50 ( 39.50)	Acc@5  69.80 ( 69.80)
[TRAIN] E: [135][44/45]	Loss 1.5460e+00 (1.5966e+00)	Acc@1  41.20 ( 40.83)	Acc@5  71.50 ( 70.91)
[EVAL] E: [135][0/5]	Loss 2.5707e+00 (2.5707e+00)	Acc@1  34.80 ( 34.80)	Acc@5  67.00 ( 67.00)
[EVAL] E: [135][4/5]	Loss 2.5391e+00 (2.5193e+00)	Acc@1  36.30 ( 36.74)	Acc@5  68.30 ( 67.72)
		 Valid eval after epoch: loss:2.5193	latest_acc:36.74	LR:0.02 -- best valacc 40.34

Started EPOCH:136
[TRAIN] E: [136][ 0/45]	Loss 1.5599e+00 (1.5599e+00)	Acc@1  45.10 ( 45.10)	Acc@5  75.20 ( 75.20)
[TRAIN] E: [136][44/45]	Loss 1.6332e+00 (1.5817e+00)	Acc@1  40.00 ( 41.08)	Acc@5  69.90 ( 70.97)
[EVAL] E: [136][0/5]	Loss 2.5676e+00 (2.5676e+00)	Acc@1  34.30 ( 34.30)	Acc@5  66.80 ( 66.80)
[EVAL] E: [136][4/5]	Loss 2.4433e+00 (2.4954e+00)	Acc@1  37.60 ( 36.98)	Acc@5  69.60 ( 67.44)
		 Valid eval after epoch: loss:2.4954	latest_acc:36.98	LR:0.02 -- best valacc 40.34

Started EPOCH:137
[TRAIN] E: [137][ 0/45]	Loss 1.5724e+00 (1.5724e+00)	Acc@1  44.10 ( 44.10)	Acc@5  70.50 ( 70.50)
[TRAIN] E: [137][44/45]	Loss 1.5581e+00 (1.5797e+00)	Acc@1  37.20 ( 40.83)	Acc@5  67.50 ( 71.00)
[EVAL] E: [137][0/5]	Loss 2.6047e+00 (2.6047e+00)	Acc@1  36.30 ( 36.30)	Acc@5  66.70 ( 66.70)
[EVAL] E: [137][4/5]	Loss 2.4289e+00 (2.4786e+00)	Acc@1  37.70 ( 37.24)	Acc@5  68.00 ( 67.60)
		 Valid eval after epoch: loss:2.4786	latest_acc:37.24	LR:0.01 -- best valacc 40.34

Started EPOCH:138
[TRAIN] E: [138][ 0/45]	Loss 1.6333e+00 (1.6333e+00)	Acc@1  38.40 ( 38.40)	Acc@5  71.90 ( 71.90)
[TRAIN] E: [138][44/45]	Loss 1.5714e+00 (1.5715e+00)	Acc@1  41.30 ( 41.17)	Acc@5  72.80 ( 71.38)
[EVAL] E: [138][0/5]	Loss 2.5451e+00 (2.5451e+00)	Acc@1  36.30 ( 36.30)	Acc@5  65.90 ( 65.90)
[EVAL] E: [138][4/5]	Loss 2.3675e+00 (2.4190e+00)	Acc@1  39.50 ( 38.42)	Acc@5  69.80 ( 68.52)
		 Valid eval after epoch: loss:2.4190	latest_acc:38.42	LR:0.01 -- best valacc 40.34

Started EPOCH:139
[TRAIN] E: [139][ 0/45]	Loss 1.5858e+00 (1.5858e+00)	Acc@1  40.80 ( 40.80)	Acc@5  71.80 ( 71.80)
[TRAIN] E: [139][44/45]	Loss 1.5378e+00 (1.5574e+00)	Acc@1  42.60 ( 41.03)	Acc@5  72.80 ( 71.29)
[EVAL] E: [139][0/5]	Loss 2.4606e+00 (2.4606e+00)	Acc@1  37.30 ( 37.30)	Acc@5  69.10 ( 69.10)
[EVAL] E: [139][4/5]	Loss 2.2834e+00 (2.3637e+00)	Acc@1  40.40 ( 39.48)	Acc@5  70.70 ( 69.76)
		 Valid eval after epoch: loss:2.3637	latest_acc:39.48	LR:0.01 -- best valacc 40.34

Started EPOCH:140
[TRAIN] E: [140][ 0/45]	Loss 1.5712e+00 (1.5712e+00)	Acc@1  42.60 ( 42.60)	Acc@5  72.30 ( 72.30)
[TRAIN] E: [140][44/45]	Loss 1.5401e+00 (1.5635e+00)	Acc@1  42.10 ( 41.34)	Acc@5  70.80 ( 71.59)
[EVAL] E: [140][0/5]	Loss 2.5335e+00 (2.5335e+00)	Acc@1  34.70 ( 34.70)	Acc@5  67.80 ( 67.80)
[EVAL] E: [140][4/5]	Loss 2.3232e+00 (2.3882e+00)	Acc@1  40.10 ( 38.92)	Acc@5  69.30 ( 69.10)
		 Valid eval after epoch: loss:2.3882	latest_acc:38.92	LR:0.01 -- best valacc 40.34

Started EPOCH:141
[TRAIN] E: [141][ 0/45]	Loss 1.4966e+00 (1.4966e+00)	Acc@1  41.90 ( 41.90)	Acc@5  72.20 ( 72.20)
[TRAIN] E: [141][44/45]	Loss 1.5711e+00 (1.5400e+00)	Acc@1  41.70 ( 41.60)	Acc@5  70.80 ( 71.52)
[EVAL] E: [141][0/5]	Loss 2.4329e+00 (2.4329e+00)	Acc@1  38.70 ( 38.70)	Acc@5  68.80 ( 68.80)
[EVAL] E: [141][4/5]	Loss 2.2735e+00 (2.3391e+00)	Acc@1  41.40 ( 40.46)	Acc@5  72.80 ( 70.68)
		 Valid eval after epoch: loss:2.3391	latest_acc:40.46	LR:0.01 -- best valacc 40.46

Started EPOCH:142
[TRAIN] E: [142][ 0/45]	Loss 1.6074e+00 (1.6074e+00)	Acc@1  36.90 ( 36.90)	Acc@5  69.00 ( 69.00)
[TRAIN] E: [142][44/45]	Loss 1.5256e+00 (1.5450e+00)	Acc@1  39.50 ( 41.45)	Acc@5  70.30 ( 71.42)
[EVAL] E: [142][0/5]	Loss 2.4362e+00 (2.4362e+00)	Acc@1  38.80 ( 38.80)	Acc@5  68.50 ( 68.50)
[EVAL] E: [142][4/5]	Loss 2.3428e+00 (2.4004e+00)	Acc@1  39.10 ( 38.70)	Acc@5  70.40 ( 69.22)
		 Valid eval after epoch: loss:2.4004	latest_acc:38.70	LR:0.00 -- best valacc 40.46

Started EPOCH:143
[TRAIN] E: [143][ 0/45]	Loss 1.5575e+00 (1.5575e+00)	Acc@1  42.50 ( 42.50)	Acc@5  74.10 ( 74.10)
[TRAIN] E: [143][44/45]	Loss 1.5622e+00 (1.5331e+00)	Acc@1  38.30 ( 41.66)	Acc@5  68.40 ( 71.56)
[EVAL] E: [143][0/5]	Loss 2.3185e+00 (2.3185e+00)	Acc@1  38.20 ( 38.20)	Acc@5  69.50 ( 69.50)
[EVAL] E: [143][4/5]	Loss 2.3185e+00 (2.3107e+00)	Acc@1  41.20 ( 40.48)	Acc@5  71.20 ( 70.32)
		 Valid eval after epoch: loss:2.3107	latest_acc:40.48	LR:0.00 -- best valacc 40.48

Started EPOCH:144
[TRAIN] E: [144][ 0/45]	Loss 1.5160e+00 (1.5160e+00)	Acc@1  37.20 ( 37.20)	Acc@5  70.00 ( 70.00)
[TRAIN] E: [144][44/45]	Loss 1.5833e+00 (1.5258e+00)	Acc@1  39.30 ( 41.46)	Acc@5  69.70 ( 71.68)
[EVAL] E: [144][0/5]	Loss 2.4276e+00 (2.4276e+00)	Acc@1  39.90 ( 39.90)	Acc@5  67.10 ( 67.10)
[EVAL] E: [144][4/5]	Loss 2.3090e+00 (2.3233e+00)	Acc@1  40.90 ( 40.92)	Acc@5  70.20 ( 70.28)
		 Valid eval after epoch: loss:2.3233	latest_acc:40.92	LR:0.00 -- best valacc 40.92

Started EPOCH:145
[TRAIN] E: [145][ 0/45]	Loss 1.5351e+00 (1.5351e+00)	Acc@1  42.40 ( 42.40)	Acc@5  73.80 ( 73.80)
[TRAIN] E: [145][44/45]	Loss 1.6136e+00 (1.5368e+00)	Acc@1  40.90 ( 41.82)	Acc@5  70.30 ( 72.04)
[EVAL] E: [145][0/5]	Loss 2.4451e+00 (2.4451e+00)	Acc@1  36.70 ( 36.70)	Acc@5  68.30 ( 68.30)
[EVAL] E: [145][4/5]	Loss 2.2894e+00 (2.3560e+00)	Acc@1  41.50 ( 39.44)	Acc@5  70.70 ( 70.04)
		 Valid eval after epoch: loss:2.3560	latest_acc:39.44	LR:0.00 -- best valacc 40.92

Started EPOCH:146
[TRAIN] E: [146][ 0/45]	Loss 1.5376e+00 (1.5376e+00)	Acc@1  37.50 ( 37.50)	Acc@5  70.50 ( 70.50)
[TRAIN] E: [146][44/45]	Loss 1.5074e+00 (1.5289e+00)	Acc@1  40.00 ( 41.61)	Acc@5  72.10 ( 71.82)
[EVAL] E: [146][0/5]	Loss 2.3628e+00 (2.3628e+00)	Acc@1  38.10 ( 38.10)	Acc@5  70.80 ( 70.80)
[EVAL] E: [146][4/5]	Loss 2.2669e+00 (2.3400e+00)	Acc@1  40.40 ( 40.20)	Acc@5  73.80 ( 70.18)
		 Valid eval after epoch: loss:2.3400	latest_acc:40.20	LR:0.00 -- best valacc 40.92

Started EPOCH:147
[TRAIN] E: [147][ 0/45]	Loss 1.5559e+00 (1.5559e+00)	Acc@1  40.90 ( 40.90)	Acc@5  69.00 ( 69.00)
[TRAIN] E: [147][44/45]	Loss 1.5632e+00 (1.5257e+00)	Acc@1  41.80 ( 41.76)	Acc@5  73.30 ( 72.05)
[EVAL] E: [147][0/5]	Loss 2.4428e+00 (2.4428e+00)	Acc@1  38.30 ( 38.30)	Acc@5  69.30 ( 69.30)
[EVAL] E: [147][4/5]	Loss 2.2367e+00 (2.3198e+00)	Acc@1  42.10 ( 40.46)	Acc@5  73.90 ( 70.96)
		 Valid eval after epoch: loss:2.3198	latest_acc:40.46	LR:0.00 -- best valacc 40.92

Started EPOCH:148
[TRAIN] E: [148][ 0/45]	Loss 1.5048e+00 (1.5048e+00)	Acc@1  41.30 ( 41.30)	Acc@5  70.20 ( 70.20)
[TRAIN] E: [148][44/45]	Loss 1.6008e+00 (1.5266e+00)	Acc@1  39.60 ( 41.83)	Acc@5  71.90 ( 71.89)
[EVAL] E: [148][0/5]	Loss 2.3535e+00 (2.3535e+00)	Acc@1  38.90 ( 38.90)	Acc@5  71.30 ( 71.30)
[EVAL] E: [148][4/5]	Loss 2.2571e+00 (2.3307e+00)	Acc@1  42.60 ( 39.90)	Acc@5  70.50 ( 70.76)
		 Valid eval after epoch: loss:2.3307	latest_acc:39.90	LR:0.00 -- best valacc 40.92

Started EPOCH:149
[TRAIN] E: [149][ 0/45]	Loss 1.4624e+00 (1.4624e+00)	Acc@1  43.80 ( 43.80)	Acc@5  72.10 ( 72.10)
[TRAIN] E: [149][44/45]	Loss 1.5100e+00 (1.5205e+00)	Acc@1  42.80 ( 42.11)	Acc@5  73.40 ( 71.86)
[EVAL] E: [149][0/5]	Loss 2.3576e+00 (2.3576e+00)	Acc@1  38.20 ( 38.20)	Acc@5  70.30 ( 70.30)
[EVAL] E: [149][4/5]	Loss 2.3068e+00 (2.3317e+00)	Acc@1  41.40 ( 40.42)	Acc@5  69.70 ( 70.24)
		 Valid eval after epoch: loss:2.3317	latest_acc:40.42	LR:0.00 -- best valacc 40.92

Started EPOCH:150
[TRAIN] E: [150][ 0/45]	Loss 1.5277e+00 (1.5277e+00)	Acc@1  43.40 ( 43.40)	Acc@5  72.70 ( 72.70)
[TRAIN] E: [150][44/45]	Loss 1.5262e+00 (1.5214e+00)	Acc@1  42.10 ( 41.74)	Acc@5  72.30 ( 71.62)
[EVAL] E: [150][0/5]	Loss 2.4585e+00 (2.4585e+00)	Acc@1  36.50 ( 36.50)	Acc@5  68.20 ( 68.20)
[EVAL] E: [150][4/5]	Loss 2.2599e+00 (2.3156e+00)	Acc@1  41.20 ( 39.60)	Acc@5  71.80 ( 71.18)
		 Valid eval after epoch: loss:2.3156	latest_acc:39.60	LR:0.00 -- best valacc 40.92

Started EPOCH:151
[TRAIN] E: [151][ 0/45]	Loss 1.5312e+00 (1.5312e+00)	Acc@1  41.00 ( 41.00)	Acc@5  71.10 ( 71.10)
[TRAIN] E: [151][44/45]	Loss 1.5490e+00 (1.5220e+00)	Acc@1  41.90 ( 41.83)	Acc@5  71.60 ( 71.33)
[EVAL] E: [151][0/5]	Loss 2.4007e+00 (2.4007e+00)	Acc@1  38.00 ( 38.00)	Acc@5  70.00 ( 70.00)
[EVAL] E: [151][4/5]	Loss 2.2965e+00 (2.3439e+00)	Acc@1  41.60 ( 40.58)	Acc@5  71.10 ( 70.62)
		 Valid eval after epoch: loss:2.3439	latest_acc:40.58	LR:0.00 -- best valacc 40.92

Started EPOCH:152
[TRAIN] E: [152][ 0/45]	Loss 1.5408e+00 (1.5408e+00)	Acc@1  43.00 ( 43.00)	Acc@5  71.90 ( 71.90)
[TRAIN] E: [152][44/45]	Loss 1.5861e+00 (1.5268e+00)	Acc@1  42.40 ( 41.93)	Acc@5  71.70 ( 71.96)
[EVAL] E: [152][0/5]	Loss 2.3694e+00 (2.3694e+00)	Acc@1  38.10 ( 38.10)	Acc@5  71.30 ( 71.30)
[EVAL] E: [152][4/5]	Loss 2.3121e+00 (2.3318e+00)	Acc@1  40.20 ( 40.10)	Acc@5  70.60 ( 71.08)
		 Valid eval after epoch: loss:2.3318	latest_acc:40.10	LR:0.00 -- best valacc 40.92

Started EPOCH:153
[TRAIN] E: [153][ 0/45]	Loss 1.5132e+00 (1.5132e+00)	Acc@1  40.40 ( 40.40)	Acc@5  72.00 ( 72.00)
[TRAIN] E: [153][44/45]	Loss 1.5016e+00 (1.5215e+00)	Acc@1  39.40 ( 41.66)	Acc@5  71.10 ( 71.75)
[EVAL] E: [153][0/5]	Loss 2.4405e+00 (2.4405e+00)	Acc@1  37.30 ( 37.30)	Acc@5  69.30 ( 69.30)
[EVAL] E: [153][4/5]	Loss 2.2886e+00 (2.3706e+00)	Acc@1  42.80 ( 39.72)	Acc@5  71.30 ( 69.92)
		 Valid eval after epoch: loss:2.3706	latest_acc:39.72	LR:0.00 -- best valacc 40.92

Started EPOCH:154
[TRAIN] E: [154][ 0/45]	Loss 1.4960e+00 (1.4960e+00)	Acc@1  45.40 ( 45.40)	Acc@5  75.00 ( 75.00)
[TRAIN] E: [154][44/45]	Loss 1.5204e+00 (1.5284e+00)	Acc@1  40.30 ( 41.67)	Acc@5  70.30 ( 71.73)
[EVAL] E: [154][0/5]	Loss 2.3642e+00 (2.3642e+00)	Acc@1  39.50 ( 39.50)	Acc@5  70.80 ( 70.80)
[EVAL] E: [154][4/5]	Loss 2.2988e+00 (2.3285e+00)	Acc@1  40.40 ( 40.08)	Acc@5  70.40 ( 70.16)
		 Valid eval after epoch: loss:2.3285	latest_acc:40.08	LR:0.00 -- best valacc 40.92

Started EPOCH:155
[TRAIN] E: [155][ 0/45]	Loss 1.5294e+00 (1.5294e+00)	Acc@1  40.00 ( 40.00)	Acc@5  71.40 ( 71.40)
[TRAIN] E: [155][44/45]	Loss 1.5428e+00 (1.5261e+00)	Acc@1  39.30 ( 41.80)	Acc@5  69.30 ( 71.63)
[EVAL] E: [155][0/5]	Loss 2.4404e+00 (2.4404e+00)	Acc@1  37.60 ( 37.60)	Acc@5  69.90 ( 69.90)
[EVAL] E: [155][4/5]	Loss 2.2714e+00 (2.3595e+00)	Acc@1  40.70 ( 39.58)	Acc@5  72.40 ( 70.66)
		 Valid eval after epoch: loss:2.3595	latest_acc:39.58	LR:0.00 -- best valacc 40.92

Started EPOCH:156
[TRAIN] E: [156][ 0/45]	Loss 1.5265e+00 (1.5265e+00)	Acc@1  40.80 ( 40.80)	Acc@5  71.40 ( 71.40)
[TRAIN] E: [156][44/45]	Loss 1.4876e+00 (1.5302e+00)	Acc@1  40.30 ( 41.74)	Acc@5  70.80 ( 71.86)
[EVAL] E: [156][0/5]	Loss 2.4136e+00 (2.4136e+00)	Acc@1  36.60 ( 36.60)	Acc@5  70.40 ( 70.40)
[EVAL] E: [156][4/5]	Loss 2.2654e+00 (2.3382e+00)	Acc@1  42.20 ( 39.46)	Acc@5  72.70 ( 70.38)
		 Valid eval after epoch: loss:2.3382	latest_acc:39.46	LR:0.00 -- best valacc 40.92

Started EPOCH:157
[TRAIN] E: [157][ 0/45]	Loss 1.5536e+00 (1.5536e+00)	Acc@1  37.90 ( 37.90)	Acc@5  69.00 ( 69.00)
[TRAIN] E: [157][44/45]	Loss 1.5541e+00 (1.5254e+00)	Acc@1  41.10 ( 41.57)	Acc@5  70.60 ( 71.43)
[EVAL] E: [157][0/5]	Loss 2.4335e+00 (2.4335e+00)	Acc@1  37.70 ( 37.70)	Acc@5  70.10 ( 70.10)
[EVAL] E: [157][4/5]	Loss 2.3524e+00 (2.3528e+00)	Acc@1  38.40 ( 39.54)	Acc@5  70.50 ( 70.26)
		 Valid eval after epoch: loss:2.3528	latest_acc:39.54	LR:0.01 -- best valacc 40.92

Started EPOCH:158
[TRAIN] E: [158][ 0/45]	Loss 1.4857e+00 (1.4857e+00)	Acc@1  41.60 ( 41.60)	Acc@5  71.90 ( 71.90)
[TRAIN] E: [158][44/45]	Loss 1.5315e+00 (1.5333e+00)	Acc@1  42.60 ( 41.71)	Acc@5  69.50 ( 71.70)
[EVAL] E: [158][0/5]	Loss 2.4543e+00 (2.4543e+00)	Acc@1  37.70 ( 37.70)	Acc@5  68.50 ( 68.50)
[EVAL] E: [158][4/5]	Loss 2.3370e+00 (2.3514e+00)	Acc@1  41.30 ( 40.44)	Acc@5  69.70 ( 69.50)
		 Valid eval after epoch: loss:2.3514	latest_acc:40.44	LR:0.01 -- best valacc 40.92

Started EPOCH:159
[TRAIN] E: [159][ 0/45]	Loss 1.6339e+00 (1.6339e+00)	Acc@1  40.90 ( 40.90)	Acc@5  70.70 ( 70.70)
[TRAIN] E: [159][44/45]	Loss 1.5567e+00 (1.5393e+00)	Acc@1  38.10 ( 41.64)	Acc@5  69.60 ( 72.02)
[EVAL] E: [159][0/5]	Loss 2.4793e+00 (2.4793e+00)	Acc@1  37.10 ( 37.10)	Acc@5  68.40 ( 68.40)
[EVAL] E: [159][4/5]	Loss 2.3197e+00 (2.3711e+00)	Acc@1  39.60 ( 39.14)	Acc@5  71.10 ( 69.56)
		 Valid eval after epoch: loss:2.3711	latest_acc:39.14	LR:0.01 -- best valacc 40.92

Started EPOCH:160
[TRAIN] E: [160][ 0/45]	Loss 1.5322e+00 (1.5322e+00)	Acc@1  43.00 ( 43.00)	Acc@5  72.50 ( 72.50)
[TRAIN] E: [160][44/45]	Loss 1.5031e+00 (1.5430e+00)	Acc@1  40.80 ( 41.36)	Acc@5  71.10 ( 71.49)
[EVAL] E: [160][0/5]	Loss 2.5037e+00 (2.5037e+00)	Acc@1  36.20 ( 36.20)	Acc@5  66.90 ( 66.90)
[EVAL] E: [160][4/5]	Loss 2.2786e+00 (2.3867e+00)	Acc@1  42.10 ( 38.88)	Acc@5  71.80 ( 69.84)
		 Valid eval after epoch: loss:2.3867	latest_acc:38.88	LR:0.01 -- best valacc 40.92

Started EPOCH:161
[TRAIN] E: [161][ 0/45]	Loss 1.6242e+00 (1.6242e+00)	Acc@1  40.80 ( 40.80)	Acc@5  70.90 ( 70.90)
[TRAIN] E: [161][44/45]	Loss 1.5063e+00 (1.5499e+00)	Acc@1  41.60 ( 41.32)	Acc@5  71.80 ( 71.67)
[EVAL] E: [161][0/5]	Loss 2.4054e+00 (2.4054e+00)	Acc@1  38.70 ( 38.70)	Acc@5  69.70 ( 69.70)
[EVAL] E: [161][4/5]	Loss 2.4191e+00 (2.4068e+00)	Acc@1  39.30 ( 39.62)	Acc@5  67.80 ( 69.34)
		 Valid eval after epoch: loss:2.4068	latest_acc:39.62	LR:0.01 -- best valacc 40.92

Started EPOCH:162
[TRAIN] E: [162][ 0/45]	Loss 1.6187e+00 (1.6187e+00)	Acc@1  40.40 ( 40.40)	Acc@5  70.60 ( 70.60)
[TRAIN] E: [162][44/45]	Loss 1.6196e+00 (1.5504e+00)	Acc@1  43.30 ( 41.28)	Acc@5  72.90 ( 71.55)
[EVAL] E: [162][0/5]	Loss 2.5158e+00 (2.5158e+00)	Acc@1  36.70 ( 36.70)	Acc@5  68.90 ( 68.90)
[EVAL] E: [162][4/5]	Loss 2.3498e+00 (2.3914e+00)	Acc@1  40.20 ( 39.38)	Acc@5  70.30 ( 69.74)
		 Valid eval after epoch: loss:2.3914	latest_acc:39.38	LR:0.02 -- best valacc 40.92

Started EPOCH:163
[TRAIN] E: [163][ 0/45]	Loss 1.5913e+00 (1.5913e+00)	Acc@1  37.90 ( 37.90)	Acc@5  67.80 ( 67.80)
[TRAIN] E: [163][44/45]	Loss 1.5533e+00 (1.5656e+00)	Acc@1  40.60 ( 41.08)	Acc@5  69.50 ( 71.27)
[EVAL] E: [163][0/5]	Loss 2.5217e+00 (2.5217e+00)	Acc@1  37.60 ( 37.60)	Acc@5  66.70 ( 66.70)
[EVAL] E: [163][4/5]	Loss 2.3369e+00 (2.4461e+00)	Acc@1  41.50 ( 38.82)	Acc@5  69.30 ( 68.08)
		 Valid eval after epoch: loss:2.4461	latest_acc:38.82	LR:0.02 -- best valacc 40.92

Started EPOCH:164
[TRAIN] E: [164][ 0/45]	Loss 1.5224e+00 (1.5224e+00)	Acc@1  43.60 ( 43.60)	Acc@5  72.70 ( 72.70)
[TRAIN] E: [164][44/45]	Loss 1.6045e+00 (1.5701e+00)	Acc@1  40.90 ( 41.36)	Acc@5  69.90 ( 71.45)
[EVAL] E: [164][0/5]	Loss 2.5204e+00 (2.5204e+00)	Acc@1  35.50 ( 35.50)	Acc@5  66.80 ( 66.80)
[EVAL] E: [164][4/5]	Loss 2.3911e+00 (2.4511e+00)	Acc@1  39.70 ( 38.42)	Acc@5  69.80 ( 68.30)
		 Valid eval after epoch: loss:2.4511	latest_acc:38.42	LR:0.02 -- best valacc 40.92

Started EPOCH:165
[TRAIN] E: [165][ 0/45]	Loss 1.5258e+00 (1.5258e+00)	Acc@1  41.30 ( 41.30)	Acc@5  72.90 ( 72.90)
[TRAIN] E: [165][44/45]	Loss 1.5836e+00 (1.5855e+00)	Acc@1  42.40 ( 40.88)	Acc@5  71.90 ( 71.11)
[EVAL] E: [165][0/5]	Loss 2.5727e+00 (2.5727e+00)	Acc@1  35.40 ( 35.40)	Acc@5  66.60 ( 66.60)
[EVAL] E: [165][4/5]	Loss 2.4159e+00 (2.4646e+00)	Acc@1  38.90 ( 38.00)	Acc@5  67.00 ( 67.44)
		 Valid eval after epoch: loss:2.4646	latest_acc:38.00	LR:0.02 -- best valacc 40.92

Started EPOCH:166
[TRAIN] E: [166][ 0/45]	Loss 1.5813e+00 (1.5813e+00)	Acc@1  41.70 ( 41.70)	Acc@5  69.00 ( 69.00)
[TRAIN] E: [166][44/45]	Loss 1.6394e+00 (1.5846e+00)	Acc@1  42.70 ( 41.02)	Acc@5  73.20 ( 71.19)
[EVAL] E: [166][0/5]	Loss 2.5028e+00 (2.5028e+00)	Acc@1  36.70 ( 36.70)	Acc@5  67.90 ( 67.90)
[EVAL] E: [166][4/5]	Loss 2.4975e+00 (2.4674e+00)	Acc@1  37.10 ( 38.00)	Acc@5  66.10 ( 68.46)
		 Valid eval after epoch: loss:2.4674	latest_acc:38.00	LR:0.03 -- best valacc 40.92

Started EPOCH:167
[TRAIN] E: [167][ 0/45]	Loss 1.5664e+00 (1.5664e+00)	Acc@1  39.00 ( 39.00)	Acc@5  70.20 ( 70.20)
[TRAIN] E: [167][44/45]	Loss 1.5551e+00 (1.6026e+00)	Acc@1  38.90 ( 40.68)	Acc@5  69.70 ( 71.05)
[EVAL] E: [167][0/5]	Loss 2.5453e+00 (2.5453e+00)	Acc@1  35.60 ( 35.60)	Acc@5  65.60 ( 65.60)
[EVAL] E: [167][4/5]	Loss 2.4685e+00 (2.4823e+00)	Acc@1  38.10 ( 37.42)	Acc@5  67.60 ( 68.06)
		 Valid eval after epoch: loss:2.4823	latest_acc:37.42	LR:0.03 -- best valacc 40.92

Started EPOCH:168
[TRAIN] E: [168][ 0/45]	Loss 1.6014e+00 (1.6014e+00)	Acc@1  42.20 ( 42.20)	Acc@5  72.70 ( 72.70)
[TRAIN] E: [168][44/45]	Loss 1.5793e+00 (1.6018e+00)	Acc@1  40.80 ( 41.04)	Acc@5  70.70 ( 71.01)
[EVAL] E: [168][0/5]	Loss 2.6779e+00 (2.6779e+00)	Acc@1  33.00 ( 33.00)	Acc@5  63.50 ( 63.50)
[EVAL] E: [168][4/5]	Loss 2.6238e+00 (2.6533e+00)	Acc@1  35.20 ( 34.44)	Acc@5  66.30 ( 65.00)
		 Valid eval after epoch: loss:2.6533	latest_acc:34.44	LR:0.03 -- best valacc 40.92

Started EPOCH:169
[TRAIN] E: [169][ 0/45]	Loss 1.6284e+00 (1.6284e+00)	Acc@1  38.50 ( 38.50)	Acc@5  68.70 ( 68.70)
[TRAIN] E: [169][44/45]	Loss 1.7056e+00 (1.6350e+00)	Acc@1  38.00 ( 40.22)	Acc@5  70.80 ( 70.33)
[EVAL] E: [169][0/5]	Loss 2.8537e+00 (2.8537e+00)	Acc@1  31.60 ( 31.60)	Acc@5  60.60 ( 60.60)
[EVAL] E: [169][4/5]	Loss 2.6078e+00 (2.6665e+00)	Acc@1  37.30 ( 34.92)	Acc@5  66.60 ( 64.40)
		 Valid eval after epoch: loss:2.6665	latest_acc:34.92	LR:0.03 -- best valacc 40.92

Started EPOCH:170
[TRAIN] E: [170][ 0/45]	Loss 1.5992e+00 (1.5992e+00)	Acc@1  37.70 ( 37.70)	Acc@5  69.10 ( 69.10)
[TRAIN] E: [170][44/45]	Loss 1.6118e+00 (1.6338e+00)	Acc@1  40.30 ( 40.40)	Acc@5  72.20 ( 70.72)
[EVAL] E: [170][0/5]	Loss 2.6822e+00 (2.6822e+00)	Acc@1  34.40 ( 34.40)	Acc@5  64.70 ( 64.70)
[EVAL] E: [170][4/5]	Loss 2.6352e+00 (2.6439e+00)	Acc@1  35.50 ( 35.98)	Acc@5  67.20 ( 65.98)
		 Valid eval after epoch: loss:2.6439	latest_acc:35.98	LR:0.04 -- best valacc 40.92

Started EPOCH:171
[TRAIN] E: [171][ 0/45]	Loss 1.6420e+00 (1.6420e+00)	Acc@1  39.50 ( 39.50)	Acc@5  69.30 ( 69.30)
[TRAIN] E: [171][44/45]	Loss 1.6221e+00 (1.6488e+00)	Acc@1  38.70 ( 40.03)	Acc@5  69.70 ( 69.89)
[EVAL] E: [171][0/5]	Loss 2.7289e+00 (2.7289e+00)	Acc@1  33.50 ( 33.50)	Acc@5  63.30 ( 63.30)
[EVAL] E: [171][4/5]	Loss 2.6416e+00 (2.6987e+00)	Acc@1  35.20 ( 33.90)	Acc@5  65.90 ( 64.04)
		 Valid eval after epoch: loss:2.6987	latest_acc:33.90	LR:0.04 -- best valacc 40.92

Started EPOCH:172
[TRAIN] E: [172][ 0/45]	Loss 1.6177e+00 (1.6177e+00)	Acc@1  37.20 ( 37.20)	Acc@5  70.30 ( 70.30)
[TRAIN] E: [172][44/45]	Loss 1.6245e+00 (1.6612e+00)	Acc@1  41.70 ( 40.04)	Acc@5  72.00 ( 69.83)
[EVAL] E: [172][0/5]	Loss 2.6803e+00 (2.6803e+00)	Acc@1  32.90 ( 32.90)	Acc@5  64.10 ( 64.10)
[EVAL] E: [172][4/5]	Loss 2.4451e+00 (2.5682e+00)	Acc@1  36.10 ( 34.86)	Acc@5  69.20 ( 65.72)
		 Valid eval after epoch: loss:2.5682	latest_acc:34.86	LR:0.04 -- best valacc 40.92

Started EPOCH:173
[TRAIN] E: [173][ 0/45]	Loss 1.6181e+00 (1.6181e+00)	Acc@1  38.80 ( 38.80)	Acc@5  67.90 ( 67.90)
[TRAIN] E: [173][44/45]	Loss 1.6425e+00 (1.6750e+00)	Acc@1  39.40 ( 39.96)	Acc@5  71.60 ( 69.96)
[EVAL] E: [173][0/5]	Loss 2.5837e+00 (2.5837e+00)	Acc@1  32.80 ( 32.80)	Acc@5  66.90 ( 66.90)
[EVAL] E: [173][4/5]	Loss 2.4243e+00 (2.5041e+00)	Acc@1  37.30 ( 36.24)	Acc@5  69.10 ( 67.72)
		 Valid eval after epoch: loss:2.5041	latest_acc:36.24	LR:0.05 -- best valacc 40.92

Started EPOCH:174
[TRAIN] E: [174][ 0/45]	Loss 1.5985e+00 (1.5985e+00)	Acc@1  41.50 ( 41.50)	Acc@5  70.70 ( 70.70)
[TRAIN] E: [174][44/45]	Loss 1.5687e+00 (1.6797e+00)	Acc@1  38.20 ( 39.55)	Acc@5  69.00 ( 69.75)
[EVAL] E: [174][0/5]	Loss 2.9338e+00 (2.9338e+00)	Acc@1  30.80 ( 30.80)	Acc@5  61.00 ( 61.00)
[EVAL] E: [174][4/5]	Loss 2.8538e+00 (2.8613e+00)	Acc@1  30.60 ( 31.84)	Acc@5  63.10 ( 61.96)
		 Valid eval after epoch: loss:2.8613	latest_acc:31.84	LR:0.05 -- best valacc 40.92

Started EPOCH:175
[TRAIN] E: [175][ 0/45]	Loss 1.6814e+00 (1.6814e+00)	Acc@1  37.30 ( 37.30)	Acc@5  68.00 ( 68.00)
[TRAIN] E: [175][44/45]	Loss 1.7695e+00 (1.7057e+00)	Acc@1  38.60 ( 39.62)	Acc@5  67.80 ( 69.55)
[EVAL] E: [175][0/5]	Loss 2.6925e+00 (2.6925e+00)	Acc@1  34.00 ( 34.00)	Acc@5  65.50 ( 65.50)
[EVAL] E: [175][4/5]	Loss 2.6215e+00 (2.6465e+00)	Acc@1  35.60 ( 35.90)	Acc@5  65.30 ( 65.38)
		 Valid eval after epoch: loss:2.6465	latest_acc:35.90	LR:0.05 -- best valacc 40.92

Started EPOCH:176
[TRAIN] E: [176][ 0/45]	Loss 1.6943e+00 (1.6943e+00)	Acc@1  40.50 ( 40.50)	Acc@5  71.00 ( 71.00)
[TRAIN] E: [176][44/45]	Loss 1.7585e+00 (1.7269e+00)	Acc@1  40.30 ( 39.41)	Acc@5  70.40 ( 69.55)
[EVAL] E: [176][0/5]	Loss 2.8368e+00 (2.8368e+00)	Acc@1  33.00 ( 33.00)	Acc@5  62.50 ( 62.50)
[EVAL] E: [176][4/5]	Loss 2.7461e+00 (2.8088e+00)	Acc@1  34.80 ( 32.98)	Acc@5  63.40 ( 62.28)
		 Valid eval after epoch: loss:2.8088	latest_acc:32.98	LR:0.06 -- best valacc 40.92

Started EPOCH:177
[TRAIN] E: [177][ 0/45]	Loss 1.7172e+00 (1.7172e+00)	Acc@1  41.90 ( 41.90)	Acc@5  71.20 ( 71.20)
[TRAIN] E: [177][44/45]	Loss 1.7150e+00 (1.7268e+00)	Acc@1  37.60 ( 39.55)	Acc@5  69.60 ( 69.54)
[EVAL] E: [177][0/5]	Loss 3.1666e+00 (3.1666e+00)	Acc@1  28.60 ( 28.60)	Acc@5  56.60 ( 56.60)
[EVAL] E: [177][4/5]	Loss 3.0042e+00 (3.0525e+00)	Acc@1  31.30 ( 30.26)	Acc@5  59.90 ( 58.40)
		 Valid eval after epoch: loss:3.0525	latest_acc:30.26	LR:0.06 -- best valacc 40.92

Started EPOCH:178
[TRAIN] E: [178][ 0/45]	Loss 1.7146e+00 (1.7146e+00)	Acc@1  40.20 ( 40.20)	Acc@5  68.60 ( 68.60)
[TRAIN] E: [178][44/45]	Loss 1.8084e+00 (1.7240e+00)	Acc@1  42.40 ( 39.48)	Acc@5  72.50 ( 69.36)
[EVAL] E: [178][0/5]	Loss 3.0998e+00 (3.0998e+00)	Acc@1  28.30 ( 28.30)	Acc@5  57.30 ( 57.30)
[EVAL] E: [178][4/5]	Loss 3.0773e+00 (3.0545e+00)	Acc@1  28.00 ( 28.04)	Acc@5  56.40 ( 57.26)
		 Valid eval after epoch: loss:3.0545	latest_acc:28.04	LR:0.06 -- best valacc 40.92

Started EPOCH:179
[TRAIN] E: [179][ 0/45]	Loss 1.7538e+00 (1.7538e+00)	Acc@1  37.70 ( 37.70)	Acc@5  68.10 ( 68.10)
[TRAIN] E: [179][44/45]	Loss 1.8602e+00 (1.7395e+00)	Acc@1  38.50 ( 39.06)	Acc@5  68.90 ( 68.98)
[EVAL] E: [179][0/5]	Loss 2.8095e+00 (2.8095e+00)	Acc@1  32.70 ( 32.70)	Acc@5  62.20 ( 62.20)
[EVAL] E: [179][4/5]	Loss 2.7087e+00 (2.7423e+00)	Acc@1  35.20 ( 33.42)	Acc@5  64.50 ( 62.70)
		 Valid eval after epoch: loss:2.7423	latest_acc:33.42	LR:0.07 -- best valacc 40.92

Started EPOCH:180
[TRAIN] E: [180][ 0/45]	Loss 1.7370e+00 (1.7370e+00)	Acc@1  37.00 ( 37.00)	Acc@5  68.70 ( 68.70)
[TRAIN] E: [180][44/45]	Loss 1.8107e+00 (1.7715e+00)	Acc@1  40.00 ( 38.53)	Acc@5  66.80 ( 68.87)
[EVAL] E: [180][0/5]	Loss 3.0353e+00 (3.0353e+00)	Acc@1  27.20 ( 27.20)	Acc@5  59.30 ( 59.30)
[EVAL] E: [180][4/5]	Loss 3.0303e+00 (3.0010e+00)	Acc@1  28.80 ( 28.76)	Acc@5  58.60 ( 58.66)
		 Valid eval after epoch: loss:3.0010	latest_acc:28.76	LR:0.07 -- best valacc 40.92

Started EPOCH:181
[TRAIN] E: [181][ 0/45]	Loss 1.6908e+00 (1.6908e+00)	Acc@1  37.60 ( 37.60)	Acc@5  69.80 ( 69.80)
[TRAIN] E: [181][44/45]	Loss 1.8589e+00 (1.7823e+00)	Acc@1  37.90 ( 38.63)	Acc@5  66.10 ( 68.74)
[EVAL] E: [181][0/5]	Loss 3.1451e+00 (3.1451e+00)	Acc@1  28.10 ( 28.10)	Acc@5  57.70 ( 57.70)
[EVAL] E: [181][4/5]	Loss 3.1586e+00 (3.1470e+00)	Acc@1  28.80 ( 28.26)	Acc@5  56.10 ( 57.84)
		 Valid eval after epoch: loss:3.1470	latest_acc:28.26	LR:0.07 -- best valacc 40.92

Started EPOCH:182
[TRAIN] E: [182][ 0/45]	Loss 1.8170e+00 (1.8170e+00)	Acc@1  39.30 ( 39.30)	Acc@5  69.10 ( 69.10)
[TRAIN] E: [182][44/45]	Loss 1.8171e+00 (1.7883e+00)	Acc@1  40.00 ( 38.34)	Acc@5  71.70 ( 68.57)
[EVAL] E: [182][0/5]	Loss 2.8674e+00 (2.8674e+00)	Acc@1  32.50 ( 32.50)	Acc@5  61.00 ( 61.00)
[EVAL] E: [182][4/5]	Loss 2.8114e+00 (2.8247e+00)	Acc@1  31.70 ( 32.12)	Acc@5  64.00 ( 62.16)
		 Valid eval after epoch: loss:2.8247	latest_acc:32.12	LR:0.07 -- best valacc 40.92

Started EPOCH:183
[TRAIN] E: [183][ 0/45]	Loss 1.8260e+00 (1.8260e+00)	Acc@1  39.30 ( 39.30)	Acc@5  69.40 ( 69.40)
[TRAIN] E: [183][44/45]	Loss 1.8219e+00 (1.8164e+00)	Acc@1  37.00 ( 38.17)	Acc@5  70.10 ( 68.63)
[EVAL] E: [183][0/5]	Loss 2.7812e+00 (2.7812e+00)	Acc@1  30.60 ( 30.60)	Acc@5  62.20 ( 62.20)
[EVAL] E: [183][4/5]	Loss 2.7204e+00 (2.7500e+00)	Acc@1  32.90 ( 32.20)	Acc@5  62.70 ( 62.32)
		 Valid eval after epoch: loss:2.7500	latest_acc:32.20	LR:0.08 -- best valacc 40.92

Started EPOCH:184
[TRAIN] E: [184][ 0/45]	Loss 1.7823e+00 (1.7823e+00)	Acc@1  37.50 ( 37.50)	Acc@5  70.30 ( 70.30)
[TRAIN] E: [184][44/45]	Loss 1.8247e+00 (1.8052e+00)	Acc@1  37.20 ( 38.42)	Acc@5  67.90 ( 68.71)
[EVAL] E: [184][0/5]	Loss 2.8189e+00 (2.8189e+00)	Acc@1  30.80 ( 30.80)	Acc@5  62.70 ( 62.70)
[EVAL] E: [184][4/5]	Loss 2.7312e+00 (2.7571e+00)	Acc@1  32.40 ( 31.48)	Acc@5  64.10 ( 62.80)
		 Valid eval after epoch: loss:2.7571	latest_acc:31.48	LR:0.08 -- best valacc 40.92

Started EPOCH:185
[TRAIN] E: [185][ 0/45]	Loss 1.7875e+00 (1.7875e+00)	Acc@1  41.50 ( 41.50)	Acc@5  70.00 ( 70.00)
[TRAIN] E: [185][44/45]	Loss 1.7696e+00 (1.8139e+00)	Acc@1  39.10 ( 38.01)	Acc@5  70.90 ( 68.46)
[EVAL] E: [185][0/5]	Loss 3.0927e+00 (3.0927e+00)	Acc@1  28.60 ( 28.60)	Acc@5  57.70 ( 57.70)
[EVAL] E: [185][4/5]	Loss 3.0263e+00 (3.0377e+00)	Acc@1  29.30 ( 29.18)	Acc@5  57.40 ( 58.72)
		 Valid eval after epoch: loss:3.0377	latest_acc:29.18	LR:0.08 -- best valacc 40.92

Started EPOCH:186
[TRAIN] E: [186][ 0/45]	Loss 1.7369e+00 (1.7369e+00)	Acc@1  40.50 ( 40.50)	Acc@5  71.30 ( 71.30)
[TRAIN] E: [186][44/45]	Loss 1.7664e+00 (1.8110e+00)	Acc@1  38.00 ( 38.00)	Acc@5  68.20 ( 68.56)
[EVAL] E: [186][0/5]	Loss 3.4917e+00 (3.4917e+00)	Acc@1  23.30 ( 23.30)	Acc@5  52.10 ( 52.10)
[EVAL] E: [186][4/5]	Loss 3.2854e+00 (3.3641e+00)	Acc@1  24.90 ( 25.04)	Acc@5  54.10 ( 53.86)
		 Valid eval after epoch: loss:3.3641	latest_acc:25.04	LR:0.08 -- best valacc 40.92

Started EPOCH:187
[TRAIN] E: [187][ 0/45]	Loss 1.8050e+00 (1.8050e+00)	Acc@1  35.60 ( 35.60)	Acc@5  67.70 ( 67.70)
[TRAIN] E: [187][44/45]	Loss 1.8328e+00 (1.8170e+00)	Acc@1  39.30 ( 37.74)	Acc@5  68.00 ( 68.09)
[EVAL] E: [187][0/5]	Loss 3.1161e+00 (3.1161e+00)	Acc@1  26.10 ( 26.10)	Acc@5  57.60 ( 57.60)
[EVAL] E: [187][4/5]	Loss 3.0939e+00 (3.1628e+00)	Acc@1  27.80 ( 26.64)	Acc@5  59.20 ( 56.54)
		 Valid eval after epoch: loss:3.1628	latest_acc:26.64	LR:0.09 -- best valacc 40.92

Started EPOCH:188
[TRAIN] E: [188][ 0/45]	Loss 1.8761e+00 (1.8761e+00)	Acc@1  37.80 ( 37.80)	Acc@5  67.50 ( 67.50)
[TRAIN] E: [188][44/45]	Loss 1.8030e+00 (1.8176e+00)	Acc@1  38.60 ( 38.02)	Acc@5  69.80 ( 68.30)
[EVAL] E: [188][0/5]	Loss 2.9703e+00 (2.9703e+00)	Acc@1  29.50 ( 29.50)	Acc@5  60.60 ( 60.60)
[EVAL] E: [188][4/5]	Loss 2.8423e+00 (2.9231e+00)	Acc@1  33.40 ( 31.58)	Acc@5  62.60 ( 61.22)
		 Valid eval after epoch: loss:2.9231	latest_acc:31.58	LR:0.09 -- best valacc 40.92

Started EPOCH:189
[TRAIN] E: [189][ 0/45]	Loss 1.8494e+00 (1.8494e+00)	Acc@1  38.30 ( 38.30)	Acc@5  69.30 ( 69.30)
[TRAIN] E: [189][44/45]	Loss 1.8330e+00 (1.8257e+00)	Acc@1  39.00 ( 37.86)	Acc@5  67.90 ( 68.54)
[EVAL] E: [189][0/5]	Loss 3.1231e+00 (3.1231e+00)	Acc@1  27.70 ( 27.70)	Acc@5  57.40 ( 57.40)
[EVAL] E: [189][4/5]	Loss 3.0191e+00 (3.0405e+00)	Acc@1  30.10 ( 28.76)	Acc@5  59.50 ( 59.04)
		 Valid eval after epoch: loss:3.0405	latest_acc:28.76	LR:0.09 -- best valacc 40.92

Started EPOCH:190
[TRAIN] E: [190][ 0/45]	Loss 1.8027e+00 (1.8027e+00)	Acc@1  37.30 ( 37.30)	Acc@5  65.00 ( 65.00)
[TRAIN] E: [190][44/45]	Loss 1.8072e+00 (1.8311e+00)	Acc@1  37.30 ( 37.95)	Acc@5  67.60 ( 67.97)
[EVAL] E: [190][0/5]	Loss 3.0182e+00 (3.0182e+00)	Acc@1  29.60 ( 29.60)	Acc@5  58.50 ( 58.50)
[EVAL] E: [190][4/5]	Loss 2.8566e+00 (2.9420e+00)	Acc@1  31.80 ( 30.70)	Acc@5  61.30 ( 60.12)
		 Valid eval after epoch: loss:2.9420	latest_acc:30.70	LR:0.09 -- best valacc 40.92

Started EPOCH:191
[TRAIN] E: [191][ 0/45]	Loss 1.8083e+00 (1.8083e+00)	Acc@1  38.40 ( 38.40)	Acc@5  68.20 ( 68.20)
[TRAIN] E: [191][44/45]	Loss 1.7706e+00 (1.8437e+00)	Acc@1  37.30 ( 37.66)	Acc@5  69.60 ( 68.28)
[EVAL] E: [191][0/5]	Loss 3.4070e+00 (3.4070e+00)	Acc@1  24.30 ( 24.30)	Acc@5  53.80 ( 53.80)
[EVAL] E: [191][4/5]	Loss 3.5173e+00 (3.5137e+00)	Acc@1  22.10 ( 23.54)	Acc@5  51.50 ( 52.00)
		 Valid eval after epoch: loss:3.5137	latest_acc:23.54	LR:0.09 -- best valacc 40.92

Started EPOCH:192
[TRAIN] E: [192][ 0/45]	Loss 1.8748e+00 (1.8748e+00)	Acc@1  36.90 ( 36.90)	Acc@5  68.30 ( 68.30)
[TRAIN] E: [192][44/45]	Loss 1.8737e+00 (1.8199e+00)	Acc@1  35.10 ( 37.99)	Acc@5  66.80 ( 68.22)
[EVAL] E: [192][0/5]	Loss 3.0056e+00 (3.0056e+00)	Acc@1  27.50 ( 27.50)	Acc@5  60.20 ( 60.20)
[EVAL] E: [192][4/5]	Loss 2.8454e+00 (2.9121e+00)	Acc@1  31.20 ( 30.38)	Acc@5  62.20 ( 60.60)
		 Valid eval after epoch: loss:2.9121	latest_acc:30.38	LR:0.10 -- best valacc 40.92

Started EPOCH:193
[TRAIN] E: [193][ 0/45]	Loss 1.8411e+00 (1.8411e+00)	Acc@1  40.40 ( 40.40)	Acc@5  69.10 ( 69.10)
[TRAIN] E: [193][44/45]	Loss 1.8662e+00 (1.8305e+00)	Acc@1  37.80 ( 37.67)	Acc@5  67.80 ( 68.13)
[EVAL] E: [193][0/5]	Loss 3.5105e+00 (3.5105e+00)	Acc@1  25.10 ( 25.10)	Acc@5  54.00 ( 54.00)
[EVAL] E: [193][4/5]	Loss 3.5731e+00 (3.4925e+00)	Acc@1  28.00 ( 27.24)	Acc@5  54.80 ( 55.02)
		 Valid eval after epoch: loss:3.4925	latest_acc:27.24	LR:0.10 -- best valacc 40.92

Started EPOCH:194
[TRAIN] E: [194][ 0/45]	Loss 1.8050e+00 (1.8050e+00)	Acc@1  38.20 ( 38.20)	Acc@5  66.80 ( 66.80)
[TRAIN] E: [194][44/45]	Loss 1.8404e+00 (1.8115e+00)	Acc@1  35.60 ( 38.22)	Acc@5  66.40 ( 68.42)
[EVAL] E: [194][0/5]	Loss 3.4697e+00 (3.4697e+00)	Acc@1  23.20 ( 23.20)	Acc@5  53.40 ( 53.40)
[EVAL] E: [194][4/5]	Loss 3.2806e+00 (3.3538e+00)	Acc@1  29.00 ( 26.28)	Acc@5  54.40 ( 54.02)
		 Valid eval after epoch: loss:3.3538	latest_acc:26.28	LR:0.10 -- best valacc 40.92

Started EPOCH:195
[TRAIN] E: [195][ 0/45]	Loss 1.7455e+00 (1.7455e+00)	Acc@1  39.60 ( 39.60)	Acc@5  71.70 ( 71.70)
[TRAIN] E: [195][44/45]	Loss 1.8254e+00 (1.8492e+00)	Acc@1  35.90 ( 37.84)	Acc@5  65.80 ( 67.94)
[EVAL] E: [195][0/5]	Loss 3.2425e+00 (3.2425e+00)	Acc@1  27.70 ( 27.70)	Acc@5  56.40 ( 56.40)
[EVAL] E: [195][4/5]	Loss 3.2366e+00 (3.1833e+00)	Acc@1  25.90 ( 27.82)	Acc@5  53.70 ( 56.58)
		 Valid eval after epoch: loss:3.1833	latest_acc:27.82	LR:0.10 -- best valacc 40.92

Started EPOCH:196
[TRAIN] E: [196][ 0/45]	Loss 1.8179e+00 (1.8179e+00)	Acc@1  38.90 ( 38.90)	Acc@5  68.50 ( 68.50)
[TRAIN] E: [196][44/45]	Loss 1.8616e+00 (1.8356e+00)	Acc@1  36.70 ( 37.86)	Acc@5  63.30 ( 68.01)
[EVAL] E: [196][0/5]	Loss 3.3143e+00 (3.3143e+00)	Acc@1  27.60 ( 27.60)	Acc@5  55.50 ( 55.50)
[EVAL] E: [196][4/5]	Loss 3.2100e+00 (3.2537e+00)	Acc@1  28.40 ( 27.42)	Acc@5  58.70 ( 56.16)
		 Valid eval after epoch: loss:3.2537	latest_acc:27.42	LR:0.10 -- best valacc 40.92

Started EPOCH:197
[TRAIN] E: [197][ 0/45]	Loss 1.9764e+00 (1.9764e+00)	Acc@1  38.80 ( 38.80)	Acc@5  68.50 ( 68.50)
[TRAIN] E: [197][44/45]	Loss 1.7751e+00 (1.8462e+00)	Acc@1  36.60 ( 37.72)	Acc@5  67.80 ( 68.26)
[EVAL] E: [197][0/5]	Loss 3.0594e+00 (3.0594e+00)	Acc@1  28.30 ( 28.30)	Acc@5  59.20 ( 59.20)
[EVAL] E: [197][4/5]	Loss 2.7736e+00 (2.9144e+00)	Acc@1  33.10 ( 31.46)	Acc@5  64.20 ( 61.10)
		 Valid eval after epoch: loss:2.9144	latest_acc:31.46	LR:0.10 -- best valacc 40.92

Started EPOCH:198
[TRAIN] E: [198][ 0/45]	Loss 1.7896e+00 (1.7896e+00)	Acc@1  39.20 ( 39.20)	Acc@5  70.80 ( 70.80)
[TRAIN] E: [198][44/45]	Loss 1.8054e+00 (1.8111e+00)	Acc@1  37.40 ( 37.94)	Acc@5  67.10 ( 68.21)
[EVAL] E: [198][0/5]	Loss 2.8918e+00 (2.8918e+00)	Acc@1  29.90 ( 29.90)	Acc@5  61.60 ( 61.60)
[EVAL] E: [198][4/5]	Loss 2.7621e+00 (2.8154e+00)	Acc@1  30.90 ( 31.48)	Acc@5  62.60 ( 61.76)
		 Valid eval after epoch: loss:2.8154	latest_acc:31.48	LR:0.10 -- best valacc 40.92

Started EPOCH:199
[TRAIN] E: [199][ 0/45]	Loss 1.8772e+00 (1.8772e+00)	Acc@1  36.90 ( 36.90)	Acc@5  66.00 ( 66.00)
[TRAIN] E: [199][44/45]	Loss 1.8211e+00 (1.8456e+00)	Acc@1  38.90 ( 37.83)	Acc@5  67.30 ( 68.00)
[EVAL] E: [199][0/5]	Loss 3.3490e+00 (3.3490e+00)	Acc@1  24.90 ( 24.90)	Acc@5  52.20 ( 52.20)
[EVAL] E: [199][4/5]	Loss 3.0969e+00 (3.1874e+00)	Acc@1  27.60 ( 26.84)	Acc@5  56.50 ( 55.64)
		 Valid eval after epoch: loss:3.1874	latest_acc:26.84	LR:0.10 -- best valacc 40.92
***[2023-05-09 16:26:38]*** [Post-train] [Student] Test loss = 1.747880, accuracy@1 = 53.55, accuracy@5 = 83.02, error@1 = 46.45, error@5 = 16.98
Result is from best val model of epoch:145
