Main Function with logger : Logger(dir=kd_results, use-tf=False, writer=None)
Arguments : -------------------------------
batch_size       : 1000
class_num        : 100
cutout_length    : 16
data_path        : /home/prathamesh/code/data/cifar/
dataset          : cifar100
epochs           : 200
eval_batch_size  : 1000
file_name        : KD_seed-1_cycles-4_KDfrac-0.9_T-2
global_rand_seed : -1
loss_kd_frac     : 0.9
lr               : 0.1
model_name       : ResNet10_s
momentum         : 0.9
pretrained_student : True
print_freq       : 100
print_freq_eval  : 100
rand_seed        : 1
save_dir         : ./kd_results/
sched_cycles     : 4
teacher          : ResNet10_l
temperature      : 2
wd               : 0.0005
workers          : 8
Python  Version  : 3.7.12 | packaged by conda-forge | (default, Oct 26 2021, 06:08:21)  [GCC 9.4.0]
Pillow  Version  : 9.2.0
PyTorch Version  : 1.13.1
cuDNN   Version  : 8500
CUDA available   : True
CUDA GPU numbers : 1
CUDA_VISIBLE_DEVICES : 0
Namespace(batch_size=1000, class_num=100, cutout_length=16, data_path='/home/prathamesh/code/data/cifar/', dataset='cifar100', epochs=200, eval_batch_size=1000, file_name='KD_seed-1_cycles-4_KDfrac-0.9_T-2', global_rand_seed=-1, loss_kd_frac=0.9, lr=0.1, model_name='ResNet10_s', momentum=0.9, pretrained_student=True, print_freq=100, print_freq_eval=100, rand_seed=1, save_dir='./kd_results/', sched_cycles=4, teacher='ResNet10_l', temperature=2, wd=0.0005, workers=8)
Train:45000	, Valid:5000	, Test:10000

Student: ResNet10_s
using pretrained student model from /home/anmolreddy/ce_results/CE_with_seed-1_cycles-4_cifar100-ResNet10_smodel_best.pth.tar
***[2023-05-09 08:23:24]*** before training [Student(CE)] Test loss = 1.772275, accuracy@1 = 51.45, accuracy@5 = 81.31, error@1 = 48.55, error@5 = 18.69
Scheduling LR update to student 4 time at 50-epoch intervals
***[2023-05-09 08:23:27]*** [Teacher] Test loss = 1.045213, accuracy@1 = 70.72, accuracy@5 = 92.22, error@1 = 29.28, error@5 = 7.78
model information : EfficientNetV2_s (CIFAR)
--------------------------------------------------
[Student]Params=0.08 MB, FLOPs=4.16 M ... = 0.00 G
--------------------------------------------------

Started EPOCH:0
[TRAIN] E: [0][ 0/45]	Loss 2.1457e+00 (2.1457e+00)	Acc@1  39.50 ( 39.50)	Acc@5  68.80 ( 68.80)
[TRAIN] E: [0][44/45]	Loss 2.3134e+00 (2.2157e+00)	Acc@1  35.00 ( 35.94)	Acc@5  63.90 ( 66.33)
[EVAL] E: [0][0/5]	Loss 3.4586e+00 (3.4586e+00)	Acc@1  25.40 ( 25.40)	Acc@5  50.10 ( 50.10)
[EVAL] E: [0][4/5]	Loss 3.4209e+00 (3.4765e+00)	Acc@1  24.80 ( 24.40)	Acc@5  51.50 ( 50.54)
		 Valid eval after epoch: loss:3.4765	latest_acc:24.40	LR:0.10 -- best valacc 24.40

Started EPOCH:1
[TRAIN] E: [1][ 0/45]	Loss 2.2558e+00 (2.2558e+00)	Acc@1  37.30 ( 37.30)	Acc@5  64.90 ( 64.90)
[TRAIN] E: [1][44/45]	Loss 2.1208e+00 (2.2321e+00)	Acc@1  34.70 ( 35.11)	Acc@5  66.40 ( 65.12)
[EVAL] E: [1][0/5]	Loss 3.3567e+00 (3.3567e+00)	Acc@1  25.90 ( 25.90)	Acc@5  54.70 ( 54.70)
[EVAL] E: [1][4/5]	Loss 3.3624e+00 (3.3885e+00)	Acc@1  24.30 ( 25.28)	Acc@5  55.10 ( 53.66)
		 Valid eval after epoch: loss:3.3885	latest_acc:25.28	LR:0.10 -- best valacc 25.28

Started EPOCH:2
[TRAIN] E: [2][ 0/45]	Loss 2.0916e+00 (2.0916e+00)	Acc@1  35.10 ( 35.10)	Acc@5  64.80 ( 64.80)
[TRAIN] E: [2][44/45]	Loss 2.1377e+00 (2.1969e+00)	Acc@1  36.10 ( 35.43)	Acc@5  66.60 ( 65.76)
[EVAL] E: [2][0/5]	Loss 3.3022e+00 (3.3022e+00)	Acc@1  27.20 ( 27.20)	Acc@5  52.30 ( 52.30)
[EVAL] E: [2][4/5]	Loss 3.3308e+00 (3.3859e+00)	Acc@1  25.50 ( 25.08)	Acc@5  54.30 ( 51.96)
		 Valid eval after epoch: loss:3.3859	latest_acc:25.08	LR:0.10 -- best valacc 25.28

Started EPOCH:3
[TRAIN] E: [3][ 0/45]	Loss 2.1564e+00 (2.1564e+00)	Acc@1  37.40 ( 37.40)	Acc@5  68.10 ( 68.10)
[TRAIN] E: [3][44/45]	Loss 2.1112e+00 (2.1729e+00)	Acc@1  35.20 ( 35.13)	Acc@5  66.90 ( 65.73)
[EVAL] E: [3][0/5]	Loss 3.1120e+00 (3.1120e+00)	Acc@1  28.00 ( 28.00)	Acc@5  57.60 ( 57.60)
[EVAL] E: [3][4/5]	Loss 3.1948e+00 (3.1851e+00)	Acc@1  27.10 ( 26.94)	Acc@5  56.00 ( 55.74)
		 Valid eval after epoch: loss:3.1851	latest_acc:26.94	LR:0.10 -- best valacc 26.94

Started EPOCH:4
[TRAIN] E: [4][ 0/45]	Loss 2.0823e+00 (2.0823e+00)	Acc@1  36.00 ( 36.00)	Acc@5  68.00 ( 68.00)
[TRAIN] E: [4][44/45]	Loss 2.2035e+00 (2.1653e+00)	Acc@1  35.30 ( 35.69)	Acc@5  66.70 ( 65.64)
[EVAL] E: [4][0/5]	Loss 3.0172e+00 (3.0172e+00)	Acc@1  29.50 ( 29.50)	Acc@5  59.20 ( 59.20)
[EVAL] E: [4][4/5]	Loss 2.9384e+00 (3.0004e+00)	Acc@1  30.40 ( 29.78)	Acc@5  60.80 ( 59.26)
		 Valid eval after epoch: loss:3.0004	latest_acc:29.78	LR:0.10 -- best valacc 29.78

Started EPOCH:5
[TRAIN] E: [5][ 0/45]	Loss 2.1589e+00 (2.1589e+00)	Acc@1  35.60 ( 35.60)	Acc@5  65.30 ( 65.30)
[TRAIN] E: [5][44/45]	Loss 2.0218e+00 (2.1362e+00)	Acc@1  34.10 ( 35.80)	Acc@5  64.30 ( 66.02)
[EVAL] E: [5][0/5]	Loss 3.1937e+00 (3.1937e+00)	Acc@1  27.70 ( 27.70)	Acc@5  55.00 ( 55.00)
[EVAL] E: [5][4/5]	Loss 3.0551e+00 (3.1974e+00)	Acc@1  28.90 ( 27.46)	Acc@5  58.20 ( 55.42)
		 Valid eval after epoch: loss:3.1974	latest_acc:27.46	LR:0.10 -- best valacc 29.78

Started EPOCH:6
[TRAIN] E: [6][ 0/45]	Loss 2.0934e+00 (2.0934e+00)	Acc@1  35.30 ( 35.30)	Acc@5  65.50 ( 65.50)
[TRAIN] E: [6][44/45]	Loss 2.1085e+00 (2.1274e+00)	Acc@1  37.20 ( 35.93)	Acc@5  67.40 ( 66.44)
[EVAL] E: [6][0/5]	Loss 3.3916e+00 (3.3916e+00)	Acc@1  23.90 ( 23.90)	Acc@5  51.30 ( 51.30)
[EVAL] E: [6][4/5]	Loss 3.4681e+00 (3.5125e+00)	Acc@1  24.30 ( 22.88)	Acc@5  50.70 ( 49.94)
		 Valid eval after epoch: loss:3.5125	latest_acc:22.88	LR:0.10 -- best valacc 29.78

Started EPOCH:7
[TRAIN] E: [7][ 0/45]	Loss 2.1998e+00 (2.1998e+00)	Acc@1  35.00 ( 35.00)	Acc@5  65.90 ( 65.90)
[TRAIN] E: [7][44/45]	Loss 2.1093e+00 (2.1121e+00)	Acc@1  36.50 ( 36.15)	Acc@5  64.30 ( 66.73)
[EVAL] E: [7][0/5]	Loss 3.0199e+00 (3.0199e+00)	Acc@1  26.70 ( 26.70)	Acc@5  55.90 ( 55.90)
[EVAL] E: [7][4/5]	Loss 2.8788e+00 (2.9807e+00)	Acc@1  30.50 ( 28.20)	Acc@5  60.20 ( 57.44)
		 Valid eval after epoch: loss:2.9807	latest_acc:28.20	LR:0.09 -- best valacc 29.78

Started EPOCH:8
[TRAIN] E: [8][ 0/45]	Loss 2.0763e+00 (2.0763e+00)	Acc@1  35.80 ( 35.80)	Acc@5  65.40 ( 65.40)
[TRAIN] E: [8][44/45]	Loss 2.1110e+00 (2.0875e+00)	Acc@1  38.30 ( 36.48)	Acc@5  67.30 ( 66.83)
[EVAL] E: [8][0/5]	Loss 3.1889e+00 (3.1889e+00)	Acc@1  26.10 ( 26.10)	Acc@5  54.60 ( 54.60)
[EVAL] E: [8][4/5]	Loss 3.2952e+00 (3.3009e+00)	Acc@1  23.90 ( 23.96)	Acc@5  53.40 ( 52.58)
		 Valid eval after epoch: loss:3.3009	latest_acc:23.96	LR:0.09 -- best valacc 29.78

Started EPOCH:9
[TRAIN] E: [9][ 0/45]	Loss 2.1001e+00 (2.1001e+00)	Acc@1  35.90 ( 35.90)	Acc@5  68.30 ( 68.30)
[TRAIN] E: [9][44/45]	Loss 2.0906e+00 (2.0742e+00)	Acc@1  37.10 ( 36.39)	Acc@5  66.50 ( 66.78)
[EVAL] E: [9][0/5]	Loss 3.4621e+00 (3.4621e+00)	Acc@1  24.20 ( 24.20)	Acc@5  50.80 ( 50.80)
[EVAL] E: [9][4/5]	Loss 3.3635e+00 (3.4780e+00)	Acc@1  24.60 ( 23.90)	Acc@5  52.70 ( 50.88)
		 Valid eval after epoch: loss:3.4780	latest_acc:23.90	LR:0.09 -- best valacc 29.78

Started EPOCH:10
[TRAIN] E: [10][ 0/45]	Loss 2.0992e+00 (2.0992e+00)	Acc@1  36.20 ( 36.20)	Acc@5  68.30 ( 68.30)
[TRAIN] E: [10][44/45]	Loss 2.0830e+00 (2.0765e+00)	Acc@1  39.30 ( 36.59)	Acc@5  69.40 ( 66.90)
[EVAL] E: [10][0/5]	Loss 3.2993e+00 (3.2993e+00)	Acc@1  25.80 ( 25.80)	Acc@5  53.10 ( 53.10)
[EVAL] E: [10][4/5]	Loss 3.3128e+00 (3.3453e+00)	Acc@1  24.80 ( 24.90)	Acc@5  52.50 ( 52.26)
		 Valid eval after epoch: loss:3.3453	latest_acc:24.90	LR:0.09 -- best valacc 29.78

Started EPOCH:11
[TRAIN] E: [11][ 0/45]	Loss 1.9946e+00 (1.9946e+00)	Acc@1  36.70 ( 36.70)	Acc@5  67.50 ( 67.50)
[TRAIN] E: [11][44/45]	Loss 2.1194e+00 (2.0384e+00)	Acc@1  35.30 ( 36.77)	Acc@5  66.60 ( 67.29)
[EVAL] E: [11][0/5]	Loss 3.0092e+00 (3.0092e+00)	Acc@1  27.00 ( 27.00)	Acc@5  58.20 ( 58.20)
[EVAL] E: [11][4/5]	Loss 3.0550e+00 (3.0297e+00)	Acc@1  29.90 ( 28.84)	Acc@5  57.10 ( 57.68)
		 Valid eval after epoch: loss:3.0297	latest_acc:28.84	LR:0.09 -- best valacc 29.78

Started EPOCH:12
[TRAIN] E: [12][ 0/45]	Loss 1.9963e+00 (1.9963e+00)	Acc@1  34.50 ( 34.50)	Acc@5  64.90 ( 64.90)
[TRAIN] E: [12][44/45]	Loss 1.9197e+00 (2.0312e+00)	Acc@1  38.10 ( 37.01)	Acc@5  68.80 ( 67.41)
[EVAL] E: [12][0/5]	Loss 3.4069e+00 (3.4069e+00)	Acc@1  25.80 ( 25.80)	Acc@5  54.00 ( 54.00)
[EVAL] E: [12][4/5]	Loss 3.4663e+00 (3.5480e+00)	Acc@1  24.20 ( 23.40)	Acc@5  52.50 ( 50.98)
		 Valid eval after epoch: loss:3.5480	latest_acc:23.40	LR:0.08 -- best valacc 29.78

Started EPOCH:13
[TRAIN] E: [13][ 0/45]	Loss 2.0182e+00 (2.0182e+00)	Acc@1  36.80 ( 36.80)	Acc@5  64.50 ( 64.50)
[TRAIN] E: [13][44/45]	Loss 2.0752e+00 (2.0222e+00)	Acc@1  34.50 ( 36.91)	Acc@5  63.60 ( 67.35)
[EVAL] E: [13][0/5]	Loss 2.9802e+00 (2.9802e+00)	Acc@1  31.10 ( 31.10)	Acc@5  59.30 ( 59.30)
[EVAL] E: [13][4/5]	Loss 3.0848e+00 (3.1260e+00)	Acc@1  30.70 ( 29.48)	Acc@5  54.70 ( 56.42)
		 Valid eval after epoch: loss:3.1260	latest_acc:29.48	LR:0.08 -- best valacc 29.78

Started EPOCH:14
[TRAIN] E: [14][ 0/45]	Loss 2.0677e+00 (2.0677e+00)	Acc@1  36.50 ( 36.50)	Acc@5  68.20 ( 68.20)
[TRAIN] E: [14][44/45]	Loss 2.0685e+00 (2.0056e+00)	Acc@1  36.30 ( 37.32)	Acc@5  66.60 ( 67.59)
[EVAL] E: [14][0/5]	Loss 3.2618e+00 (3.2618e+00)	Acc@1  25.60 ( 25.60)	Acc@5  56.10 ( 56.10)
[EVAL] E: [14][4/5]	Loss 3.3293e+00 (3.3599e+00)	Acc@1  26.10 ( 25.46)	Acc@5  53.40 ( 54.34)
		 Valid eval after epoch: loss:3.3599	latest_acc:25.46	LR:0.08 -- best valacc 29.78

Started EPOCH:15
[TRAIN] E: [15][ 0/45]	Loss 2.0208e+00 (2.0208e+00)	Acc@1  40.20 ( 40.20)	Acc@5  68.00 ( 68.00)
[TRAIN] E: [15][44/45]	Loss 2.0507e+00 (1.9886e+00)	Acc@1  38.00 ( 37.62)	Acc@5  68.10 ( 67.66)
[EVAL] E: [15][0/5]	Loss 3.1063e+00 (3.1063e+00)	Acc@1  28.20 ( 28.20)	Acc@5  58.20 ( 58.20)
[EVAL] E: [15][4/5]	Loss 3.2029e+00 (3.1614e+00)	Acc@1  27.70 ( 27.68)	Acc@5  56.90 ( 56.96)
		 Valid eval after epoch: loss:3.1614	latest_acc:27.68	LR:0.08 -- best valacc 29.78

Started EPOCH:16
[TRAIN] E: [16][ 0/45]	Loss 1.9836e+00 (1.9836e+00)	Acc@1  40.00 ( 40.00)	Acc@5  69.20 ( 69.20)
[TRAIN] E: [16][44/45]	Loss 1.9743e+00 (1.9732e+00)	Acc@1  36.80 ( 37.89)	Acc@5  66.50 ( 67.92)
[EVAL] E: [16][0/5]	Loss 3.1929e+00 (3.1929e+00)	Acc@1  27.70 ( 27.70)	Acc@5  56.40 ( 56.40)
[EVAL] E: [16][4/5]	Loss 3.1031e+00 (3.2134e+00)	Acc@1  27.60 ( 27.44)	Acc@5  57.50 ( 55.98)
		 Valid eval after epoch: loss:3.2134	latest_acc:27.44	LR:0.07 -- best valacc 29.78

Started EPOCH:17
[TRAIN] E: [17][ 0/45]	Loss 1.9135e+00 (1.9135e+00)	Acc@1  37.30 ( 37.30)	Acc@5  68.60 ( 68.60)
[TRAIN] E: [17][44/45]	Loss 2.0024e+00 (1.9903e+00)	Acc@1  37.70 ( 37.50)	Acc@5  69.10 ( 67.64)
[EVAL] E: [17][0/5]	Loss 2.6962e+00 (2.6962e+00)	Acc@1  32.20 ( 32.20)	Acc@5  64.10 ( 64.10)
[EVAL] E: [17][4/5]	Loss 2.6260e+00 (2.7045e+00)	Acc@1  36.40 ( 33.32)	Acc@5  65.50 ( 63.60)
		 Valid eval after epoch: loss:2.7045	latest_acc:33.32	LR:0.07 -- best valacc 33.32

Started EPOCH:18
[TRAIN] E: [18][ 0/45]	Loss 1.8838e+00 (1.8838e+00)	Acc@1  37.20 ( 37.20)	Acc@5  69.00 ( 69.00)
[TRAIN] E: [18][44/45]	Loss 1.9471e+00 (1.9592e+00)	Acc@1  36.60 ( 37.51)	Acc@5  70.90 ( 68.02)
[EVAL] E: [18][0/5]	Loss 3.2627e+00 (3.2627e+00)	Acc@1  27.00 ( 27.00)	Acc@5  53.40 ( 53.40)
[EVAL] E: [18][4/5]	Loss 3.3064e+00 (3.3398e+00)	Acc@1  26.30 ( 26.28)	Acc@5  54.70 ( 53.72)
		 Valid eval after epoch: loss:3.3398	latest_acc:26.28	LR:0.07 -- best valacc 33.32

Started EPOCH:19
[TRAIN] E: [19][ 0/45]	Loss 1.9451e+00 (1.9451e+00)	Acc@1  37.80 ( 37.80)	Acc@5  67.10 ( 67.10)
[TRAIN] E: [19][44/45]	Loss 1.9877e+00 (1.9508e+00)	Acc@1  36.90 ( 37.89)	Acc@5  64.80 ( 67.73)
[EVAL] E: [19][0/5]	Loss 2.7053e+00 (2.7053e+00)	Acc@1  31.60 ( 31.60)	Acc@5  64.70 ( 64.70)
[EVAL] E: [19][4/5]	Loss 2.6173e+00 (2.6882e+00)	Acc@1  34.80 ( 32.52)	Acc@5  64.80 ( 63.82)
		 Valid eval after epoch: loss:2.6882	latest_acc:32.52	LR:0.07 -- best valacc 33.32

Started EPOCH:20
[TRAIN] E: [20][ 0/45]	Loss 1.9444e+00 (1.9444e+00)	Acc@1  39.10 ( 39.10)	Acc@5  68.40 ( 68.40)
[TRAIN] E: [20][44/45]	Loss 1.9568e+00 (1.9369e+00)	Acc@1  38.40 ( 38.18)	Acc@5  68.10 ( 68.39)
[EVAL] E: [20][0/5]	Loss 2.5921e+00 (2.5921e+00)	Acc@1  36.40 ( 36.40)	Acc@5  65.30 ( 65.30)
[EVAL] E: [20][4/5]	Loss 2.6061e+00 (2.6267e+00)	Acc@1  33.60 ( 35.30)	Acc@5  65.40 ( 64.56)
		 Valid eval after epoch: loss:2.6267	latest_acc:35.30	LR:0.06 -- best valacc 35.30

Started EPOCH:21
[TRAIN] E: [21][ 0/45]	Loss 1.8902e+00 (1.8902e+00)	Acc@1  35.80 ( 35.80)	Acc@5  65.70 ( 65.70)
[TRAIN] E: [21][44/45]	Loss 1.9694e+00 (1.9243e+00)	Acc@1  40.90 ( 38.35)	Acc@5  69.80 ( 68.57)
[EVAL] E: [21][0/5]	Loss 2.9484e+00 (2.9484e+00)	Acc@1  31.30 ( 31.30)	Acc@5  59.70 ( 59.70)
[EVAL] E: [21][4/5]	Loss 2.9341e+00 (2.9513e+00)	Acc@1  30.80 ( 30.58)	Acc@5  59.20 ( 59.10)
		 Valid eval after epoch: loss:2.9513	latest_acc:30.58	LR:0.06 -- best valacc 35.30

Started EPOCH:22
[TRAIN] E: [22][ 0/45]	Loss 1.8794e+00 (1.8794e+00)	Acc@1  38.20 ( 38.20)	Acc@5  68.50 ( 68.50)
[TRAIN] E: [22][44/45]	Loss 1.9435e+00 (1.9092e+00)	Acc@1  38.50 ( 38.19)	Acc@5  67.70 ( 68.85)
[EVAL] E: [22][0/5]	Loss 2.4941e+00 (2.4941e+00)	Acc@1  37.90 ( 37.90)	Acc@5  67.20 ( 67.20)
[EVAL] E: [22][4/5]	Loss 2.5396e+00 (2.5866e+00)	Acc@1  35.60 ( 35.06)	Acc@5  65.20 ( 65.34)
		 Valid eval after epoch: loss:2.5866	latest_acc:35.06	LR:0.06 -- best valacc 35.30

Started EPOCH:23
[TRAIN] E: [23][ 0/45]	Loss 1.9225e+00 (1.9225e+00)	Acc@1  39.40 ( 39.40)	Acc@5  68.10 ( 68.10)
[TRAIN] E: [23][44/45]	Loss 1.8853e+00 (1.8944e+00)	Acc@1  37.20 ( 38.32)	Acc@5  66.90 ( 68.35)
[EVAL] E: [23][0/5]	Loss 2.7689e+00 (2.7689e+00)	Acc@1  31.00 ( 31.00)	Acc@5  61.90 ( 61.90)
[EVAL] E: [23][4/5]	Loss 2.7781e+00 (2.8170e+00)	Acc@1  32.60 ( 31.32)	Acc@5  61.50 ( 61.08)
		 Valid eval after epoch: loss:2.8170	latest_acc:31.32	LR:0.05 -- best valacc 35.30

Started EPOCH:24
[TRAIN] E: [24][ 0/45]	Loss 1.9107e+00 (1.9107e+00)	Acc@1  37.80 ( 37.80)	Acc@5  68.30 ( 68.30)
[TRAIN] E: [24][44/45]	Loss 1.8809e+00 (1.8888e+00)	Acc@1  37.80 ( 38.72)	Acc@5  69.10 ( 69.16)
[EVAL] E: [24][0/5]	Loss 2.8648e+00 (2.8648e+00)	Acc@1  31.50 ( 31.50)	Acc@5  60.80 ( 60.80)
[EVAL] E: [24][4/5]	Loss 2.8513e+00 (2.9084e+00)	Acc@1  31.90 ( 31.22)	Acc@5  59.60 ( 59.74)
		 Valid eval after epoch: loss:2.9084	latest_acc:31.22	LR:0.05 -- best valacc 35.30

Started EPOCH:25
[TRAIN] E: [25][ 0/45]	Loss 1.9211e+00 (1.9211e+00)	Acc@1  39.70 ( 39.70)	Acc@5  69.20 ( 69.20)
[TRAIN] E: [25][44/45]	Loss 1.8678e+00 (1.8757e+00)	Acc@1  40.80 ( 39.07)	Acc@5  69.60 ( 69.36)
[EVAL] E: [25][0/5]	Loss 2.6624e+00 (2.6624e+00)	Acc@1  33.30 ( 33.30)	Acc@5  63.70 ( 63.70)
[EVAL] E: [25][4/5]	Loss 2.5334e+00 (2.6170e+00)	Acc@1  36.70 ( 34.74)	Acc@5  66.40 ( 65.08)
		 Valid eval after epoch: loss:2.6170	latest_acc:34.74	LR:0.05 -- best valacc 35.30

Started EPOCH:26
[TRAIN] E: [26][ 0/45]	Loss 1.8055e+00 (1.8055e+00)	Acc@1  39.90 ( 39.90)	Acc@5  68.40 ( 68.40)
[TRAIN] E: [26][44/45]	Loss 1.9691e+00 (1.8616e+00)	Acc@1  37.90 ( 38.98)	Acc@5  70.70 ( 69.49)
[EVAL] E: [26][0/5]	Loss 3.0645e+00 (3.0645e+00)	Acc@1  30.10 ( 30.10)	Acc@5  58.60 ( 58.60)
[EVAL] E: [26][4/5]	Loss 3.1787e+00 (3.1599e+00)	Acc@1  28.50 ( 29.04)	Acc@5  57.10 ( 56.68)
		 Valid eval after epoch: loss:3.1599	latest_acc:29.04	LR:0.04 -- best valacc 35.30

Started EPOCH:27
[TRAIN] E: [27][ 0/45]	Loss 1.8348e+00 (1.8348e+00)	Acc@1  38.40 ( 38.40)	Acc@5  69.90 ( 69.90)
[TRAIN] E: [27][44/45]	Loss 1.8135e+00 (1.8540e+00)	Acc@1  39.20 ( 38.99)	Acc@5  70.00 ( 69.45)
[EVAL] E: [27][0/5]	Loss 2.8062e+00 (2.8062e+00)	Acc@1  31.10 ( 31.10)	Acc@5  61.40 ( 61.40)
[EVAL] E: [27][4/5]	Loss 2.8645e+00 (2.8927e+00)	Acc@1  31.20 ( 31.10)	Acc@5  58.50 ( 59.68)
		 Valid eval after epoch: loss:2.8927	latest_acc:31.10	LR:0.04 -- best valacc 35.30

Started EPOCH:28
[TRAIN] E: [28][ 0/45]	Loss 1.7778e+00 (1.7778e+00)	Acc@1  38.30 ( 38.30)	Acc@5  68.90 ( 68.90)
[TRAIN] E: [28][44/45]	Loss 1.8231e+00 (1.8377e+00)	Acc@1  37.70 ( 38.98)	Acc@5  68.80 ( 69.53)
[EVAL] E: [28][0/5]	Loss 2.7052e+00 (2.7052e+00)	Acc@1  32.80 ( 32.80)	Acc@5  62.50 ( 62.50)
[EVAL] E: [28][4/5]	Loss 2.6308e+00 (2.7384e+00)	Acc@1  35.50 ( 33.24)	Acc@5  65.10 ( 63.06)
		 Valid eval after epoch: loss:2.7384	latest_acc:33.24	LR:0.04 -- best valacc 35.30

Started EPOCH:29
[TRAIN] E: [29][ 0/45]	Loss 1.9490e+00 (1.9490e+00)	Acc@1  38.10 ( 38.10)	Acc@5  67.40 ( 67.40)
[TRAIN] E: [29][44/45]	Loss 1.8200e+00 (1.8314e+00)	Acc@1  40.80 ( 39.57)	Acc@5  68.50 ( 69.54)
[EVAL] E: [29][0/5]	Loss 2.5203e+00 (2.5203e+00)	Acc@1  36.80 ( 36.80)	Acc@5  68.20 ( 68.20)
[EVAL] E: [29][4/5]	Loss 2.4850e+00 (2.5471e+00)	Acc@1  38.50 ( 36.94)	Acc@5  68.60 ( 67.02)
		 Valid eval after epoch: loss:2.5471	latest_acc:36.94	LR:0.03 -- best valacc 36.94

Started EPOCH:30
[TRAIN] E: [30][ 0/45]	Loss 1.7907e+00 (1.7907e+00)	Acc@1  38.50 ( 38.50)	Acc@5  69.50 ( 69.50)
[TRAIN] E: [30][44/45]	Loss 1.8442e+00 (1.8279e+00)	Acc@1  38.00 ( 39.46)	Acc@5  69.30 ( 69.52)
[EVAL] E: [30][0/5]	Loss 2.4573e+00 (2.4573e+00)	Acc@1  38.00 ( 38.00)	Acc@5  68.30 ( 68.30)
[EVAL] E: [30][4/5]	Loss 2.4803e+00 (2.5000e+00)	Acc@1  37.40 ( 36.96)	Acc@5  67.90 ( 66.88)
		 Valid eval after epoch: loss:2.5000	latest_acc:36.96	LR:0.03 -- best valacc 36.96

Started EPOCH:31
[TRAIN] E: [31][ 0/45]	Loss 1.8351e+00 (1.8351e+00)	Acc@1  37.50 ( 37.50)	Acc@5  68.40 ( 68.40)
[TRAIN] E: [31][44/45]	Loss 1.8405e+00 (1.8096e+00)	Acc@1  39.60 ( 39.47)	Acc@5  69.60 ( 69.70)
[EVAL] E: [31][0/5]	Loss 2.5177e+00 (2.5177e+00)	Acc@1  37.00 ( 37.00)	Acc@5  66.10 ( 66.10)
[EVAL] E: [31][4/5]	Loss 2.4436e+00 (2.4849e+00)	Acc@1  37.30 ( 36.56)	Acc@5  67.30 ( 66.98)
		 Valid eval after epoch: loss:2.4849	latest_acc:36.56	LR:0.03 -- best valacc 36.96

Started EPOCH:32
[TRAIN] E: [32][ 0/45]	Loss 1.8467e+00 (1.8467e+00)	Acc@1  37.20 ( 37.20)	Acc@5  67.70 ( 67.70)
[TRAIN] E: [32][44/45]	Loss 1.7729e+00 (1.7963e+00)	Acc@1  39.60 ( 39.46)	Acc@5  70.00 ( 69.71)
[EVAL] E: [32][0/5]	Loss 2.6121e+00 (2.6121e+00)	Acc@1  35.60 ( 35.60)	Acc@5  65.30 ( 65.30)
[EVAL] E: [32][4/5]	Loss 2.4799e+00 (2.6039e+00)	Acc@1  36.60 ( 35.34)	Acc@5  67.30 ( 65.28)
		 Valid eval after epoch: loss:2.6039	latest_acc:35.34	LR:0.03 -- best valacc 36.96

Started EPOCH:33
[TRAIN] E: [33][ 0/45]	Loss 1.8125e+00 (1.8125e+00)	Acc@1  40.30 ( 40.30)	Acc@5  71.90 ( 71.90)
[TRAIN] E: [33][44/45]	Loss 1.8062e+00 (1.7971e+00)	Acc@1  37.30 ( 40.17)	Acc@5  68.00 ( 69.86)
[EVAL] E: [33][0/5]	Loss 2.3613e+00 (2.3613e+00)	Acc@1  38.20 ( 38.20)	Acc@5  68.70 ( 68.70)
[EVAL] E: [33][4/5]	Loss 2.3467e+00 (2.4638e+00)	Acc@1  41.20 ( 38.12)	Acc@5  70.50 ( 67.30)
		 Valid eval after epoch: loss:2.4638	latest_acc:38.12	LR:0.02 -- best valacc 38.12

Started EPOCH:34
[TRAIN] E: [34][ 0/45]	Loss 1.6923e+00 (1.6923e+00)	Acc@1  41.00 ( 41.00)	Acc@5  70.10 ( 70.10)
[TRAIN] E: [34][44/45]	Loss 1.7643e+00 (1.7829e+00)	Acc@1  38.50 ( 40.15)	Acc@5  68.00 ( 70.25)
[EVAL] E: [34][0/5]	Loss 2.4222e+00 (2.4222e+00)	Acc@1  39.70 ( 39.70)	Acc@5  69.00 ( 69.00)
[EVAL] E: [34][4/5]	Loss 2.5289e+00 (2.5315e+00)	Acc@1  38.60 ( 36.86)	Acc@5  65.40 ( 66.64)
		 Valid eval after epoch: loss:2.5315	latest_acc:36.86	LR:0.02 -- best valacc 38.12

Started EPOCH:35
[TRAIN] E: [35][ 0/45]	Loss 1.7689e+00 (1.7689e+00)	Acc@1  41.80 ( 41.80)	Acc@5  72.40 ( 72.40)
[TRAIN] E: [35][44/45]	Loss 1.7107e+00 (1.7698e+00)	Acc@1  39.50 ( 40.52)	Acc@5  71.80 ( 70.60)
[EVAL] E: [35][0/5]	Loss 2.5410e+00 (2.5410e+00)	Acc@1  36.80 ( 36.80)	Acc@5  65.60 ( 65.60)
[EVAL] E: [35][4/5]	Loss 2.5217e+00 (2.5273e+00)	Acc@1  37.40 ( 36.90)	Acc@5  66.50 ( 65.80)
		 Valid eval after epoch: loss:2.5273	latest_acc:36.90	LR:0.02 -- best valacc 38.12

Started EPOCH:36
[TRAIN] E: [36][ 0/45]	Loss 1.7337e+00 (1.7337e+00)	Acc@1  38.10 ( 38.10)	Acc@5  70.30 ( 70.30)
[TRAIN] E: [36][44/45]	Loss 1.7241e+00 (1.7562e+00)	Acc@1  38.90 ( 40.24)	Acc@5  71.20 ( 70.85)
[EVAL] E: [36][0/5]	Loss 2.5061e+00 (2.5061e+00)	Acc@1  39.30 ( 39.30)	Acc@5  66.30 ( 66.30)
[EVAL] E: [36][4/5]	Loss 2.4472e+00 (2.5163e+00)	Acc@1  37.50 ( 37.14)	Acc@5  67.30 ( 67.22)
		 Valid eval after epoch: loss:2.5163	latest_acc:37.14	LR:0.02 -- best valacc 38.12

Started EPOCH:37
[TRAIN] E: [37][ 0/45]	Loss 1.7605e+00 (1.7605e+00)	Acc@1  41.50 ( 41.50)	Acc@5  70.10 ( 70.10)
[TRAIN] E: [37][44/45]	Loss 1.7868e+00 (1.7502e+00)	Acc@1  40.50 ( 40.50)	Acc@5  72.10 ( 70.29)
[EVAL] E: [37][0/5]	Loss 2.4810e+00 (2.4810e+00)	Acc@1  37.10 ( 37.10)	Acc@5  67.30 ( 67.30)
[EVAL] E: [37][4/5]	Loss 2.4923e+00 (2.4827e+00)	Acc@1  37.80 ( 37.68)	Acc@5  67.50 ( 67.84)
		 Valid eval after epoch: loss:2.4827	latest_acc:37.68	LR:0.01 -- best valacc 38.12

Started EPOCH:38
[TRAIN] E: [38][ 0/45]	Loss 1.7231e+00 (1.7231e+00)	Acc@1  41.40 ( 41.40)	Acc@5  72.00 ( 72.00)
[TRAIN] E: [38][44/45]	Loss 1.7383e+00 (1.7361e+00)	Acc@1  41.40 ( 40.42)	Acc@5  73.00 ( 70.44)
[EVAL] E: [38][0/5]	Loss 2.3105e+00 (2.3105e+00)	Acc@1  40.50 ( 40.50)	Acc@5  71.80 ( 71.80)
[EVAL] E: [38][4/5]	Loss 2.4360e+00 (2.4103e+00)	Acc@1  37.90 ( 38.34)	Acc@5  67.80 ( 69.40)
		 Valid eval after epoch: loss:2.4103	latest_acc:38.34	LR:0.01 -- best valacc 38.34

Started EPOCH:39
[TRAIN] E: [39][ 0/45]	Loss 1.6936e+00 (1.6936e+00)	Acc@1  40.90 ( 40.90)	Acc@5  70.80 ( 70.80)
[TRAIN] E: [39][44/45]	Loss 1.6799e+00 (1.7322e+00)	Acc@1  45.00 ( 40.87)	Acc@5  74.20 ( 70.84)
[EVAL] E: [39][0/5]	Loss 2.4158e+00 (2.4158e+00)	Acc@1  38.00 ( 38.00)	Acc@5  70.10 ( 70.10)
[EVAL] E: [39][4/5]	Loss 2.3304e+00 (2.4084e+00)	Acc@1  40.40 ( 38.62)	Acc@5  70.60 ( 68.68)
		 Valid eval after epoch: loss:2.4084	latest_acc:38.62	LR:0.01 -- best valacc 38.62

Started EPOCH:40
[TRAIN] E: [40][ 0/45]	Loss 1.7547e+00 (1.7547e+00)	Acc@1  40.80 ( 40.80)	Acc@5  70.10 ( 70.10)
[TRAIN] E: [40][44/45]	Loss 1.7459e+00 (1.7342e+00)	Acc@1  42.40 ( 40.68)	Acc@5  71.40 ( 70.89)
[EVAL] E: [40][0/5]	Loss 2.4022e+00 (2.4022e+00)	Acc@1  40.30 ( 40.30)	Acc@5  69.40 ( 69.40)
[EVAL] E: [40][4/5]	Loss 2.3286e+00 (2.4220e+00)	Acc@1  41.00 ( 38.86)	Acc@5  70.10 ( 68.66)
		 Valid eval after epoch: loss:2.4220	latest_acc:38.86	LR:0.01 -- best valacc 38.86

Started EPOCH:41
[TRAIN] E: [41][ 0/45]	Loss 1.7359e+00 (1.7359e+00)	Acc@1  41.30 ( 41.30)	Acc@5  72.10 ( 72.10)
[TRAIN] E: [41][44/45]	Loss 1.7473e+00 (1.7293e+00)	Acc@1  41.00 ( 40.98)	Acc@5  69.50 ( 70.75)
[EVAL] E: [41][0/5]	Loss 2.4542e+00 (2.4542e+00)	Acc@1  38.30 ( 38.30)	Acc@5  68.40 ( 68.40)
[EVAL] E: [41][4/5]	Loss 2.4478e+00 (2.5023e+00)	Acc@1  38.70 ( 37.22)	Acc@5  68.80 ( 67.84)
		 Valid eval after epoch: loss:2.5023	latest_acc:37.22	LR:0.01 -- best valacc 38.86

Started EPOCH:42
[TRAIN] E: [42][ 0/45]	Loss 1.7139e+00 (1.7139e+00)	Acc@1  41.40 ( 41.40)	Acc@5  71.70 ( 71.70)
[TRAIN] E: [42][44/45]	Loss 1.6971e+00 (1.7156e+00)	Acc@1  41.10 ( 40.73)	Acc@5  71.10 ( 70.88)
[EVAL] E: [42][0/5]	Loss 2.3116e+00 (2.3116e+00)	Acc@1  40.30 ( 40.30)	Acc@5  69.80 ( 69.80)
[EVAL] E: [42][4/5]	Loss 2.3232e+00 (2.3599e+00)	Acc@1  41.10 ( 39.94)	Acc@5  70.80 ( 69.86)
		 Valid eval after epoch: loss:2.3599	latest_acc:39.94	LR:0.00 -- best valacc 39.94

Started EPOCH:43
[TRAIN] E: [43][ 0/45]	Loss 1.7182e+00 (1.7182e+00)	Acc@1  42.10 ( 42.10)	Acc@5  70.20 ( 70.20)
[TRAIN] E: [43][44/45]	Loss 1.7131e+00 (1.7090e+00)	Acc@1  39.30 ( 41.01)	Acc@5  69.40 ( 71.03)
[EVAL] E: [43][0/5]	Loss 2.3025e+00 (2.3025e+00)	Acc@1  40.00 ( 40.00)	Acc@5  71.00 ( 71.00)
[EVAL] E: [43][4/5]	Loss 2.3457e+00 (2.4161e+00)	Acc@1  40.30 ( 39.40)	Acc@5  69.80 ( 68.74)
		 Valid eval after epoch: loss:2.4161	latest_acc:39.40	LR:0.00 -- best valacc 39.94

Started EPOCH:44
[TRAIN] E: [44][ 0/45]	Loss 1.7223e+00 (1.7223e+00)	Acc@1  42.80 ( 42.80)	Acc@5  71.10 ( 71.10)
[TRAIN] E: [44][44/45]	Loss 1.7246e+00 (1.7101e+00)	Acc@1  39.40 ( 41.08)	Acc@5  69.60 ( 71.66)
[EVAL] E: [44][0/5]	Loss 2.3286e+00 (2.3286e+00)	Acc@1  40.00 ( 40.00)	Acc@5  71.20 ( 71.20)
[EVAL] E: [44][4/5]	Loss 2.2864e+00 (2.3870e+00)	Acc@1  42.10 ( 39.42)	Acc@5  69.70 ( 69.32)
		 Valid eval after epoch: loss:2.3870	latest_acc:39.42	LR:0.00 -- best valacc 39.94

Started EPOCH:45
[TRAIN] E: [45][ 0/45]	Loss 1.6865e+00 (1.6865e+00)	Acc@1  41.10 ( 41.10)	Acc@5  72.70 ( 72.70)
[TRAIN] E: [45][44/45]	Loss 1.6547e+00 (1.7024e+00)	Acc@1  40.50 ( 40.99)	Acc@5  71.90 ( 71.24)
[EVAL] E: [45][0/5]	Loss 2.3942e+00 (2.3942e+00)	Acc@1  39.10 ( 39.10)	Acc@5  70.00 ( 70.00)
[EVAL] E: [45][4/5]	Loss 2.4246e+00 (2.4282e+00)	Acc@1  38.70 ( 39.00)	Acc@5  68.70 ( 68.44)
		 Valid eval after epoch: loss:2.4282	latest_acc:39.00	LR:0.00 -- best valacc 39.94

Started EPOCH:46
[TRAIN] E: [46][ 0/45]	Loss 1.7296e+00 (1.7296e+00)	Acc@1  41.10 ( 41.10)	Acc@5  72.00 ( 72.00)
[TRAIN] E: [46][44/45]	Loss 1.6787e+00 (1.7006e+00)	Acc@1  40.50 ( 41.31)	Acc@5  71.40 ( 71.22)
[EVAL] E: [46][0/5]	Loss 2.3434e+00 (2.3434e+00)	Acc@1  39.30 ( 39.30)	Acc@5  69.30 ( 69.30)
[EVAL] E: [46][4/5]	Loss 2.3320e+00 (2.3753e+00)	Acc@1  42.10 ( 40.10)	Acc@5  69.80 ( 68.92)
		 Valid eval after epoch: loss:2.3753	latest_acc:40.10	LR:0.00 -- best valacc 40.10

Started EPOCH:47
[TRAIN] E: [47][ 0/45]	Loss 1.6404e+00 (1.6404e+00)	Acc@1  41.20 ( 41.20)	Acc@5  71.90 ( 71.90)
[TRAIN] E: [47][44/45]	Loss 1.7299e+00 (1.6947e+00)	Acc@1  40.20 ( 41.03)	Acc@5  70.80 ( 71.10)
[EVAL] E: [47][0/5]	Loss 2.3412e+00 (2.3412e+00)	Acc@1  39.00 ( 39.00)	Acc@5  71.60 ( 71.60)
[EVAL] E: [47][4/5]	Loss 2.2792e+00 (2.3505e+00)	Acc@1  40.60 ( 39.54)	Acc@5  71.10 ( 70.60)
		 Valid eval after epoch: loss:2.3505	latest_acc:39.54	LR:0.00 -- best valacc 40.10

Started EPOCH:48
[TRAIN] E: [48][ 0/45]	Loss 1.7052e+00 (1.7052e+00)	Acc@1  38.40 ( 38.40)	Acc@5  67.90 ( 67.90)
[TRAIN] E: [48][44/45]	Loss 1.6311e+00 (1.6963e+00)	Acc@1  41.10 ( 41.17)	Acc@5  71.50 ( 71.26)
[EVAL] E: [48][0/5]	Loss 2.3369e+00 (2.3369e+00)	Acc@1  42.20 ( 42.20)	Acc@5  68.40 ( 68.40)
[EVAL] E: [48][4/5]	Loss 2.2690e+00 (2.3527e+00)	Acc@1  41.00 ( 39.74)	Acc@5  71.40 ( 69.54)
		 Valid eval after epoch: loss:2.3527	latest_acc:39.74	LR:0.00 -- best valacc 40.10

Started EPOCH:49
[TRAIN] E: [49][ 0/45]	Loss 1.6668e+00 (1.6668e+00)	Acc@1  40.30 ( 40.30)	Acc@5  71.30 ( 71.30)
[TRAIN] E: [49][44/45]	Loss 1.7120e+00 (1.6951e+00)	Acc@1  42.60 ( 41.35)	Acc@5  71.40 ( 71.12)
[EVAL] E: [49][0/5]	Loss 2.3096e+00 (2.3096e+00)	Acc@1  41.00 ( 41.00)	Acc@5  68.90 ( 68.90)
[EVAL] E: [49][4/5]	Loss 2.3636e+00 (2.3866e+00)	Acc@1  41.80 ( 39.84)	Acc@5  68.80 ( 68.52)
		 Valid eval after epoch: loss:2.3866	latest_acc:39.84	LR:0.00 -- best valacc 40.10

Started EPOCH:50
[TRAIN] E: [50][ 0/45]	Loss 1.6951e+00 (1.6951e+00)	Acc@1  41.50 ( 41.50)	Acc@5  71.90 ( 71.90)
[TRAIN] E: [50][44/45]	Loss 1.7012e+00 (1.6948e+00)	Acc@1  43.00 ( 41.17)	Acc@5  75.40 ( 71.11)
[EVAL] E: [50][0/5]	Loss 2.3582e+00 (2.3582e+00)	Acc@1  39.00 ( 39.00)	Acc@5  69.90 ( 69.90)
[EVAL] E: [50][4/5]	Loss 2.3717e+00 (2.3894e+00)	Acc@1  41.70 ( 39.50)	Acc@5  70.30 ( 69.90)
		 Valid eval after epoch: loss:2.3894	latest_acc:39.50	LR:0.00 -- best valacc 40.10

Started EPOCH:51
[TRAIN] E: [51][ 0/45]	Loss 1.6615e+00 (1.6615e+00)	Acc@1  42.80 ( 42.80)	Acc@5  71.80 ( 71.80)
[TRAIN] E: [51][44/45]	Loss 1.6818e+00 (1.6919e+00)	Acc@1  40.50 ( 41.24)	Acc@5  70.20 ( 71.17)
[EVAL] E: [51][0/5]	Loss 2.4089e+00 (2.4089e+00)	Acc@1  39.40 ( 39.40)	Acc@5  69.50 ( 69.50)
[EVAL] E: [51][4/5]	Loss 2.3562e+00 (2.3699e+00)	Acc@1  42.20 ( 40.26)	Acc@5  70.30 ( 70.00)
		 Valid eval after epoch: loss:2.3699	latest_acc:40.26	LR:0.00 -- best valacc 40.26

Started EPOCH:52
[TRAIN] E: [52][ 0/45]	Loss 1.6786e+00 (1.6786e+00)	Acc@1  41.20 ( 41.20)	Acc@5  71.90 ( 71.90)
[TRAIN] E: [52][44/45]	Loss 1.6777e+00 (1.6928e+00)	Acc@1  41.60 ( 41.04)	Acc@5  72.60 ( 71.34)
[EVAL] E: [52][0/5]	Loss 2.4258e+00 (2.4258e+00)	Acc@1  38.70 ( 38.70)	Acc@5  67.50 ( 67.50)
[EVAL] E: [52][4/5]	Loss 2.3051e+00 (2.3766e+00)	Acc@1  41.30 ( 39.90)	Acc@5  71.90 ( 69.30)
		 Valid eval after epoch: loss:2.3766	latest_acc:39.90	LR:0.00 -- best valacc 40.26

Started EPOCH:53
[TRAIN] E: [53][ 0/45]	Loss 1.7066e+00 (1.7066e+00)	Acc@1  40.70 ( 40.70)	Acc@5  70.50 ( 70.50)
[TRAIN] E: [53][44/45]	Loss 1.6783e+00 (1.6961e+00)	Acc@1  42.30 ( 41.26)	Acc@5  71.80 ( 70.98)
[EVAL] E: [53][0/5]	Loss 2.3313e+00 (2.3313e+00)	Acc@1  42.10 ( 42.10)	Acc@5  69.50 ( 69.50)
[EVAL] E: [53][4/5]	Loss 2.3497e+00 (2.3590e+00)	Acc@1  40.60 ( 40.50)	Acc@5  70.60 ( 69.60)
		 Valid eval after epoch: loss:2.3590	latest_acc:40.50	LR:0.00 -- best valacc 40.50

Started EPOCH:54
[TRAIN] E: [54][ 0/45]	Loss 1.7054e+00 (1.7054e+00)	Acc@1  41.40 ( 41.40)	Acc@5  69.10 ( 69.10)
[TRAIN] E: [54][44/45]	Loss 1.7379e+00 (1.6968e+00)	Acc@1  41.00 ( 41.34)	Acc@5  69.80 ( 71.27)
[EVAL] E: [54][0/5]	Loss 2.3854e+00 (2.3854e+00)	Acc@1  39.80 ( 39.80)	Acc@5  68.80 ( 68.80)
[EVAL] E: [54][4/5]	Loss 2.3162e+00 (2.3666e+00)	Acc@1  41.00 ( 39.80)	Acc@5  71.10 ( 70.16)
		 Valid eval after epoch: loss:2.3666	latest_acc:39.80	LR:0.00 -- best valacc 40.50

Started EPOCH:55
[TRAIN] E: [55][ 0/45]	Loss 1.7050e+00 (1.7050e+00)	Acc@1  39.70 ( 39.70)	Acc@5  71.20 ( 71.20)
[TRAIN] E: [55][44/45]	Loss 1.7509e+00 (1.7024e+00)	Acc@1  39.10 ( 40.84)	Acc@5  71.70 ( 71.04)
[EVAL] E: [55][0/5]	Loss 2.3223e+00 (2.3223e+00)	Acc@1  39.80 ( 39.80)	Acc@5  69.50 ( 69.50)
[EVAL] E: [55][4/5]	Loss 2.2977e+00 (2.3618e+00)	Acc@1  43.00 ( 39.88)	Acc@5  70.40 ( 69.00)
		 Valid eval after epoch: loss:2.3618	latest_acc:39.88	LR:0.00 -- best valacc 40.50

Started EPOCH:56
[TRAIN] E: [56][ 0/45]	Loss 1.7089e+00 (1.7089e+00)	Acc@1  39.30 ( 39.30)	Acc@5  70.30 ( 70.30)
[TRAIN] E: [56][44/45]	Loss 1.7157e+00 (1.6994e+00)	Acc@1  40.70 ( 41.01)	Acc@5  71.30 ( 71.17)
[EVAL] E: [56][0/5]	Loss 2.5591e+00 (2.5591e+00)	Acc@1  37.40 ( 37.40)	Acc@5  65.00 ( 65.00)
[EVAL] E: [56][4/5]	Loss 2.3887e+00 (2.4746e+00)	Acc@1  39.20 ( 37.40)	Acc@5  67.10 ( 66.94)
		 Valid eval after epoch: loss:2.4746	latest_acc:37.40	LR:0.00 -- best valacc 40.50

Started EPOCH:57
[TRAIN] E: [57][ 0/45]	Loss 1.7390e+00 (1.7390e+00)	Acc@1  40.40 ( 40.40)	Acc@5  72.80 ( 72.80)
[TRAIN] E: [57][44/45]	Loss 1.7027e+00 (1.7068e+00)	Acc@1  40.80 ( 40.82)	Acc@5  72.00 ( 71.23)
[EVAL] E: [57][0/5]	Loss 2.3436e+00 (2.3436e+00)	Acc@1  41.20 ( 41.20)	Acc@5  70.10 ( 70.10)
[EVAL] E: [57][4/5]	Loss 2.3578e+00 (2.4085e+00)	Acc@1  39.20 ( 38.90)	Acc@5  70.20 ( 69.00)
		 Valid eval after epoch: loss:2.4085	latest_acc:38.90	LR:0.01 -- best valacc 40.50

Started EPOCH:58
[TRAIN] E: [58][ 0/45]	Loss 1.7954e+00 (1.7954e+00)	Acc@1  39.20 ( 39.20)	Acc@5  70.50 ( 70.50)
[TRAIN] E: [58][44/45]	Loss 1.6789e+00 (1.7102e+00)	Acc@1  43.50 ( 41.16)	Acc@5  72.10 ( 71.04)
[EVAL] E: [58][0/5]	Loss 2.3963e+00 (2.3963e+00)	Acc@1  39.50 ( 39.50)	Acc@5  68.90 ( 68.90)
[EVAL] E: [58][4/5]	Loss 2.3471e+00 (2.4198e+00)	Acc@1  40.50 ( 38.86)	Acc@5  70.70 ( 68.54)
		 Valid eval after epoch: loss:2.4198	latest_acc:38.86	LR:0.01 -- best valacc 40.50

Started EPOCH:59
[TRAIN] E: [59][ 0/45]	Loss 1.7193e+00 (1.7193e+00)	Acc@1  41.90 ( 41.90)	Acc@5  73.50 ( 73.50)
[TRAIN] E: [59][44/45]	Loss 1.7085e+00 (1.7095e+00)	Acc@1  41.00 ( 41.04)	Acc@5  68.80 ( 70.89)
[EVAL] E: [59][0/5]	Loss 2.3541e+00 (2.3541e+00)	Acc@1  38.60 ( 38.60)	Acc@5  69.40 ( 69.40)
[EVAL] E: [59][4/5]	Loss 2.4255e+00 (2.4277e+00)	Acc@1  38.90 ( 37.96)	Acc@5  68.40 ( 68.28)
		 Valid eval after epoch: loss:2.4277	latest_acc:37.96	LR:0.01 -- best valacc 40.50

Started EPOCH:60
[TRAIN] E: [60][ 0/45]	Loss 1.7233e+00 (1.7233e+00)	Acc@1  39.20 ( 39.20)	Acc@5  67.40 ( 67.40)
[TRAIN] E: [60][44/45]	Loss 1.6853e+00 (1.7210e+00)	Acc@1  40.20 ( 40.81)	Acc@5  70.70 ( 70.95)
[EVAL] E: [60][0/5]	Loss 2.4252e+00 (2.4252e+00)	Acc@1  38.30 ( 38.30)	Acc@5  67.80 ( 67.80)
[EVAL] E: [60][4/5]	Loss 2.4332e+00 (2.4422e+00)	Acc@1  39.30 ( 38.58)	Acc@5  68.40 ( 67.98)
		 Valid eval after epoch: loss:2.4422	latest_acc:38.58	LR:0.01 -- best valacc 40.50

Started EPOCH:61
[TRAIN] E: [61][ 0/45]	Loss 1.7331e+00 (1.7331e+00)	Acc@1  39.10 ( 39.10)	Acc@5  73.00 ( 73.00)
[TRAIN] E: [61][44/45]	Loss 1.7299e+00 (1.7232e+00)	Acc@1  42.30 ( 40.52)	Acc@5  71.00 ( 70.89)
[EVAL] E: [61][0/5]	Loss 2.5379e+00 (2.5379e+00)	Acc@1  34.50 ( 34.50)	Acc@5  66.80 ( 66.80)
[EVAL] E: [61][4/5]	Loss 2.5374e+00 (2.5448e+00)	Acc@1  36.60 ( 36.00)	Acc@5  66.00 ( 66.50)
		 Valid eval after epoch: loss:2.5448	latest_acc:36.00	LR:0.01 -- best valacc 40.50

Started EPOCH:62
[TRAIN] E: [62][ 0/45]	Loss 1.7345e+00 (1.7345e+00)	Acc@1  40.90 ( 40.90)	Acc@5  72.20 ( 72.20)
[TRAIN] E: [62][44/45]	Loss 1.7186e+00 (1.7292e+00)	Acc@1  41.20 ( 40.67)	Acc@5  69.60 ( 70.60)
[EVAL] E: [62][0/5]	Loss 2.4345e+00 (2.4345e+00)	Acc@1  38.70 ( 38.70)	Acc@5  67.70 ( 67.70)
[EVAL] E: [62][4/5]	Loss 2.3453e+00 (2.4710e+00)	Acc@1  40.00 ( 38.00)	Acc@5  69.70 ( 67.76)
		 Valid eval after epoch: loss:2.4710	latest_acc:38.00	LR:0.02 -- best valacc 40.50

Started EPOCH:63
[TRAIN] E: [63][ 0/45]	Loss 1.7435e+00 (1.7435e+00)	Acc@1  41.90 ( 41.90)	Acc@5  72.10 ( 72.10)
[TRAIN] E: [63][44/45]	Loss 1.7192e+00 (1.7310e+00)	Acc@1  41.40 ( 40.58)	Acc@5  69.30 ( 70.75)
[EVAL] E: [63][0/5]	Loss 2.5138e+00 (2.5138e+00)	Acc@1  35.80 ( 35.80)	Acc@5  65.80 ( 65.80)
[EVAL] E: [63][4/5]	Loss 2.4600e+00 (2.5256e+00)	Acc@1  37.90 ( 36.54)	Acc@5  66.50 ( 66.60)
		 Valid eval after epoch: loss:2.5256	latest_acc:36.54	LR:0.02 -- best valacc 40.50

Started EPOCH:64
[TRAIN] E: [64][ 0/45]	Loss 1.7351e+00 (1.7351e+00)	Acc@1  37.30 ( 37.30)	Acc@5  69.90 ( 69.90)
[TRAIN] E: [64][44/45]	Loss 1.7064e+00 (1.7388e+00)	Acc@1  39.10 ( 40.64)	Acc@5  71.50 ( 70.70)
[EVAL] E: [64][0/5]	Loss 2.4609e+00 (2.4609e+00)	Acc@1  36.80 ( 36.80)	Acc@5  68.00 ( 68.00)
[EVAL] E: [64][4/5]	Loss 2.4267e+00 (2.4517e+00)	Acc@1  38.50 ( 38.20)	Acc@5  69.40 ( 68.50)
		 Valid eval after epoch: loss:2.4517	latest_acc:38.20	LR:0.02 -- best valacc 40.50

Started EPOCH:65
[TRAIN] E: [65][ 0/45]	Loss 1.8160e+00 (1.8160e+00)	Acc@1  41.90 ( 41.90)	Acc@5  71.10 ( 71.10)
[TRAIN] E: [65][44/45]	Loss 1.7675e+00 (1.7513e+00)	Acc@1  45.10 ( 40.62)	Acc@5  73.00 ( 70.30)
[EVAL] E: [65][0/5]	Loss 2.4617e+00 (2.4617e+00)	Acc@1  37.70 ( 37.70)	Acc@5  66.80 ( 66.80)
[EVAL] E: [65][4/5]	Loss 2.4872e+00 (2.4787e+00)	Acc@1  36.40 ( 37.04)	Acc@5  66.80 ( 67.28)
		 Valid eval after epoch: loss:2.4787	latest_acc:37.04	LR:0.02 -- best valacc 40.50

Started EPOCH:66
[TRAIN] E: [66][ 0/45]	Loss 1.7782e+00 (1.7782e+00)	Acc@1  42.30 ( 42.30)	Acc@5  70.70 ( 70.70)
[TRAIN] E: [66][44/45]	Loss 1.7239e+00 (1.7556e+00)	Acc@1  38.70 ( 40.54)	Acc@5  70.70 ( 70.41)
[EVAL] E: [66][0/5]	Loss 2.4472e+00 (2.4472e+00)	Acc@1  36.90 ( 36.90)	Acc@5  67.10 ( 67.10)
[EVAL] E: [66][4/5]	Loss 2.4564e+00 (2.5318e+00)	Acc@1  37.80 ( 36.72)	Acc@5  67.10 ( 66.56)
		 Valid eval after epoch: loss:2.5318	latest_acc:36.72	LR:0.03 -- best valacc 40.50

Started EPOCH:67
[TRAIN] E: [67][ 0/45]	Loss 1.7801e+00 (1.7801e+00)	Acc@1  39.80 ( 39.80)	Acc@5  69.90 ( 69.90)
[TRAIN] E: [67][44/45]	Loss 1.7954e+00 (1.7691e+00)	Acc@1  38.00 ( 40.53)	Acc@5  69.20 ( 70.45)
[EVAL] E: [67][0/5]	Loss 2.5229e+00 (2.5229e+00)	Acc@1  34.40 ( 34.40)	Acc@5  67.20 ( 67.20)
[EVAL] E: [67][4/5]	Loss 2.5070e+00 (2.5401e+00)	Acc@1  38.30 ( 36.44)	Acc@5  66.80 ( 66.52)
		 Valid eval after epoch: loss:2.5401	latest_acc:36.44	LR:0.03 -- best valacc 40.50

Started EPOCH:68
[TRAIN] E: [68][ 0/45]	Loss 1.7123e+00 (1.7123e+00)	Acc@1  41.60 ( 41.60)	Acc@5  72.70 ( 72.70)
[TRAIN] E: [68][44/45]	Loss 1.7520e+00 (1.7734e+00)	Acc@1  40.90 ( 40.08)	Acc@5  71.10 ( 70.10)
[EVAL] E: [68][0/5]	Loss 2.4823e+00 (2.4823e+00)	Acc@1  36.10 ( 36.10)	Acc@5  67.10 ( 67.10)
[EVAL] E: [68][4/5]	Loss 2.5574e+00 (2.5463e+00)	Acc@1  36.70 ( 35.92)	Acc@5  66.10 ( 66.48)
		 Valid eval after epoch: loss:2.5463	latest_acc:35.92	LR:0.03 -- best valacc 40.50

Started EPOCH:69
[TRAIN] E: [69][ 0/45]	Loss 1.7611e+00 (1.7611e+00)	Acc@1  37.10 ( 37.10)	Acc@5  68.10 ( 68.10)
[TRAIN] E: [69][44/45]	Loss 1.8893e+00 (1.7990e+00)	Acc@1  39.40 ( 39.70)	Acc@5  69.50 ( 70.21)
[EVAL] E: [69][0/5]	Loss 2.4992e+00 (2.4992e+00)	Acc@1  38.80 ( 38.80)	Acc@5  67.00 ( 67.00)
[EVAL] E: [69][4/5]	Loss 2.5882e+00 (2.6002e+00)	Acc@1  34.90 ( 36.22)	Acc@5  66.00 ( 65.42)
		 Valid eval after epoch: loss:2.6002	latest_acc:36.22	LR:0.03 -- best valacc 40.50

Started EPOCH:70
[TRAIN] E: [70][ 0/45]	Loss 1.7521e+00 (1.7521e+00)	Acc@1  41.20 ( 41.20)	Acc@5  72.50 ( 72.50)
[TRAIN] E: [70][44/45]	Loss 1.8122e+00 (1.7983e+00)	Acc@1  38.30 ( 39.41)	Acc@5  69.10 ( 70.02)
[EVAL] E: [70][0/5]	Loss 2.6038e+00 (2.6038e+00)	Acc@1  35.00 ( 35.00)	Acc@5  65.00 ( 65.00)
[EVAL] E: [70][4/5]	Loss 2.6001e+00 (2.6424e+00)	Acc@1  35.80 ( 34.62)	Acc@5  64.00 ( 64.06)
		 Valid eval after epoch: loss:2.6424	latest_acc:34.62	LR:0.04 -- best valacc 40.50

Started EPOCH:71
[TRAIN] E: [71][ 0/45]	Loss 1.8153e+00 (1.8153e+00)	Acc@1  38.90 ( 38.90)	Acc@5  66.80 ( 66.80)
[TRAIN] E: [71][44/45]	Loss 1.8256e+00 (1.8142e+00)	Acc@1  38.70 ( 40.06)	Acc@5  70.20 ( 70.12)
[EVAL] E: [71][0/5]	Loss 2.6747e+00 (2.6747e+00)	Acc@1  35.30 ( 35.30)	Acc@5  64.70 ( 64.70)
[EVAL] E: [71][4/5]	Loss 2.5503e+00 (2.6807e+00)	Acc@1  35.70 ( 35.10)	Acc@5  66.60 ( 64.26)
		 Valid eval after epoch: loss:2.6807	latest_acc:35.10	LR:0.04 -- best valacc 40.50

Started EPOCH:72
[TRAIN] E: [72][ 0/45]	Loss 1.7940e+00 (1.7940e+00)	Acc@1  38.20 ( 38.20)	Acc@5  68.40 ( 68.40)
[TRAIN] E: [72][44/45]	Loss 1.8959e+00 (1.8373e+00)	Acc@1  38.40 ( 39.17)	Acc@5  69.40 ( 69.44)
[EVAL] E: [72][0/5]	Loss 2.6808e+00 (2.6808e+00)	Acc@1  34.90 ( 34.90)	Acc@5  62.90 ( 62.90)
[EVAL] E: [72][4/5]	Loss 2.6046e+00 (2.6721e+00)	Acc@1  36.10 ( 34.74)	Acc@5  62.80 ( 63.32)
		 Valid eval after epoch: loss:2.6721	latest_acc:34.74	LR:0.04 -- best valacc 40.50

Started EPOCH:73
[TRAIN] E: [73][ 0/45]	Loss 1.8505e+00 (1.8505e+00)	Acc@1  42.60 ( 42.60)	Acc@5  73.20 ( 73.20)
[TRAIN] E: [73][44/45]	Loss 1.8596e+00 (1.8432e+00)	Acc@1  40.90 ( 39.36)	Acc@5  68.70 ( 68.96)
[EVAL] E: [73][0/5]	Loss 2.5292e+00 (2.5292e+00)	Acc@1  35.70 ( 35.70)	Acc@5  66.70 ( 66.70)
[EVAL] E: [73][4/5]	Loss 2.6022e+00 (2.5892e+00)	Acc@1  36.50 ( 35.58)	Acc@5  65.50 ( 65.42)
		 Valid eval after epoch: loss:2.5892	latest_acc:35.58	LR:0.05 -- best valacc 40.50

Started EPOCH:74
[TRAIN] E: [74][ 0/45]	Loss 1.8516e+00 (1.8516e+00)	Acc@1  38.50 ( 38.50)	Acc@5  70.00 ( 70.00)
[TRAIN] E: [74][44/45]	Loss 1.8558e+00 (1.8585e+00)	Acc@1  36.30 ( 38.97)	Acc@5  68.70 ( 69.22)
[EVAL] E: [74][0/5]	Loss 2.7712e+00 (2.7712e+00)	Acc@1  31.50 ( 31.50)	Acc@5  63.00 ( 63.00)
[EVAL] E: [74][4/5]	Loss 2.7243e+00 (2.7803e+00)	Acc@1  34.40 ( 32.56)	Acc@5  63.30 ( 61.98)
		 Valid eval after epoch: loss:2.7803	latest_acc:32.56	LR:0.05 -- best valacc 40.50

Started EPOCH:75
[TRAIN] E: [75][ 0/45]	Loss 1.8071e+00 (1.8071e+00)	Acc@1  40.50 ( 40.50)	Acc@5  69.80 ( 69.80)
[TRAIN] E: [75][44/45]	Loss 1.8155e+00 (1.8647e+00)	Acc@1  38.70 ( 38.78)	Acc@5  70.00 ( 69.38)
[EVAL] E: [75][0/5]	Loss 3.1701e+00 (3.1701e+00)	Acc@1  25.60 ( 25.60)	Acc@5  54.70 ( 54.70)
[EVAL] E: [75][4/5]	Loss 3.2393e+00 (3.2194e+00)	Acc@1  24.80 ( 25.46)	Acc@5  54.20 ( 54.04)
		 Valid eval after epoch: loss:3.2194	latest_acc:25.46	LR:0.05 -- best valacc 40.50

Started EPOCH:76
[TRAIN] E: [76][ 0/45]	Loss 1.9360e+00 (1.9360e+00)	Acc@1  37.40 ( 37.40)	Acc@5  67.80 ( 67.80)
[TRAIN] E: [76][44/45]	Loss 1.9968e+00 (1.8796e+00)	Acc@1  37.70 ( 38.65)	Acc@5  70.20 ( 68.98)
[EVAL] E: [76][0/5]	Loss 3.1142e+00 (3.1142e+00)	Acc@1  29.70 ( 29.70)	Acc@5  58.10 ( 58.10)
[EVAL] E: [76][4/5]	Loss 3.0609e+00 (3.0782e+00)	Acc@1  31.50 ( 29.78)	Acc@5  56.50 ( 58.44)
		 Valid eval after epoch: loss:3.0782	latest_acc:29.78	LR:0.06 -- best valacc 40.50

Started EPOCH:77
[TRAIN] E: [77][ 0/45]	Loss 1.8859e+00 (1.8859e+00)	Acc@1  39.70 ( 39.70)	Acc@5  68.50 ( 68.50)
[TRAIN] E: [77][44/45]	Loss 1.8543e+00 (1.8840e+00)	Acc@1  37.40 ( 38.65)	Acc@5  67.90 ( 68.63)
[EVAL] E: [77][0/5]	Loss 3.0203e+00 (3.0203e+00)	Acc@1  29.10 ( 29.10)	Acc@5  59.30 ( 59.30)
[EVAL] E: [77][4/5]	Loss 2.9135e+00 (3.0408e+00)	Acc@1  31.60 ( 29.28)	Acc@5  60.40 ( 58.60)
		 Valid eval after epoch: loss:3.0408	latest_acc:29.28	LR:0.06 -- best valacc 40.50

Started EPOCH:78
[TRAIN] E: [78][ 0/45]	Loss 1.8611e+00 (1.8611e+00)	Acc@1  37.70 ( 37.70)	Acc@5  67.70 ( 67.70)
[TRAIN] E: [78][44/45]	Loss 1.9405e+00 (1.8936e+00)	Acc@1  37.40 ( 38.27)	Acc@5  68.10 ( 68.54)
[EVAL] E: [78][0/5]	Loss 3.0151e+00 (3.0151e+00)	Acc@1  30.20 ( 30.20)	Acc@5  59.40 ( 59.40)
[EVAL] E: [78][4/5]	Loss 3.0691e+00 (3.0830e+00)	Acc@1  28.90 ( 28.96)	Acc@5  58.60 ( 58.34)
		 Valid eval after epoch: loss:3.0830	latest_acc:28.96	LR:0.06 -- best valacc 40.50

Started EPOCH:79
[TRAIN] E: [79][ 0/45]	Loss 1.8992e+00 (1.8992e+00)	Acc@1  40.10 ( 40.10)	Acc@5  70.70 ( 70.70)
[TRAIN] E: [79][44/45]	Loss 1.8989e+00 (1.9088e+00)	Acc@1  39.20 ( 38.40)	Acc@5  69.20 ( 68.84)
[EVAL] E: [79][0/5]	Loss 2.9800e+00 (2.9800e+00)	Acc@1  29.80 ( 29.80)	Acc@5  58.30 ( 58.30)
[EVAL] E: [79][4/5]	Loss 3.1082e+00 (3.0995e+00)	Acc@1  28.60 ( 28.46)	Acc@5  56.30 ( 57.62)
		 Valid eval after epoch: loss:3.0995	latest_acc:28.46	LR:0.07 -- best valacc 40.50

Started EPOCH:80
[TRAIN] E: [80][ 0/45]	Loss 1.8786e+00 (1.8786e+00)	Acc@1  39.80 ( 39.80)	Acc@5  69.70 ( 69.70)
[TRAIN] E: [80][44/45]	Loss 1.9871e+00 (1.9293e+00)	Acc@1  36.10 ( 38.35)	Acc@5  66.80 ( 68.72)
[EVAL] E: [80][0/5]	Loss 3.1351e+00 (3.1351e+00)	Acc@1  28.80 ( 28.80)	Acc@5  56.10 ( 56.10)
[EVAL] E: [80][4/5]	Loss 3.2346e+00 (3.2657e+00)	Acc@1  26.70 ( 27.18)	Acc@5  53.90 ( 54.14)
		 Valid eval after epoch: loss:3.2657	latest_acc:27.18	LR:0.07 -- best valacc 40.50

Started EPOCH:81
[TRAIN] E: [81][ 0/45]	Loss 1.9541e+00 (1.9541e+00)	Acc@1  37.00 ( 37.00)	Acc@5  66.30 ( 66.30)
[TRAIN] E: [81][44/45]	Loss 1.9485e+00 (1.9166e+00)	Acc@1  37.80 ( 38.16)	Acc@5  68.40 ( 68.60)
[EVAL] E: [81][0/5]	Loss 2.8711e+00 (2.8711e+00)	Acc@1  30.90 ( 30.90)	Acc@5  62.10 ( 62.10)
[EVAL] E: [81][4/5]	Loss 2.9691e+00 (2.9350e+00)	Acc@1  31.20 ( 31.04)	Acc@5  59.40 ( 60.92)
		 Valid eval after epoch: loss:2.9350	latest_acc:31.04	LR:0.07 -- best valacc 40.50

Started EPOCH:82
[TRAIN] E: [82][ 0/45]	Loss 1.9080e+00 (1.9080e+00)	Acc@1  38.20 ( 38.20)	Acc@5  70.40 ( 70.40)
[TRAIN] E: [82][44/45]	Loss 2.0011e+00 (1.9220e+00)	Acc@1  36.70 ( 37.76)	Acc@5  66.90 ( 68.07)
[EVAL] E: [82][0/5]	Loss 2.6190e+00 (2.6190e+00)	Acc@1  34.40 ( 34.40)	Acc@5  63.60 ( 63.60)
[EVAL] E: [82][4/5]	Loss 2.5529e+00 (2.6211e+00)	Acc@1  36.70 ( 34.86)	Acc@5  64.50 ( 64.06)
		 Valid eval after epoch: loss:2.6211	latest_acc:34.86	LR:0.07 -- best valacc 40.50

Started EPOCH:83
[TRAIN] E: [83][ 0/45]	Loss 1.9104e+00 (1.9104e+00)	Acc@1  37.20 ( 37.20)	Acc@5  68.60 ( 68.60)
[TRAIN] E: [83][44/45]	Loss 1.8817e+00 (1.9124e+00)	Acc@1  40.10 ( 38.27)	Acc@5  70.40 ( 68.39)
[EVAL] E: [83][0/5]	Loss 2.8457e+00 (2.8457e+00)	Acc@1  30.30 ( 30.30)	Acc@5  60.10 ( 60.10)
[EVAL] E: [83][4/5]	Loss 2.8894e+00 (2.9174e+00)	Acc@1  28.80 ( 28.88)	Acc@5  59.90 ( 59.14)
		 Valid eval after epoch: loss:2.9174	latest_acc:28.88	LR:0.08 -- best valacc 40.50

Started EPOCH:84
[TRAIN] E: [84][ 0/45]	Loss 1.8435e+00 (1.8435e+00)	Acc@1  38.20 ( 38.20)	Acc@5  67.80 ( 67.80)
[TRAIN] E: [84][44/45]	Loss 1.8977e+00 (1.9473e+00)	Acc@1  39.70 ( 38.02)	Acc@5  71.50 ( 68.03)
[EVAL] E: [84][0/5]	Loss 2.7802e+00 (2.7802e+00)	Acc@1  31.10 ( 31.10)	Acc@5  61.10 ( 61.10)
[EVAL] E: [84][4/5]	Loss 2.6931e+00 (2.7870e+00)	Acc@1  35.10 ( 32.50)	Acc@5  63.20 ( 62.28)
		 Valid eval after epoch: loss:2.7870	latest_acc:32.50	LR:0.08 -- best valacc 40.50

Started EPOCH:85
[TRAIN] E: [85][ 0/45]	Loss 1.9042e+00 (1.9042e+00)	Acc@1  39.20 ( 39.20)	Acc@5  71.50 ( 71.50)
[TRAIN] E: [85][44/45]	Loss 1.9114e+00 (1.9519e+00)	Acc@1  39.60 ( 38.01)	Acc@5  69.00 ( 68.43)
[EVAL] E: [85][0/5]	Loss 2.8531e+00 (2.8531e+00)	Acc@1  31.50 ( 31.50)	Acc@5  61.30 ( 61.30)
[EVAL] E: [85][4/5]	Loss 2.8380e+00 (2.8895e+00)	Acc@1  32.10 ( 31.10)	Acc@5  60.10 ( 59.62)
		 Valid eval after epoch: loss:2.8895	latest_acc:31.10	LR:0.08 -- best valacc 40.50

Started EPOCH:86
[TRAIN] E: [86][ 0/45]	Loss 1.9078e+00 (1.9078e+00)	Acc@1  39.60 ( 39.60)	Acc@5  69.80 ( 69.80)
[TRAIN] E: [86][44/45]	Loss 1.9199e+00 (1.9551e+00)	Acc@1  37.60 ( 37.63)	Acc@5  66.80 ( 68.08)
[EVAL] E: [86][0/5]	Loss 3.0500e+00 (3.0500e+00)	Acc@1  31.10 ( 31.10)	Acc@5  60.20 ( 60.20)
[EVAL] E: [86][4/5]	Loss 2.9446e+00 (3.0240e+00)	Acc@1  32.00 ( 30.84)	Acc@5  60.50 ( 59.96)
		 Valid eval after epoch: loss:3.0240	latest_acc:30.84	LR:0.08 -- best valacc 40.50

Started EPOCH:87
[TRAIN] E: [87][ 0/45]	Loss 1.9141e+00 (1.9141e+00)	Acc@1  35.90 ( 35.90)	Acc@5  66.10 ( 66.10)
[TRAIN] E: [87][44/45]	Loss 1.9816e+00 (1.9736e+00)	Acc@1  37.20 ( 37.36)	Acc@5  67.30 ( 67.72)
[EVAL] E: [87][0/5]	Loss 2.9373e+00 (2.9373e+00)	Acc@1  30.80 ( 30.80)	Acc@5  60.10 ( 60.10)
[EVAL] E: [87][4/5]	Loss 3.1301e+00 (3.0538e+00)	Acc@1  26.90 ( 28.38)	Acc@5  56.50 ( 57.82)
		 Valid eval after epoch: loss:3.0538	latest_acc:28.38	LR:0.09 -- best valacc 40.50

Started EPOCH:88
[TRAIN] E: [88][ 0/45]	Loss 1.8691e+00 (1.8691e+00)	Acc@1  37.80 ( 37.80)	Acc@5  69.50 ( 69.50)
[TRAIN] E: [88][44/45]	Loss 2.0061e+00 (1.9577e+00)	Acc@1  40.50 ( 38.06)	Acc@5  67.70 ( 68.11)
[EVAL] E: [88][0/5]	Loss 2.8709e+00 (2.8709e+00)	Acc@1  29.80 ( 29.80)	Acc@5  59.60 ( 59.60)
[EVAL] E: [88][4/5]	Loss 2.7572e+00 (2.8255e+00)	Acc@1  30.80 ( 30.06)	Acc@5  61.20 ( 60.72)
		 Valid eval after epoch: loss:2.8255	latest_acc:30.06	LR:0.09 -- best valacc 40.50

Started EPOCH:89
[TRAIN] E: [89][ 0/45]	Loss 2.0075e+00 (2.0075e+00)	Acc@1  38.60 ( 38.60)	Acc@5  70.50 ( 70.50)
[TRAIN] E: [89][44/45]	Loss 1.9728e+00 (1.9612e+00)	Acc@1  37.70 ( 37.69)	Acc@5  67.20 ( 67.93)
[EVAL] E: [89][0/5]	Loss 2.8705e+00 (2.8705e+00)	Acc@1  31.30 ( 31.30)	Acc@5  60.00 ( 60.00)
[EVAL] E: [89][4/5]	Loss 2.7642e+00 (2.8334e+00)	Acc@1  31.50 ( 31.64)	Acc@5  63.60 ( 61.04)
		 Valid eval after epoch: loss:2.8334	latest_acc:31.64	LR:0.09 -- best valacc 40.50

Started EPOCH:90
[TRAIN] E: [90][ 0/45]	Loss 1.8736e+00 (1.8736e+00)	Acc@1  38.70 ( 38.70)	Acc@5  70.90 ( 70.90)
[TRAIN] E: [90][44/45]	Loss 1.9871e+00 (1.9559e+00)	Acc@1  36.10 ( 37.64)	Acc@5  68.10 ( 67.93)
[EVAL] E: [90][0/5]	Loss 3.2412e+00 (3.2412e+00)	Acc@1  28.20 ( 28.20)	Acc@5  54.40 ( 54.40)
[EVAL] E: [90][4/5]	Loss 3.1467e+00 (3.2632e+00)	Acc@1  26.60 ( 26.32)	Acc@5  56.00 ( 54.52)
		 Valid eval after epoch: loss:3.2632	latest_acc:26.32	LR:0.09 -- best valacc 40.50

Started EPOCH:91
[TRAIN] E: [91][ 0/45]	Loss 1.9319e+00 (1.9319e+00)	Acc@1  37.60 ( 37.60)	Acc@5  66.70 ( 66.70)
[TRAIN] E: [91][44/45]	Loss 2.0706e+00 (1.9582e+00)	Acc@1  35.90 ( 37.76)	Acc@5  64.00 ( 68.09)
[EVAL] E: [91][0/5]	Loss 2.6827e+00 (2.6827e+00)	Acc@1  36.10 ( 36.10)	Acc@5  64.00 ( 64.00)
[EVAL] E: [91][4/5]	Loss 2.7360e+00 (2.7961e+00)	Acc@1  33.90 ( 32.88)	Acc@5  62.90 ( 61.96)
		 Valid eval after epoch: loss:2.7961	latest_acc:32.88	LR:0.09 -- best valacc 40.50

Started EPOCH:92
[TRAIN] E: [92][ 0/45]	Loss 1.9391e+00 (1.9391e+00)	Acc@1  39.80 ( 39.80)	Acc@5  69.10 ( 69.10)
[TRAIN] E: [92][44/45]	Loss 1.9569e+00 (1.9608e+00)	Acc@1  38.20 ( 37.75)	Acc@5  66.60 ( 68.15)
[EVAL] E: [92][0/5]	Loss 2.8193e+00 (2.8193e+00)	Acc@1  30.30 ( 30.30)	Acc@5  60.10 ( 60.10)
[EVAL] E: [92][4/5]	Loss 2.8304e+00 (2.9343e+00)	Acc@1  30.80 ( 30.14)	Acc@5  62.60 ( 59.16)
		 Valid eval after epoch: loss:2.9343	latest_acc:30.14	LR:0.10 -- best valacc 40.50

Started EPOCH:93
[TRAIN] E: [93][ 0/45]	Loss 1.9126e+00 (1.9126e+00)	Acc@1  39.60 ( 39.60)	Acc@5  68.00 ( 68.00)
[TRAIN] E: [93][44/45]	Loss 1.8764e+00 (1.9406e+00)	Acc@1  39.90 ( 37.97)	Acc@5  68.90 ( 67.98)
[EVAL] E: [93][0/5]	Loss 3.0415e+00 (3.0415e+00)	Acc@1  26.90 ( 26.90)	Acc@5  56.50 ( 56.50)
[EVAL] E: [93][4/5]	Loss 3.0682e+00 (3.0632e+00)	Acc@1  28.30 ( 27.62)	Acc@5  56.90 ( 56.06)
		 Valid eval after epoch: loss:3.0632	latest_acc:27.62	LR:0.10 -- best valacc 40.50

Started EPOCH:94
[TRAIN] E: [94][ 0/45]	Loss 1.9931e+00 (1.9931e+00)	Acc@1  39.90 ( 39.90)	Acc@5  68.50 ( 68.50)
[TRAIN] E: [94][44/45]	Loss 1.8833e+00 (1.9520e+00)	Acc@1  36.00 ( 37.54)	Acc@5  65.60 ( 67.95)
[EVAL] E: [94][0/5]	Loss 2.7566e+00 (2.7566e+00)	Acc@1  32.20 ( 32.20)	Acc@5  63.10 ( 63.10)
[EVAL] E: [94][4/5]	Loss 2.7722e+00 (2.7817e+00)	Acc@1  31.70 ( 32.14)	Acc@5  60.00 ( 61.52)
		 Valid eval after epoch: loss:2.7817	latest_acc:32.14	LR:0.10 -- best valacc 40.50

Started EPOCH:95
[TRAIN] E: [95][ 0/45]	Loss 1.8594e+00 (1.8594e+00)	Acc@1  40.10 ( 40.10)	Acc@5  69.90 ( 69.90)
[TRAIN] E: [95][44/45]	Loss 1.9705e+00 (1.9591e+00)	Acc@1  35.80 ( 37.80)	Acc@5  65.30 ( 67.94)
[EVAL] E: [95][0/5]	Loss 2.7795e+00 (2.7795e+00)	Acc@1  32.30 ( 32.30)	Acc@5  62.50 ( 62.50)
[EVAL] E: [95][4/5]	Loss 2.7319e+00 (2.8056e+00)	Acc@1  33.30 ( 32.52)	Acc@5  63.40 ( 61.88)
		 Valid eval after epoch: loss:2.8056	latest_acc:32.52	LR:0.10 -- best valacc 40.50

Started EPOCH:96
[TRAIN] E: [96][ 0/45]	Loss 1.9507e+00 (1.9507e+00)	Acc@1  37.60 ( 37.60)	Acc@5  70.10 ( 70.10)
[TRAIN] E: [96][44/45]	Loss 2.0534e+00 (1.9545e+00)	Acc@1  35.90 ( 37.71)	Acc@5  67.10 ( 67.95)
[EVAL] E: [96][0/5]	Loss 2.8019e+00 (2.8019e+00)	Acc@1  32.50 ( 32.50)	Acc@5  62.00 ( 62.00)
[EVAL] E: [96][4/5]	Loss 2.7440e+00 (2.8434e+00)	Acc@1  33.90 ( 32.08)	Acc@5  63.20 ( 61.80)
		 Valid eval after epoch: loss:2.8434	latest_acc:32.08	LR:0.10 -- best valacc 40.50

Started EPOCH:97
[TRAIN] E: [97][ 0/45]	Loss 1.9314e+00 (1.9314e+00)	Acc@1  39.60 ( 39.60)	Acc@5  69.80 ( 69.80)
[TRAIN] E: [97][44/45]	Loss 1.8789e+00 (1.9796e+00)	Acc@1  38.20 ( 37.56)	Acc@5  68.70 ( 67.86)
[EVAL] E: [97][0/5]	Loss 2.8874e+00 (2.8874e+00)	Acc@1  30.00 ( 30.00)	Acc@5  60.70 ( 60.70)
[EVAL] E: [97][4/5]	Loss 2.8206e+00 (2.8977e+00)	Acc@1  32.10 ( 30.40)	Acc@5  61.10 ( 59.24)
		 Valid eval after epoch: loss:2.8977	latest_acc:30.40	LR:0.10 -- best valacc 40.50

Started EPOCH:98
[TRAIN] E: [98][ 0/45]	Loss 1.9367e+00 (1.9367e+00)	Acc@1  37.30 ( 37.30)	Acc@5  65.60 ( 65.60)
[TRAIN] E: [98][44/45]	Loss 1.9153e+00 (1.9526e+00)	Acc@1  36.00 ( 37.54)	Acc@5  66.30 ( 67.91)
[EVAL] E: [98][0/5]	Loss 2.9618e+00 (2.9618e+00)	Acc@1  28.90 ( 28.90)	Acc@5  59.40 ( 59.40)
[EVAL] E: [98][4/5]	Loss 2.8681e+00 (2.8836e+00)	Acc@1  31.30 ( 30.62)	Acc@5  59.80 ( 60.02)
		 Valid eval after epoch: loss:2.8836	latest_acc:30.62	LR:0.10 -- best valacc 40.50

Started EPOCH:99
[TRAIN] E: [99][ 0/45]	Loss 1.9180e+00 (1.9180e+00)	Acc@1  38.30 ( 38.30)	Acc@5  67.80 ( 67.80)
[TRAIN] E: [99][44/45]	Loss 1.9254e+00 (1.9273e+00)	Acc@1  36.60 ( 38.04)	Acc@5  69.50 ( 68.31)
[EVAL] E: [99][0/5]	Loss 2.7658e+00 (2.7658e+00)	Acc@1  32.70 ( 32.70)	Acc@5  63.20 ( 63.20)
[EVAL] E: [99][4/5]	Loss 2.7277e+00 (2.7853e+00)	Acc@1  34.40 ( 32.90)	Acc@5  63.70 ( 62.06)
		 Valid eval after epoch: loss:2.7853	latest_acc:32.90	LR:0.10 -- best valacc 40.50

Started EPOCH:100
[TRAIN] E: [100][ 0/45]	Loss 1.8232e+00 (1.8232e+00)	Acc@1  38.90 ( 38.90)	Acc@5  68.60 ( 68.60)
[TRAIN] E: [100][44/45]	Loss 1.9378e+00 (1.9203e+00)	Acc@1  39.00 ( 38.06)	Acc@5  68.20 ( 68.32)
[EVAL] E: [100][0/5]	Loss 2.9467e+00 (2.9467e+00)	Acc@1  30.20 ( 30.20)	Acc@5  58.90 ( 58.90)
[EVAL] E: [100][4/5]	Loss 2.7639e+00 (2.9338e+00)	Acc@1  34.50 ( 30.66)	Acc@5  63.40 ( 59.80)
		 Valid eval after epoch: loss:2.9338	latest_acc:30.66	LR:0.10 -- best valacc 40.50

Started EPOCH:101
[TRAIN] E: [101][ 0/45]	Loss 1.9909e+00 (1.9909e+00)	Acc@1  36.50 ( 36.50)	Acc@5  69.40 ( 69.40)
[TRAIN] E: [101][44/45]	Loss 1.9361e+00 (1.9342e+00)	Acc@1  37.50 ( 37.90)	Acc@5  68.40 ( 68.36)
[EVAL] E: [101][0/5]	Loss 2.7634e+00 (2.7634e+00)	Acc@1  30.70 ( 30.70)	Acc@5  62.30 ( 62.30)
[EVAL] E: [101][4/5]	Loss 2.7919e+00 (2.8211e+00)	Acc@1  31.50 ( 31.12)	Acc@5  61.70 ( 61.32)
		 Valid eval after epoch: loss:2.8211	latest_acc:31.12	LR:0.10 -- best valacc 40.50

Started EPOCH:102
[TRAIN] E: [102][ 0/45]	Loss 1.9640e+00 (1.9640e+00)	Acc@1  38.60 ( 38.60)	Acc@5  69.70 ( 69.70)
[TRAIN] E: [102][44/45]	Loss 1.9212e+00 (1.9177e+00)	Acc@1  35.90 ( 37.88)	Acc@5  66.70 ( 68.16)
[EVAL] E: [102][0/5]	Loss 3.1486e+00 (3.1486e+00)	Acc@1  28.50 ( 28.50)	Acc@5  56.20 ( 56.20)
[EVAL] E: [102][4/5]	Loss 3.2373e+00 (3.1667e+00)	Acc@1  28.00 ( 28.06)	Acc@5  57.00 ( 56.88)
		 Valid eval after epoch: loss:3.1667	latest_acc:28.06	LR:0.10 -- best valacc 40.50

Started EPOCH:103
[TRAIN] E: [103][ 0/45]	Loss 1.8487e+00 (1.8487e+00)	Acc@1  37.40 ( 37.40)	Acc@5  67.10 ( 67.10)
[TRAIN] E: [103][44/45]	Loss 1.9030e+00 (1.9152e+00)	Acc@1  38.80 ( 38.16)	Acc@5  66.90 ( 68.39)
[EVAL] E: [103][0/5]	Loss 3.1226e+00 (3.1226e+00)	Acc@1  30.50 ( 30.50)	Acc@5  55.40 ( 55.40)
[EVAL] E: [103][4/5]	Loss 3.0687e+00 (3.1249e+00)	Acc@1  30.60 ( 29.50)	Acc@5  58.00 ( 57.42)
		 Valid eval after epoch: loss:3.1249	latest_acc:29.50	LR:0.10 -- best valacc 40.50

Started EPOCH:104
[TRAIN] E: [104][ 0/45]	Loss 1.8948e+00 (1.8948e+00)	Acc@1  38.30 ( 38.30)	Acc@5  68.30 ( 68.30)
[TRAIN] E: [104][44/45]	Loss 2.0223e+00 (1.9072e+00)	Acc@1  35.30 ( 38.02)	Acc@5  67.50 ( 68.24)
[EVAL] E: [104][0/5]	Loss 2.9555e+00 (2.9555e+00)	Acc@1  30.20 ( 30.20)	Acc@5  60.10 ( 60.10)
[EVAL] E: [104][4/5]	Loss 3.1207e+00 (3.0599e+00)	Acc@1  29.80 ( 29.46)	Acc@5  56.80 ( 58.12)
		 Valid eval after epoch: loss:3.0599	latest_acc:29.46	LR:0.10 -- best valacc 40.50

Started EPOCH:105
[TRAIN] E: [105][ 0/45]	Loss 1.9399e+00 (1.9399e+00)	Acc@1  39.70 ( 39.70)	Acc@5  70.30 ( 70.30)
[TRAIN] E: [105][44/45]	Loss 1.8645e+00 (1.9113e+00)	Acc@1  37.30 ( 38.04)	Acc@5  68.40 ( 68.33)
[EVAL] E: [105][0/5]	Loss 2.5937e+00 (2.5937e+00)	Acc@1  34.20 ( 34.20)	Acc@5  64.40 ( 64.40)
[EVAL] E: [105][4/5]	Loss 2.5618e+00 (2.6476e+00)	Acc@1  35.90 ( 33.88)	Acc@5  64.80 ( 63.60)
		 Valid eval after epoch: loss:2.6476	latest_acc:33.88	LR:0.10 -- best valacc 40.50

Started EPOCH:106
[TRAIN] E: [106][ 0/45]	Loss 1.8964e+00 (1.8964e+00)	Acc@1  40.10 ( 40.10)	Acc@5  69.10 ( 69.10)
[TRAIN] E: [106][44/45]	Loss 1.8547e+00 (1.9020e+00)	Acc@1  37.70 ( 38.28)	Acc@5  69.60 ( 68.70)
[EVAL] E: [106][0/5]	Loss 2.8623e+00 (2.8623e+00)	Acc@1  30.70 ( 30.70)	Acc@5  60.40 ( 60.40)
[EVAL] E: [106][4/5]	Loss 2.8259e+00 (2.8975e+00)	Acc@1  31.20 ( 29.96)	Acc@5  59.10 ( 58.92)
		 Valid eval after epoch: loss:2.8975	latest_acc:29.96	LR:0.10 -- best valacc 40.50

Started EPOCH:107
[TRAIN] E: [107][ 0/45]	Loss 1.8792e+00 (1.8792e+00)	Acc@1  38.70 ( 38.70)	Acc@5  70.30 ( 70.30)
[TRAIN] E: [107][44/45]	Loss 1.8589e+00 (1.8946e+00)	Acc@1  39.40 ( 38.23)	Acc@5  69.70 ( 68.61)
[EVAL] E: [107][0/5]	Loss 2.7258e+00 (2.7258e+00)	Acc@1  35.70 ( 35.70)	Acc@5  63.80 ( 63.80)
[EVAL] E: [107][4/5]	Loss 2.8474e+00 (2.8371e+00)	Acc@1  33.10 ( 33.06)	Acc@5  61.00 ( 61.42)
		 Valid eval after epoch: loss:2.8371	latest_acc:33.06	LR:0.09 -- best valacc 40.50

Started EPOCH:108
[TRAIN] E: [108][ 0/45]	Loss 1.8652e+00 (1.8652e+00)	Acc@1  39.80 ( 39.80)	Acc@5  70.20 ( 70.20)
[TRAIN] E: [108][44/45]	Loss 2.0247e+00 (1.9587e+00)	Acc@1  35.60 ( 37.48)	Acc@5  66.90 ( 67.64)
[EVAL] E: [108][0/5]	Loss 4.0207e+00 (4.0207e+00)	Acc@1  23.90 ( 23.90)	Acc@5  50.10 ( 50.10)
[EVAL] E: [108][4/5]	Loss 4.0733e+00 (4.1437e+00)	Acc@1  22.70 ( 22.74)	Acc@5  48.20 ( 47.90)
		 Valid eval after epoch: loss:4.1437	latest_acc:22.74	LR:0.09 -- best valacc 40.50

Started EPOCH:109
[TRAIN] E: [109][ 0/45]	Loss 2.0460e+00 (2.0460e+00)	Acc@1  38.10 ( 38.10)	Acc@5  68.20 ( 68.20)
[TRAIN] E: [109][44/45]	Loss 1.9206e+00 (1.8943e+00)	Acc@1  39.00 ( 38.35)	Acc@5  68.40 ( 68.61)
[EVAL] E: [109][0/5]	Loss 2.6405e+00 (2.6405e+00)	Acc@1  35.30 ( 35.30)	Acc@5  64.50 ( 64.50)
[EVAL] E: [109][4/5]	Loss 2.6473e+00 (2.7164e+00)	Acc@1  36.80 ( 34.22)	Acc@5  65.90 ( 63.68)
		 Valid eval after epoch: loss:2.7164	latest_acc:34.22	LR:0.09 -- best valacc 40.50

Started EPOCH:110
[TRAIN] E: [110][ 0/45]	Loss 1.8493e+00 (1.8493e+00)	Acc@1  40.70 ( 40.70)	Acc@5  70.00 ( 70.00)
[TRAIN] E: [110][44/45]	Loss 1.8788e+00 (1.8883e+00)	Acc@1  35.30 ( 38.45)	Acc@5  67.20 ( 68.71)
[EVAL] E: [110][0/5]	Loss 2.8536e+00 (2.8536e+00)	Acc@1  30.70 ( 30.70)	Acc@5  61.30 ( 61.30)
[EVAL] E: [110][4/5]	Loss 2.9637e+00 (2.9777e+00)	Acc@1  31.60 ( 30.90)	Acc@5  61.00 ( 60.36)
		 Valid eval after epoch: loss:2.9777	latest_acc:30.90	LR:0.09 -- best valacc 40.50

Started EPOCH:111
[TRAIN] E: [111][ 0/45]	Loss 1.9112e+00 (1.9112e+00)	Acc@1  38.70 ( 38.70)	Acc@5  68.30 ( 68.30)
[TRAIN] E: [111][44/45]	Loss 1.9007e+00 (1.8826e+00)	Acc@1  37.20 ( 38.69)	Acc@5  67.00 ( 68.65)
[EVAL] E: [111][0/5]	Loss 2.8879e+00 (2.8879e+00)	Acc@1  30.10 ( 30.10)	Acc@5  60.60 ( 60.60)
[EVAL] E: [111][4/5]	Loss 2.7494e+00 (2.8832e+00)	Acc@1  33.40 ( 30.78)	Acc@5  62.90 ( 60.42)
		 Valid eval after epoch: loss:2.8832	latest_acc:30.78	LR:0.09 -- best valacc 40.50

Started EPOCH:112
[TRAIN] E: [112][ 0/45]	Loss 1.9048e+00 (1.9048e+00)	Acc@1  37.60 ( 37.60)	Acc@5  68.60 ( 68.60)
[TRAIN] E: [112][44/45]	Loss 1.8919e+00 (1.8662e+00)	Acc@1  39.70 ( 38.83)	Acc@5  68.30 ( 69.12)
[EVAL] E: [112][0/5]	Loss 2.6537e+00 (2.6537e+00)	Acc@1  33.60 ( 33.60)	Acc@5  62.80 ( 62.80)
[EVAL] E: [112][4/5]	Loss 2.5871e+00 (2.6533e+00)	Acc@1  36.70 ( 34.50)	Acc@5  64.60 ( 63.92)
		 Valid eval after epoch: loss:2.6533	latest_acc:34.50	LR:0.08 -- best valacc 40.50

Started EPOCH:113
[TRAIN] E: [113][ 0/45]	Loss 1.8389e+00 (1.8389e+00)	Acc@1  37.70 ( 37.70)	Acc@5  70.30 ( 70.30)
[TRAIN] E: [113][44/45]	Loss 1.9061e+00 (1.8619e+00)	Acc@1  37.10 ( 38.86)	Acc@5  67.00 ( 69.25)
[EVAL] E: [113][0/5]	Loss 2.6328e+00 (2.6328e+00)	Acc@1  35.00 ( 35.00)	Acc@5  65.60 ( 65.60)
[EVAL] E: [113][4/5]	Loss 2.5932e+00 (2.6546e+00)	Acc@1  34.80 ( 33.92)	Acc@5  64.80 ( 64.14)
		 Valid eval after epoch: loss:2.6546	latest_acc:33.92	LR:0.08 -- best valacc 40.50

Started EPOCH:114
[TRAIN] E: [114][ 0/45]	Loss 1.8488e+00 (1.8488e+00)	Acc@1  36.30 ( 36.30)	Acc@5  66.80 ( 66.80)
[TRAIN] E: [114][44/45]	Loss 1.8990e+00 (1.8324e+00)	Acc@1  38.00 ( 39.25)	Acc@5  69.70 ( 69.36)
[EVAL] E: [114][0/5]	Loss 2.8313e+00 (2.8313e+00)	Acc@1  32.90 ( 32.90)	Acc@5  62.20 ( 62.20)
[EVAL] E: [114][4/5]	Loss 2.8263e+00 (2.8790e+00)	Acc@1  32.40 ( 31.76)	Acc@5  60.60 ( 61.36)
		 Valid eval after epoch: loss:2.8790	latest_acc:31.76	LR:0.08 -- best valacc 40.50

Started EPOCH:115
[TRAIN] E: [115][ 0/45]	Loss 1.8649e+00 (1.8649e+00)	Acc@1  38.60 ( 38.60)	Acc@5  67.60 ( 67.60)
[TRAIN] E: [115][44/45]	Loss 1.8800e+00 (1.8409e+00)	Acc@1  41.40 ( 38.92)	Acc@5  69.70 ( 69.19)
[EVAL] E: [115][0/5]	Loss 2.7155e+00 (2.7155e+00)	Acc@1  33.10 ( 33.10)	Acc@5  63.60 ( 63.60)
[EVAL] E: [115][4/5]	Loss 2.7615e+00 (2.7663e+00)	Acc@1  34.60 ( 33.40)	Acc@5  63.80 ( 63.18)
		 Valid eval after epoch: loss:2.7663	latest_acc:33.40	LR:0.08 -- best valacc 40.50

Started EPOCH:116
[TRAIN] E: [116][ 0/45]	Loss 1.7682e+00 (1.7682e+00)	Acc@1  38.80 ( 38.80)	Acc@5  68.60 ( 68.60)
[TRAIN] E: [116][44/45]	Loss 1.8657e+00 (1.8238e+00)	Acc@1  40.40 ( 39.29)	Acc@5  69.40 ( 69.36)
[EVAL] E: [116][0/5]	Loss 2.9141e+00 (2.9141e+00)	Acc@1  30.70 ( 30.70)	Acc@5  59.60 ( 59.60)
[EVAL] E: [116][4/5]	Loss 2.8485e+00 (2.9318e+00)	Acc@1  31.00 ( 30.26)	Acc@5  60.50 ( 58.36)
		 Valid eval after epoch: loss:2.9318	latest_acc:30.26	LR:0.07 -- best valacc 40.50

Started EPOCH:117
[TRAIN] E: [117][ 0/45]	Loss 1.8837e+00 (1.8837e+00)	Acc@1  39.60 ( 39.60)	Acc@5  68.10 ( 68.10)
[TRAIN] E: [117][44/45]	Loss 1.7883e+00 (1.8280e+00)	Acc@1  39.40 ( 38.77)	Acc@5  70.60 ( 69.22)
[EVAL] E: [117][0/5]	Loss 2.7673e+00 (2.7673e+00)	Acc@1  32.50 ( 32.50)	Acc@5  63.50 ( 63.50)
[EVAL] E: [117][4/5]	Loss 2.7214e+00 (2.7807e+00)	Acc@1  34.10 ( 32.16)	Acc@5  63.00 ( 62.52)
		 Valid eval after epoch: loss:2.7807	latest_acc:32.16	LR:0.07 -- best valacc 40.50

Started EPOCH:118
[TRAIN] E: [118][ 0/45]	Loss 1.8481e+00 (1.8481e+00)	Acc@1  38.90 ( 38.90)	Acc@5  69.90 ( 69.90)
[TRAIN] E: [118][44/45]	Loss 1.8315e+00 (1.8263e+00)	Acc@1  38.30 ( 39.38)	Acc@5  69.90 ( 69.68)
[EVAL] E: [118][0/5]	Loss 2.9338e+00 (2.9338e+00)	Acc@1  29.70 ( 29.70)	Acc@5  58.90 ( 58.90)
[EVAL] E: [118][4/5]	Loss 2.9822e+00 (3.0046e+00)	Acc@1  29.90 ( 29.20)	Acc@5  58.50 ( 58.34)
		 Valid eval after epoch: loss:3.0046	latest_acc:29.20	LR:0.07 -- best valacc 40.50

Started EPOCH:119
[TRAIN] E: [119][ 0/45]	Loss 1.8347e+00 (1.8347e+00)	Acc@1  37.30 ( 37.30)	Acc@5  67.80 ( 67.80)
[TRAIN] E: [119][44/45]	Loss 1.7900e+00 (1.8091e+00)	Acc@1  37.80 ( 39.39)	Acc@5  70.70 ( 69.60)
[EVAL] E: [119][0/5]	Loss 2.9870e+00 (2.9870e+00)	Acc@1  32.10 ( 32.10)	Acc@5  59.60 ( 59.60)
[EVAL] E: [119][4/5]	Loss 2.8614e+00 (2.9724e+00)	Acc@1  32.20 ( 31.42)	Acc@5  63.40 ( 60.50)
		 Valid eval after epoch: loss:2.9724	latest_acc:31.42	LR:0.07 -- best valacc 40.50

Started EPOCH:120
[TRAIN] E: [120][ 0/45]	Loss 1.8122e+00 (1.8122e+00)	Acc@1  41.70 ( 41.70)	Acc@5  70.70 ( 70.70)
[TRAIN] E: [120][44/45]	Loss 1.8025e+00 (1.8019e+00)	Acc@1  38.60 ( 39.69)	Acc@5  68.10 ( 69.91)
[EVAL] E: [120][0/5]	Loss 2.7496e+00 (2.7496e+00)	Acc@1  33.40 ( 33.40)	Acc@5  63.20 ( 63.20)
[EVAL] E: [120][4/5]	Loss 2.7012e+00 (2.8121e+00)	Acc@1  36.30 ( 32.76)	Acc@5  63.90 ( 61.76)
		 Valid eval after epoch: loss:2.8121	latest_acc:32.76	LR:0.06 -- best valacc 40.50

Started EPOCH:121
[TRAIN] E: [121][ 0/45]	Loss 1.7894e+00 (1.7894e+00)	Acc@1  41.20 ( 41.20)	Acc@5  72.20 ( 72.20)
[TRAIN] E: [121][44/45]	Loss 1.8036e+00 (1.8042e+00)	Acc@1  36.70 ( 39.31)	Acc@5  68.70 ( 69.78)
[EVAL] E: [121][0/5]	Loss 2.6589e+00 (2.6589e+00)	Acc@1  33.50 ( 33.50)	Acc@5  65.10 ( 65.10)
[EVAL] E: [121][4/5]	Loss 2.6756e+00 (2.6636e+00)	Acc@1  33.80 ( 33.62)	Acc@5  65.90 ( 65.02)
		 Valid eval after epoch: loss:2.6636	latest_acc:33.62	LR:0.06 -- best valacc 40.50

Started EPOCH:122
[TRAIN] E: [122][ 0/45]	Loss 1.7712e+00 (1.7712e+00)	Acc@1  42.60 ( 42.60)	Acc@5  72.90 ( 72.90)
[TRAIN] E: [122][44/45]	Loss 1.8532e+00 (1.7870e+00)	Acc@1  38.70 ( 39.63)	Acc@5  68.00 ( 69.83)
[EVAL] E: [122][0/5]	Loss 2.7042e+00 (2.7042e+00)	Acc@1  35.10 ( 35.10)	Acc@5  63.00 ( 63.00)
[EVAL] E: [122][4/5]	Loss 2.7003e+00 (2.8166e+00)	Acc@1  35.60 ( 31.76)	Acc@5  63.30 ( 61.54)
		 Valid eval after epoch: loss:2.8166	latest_acc:31.76	LR:0.06 -- best valacc 40.50

Started EPOCH:123
[TRAIN] E: [123][ 0/45]	Loss 1.7844e+00 (1.7844e+00)	Acc@1  40.00 ( 40.00)	Acc@5  68.90 ( 68.90)
[TRAIN] E: [123][44/45]	Loss 1.7714e+00 (1.7779e+00)	Acc@1  41.00 ( 39.54)	Acc@5  71.90 ( 70.19)
[EVAL] E: [123][0/5]	Loss 2.9514e+00 (2.9514e+00)	Acc@1  29.20 ( 29.20)	Acc@5  59.40 ( 59.40)
[EVAL] E: [123][4/5]	Loss 2.9716e+00 (2.9888e+00)	Acc@1  30.60 ( 30.20)	Acc@5  59.90 ( 59.40)
		 Valid eval after epoch: loss:2.9888	latest_acc:30.20	LR:0.05 -- best valacc 40.50

Started EPOCH:124
[TRAIN] E: [124][ 0/45]	Loss 1.7275e+00 (1.7275e+00)	Acc@1  40.90 ( 40.90)	Acc@5  67.60 ( 67.60)
[TRAIN] E: [124][44/45]	Loss 1.7629e+00 (1.7647e+00)	Acc@1  41.50 ( 39.94)	Acc@5  68.60 ( 70.00)
[EVAL] E: [124][0/5]	Loss 2.6575e+00 (2.6575e+00)	Acc@1  34.30 ( 34.30)	Acc@5  63.20 ( 63.20)
[EVAL] E: [124][4/5]	Loss 2.6758e+00 (2.6842e+00)	Acc@1  34.10 ( 34.22)	Acc@5  65.70 ( 63.64)
		 Valid eval after epoch: loss:2.6842	latest_acc:34.22	LR:0.05 -- best valacc 40.50

Started EPOCH:125
[TRAIN] E: [125][ 0/45]	Loss 1.7538e+00 (1.7538e+00)	Acc@1  40.10 ( 40.10)	Acc@5  69.00 ( 69.00)
[TRAIN] E: [125][44/45]	Loss 1.7761e+00 (1.7525e+00)	Acc@1  37.60 ( 40.18)	Acc@5  69.70 ( 70.39)
[EVAL] E: [125][0/5]	Loss 2.4907e+00 (2.4907e+00)	Acc@1  36.80 ( 36.80)	Acc@5  67.20 ( 67.20)
[EVAL] E: [125][4/5]	Loss 2.4899e+00 (2.5248e+00)	Acc@1  37.30 ( 36.42)	Acc@5  68.30 ( 66.22)
		 Valid eval after epoch: loss:2.5248	latest_acc:36.42	LR:0.05 -- best valacc 40.50

Started EPOCH:126
[TRAIN] E: [126][ 0/45]	Loss 1.8137e+00 (1.8137e+00)	Acc@1  39.70 ( 39.70)	Acc@5  71.00 ( 71.00)
[TRAIN] E: [126][44/45]	Loss 1.7194e+00 (1.7464e+00)	Acc@1  42.30 ( 40.40)	Acc@5  73.80 ( 70.50)
[EVAL] E: [126][0/5]	Loss 2.5341e+00 (2.5341e+00)	Acc@1  37.20 ( 37.20)	Acc@5  65.10 ( 65.10)
[EVAL] E: [126][4/5]	Loss 2.4840e+00 (2.5585e+00)	Acc@1  38.90 ( 36.94)	Acc@5  66.90 ( 65.90)
		 Valid eval after epoch: loss:2.5585	latest_acc:36.94	LR:0.04 -- best valacc 40.50

Started EPOCH:127
[TRAIN] E: [127][ 0/45]	Loss 1.7101e+00 (1.7101e+00)	Acc@1  42.20 ( 42.20)	Acc@5  70.50 ( 70.50)
[TRAIN] E: [127][44/45]	Loss 1.7078e+00 (1.7301e+00)	Acc@1  40.90 ( 40.73)	Acc@5  70.70 ( 70.64)
[EVAL] E: [127][0/5]	Loss 2.4811e+00 (2.4811e+00)	Acc@1  38.30 ( 38.30)	Acc@5  68.00 ( 68.00)
[EVAL] E: [127][4/5]	Loss 2.5236e+00 (2.5351e+00)	Acc@1  37.70 ( 36.52)	Acc@5  67.50 ( 66.60)
		 Valid eval after epoch: loss:2.5351	latest_acc:36.52	LR:0.04 -- best valacc 40.50

Started EPOCH:128
[TRAIN] E: [128][ 0/45]	Loss 1.7342e+00 (1.7342e+00)	Acc@1  39.90 ( 39.90)	Acc@5  71.60 ( 71.60)
[TRAIN] E: [128][44/45]	Loss 1.7043e+00 (1.7246e+00)	Acc@1  39.70 ( 40.54)	Acc@5  67.90 ( 70.92)
[EVAL] E: [128][0/5]	Loss 2.4329e+00 (2.4329e+00)	Acc@1  40.60 ( 40.60)	Acc@5  68.80 ( 68.80)
[EVAL] E: [128][4/5]	Loss 2.4995e+00 (2.5354e+00)	Acc@1  38.80 ( 37.38)	Acc@5  67.70 ( 67.00)
		 Valid eval after epoch: loss:2.5354	latest_acc:37.38	LR:0.04 -- best valacc 40.50

Started EPOCH:129
[TRAIN] E: [129][ 0/45]	Loss 1.7299e+00 (1.7299e+00)	Acc@1  42.00 ( 42.00)	Acc@5  72.10 ( 72.10)
[TRAIN] E: [129][44/45]	Loss 1.7711e+00 (1.7209e+00)	Acc@1  42.60 ( 40.74)	Acc@5  73.90 ( 70.81)
[EVAL] E: [129][0/5]	Loss 2.4112e+00 (2.4112e+00)	Acc@1  39.30 ( 39.30)	Acc@5  67.60 ( 67.60)
[EVAL] E: [129][4/5]	Loss 2.4601e+00 (2.5115e+00)	Acc@1  37.60 ( 37.28)	Acc@5  67.70 ( 66.48)
		 Valid eval after epoch: loss:2.5115	latest_acc:37.28	LR:0.03 -- best valacc 40.50

Started EPOCH:130
[TRAIN] E: [130][ 0/45]	Loss 1.7296e+00 (1.7296e+00)	Acc@1  41.30 ( 41.30)	Acc@5  70.60 ( 70.60)
[TRAIN] E: [130][44/45]	Loss 1.7018e+00 (1.7183e+00)	Acc@1  41.80 ( 40.57)	Acc@5  69.80 ( 70.93)
[EVAL] E: [130][0/5]	Loss 2.5118e+00 (2.5118e+00)	Acc@1  37.40 ( 37.40)	Acc@5  66.30 ( 66.30)
[EVAL] E: [130][4/5]	Loss 2.4850e+00 (2.5964e+00)	Acc@1  37.70 ( 35.82)	Acc@5  67.40 ( 65.52)
		 Valid eval after epoch: loss:2.5964	latest_acc:35.82	LR:0.03 -- best valacc 40.50

Started EPOCH:131
[TRAIN] E: [131][ 0/45]	Loss 1.6602e+00 (1.6602e+00)	Acc@1  41.70 ( 41.70)	Acc@5  71.50 ( 71.50)
[TRAIN] E: [131][44/45]	Loss 1.7083e+00 (1.6938e+00)	Acc@1  40.60 ( 41.16)	Acc@5  70.40 ( 71.13)
[EVAL] E: [131][0/5]	Loss 2.6188e+00 (2.6188e+00)	Acc@1  34.70 ( 34.70)	Acc@5  66.30 ( 66.30)
[EVAL] E: [131][4/5]	Loss 2.6211e+00 (2.6864e+00)	Acc@1  36.10 ( 34.06)	Acc@5  65.50 ( 64.26)
		 Valid eval after epoch: loss:2.6864	latest_acc:34.06	LR:0.03 -- best valacc 40.50

Started EPOCH:132
[TRAIN] E: [132][ 0/45]	Loss 1.7222e+00 (1.7222e+00)	Acc@1  40.30 ( 40.30)	Acc@5  70.50 ( 70.50)
[TRAIN] E: [132][44/45]	Loss 1.6652e+00 (1.6822e+00)	Acc@1  38.90 ( 41.15)	Acc@5  68.60 ( 71.27)
[EVAL] E: [132][0/5]	Loss 2.6354e+00 (2.6354e+00)	Acc@1  35.70 ( 35.70)	Acc@5  66.10 ( 66.10)
[EVAL] E: [132][4/5]	Loss 2.5698e+00 (2.5937e+00)	Acc@1  36.00 ( 36.36)	Acc@5  66.80 ( 66.28)
		 Valid eval after epoch: loss:2.5937	latest_acc:36.36	LR:0.03 -- best valacc 40.50

Started EPOCH:133
[TRAIN] E: [133][ 0/45]	Loss 1.7198e+00 (1.7198e+00)	Acc@1  38.20 ( 38.20)	Acc@5  70.20 ( 70.20)
[TRAIN] E: [133][44/45]	Loss 1.6768e+00 (1.6752e+00)	Acc@1  41.00 ( 41.20)	Acc@5  69.20 ( 71.36)
[EVAL] E: [133][0/5]	Loss 2.4905e+00 (2.4905e+00)	Acc@1  38.40 ( 38.40)	Acc@5  68.50 ( 68.50)
[EVAL] E: [133][4/5]	Loss 2.3939e+00 (2.4790e+00)	Acc@1  40.60 ( 38.40)	Acc@5  69.90 ( 67.90)
		 Valid eval after epoch: loss:2.4790	latest_acc:38.40	LR:0.02 -- best valacc 40.50

Started EPOCH:134
[TRAIN] E: [134][ 0/45]	Loss 1.7280e+00 (1.7280e+00)	Acc@1  41.70 ( 41.70)	Acc@5  73.00 ( 73.00)
[TRAIN] E: [134][44/45]	Loss 1.7219e+00 (1.6685e+00)	Acc@1  38.00 ( 41.25)	Acc@5  70.10 ( 71.88)
[EVAL] E: [134][0/5]	Loss 2.3863e+00 (2.3863e+00)	Acc@1  39.80 ( 39.80)	Acc@5  69.20 ( 69.20)
[EVAL] E: [134][4/5]	Loss 2.3032e+00 (2.3785e+00)	Acc@1  41.50 ( 39.72)	Acc@5  71.00 ( 69.26)
		 Valid eval after epoch: loss:2.3785	latest_acc:39.72	LR:0.02 -- best valacc 40.50

Started EPOCH:135
[TRAIN] E: [135][ 0/45]	Loss 1.6614e+00 (1.6614e+00)	Acc@1  42.60 ( 42.60)	Acc@5  73.50 ( 73.50)
[TRAIN] E: [135][44/45]	Loss 1.7061e+00 (1.6583e+00)	Acc@1  42.30 ( 41.62)	Acc@5  71.80 ( 71.46)
[EVAL] E: [135][0/5]	Loss 2.5061e+00 (2.5061e+00)	Acc@1  36.30 ( 36.30)	Acc@5  65.10 ( 65.10)
[EVAL] E: [135][4/5]	Loss 2.4556e+00 (2.4499e+00)	Acc@1  37.50 ( 37.90)	Acc@5  67.50 ( 67.84)
		 Valid eval after epoch: loss:2.4499	latest_acc:37.90	LR:0.02 -- best valacc 40.50

Started EPOCH:136
[TRAIN] E: [136][ 0/45]	Loss 1.6078e+00 (1.6078e+00)	Acc@1  41.90 ( 41.90)	Acc@5  73.60 ( 73.60)
[TRAIN] E: [136][44/45]	Loss 1.6647e+00 (1.6581e+00)	Acc@1  42.70 ( 41.42)	Acc@5  71.70 ( 71.51)
[EVAL] E: [136][0/5]	Loss 2.3066e+00 (2.3066e+00)	Acc@1  38.90 ( 38.90)	Acc@5  70.80 ( 70.80)
[EVAL] E: [136][4/5]	Loss 2.3723e+00 (2.3953e+00)	Acc@1  39.30 ( 38.74)	Acc@5  68.10 ( 68.50)
		 Valid eval after epoch: loss:2.3953	latest_acc:38.74	LR:0.02 -- best valacc 40.50

Started EPOCH:137
[TRAIN] E: [137][ 0/45]	Loss 1.6624e+00 (1.6624e+00)	Acc@1  40.20 ( 40.20)	Acc@5  70.70 ( 70.70)
[TRAIN] E: [137][44/45]	Loss 1.6161e+00 (1.6471e+00)	Acc@1  42.60 ( 41.91)	Acc@5  71.90 ( 71.70)
[EVAL] E: [137][0/5]	Loss 2.3433e+00 (2.3433e+00)	Acc@1  40.40 ( 40.40)	Acc@5  68.00 ( 68.00)
[EVAL] E: [137][4/5]	Loss 2.3369e+00 (2.3658e+00)	Acc@1  40.30 ( 39.84)	Acc@5  70.60 ( 69.56)
		 Valid eval after epoch: loss:2.3658	latest_acc:39.84	LR:0.01 -- best valacc 40.50

Started EPOCH:138
[TRAIN] E: [138][ 0/45]	Loss 1.6770e+00 (1.6770e+00)	Acc@1  43.80 ( 43.80)	Acc@5  75.20 ( 75.20)
[TRAIN] E: [138][44/45]	Loss 1.6354e+00 (1.6365e+00)	Acc@1  41.80 ( 41.80)	Acc@5  73.10 ( 72.08)
[EVAL] E: [138][0/5]	Loss 2.3013e+00 (2.3013e+00)	Acc@1  41.50 ( 41.50)	Acc@5  69.80 ( 69.80)
[EVAL] E: [138][4/5]	Loss 2.4075e+00 (2.3724e+00)	Acc@1  39.20 ( 40.18)	Acc@5  69.10 ( 69.84)
		 Valid eval after epoch: loss:2.3724	latest_acc:40.18	LR:0.01 -- best valacc 40.50

Started EPOCH:139
[TRAIN] E: [139][ 0/45]	Loss 1.6180e+00 (1.6180e+00)	Acc@1  41.50 ( 41.50)	Acc@5  72.80 ( 72.80)
[TRAIN] E: [139][44/45]	Loss 1.6193e+00 (1.6289e+00)	Acc@1  39.50 ( 42.15)	Acc@5  69.20 ( 71.67)
[EVAL] E: [139][0/5]	Loss 2.3217e+00 (2.3217e+00)	Acc@1  39.20 ( 39.20)	Acc@5  71.20 ( 71.20)
[EVAL] E: [139][4/5]	Loss 2.4174e+00 (2.4143e+00)	Acc@1  40.20 ( 38.46)	Acc@5  68.40 ( 68.98)
		 Valid eval after epoch: loss:2.4143	latest_acc:38.46	LR:0.01 -- best valacc 40.50

Started EPOCH:140
[TRAIN] E: [140][ 0/45]	Loss 1.6267e+00 (1.6267e+00)	Acc@1  41.00 ( 41.00)	Acc@5  69.90 ( 69.90)
[TRAIN] E: [140][44/45]	Loss 1.5848e+00 (1.6276e+00)	Acc@1  40.60 ( 41.80)	Acc@5  70.40 ( 72.07)
[EVAL] E: [140][0/5]	Loss 2.3614e+00 (2.3614e+00)	Acc@1  39.50 ( 39.50)	Acc@5  68.90 ( 68.90)
[EVAL] E: [140][4/5]	Loss 2.2857e+00 (2.3702e+00)	Acc@1  41.10 ( 39.44)	Acc@5  71.40 ( 69.74)
		 Valid eval after epoch: loss:2.3702	latest_acc:39.44	LR:0.01 -- best valacc 40.50

Started EPOCH:141
[TRAIN] E: [141][ 0/45]	Loss 1.6450e+00 (1.6450e+00)	Acc@1  46.10 ( 46.10)	Acc@5  73.20 ( 73.20)
[TRAIN] E: [141][44/45]	Loss 1.6203e+00 (1.6168e+00)	Acc@1  43.50 ( 41.73)	Acc@5  72.20 ( 71.89)
[EVAL] E: [141][0/5]	Loss 2.3142e+00 (2.3142e+00)	Acc@1  39.70 ( 39.70)	Acc@5  72.00 ( 72.00)
[EVAL] E: [141][4/5]	Loss 2.2860e+00 (2.3403e+00)	Acc@1  41.60 ( 40.04)	Acc@5  70.50 ( 70.20)
		 Valid eval after epoch: loss:2.3403	latest_acc:40.04	LR:0.01 -- best valacc 40.50

Started EPOCH:142
[TRAIN] E: [142][ 0/45]	Loss 1.5761e+00 (1.5761e+00)	Acc@1  43.20 ( 43.20)	Acc@5  73.40 ( 73.40)
[TRAIN] E: [142][44/45]	Loss 1.6292e+00 (1.6036e+00)	Acc@1  42.20 ( 41.91)	Acc@5  72.00 ( 71.98)
[EVAL] E: [142][0/5]	Loss 2.3075e+00 (2.3075e+00)	Acc@1  41.10 ( 41.10)	Acc@5  70.60 ( 70.60)
[EVAL] E: [142][4/5]	Loss 2.3694e+00 (2.3377e+00)	Acc@1  40.90 ( 40.24)	Acc@5  69.10 ( 70.20)
		 Valid eval after epoch: loss:2.3377	latest_acc:40.24	LR:0.00 -- best valacc 40.50

Started EPOCH:143
[TRAIN] E: [143][ 0/45]	Loss 1.5976e+00 (1.5976e+00)	Acc@1  41.80 ( 41.80)	Acc@5  71.30 ( 71.30)
[TRAIN] E: [143][44/45]	Loss 1.5563e+00 (1.6079e+00)	Acc@1  43.20 ( 41.98)	Acc@5  71.10 ( 71.89)
[EVAL] E: [143][0/5]	Loss 2.2953e+00 (2.2953e+00)	Acc@1  42.20 ( 42.20)	Acc@5  70.60 ( 70.60)
[EVAL] E: [143][4/5]	Loss 2.2378e+00 (2.3169e+00)	Acc@1  42.30 ( 40.74)	Acc@5  70.90 ( 70.66)
		 Valid eval after epoch: loss:2.3169	latest_acc:40.74	LR:0.00 -- best valacc 40.74

Started EPOCH:144
[TRAIN] E: [144][ 0/45]	Loss 1.6245e+00 (1.6245e+00)	Acc@1  42.00 ( 42.00)	Acc@5  71.20 ( 71.20)
[TRAIN] E: [144][44/45]	Loss 1.6241e+00 (1.6136e+00)	Acc@1  41.10 ( 42.36)	Acc@5  72.10 ( 72.22)
[EVAL] E: [144][0/5]	Loss 2.3044e+00 (2.3044e+00)	Acc@1  40.10 ( 40.10)	Acc@5  70.70 ( 70.70)
[EVAL] E: [144][4/5]	Loss 2.3469e+00 (2.3396e+00)	Acc@1  40.90 ( 40.06)	Acc@5  69.80 ( 69.96)
		 Valid eval after epoch: loss:2.3396	latest_acc:40.06	LR:0.00 -- best valacc 40.74

Started EPOCH:145
[TRAIN] E: [145][ 0/45]	Loss 1.5738e+00 (1.5738e+00)	Acc@1  41.70 ( 41.70)	Acc@5  68.30 ( 68.30)
[TRAIN] E: [145][44/45]	Loss 1.6123e+00 (1.6064e+00)	Acc@1  44.40 ( 42.33)	Acc@5  75.00 ( 72.03)
[EVAL] E: [145][0/5]	Loss 2.2884e+00 (2.2884e+00)	Acc@1  40.60 ( 40.60)	Acc@5  70.40 ( 70.40)
[EVAL] E: [145][4/5]	Loss 2.2044e+00 (2.3116e+00)	Acc@1  43.10 ( 41.12)	Acc@5  71.20 ( 69.90)
		 Valid eval after epoch: loss:2.3116	latest_acc:41.12	LR:0.00 -- best valacc 41.12

Started EPOCH:146
[TRAIN] E: [146][ 0/45]	Loss 1.5392e+00 (1.5392e+00)	Acc@1  40.90 ( 40.90)	Acc@5  73.50 ( 73.50)
[TRAIN] E: [146][44/45]	Loss 1.5681e+00 (1.6008e+00)	Acc@1  40.80 ( 42.16)	Acc@5  71.50 ( 72.07)
[EVAL] E: [146][0/5]	Loss 2.3147e+00 (2.3147e+00)	Acc@1  40.10 ( 40.10)	Acc@5  70.70 ( 70.70)
[EVAL] E: [146][4/5]	Loss 2.2827e+00 (2.3264e+00)	Acc@1  42.90 ( 41.00)	Acc@5  71.00 ( 70.66)
		 Valid eval after epoch: loss:2.3264	latest_acc:41.00	LR:0.00 -- best valacc 41.12

Started EPOCH:147
[TRAIN] E: [147][ 0/45]	Loss 1.5993e+00 (1.5993e+00)	Acc@1  43.20 ( 43.20)	Acc@5  74.20 ( 74.20)
[TRAIN] E: [147][44/45]	Loss 1.5655e+00 (1.5934e+00)	Acc@1  43.70 ( 42.19)	Acc@5  74.00 ( 72.09)
[EVAL] E: [147][0/5]	Loss 2.2784e+00 (2.2784e+00)	Acc@1  41.50 ( 41.50)	Acc@5  70.80 ( 70.80)
[EVAL] E: [147][4/5]	Loss 2.2718e+00 (2.2980e+00)	Acc@1  41.90 ( 41.10)	Acc@5  71.50 ( 71.08)
		 Valid eval after epoch: loss:2.2980	latest_acc:41.10	LR:0.00 -- best valacc 41.12

Started EPOCH:148
[TRAIN] E: [148][ 0/45]	Loss 1.5649e+00 (1.5649e+00)	Acc@1  42.90 ( 42.90)	Acc@5  72.10 ( 72.10)
[TRAIN] E: [148][44/45]	Loss 1.5945e+00 (1.5900e+00)	Acc@1  41.50 ( 42.41)	Acc@5  73.70 ( 72.42)
[EVAL] E: [148][0/5]	Loss 2.2520e+00 (2.2520e+00)	Acc@1  41.90 ( 41.90)	Acc@5  71.80 ( 71.80)
[EVAL] E: [148][4/5]	Loss 2.3364e+00 (2.3130e+00)	Acc@1  42.20 ( 41.00)	Acc@5  70.30 ( 70.32)
		 Valid eval after epoch: loss:2.3130	latest_acc:41.00	LR:0.00 -- best valacc 41.12

Started EPOCH:149
[TRAIN] E: [149][ 0/45]	Loss 1.6235e+00 (1.6235e+00)	Acc@1  43.60 ( 43.60)	Acc@5  72.40 ( 72.40)
[TRAIN] E: [149][44/45]	Loss 1.5738e+00 (1.5931e+00)	Acc@1  40.90 ( 42.52)	Acc@5  71.60 ( 72.31)
[EVAL] E: [149][0/5]	Loss 2.3226e+00 (2.3226e+00)	Acc@1  41.10 ( 41.10)	Acc@5  70.50 ( 70.50)
[EVAL] E: [149][4/5]	Loss 2.2808e+00 (2.3268e+00)	Acc@1  41.40 ( 40.38)	Acc@5  72.50 ( 70.26)
		 Valid eval after epoch: loss:2.3268	latest_acc:40.38	LR:0.00 -- best valacc 41.12

Started EPOCH:150
[TRAIN] E: [150][ 0/45]	Loss 1.6473e+00 (1.6473e+00)	Acc@1  43.40 ( 43.40)	Acc@5  72.80 ( 72.80)
[TRAIN] E: [150][44/45]	Loss 1.5874e+00 (1.5912e+00)	Acc@1  43.90 ( 42.52)	Acc@5  74.50 ( 72.25)
[EVAL] E: [150][0/5]	Loss 2.2954e+00 (2.2954e+00)	Acc@1  41.00 ( 41.00)	Acc@5  71.30 ( 71.30)
[EVAL] E: [150][4/5]	Loss 2.2660e+00 (2.3353e+00)	Acc@1  41.50 ( 40.74)	Acc@5  71.70 ( 70.32)
		 Valid eval after epoch: loss:2.3353	latest_acc:40.74	LR:0.00 -- best valacc 41.12

Started EPOCH:151
[TRAIN] E: [151][ 0/45]	Loss 1.6130e+00 (1.6130e+00)	Acc@1  43.50 ( 43.50)	Acc@5  73.70 ( 73.70)
[TRAIN] E: [151][44/45]	Loss 1.6371e+00 (1.6003e+00)	Acc@1  41.20 ( 42.11)	Acc@5  69.40 ( 72.26)
[EVAL] E: [151][0/5]	Loss 2.2571e+00 (2.2571e+00)	Acc@1  41.00 ( 41.00)	Acc@5  70.70 ( 70.70)
[EVAL] E: [151][4/5]	Loss 2.3013e+00 (2.3185e+00)	Acc@1  41.80 ( 40.28)	Acc@5  69.20 ( 70.26)
		 Valid eval after epoch: loss:2.3185	latest_acc:40.28	LR:0.00 -- best valacc 41.12

Started EPOCH:152
[TRAIN] E: [152][ 0/45]	Loss 1.5743e+00 (1.5743e+00)	Acc@1  42.80 ( 42.80)	Acc@5  73.30 ( 73.30)
[TRAIN] E: [152][44/45]	Loss 1.5692e+00 (1.5920e+00)	Acc@1  40.10 ( 42.46)	Acc@5  72.10 ( 72.35)
[EVAL] E: [152][0/5]	Loss 2.3016e+00 (2.3016e+00)	Acc@1  41.30 ( 41.30)	Acc@5  70.30 ( 70.30)
[EVAL] E: [152][4/5]	Loss 2.3304e+00 (2.3339e+00)	Acc@1  40.10 ( 40.64)	Acc@5  68.70 ( 69.64)
		 Valid eval after epoch: loss:2.3339	latest_acc:40.64	LR:0.00 -- best valacc 41.12

Started EPOCH:153
[TRAIN] E: [153][ 0/45]	Loss 1.5575e+00 (1.5575e+00)	Acc@1  41.50 ( 41.50)	Acc@5  70.20 ( 70.20)
[TRAIN] E: [153][44/45]	Loss 1.6169e+00 (1.5858e+00)	Acc@1  43.90 ( 42.68)	Acc@5  71.40 ( 72.16)
[EVAL] E: [153][0/5]	Loss 2.2968e+00 (2.2968e+00)	Acc@1  41.20 ( 41.20)	Acc@5  70.60 ( 70.60)
[EVAL] E: [153][4/5]	Loss 2.2811e+00 (2.3201e+00)	Acc@1  43.30 ( 41.46)	Acc@5  70.30 ( 70.48)
		 Valid eval after epoch: loss:2.3201	latest_acc:41.46	LR:0.00 -- best valacc 41.46

Started EPOCH:154
[TRAIN] E: [154][ 0/45]	Loss 1.6225e+00 (1.6225e+00)	Acc@1  41.40 ( 41.40)	Acc@5  71.80 ( 71.80)
[TRAIN] E: [154][44/45]	Loss 1.5729e+00 (1.5910e+00)	Acc@1  44.00 ( 42.46)	Acc@5  73.50 ( 72.45)
[EVAL] E: [154][0/5]	Loss 2.3284e+00 (2.3284e+00)	Acc@1  39.90 ( 39.90)	Acc@5  69.50 ( 69.50)
[EVAL] E: [154][4/5]	Loss 2.2177e+00 (2.3494e+00)	Acc@1  40.60 ( 38.98)	Acc@5  72.40 ( 69.74)
		 Valid eval after epoch: loss:2.3494	latest_acc:38.98	LR:0.00 -- best valacc 41.46

Started EPOCH:155
[TRAIN] E: [155][ 0/45]	Loss 1.6068e+00 (1.6068e+00)	Acc@1  43.40 ( 43.40)	Acc@5  71.70 ( 71.70)
[TRAIN] E: [155][44/45]	Loss 1.6526e+00 (1.5974e+00)	Acc@1  44.20 ( 42.26)	Acc@5  72.50 ( 72.18)
[EVAL] E: [155][0/5]	Loss 2.2444e+00 (2.2444e+00)	Acc@1  42.30 ( 42.30)	Acc@5  72.90 ( 72.90)
[EVAL] E: [155][4/5]	Loss 2.3257e+00 (2.3249e+00)	Acc@1  40.80 ( 40.50)	Acc@5  71.30 ( 71.42)
		 Valid eval after epoch: loss:2.3249	latest_acc:40.50	LR:0.00 -- best valacc 41.46

Started EPOCH:156
[TRAIN] E: [156][ 0/45]	Loss 1.6167e+00 (1.6167e+00)	Acc@1  44.90 ( 44.90)	Acc@5  73.70 ( 73.70)
[TRAIN] E: [156][44/45]	Loss 1.6368e+00 (1.6018e+00)	Acc@1  39.60 ( 42.26)	Acc@5  70.00 ( 72.12)
[EVAL] E: [156][0/5]	Loss 2.2297e+00 (2.2297e+00)	Acc@1  42.20 ( 42.20)	Acc@5  72.00 ( 72.00)
[EVAL] E: [156][4/5]	Loss 2.2439e+00 (2.3085e+00)	Acc@1  41.40 ( 40.98)	Acc@5  71.50 ( 70.36)
		 Valid eval after epoch: loss:2.3085	latest_acc:40.98	LR:0.00 -- best valacc 41.46

Started EPOCH:157
[TRAIN] E: [157][ 0/45]	Loss 1.5782e+00 (1.5782e+00)	Acc@1  43.30 ( 43.30)	Acc@5  71.40 ( 71.40)
[TRAIN] E: [157][44/45]	Loss 1.5622e+00 (1.6040e+00)	Acc@1  43.30 ( 42.25)	Acc@5  73.80 ( 72.26)
[EVAL] E: [157][0/5]	Loss 2.2970e+00 (2.2970e+00)	Acc@1  40.70 ( 40.70)	Acc@5  71.70 ( 71.70)
[EVAL] E: [157][4/5]	Loss 2.3381e+00 (2.3604e+00)	Acc@1  38.50 ( 39.36)	Acc@5  69.80 ( 69.98)
		 Valid eval after epoch: loss:2.3604	latest_acc:39.36	LR:0.01 -- best valacc 41.46

Started EPOCH:158
[TRAIN] E: [158][ 0/45]	Loss 1.5745e+00 (1.5745e+00)	Acc@1  41.00 ( 41.00)	Acc@5  71.80 ( 71.80)
[TRAIN] E: [158][44/45]	Loss 1.6280e+00 (1.6073e+00)	Acc@1  40.60 ( 42.16)	Acc@5  71.60 ( 72.30)
[EVAL] E: [158][0/5]	Loss 2.2966e+00 (2.2966e+00)	Acc@1  43.10 ( 43.10)	Acc@5  71.50 ( 71.50)
[EVAL] E: [158][4/5]	Loss 2.3438e+00 (2.3512e+00)	Acc@1  38.70 ( 39.98)	Acc@5  69.60 ( 69.42)
		 Valid eval after epoch: loss:2.3512	latest_acc:39.98	LR:0.01 -- best valacc 41.46

Started EPOCH:159
[TRAIN] E: [159][ 0/45]	Loss 1.5787e+00 (1.5787e+00)	Acc@1  42.10 ( 42.10)	Acc@5  74.20 ( 74.20)
[TRAIN] E: [159][44/45]	Loss 1.5840e+00 (1.6074e+00)	Acc@1  44.60 ( 42.36)	Acc@5  74.00 ( 72.02)
[EVAL] E: [159][0/5]	Loss 2.3132e+00 (2.3132e+00)	Acc@1  40.90 ( 40.90)	Acc@5  70.40 ( 70.40)
[EVAL] E: [159][4/5]	Loss 2.3199e+00 (2.3719e+00)	Acc@1  39.80 ( 39.48)	Acc@5  70.20 ( 69.26)
		 Valid eval after epoch: loss:2.3719	latest_acc:39.48	LR:0.01 -- best valacc 41.46

Started EPOCH:160
[TRAIN] E: [160][ 0/45]	Loss 1.6622e+00 (1.6622e+00)	Acc@1  41.30 ( 41.30)	Acc@5  72.30 ( 72.30)
[TRAIN] E: [160][44/45]	Loss 1.6317e+00 (1.6141e+00)	Acc@1  42.10 ( 42.21)	Acc@5  71.00 ( 71.94)
[EVAL] E: [160][0/5]	Loss 2.2885e+00 (2.2885e+00)	Acc@1  41.20 ( 41.20)	Acc@5  70.30 ( 70.30)
[EVAL] E: [160][4/5]	Loss 2.2953e+00 (2.3475e+00)	Acc@1  42.60 ( 40.60)	Acc@5  70.20 ( 69.42)
		 Valid eval after epoch: loss:2.3475	latest_acc:40.60	LR:0.01 -- best valacc 41.46

Started EPOCH:161
[TRAIN] E: [161][ 0/45]	Loss 1.5951e+00 (1.5951e+00)	Acc@1  43.30 ( 43.30)	Acc@5  71.80 ( 71.80)
[TRAIN] E: [161][44/45]	Loss 1.6279e+00 (1.6144e+00)	Acc@1  43.00 ( 42.20)	Acc@5  71.30 ( 72.04)
[EVAL] E: [161][0/5]	Loss 2.2649e+00 (2.2649e+00)	Acc@1  40.50 ( 40.50)	Acc@5  71.20 ( 71.20)
[EVAL] E: [161][4/5]	Loss 2.3116e+00 (2.3363e+00)	Acc@1  41.30 ( 40.00)	Acc@5  72.50 ( 70.92)
		 Valid eval after epoch: loss:2.3363	latest_acc:40.00	LR:0.01 -- best valacc 41.46

Started EPOCH:162
[TRAIN] E: [162][ 0/45]	Loss 1.5556e+00 (1.5556e+00)	Acc@1  44.30 ( 44.30)	Acc@5  74.20 ( 74.20)
[TRAIN] E: [162][44/45]	Loss 1.5708e+00 (1.6278e+00)	Acc@1  44.40 ( 41.88)	Acc@5  71.70 ( 71.89)
[EVAL] E: [162][0/5]	Loss 2.4118e+00 (2.4118e+00)	Acc@1  39.50 ( 39.50)	Acc@5  67.70 ( 67.70)
[EVAL] E: [162][4/5]	Loss 2.3907e+00 (2.3836e+00)	Acc@1  39.10 ( 39.46)	Acc@5  70.70 ( 69.32)
		 Valid eval after epoch: loss:2.3836	latest_acc:39.46	LR:0.02 -- best valacc 41.46

Started EPOCH:163
[TRAIN] E: [163][ 0/45]	Loss 1.6271e+00 (1.6271e+00)	Acc@1  41.40 ( 41.40)	Acc@5  73.00 ( 73.00)
[TRAIN] E: [163][44/45]	Loss 1.6190e+00 (1.6312e+00)	Acc@1  42.60 ( 41.93)	Acc@5  69.40 ( 71.95)
[EVAL] E: [163][0/5]	Loss 2.3305e+00 (2.3305e+00)	Acc@1  40.20 ( 40.20)	Acc@5  69.20 ( 69.20)
[EVAL] E: [163][4/5]	Loss 2.3773e+00 (2.3683e+00)	Acc@1  40.50 ( 39.66)	Acc@5  69.70 ( 70.04)
		 Valid eval after epoch: loss:2.3683	latest_acc:39.66	LR:0.02 -- best valacc 41.46

Started EPOCH:164
[TRAIN] E: [164][ 0/45]	Loss 1.6545e+00 (1.6545e+00)	Acc@1  42.10 ( 42.10)	Acc@5  72.50 ( 72.50)
[TRAIN] E: [164][44/45]	Loss 1.5886e+00 (1.6421e+00)	Acc@1  41.60 ( 41.43)	Acc@5  72.40 ( 71.73)
[EVAL] E: [164][0/5]	Loss 2.3479e+00 (2.3479e+00)	Acc@1  39.40 ( 39.40)	Acc@5  69.60 ( 69.60)
[EVAL] E: [164][4/5]	Loss 2.4231e+00 (2.4038e+00)	Acc@1  38.30 ( 38.46)	Acc@5  69.90 ( 69.38)
		 Valid eval after epoch: loss:2.4038	latest_acc:38.46	LR:0.02 -- best valacc 41.46

Started EPOCH:165
[TRAIN] E: [165][ 0/45]	Loss 1.6379e+00 (1.6379e+00)	Acc@1  42.50 ( 42.50)	Acc@5  72.60 ( 72.60)
[TRAIN] E: [165][44/45]	Loss 1.6896e+00 (1.6466e+00)	Acc@1  43.00 ( 41.74)	Acc@5  73.40 ( 71.59)
[EVAL] E: [165][0/5]	Loss 2.3183e+00 (2.3183e+00)	Acc@1  40.10 ( 40.10)	Acc@5  70.70 ( 70.70)
[EVAL] E: [165][4/5]	Loss 2.3851e+00 (2.3973e+00)	Acc@1  40.40 ( 38.98)	Acc@5  69.00 ( 68.52)
		 Valid eval after epoch: loss:2.3973	latest_acc:38.98	LR:0.02 -- best valacc 41.46

Started EPOCH:166
[TRAIN] E: [166][ 0/45]	Loss 1.6435e+00 (1.6435e+00)	Acc@1  40.90 ( 40.90)	Acc@5  70.60 ( 70.60)
[TRAIN] E: [166][44/45]	Loss 1.6559e+00 (1.6583e+00)	Acc@1  41.40 ( 41.25)	Acc@5  72.20 ( 71.45)
[EVAL] E: [166][0/5]	Loss 2.3664e+00 (2.3664e+00)	Acc@1  39.70 ( 39.70)	Acc@5  68.20 ( 68.20)
[EVAL] E: [166][4/5]	Loss 2.3691e+00 (2.4278e+00)	Acc@1  39.50 ( 38.48)	Acc@5  67.70 ( 67.56)
		 Valid eval after epoch: loss:2.4278	latest_acc:38.48	LR:0.03 -- best valacc 41.46

Started EPOCH:167
[TRAIN] E: [167][ 0/45]	Loss 1.6476e+00 (1.6476e+00)	Acc@1  40.90 ( 40.90)	Acc@5  70.80 ( 70.80)
[TRAIN] E: [167][44/45]	Loss 1.6280e+00 (1.6722e+00)	Acc@1  44.80 ( 41.52)	Acc@5  74.00 ( 71.38)
[EVAL] E: [167][0/5]	Loss 2.4651e+00 (2.4651e+00)	Acc@1  38.70 ( 38.70)	Acc@5  68.70 ( 68.70)
[EVAL] E: [167][4/5]	Loss 2.5159e+00 (2.5054e+00)	Acc@1  37.90 ( 37.16)	Acc@5  65.70 ( 66.68)
		 Valid eval after epoch: loss:2.5054	latest_acc:37.16	LR:0.03 -- best valacc 41.46

Started EPOCH:168
[TRAIN] E: [168][ 0/45]	Loss 1.6349e+00 (1.6349e+00)	Acc@1  41.70 ( 41.70)	Acc@5  71.20 ( 71.20)
[TRAIN] E: [168][44/45]	Loss 1.7128e+00 (1.6806e+00)	Acc@1  40.10 ( 41.33)	Acc@5  71.80 ( 71.19)
[EVAL] E: [168][0/5]	Loss 2.4487e+00 (2.4487e+00)	Acc@1  38.80 ( 38.80)	Acc@5  68.30 ( 68.30)
[EVAL] E: [168][4/5]	Loss 2.3894e+00 (2.4638e+00)	Acc@1  39.70 ( 37.96)	Acc@5  67.80 ( 67.44)
		 Valid eval after epoch: loss:2.4638	latest_acc:37.96	LR:0.03 -- best valacc 41.46

Started EPOCH:169
[TRAIN] E: [169][ 0/45]	Loss 1.7359e+00 (1.7359e+00)	Acc@1  37.90 ( 37.90)	Acc@5  68.70 ( 68.70)
[TRAIN] E: [169][44/45]	Loss 1.7114e+00 (1.6989e+00)	Acc@1  39.00 ( 41.12)	Acc@5  68.60 ( 70.94)
[EVAL] E: [169][0/5]	Loss 2.4886e+00 (2.4886e+00)	Acc@1  35.80 ( 35.80)	Acc@5  68.20 ( 68.20)
[EVAL] E: [169][4/5]	Loss 2.4027e+00 (2.4795e+00)	Acc@1  40.10 ( 37.50)	Acc@5  68.00 ( 67.58)
		 Valid eval after epoch: loss:2.4795	latest_acc:37.50	LR:0.03 -- best valacc 41.46

Started EPOCH:170
[TRAIN] E: [170][ 0/45]	Loss 1.6155e+00 (1.6155e+00)	Acc@1  41.90 ( 41.90)	Acc@5  72.20 ( 72.20)
[TRAIN] E: [170][44/45]	Loss 1.7096e+00 (1.6967e+00)	Acc@1  42.20 ( 40.92)	Acc@5  72.20 ( 70.98)
[EVAL] E: [170][0/5]	Loss 2.8728e+00 (2.8728e+00)	Acc@1  31.50 ( 31.50)	Acc@5  61.50 ( 61.50)
[EVAL] E: [170][4/5]	Loss 2.7681e+00 (2.8446e+00)	Acc@1  34.60 ( 32.34)	Acc@5  62.00 ( 61.16)
		 Valid eval after epoch: loss:2.8446	latest_acc:32.34	LR:0.04 -- best valacc 41.46

Started EPOCH:171
[TRAIN] E: [171][ 0/45]	Loss 1.7007e+00 (1.7007e+00)	Acc@1  39.40 ( 39.40)	Acc@5  70.20 ( 70.20)
[TRAIN] E: [171][44/45]	Loss 1.6512e+00 (1.7061e+00)	Acc@1  41.40 ( 41.27)	Acc@5  71.00 ( 71.11)
[EVAL] E: [171][0/5]	Loss 2.5898e+00 (2.5898e+00)	Acc@1  33.90 ( 33.90)	Acc@5  65.50 ( 65.50)
[EVAL] E: [171][4/5]	Loss 2.5356e+00 (2.5697e+00)	Acc@1  37.30 ( 35.52)	Acc@5  67.30 ( 66.50)
		 Valid eval after epoch: loss:2.5697	latest_acc:35.52	LR:0.04 -- best valacc 41.46

Started EPOCH:172
[TRAIN] E: [172][ 0/45]	Loss 1.6810e+00 (1.6810e+00)	Acc@1  41.60 ( 41.60)	Acc@5  72.90 ( 72.90)
[TRAIN] E: [172][44/45]	Loss 1.7179e+00 (1.7180e+00)	Acc@1  40.60 ( 40.74)	Acc@5  71.70 ( 70.72)
[EVAL] E: [172][0/5]	Loss 2.5420e+00 (2.5420e+00)	Acc@1  34.30 ( 34.30)	Acc@5  66.60 ( 66.60)
[EVAL] E: [172][4/5]	Loss 2.4296e+00 (2.5750e+00)	Acc@1  40.10 ( 35.62)	Acc@5  68.60 ( 65.76)
		 Valid eval after epoch: loss:2.5750	latest_acc:35.62	LR:0.04 -- best valacc 41.46

Started EPOCH:173
[TRAIN] E: [173][ 0/45]	Loss 1.6980e+00 (1.6980e+00)	Acc@1  39.50 ( 39.50)	Acc@5  69.80 ( 69.80)
[TRAIN] E: [173][44/45]	Loss 1.6999e+00 (1.7445e+00)	Acc@1  41.60 ( 40.31)	Acc@5  70.70 ( 70.34)
[EVAL] E: [173][0/5]	Loss 2.6429e+00 (2.6429e+00)	Acc@1  35.20 ( 35.20)	Acc@5  64.00 ( 64.00)
[EVAL] E: [173][4/5]	Loss 2.7237e+00 (2.6726e+00)	Acc@1  32.60 ( 34.98)	Acc@5  64.10 ( 64.34)
		 Valid eval after epoch: loss:2.6726	latest_acc:34.98	LR:0.05 -- best valacc 41.46

Started EPOCH:174
[TRAIN] E: [174][ 0/45]	Loss 1.7662e+00 (1.7662e+00)	Acc@1  38.70 ( 38.70)	Acc@5  71.50 ( 71.50)
[TRAIN] E: [174][44/45]	Loss 1.8225e+00 (1.7480e+00)	Acc@1  41.50 ( 40.00)	Acc@5  69.20 ( 70.13)
[EVAL] E: [174][0/5]	Loss 2.6048e+00 (2.6048e+00)	Acc@1  36.30 ( 36.30)	Acc@5  64.20 ( 64.20)
[EVAL] E: [174][4/5]	Loss 2.7525e+00 (2.6972e+00)	Acc@1  33.30 ( 33.88)	Acc@5  63.70 ( 63.70)
		 Valid eval after epoch: loss:2.6972	latest_acc:33.88	LR:0.05 -- best valacc 41.46

Started EPOCH:175
[TRAIN] E: [175][ 0/45]	Loss 1.7102e+00 (1.7102e+00)	Acc@1  40.30 ( 40.30)	Acc@5  70.90 ( 70.90)
[TRAIN] E: [175][44/45]	Loss 1.8232e+00 (1.7768e+00)	Acc@1  44.80 ( 39.86)	Acc@5  73.10 ( 69.91)
[EVAL] E: [175][0/5]	Loss 2.6863e+00 (2.6863e+00)	Acc@1  35.60 ( 35.60)	Acc@5  63.20 ( 63.20)
[EVAL] E: [175][4/5]	Loss 2.5505e+00 (2.6761e+00)	Acc@1  38.20 ( 35.44)	Acc@5  66.80 ( 64.24)
		 Valid eval after epoch: loss:2.6761	latest_acc:35.44	LR:0.05 -- best valacc 41.46

Started EPOCH:176
[TRAIN] E: [176][ 0/45]	Loss 1.6916e+00 (1.6916e+00)	Acc@1  43.40 ( 43.40)	Acc@5  73.30 ( 73.30)
[TRAIN] E: [176][44/45]	Loss 1.7962e+00 (1.7662e+00)	Acc@1  38.90 ( 39.88)	Acc@5  70.50 ( 70.05)
[EVAL] E: [176][0/5]	Loss 2.9592e+00 (2.9592e+00)	Acc@1  30.00 ( 30.00)	Acc@5  58.30 ( 58.30)
[EVAL] E: [176][4/5]	Loss 2.9844e+00 (2.9981e+00)	Acc@1  29.80 ( 29.42)	Acc@5  59.50 ( 58.50)
		 Valid eval after epoch: loss:2.9981	latest_acc:29.42	LR:0.06 -- best valacc 41.46

Started EPOCH:177
[TRAIN] E: [177][ 0/45]	Loss 1.7570e+00 (1.7570e+00)	Acc@1  39.20 ( 39.20)	Acc@5  69.40 ( 69.40)
[TRAIN] E: [177][44/45]	Loss 1.8053e+00 (1.7819e+00)	Acc@1  41.10 ( 39.49)	Acc@5  70.30 ( 69.84)
[EVAL] E: [177][0/5]	Loss 2.8423e+00 (2.8423e+00)	Acc@1  30.80 ( 30.80)	Acc@5  62.60 ( 62.60)
[EVAL] E: [177][4/5]	Loss 2.8927e+00 (2.8702e+00)	Acc@1  31.70 ( 31.60)	Acc@5  59.40 ( 60.96)
		 Valid eval after epoch: loss:2.8702	latest_acc:31.60	LR:0.06 -- best valacc 41.46

Started EPOCH:178
[TRAIN] E: [178][ 0/45]	Loss 1.8032e+00 (1.8032e+00)	Acc@1  39.00 ( 39.00)	Acc@5  69.80 ( 69.80)
[TRAIN] E: [178][44/45]	Loss 1.7634e+00 (1.7996e+00)	Acc@1  40.00 ( 39.74)	Acc@5  70.80 ( 69.76)
[EVAL] E: [178][0/5]	Loss 2.8353e+00 (2.8353e+00)	Acc@1  31.60 ( 31.60)	Acc@5  62.40 ( 62.40)
[EVAL] E: [178][4/5]	Loss 2.8286e+00 (2.8392e+00)	Acc@1  31.90 ( 32.52)	Acc@5  61.90 ( 61.84)
		 Valid eval after epoch: loss:2.8392	latest_acc:32.52	LR:0.06 -- best valacc 41.46

Started EPOCH:179
[TRAIN] E: [179][ 0/45]	Loss 1.8050e+00 (1.8050e+00)	Acc@1  38.70 ( 38.70)	Acc@5  72.10 ( 72.10)
[TRAIN] E: [179][44/45]	Loss 1.8260e+00 (1.8034e+00)	Acc@1  39.10 ( 39.83)	Acc@5  70.10 ( 70.04)
[EVAL] E: [179][0/5]	Loss 2.7270e+00 (2.7270e+00)	Acc@1  34.80 ( 34.80)	Acc@5  62.00 ( 62.00)
[EVAL] E: [179][4/5]	Loss 2.7209e+00 (2.7637e+00)	Acc@1  34.40 ( 33.76)	Acc@5  62.60 ( 61.96)
		 Valid eval after epoch: loss:2.7637	latest_acc:33.76	LR:0.07 -- best valacc 41.46

Started EPOCH:180
[TRAIN] E: [180][ 0/45]	Loss 1.7658e+00 (1.7658e+00)	Acc@1  41.30 ( 41.30)	Acc@5  71.40 ( 71.40)
[TRAIN] E: [180][44/45]	Loss 1.7934e+00 (1.8413e+00)	Acc@1  36.70 ( 39.02)	Acc@5  65.60 ( 69.29)
[EVAL] E: [180][0/5]	Loss 2.5793e+00 (2.5793e+00)	Acc@1  35.40 ( 35.40)	Acc@5  65.90 ( 65.90)
[EVAL] E: [180][4/5]	Loss 2.5360e+00 (2.6321e+00)	Acc@1  37.20 ( 34.82)	Acc@5  65.00 ( 64.16)
		 Valid eval after epoch: loss:2.6321	latest_acc:34.82	LR:0.07 -- best valacc 41.46

Started EPOCH:181
[TRAIN] E: [181][ 0/45]	Loss 1.8041e+00 (1.8041e+00)	Acc@1  40.30 ( 40.30)	Acc@5  72.80 ( 72.80)
[TRAIN] E: [181][44/45]	Loss 1.8509e+00 (1.8313e+00)	Acc@1  37.60 ( 39.34)	Acc@5  67.00 ( 69.54)
[EVAL] E: [181][0/5]	Loss 3.1195e+00 (3.1195e+00)	Acc@1  27.60 ( 27.60)	Acc@5  59.00 ( 59.00)
[EVAL] E: [181][4/5]	Loss 3.1056e+00 (3.2025e+00)	Acc@1  29.80 ( 28.12)	Acc@5  58.00 ( 56.42)
		 Valid eval after epoch: loss:3.2025	latest_acc:28.12	LR:0.07 -- best valacc 41.46

Started EPOCH:182
[TRAIN] E: [182][ 0/45]	Loss 1.8191e+00 (1.8191e+00)	Acc@1  37.70 ( 37.70)	Acc@5  71.10 ( 71.10)
[TRAIN] E: [182][44/45]	Loss 1.8559e+00 (1.8476e+00)	Acc@1  39.90 ( 38.98)	Acc@5  68.90 ( 69.55)
[EVAL] E: [182][0/5]	Loss 2.7375e+00 (2.7375e+00)	Acc@1  34.70 ( 34.70)	Acc@5  64.00 ( 64.00)
[EVAL] E: [182][4/5]	Loss 2.7236e+00 (2.7474e+00)	Acc@1  34.50 ( 34.18)	Acc@5  64.50 ( 63.86)
		 Valid eval after epoch: loss:2.7474	latest_acc:34.18	LR:0.07 -- best valacc 41.46

Started EPOCH:183
[TRAIN] E: [183][ 0/45]	Loss 1.7956e+00 (1.7956e+00)	Acc@1  37.50 ( 37.50)	Acc@5  68.70 ( 68.70)
[TRAIN] E: [183][44/45]	Loss 1.8403e+00 (1.8341e+00)	Acc@1  37.50 ( 39.42)	Acc@5  64.80 ( 69.54)
[EVAL] E: [183][0/5]	Loss 2.7744e+00 (2.7744e+00)	Acc@1  34.30 ( 34.30)	Acc@5  64.30 ( 64.30)
[EVAL] E: [183][4/5]	Loss 2.7950e+00 (2.8125e+00)	Acc@1  33.40 ( 32.94)	Acc@5  63.70 ( 62.44)
		 Valid eval after epoch: loss:2.8125	latest_acc:32.94	LR:0.08 -- best valacc 41.46

Started EPOCH:184
[TRAIN] E: [184][ 0/45]	Loss 1.8122e+00 (1.8122e+00)	Acc@1  37.20 ( 37.20)	Acc@5  67.40 ( 67.40)
[TRAIN] E: [184][44/45]	Loss 1.9233e+00 (1.8533e+00)	Acc@1  37.30 ( 38.99)	Acc@5  67.80 ( 69.22)
[EVAL] E: [184][0/5]	Loss 3.2437e+00 (3.2437e+00)	Acc@1  27.70 ( 27.70)	Acc@5  56.60 ( 56.60)
[EVAL] E: [184][4/5]	Loss 3.0127e+00 (3.1553e+00)	Acc@1  29.80 ( 28.76)	Acc@5  62.20 ( 57.86)
		 Valid eval after epoch: loss:3.1553	latest_acc:28.76	LR:0.08 -- best valacc 41.46

Started EPOCH:185
[TRAIN] E: [185][ 0/45]	Loss 1.8318e+00 (1.8318e+00)	Acc@1  39.70 ( 39.70)	Acc@5  70.90 ( 70.90)
[TRAIN] E: [185][44/45]	Loss 1.8715e+00 (1.8613e+00)	Acc@1  39.80 ( 39.01)	Acc@5  69.40 ( 68.93)
[EVAL] E: [185][0/5]	Loss 2.6570e+00 (2.6570e+00)	Acc@1  33.50 ( 33.50)	Acc@5  65.70 ( 65.70)
[EVAL] E: [185][4/5]	Loss 2.6957e+00 (2.7233e+00)	Acc@1  33.70 ( 33.04)	Acc@5  63.40 ( 63.00)
		 Valid eval after epoch: loss:2.7233	latest_acc:33.04	LR:0.08 -- best valacc 41.46

Started EPOCH:186
[TRAIN] E: [186][ 0/45]	Loss 1.8147e+00 (1.8147e+00)	Acc@1  39.50 ( 39.50)	Acc@5  70.70 ( 70.70)
[TRAIN] E: [186][44/45]	Loss 1.9256e+00 (1.8841e+00)	Acc@1  39.60 ( 38.62)	Acc@5  68.60 ( 69.06)
[EVAL] E: [186][0/5]	Loss 2.8703e+00 (2.8703e+00)	Acc@1  32.30 ( 32.30)	Acc@5  64.60 ( 64.60)
[EVAL] E: [186][4/5]	Loss 2.9473e+00 (2.9015e+00)	Acc@1  29.20 ( 31.88)	Acc@5  60.50 ( 61.54)
		 Valid eval after epoch: loss:2.9015	latest_acc:31.88	LR:0.08 -- best valacc 41.46

Started EPOCH:187
[TRAIN] E: [187][ 0/45]	Loss 1.8971e+00 (1.8971e+00)	Acc@1  39.50 ( 39.50)	Acc@5  67.40 ( 67.40)
[TRAIN] E: [187][44/45]	Loss 1.8995e+00 (1.8783e+00)	Acc@1  40.10 ( 38.48)	Acc@5  69.80 ( 69.02)
[EVAL] E: [187][0/5]	Loss 3.0015e+00 (3.0015e+00)	Acc@1  28.10 ( 28.10)	Acc@5  59.10 ( 59.10)
[EVAL] E: [187][4/5]	Loss 2.9348e+00 (2.9837e+00)	Acc@1  29.00 ( 29.64)	Acc@5  60.00 ( 59.76)
		 Valid eval after epoch: loss:2.9837	latest_acc:29.64	LR:0.09 -- best valacc 41.46

Started EPOCH:188
[TRAIN] E: [188][ 0/45]	Loss 1.9221e+00 (1.9221e+00)	Acc@1  39.00 ( 39.00)	Acc@5  68.20 ( 68.20)
[TRAIN] E: [188][44/45]	Loss 1.8282e+00 (1.8830e+00)	Acc@1  37.60 ( 38.81)	Acc@5  70.70 ( 68.81)
[EVAL] E: [188][0/5]	Loss 2.8766e+00 (2.8766e+00)	Acc@1  31.80 ( 31.80)	Acc@5  61.60 ( 61.60)
[EVAL] E: [188][4/5]	Loss 2.7607e+00 (2.8677e+00)	Acc@1  33.70 ( 32.48)	Acc@5  62.10 ( 62.04)
		 Valid eval after epoch: loss:2.8677	latest_acc:32.48	LR:0.09 -- best valacc 41.46

Started EPOCH:189
[TRAIN] E: [189][ 0/45]	Loss 1.8565e+00 (1.8565e+00)	Acc@1  37.40 ( 37.40)	Acc@5  71.40 ( 71.40)
[TRAIN] E: [189][44/45]	Loss 1.9158e+00 (1.8855e+00)	Acc@1  41.20 ( 38.78)	Acc@5  71.10 ( 69.12)
[EVAL] E: [189][0/5]	Loss 2.8236e+00 (2.8236e+00)	Acc@1  32.60 ( 32.60)	Acc@5  59.20 ( 59.20)
[EVAL] E: [189][4/5]	Loss 2.8517e+00 (2.8406e+00)	Acc@1  31.00 ( 31.18)	Acc@5  59.00 ( 59.50)
		 Valid eval after epoch: loss:2.8406	latest_acc:31.18	LR:0.09 -- best valacc 41.46

Started EPOCH:190
[TRAIN] E: [190][ 0/45]	Loss 1.8843e+00 (1.8843e+00)	Acc@1  40.00 ( 40.00)	Acc@5  68.60 ( 68.60)
[TRAIN] E: [190][44/45]	Loss 1.8699e+00 (1.8916e+00)	Acc@1  39.20 ( 38.71)	Acc@5  69.00 ( 68.76)
[EVAL] E: [190][0/5]	Loss 2.7562e+00 (2.7562e+00)	Acc@1  30.70 ( 30.70)	Acc@5  64.00 ( 64.00)
[EVAL] E: [190][4/5]	Loss 2.8273e+00 (2.8125e+00)	Acc@1  31.30 ( 31.28)	Acc@5  59.80 ( 61.76)
		 Valid eval after epoch: loss:2.8125	latest_acc:31.28	LR:0.09 -- best valacc 41.46

Started EPOCH:191
[TRAIN] E: [191][ 0/45]	Loss 1.8374e+00 (1.8374e+00)	Acc@1  39.00 ( 39.00)	Acc@5  66.80 ( 66.80)
[TRAIN] E: [191][44/45]	Loss 1.8628e+00 (1.8739e+00)	Acc@1  38.60 ( 38.71)	Acc@5  67.50 ( 68.92)
[EVAL] E: [191][0/5]	Loss 3.0936e+00 (3.0936e+00)	Acc@1  29.50 ( 29.50)	Acc@5  57.70 ( 57.70)
[EVAL] E: [191][4/5]	Loss 3.2248e+00 (3.1578e+00)	Acc@1  26.00 ( 27.92)	Acc@5  55.80 ( 57.22)
		 Valid eval after epoch: loss:3.1578	latest_acc:27.92	LR:0.09 -- best valacc 41.46

Started EPOCH:192
[TRAIN] E: [192][ 0/45]	Loss 1.8132e+00 (1.8132e+00)	Acc@1  43.10 ( 43.10)	Acc@5  71.00 ( 71.00)
[TRAIN] E: [192][44/45]	Loss 1.8487e+00 (1.8749e+00)	Acc@1  39.40 ( 38.70)	Acc@5  70.70 ( 68.79)
[EVAL] E: [192][0/5]	Loss 2.7300e+00 (2.7300e+00)	Acc@1  32.00 ( 32.00)	Acc@5  61.90 ( 61.90)
[EVAL] E: [192][4/5]	Loss 2.7032e+00 (2.7723e+00)	Acc@1  32.00 ( 31.04)	Acc@5  62.00 ( 61.06)
		 Valid eval after epoch: loss:2.7723	latest_acc:31.04	LR:0.10 -- best valacc 41.46

Started EPOCH:193
[TRAIN] E: [193][ 0/45]	Loss 1.8251e+00 (1.8251e+00)	Acc@1  36.90 ( 36.90)	Acc@5  70.10 ( 70.10)
[TRAIN] E: [193][44/45]	Loss 1.8964e+00 (1.9043e+00)	Acc@1  36.70 ( 37.83)	Acc@5  69.00 ( 68.56)
[EVAL] E: [193][0/5]	Loss 2.9603e+00 (2.9603e+00)	Acc@1  29.80 ( 29.80)	Acc@5  58.50 ( 58.50)
[EVAL] E: [193][4/5]	Loss 2.9769e+00 (3.0033e+00)	Acc@1  31.10 ( 29.70)	Acc@5  58.40 ( 58.86)
		 Valid eval after epoch: loss:3.0033	latest_acc:29.70	LR:0.10 -- best valacc 41.46

Started EPOCH:194
[TRAIN] E: [194][ 0/45]	Loss 1.8463e+00 (1.8463e+00)	Acc@1  39.90 ( 39.90)	Acc@5  68.30 ( 68.30)
[TRAIN] E: [194][44/45]	Loss 1.8937e+00 (1.8783e+00)	Acc@1  40.50 ( 38.43)	Acc@5  71.10 ( 68.96)
[EVAL] E: [194][0/5]	Loss 2.8814e+00 (2.8814e+00)	Acc@1  32.30 ( 32.30)	Acc@5  59.90 ( 59.90)
[EVAL] E: [194][4/5]	Loss 2.9717e+00 (2.9072e+00)	Acc@1  30.90 ( 31.76)	Acc@5  59.00 ( 60.06)
		 Valid eval after epoch: loss:2.9072	latest_acc:31.76	LR:0.10 -- best valacc 41.46

Started EPOCH:195
[TRAIN] E: [195][ 0/45]	Loss 1.9104e+00 (1.9104e+00)	Acc@1  40.50 ( 40.50)	Acc@5  67.90 ( 67.90)
[TRAIN] E: [195][44/45]	Loss 1.9134e+00 (1.8752e+00)	Acc@1  36.80 ( 38.28)	Acc@5  67.40 ( 68.80)
[EVAL] E: [195][0/5]	Loss 3.5591e+00 (3.5591e+00)	Acc@1  21.60 ( 21.60)	Acc@5  50.50 ( 50.50)
[EVAL] E: [195][4/5]	Loss 3.3311e+00 (3.4718e+00)	Acc@1  24.20 ( 22.70)	Acc@5  54.60 ( 52.10)
		 Valid eval after epoch: loss:3.4718	latest_acc:22.70	LR:0.10 -- best valacc 41.46

Started EPOCH:196
[TRAIN] E: [196][ 0/45]	Loss 1.8194e+00 (1.8194e+00)	Acc@1  40.30 ( 40.30)	Acc@5  70.30 ( 70.30)
[TRAIN] E: [196][44/45]	Loss 1.9295e+00 (1.8964e+00)	Acc@1  36.40 ( 37.90)	Acc@5  68.30 ( 68.70)
[EVAL] E: [196][0/5]	Loss 3.3161e+00 (3.3161e+00)	Acc@1  25.30 ( 25.30)	Acc@5  53.10 ( 53.10)
[EVAL] E: [196][4/5]	Loss 3.3530e+00 (3.3606e+00)	Acc@1  25.40 ( 25.20)	Acc@5  53.70 ( 52.80)
		 Valid eval after epoch: loss:3.3606	latest_acc:25.20	LR:0.10 -- best valacc 41.46

Started EPOCH:197
[TRAIN] E: [197][ 0/45]	Loss 1.9468e+00 (1.9468e+00)	Acc@1  39.70 ( 39.70)	Acc@5  70.20 ( 70.20)
[TRAIN] E: [197][44/45]	Loss 1.8364e+00 (1.8880e+00)	Acc@1  40.00 ( 38.42)	Acc@5  69.90 ( 68.72)
[EVAL] E: [197][0/5]	Loss 3.3909e+00 (3.3909e+00)	Acc@1  26.70 ( 26.70)	Acc@5  55.20 ( 55.20)
[EVAL] E: [197][4/5]	Loss 3.3813e+00 (3.4142e+00)	Acc@1  25.90 ( 26.22)	Acc@5  54.40 ( 54.56)
		 Valid eval after epoch: loss:3.4142	latest_acc:26.22	LR:0.10 -- best valacc 41.46

Started EPOCH:198
[TRAIN] E: [198][ 0/45]	Loss 1.8327e+00 (1.8327e+00)	Acc@1  36.90 ( 36.90)	Acc@5  68.90 ( 68.90)
[TRAIN] E: [198][44/45]	Loss 1.8689e+00 (1.8844e+00)	Acc@1  38.40 ( 38.35)	Acc@5  69.70 ( 68.70)
[EVAL] E: [198][0/5]	Loss 3.1777e+00 (3.1777e+00)	Acc@1  29.00 ( 29.00)	Acc@5  57.30 ( 57.30)
[EVAL] E: [198][4/5]	Loss 3.1950e+00 (3.2080e+00)	Acc@1  27.70 ( 27.70)	Acc@5  57.80 ( 57.40)
		 Valid eval after epoch: loss:3.2080	latest_acc:27.70	LR:0.10 -- best valacc 41.46

Started EPOCH:199
[TRAIN] E: [199][ 0/45]	Loss 1.8753e+00 (1.8753e+00)	Acc@1  36.60 ( 36.60)	Acc@5  67.70 ( 67.70)
[TRAIN] E: [199][44/45]	Loss 1.8914e+00 (1.8809e+00)	Acc@1  41.00 ( 38.34)	Acc@5  71.00 ( 68.68)
[EVAL] E: [199][0/5]	Loss 3.1543e+00 (3.1543e+00)	Acc@1  26.70 ( 26.70)	Acc@5  55.90 ( 55.90)
[EVAL] E: [199][4/5]	Loss 3.1786e+00 (3.2231e+00)	Acc@1  27.20 ( 27.28)	Acc@5  56.00 ( 54.70)
		 Valid eval after epoch: loss:3.2231	latest_acc:27.28	LR:0.10 -- best valacc 41.46
***[2023-05-09 09:36:29]*** [Post-train] [Student] Test loss = 1.711683, accuracy@1 = 54.33, accuracy@5 = 83.73, error@1 = 45.67, error@5 = 16.27
Result is from best val model of epoch:154
