Main Function with logger : Logger(dir=kd_results, use-tf=False, writer=None)
Arguments : -------------------------------
batch_size       : 1000
class_num        : 100
cutout_length    : 16
data_path        : /home/prathamesh/code/data/cifar/
dataset          : cifar100
epochs           : 200
eval_batch_size  : 1000
file_name        : KD_seed-3_cycles-4_KDfrac-1.0_T-2_200
global_rand_seed : -1
loss_kd_frac     : 1.0
lr               : 0.1
model_name       : ResNet10_s
momentum         : 0.9
pretrained_student : True
print_freq       : 100
print_freq_eval  : 100
rand_seed        : 3
save_dir         : ./kd_results/
sched_cycles     : 4
teacher          : ResNet10_l
temperature      : 2
wd               : 0.0005
workers          : 8
Python  Version  : 3.7.12 | packaged by conda-forge | (default, Oct 26 2021, 06:08:21)  [GCC 9.4.0]
Pillow  Version  : 9.2.0
PyTorch Version  : 1.13.1
cuDNN   Version  : 8500
CUDA available   : True
CUDA GPU numbers : 1
CUDA_VISIBLE_DEVICES : 0
Namespace(batch_size=1000, class_num=100, cutout_length=16, data_path='/home/prathamesh/code/data/cifar/', dataset='cifar100', epochs=200, eval_batch_size=1000, file_name='KD_seed-3_cycles-4_KDfrac-1.0_T-2_200', global_rand_seed=-1, loss_kd_frac=1.0, lr=0.1, model_name='ResNet10_s', momentum=0.9, pretrained_student=True, print_freq=100, print_freq_eval=100, rand_seed=3, save_dir='./kd_results/', sched_cycles=4, teacher='ResNet10_l', temperature=2, wd=0.0005, workers=8)
Train:45000	, Valid:5000	, Test:10000

Student: ResNet10_s
using pretrained student model from /home/anmolreddy/ce_results/CE_with_seed-3_cycles-4_cifar100-ResNet10_smodel_best.pth.tar
***[2023-05-09 16:26:54]*** before training [Student(CE)] Test loss = 1.789671, accuracy@1 = 50.91, accuracy@5 = 80.73, error@1 = 49.09, error@5 = 19.27
Scheduling LR update to student 4 time at 50-epoch intervals
***[2023-05-09 16:26:56]*** [Teacher] Test loss = 1.035568, accuracy@1 = 71.10, accuracy@5 = 92.36, error@1 = 28.90, error@5 = 7.64
model information : EfficientNetV2_s (CIFAR)
--------------------------------------------------
[Student]Params=0.08 MB, FLOPs=4.16 M ... = 0.00 G
--------------------------------------------------

Started EPOCH:0
[TRAIN] E: [0][ 0/45]	Loss 2.2013e+00 (2.2013e+00)	Acc@1  39.50 ( 39.50)	Acc@5  69.40 ( 69.40)
[TRAIN] E: [0][44/45]	Loss 2.3911e+00 (2.5575e+00)	Acc@1  34.70 ( 31.79)	Acc@5  64.10 ( 62.00)
[EVAL] E: [0][0/5]	Loss 3.1031e+00 (3.1031e+00)	Acc@1  25.60 ( 25.60)	Acc@5  55.60 ( 55.60)
[EVAL] E: [0][4/5]	Loss 3.2162e+00 (3.1460e+00)	Acc@1  23.60 ( 24.62)	Acc@5  52.20 ( 53.78)
		 Valid eval after epoch: loss:3.1460	latest_acc:24.62	LR:0.10 -- best valacc 24.62

Started EPOCH:1
[TRAIN] E: [1][ 0/45]	Loss 2.3706e+00 (2.3706e+00)	Acc@1  32.80 ( 32.80)	Acc@5  60.50 ( 60.50)
[TRAIN] E: [1][44/45]	Loss 2.3129e+00 (2.3345e+00)	Acc@1  32.80 ( 33.33)	Acc@5  64.70 ( 63.78)
[EVAL] E: [1][0/5]	Loss 3.0705e+00 (3.0705e+00)	Acc@1  27.30 ( 27.30)	Acc@5  55.80 ( 55.80)
[EVAL] E: [1][4/5]	Loss 3.1414e+00 (3.1024e+00)	Acc@1  26.90 ( 27.26)	Acc@5  54.50 ( 55.60)
		 Valid eval after epoch: loss:3.1024	latest_acc:27.26	LR:0.10 -- best valacc 27.26

Started EPOCH:2
[TRAIN] E: [2][ 0/45]	Loss 2.3117e+00 (2.3117e+00)	Acc@1  32.00 ( 32.00)	Acc@5  64.70 ( 64.70)
[TRAIN] E: [2][44/45]	Loss 2.3145e+00 (2.2822e+00)	Acc@1  32.50 ( 33.86)	Acc@5  63.40 ( 64.50)
[EVAL] E: [2][0/5]	Loss 3.4270e+00 (3.4270e+00)	Acc@1  25.00 ( 25.00)	Acc@5  54.20 ( 54.20)
[EVAL] E: [2][4/5]	Loss 3.5798e+00 (3.4952e+00)	Acc@1  23.60 ( 23.66)	Acc@5  49.80 ( 51.98)
		 Valid eval after epoch: loss:3.4952	latest_acc:23.66	LR:0.10 -- best valacc 27.26

Started EPOCH:3
[TRAIN] E: [3][ 0/45]	Loss 2.3663e+00 (2.3663e+00)	Acc@1  33.40 ( 33.40)	Acc@5  64.30 ( 64.30)
[TRAIN] E: [3][44/45]	Loss 2.2125e+00 (2.2455e+00)	Acc@1  34.70 ( 34.40)	Acc@5  64.60 ( 64.89)
[EVAL] E: [3][0/5]	Loss 3.1945e+00 (3.1945e+00)	Acc@1  27.30 ( 27.30)	Acc@5  55.50 ( 55.50)
[EVAL] E: [3][4/5]	Loss 3.4456e+00 (3.2787e+00)	Acc@1  23.00 ( 26.58)	Acc@5  51.40 ( 54.22)
		 Valid eval after epoch: loss:3.2787	latest_acc:26.58	LR:0.10 -- best valacc 27.26

Started EPOCH:4
[TRAIN] E: [4][ 0/45]	Loss 2.2529e+00 (2.2529e+00)	Acc@1  33.50 ( 33.50)	Acc@5  61.60 ( 61.60)
[TRAIN] E: [4][44/45]	Loss 2.1706e+00 (2.2141e+00)	Acc@1  32.70 ( 34.54)	Acc@5  65.60 ( 64.87)
[EVAL] E: [4][0/5]	Loss 2.9949e+00 (2.9949e+00)	Acc@1  32.10 ( 32.10)	Acc@5  59.70 ( 59.70)
[EVAL] E: [4][4/5]	Loss 3.3667e+00 (3.1824e+00)	Acc@1  25.20 ( 27.62)	Acc@5  54.90 ( 57.30)
		 Valid eval after epoch: loss:3.1824	latest_acc:27.62	LR:0.10 -- best valacc 27.62

Started EPOCH:5
[TRAIN] E: [5][ 0/45]	Loss 2.1667e+00 (2.1667e+00)	Acc@1  33.70 ( 33.70)	Acc@5  65.90 ( 65.90)
[TRAIN] E: [5][44/45]	Loss 2.1981e+00 (2.2022e+00)	Acc@1  32.90 ( 34.58)	Acc@5  64.30 ( 65.22)
[EVAL] E: [5][0/5]	Loss 3.1326e+00 (3.1326e+00)	Acc@1  26.90 ( 26.90)	Acc@5  57.60 ( 57.60)
[EVAL] E: [5][4/5]	Loss 3.3668e+00 (3.2290e+00)	Acc@1  23.20 ( 26.16)	Acc@5  52.70 ( 55.38)
		 Valid eval after epoch: loss:3.2290	latest_acc:26.16	LR:0.10 -- best valacc 27.62

Started EPOCH:6
[TRAIN] E: [6][ 0/45]	Loss 2.1116e+00 (2.1116e+00)	Acc@1  34.90 ( 34.90)	Acc@5  66.30 ( 66.30)
[TRAIN] E: [6][44/45]	Loss 2.1210e+00 (2.1549e+00)	Acc@1  34.20 ( 34.85)	Acc@5  63.90 ( 65.39)
[EVAL] E: [6][0/5]	Loss 3.1694e+00 (3.1694e+00)	Acc@1  27.90 ( 27.90)	Acc@5  55.80 ( 55.80)
[EVAL] E: [6][4/5]	Loss 3.2712e+00 (3.1714e+00)	Acc@1  25.30 ( 27.18)	Acc@5  52.10 ( 54.80)
		 Valid eval after epoch: loss:3.1714	latest_acc:27.18	LR:0.10 -- best valacc 27.62

Started EPOCH:7
[TRAIN] E: [7][ 0/45]	Loss 2.0867e+00 (2.0867e+00)	Acc@1  36.50 ( 36.50)	Acc@5  65.60 ( 65.60)
[TRAIN] E: [7][44/45]	Loss 2.1396e+00 (2.1438e+00)	Acc@1  35.50 ( 35.28)	Acc@5  66.30 ( 65.81)
[EVAL] E: [7][0/5]	Loss 2.9748e+00 (2.9748e+00)	Acc@1  29.30 ( 29.30)	Acc@5  57.50 ( 57.50)
[EVAL] E: [7][4/5]	Loss 3.2659e+00 (3.1277e+00)	Acc@1  23.30 ( 26.42)	Acc@5  53.30 ( 55.56)
		 Valid eval after epoch: loss:3.1277	latest_acc:26.42	LR:0.09 -- best valacc 27.62

Started EPOCH:8
[TRAIN] E: [8][ 0/45]	Loss 2.1251e+00 (2.1251e+00)	Acc@1  31.70 ( 31.70)	Acc@5  63.20 ( 63.20)
[TRAIN] E: [8][44/45]	Loss 2.1085e+00 (2.1312e+00)	Acc@1  36.60 ( 34.99)	Acc@5  67.30 ( 65.41)
[EVAL] E: [8][0/5]	Loss 2.9707e+00 (2.9707e+00)	Acc@1  30.30 ( 30.30)	Acc@5  56.50 ( 56.50)
[EVAL] E: [8][4/5]	Loss 3.0954e+00 (2.9380e+00)	Acc@1  26.50 ( 30.28)	Acc@5  55.40 ( 58.70)
		 Valid eval after epoch: loss:2.9380	latest_acc:30.28	LR:0.09 -- best valacc 30.28

Started EPOCH:9
[TRAIN] E: [9][ 0/45]	Loss 2.0407e+00 (2.0407e+00)	Acc@1  36.00 ( 36.00)	Acc@5  65.30 ( 65.30)
[TRAIN] E: [9][44/45]	Loss 2.0746e+00 (2.0951e+00)	Acc@1  37.60 ( 35.53)	Acc@5  66.30 ( 65.82)
[EVAL] E: [9][0/5]	Loss 3.0088e+00 (3.0088e+00)	Acc@1  30.10 ( 30.10)	Acc@5  59.80 ( 59.80)
[EVAL] E: [9][4/5]	Loss 3.1615e+00 (3.0159e+00)	Acc@1  27.10 ( 29.88)	Acc@5  55.90 ( 59.32)
		 Valid eval after epoch: loss:3.0159	latest_acc:29.88	LR:0.09 -- best valacc 30.28

Started EPOCH:10
[TRAIN] E: [10][ 0/45]	Loss 2.0962e+00 (2.0962e+00)	Acc@1  32.90 ( 32.90)	Acc@5  63.60 ( 63.60)
[TRAIN] E: [10][44/45]	Loss 2.1121e+00 (2.0740e+00)	Acc@1  37.20 ( 35.70)	Acc@5  67.30 ( 66.19)
[EVAL] E: [10][0/5]	Loss 2.9425e+00 (2.9425e+00)	Acc@1  29.50 ( 29.50)	Acc@5  60.30 ( 60.30)
[EVAL] E: [10][4/5]	Loss 3.0321e+00 (2.9606e+00)	Acc@1  27.10 ( 29.50)	Acc@5  58.20 ( 59.46)
		 Valid eval after epoch: loss:2.9606	latest_acc:29.50	LR:0.09 -- best valacc 30.28

Started EPOCH:11
[TRAIN] E: [11][ 0/45]	Loss 2.0602e+00 (2.0602e+00)	Acc@1  34.10 ( 34.10)	Acc@5  65.50 ( 65.50)
[TRAIN] E: [11][44/45]	Loss 2.0891e+00 (2.0913e+00)	Acc@1  34.70 ( 35.62)	Acc@5  63.80 ( 65.85)
[EVAL] E: [11][0/5]	Loss 2.8632e+00 (2.8632e+00)	Acc@1  30.10 ( 30.10)	Acc@5  59.60 ( 59.60)
[EVAL] E: [11][4/5]	Loss 2.9967e+00 (2.9005e+00)	Acc@1  27.80 ( 29.56)	Acc@5  56.00 ( 58.42)
		 Valid eval after epoch: loss:2.9005	latest_acc:29.56	LR:0.09 -- best valacc 30.28

Started EPOCH:12
[TRAIN] E: [12][ 0/45]	Loss 2.1100e+00 (2.1100e+00)	Acc@1  34.90 ( 34.90)	Acc@5  63.50 ( 63.50)
[TRAIN] E: [12][44/45]	Loss 1.9999e+00 (2.0444e+00)	Acc@1  35.40 ( 35.87)	Acc@5  66.30 ( 66.28)
[EVAL] E: [12][0/5]	Loss 2.8738e+00 (2.8738e+00)	Acc@1  33.60 ( 33.60)	Acc@5  61.90 ( 61.90)
[EVAL] E: [12][4/5]	Loss 2.9160e+00 (2.8368e+00)	Acc@1  28.70 ( 31.80)	Acc@5  59.30 ( 61.54)
		 Valid eval after epoch: loss:2.8368	latest_acc:31.80	LR:0.08 -- best valacc 31.80

Started EPOCH:13
[TRAIN] E: [13][ 0/45]	Loss 2.0390e+00 (2.0390e+00)	Acc@1  34.20 ( 34.20)	Acc@5  62.80 ( 62.80)
[TRAIN] E: [13][44/45]	Loss 2.1089e+00 (2.0674e+00)	Acc@1  36.00 ( 35.72)	Acc@5  64.60 ( 66.29)
[EVAL] E: [13][0/5]	Loss 2.8645e+00 (2.8645e+00)	Acc@1  32.20 ( 32.20)	Acc@5  60.10 ( 60.10)
[EVAL] E: [13][4/5]	Loss 3.0855e+00 (2.9463e+00)	Acc@1  25.90 ( 29.74)	Acc@5  55.30 ( 58.46)
		 Valid eval after epoch: loss:2.9463	latest_acc:29.74	LR:0.08 -- best valacc 31.80

Started EPOCH:14
[TRAIN] E: [14][ 0/45]	Loss 2.0008e+00 (2.0008e+00)	Acc@1  37.00 ( 37.00)	Acc@5  68.10 ( 68.10)
[TRAIN] E: [14][44/45]	Loss 2.0756e+00 (2.0270e+00)	Acc@1  35.90 ( 36.45)	Acc@5  65.80 ( 66.40)
[EVAL] E: [14][0/5]	Loss 3.0092e+00 (3.0092e+00)	Acc@1  29.10 ( 29.10)	Acc@5  58.10 ( 58.10)
[EVAL] E: [14][4/5]	Loss 3.1479e+00 (3.0321e+00)	Acc@1  27.10 ( 28.62)	Acc@5  55.30 ( 58.06)
		 Valid eval after epoch: loss:3.0321	latest_acc:28.62	LR:0.08 -- best valacc 31.80

Started EPOCH:15
[TRAIN] E: [15][ 0/45]	Loss 2.0643e+00 (2.0643e+00)	Acc@1  34.40 ( 34.40)	Acc@5  64.80 ( 64.80)
[TRAIN] E: [15][44/45]	Loss 1.9656e+00 (2.0225e+00)	Acc@1  37.60 ( 36.45)	Acc@5  68.40 ( 66.76)
[EVAL] E: [15][0/5]	Loss 2.7744e+00 (2.7744e+00)	Acc@1  32.60 ( 32.60)	Acc@5  62.20 ( 62.20)
[EVAL] E: [15][4/5]	Loss 2.8270e+00 (2.7781e+00)	Acc@1  30.60 ( 31.74)	Acc@5  60.00 ( 61.40)
		 Valid eval after epoch: loss:2.7781	latest_acc:31.74	LR:0.08 -- best valacc 31.80

Started EPOCH:16
[TRAIN] E: [16][ 0/45]	Loss 1.9236e+00 (1.9236e+00)	Acc@1  36.20 ( 36.20)	Acc@5  68.60 ( 68.60)
[TRAIN] E: [16][44/45]	Loss 1.9392e+00 (1.9950e+00)	Acc@1  36.80 ( 36.76)	Acc@5  65.70 ( 67.37)
[EVAL] E: [16][0/5]	Loss 3.0637e+00 (3.0637e+00)	Acc@1  28.60 ( 28.60)	Acc@5  59.00 ( 59.00)
[EVAL] E: [16][4/5]	Loss 3.1930e+00 (3.0779e+00)	Acc@1  27.40 ( 29.02)	Acc@5  54.00 ( 57.04)
		 Valid eval after epoch: loss:3.0779	latest_acc:29.02	LR:0.07 -- best valacc 31.80

Started EPOCH:17
[TRAIN] E: [17][ 0/45]	Loss 2.0621e+00 (2.0621e+00)	Acc@1  36.80 ( 36.80)	Acc@5  67.90 ( 67.90)
[TRAIN] E: [17][44/45]	Loss 1.9779e+00 (1.9938e+00)	Acc@1  36.90 ( 36.81)	Acc@5  68.00 ( 67.21)
[EVAL] E: [17][0/5]	Loss 2.8436e+00 (2.8436e+00)	Acc@1  31.80 ( 31.80)	Acc@5  63.10 ( 63.10)
[EVAL] E: [17][4/5]	Loss 2.8879e+00 (2.8162e+00)	Acc@1  30.00 ( 31.74)	Acc@5  59.40 ( 62.46)
		 Valid eval after epoch: loss:2.8162	latest_acc:31.74	LR:0.07 -- best valacc 31.80

Started EPOCH:18
[TRAIN] E: [18][ 0/45]	Loss 1.9909e+00 (1.9909e+00)	Acc@1  35.90 ( 35.90)	Acc@5  66.00 ( 66.00)
[TRAIN] E: [18][44/45]	Loss 1.9914e+00 (1.9740e+00)	Acc@1  36.80 ( 36.91)	Acc@5  64.50 ( 67.27)
[EVAL] E: [18][0/5]	Loss 2.9905e+00 (2.9905e+00)	Acc@1  29.10 ( 29.10)	Acc@5  58.30 ( 58.30)
[EVAL] E: [18][4/5]	Loss 3.1518e+00 (3.0812e+00)	Acc@1  25.70 ( 28.28)	Acc@5  55.40 ( 57.60)
		 Valid eval after epoch: loss:3.0812	latest_acc:28.28	LR:0.07 -- best valacc 31.80

Started EPOCH:19
[TRAIN] E: [19][ 0/45]	Loss 2.0658e+00 (2.0658e+00)	Acc@1  35.00 ( 35.00)	Acc@5  66.20 ( 66.20)
[TRAIN] E: [19][44/45]	Loss 1.9805e+00 (1.9631e+00)	Acc@1  38.10 ( 37.10)	Acc@5  70.30 ( 67.40)
[EVAL] E: [19][0/5]	Loss 3.0185e+00 (3.0185e+00)	Acc@1  29.30 ( 29.30)	Acc@5  59.50 ( 59.50)
[EVAL] E: [19][4/5]	Loss 3.1913e+00 (3.1028e+00)	Acc@1  25.50 ( 27.92)	Acc@5  54.00 ( 55.96)
		 Valid eval after epoch: loss:3.1028	latest_acc:27.92	LR:0.07 -- best valacc 31.80

Started EPOCH:20
[TRAIN] E: [20][ 0/45]	Loss 2.0386e+00 (2.0386e+00)	Acc@1  35.60 ( 35.60)	Acc@5  66.30 ( 66.30)
[TRAIN] E: [20][44/45]	Loss 1.9567e+00 (1.9600e+00)	Acc@1  39.30 ( 37.15)	Acc@5  69.90 ( 67.62)
[EVAL] E: [20][0/5]	Loss 2.6806e+00 (2.6806e+00)	Acc@1  36.60 ( 36.60)	Acc@5  62.80 ( 62.80)
[EVAL] E: [20][4/5]	Loss 2.8475e+00 (2.7717e+00)	Acc@1  29.20 ( 32.56)	Acc@5  60.70 ( 61.76)
		 Valid eval after epoch: loss:2.7717	latest_acc:32.56	LR:0.06 -- best valacc 32.56

Started EPOCH:21
[TRAIN] E: [21][ 0/45]	Loss 1.9383e+00 (1.9383e+00)	Acc@1  37.50 ( 37.50)	Acc@5  69.60 ( 69.60)
[TRAIN] E: [21][44/45]	Loss 1.8666e+00 (1.9215e+00)	Acc@1  36.60 ( 37.30)	Acc@5  64.80 ( 67.87)
[EVAL] E: [21][0/5]	Loss 2.8587e+00 (2.8587e+00)	Acc@1  32.00 ( 32.00)	Acc@5  62.00 ( 62.00)
[EVAL] E: [21][4/5]	Loss 3.0037e+00 (2.8470e+00)	Acc@1  30.00 ( 31.98)	Acc@5  60.00 ( 62.00)
		 Valid eval after epoch: loss:2.8470	latest_acc:31.98	LR:0.06 -- best valacc 32.56

Started EPOCH:22
[TRAIN] E: [22][ 0/45]	Loss 1.9022e+00 (1.9022e+00)	Acc@1  37.00 ( 37.00)	Acc@5  67.50 ( 67.50)
[TRAIN] E: [22][44/45]	Loss 1.9352e+00 (1.9248e+00)	Acc@1  39.60 ( 37.59)	Acc@5  69.50 ( 68.30)
[EVAL] E: [22][0/5]	Loss 2.8909e+00 (2.8909e+00)	Acc@1  30.60 ( 30.60)	Acc@5  61.00 ( 61.00)
[EVAL] E: [22][4/5]	Loss 2.9767e+00 (2.8712e+00)	Acc@1  29.10 ( 31.00)	Acc@5  59.00 ( 60.90)
		 Valid eval after epoch: loss:2.8712	latest_acc:31.00	LR:0.06 -- best valacc 32.56

Started EPOCH:23
[TRAIN] E: [23][ 0/45]	Loss 1.9241e+00 (1.9241e+00)	Acc@1  37.50 ( 37.50)	Acc@5  67.90 ( 67.90)
[TRAIN] E: [23][44/45]	Loss 1.9384e+00 (1.9112e+00)	Acc@1  38.50 ( 37.66)	Acc@5  69.70 ( 68.12)
[EVAL] E: [23][0/5]	Loss 2.6822e+00 (2.6822e+00)	Acc@1  33.80 ( 33.80)	Acc@5  65.20 ( 65.20)
[EVAL] E: [23][4/5]	Loss 2.8746e+00 (2.7297e+00)	Acc@1  30.70 ( 33.20)	Acc@5  60.60 ( 63.70)
		 Valid eval after epoch: loss:2.7297	latest_acc:33.20	LR:0.05 -- best valacc 33.20

Started EPOCH:24
[TRAIN] E: [24][ 0/45]	Loss 1.8872e+00 (1.8872e+00)	Acc@1  39.00 ( 39.00)	Acc@5  65.50 ( 65.50)
[TRAIN] E: [24][44/45]	Loss 1.9140e+00 (1.9043e+00)	Acc@1  38.50 ( 38.13)	Acc@5  68.50 ( 68.14)
[EVAL] E: [24][0/5]	Loss 2.6916e+00 (2.6916e+00)	Acc@1  31.10 ( 31.10)	Acc@5  63.80 ( 63.80)
[EVAL] E: [24][4/5]	Loss 2.8219e+00 (2.7138e+00)	Acc@1  31.50 ( 32.42)	Acc@5  59.20 ( 62.14)
		 Valid eval after epoch: loss:2.7138	latest_acc:32.42	LR:0.05 -- best valacc 33.20

Started EPOCH:25
[TRAIN] E: [25][ 0/45]	Loss 1.8563e+00 (1.8563e+00)	Acc@1  38.90 ( 38.90)	Acc@5  68.70 ( 68.70)
[TRAIN] E: [25][44/45]	Loss 1.9315e+00 (1.8811e+00)	Acc@1  38.60 ( 38.02)	Acc@5  67.50 ( 68.16)
[EVAL] E: [25][0/5]	Loss 2.8508e+00 (2.8508e+00)	Acc@1  31.20 ( 31.20)	Acc@5  60.00 ( 60.00)
[EVAL] E: [25][4/5]	Loss 3.0129e+00 (2.9452e+00)	Acc@1  29.40 ( 30.40)	Acc@5  56.20 ( 58.44)
		 Valid eval after epoch: loss:2.9452	latest_acc:30.40	LR:0.05 -- best valacc 33.20

Started EPOCH:26
[TRAIN] E: [26][ 0/45]	Loss 1.8901e+00 (1.8901e+00)	Acc@1  37.20 ( 37.20)	Acc@5  67.90 ( 67.90)
[TRAIN] E: [26][44/45]	Loss 1.8784e+00 (1.8820e+00)	Acc@1  36.50 ( 37.68)	Acc@5  67.20 ( 68.11)
[EVAL] E: [26][0/5]	Loss 2.7861e+00 (2.7861e+00)	Acc@1  32.40 ( 32.40)	Acc@5  61.60 ( 61.60)
[EVAL] E: [26][4/5]	Loss 2.8793e+00 (2.7864e+00)	Acc@1  30.30 ( 32.20)	Acc@5  60.10 ( 62.26)
		 Valid eval after epoch: loss:2.7864	latest_acc:32.20	LR:0.04 -- best valacc 33.20

Started EPOCH:27
[TRAIN] E: [27][ 0/45]	Loss 1.9398e+00 (1.9398e+00)	Acc@1  36.40 ( 36.40)	Acc@5  68.20 ( 68.20)
[TRAIN] E: [27][44/45]	Loss 1.7633e+00 (1.8561e+00)	Acc@1  36.90 ( 37.97)	Acc@5  65.50 ( 68.43)
[EVAL] E: [27][0/5]	Loss 2.7632e+00 (2.7632e+00)	Acc@1  34.20 ( 34.20)	Acc@5  62.20 ( 62.20)
[EVAL] E: [27][4/5]	Loss 2.8393e+00 (2.7508e+00)	Acc@1  31.10 ( 33.12)	Acc@5  61.10 ( 62.66)
		 Valid eval after epoch: loss:2.7508	latest_acc:33.12	LR:0.04 -- best valacc 33.20

Started EPOCH:28
[TRAIN] E: [28][ 0/45]	Loss 1.9266e+00 (1.9266e+00)	Acc@1  37.70 ( 37.70)	Acc@5  67.90 ( 67.90)
[TRAIN] E: [28][44/45]	Loss 1.8683e+00 (1.8530e+00)	Acc@1  38.90 ( 38.08)	Acc@5  66.80 ( 68.36)
[EVAL] E: [28][0/5]	Loss 2.5161e+00 (2.5161e+00)	Acc@1  37.50 ( 37.50)	Acc@5  67.90 ( 67.90)
[EVAL] E: [28][4/5]	Loss 2.6398e+00 (2.5994e+00)	Acc@1  34.00 ( 35.34)	Acc@5  65.10 ( 65.62)
		 Valid eval after epoch: loss:2.5994	latest_acc:35.34	LR:0.04 -- best valacc 35.34

Started EPOCH:29
[TRAIN] E: [29][ 0/45]	Loss 1.8454e+00 (1.8454e+00)	Acc@1  36.50 ( 36.50)	Acc@5  67.00 ( 67.00)
[TRAIN] E: [29][44/45]	Loss 1.8675e+00 (1.8471e+00)	Acc@1  39.20 ( 38.56)	Acc@5  68.10 ( 68.57)
[EVAL] E: [29][0/5]	Loss 2.5335e+00 (2.5335e+00)	Acc@1  38.40 ( 38.40)	Acc@5  67.20 ( 67.20)
[EVAL] E: [29][4/5]	Loss 2.7012e+00 (2.5446e+00)	Acc@1  32.70 ( 36.22)	Acc@5  63.60 ( 66.34)
		 Valid eval after epoch: loss:2.5446	latest_acc:36.22	LR:0.03 -- best valacc 36.22

Started EPOCH:30
[TRAIN] E: [30][ 0/45]	Loss 1.8308e+00 (1.8308e+00)	Acc@1  39.40 ( 39.40)	Acc@5  68.30 ( 68.30)
[TRAIN] E: [30][44/45]	Loss 1.8863e+00 (1.8229e+00)	Acc@1  37.10 ( 38.53)	Acc@5  64.70 ( 68.63)
[EVAL] E: [30][0/5]	Loss 2.6856e+00 (2.6856e+00)	Acc@1  35.20 ( 35.20)	Acc@5  64.00 ( 64.00)
[EVAL] E: [30][4/5]	Loss 2.8748e+00 (2.7437e+00)	Acc@1  30.80 ( 33.86)	Acc@5  59.40 ( 62.94)
		 Valid eval after epoch: loss:2.7437	latest_acc:33.86	LR:0.03 -- best valacc 36.22

Started EPOCH:31
[TRAIN] E: [31][ 0/45]	Loss 1.8232e+00 (1.8232e+00)	Acc@1  39.00 ( 39.00)	Acc@5  68.10 ( 68.10)
[TRAIN] E: [31][44/45]	Loss 1.8156e+00 (1.8027e+00)	Acc@1  37.20 ( 38.84)	Acc@5  69.50 ( 69.06)
[EVAL] E: [31][0/5]	Loss 2.6016e+00 (2.6016e+00)	Acc@1  36.90 ( 36.90)	Acc@5  65.90 ( 65.90)
[EVAL] E: [31][4/5]	Loss 2.6945e+00 (2.6185e+00)	Acc@1  32.60 ( 35.46)	Acc@5  64.80 ( 65.56)
		 Valid eval after epoch: loss:2.6185	latest_acc:35.46	LR:0.03 -- best valacc 36.22

Started EPOCH:32
[TRAIN] E: [32][ 0/45]	Loss 1.7973e+00 (1.7973e+00)	Acc@1  38.70 ( 38.70)	Acc@5  67.70 ( 67.70)
[TRAIN] E: [32][44/45]	Loss 1.7972e+00 (1.7901e+00)	Acc@1  38.60 ( 38.95)	Acc@5  67.20 ( 69.32)
[EVAL] E: [32][0/5]	Loss 2.4987e+00 (2.4987e+00)	Acc@1  37.40 ( 37.40)	Acc@5  67.20 ( 67.20)
[EVAL] E: [32][4/5]	Loss 2.6540e+00 (2.5506e+00)	Acc@1  33.50 ( 35.50)	Acc@5  63.50 ( 66.26)
		 Valid eval after epoch: loss:2.5506	latest_acc:35.50	LR:0.03 -- best valacc 36.22

Started EPOCH:33
[TRAIN] E: [33][ 0/45]	Loss 1.8201e+00 (1.8201e+00)	Acc@1  39.90 ( 39.90)	Acc@5  71.00 ( 71.00)
[TRAIN] E: [33][44/45]	Loss 1.8831e+00 (1.7888e+00)	Acc@1  38.00 ( 38.94)	Acc@5  67.30 ( 69.11)
[EVAL] E: [33][0/5]	Loss 2.4868e+00 (2.4868e+00)	Acc@1  38.60 ( 38.60)	Acc@5  67.50 ( 67.50)
[EVAL] E: [33][4/5]	Loss 2.6961e+00 (2.5560e+00)	Acc@1  33.50 ( 35.72)	Acc@5  62.70 ( 65.88)
		 Valid eval after epoch: loss:2.5560	latest_acc:35.72	LR:0.02 -- best valacc 36.22

Started EPOCH:34
[TRAIN] E: [34][ 0/45]	Loss 1.7379e+00 (1.7379e+00)	Acc@1  39.40 ( 39.40)	Acc@5  67.20 ( 67.20)
[TRAIN] E: [34][44/45]	Loss 1.8124e+00 (1.7769e+00)	Acc@1  39.90 ( 39.20)	Acc@5  67.20 ( 69.45)
[EVAL] E: [34][0/5]	Loss 2.6555e+00 (2.6555e+00)	Acc@1  32.70 ( 32.70)	Acc@5  64.30 ( 64.30)
[EVAL] E: [34][4/5]	Loss 2.7621e+00 (2.6831e+00)	Acc@1  31.80 ( 33.98)	Acc@5  61.90 ( 63.26)
		 Valid eval after epoch: loss:2.6831	latest_acc:33.98	LR:0.02 -- best valacc 36.22

Started EPOCH:35
[TRAIN] E: [35][ 0/45]	Loss 1.6665e+00 (1.6665e+00)	Acc@1  38.90 ( 38.90)	Acc@5  68.20 ( 68.20)
[TRAIN] E: [35][44/45]	Loss 1.7888e+00 (1.7646e+00)	Acc@1  38.20 ( 39.47)	Acc@5  69.20 ( 69.41)
[EVAL] E: [35][0/5]	Loss 2.5260e+00 (2.5260e+00)	Acc@1  36.40 ( 36.40)	Acc@5  66.30 ( 66.30)
[EVAL] E: [35][4/5]	Loss 2.6527e+00 (2.5553e+00)	Acc@1  34.20 ( 36.26)	Acc@5  63.90 ( 65.50)
		 Valid eval after epoch: loss:2.5553	latest_acc:36.26	LR:0.02 -- best valacc 36.26

Started EPOCH:36
[TRAIN] E: [36][ 0/45]	Loss 1.8403e+00 (1.8403e+00)	Acc@1  41.60 ( 41.60)	Acc@5  70.80 ( 70.80)
[TRAIN] E: [36][44/45]	Loss 1.7244e+00 (1.7586e+00)	Acc@1  38.80 ( 39.35)	Acc@5  69.10 ( 69.84)
[EVAL] E: [36][0/5]	Loss 2.4355e+00 (2.4355e+00)	Acc@1  37.70 ( 37.70)	Acc@5  68.80 ( 68.80)
[EVAL] E: [36][4/5]	Loss 2.6322e+00 (2.5146e+00)	Acc@1  36.20 ( 37.20)	Acc@5  65.30 ( 66.82)
		 Valid eval after epoch: loss:2.5146	latest_acc:37.20	LR:0.02 -- best valacc 37.20

Started EPOCH:37
[TRAIN] E: [37][ 0/45]	Loss 1.7869e+00 (1.7869e+00)	Acc@1  40.00 ( 40.00)	Acc@5  70.60 ( 70.60)
[TRAIN] E: [37][44/45]	Loss 1.7246e+00 (1.7537e+00)	Acc@1  39.20 ( 39.51)	Acc@5  70.00 ( 69.98)
[EVAL] E: [37][0/5]	Loss 2.5023e+00 (2.5023e+00)	Acc@1  38.00 ( 38.00)	Acc@5  66.90 ( 66.90)
[EVAL] E: [37][4/5]	Loss 2.6063e+00 (2.5695e+00)	Acc@1  35.60 ( 36.26)	Acc@5  65.90 ( 65.96)
		 Valid eval after epoch: loss:2.5695	latest_acc:36.26	LR:0.01 -- best valacc 37.20

Started EPOCH:38
[TRAIN] E: [38][ 0/45]	Loss 1.6789e+00 (1.6789e+00)	Acc@1  39.50 ( 39.50)	Acc@5  68.40 ( 68.40)
[TRAIN] E: [38][44/45]	Loss 1.7621e+00 (1.7451e+00)	Acc@1  40.90 ( 39.78)	Acc@5  70.60 ( 69.77)
[EVAL] E: [38][0/5]	Loss 2.5679e+00 (2.5679e+00)	Acc@1  35.80 ( 35.80)	Acc@5  65.20 ( 65.20)
[EVAL] E: [38][4/5]	Loss 2.6567e+00 (2.5778e+00)	Acc@1  34.20 ( 35.62)	Acc@5  64.70 ( 65.08)
		 Valid eval after epoch: loss:2.5778	latest_acc:35.62	LR:0.01 -- best valacc 37.20

Started EPOCH:39
[TRAIN] E: [39][ 0/45]	Loss 1.7201e+00 (1.7201e+00)	Acc@1  38.40 ( 38.40)	Acc@5  67.60 ( 67.60)
[TRAIN] E: [39][44/45]	Loss 1.7232e+00 (1.7291e+00)	Acc@1  42.30 ( 39.54)	Acc@5  71.80 ( 69.79)
[EVAL] E: [39][0/5]	Loss 2.4591e+00 (2.4591e+00)	Acc@1  37.90 ( 37.90)	Acc@5  67.60 ( 67.60)
[EVAL] E: [39][4/5]	Loss 2.5536e+00 (2.5001e+00)	Acc@1  35.20 ( 37.10)	Acc@5  66.30 ( 66.80)
		 Valid eval after epoch: loss:2.5001	latest_acc:37.10	LR:0.01 -- best valacc 37.20

Started EPOCH:40
[TRAIN] E: [40][ 0/45]	Loss 1.7350e+00 (1.7350e+00)	Acc@1  36.10 ( 36.10)	Acc@5  68.30 ( 68.30)
[TRAIN] E: [40][44/45]	Loss 1.6985e+00 (1.7348e+00)	Acc@1  39.80 ( 39.88)	Acc@5  68.40 ( 70.13)
[EVAL] E: [40][0/5]	Loss 2.4453e+00 (2.4453e+00)	Acc@1  39.80 ( 39.80)	Acc@5  69.20 ( 69.20)
[EVAL] E: [40][4/5]	Loss 2.5944e+00 (2.5171e+00)	Acc@1  34.90 ( 37.10)	Acc@5  66.50 ( 67.16)
		 Valid eval after epoch: loss:2.5171	latest_acc:37.10	LR:0.01 -- best valacc 37.20

Started EPOCH:41
[TRAIN] E: [41][ 0/45]	Loss 1.7726e+00 (1.7726e+00)	Acc@1  41.30 ( 41.30)	Acc@5  71.70 ( 71.70)
[TRAIN] E: [41][44/45]	Loss 1.7531e+00 (1.7082e+00)	Acc@1  37.80 ( 39.99)	Acc@5  70.40 ( 70.50)
[EVAL] E: [41][0/5]	Loss 2.4216e+00 (2.4216e+00)	Acc@1  39.30 ( 39.30)	Acc@5  68.40 ( 68.40)
[EVAL] E: [41][4/5]	Loss 2.5323e+00 (2.4399e+00)	Acc@1  36.00 ( 38.16)	Acc@5  67.60 ( 68.18)
		 Valid eval after epoch: loss:2.4399	latest_acc:38.16	LR:0.01 -- best valacc 38.16

Started EPOCH:42
[TRAIN] E: [42][ 0/45]	Loss 1.7620e+00 (1.7620e+00)	Acc@1  40.20 ( 40.20)	Acc@5  72.10 ( 72.10)
[TRAIN] E: [42][44/45]	Loss 1.7158e+00 (1.7100e+00)	Acc@1  38.40 ( 40.02)	Acc@5  67.80 ( 70.40)
[EVAL] E: [42][0/5]	Loss 2.4198e+00 (2.4198e+00)	Acc@1  39.40 ( 39.40)	Acc@5  70.30 ( 70.30)
[EVAL] E: [42][4/5]	Loss 2.4930e+00 (2.4331e+00)	Acc@1  36.10 ( 38.52)	Acc@5  68.00 ( 68.70)
		 Valid eval after epoch: loss:2.4331	latest_acc:38.52	LR:0.00 -- best valacc 38.52

Started EPOCH:43
[TRAIN] E: [43][ 0/45]	Loss 1.7641e+00 (1.7641e+00)	Acc@1  40.50 ( 40.50)	Acc@5  72.50 ( 72.50)
[TRAIN] E: [43][44/45]	Loss 1.6695e+00 (1.6964e+00)	Acc@1  40.90 ( 40.11)	Acc@5  71.90 ( 70.38)
[EVAL] E: [43][0/5]	Loss 2.2839e+00 (2.2839e+00)	Acc@1  40.20 ( 40.20)	Acc@5  73.00 ( 73.00)
[EVAL] E: [43][4/5]	Loss 2.5472e+00 (2.3983e+00)	Acc@1  37.30 ( 39.68)	Acc@5  63.80 ( 68.90)
		 Valid eval after epoch: loss:2.3983	latest_acc:39.68	LR:0.00 -- best valacc 39.68

Started EPOCH:44
[TRAIN] E: [44][ 0/45]	Loss 1.6958e+00 (1.6958e+00)	Acc@1  39.60 ( 39.60)	Acc@5  69.30 ( 69.30)
[TRAIN] E: [44][44/45]	Loss 1.6434e+00 (1.6919e+00)	Acc@1  40.30 ( 40.17)	Acc@5  69.80 ( 70.32)
[EVAL] E: [44][0/5]	Loss 2.3824e+00 (2.3824e+00)	Acc@1  40.10 ( 40.10)	Acc@5  70.30 ( 70.30)
[EVAL] E: [44][4/5]	Loss 2.4817e+00 (2.4069e+00)	Acc@1  38.30 ( 39.74)	Acc@5  67.00 ( 68.78)
		 Valid eval after epoch: loss:2.4069	latest_acc:39.74	LR:0.00 -- best valacc 39.74

Started EPOCH:45
[TRAIN] E: [45][ 0/45]	Loss 1.7588e+00 (1.7588e+00)	Acc@1  41.50 ( 41.50)	Acc@5  71.30 ( 71.30)
[TRAIN] E: [45][44/45]	Loss 1.6791e+00 (1.6983e+00)	Acc@1  39.30 ( 40.32)	Acc@5  69.80 ( 70.39)
[EVAL] E: [45][0/5]	Loss 2.2932e+00 (2.2932e+00)	Acc@1  40.70 ( 40.70)	Acc@5  71.90 ( 71.90)
[EVAL] E: [45][4/5]	Loss 2.5240e+00 (2.3952e+00)	Acc@1  35.90 ( 38.78)	Acc@5  67.20 ( 68.98)
		 Valid eval after epoch: loss:2.3952	latest_acc:38.78	LR:0.00 -- best valacc 39.74

Started EPOCH:46
[TRAIN] E: [46][ 0/45]	Loss 1.6822e+00 (1.6822e+00)	Acc@1  40.90 ( 40.90)	Acc@5  71.60 ( 71.60)
[TRAIN] E: [46][44/45]	Loss 1.6926e+00 (1.6810e+00)	Acc@1  40.20 ( 40.35)	Acc@5  70.60 ( 70.63)
[EVAL] E: [46][0/5]	Loss 2.3426e+00 (2.3426e+00)	Acc@1  42.30 ( 42.30)	Acc@5  69.50 ( 69.50)
[EVAL] E: [46][4/5]	Loss 2.5193e+00 (2.3998e+00)	Acc@1  37.30 ( 39.24)	Acc@5  66.50 ( 68.62)
		 Valid eval after epoch: loss:2.3998	latest_acc:39.24	LR:0.00 -- best valacc 39.74

Started EPOCH:47
[TRAIN] E: [47][ 0/45]	Loss 1.7104e+00 (1.7104e+00)	Acc@1  37.00 ( 37.00)	Acc@5  68.00 ( 68.00)
[TRAIN] E: [47][44/45]	Loss 1.6594e+00 (1.6924e+00)	Acc@1  39.40 ( 40.19)	Acc@5  69.70 ( 70.39)
[EVAL] E: [47][0/5]	Loss 2.3367e+00 (2.3367e+00)	Acc@1  40.70 ( 40.70)	Acc@5  69.40 ( 69.40)
[EVAL] E: [47][4/5]	Loss 2.4765e+00 (2.3891e+00)	Acc@1  38.80 ( 39.52)	Acc@5  66.00 ( 68.94)
		 Valid eval after epoch: loss:2.3891	latest_acc:39.52	LR:0.00 -- best valacc 39.74

Started EPOCH:48
[TRAIN] E: [48][ 0/45]	Loss 1.6735e+00 (1.6735e+00)	Acc@1  38.70 ( 38.70)	Acc@5  70.20 ( 70.20)
[TRAIN] E: [48][44/45]	Loss 1.6786e+00 (1.6961e+00)	Acc@1  37.90 ( 39.94)	Acc@5  68.00 ( 70.20)
[EVAL] E: [48][0/5]	Loss 2.3615e+00 (2.3615e+00)	Acc@1  39.60 ( 39.60)	Acc@5  68.60 ( 68.60)
[EVAL] E: [48][4/5]	Loss 2.5421e+00 (2.4189e+00)	Acc@1  36.00 ( 38.78)	Acc@5  66.50 ( 68.46)
		 Valid eval after epoch: loss:2.4189	latest_acc:38.78	LR:0.00 -- best valacc 39.74

Started EPOCH:49
[TRAIN] E: [49][ 0/45]	Loss 1.6912e+00 (1.6912e+00)	Acc@1  42.00 ( 42.00)	Acc@5  70.90 ( 70.90)
[TRAIN] E: [49][44/45]	Loss 1.6789e+00 (1.6948e+00)	Acc@1  43.20 ( 40.28)	Acc@5  72.90 ( 70.55)
[EVAL] E: [49][0/5]	Loss 2.3554e+00 (2.3554e+00)	Acc@1  40.90 ( 40.90)	Acc@5  68.80 ( 68.80)
[EVAL] E: [49][4/5]	Loss 2.4422e+00 (2.3828e+00)	Acc@1  37.70 ( 38.96)	Acc@5  67.30 ( 68.42)
		 Valid eval after epoch: loss:2.3828	latest_acc:38.96	LR:0.00 -- best valacc 39.74

Started EPOCH:50
[TRAIN] E: [50][ 0/45]	Loss 1.6772e+00 (1.6772e+00)	Acc@1  42.20 ( 42.20)	Acc@5  68.90 ( 68.90)
[TRAIN] E: [50][44/45]	Loss 1.7071e+00 (1.6836e+00)	Acc@1  40.90 ( 40.41)	Acc@5  71.40 ( 70.43)
[EVAL] E: [50][0/5]	Loss 2.3529e+00 (2.3529e+00)	Acc@1  41.20 ( 41.20)	Acc@5  68.60 ( 68.60)
[EVAL] E: [50][4/5]	Loss 2.5779e+00 (2.4138e+00)	Acc@1  35.80 ( 39.08)	Acc@5  64.00 ( 67.60)
		 Valid eval after epoch: loss:2.4138	latest_acc:39.08	LR:0.00 -- best valacc 39.74

Started EPOCH:51
[TRAIN] E: [51][ 0/45]	Loss 1.7772e+00 (1.7772e+00)	Acc@1  40.00 ( 40.00)	Acc@5  69.20 ( 69.20)
[TRAIN] E: [51][44/45]	Loss 1.7359e+00 (1.6929e+00)	Acc@1  38.10 ( 40.13)	Acc@5  69.40 ( 70.60)
[EVAL] E: [51][0/5]	Loss 2.3695e+00 (2.3695e+00)	Acc@1  41.20 ( 41.20)	Acc@5  70.20 ( 70.20)
[EVAL] E: [51][4/5]	Loss 2.4874e+00 (2.3874e+00)	Acc@1  36.30 ( 39.40)	Acc@5  66.70 ( 69.02)
		 Valid eval after epoch: loss:2.3874	latest_acc:39.40	LR:0.00 -- best valacc 39.74

Started EPOCH:52
[TRAIN] E: [52][ 0/45]	Loss 1.7161e+00 (1.7161e+00)	Acc@1  38.60 ( 38.60)	Acc@5  70.20 ( 70.20)
[TRAIN] E: [52][44/45]	Loss 1.6388e+00 (1.6898e+00)	Acc@1  42.30 ( 40.42)	Acc@5  72.20 ( 70.54)
[EVAL] E: [52][0/5]	Loss 2.4008e+00 (2.4008e+00)	Acc@1  39.10 ( 39.10)	Acc@5  68.40 ( 68.40)
[EVAL] E: [52][4/5]	Loss 2.5415e+00 (2.4269e+00)	Acc@1  35.90 ( 38.58)	Acc@5  65.30 ( 67.98)
		 Valid eval after epoch: loss:2.4269	latest_acc:38.58	LR:0.00 -- best valacc 39.74

Started EPOCH:53
[TRAIN] E: [53][ 0/45]	Loss 1.6813e+00 (1.6813e+00)	Acc@1  41.00 ( 41.00)	Acc@5  71.60 ( 71.60)
[TRAIN] E: [53][44/45]	Loss 1.6960e+00 (1.6897e+00)	Acc@1  41.30 ( 40.13)	Acc@5  72.10 ( 70.42)
[EVAL] E: [53][0/5]	Loss 2.3791e+00 (2.3791e+00)	Acc@1  39.30 ( 39.30)	Acc@5  69.30 ( 69.30)
[EVAL] E: [53][4/5]	Loss 2.4350e+00 (2.3896e+00)	Acc@1  37.70 ( 38.90)	Acc@5  67.00 ( 68.94)
		 Valid eval after epoch: loss:2.3896	latest_acc:38.90	LR:0.00 -- best valacc 39.74

Started EPOCH:54
[TRAIN] E: [54][ 0/45]	Loss 1.6787e+00 (1.6787e+00)	Acc@1  42.20 ( 42.20)	Acc@5  73.70 ( 73.70)
[TRAIN] E: [54][44/45]	Loss 1.7719e+00 (1.6926e+00)	Acc@1  39.20 ( 40.32)	Acc@5  68.30 ( 70.52)
[EVAL] E: [54][0/5]	Loss 2.3313e+00 (2.3313e+00)	Acc@1  40.10 ( 40.10)	Acc@5  71.70 ( 71.70)
[EVAL] E: [54][4/5]	Loss 2.5089e+00 (2.3971e+00)	Acc@1  35.90 ( 38.52)	Acc@5  66.80 ( 69.90)
		 Valid eval after epoch: loss:2.3971	latest_acc:38.52	LR:0.00 -- best valacc 39.74

Started EPOCH:55
[TRAIN] E: [55][ 0/45]	Loss 1.6355e+00 (1.6355e+00)	Acc@1  39.30 ( 39.30)	Acc@5  72.50 ( 72.50)
[TRAIN] E: [55][44/45]	Loss 1.7233e+00 (1.6918e+00)	Acc@1  40.30 ( 40.13)	Acc@5  70.50 ( 70.07)
[EVAL] E: [55][0/5]	Loss 2.3489e+00 (2.3489e+00)	Acc@1  40.60 ( 40.60)	Acc@5  71.10 ( 71.10)
[EVAL] E: [55][4/5]	Loss 2.5694e+00 (2.4130e+00)	Acc@1  35.00 ( 38.76)	Acc@5  65.80 ( 69.04)
		 Valid eval after epoch: loss:2.4130	latest_acc:38.76	LR:0.00 -- best valacc 39.74

Started EPOCH:56
[TRAIN] E: [56][ 0/45]	Loss 1.6501e+00 (1.6501e+00)	Acc@1  41.20 ( 41.20)	Acc@5  69.80 ( 69.80)
[TRAIN] E: [56][44/45]	Loss 1.6744e+00 (1.6912e+00)	Acc@1  42.50 ( 40.46)	Acc@5  73.00 ( 70.67)
[EVAL] E: [56][0/5]	Loss 2.4575e+00 (2.4575e+00)	Acc@1  39.40 ( 39.40)	Acc@5  67.90 ( 67.90)
[EVAL] E: [56][4/5]	Loss 2.4307e+00 (2.4075e+00)	Acc@1  35.30 ( 38.72)	Acc@5  68.60 ( 68.50)
		 Valid eval after epoch: loss:2.4075	latest_acc:38.72	LR:0.00 -- best valacc 39.74

Started EPOCH:57
[TRAIN] E: [57][ 0/45]	Loss 1.7563e+00 (1.7563e+00)	Acc@1  39.80 ( 39.80)	Acc@5  72.20 ( 72.20)
[TRAIN] E: [57][44/45]	Loss 1.6393e+00 (1.7009e+00)	Acc@1  43.10 ( 40.12)	Acc@5  73.90 ( 70.40)
[EVAL] E: [57][0/5]	Loss 2.4132e+00 (2.4132e+00)	Acc@1  39.10 ( 39.10)	Acc@5  68.30 ( 68.30)
[EVAL] E: [57][4/5]	Loss 2.5184e+00 (2.4358e+00)	Acc@1  37.90 ( 38.38)	Acc@5  67.20 ( 68.22)
		 Valid eval after epoch: loss:2.4358	latest_acc:38.38	LR:0.01 -- best valacc 39.74

Started EPOCH:58
[TRAIN] E: [58][ 0/45]	Loss 1.6554e+00 (1.6554e+00)	Acc@1  41.10 ( 41.10)	Acc@5  68.80 ( 68.80)
[TRAIN] E: [58][44/45]	Loss 1.6981e+00 (1.6998e+00)	Acc@1  40.10 ( 40.40)	Acc@5  71.20 ( 70.37)
[EVAL] E: [58][0/5]	Loss 2.4305e+00 (2.4305e+00)	Acc@1  39.50 ( 39.50)	Acc@5  69.70 ( 69.70)
[EVAL] E: [58][4/5]	Loss 2.5541e+00 (2.4303e+00)	Acc@1  35.40 ( 38.30)	Acc@5  65.00 ( 68.80)
		 Valid eval after epoch: loss:2.4303	latest_acc:38.30	LR:0.01 -- best valacc 39.74

Started EPOCH:59
[TRAIN] E: [59][ 0/45]	Loss 1.7121e+00 (1.7121e+00)	Acc@1  39.60 ( 39.60)	Acc@5  68.60 ( 68.60)
[TRAIN] E: [59][44/45]	Loss 1.7502e+00 (1.7044e+00)	Acc@1  41.80 ( 40.43)	Acc@5  70.80 ( 70.36)
[EVAL] E: [59][0/5]	Loss 2.3983e+00 (2.3983e+00)	Acc@1  39.20 ( 39.20)	Acc@5  69.60 ( 69.60)
[EVAL] E: [59][4/5]	Loss 2.5054e+00 (2.4081e+00)	Acc@1  36.00 ( 38.72)	Acc@5  67.30 ( 68.96)
		 Valid eval after epoch: loss:2.4081	latest_acc:38.72	LR:0.01 -- best valacc 39.74

Started EPOCH:60
[TRAIN] E: [60][ 0/45]	Loss 1.7270e+00 (1.7270e+00)	Acc@1  41.60 ( 41.60)	Acc@5  72.80 ( 72.80)
[TRAIN] E: [60][44/45]	Loss 1.6760e+00 (1.7045e+00)	Acc@1  40.10 ( 40.08)	Acc@5  71.80 ( 70.49)
[EVAL] E: [60][0/5]	Loss 2.3855e+00 (2.3855e+00)	Acc@1  40.50 ( 40.50)	Acc@5  69.20 ( 69.20)
[EVAL] E: [60][4/5]	Loss 2.5024e+00 (2.4406e+00)	Acc@1  36.00 ( 38.44)	Acc@5  66.30 ( 68.08)
		 Valid eval after epoch: loss:2.4406	latest_acc:38.44	LR:0.01 -- best valacc 39.74

Started EPOCH:61
[TRAIN] E: [61][ 0/45]	Loss 1.6227e+00 (1.6227e+00)	Acc@1  41.70 ( 41.70)	Acc@5  71.20 ( 71.20)
[TRAIN] E: [61][44/45]	Loss 1.7444e+00 (1.7222e+00)	Acc@1  38.90 ( 39.78)	Acc@5  68.10 ( 70.06)
[EVAL] E: [61][0/5]	Loss 2.4807e+00 (2.4807e+00)	Acc@1  37.50 ( 37.50)	Acc@5  67.00 ( 67.00)
[EVAL] E: [61][4/5]	Loss 2.5634e+00 (2.4795e+00)	Acc@1  35.90 ( 37.12)	Acc@5  64.40 ( 67.14)
		 Valid eval after epoch: loss:2.4795	latest_acc:37.12	LR:0.01 -- best valacc 39.74

Started EPOCH:62
[TRAIN] E: [62][ 0/45]	Loss 1.7022e+00 (1.7022e+00)	Acc@1  41.30 ( 41.30)	Acc@5  70.40 ( 70.40)
[TRAIN] E: [62][44/45]	Loss 1.7506e+00 (1.7230e+00)	Acc@1  40.70 ( 39.86)	Acc@5  69.30 ( 69.80)
[EVAL] E: [62][0/5]	Loss 2.6016e+00 (2.6016e+00)	Acc@1  34.90 ( 34.90)	Acc@5  65.80 ( 65.80)
[EVAL] E: [62][4/5]	Loss 2.7402e+00 (2.6346e+00)	Acc@1  33.90 ( 35.30)	Acc@5  63.10 ( 64.96)
		 Valid eval after epoch: loss:2.6346	latest_acc:35.30	LR:0.02 -- best valacc 39.74

Started EPOCH:63
[TRAIN] E: [63][ 0/45]	Loss 1.6931e+00 (1.6931e+00)	Acc@1  41.80 ( 41.80)	Acc@5  71.30 ( 71.30)
[TRAIN] E: [63][44/45]	Loss 1.7694e+00 (1.7441e+00)	Acc@1  37.40 ( 39.55)	Acc@5  68.70 ( 69.92)
[EVAL] E: [63][0/5]	Loss 2.4328e+00 (2.4328e+00)	Acc@1  37.40 ( 37.40)	Acc@5  69.60 ( 69.60)
[EVAL] E: [63][4/5]	Loss 2.5926e+00 (2.4870e+00)	Acc@1  35.40 ( 36.78)	Acc@5  65.00 ( 67.30)
		 Valid eval after epoch: loss:2.4870	latest_acc:36.78	LR:0.02 -- best valacc 39.74

Started EPOCH:64
[TRAIN] E: [64][ 0/45]	Loss 1.7199e+00 (1.7199e+00)	Acc@1  40.60 ( 40.60)	Acc@5  69.50 ( 69.50)
[TRAIN] E: [64][44/45]	Loss 1.7764e+00 (1.7411e+00)	Acc@1  38.60 ( 40.16)	Acc@5  66.40 ( 70.20)
[EVAL] E: [64][0/5]	Loss 2.5474e+00 (2.5474e+00)	Acc@1  37.50 ( 37.50)	Acc@5  67.40 ( 67.40)
[EVAL] E: [64][4/5]	Loss 2.6191e+00 (2.5216e+00)	Acc@1  33.00 ( 36.18)	Acc@5  65.00 ( 67.22)
		 Valid eval after epoch: loss:2.5216	latest_acc:36.18	LR:0.02 -- best valacc 39.74

Started EPOCH:65
[TRAIN] E: [65][ 0/45]	Loss 1.7357e+00 (1.7357e+00)	Acc@1  37.70 ( 37.70)	Acc@5  68.00 ( 68.00)
[TRAIN] E: [65][44/45]	Loss 1.7353e+00 (1.7542e+00)	Acc@1  41.30 ( 39.28)	Acc@5  71.50 ( 69.68)
[EVAL] E: [65][0/5]	Loss 2.5958e+00 (2.5958e+00)	Acc@1  36.40 ( 36.40)	Acc@5  66.00 ( 66.00)
[EVAL] E: [65][4/5]	Loss 2.6882e+00 (2.5732e+00)	Acc@1  32.30 ( 35.42)	Acc@5  63.10 ( 65.88)
		 Valid eval after epoch: loss:2.5732	latest_acc:35.42	LR:0.02 -- best valacc 39.74

Started EPOCH:66
[TRAIN] E: [66][ 0/45]	Loss 1.7615e+00 (1.7615e+00)	Acc@1  40.40 ( 40.40)	Acc@5  68.40 ( 68.40)
[TRAIN] E: [66][44/45]	Loss 1.7533e+00 (1.7525e+00)	Acc@1  39.40 ( 39.36)	Acc@5  70.90 ( 69.70)
[EVAL] E: [66][0/5]	Loss 2.7782e+00 (2.7782e+00)	Acc@1  32.40 ( 32.40)	Acc@5  63.70 ( 63.70)
[EVAL] E: [66][4/5]	Loss 2.8114e+00 (2.7398e+00)	Acc@1  31.40 ( 33.44)	Acc@5  61.20 ( 62.56)
		 Valid eval after epoch: loss:2.7398	latest_acc:33.44	LR:0.03 -- best valacc 39.74

Started EPOCH:67
[TRAIN] E: [67][ 0/45]	Loss 1.7516e+00 (1.7516e+00)	Acc@1  41.40 ( 41.40)	Acc@5  71.90 ( 71.90)
[TRAIN] E: [67][44/45]	Loss 1.7226e+00 (1.7617e+00)	Acc@1  39.10 ( 39.35)	Acc@5  69.50 ( 69.35)
[EVAL] E: [67][0/5]	Loss 2.7429e+00 (2.7429e+00)	Acc@1  32.70 ( 32.70)	Acc@5  64.90 ( 64.90)
[EVAL] E: [67][4/5]	Loss 2.8796e+00 (2.7827e+00)	Acc@1  31.00 ( 32.72)	Acc@5  57.60 ( 61.96)
		 Valid eval after epoch: loss:2.7827	latest_acc:32.72	LR:0.03 -- best valacc 39.74

Started EPOCH:68
[TRAIN] E: [68][ 0/45]	Loss 1.7361e+00 (1.7361e+00)	Acc@1  37.70 ( 37.70)	Acc@5  67.00 ( 67.00)
[TRAIN] E: [68][44/45]	Loss 1.7575e+00 (1.7744e+00)	Acc@1  41.30 ( 39.31)	Acc@5  70.00 ( 69.49)
[EVAL] E: [68][0/5]	Loss 2.6823e+00 (2.6823e+00)	Acc@1  35.50 ( 35.50)	Acc@5  64.20 ( 64.20)
[EVAL] E: [68][4/5]	Loss 2.6955e+00 (2.6958e+00)	Acc@1  32.80 ( 34.06)	Acc@5  64.60 ( 63.78)
		 Valid eval after epoch: loss:2.6958	latest_acc:34.06	LR:0.03 -- best valacc 39.74

Started EPOCH:69
[TRAIN] E: [69][ 0/45]	Loss 1.7563e+00 (1.7563e+00)	Acc@1  39.40 ( 39.40)	Acc@5  69.90 ( 69.90)
[TRAIN] E: [69][44/45]	Loss 1.7976e+00 (1.7850e+00)	Acc@1  37.70 ( 38.95)	Acc@5  69.70 ( 69.40)
[EVAL] E: [69][0/5]	Loss 2.5850e+00 (2.5850e+00)	Acc@1  36.10 ( 36.10)	Acc@5  66.50 ( 66.50)
[EVAL] E: [69][4/5]	Loss 2.6810e+00 (2.6066e+00)	Acc@1  34.60 ( 36.10)	Acc@5  63.00 ( 64.78)
		 Valid eval after epoch: loss:2.6066	latest_acc:36.10	LR:0.03 -- best valacc 39.74

Started EPOCH:70
[TRAIN] E: [70][ 0/45]	Loss 1.8979e+00 (1.8979e+00)	Acc@1  38.00 ( 38.00)	Acc@5  69.00 ( 69.00)
[TRAIN] E: [70][44/45]	Loss 1.7799e+00 (1.8097e+00)	Acc@1  39.60 ( 38.67)	Acc@5  69.30 ( 68.99)
[EVAL] E: [70][0/5]	Loss 2.5725e+00 (2.5725e+00)	Acc@1  36.50 ( 36.50)	Acc@5  66.50 ( 66.50)
[EVAL] E: [70][4/5]	Loss 2.8689e+00 (2.7067e+00)	Acc@1  29.10 ( 32.70)	Acc@5  59.50 ( 63.52)
		 Valid eval after epoch: loss:2.7067	latest_acc:32.70	LR:0.04 -- best valacc 39.74

Started EPOCH:71
[TRAIN] E: [71][ 0/45]	Loss 1.7721e+00 (1.7721e+00)	Acc@1  41.50 ( 41.50)	Acc@5  72.20 ( 72.20)
[TRAIN] E: [71][44/45]	Loss 1.7721e+00 (1.8153e+00)	Acc@1  40.90 ( 39.02)	Acc@5  70.90 ( 69.26)
[EVAL] E: [71][0/5]	Loss 2.7279e+00 (2.7279e+00)	Acc@1  34.70 ( 34.70)	Acc@5  64.40 ( 64.40)
[EVAL] E: [71][4/5]	Loss 2.7721e+00 (2.7034e+00)	Acc@1  31.50 ( 33.42)	Acc@5  63.30 ( 64.70)
		 Valid eval after epoch: loss:2.7034	latest_acc:33.42	LR:0.04 -- best valacc 39.74

Started EPOCH:72
[TRAIN] E: [72][ 0/45]	Loss 1.7892e+00 (1.7892e+00)	Acc@1  37.90 ( 37.90)	Acc@5  69.30 ( 69.30)
[TRAIN] E: [72][44/45]	Loss 1.8449e+00 (1.8339e+00)	Acc@1  38.30 ( 38.50)	Acc@5  67.30 ( 68.97)
[EVAL] E: [72][0/5]	Loss 2.5058e+00 (2.5058e+00)	Acc@1  37.10 ( 37.10)	Acc@5  67.30 ( 67.30)
[EVAL] E: [72][4/5]	Loss 2.7302e+00 (2.6077e+00)	Acc@1  30.80 ( 34.62)	Acc@5  61.20 ( 64.44)
		 Valid eval after epoch: loss:2.6077	latest_acc:34.62	LR:0.04 -- best valacc 39.74

Started EPOCH:73
[TRAIN] E: [73][ 0/45]	Loss 1.8114e+00 (1.8114e+00)	Acc@1  39.20 ( 39.20)	Acc@5  69.50 ( 69.50)
[TRAIN] E: [73][44/45]	Loss 1.9757e+00 (1.8416e+00)	Acc@1  38.00 ( 38.36)	Acc@5  68.70 ( 68.84)
[EVAL] E: [73][0/5]	Loss 2.6197e+00 (2.6197e+00)	Acc@1  32.40 ( 32.40)	Acc@5  64.90 ( 64.90)
[EVAL] E: [73][4/5]	Loss 2.8240e+00 (2.6559e+00)	Acc@1  29.90 ( 33.44)	Acc@5  60.40 ( 64.26)
		 Valid eval after epoch: loss:2.6559	latest_acc:33.44	LR:0.05 -- best valacc 39.74

Started EPOCH:74
[TRAIN] E: [74][ 0/45]	Loss 1.8050e+00 (1.8050e+00)	Acc@1  40.10 ( 40.10)	Acc@5  68.60 ( 68.60)
[TRAIN] E: [74][44/45]	Loss 1.8987e+00 (1.8642e+00)	Acc@1  38.70 ( 38.36)	Acc@5  68.60 ( 68.58)
[EVAL] E: [74][0/5]	Loss 3.1874e+00 (3.1874e+00)	Acc@1  29.70 ( 29.70)	Acc@5  56.30 ( 56.30)
[EVAL] E: [74][4/5]	Loss 3.3108e+00 (3.1354e+00)	Acc@1  27.10 ( 29.12)	Acc@5  54.00 ( 56.76)
		 Valid eval after epoch: loss:3.1354	latest_acc:29.12	LR:0.05 -- best valacc 39.74

Started EPOCH:75
[TRAIN] E: [75][ 0/45]	Loss 1.8178e+00 (1.8178e+00)	Acc@1  39.20 ( 39.20)	Acc@5  69.30 ( 69.30)
[TRAIN] E: [75][44/45]	Loss 1.8578e+00 (1.8696e+00)	Acc@1  38.40 ( 38.08)	Acc@5  67.30 ( 68.46)
[EVAL] E: [75][0/5]	Loss 3.3713e+00 (3.3713e+00)	Acc@1  24.50 ( 24.50)	Acc@5  53.80 ( 53.80)
[EVAL] E: [75][4/5]	Loss 3.4310e+00 (3.2952e+00)	Acc@1  23.40 ( 25.12)	Acc@5  50.90 ( 53.72)
		 Valid eval after epoch: loss:3.2952	latest_acc:25.12	LR:0.05 -- best valacc 39.74

Started EPOCH:76
[TRAIN] E: [76][ 0/45]	Loss 1.7842e+00 (1.7842e+00)	Acc@1  39.00 ( 39.00)	Acc@5  68.60 ( 68.60)
[TRAIN] E: [76][44/45]	Loss 1.9513e+00 (1.8933e+00)	Acc@1  39.30 ( 37.91)	Acc@5  67.80 ( 68.28)
[EVAL] E: [76][0/5]	Loss 2.8497e+00 (2.8497e+00)	Acc@1  31.90 ( 31.90)	Acc@5  59.90 ( 59.90)
[EVAL] E: [76][4/5]	Loss 2.9369e+00 (2.8576e+00)	Acc@1  31.10 ( 31.72)	Acc@5  59.10 ( 60.92)
		 Valid eval after epoch: loss:2.8576	latest_acc:31.72	LR:0.06 -- best valacc 39.74

Started EPOCH:77
[TRAIN] E: [77][ 0/45]	Loss 1.8810e+00 (1.8810e+00)	Acc@1  39.20 ( 39.20)	Acc@5  69.80 ( 69.80)
[TRAIN] E: [77][44/45]	Loss 1.8704e+00 (1.8788e+00)	Acc@1  37.10 ( 37.93)	Acc@5  67.60 ( 68.26)
[EVAL] E: [77][0/5]	Loss 2.8170e+00 (2.8170e+00)	Acc@1  31.90 ( 31.90)	Acc@5  63.00 ( 63.00)
[EVAL] E: [77][4/5]	Loss 2.9334e+00 (2.8389e+00)	Acc@1  32.10 ( 32.12)	Acc@5  59.80 ( 62.52)
		 Valid eval after epoch: loss:2.8389	latest_acc:32.12	LR:0.06 -- best valacc 39.74

Started EPOCH:78
[TRAIN] E: [78][ 0/45]	Loss 1.7995e+00 (1.7995e+00)	Acc@1  39.60 ( 39.60)	Acc@5  68.50 ( 68.50)
[TRAIN] E: [78][44/45]	Loss 1.9139e+00 (1.9037e+00)	Acc@1  36.30 ( 37.77)	Acc@5  67.00 ( 68.08)
[EVAL] E: [78][0/5]	Loss 2.8311e+00 (2.8311e+00)	Acc@1  31.80 ( 31.80)	Acc@5  63.60 ( 63.60)
[EVAL] E: [78][4/5]	Loss 2.9353e+00 (2.8256e+00)	Acc@1  29.70 ( 32.18)	Acc@5  59.80 ( 62.04)
		 Valid eval after epoch: loss:2.8256	latest_acc:32.18	LR:0.06 -- best valacc 39.74

Started EPOCH:79
[TRAIN] E: [79][ 0/45]	Loss 1.9813e+00 (1.9813e+00)	Acc@1  36.60 ( 36.60)	Acc@5  66.40 ( 66.40)
[TRAIN] E: [79][44/45]	Loss 1.8785e+00 (1.9448e+00)	Acc@1  38.90 ( 37.36)	Acc@5  68.60 ( 67.22)
[EVAL] E: [79][0/5]	Loss 3.0711e+00 (3.0711e+00)	Acc@1  28.00 ( 28.00)	Acc@5  57.30 ( 57.30)
[EVAL] E: [79][4/5]	Loss 3.1184e+00 (3.0706e+00)	Acc@1  27.60 ( 28.96)	Acc@5  55.40 ( 57.04)
		 Valid eval after epoch: loss:3.0706	latest_acc:28.96	LR:0.07 -- best valacc 39.74

Started EPOCH:80
[TRAIN] E: [80][ 0/45]	Loss 2.0140e+00 (2.0140e+00)	Acc@1  37.50 ( 37.50)	Acc@5  69.90 ( 69.90)
[TRAIN] E: [80][44/45]	Loss 1.8297e+00 (1.9172e+00)	Acc@1  37.70 ( 37.30)	Acc@5  68.90 ( 67.90)
[EVAL] E: [80][0/5]	Loss 3.2866e+00 (3.2866e+00)	Acc@1  27.50 ( 27.50)	Acc@5  55.60 ( 55.60)
[EVAL] E: [80][4/5]	Loss 3.4076e+00 (3.3384e+00)	Acc@1  24.90 ( 26.24)	Acc@5  52.70 ( 54.58)
		 Valid eval after epoch: loss:3.3384	latest_acc:26.24	LR:0.07 -- best valacc 39.74

Started EPOCH:81
[TRAIN] E: [81][ 0/45]	Loss 1.8694e+00 (1.8694e+00)	Acc@1  38.80 ( 38.80)	Acc@5  68.60 ( 68.60)
[TRAIN] E: [81][44/45]	Loss 1.8689e+00 (1.9198e+00)	Acc@1  34.90 ( 37.65)	Acc@5  67.60 ( 67.96)
[EVAL] E: [81][0/5]	Loss 3.1232e+00 (3.1232e+00)	Acc@1  31.40 ( 31.40)	Acc@5  58.60 ( 58.60)
[EVAL] E: [81][4/5]	Loss 3.3851e+00 (3.2391e+00)	Acc@1  25.90 ( 28.86)	Acc@5  52.50 ( 56.32)
		 Valid eval after epoch: loss:3.2391	latest_acc:28.86	LR:0.07 -- best valacc 39.74

Started EPOCH:82
[TRAIN] E: [82][ 0/45]	Loss 1.9357e+00 (1.9357e+00)	Acc@1  39.70 ( 39.70)	Acc@5  69.00 ( 69.00)
[TRAIN] E: [82][44/45]	Loss 1.7964e+00 (1.9490e+00)	Acc@1  38.10 ( 36.90)	Acc@5  69.40 ( 67.42)
[EVAL] E: [82][0/5]	Loss 3.0794e+00 (3.0794e+00)	Acc@1  27.10 ( 27.10)	Acc@5  58.70 ( 58.70)
[EVAL] E: [82][4/5]	Loss 3.2442e+00 (3.1396e+00)	Acc@1  25.20 ( 27.64)	Acc@5  54.30 ( 56.98)
		 Valid eval after epoch: loss:3.1396	latest_acc:27.64	LR:0.07 -- best valacc 39.74

Started EPOCH:83
[TRAIN] E: [83][ 0/45]	Loss 1.9569e+00 (1.9569e+00)	Acc@1  37.10 ( 37.10)	Acc@5  67.20 ( 67.20)
[TRAIN] E: [83][44/45]	Loss 1.9495e+00 (1.9313e+00)	Acc@1  37.10 ( 37.41)	Acc@5  67.70 ( 67.67)
[EVAL] E: [83][0/5]	Loss 3.1005e+00 (3.1005e+00)	Acc@1  26.30 ( 26.30)	Acc@5  54.70 ( 54.70)
[EVAL] E: [83][4/5]	Loss 3.1930e+00 (3.0952e+00)	Acc@1  24.50 ( 27.34)	Acc@5  52.50 ( 55.40)
		 Valid eval after epoch: loss:3.0952	latest_acc:27.34	LR:0.08 -- best valacc 39.74

Started EPOCH:84
[TRAIN] E: [84][ 0/45]	Loss 2.0597e+00 (2.0597e+00)	Acc@1  35.10 ( 35.10)	Acc@5  68.60 ( 68.60)
[TRAIN] E: [84][44/45]	Loss 2.1398e+00 (1.9757e+00)	Acc@1  31.30 ( 37.14)	Acc@5  62.50 ( 66.85)
[EVAL] E: [84][0/5]	Loss 4.7274e+00 (4.7274e+00)	Acc@1  15.30 ( 15.30)	Acc@5  40.10 ( 40.10)
[EVAL] E: [84][4/5]	Loss 4.7223e+00 (4.7348e+00)	Acc@1  14.30 ( 15.46)	Acc@5  37.70 ( 38.90)
		 Valid eval after epoch: loss:4.7348	latest_acc:15.46	LR:0.08 -- best valacc 39.74

Started EPOCH:85
[TRAIN] E: [85][ 0/45]	Loss 2.1198e+00 (2.1198e+00)	Acc@1  33.00 ( 33.00)	Acc@5  61.90 ( 61.90)
[TRAIN] E: [85][44/45]	Loss 1.9470e+00 (1.9946e+00)	Acc@1  36.90 ( 36.81)	Acc@5  69.10 ( 67.08)
[EVAL] E: [85][0/5]	Loss 2.7986e+00 (2.7986e+00)	Acc@1  32.10 ( 32.10)	Acc@5  61.80 ( 61.80)
[EVAL] E: [85][4/5]	Loss 2.9494e+00 (2.8833e+00)	Acc@1  30.40 ( 31.40)	Acc@5  60.00 ( 60.42)
		 Valid eval after epoch: loss:2.8833	latest_acc:31.40	LR:0.08 -- best valacc 39.74

Started EPOCH:86
[TRAIN] E: [86][ 0/45]	Loss 2.0149e+00 (2.0149e+00)	Acc@1  38.00 ( 38.00)	Acc@5  65.20 ( 65.20)
[TRAIN] E: [86][44/45]	Loss 1.9690e+00 (1.9587e+00)	Acc@1  36.80 ( 36.97)	Acc@5  67.20 ( 67.46)
[EVAL] E: [86][0/5]	Loss 2.9789e+00 (2.9789e+00)	Acc@1  30.50 ( 30.50)	Acc@5  58.60 ( 58.60)
[EVAL] E: [86][4/5]	Loss 3.1895e+00 (2.9958e+00)	Acc@1  25.40 ( 29.18)	Acc@5  55.50 ( 58.14)
		 Valid eval after epoch: loss:2.9958	latest_acc:29.18	LR:0.08 -- best valacc 39.74

Started EPOCH:87
[TRAIN] E: [87][ 0/45]	Loss 1.9674e+00 (1.9674e+00)	Acc@1  38.90 ( 38.90)	Acc@5  68.20 ( 68.20)
[TRAIN] E: [87][44/45]	Loss 1.9900e+00 (1.9585e+00)	Acc@1  38.70 ( 36.84)	Acc@5  68.80 ( 67.21)
[EVAL] E: [87][0/5]	Loss 2.8044e+00 (2.8044e+00)	Acc@1  33.40 ( 33.40)	Acc@5  61.50 ( 61.50)
[EVAL] E: [87][4/5]	Loss 2.9612e+00 (2.8179e+00)	Acc@1  30.10 ( 32.18)	Acc@5  58.60 ( 61.84)
		 Valid eval after epoch: loss:2.8179	latest_acc:32.18	LR:0.09 -- best valacc 39.74

Started EPOCH:88
[TRAIN] E: [88][ 0/45]	Loss 1.9393e+00 (1.9393e+00)	Acc@1  36.30 ( 36.30)	Acc@5  67.70 ( 67.70)
[TRAIN] E: [88][44/45]	Loss 1.9658e+00 (1.9691e+00)	Acc@1  36.60 ( 36.67)	Acc@5  68.00 ( 67.02)
[EVAL] E: [88][0/5]	Loss 2.9407e+00 (2.9407e+00)	Acc@1  30.30 ( 30.30)	Acc@5  62.10 ( 62.10)
[EVAL] E: [88][4/5]	Loss 3.0604e+00 (3.0048e+00)	Acc@1  28.90 ( 29.66)	Acc@5  59.80 ( 60.32)
		 Valid eval after epoch: loss:3.0048	latest_acc:29.66	LR:0.09 -- best valacc 39.74

Started EPOCH:89
[TRAIN] E: [89][ 0/45]	Loss 1.9896e+00 (1.9896e+00)	Acc@1  36.80 ( 36.80)	Acc@5  67.40 ( 67.40)
[TRAIN] E: [89][44/45]	Loss 1.9228e+00 (1.9954e+00)	Acc@1  38.00 ( 36.52)	Acc@5  68.80 ( 67.02)
[EVAL] E: [89][0/5]	Loss 2.7127e+00 (2.7127e+00)	Acc@1  35.40 ( 35.40)	Acc@5  63.40 ( 63.40)
[EVAL] E: [89][4/5]	Loss 2.9003e+00 (2.7879e+00)	Acc@1  32.90 ( 33.42)	Acc@5  61.20 ( 62.34)
		 Valid eval after epoch: loss:2.7879	latest_acc:33.42	LR:0.09 -- best valacc 39.74

Started EPOCH:90
[TRAIN] E: [90][ 0/45]	Loss 1.8990e+00 (1.8990e+00)	Acc@1  38.50 ( 38.50)	Acc@5  68.00 ( 68.00)
[TRAIN] E: [90][44/45]	Loss 2.0427e+00 (1.9482e+00)	Acc@1  34.20 ( 37.15)	Acc@5  66.70 ( 67.62)
[EVAL] E: [90][0/5]	Loss 2.6699e+00 (2.6699e+00)	Acc@1  34.00 ( 34.00)	Acc@5  63.80 ( 63.80)
[EVAL] E: [90][4/5]	Loss 2.8604e+00 (2.7281e+00)	Acc@1  30.50 ( 33.62)	Acc@5  59.00 ( 62.92)
		 Valid eval after epoch: loss:2.7281	latest_acc:33.62	LR:0.09 -- best valacc 39.74

Started EPOCH:91
[TRAIN] E: [91][ 0/45]	Loss 1.9026e+00 (1.9026e+00)	Acc@1  39.80 ( 39.80)	Acc@5  68.60 ( 68.60)
[TRAIN] E: [91][44/45]	Loss 1.9230e+00 (1.9464e+00)	Acc@1  36.90 ( 37.13)	Acc@5  64.60 ( 67.33)
[EVAL] E: [91][0/5]	Loss 2.9975e+00 (2.9975e+00)	Acc@1  30.80 ( 30.80)	Acc@5  59.70 ( 59.70)
[EVAL] E: [91][4/5]	Loss 3.2070e+00 (3.0491e+00)	Acc@1  25.20 ( 28.58)	Acc@5  53.90 ( 58.32)
		 Valid eval after epoch: loss:3.0491	latest_acc:28.58	LR:0.09 -- best valacc 39.74

Started EPOCH:92
[TRAIN] E: [92][ 0/45]	Loss 1.9041e+00 (1.9041e+00)	Acc@1  37.00 ( 37.00)	Acc@5  68.60 ( 68.60)
[TRAIN] E: [92][44/45]	Loss 2.0025e+00 (1.9827e+00)	Acc@1  36.30 ( 36.89)	Acc@5  66.80 ( 66.88)
[EVAL] E: [92][0/5]	Loss 3.4883e+00 (3.4883e+00)	Acc@1  23.90 ( 23.90)	Acc@5  52.40 ( 52.40)
[EVAL] E: [92][4/5]	Loss 3.6196e+00 (3.4914e+00)	Acc@1  23.00 ( 24.52)	Acc@5  48.90 ( 51.52)
		 Valid eval after epoch: loss:3.4914	latest_acc:24.52	LR:0.10 -- best valacc 39.74

Started EPOCH:93
[TRAIN] E: [93][ 0/45]	Loss 1.9623e+00 (1.9623e+00)	Acc@1  37.60 ( 37.60)	Acc@5  65.60 ( 65.60)
[TRAIN] E: [93][44/45]	Loss 1.9403e+00 (1.9749e+00)	Acc@1  38.50 ( 36.98)	Acc@5  67.60 ( 67.14)
[EVAL] E: [93][0/5]	Loss 3.2754e+00 (3.2754e+00)	Acc@1  26.90 ( 26.90)	Acc@5  56.90 ( 56.90)
[EVAL] E: [93][4/5]	Loss 3.4305e+00 (3.3389e+00)	Acc@1  25.10 ( 26.30)	Acc@5  55.00 ( 55.08)
		 Valid eval after epoch: loss:3.3389	latest_acc:26.30	LR:0.10 -- best valacc 39.74

Started EPOCH:94
[TRAIN] E: [94][ 0/45]	Loss 1.9813e+00 (1.9813e+00)	Acc@1  38.10 ( 38.10)	Acc@5  67.10 ( 67.10)
[TRAIN] E: [94][44/45]	Loss 1.9756e+00 (1.9645e+00)	Acc@1  35.50 ( 36.54)	Acc@5  63.10 ( 67.04)
[EVAL] E: [94][0/5]	Loss 3.1552e+00 (3.1552e+00)	Acc@1  27.90 ( 27.90)	Acc@5  57.10 ( 57.10)
[EVAL] E: [94][4/5]	Loss 3.3349e+00 (3.1766e+00)	Acc@1  26.40 ( 28.42)	Acc@5  53.20 ( 55.80)
		 Valid eval after epoch: loss:3.1766	latest_acc:28.42	LR:0.10 -- best valacc 39.74

Started EPOCH:95
[TRAIN] E: [95][ 0/45]	Loss 2.0518e+00 (2.0518e+00)	Acc@1  37.80 ( 37.80)	Acc@5  67.80 ( 67.80)
[TRAIN] E: [95][44/45]	Loss 1.9241e+00 (1.9769e+00)	Acc@1  36.60 ( 36.78)	Acc@5  66.90 ( 67.09)
[EVAL] E: [95][0/5]	Loss 2.9710e+00 (2.9710e+00)	Acc@1  28.40 ( 28.40)	Acc@5  57.90 ( 57.90)
[EVAL] E: [95][4/5]	Loss 3.0657e+00 (2.9675e+00)	Acc@1  27.70 ( 28.66)	Acc@5  54.80 ( 57.52)
		 Valid eval after epoch: loss:2.9675	latest_acc:28.66	LR:0.10 -- best valacc 39.74

Started EPOCH:96
[TRAIN] E: [96][ 0/45]	Loss 1.9336e+00 (1.9336e+00)	Acc@1  35.80 ( 35.80)	Acc@5  67.50 ( 67.50)
[TRAIN] E: [96][44/45]	Loss 1.9546e+00 (1.9512e+00)	Acc@1  36.80 ( 37.06)	Acc@5  66.80 ( 67.36)
[EVAL] E: [96][0/5]	Loss 2.7965e+00 (2.7965e+00)	Acc@1  31.60 ( 31.60)	Acc@5  61.50 ( 61.50)
[EVAL] E: [96][4/5]	Loss 3.0241e+00 (2.8610e+00)	Acc@1  27.90 ( 30.30)	Acc@5  57.00 ( 60.18)
		 Valid eval after epoch: loss:2.8610	latest_acc:30.30	LR:0.10 -- best valacc 39.74

Started EPOCH:97
[TRAIN] E: [97][ 0/45]	Loss 1.9485e+00 (1.9485e+00)	Acc@1  34.40 ( 34.40)	Acc@5  65.30 ( 65.30)
[TRAIN] E: [97][44/45]	Loss 1.9149e+00 (1.9478e+00)	Acc@1  37.10 ( 36.83)	Acc@5  66.40 ( 67.38)
[EVAL] E: [97][0/5]	Loss 2.9965e+00 (2.9965e+00)	Acc@1  30.10 ( 30.10)	Acc@5  59.90 ( 59.90)
[EVAL] E: [97][4/5]	Loss 3.1367e+00 (3.0178e+00)	Acc@1  27.20 ( 29.22)	Acc@5  56.20 ( 58.34)
		 Valid eval after epoch: loss:3.0178	latest_acc:29.22	LR:0.10 -- best valacc 39.74

Started EPOCH:98
[TRAIN] E: [98][ 0/45]	Loss 1.8393e+00 (1.8393e+00)	Acc@1  39.50 ( 39.50)	Acc@5  69.60 ( 69.60)
[TRAIN] E: [98][44/45]	Loss 1.9622e+00 (1.9362e+00)	Acc@1  36.10 ( 37.07)	Acc@5  69.30 ( 67.50)
[EVAL] E: [98][0/5]	Loss 2.8767e+00 (2.8767e+00)	Acc@1  32.30 ( 32.30)	Acc@5  61.60 ( 61.60)
[EVAL] E: [98][4/5]	Loss 2.9325e+00 (2.8642e+00)	Acc@1  30.10 ( 31.90)	Acc@5  58.10 ( 60.52)
		 Valid eval after epoch: loss:2.8642	latest_acc:31.90	LR:0.10 -- best valacc 39.74

Started EPOCH:99
[TRAIN] E: [99][ 0/45]	Loss 1.8781e+00 (1.8781e+00)	Acc@1  36.80 ( 36.80)	Acc@5  65.20 ( 65.20)
[TRAIN] E: [99][44/45]	Loss 1.9868e+00 (1.9227e+00)	Acc@1  37.60 ( 37.20)	Acc@5  65.60 ( 67.24)
[EVAL] E: [99][0/5]	Loss 2.8586e+00 (2.8586e+00)	Acc@1  31.60 ( 31.60)	Acc@5  60.60 ( 60.60)
[EVAL] E: [99][4/5]	Loss 2.9139e+00 (2.8473e+00)	Acc@1  29.90 ( 31.70)	Acc@5  59.50 ( 60.20)
		 Valid eval after epoch: loss:2.8473	latest_acc:31.70	LR:0.10 -- best valacc 39.74

Started EPOCH:100
[TRAIN] E: [100][ 0/45]	Loss 1.8524e+00 (1.8524e+00)	Acc@1  38.00 ( 38.00)	Acc@5  67.70 ( 67.70)
[TRAIN] E: [100][44/45]	Loss 1.9981e+00 (1.9592e+00)	Acc@1  37.90 ( 36.99)	Acc@5  67.30 ( 67.21)
[EVAL] E: [100][0/5]	Loss 2.8919e+00 (2.8919e+00)	Acc@1  30.60 ( 30.60)	Acc@5  60.40 ( 60.40)
[EVAL] E: [100][4/5]	Loss 3.0275e+00 (2.9243e+00)	Acc@1  28.80 ( 30.52)	Acc@5  58.20 ( 60.22)
		 Valid eval after epoch: loss:2.9243	latest_acc:30.52	LR:0.10 -- best valacc 39.74

Started EPOCH:101
[TRAIN] E: [101][ 0/45]	Loss 1.8989e+00 (1.8989e+00)	Acc@1  37.40 ( 37.40)	Acc@5  68.70 ( 68.70)
[TRAIN] E: [101][44/45]	Loss 1.8793e+00 (1.9404e+00)	Acc@1  39.60 ( 36.82)	Acc@5  69.50 ( 67.26)
[EVAL] E: [101][0/5]	Loss 3.5356e+00 (3.5356e+00)	Acc@1  24.30 ( 24.30)	Acc@5  50.00 ( 50.00)
[EVAL] E: [101][4/5]	Loss 3.6523e+00 (3.5653e+00)	Acc@1  19.50 ( 22.52)	Acc@5  47.80 ( 49.44)
		 Valid eval after epoch: loss:3.5653	latest_acc:22.52	LR:0.10 -- best valacc 39.74

Started EPOCH:102
[TRAIN] E: [102][ 0/45]	Loss 1.9482e+00 (1.9482e+00)	Acc@1  39.60 ( 39.60)	Acc@5  68.90 ( 68.90)
[TRAIN] E: [102][44/45]	Loss 2.0046e+00 (1.9307e+00)	Acc@1  37.70 ( 37.43)	Acc@5  68.70 ( 67.73)
[EVAL] E: [102][0/5]	Loss 3.1881e+00 (3.1881e+00)	Acc@1  26.60 ( 26.60)	Acc@5  55.90 ( 55.90)
[EVAL] E: [102][4/5]	Loss 3.2389e+00 (3.2133e+00)	Acc@1  24.60 ( 26.38)	Acc@5  54.70 ( 55.16)
		 Valid eval after epoch: loss:3.2133	latest_acc:26.38	LR:0.10 -- best valacc 39.74

Started EPOCH:103
[TRAIN] E: [103][ 0/45]	Loss 1.9181e+00 (1.9181e+00)	Acc@1  34.50 ( 34.50)	Acc@5  66.80 ( 66.80)
[TRAIN] E: [103][44/45]	Loss 1.9524e+00 (1.9318e+00)	Acc@1  36.40 ( 37.27)	Acc@5  64.80 ( 67.80)
[EVAL] E: [103][0/5]	Loss 2.9935e+00 (2.9935e+00)	Acc@1  31.10 ( 31.10)	Acc@5  59.00 ( 59.00)
[EVAL] E: [103][4/5]	Loss 3.1467e+00 (2.9719e+00)	Acc@1  28.00 ( 31.48)	Acc@5  54.30 ( 59.64)
		 Valid eval after epoch: loss:2.9719	latest_acc:31.48	LR:0.10 -- best valacc 39.74

Started EPOCH:104
[TRAIN] E: [104][ 0/45]	Loss 1.8943e+00 (1.8943e+00)	Acc@1  34.40 ( 34.40)	Acc@5  65.80 ( 65.80)
[TRAIN] E: [104][44/45]	Loss 2.0316e+00 (1.9390e+00)	Acc@1  36.70 ( 37.30)	Acc@5  67.30 ( 67.88)
[EVAL] E: [104][0/5]	Loss 2.8516e+00 (2.8516e+00)	Acc@1  31.50 ( 31.50)	Acc@5  60.60 ( 60.60)
[EVAL] E: [104][4/5]	Loss 3.0941e+00 (2.9467e+00)	Acc@1  26.30 ( 29.78)	Acc@5  55.50 ( 59.20)
		 Valid eval after epoch: loss:2.9467	latest_acc:29.78	LR:0.10 -- best valacc 39.74

Started EPOCH:105
[TRAIN] E: [105][ 0/45]	Loss 1.9198e+00 (1.9198e+00)	Acc@1  39.70 ( 39.70)	Acc@5  68.70 ( 68.70)
[TRAIN] E: [105][44/45]	Loss 1.9281e+00 (1.9277e+00)	Acc@1  36.50 ( 37.34)	Acc@5  67.50 ( 67.51)
[EVAL] E: [105][0/5]	Loss 3.1383e+00 (3.1383e+00)	Acc@1  27.30 ( 27.30)	Acc@5  57.20 ( 57.20)
[EVAL] E: [105][4/5]	Loss 3.2385e+00 (3.1316e+00)	Acc@1  24.50 ( 26.96)	Acc@5  54.10 ( 55.52)
		 Valid eval after epoch: loss:3.1316	latest_acc:26.96	LR:0.10 -- best valacc 39.74

Started EPOCH:106
[TRAIN] E: [106][ 0/45]	Loss 1.8468e+00 (1.8468e+00)	Acc@1  39.90 ( 39.90)	Acc@5  68.60 ( 68.60)
[TRAIN] E: [106][44/45]	Loss 1.8908e+00 (1.9014e+00)	Acc@1  36.50 ( 37.60)	Acc@5  68.00 ( 68.04)
[EVAL] E: [106][0/5]	Loss 3.4711e+00 (3.4711e+00)	Acc@1  23.80 ( 23.80)	Acc@5  54.40 ( 54.40)
[EVAL] E: [106][4/5]	Loss 3.4953e+00 (3.4692e+00)	Acc@1  23.60 ( 23.92)	Acc@5  52.40 ( 53.08)
		 Valid eval after epoch: loss:3.4692	latest_acc:23.92	LR:0.10 -- best valacc 39.74

Started EPOCH:107
[TRAIN] E: [107][ 0/45]	Loss 2.0280e+00 (2.0280e+00)	Acc@1  37.40 ( 37.40)	Acc@5  67.80 ( 67.80)
[TRAIN] E: [107][44/45]	Loss 1.9076e+00 (1.9204e+00)	Acc@1  38.20 ( 37.24)	Acc@5  67.50 ( 67.69)
[EVAL] E: [107][0/5]	Loss 2.9902e+00 (2.9902e+00)	Acc@1  29.50 ( 29.50)	Acc@5  58.30 ( 58.30)
[EVAL] E: [107][4/5]	Loss 3.0844e+00 (2.9425e+00)	Acc@1  24.60 ( 29.52)	Acc@5  54.70 ( 58.58)
		 Valid eval after epoch: loss:2.9425	latest_acc:29.52	LR:0.09 -- best valacc 39.74

Started EPOCH:108
[TRAIN] E: [108][ 0/45]	Loss 1.9180e+00 (1.9180e+00)	Acc@1  36.50 ( 36.50)	Acc@5  68.60 ( 68.60)
[TRAIN] E: [108][44/45]	Loss 1.8990e+00 (1.8889e+00)	Acc@1  39.80 ( 37.88)	Acc@5  67.90 ( 68.27)
[EVAL] E: [108][0/5]	Loss 2.6781e+00 (2.6781e+00)	Acc@1  33.30 ( 33.30)	Acc@5  64.20 ( 64.20)
[EVAL] E: [108][4/5]	Loss 2.7723e+00 (2.7032e+00)	Acc@1  30.00 ( 32.70)	Acc@5  61.10 ( 63.18)
		 Valid eval after epoch: loss:2.7032	latest_acc:32.70	LR:0.09 -- best valacc 39.74

Started EPOCH:109
[TRAIN] E: [109][ 0/45]	Loss 1.9275e+00 (1.9275e+00)	Acc@1  39.10 ( 39.10)	Acc@5  68.10 ( 68.10)
[TRAIN] E: [109][44/45]	Loss 1.9323e+00 (1.9035e+00)	Acc@1  37.90 ( 37.69)	Acc@5  68.70 ( 68.04)
[EVAL] E: [109][0/5]	Loss 2.8281e+00 (2.8281e+00)	Acc@1  33.50 ( 33.50)	Acc@5  60.90 ( 60.90)
[EVAL] E: [109][4/5]	Loss 3.0452e+00 (2.9111e+00)	Acc@1  26.80 ( 31.20)	Acc@5  57.40 ( 60.02)
		 Valid eval after epoch: loss:2.9111	latest_acc:31.20	LR:0.09 -- best valacc 39.74

Started EPOCH:110
[TRAIN] E: [110][ 0/45]	Loss 1.8897e+00 (1.8897e+00)	Acc@1  37.80 ( 37.80)	Acc@5  68.10 ( 68.10)
[TRAIN] E: [110][44/45]	Loss 1.8155e+00 (1.8916e+00)	Acc@1  41.30 ( 37.81)	Acc@5  69.10 ( 68.16)
[EVAL] E: [110][0/5]	Loss 3.0680e+00 (3.0680e+00)	Acc@1  26.80 ( 26.80)	Acc@5  58.40 ( 58.40)
[EVAL] E: [110][4/5]	Loss 3.0872e+00 (3.1080e+00)	Acc@1  28.40 ( 27.84)	Acc@5  55.80 ( 56.42)
		 Valid eval after epoch: loss:3.1080	latest_acc:27.84	LR:0.09 -- best valacc 39.74

Started EPOCH:111
[TRAIN] E: [111][ 0/45]	Loss 1.8555e+00 (1.8555e+00)	Acc@1  37.40 ( 37.40)	Acc@5  69.50 ( 69.50)
[TRAIN] E: [111][44/45]	Loss 1.8602e+00 (1.8702e+00)	Acc@1  39.40 ( 38.01)	Acc@5  70.70 ( 68.28)
[EVAL] E: [111][0/5]	Loss 3.4017e+00 (3.4017e+00)	Acc@1  25.80 ( 25.80)	Acc@5  55.50 ( 55.50)
[EVAL] E: [111][4/5]	Loss 3.4768e+00 (3.4304e+00)	Acc@1  26.80 ( 26.76)	Acc@5  53.50 ( 54.64)
		 Valid eval after epoch: loss:3.4304	latest_acc:26.76	LR:0.09 -- best valacc 39.74

Started EPOCH:112
[TRAIN] E: [112][ 0/45]	Loss 1.8337e+00 (1.8337e+00)	Acc@1  39.00 ( 39.00)	Acc@5  71.00 ( 71.00)
[TRAIN] E: [112][44/45]	Loss 1.9028e+00 (1.8526e+00)	Acc@1  36.60 ( 38.25)	Acc@5  69.00 ( 68.54)
[EVAL] E: [112][0/5]	Loss 3.2678e+00 (3.2678e+00)	Acc@1  27.30 ( 27.30)	Acc@5  55.60 ( 55.60)
[EVAL] E: [112][4/5]	Loss 3.3463e+00 (3.2665e+00)	Acc@1  25.60 ( 26.38)	Acc@5  54.00 ( 55.86)
		 Valid eval after epoch: loss:3.2665	latest_acc:26.38	LR:0.08 -- best valacc 39.74

Started EPOCH:113
[TRAIN] E: [113][ 0/45]	Loss 1.9380e+00 (1.9380e+00)	Acc@1  40.90 ( 40.90)	Acc@5  69.00 ( 69.00)
[TRAIN] E: [113][44/45]	Loss 1.8761e+00 (1.8712e+00)	Acc@1  36.70 ( 38.26)	Acc@5  65.40 ( 68.53)
[EVAL] E: [113][0/5]	Loss 2.8075e+00 (2.8075e+00)	Acc@1  30.50 ( 30.50)	Acc@5  62.00 ( 62.00)
[EVAL] E: [113][4/5]	Loss 2.9294e+00 (2.8363e+00)	Acc@1  29.50 ( 31.06)	Acc@5  57.30 ( 60.54)
		 Valid eval after epoch: loss:2.8363	latest_acc:31.06	LR:0.08 -- best valacc 39.74

Started EPOCH:114
[TRAIN] E: [114][ 0/45]	Loss 1.9073e+00 (1.9073e+00)	Acc@1  39.50 ( 39.50)	Acc@5  66.40 ( 66.40)
[TRAIN] E: [114][44/45]	Loss 1.8659e+00 (1.8585e+00)	Acc@1  36.20 ( 37.88)	Acc@5  67.80 ( 68.05)
[EVAL] E: [114][0/5]	Loss 2.7979e+00 (2.7979e+00)	Acc@1  33.00 ( 33.00)	Acc@5  63.00 ( 63.00)
[EVAL] E: [114][4/5]	Loss 2.8412e+00 (2.7655e+00)	Acc@1  31.20 ( 32.56)	Acc@5  61.70 ( 63.24)
		 Valid eval after epoch: loss:2.7655	latest_acc:32.56	LR:0.08 -- best valacc 39.74

Started EPOCH:115
[TRAIN] E: [115][ 0/45]	Loss 1.7717e+00 (1.7717e+00)	Acc@1  36.80 ( 36.80)	Acc@5  68.10 ( 68.10)
[TRAIN] E: [115][44/45]	Loss 1.8311e+00 (1.8290e+00)	Acc@1  37.90 ( 38.47)	Acc@5  68.30 ( 68.69)
[EVAL] E: [115][0/5]	Loss 2.9616e+00 (2.9616e+00)	Acc@1  29.80 ( 29.80)	Acc@5  58.70 ( 58.70)
[EVAL] E: [115][4/5]	Loss 3.0736e+00 (2.9221e+00)	Acc@1  26.40 ( 30.34)	Acc@5  55.30 ( 58.98)
		 Valid eval after epoch: loss:2.9221	latest_acc:30.34	LR:0.08 -- best valacc 39.74

Started EPOCH:116
[TRAIN] E: [116][ 0/45]	Loss 1.8513e+00 (1.8513e+00)	Acc@1  37.10 ( 37.10)	Acc@5  66.80 ( 66.80)
[TRAIN] E: [116][44/45]	Loss 1.9026e+00 (1.8518e+00)	Acc@1  39.20 ( 38.27)	Acc@5  69.00 ( 68.29)
[EVAL] E: [116][0/5]	Loss 3.1219e+00 (3.1219e+00)	Acc@1  28.90 ( 28.90)	Acc@5  57.10 ( 57.10)
[EVAL] E: [116][4/5]	Loss 3.2368e+00 (3.1772e+00)	Acc@1  27.20 ( 28.64)	Acc@5  56.20 ( 56.72)
		 Valid eval after epoch: loss:3.1772	latest_acc:28.64	LR:0.07 -- best valacc 39.74

Started EPOCH:117
[TRAIN] E: [117][ 0/45]	Loss 1.8597e+00 (1.8597e+00)	Acc@1  40.00 ( 40.00)	Acc@5  66.70 ( 66.70)
[TRAIN] E: [117][44/45]	Loss 1.8465e+00 (1.8288e+00)	Acc@1  37.60 ( 38.43)	Acc@5  66.60 ( 68.65)
[EVAL] E: [117][0/5]	Loss 2.6089e+00 (2.6089e+00)	Acc@1  35.80 ( 35.80)	Acc@5  64.10 ( 64.10)
[EVAL] E: [117][4/5]	Loss 2.8518e+00 (2.7383e+00)	Acc@1  31.70 ( 33.62)	Acc@5  60.60 ( 62.62)
		 Valid eval after epoch: loss:2.7383	latest_acc:33.62	LR:0.07 -- best valacc 39.74

Started EPOCH:118
[TRAIN] E: [118][ 0/45]	Loss 1.7287e+00 (1.7287e+00)	Acc@1  38.40 ( 38.40)	Acc@5  69.00 ( 69.00)
[TRAIN] E: [118][44/45]	Loss 1.8658e+00 (1.8049e+00)	Acc@1  38.30 ( 38.90)	Acc@5  69.10 ( 68.86)
[EVAL] E: [118][0/5]	Loss 2.7397e+00 (2.7397e+00)	Acc@1  35.10 ( 35.10)	Acc@5  62.20 ( 62.20)
[EVAL] E: [118][4/5]	Loss 2.8242e+00 (2.7359e+00)	Acc@1  33.20 ( 33.76)	Acc@5  61.60 ( 62.08)
		 Valid eval after epoch: loss:2.7359	latest_acc:33.76	LR:0.07 -- best valacc 39.74

Started EPOCH:119
[TRAIN] E: [119][ 0/45]	Loss 1.7582e+00 (1.7582e+00)	Acc@1  38.10 ( 38.10)	Acc@5  66.50 ( 66.50)
[TRAIN] E: [119][44/45]	Loss 1.8751e+00 (1.8196e+00)	Acc@1  37.80 ( 38.61)	Acc@5  70.00 ( 69.09)
[EVAL] E: [119][0/5]	Loss 2.7219e+00 (2.7219e+00)	Acc@1  33.70 ( 33.70)	Acc@5  62.70 ( 62.70)
[EVAL] E: [119][4/5]	Loss 2.8890e+00 (2.7095e+00)	Acc@1  29.40 ( 33.68)	Acc@5  59.80 ( 63.06)
		 Valid eval after epoch: loss:2.7095	latest_acc:33.68	LR:0.07 -- best valacc 39.74

Started EPOCH:120
[TRAIN] E: [120][ 0/45]	Loss 1.7752e+00 (1.7752e+00)	Acc@1  39.00 ( 39.00)	Acc@5  69.80 ( 69.80)
[TRAIN] E: [120][44/45]	Loss 1.8106e+00 (1.7900e+00)	Acc@1  43.70 ( 38.82)	Acc@5  72.60 ( 69.12)
[EVAL] E: [120][0/5]	Loss 3.0163e+00 (3.0163e+00)	Acc@1  29.40 ( 29.40)	Acc@5  60.00 ( 60.00)
[EVAL] E: [120][4/5]	Loss 3.0509e+00 (2.9775e+00)	Acc@1  29.90 ( 30.50)	Acc@5  57.90 ( 60.00)
		 Valid eval after epoch: loss:2.9775	latest_acc:30.50	LR:0.06 -- best valacc 39.74

Started EPOCH:121
[TRAIN] E: [121][ 0/45]	Loss 1.8018e+00 (1.8018e+00)	Acc@1  39.50 ( 39.50)	Acc@5  71.20 ( 71.20)
[TRAIN] E: [121][44/45]	Loss 1.8330e+00 (1.7735e+00)	Acc@1  37.80 ( 39.20)	Acc@5  68.60 ( 69.61)
[EVAL] E: [121][0/5]	Loss 2.6607e+00 (2.6607e+00)	Acc@1  36.60 ( 36.60)	Acc@5  65.10 ( 65.10)
[EVAL] E: [121][4/5]	Loss 2.8537e+00 (2.7433e+00)	Acc@1  28.80 ( 33.18)	Acc@5  60.80 ( 63.66)
		 Valid eval after epoch: loss:2.7433	latest_acc:33.18	LR:0.06 -- best valacc 39.74

Started EPOCH:122
[TRAIN] E: [122][ 0/45]	Loss 1.7989e+00 (1.7989e+00)	Acc@1  41.80 ( 41.80)	Acc@5  69.70 ( 69.70)
[TRAIN] E: [122][44/45]	Loss 1.8123e+00 (1.7791e+00)	Acc@1  36.30 ( 38.96)	Acc@5  64.20 ( 69.34)
[EVAL] E: [122][0/5]	Loss 2.6422e+00 (2.6422e+00)	Acc@1  33.90 ( 33.90)	Acc@5  65.00 ( 65.00)
[EVAL] E: [122][4/5]	Loss 2.7549e+00 (2.6559e+00)	Acc@1  31.60 ( 34.06)	Acc@5  60.80 ( 63.96)
		 Valid eval after epoch: loss:2.6559	latest_acc:34.06	LR:0.06 -- best valacc 39.74

Started EPOCH:123
[TRAIN] E: [123][ 0/45]	Loss 1.7976e+00 (1.7976e+00)	Acc@1  37.00 ( 37.00)	Acc@5  69.60 ( 69.60)
[TRAIN] E: [123][44/45]	Loss 1.7792e+00 (1.7702e+00)	Acc@1  41.10 ( 38.96)	Acc@5  70.40 ( 69.49)
[EVAL] E: [123][0/5]	Loss 2.7890e+00 (2.7890e+00)	Acc@1  34.70 ( 34.70)	Acc@5  63.10 ( 63.10)
[EVAL] E: [123][4/5]	Loss 2.9013e+00 (2.7981e+00)	Acc@1  29.70 ( 32.40)	Acc@5  60.40 ( 61.52)
		 Valid eval after epoch: loss:2.7981	latest_acc:32.40	LR:0.05 -- best valacc 39.74

Started EPOCH:124
[TRAIN] E: [124][ 0/45]	Loss 1.8503e+00 (1.8503e+00)	Acc@1  37.30 ( 37.30)	Acc@5  69.10 ( 69.10)
[TRAIN] E: [124][44/45]	Loss 1.7186e+00 (1.7483e+00)	Acc@1  38.00 ( 39.35)	Acc@5  69.80 ( 69.54)
[EVAL] E: [124][0/5]	Loss 2.6594e+00 (2.6594e+00)	Acc@1  34.60 ( 34.60)	Acc@5  65.30 ( 65.30)
[EVAL] E: [124][4/5]	Loss 2.6997e+00 (2.5762e+00)	Acc@1  32.90 ( 35.80)	Acc@5  62.20 ( 65.44)
		 Valid eval after epoch: loss:2.5762	latest_acc:35.80	LR:0.05 -- best valacc 39.74

Started EPOCH:125
[TRAIN] E: [125][ 0/45]	Loss 1.7215e+00 (1.7215e+00)	Acc@1  38.50 ( 38.50)	Acc@5  68.10 ( 68.10)
[TRAIN] E: [125][44/45]	Loss 1.7920e+00 (1.7531e+00)	Acc@1  38.00 ( 39.64)	Acc@5  68.30 ( 69.70)
[EVAL] E: [125][0/5]	Loss 2.9572e+00 (2.9572e+00)	Acc@1  32.40 ( 32.40)	Acc@5  60.60 ( 60.60)
[EVAL] E: [125][4/5]	Loss 2.9655e+00 (2.9255e+00)	Acc@1  28.60 ( 31.50)	Acc@5  59.60 ( 60.18)
		 Valid eval after epoch: loss:2.9255	latest_acc:31.50	LR:0.05 -- best valacc 39.74

Started EPOCH:126
[TRAIN] E: [126][ 0/45]	Loss 1.7638e+00 (1.7638e+00)	Acc@1  40.20 ( 40.20)	Acc@5  68.90 ( 68.90)
[TRAIN] E: [126][44/45]	Loss 1.7345e+00 (1.7347e+00)	Acc@1  36.60 ( 39.30)	Acc@5  67.30 ( 69.48)
[EVAL] E: [126][0/5]	Loss 2.7675e+00 (2.7675e+00)	Acc@1  34.30 ( 34.30)	Acc@5  62.80 ( 62.80)
[EVAL] E: [126][4/5]	Loss 2.8709e+00 (2.7633e+00)	Acc@1  32.40 ( 33.64)	Acc@5  60.90 ( 62.60)
		 Valid eval after epoch: loss:2.7633	latest_acc:33.64	LR:0.04 -- best valacc 39.74

Started EPOCH:127
[TRAIN] E: [127][ 0/45]	Loss 1.6810e+00 (1.6810e+00)	Acc@1  37.50 ( 37.50)	Acc@5  67.00 ( 67.00)
[TRAIN] E: [127][44/45]	Loss 1.7121e+00 (1.7280e+00)	Acc@1  40.00 ( 39.82)	Acc@5  72.10 ( 70.24)
[EVAL] E: [127][0/5]	Loss 2.6289e+00 (2.6289e+00)	Acc@1  34.40 ( 34.40)	Acc@5  65.20 ( 65.20)
[EVAL] E: [127][4/5]	Loss 2.6942e+00 (2.6431e+00)	Acc@1  34.00 ( 34.70)	Acc@5  62.70 ( 63.54)
		 Valid eval after epoch: loss:2.6431	latest_acc:34.70	LR:0.04 -- best valacc 39.74

Started EPOCH:128
[TRAIN] E: [128][ 0/45]	Loss 1.7409e+00 (1.7409e+00)	Acc@1  39.30 ( 39.30)	Acc@5  69.50 ( 69.50)
[TRAIN] E: [128][44/45]	Loss 1.7257e+00 (1.7398e+00)	Acc@1  39.10 ( 39.57)	Acc@5  68.60 ( 69.76)
[EVAL] E: [128][0/5]	Loss 2.7197e+00 (2.7197e+00)	Acc@1  32.90 ( 32.90)	Acc@5  63.90 ( 63.90)
[EVAL] E: [128][4/5]	Loss 2.9872e+00 (2.8225e+00)	Acc@1  29.00 ( 31.58)	Acc@5  58.20 ( 61.46)
		 Valid eval after epoch: loss:2.8225	latest_acc:31.58	LR:0.04 -- best valacc 39.74

Started EPOCH:129
[TRAIN] E: [129][ 0/45]	Loss 1.7255e+00 (1.7255e+00)	Acc@1  38.30 ( 38.30)	Acc@5  69.20 ( 69.20)
[TRAIN] E: [129][44/45]	Loss 1.6827e+00 (1.7005e+00)	Acc@1  39.60 ( 40.00)	Acc@5  71.20 ( 70.14)
[EVAL] E: [129][0/5]	Loss 2.7753e+00 (2.7753e+00)	Acc@1  32.80 ( 32.80)	Acc@5  62.30 ( 62.30)
[EVAL] E: [129][4/5]	Loss 2.8882e+00 (2.7753e+00)	Acc@1  32.70 ( 32.92)	Acc@5  61.30 ( 62.82)
		 Valid eval after epoch: loss:2.7753	latest_acc:32.92	LR:0.03 -- best valacc 39.74

Started EPOCH:130
[TRAIN] E: [130][ 0/45]	Loss 1.6619e+00 (1.6619e+00)	Acc@1  39.70 ( 39.70)	Acc@5  67.90 ( 67.90)
[TRAIN] E: [130][44/45]	Loss 1.6702e+00 (1.6931e+00)	Acc@1  40.00 ( 40.05)	Acc@5  70.90 ( 70.52)
[EVAL] E: [130][0/5]	Loss 2.4999e+00 (2.4999e+00)	Acc@1  37.90 ( 37.90)	Acc@5  68.10 ( 68.10)
[EVAL] E: [130][4/5]	Loss 2.6574e+00 (2.5695e+00)	Acc@1  32.50 ( 35.46)	Acc@5  60.30 ( 65.54)
		 Valid eval after epoch: loss:2.5695	latest_acc:35.46	LR:0.03 -- best valacc 39.74

Started EPOCH:131
[TRAIN] E: [131][ 0/45]	Loss 1.7238e+00 (1.7238e+00)	Acc@1  37.60 ( 37.60)	Acc@5  69.10 ( 69.10)
[TRAIN] E: [131][44/45]	Loss 1.7200e+00 (1.6844e+00)	Acc@1  38.20 ( 40.20)	Acc@5  69.20 ( 70.41)
[EVAL] E: [131][0/5]	Loss 2.4186e+00 (2.4186e+00)	Acc@1  39.10 ( 39.10)	Acc@5  68.00 ( 68.00)
[EVAL] E: [131][4/5]	Loss 2.5910e+00 (2.4748e+00)	Acc@1  35.90 ( 37.58)	Acc@5  64.20 ( 66.84)
		 Valid eval after epoch: loss:2.4748	latest_acc:37.58	LR:0.03 -- best valacc 39.74

Started EPOCH:132
[TRAIN] E: [132][ 0/45]	Loss 1.6174e+00 (1.6174e+00)	Acc@1  38.20 ( 38.20)	Acc@5  69.00 ( 69.00)
[TRAIN] E: [132][44/45]	Loss 1.6388e+00 (1.6800e+00)	Acc@1  39.00 ( 39.94)	Acc@5  70.80 ( 70.35)
[EVAL] E: [132][0/5]	Loss 2.4388e+00 (2.4388e+00)	Acc@1  38.40 ( 38.40)	Acc@5  67.60 ( 67.60)
[EVAL] E: [132][4/5]	Loss 2.6142e+00 (2.4995e+00)	Acc@1  33.10 ( 36.40)	Acc@5  64.20 ( 66.46)
		 Valid eval after epoch: loss:2.4995	latest_acc:36.40	LR:0.03 -- best valacc 39.74

Started EPOCH:133
[TRAIN] E: [133][ 0/45]	Loss 1.6493e+00 (1.6493e+00)	Acc@1  39.90 ( 39.90)	Acc@5  68.10 ( 68.10)
[TRAIN] E: [133][44/45]	Loss 1.6637e+00 (1.6633e+00)	Acc@1  39.10 ( 40.50)	Acc@5  70.80 ( 70.52)
[EVAL] E: [133][0/5]	Loss 2.5861e+00 (2.5861e+00)	Acc@1  35.80 ( 35.80)	Acc@5  66.00 ( 66.00)
[EVAL] E: [133][4/5]	Loss 2.6628e+00 (2.5684e+00)	Acc@1  31.00 ( 34.82)	Acc@5  62.40 ( 65.28)
		 Valid eval after epoch: loss:2.5684	latest_acc:34.82	LR:0.02 -- best valacc 39.74

Started EPOCH:134
[TRAIN] E: [134][ 0/45]	Loss 1.6497e+00 (1.6497e+00)	Acc@1  40.80 ( 40.80)	Acc@5  72.40 ( 72.40)
[TRAIN] E: [134][44/45]	Loss 1.6235e+00 (1.6507e+00)	Acc@1  40.10 ( 40.80)	Acc@5  71.20 ( 70.87)
[EVAL] E: [134][0/5]	Loss 2.3930e+00 (2.3930e+00)	Acc@1  41.60 ( 41.60)	Acc@5  68.30 ( 68.30)
[EVAL] E: [134][4/5]	Loss 2.6068e+00 (2.4362e+00)	Acc@1  35.60 ( 39.16)	Acc@5  63.40 ( 67.46)
		 Valid eval after epoch: loss:2.4362	latest_acc:39.16	LR:0.02 -- best valacc 39.74

Started EPOCH:135
[TRAIN] E: [135][ 0/45]	Loss 1.5957e+00 (1.5957e+00)	Acc@1  42.00 ( 42.00)	Acc@5  71.80 ( 71.80)
[TRAIN] E: [135][44/45]	Loss 1.5576e+00 (1.6473e+00)	Acc@1  41.40 ( 40.94)	Acc@5  71.30 ( 70.74)
[EVAL] E: [135][0/5]	Loss 2.3564e+00 (2.3564e+00)	Acc@1  40.10 ( 40.10)	Acc@5  70.00 ( 70.00)
[EVAL] E: [135][4/5]	Loss 2.5338e+00 (2.4475e+00)	Acc@1  34.70 ( 37.68)	Acc@5  64.90 ( 68.06)
		 Valid eval after epoch: loss:2.4475	latest_acc:37.68	LR:0.02 -- best valacc 39.74

Started EPOCH:136
[TRAIN] E: [136][ 0/45]	Loss 1.6038e+00 (1.6038e+00)	Acc@1  41.60 ( 41.60)	Acc@5  69.90 ( 69.90)
[TRAIN] E: [136][44/45]	Loss 1.6023e+00 (1.6330e+00)	Acc@1  39.50 ( 40.86)	Acc@5  72.00 ( 71.19)
[EVAL] E: [136][0/5]	Loss 2.4796e+00 (2.4796e+00)	Acc@1  38.10 ( 38.10)	Acc@5  65.80 ( 65.80)
[EVAL] E: [136][4/5]	Loss 2.5334e+00 (2.4893e+00)	Acc@1  34.90 ( 37.30)	Acc@5  66.10 ( 67.16)
		 Valid eval after epoch: loss:2.4893	latest_acc:37.30	LR:0.02 -- best valacc 39.74

Started EPOCH:137
[TRAIN] E: [137][ 0/45]	Loss 1.6013e+00 (1.6013e+00)	Acc@1  39.00 ( 39.00)	Acc@5  72.00 ( 72.00)
[TRAIN] E: [137][44/45]	Loss 1.6541e+00 (1.6178e+00)	Acc@1  39.30 ( 40.72)	Acc@5  70.00 ( 70.77)
[EVAL] E: [137][0/5]	Loss 2.4662e+00 (2.4662e+00)	Acc@1  40.50 ( 40.50)	Acc@5  68.70 ( 68.70)
[EVAL] E: [137][4/5]	Loss 2.5157e+00 (2.4437e+00)	Acc@1  36.50 ( 39.32)	Acc@5  65.30 ( 68.04)
		 Valid eval after epoch: loss:2.4437	latest_acc:39.32	LR:0.01 -- best valacc 39.74

Started EPOCH:138
[TRAIN] E: [138][ 0/45]	Loss 1.5964e+00 (1.5964e+00)	Acc@1  38.30 ( 38.30)	Acc@5  68.70 ( 68.70)
[TRAIN] E: [138][44/45]	Loss 1.6711e+00 (1.6133e+00)	Acc@1  42.40 ( 40.96)	Acc@5  71.50 ( 71.05)
[EVAL] E: [138][0/5]	Loss 2.3655e+00 (2.3655e+00)	Acc@1  41.10 ( 41.10)	Acc@5  67.50 ( 67.50)
[EVAL] E: [138][4/5]	Loss 2.4425e+00 (2.3948e+00)	Acc@1  38.60 ( 39.62)	Acc@5  68.90 ( 68.78)
		 Valid eval after epoch: loss:2.3948	latest_acc:39.62	LR:0.01 -- best valacc 39.74

Started EPOCH:139
[TRAIN] E: [139][ 0/45]	Loss 1.6392e+00 (1.6392e+00)	Acc@1  38.40 ( 38.40)	Acc@5  70.30 ( 70.30)
[TRAIN] E: [139][44/45]	Loss 1.6718e+00 (1.6053e+00)	Acc@1  41.70 ( 41.16)	Acc@5  70.70 ( 71.34)
[EVAL] E: [139][0/5]	Loss 2.5438e+00 (2.5438e+00)	Acc@1  37.60 ( 37.60)	Acc@5  66.30 ( 66.30)
[EVAL] E: [139][4/5]	Loss 2.6820e+00 (2.5149e+00)	Acc@1  34.90 ( 37.26)	Acc@5  63.00 ( 66.92)
		 Valid eval after epoch: loss:2.5149	latest_acc:37.26	LR:0.01 -- best valacc 39.74

Started EPOCH:140
[TRAIN] E: [140][ 0/45]	Loss 1.6072e+00 (1.6072e+00)	Acc@1  40.50 ( 40.50)	Acc@5  70.70 ( 70.70)
[TRAIN] E: [140][44/45]	Loss 1.5687e+00 (1.5982e+00)	Acc@1  43.00 ( 41.32)	Acc@5  72.40 ( 71.47)
[EVAL] E: [140][0/5]	Loss 2.3230e+00 (2.3230e+00)	Acc@1  41.20 ( 41.20)	Acc@5  69.30 ( 69.30)
[EVAL] E: [140][4/5]	Loss 2.5051e+00 (2.3658e+00)	Acc@1  38.20 ( 39.84)	Acc@5  66.60 ( 69.42)
		 Valid eval after epoch: loss:2.3658	latest_acc:39.84	LR:0.01 -- best valacc 39.84

Started EPOCH:141
[TRAIN] E: [141][ 0/45]	Loss 1.6291e+00 (1.6291e+00)	Acc@1  39.60 ( 39.60)	Acc@5  71.20 ( 71.20)
[TRAIN] E: [141][44/45]	Loss 1.5823e+00 (1.5998e+00)	Acc@1  41.70 ( 41.57)	Acc@5  73.60 ( 71.53)
[EVAL] E: [141][0/5]	Loss 2.4263e+00 (2.4263e+00)	Acc@1  37.70 ( 37.70)	Acc@5  67.50 ( 67.50)
[EVAL] E: [141][4/5]	Loss 2.4552e+00 (2.3785e+00)	Acc@1  36.40 ( 38.84)	Acc@5  66.50 ( 68.54)
		 Valid eval after epoch: loss:2.3785	latest_acc:38.84	LR:0.01 -- best valacc 39.84

Started EPOCH:142
[TRAIN] E: [142][ 0/45]	Loss 1.5322e+00 (1.5322e+00)	Acc@1  41.60 ( 41.60)	Acc@5  72.10 ( 72.10)
[TRAIN] E: [142][44/45]	Loss 1.6343e+00 (1.5822e+00)	Acc@1  42.40 ( 41.64)	Acc@5  72.60 ( 71.45)
[EVAL] E: [142][0/5]	Loss 2.4223e+00 (2.4223e+00)	Acc@1  39.20 ( 39.20)	Acc@5  67.80 ( 67.80)
[EVAL] E: [142][4/5]	Loss 2.4721e+00 (2.4108e+00)	Acc@1  36.00 ( 38.74)	Acc@5  67.20 ( 68.68)
		 Valid eval after epoch: loss:2.4108	latest_acc:38.74	LR:0.00 -- best valacc 39.84

Started EPOCH:143
[TRAIN] E: [143][ 0/45]	Loss 1.5593e+00 (1.5593e+00)	Acc@1  40.80 ( 40.80)	Acc@5  70.80 ( 70.80)
[TRAIN] E: [143][44/45]	Loss 1.5983e+00 (1.5897e+00)	Acc@1  44.50 ( 41.51)	Acc@5  72.30 ( 71.64)
[EVAL] E: [143][0/5]	Loss 2.4025e+00 (2.4025e+00)	Acc@1  40.40 ( 40.40)	Acc@5  69.50 ( 69.50)
[EVAL] E: [143][4/5]	Loss 2.4535e+00 (2.3875e+00)	Acc@1  38.60 ( 39.50)	Acc@5  68.00 ( 69.02)
		 Valid eval after epoch: loss:2.3875	latest_acc:39.50	LR:0.00 -- best valacc 39.84

Started EPOCH:144
[TRAIN] E: [144][ 0/45]	Loss 1.6270e+00 (1.6270e+00)	Acc@1  41.80 ( 41.80)	Acc@5  72.90 ( 72.90)
[TRAIN] E: [144][44/45]	Loss 1.6095e+00 (1.5870e+00)	Acc@1  39.30 ( 41.36)	Acc@5  70.90 ( 71.38)
[EVAL] E: [144][0/5]	Loss 2.2558e+00 (2.2558e+00)	Acc@1  42.20 ( 42.20)	Acc@5  70.90 ( 70.90)
[EVAL] E: [144][4/5]	Loss 2.3853e+00 (2.3226e+00)	Acc@1  38.30 ( 40.68)	Acc@5  70.10 ( 70.24)
		 Valid eval after epoch: loss:2.3226	latest_acc:40.68	LR:0.00 -- best valacc 40.68

Started EPOCH:145
[TRAIN] E: [145][ 0/45]	Loss 1.5120e+00 (1.5120e+00)	Acc@1  39.30 ( 39.30)	Acc@5  71.20 ( 71.20)
[TRAIN] E: [145][44/45]	Loss 1.5609e+00 (1.5748e+00)	Acc@1  42.10 ( 41.63)	Acc@5  73.00 ( 71.77)
[EVAL] E: [145][0/5]	Loss 2.3860e+00 (2.3860e+00)	Acc@1  39.80 ( 39.80)	Acc@5  69.60 ( 69.60)
[EVAL] E: [145][4/5]	Loss 2.4856e+00 (2.3719e+00)	Acc@1  34.60 ( 38.98)	Acc@5  67.50 ( 69.56)
		 Valid eval after epoch: loss:2.3719	latest_acc:38.98	LR:0.00 -- best valacc 40.68

Started EPOCH:146
[TRAIN] E: [146][ 0/45]	Loss 1.6147e+00 (1.6147e+00)	Acc@1  39.40 ( 39.40)	Acc@5  72.10 ( 72.10)
[TRAIN] E: [146][44/45]	Loss 1.6178e+00 (1.5765e+00)	Acc@1  41.00 ( 41.64)	Acc@5  70.90 ( 71.77)
[EVAL] E: [146][0/5]	Loss 2.3695e+00 (2.3695e+00)	Acc@1  39.80 ( 39.80)	Acc@5  68.30 ( 68.30)
[EVAL] E: [146][4/5]	Loss 2.4393e+00 (2.3726e+00)	Acc@1  37.70 ( 39.62)	Acc@5  67.60 ( 69.40)
		 Valid eval after epoch: loss:2.3726	latest_acc:39.62	LR:0.00 -- best valacc 40.68

Started EPOCH:147
[TRAIN] E: [147][ 0/45]	Loss 1.5477e+00 (1.5477e+00)	Acc@1  40.50 ( 40.50)	Acc@5  70.50 ( 70.50)
[TRAIN] E: [147][44/45]	Loss 1.6322e+00 (1.5760e+00)	Acc@1  40.40 ( 41.44)	Acc@5  68.90 ( 71.38)
[EVAL] E: [147][0/5]	Loss 2.3285e+00 (2.3285e+00)	Acc@1  42.90 ( 42.90)	Acc@5  71.20 ( 71.20)
[EVAL] E: [147][4/5]	Loss 2.4679e+00 (2.3387e+00)	Acc@1  37.40 ( 40.38)	Acc@5  67.90 ( 70.38)
		 Valid eval after epoch: loss:2.3387	latest_acc:40.38	LR:0.00 -- best valacc 40.68

Started EPOCH:148
[TRAIN] E: [148][ 0/45]	Loss 1.5493e+00 (1.5493e+00)	Acc@1  43.50 ( 43.50)	Acc@5  72.40 ( 72.40)
[TRAIN] E: [148][44/45]	Loss 1.5134e+00 (1.5720e+00)	Acc@1  43.30 ( 42.04)	Acc@5  73.50 ( 71.60)
[EVAL] E: [148][0/5]	Loss 2.3049e+00 (2.3049e+00)	Acc@1  40.00 ( 40.00)	Acc@5  70.90 ( 70.90)
[EVAL] E: [148][4/5]	Loss 2.5387e+00 (2.3390e+00)	Acc@1  35.70 ( 40.08)	Acc@5  66.60 ( 69.64)
		 Valid eval after epoch: loss:2.3390	latest_acc:40.08	LR:0.00 -- best valacc 40.68

Started EPOCH:149
[TRAIN] E: [149][ 0/45]	Loss 1.5794e+00 (1.5794e+00)	Acc@1  37.80 ( 37.80)	Acc@5  70.70 ( 70.70)
[TRAIN] E: [149][44/45]	Loss 1.6141e+00 (1.5707e+00)	Acc@1  42.20 ( 41.65)	Acc@5  71.60 ( 71.64)
[EVAL] E: [149][0/5]	Loss 2.2416e+00 (2.2416e+00)	Acc@1  41.30 ( 41.30)	Acc@5  71.50 ( 71.50)
[EVAL] E: [149][4/5]	Loss 2.4010e+00 (2.3437e+00)	Acc@1  38.10 ( 39.22)	Acc@5  69.50 ( 70.04)
		 Valid eval after epoch: loss:2.3437	latest_acc:39.22	LR:0.00 -- best valacc 40.68

Started EPOCH:150
[TRAIN] E: [150][ 0/45]	Loss 1.5963e+00 (1.5963e+00)	Acc@1  43.40 ( 43.40)	Acc@5  72.00 ( 72.00)
[TRAIN] E: [150][44/45]	Loss 1.5680e+00 (1.5637e+00)	Acc@1  42.70 ( 41.76)	Acc@5  71.50 ( 71.56)
[EVAL] E: [150][0/5]	Loss 2.2867e+00 (2.2867e+00)	Acc@1  41.60 ( 41.60)	Acc@5  71.30 ( 71.30)
[EVAL] E: [150][4/5]	Loss 2.3870e+00 (2.3295e+00)	Acc@1  37.60 ( 40.06)	Acc@5  68.60 ( 70.62)
		 Valid eval after epoch: loss:2.3295	latest_acc:40.06	LR:0.00 -- best valacc 40.68

Started EPOCH:151
[TRAIN] E: [151][ 0/45]	Loss 1.5532e+00 (1.5532e+00)	Acc@1  42.50 ( 42.50)	Acc@5  70.70 ( 70.70)
[TRAIN] E: [151][44/45]	Loss 1.5482e+00 (1.5673e+00)	Acc@1  42.80 ( 42.08)	Acc@5  72.00 ( 71.85)
[EVAL] E: [151][0/5]	Loss 2.3207e+00 (2.3207e+00)	Acc@1  41.20 ( 41.20)	Acc@5  71.00 ( 71.00)
[EVAL] E: [151][4/5]	Loss 2.5144e+00 (2.3684e+00)	Acc@1  35.10 ( 39.44)	Acc@5  67.10 ( 69.70)
		 Valid eval after epoch: loss:2.3684	latest_acc:39.44	LR:0.00 -- best valacc 40.68

Started EPOCH:152
[TRAIN] E: [152][ 0/45]	Loss 1.5680e+00 (1.5680e+00)	Acc@1  41.00 ( 41.00)	Acc@5  69.90 ( 69.90)
[TRAIN] E: [152][44/45]	Loss 1.5260e+00 (1.5655e+00)	Acc@1  41.40 ( 41.92)	Acc@5  71.40 ( 71.80)
[EVAL] E: [152][0/5]	Loss 2.3951e+00 (2.3951e+00)	Acc@1  40.10 ( 40.10)	Acc@5  68.90 ( 68.90)
[EVAL] E: [152][4/5]	Loss 2.4308e+00 (2.3569e+00)	Acc@1  37.00 ( 39.88)	Acc@5  69.10 ( 69.90)
		 Valid eval after epoch: loss:2.3569	latest_acc:39.88	LR:0.00 -- best valacc 40.68

Started EPOCH:153
[TRAIN] E: [153][ 0/45]	Loss 1.5130e+00 (1.5130e+00)	Acc@1  43.80 ( 43.80)	Acc@5  71.80 ( 71.80)
[TRAIN] E: [153][44/45]	Loss 1.5771e+00 (1.5769e+00)	Acc@1  41.70 ( 41.58)	Acc@5  70.80 ( 71.83)
[EVAL] E: [153][0/5]	Loss 2.2755e+00 (2.2755e+00)	Acc@1  40.10 ( 40.10)	Acc@5  71.40 ( 71.40)
[EVAL] E: [153][4/5]	Loss 2.4709e+00 (2.3259e+00)	Acc@1  38.30 ( 39.54)	Acc@5  67.20 ( 70.46)
		 Valid eval after epoch: loss:2.3259	latest_acc:39.54	LR:0.00 -- best valacc 40.68

Started EPOCH:154
[TRAIN] E: [154][ 0/45]	Loss 1.5486e+00 (1.5486e+00)	Acc@1  41.40 ( 41.40)	Acc@5  72.30 ( 72.30)
[TRAIN] E: [154][44/45]	Loss 1.6066e+00 (1.5832e+00)	Acc@1  39.40 ( 41.70)	Acc@5  71.20 ( 71.74)
[EVAL] E: [154][0/5]	Loss 2.2894e+00 (2.2894e+00)	Acc@1  41.90 ( 41.90)	Acc@5  71.20 ( 71.20)
[EVAL] E: [154][4/5]	Loss 2.4116e+00 (2.3337e+00)	Acc@1  38.60 ( 40.26)	Acc@5  68.00 ( 70.34)
		 Valid eval after epoch: loss:2.3337	latest_acc:40.26	LR:0.00 -- best valacc 40.68

Started EPOCH:155
[TRAIN] E: [155][ 0/45]	Loss 1.6229e+00 (1.6229e+00)	Acc@1  41.10 ( 41.10)	Acc@5  71.50 ( 71.50)
[TRAIN] E: [155][44/45]	Loss 1.6075e+00 (1.5797e+00)	Acc@1  41.20 ( 41.51)	Acc@5  73.50 ( 71.66)
[EVAL] E: [155][0/5]	Loss 2.3125e+00 (2.3125e+00)	Acc@1  40.40 ( 40.40)	Acc@5  70.30 ( 70.30)
[EVAL] E: [155][4/5]	Loss 2.4881e+00 (2.3433e+00)	Acc@1  37.50 ( 40.12)	Acc@5  67.60 ( 70.02)
		 Valid eval after epoch: loss:2.3433	latest_acc:40.12	LR:0.00 -- best valacc 40.68

Started EPOCH:156
[TRAIN] E: [156][ 0/45]	Loss 1.5870e+00 (1.5870e+00)	Acc@1  43.90 ( 43.90)	Acc@5  72.50 ( 72.50)
[TRAIN] E: [156][44/45]	Loss 1.5667e+00 (1.5772e+00)	Acc@1  40.90 ( 41.60)	Acc@5  69.20 ( 71.04)
[EVAL] E: [156][0/5]	Loss 2.3453e+00 (2.3453e+00)	Acc@1  40.30 ( 40.30)	Acc@5  69.50 ( 69.50)
[EVAL] E: [156][4/5]	Loss 2.4700e+00 (2.3564e+00)	Acc@1  36.10 ( 39.42)	Acc@5  66.40 ( 69.22)
		 Valid eval after epoch: loss:2.3564	latest_acc:39.42	LR:0.00 -- best valacc 40.68

Started EPOCH:157
[TRAIN] E: [157][ 0/45]	Loss 1.5969e+00 (1.5969e+00)	Acc@1  42.10 ( 42.10)	Acc@5  72.30 ( 72.30)
[TRAIN] E: [157][44/45]	Loss 1.5816e+00 (1.5761e+00)	Acc@1  43.30 ( 41.44)	Acc@5  71.90 ( 71.80)
[EVAL] E: [157][0/5]	Loss 2.3267e+00 (2.3267e+00)	Acc@1  39.50 ( 39.50)	Acc@5  69.90 ( 69.90)
[EVAL] E: [157][4/5]	Loss 2.4120e+00 (2.3429e+00)	Acc@1  37.20 ( 39.34)	Acc@5  68.10 ( 70.38)
		 Valid eval after epoch: loss:2.3429	latest_acc:39.34	LR:0.01 -- best valacc 40.68

Started EPOCH:158
[TRAIN] E: [158][ 0/45]	Loss 1.5461e+00 (1.5461e+00)	Acc@1  44.60 ( 44.60)	Acc@5  72.70 ( 72.70)
[TRAIN] E: [158][44/45]	Loss 1.5820e+00 (1.5791e+00)	Acc@1  40.50 ( 41.77)	Acc@5  68.20 ( 71.59)
[EVAL] E: [158][0/5]	Loss 2.4075e+00 (2.4075e+00)	Acc@1  40.10 ( 40.10)	Acc@5  68.30 ( 68.30)
[EVAL] E: [158][4/5]	Loss 2.4604e+00 (2.3668e+00)	Acc@1  38.30 ( 39.68)	Acc@5  67.10 ( 69.38)
		 Valid eval after epoch: loss:2.3668	latest_acc:39.68	LR:0.01 -- best valacc 40.68

Started EPOCH:159
[TRAIN] E: [159][ 0/45]	Loss 1.5663e+00 (1.5663e+00)	Acc@1  41.10 ( 41.10)	Acc@5  71.30 ( 71.30)
[TRAIN] E: [159][44/45]	Loss 1.5341e+00 (1.5881e+00)	Acc@1  38.30 ( 41.33)	Acc@5  69.90 ( 71.19)
[EVAL] E: [159][0/5]	Loss 2.2452e+00 (2.2452e+00)	Acc@1  42.00 ( 42.00)	Acc@5  72.20 ( 72.20)
[EVAL] E: [159][4/5]	Loss 2.5510e+00 (2.4005e+00)	Acc@1  36.10 ( 39.46)	Acc@5  65.30 ( 68.80)
		 Valid eval after epoch: loss:2.4005	latest_acc:39.46	LR:0.01 -- best valacc 40.68

Started EPOCH:160
[TRAIN] E: [160][ 0/45]	Loss 1.5775e+00 (1.5775e+00)	Acc@1  41.70 ( 41.70)	Acc@5  71.10 ( 71.10)
[TRAIN] E: [160][44/45]	Loss 1.6854e+00 (1.5950e+00)	Acc@1  42.20 ( 41.24)	Acc@5  74.90 ( 71.46)
[EVAL] E: [160][0/5]	Loss 2.4212e+00 (2.4212e+00)	Acc@1  38.90 ( 38.90)	Acc@5  68.70 ( 68.70)
[EVAL] E: [160][4/5]	Loss 2.4801e+00 (2.3901e+00)	Acc@1  37.60 ( 39.32)	Acc@5  67.90 ( 69.10)
		 Valid eval after epoch: loss:2.3901	latest_acc:39.32	LR:0.01 -- best valacc 40.68

Started EPOCH:161
[TRAIN] E: [161][ 0/45]	Loss 1.5759e+00 (1.5759e+00)	Acc@1  40.10 ( 40.10)	Acc@5  69.80 ( 69.80)
[TRAIN] E: [161][44/45]	Loss 1.6031e+00 (1.5923e+00)	Acc@1  41.40 ( 41.68)	Acc@5  72.60 ( 71.53)
[EVAL] E: [161][0/5]	Loss 2.4033e+00 (2.4033e+00)	Acc@1  37.30 ( 37.30)	Acc@5  69.20 ( 69.20)
[EVAL] E: [161][4/5]	Loss 2.4628e+00 (2.3795e+00)	Acc@1  37.30 ( 39.82)	Acc@5  68.00 ( 69.52)
		 Valid eval after epoch: loss:2.3795	latest_acc:39.82	LR:0.01 -- best valacc 40.68

Started EPOCH:162
[TRAIN] E: [162][ 0/45]	Loss 1.6590e+00 (1.6590e+00)	Acc@1  42.00 ( 42.00)	Acc@5  71.20 ( 71.20)
[TRAIN] E: [162][44/45]	Loss 1.5944e+00 (1.6060e+00)	Acc@1  41.50 ( 41.15)	Acc@5  71.40 ( 71.31)
[EVAL] E: [162][0/5]	Loss 2.6441e+00 (2.6441e+00)	Acc@1  34.90 ( 34.90)	Acc@5  64.10 ( 64.10)
[EVAL] E: [162][4/5]	Loss 2.6700e+00 (2.6112e+00)	Acc@1  32.90 ( 34.86)	Acc@5  64.50 ( 64.76)
		 Valid eval after epoch: loss:2.6112	latest_acc:34.86	LR:0.02 -- best valacc 40.68

Started EPOCH:163
[TRAIN] E: [163][ 0/45]	Loss 1.5894e+00 (1.5894e+00)	Acc@1  41.30 ( 41.30)	Acc@5  71.70 ( 71.70)
[TRAIN] E: [163][44/45]	Loss 1.6531e+00 (1.6133e+00)	Acc@1  39.30 ( 40.88)	Acc@5  71.70 ( 71.24)
[EVAL] E: [163][0/5]	Loss 2.3958e+00 (2.3958e+00)	Acc@1  38.40 ( 38.40)	Acc@5  68.10 ( 68.10)
[EVAL] E: [163][4/5]	Loss 2.6169e+00 (2.4380e+00)	Acc@1  35.70 ( 38.18)	Acc@5  63.40 ( 67.80)
		 Valid eval after epoch: loss:2.4380	latest_acc:38.18	LR:0.02 -- best valacc 40.68

Started EPOCH:164
[TRAIN] E: [164][ 0/45]	Loss 1.6205e+00 (1.6205e+00)	Acc@1  39.80 ( 39.80)	Acc@5  69.90 ( 69.90)
[TRAIN] E: [164][44/45]	Loss 1.6171e+00 (1.6263e+00)	Acc@1  41.50 ( 41.04)	Acc@5  72.40 ( 71.24)
[EVAL] E: [164][0/5]	Loss 2.6810e+00 (2.6810e+00)	Acc@1  33.80 ( 33.80)	Acc@5  62.50 ( 62.50)
[EVAL] E: [164][4/5]	Loss 2.7206e+00 (2.6746e+00)	Acc@1  32.80 ( 33.86)	Acc@5  62.90 ( 64.06)
		 Valid eval after epoch: loss:2.6746	latest_acc:33.86	LR:0.02 -- best valacc 40.68

Started EPOCH:165
[TRAIN] E: [165][ 0/45]	Loss 1.6854e+00 (1.6854e+00)	Acc@1  41.00 ( 41.00)	Acc@5  71.10 ( 71.10)
[TRAIN] E: [165][44/45]	Loss 1.6162e+00 (1.6261e+00)	Acc@1  42.30 ( 41.06)	Acc@5  70.60 ( 70.93)
[EVAL] E: [165][0/5]	Loss 2.6375e+00 (2.6375e+00)	Acc@1  33.10 ( 33.10)	Acc@5  63.50 ( 63.50)
[EVAL] E: [165][4/5]	Loss 2.7229e+00 (2.6378e+00)	Acc@1  33.20 ( 34.02)	Acc@5  63.80 ( 65.00)
		 Valid eval after epoch: loss:2.6378	latest_acc:34.02	LR:0.02 -- best valacc 40.68

Started EPOCH:166
[TRAIN] E: [166][ 0/45]	Loss 1.6438e+00 (1.6438e+00)	Acc@1  39.40 ( 39.40)	Acc@5  71.90 ( 71.90)
[TRAIN] E: [166][44/45]	Loss 1.6434e+00 (1.6444e+00)	Acc@1  42.30 ( 40.64)	Acc@5  71.80 ( 70.73)
[EVAL] E: [166][0/5]	Loss 2.4683e+00 (2.4683e+00)	Acc@1  38.00 ( 38.00)	Acc@5  67.80 ( 67.80)
[EVAL] E: [166][4/5]	Loss 2.6001e+00 (2.5260e+00)	Acc@1  35.80 ( 36.42)	Acc@5  65.20 ( 67.38)
		 Valid eval after epoch: loss:2.5260	latest_acc:36.42	LR:0.03 -- best valacc 40.68

Started EPOCH:167
[TRAIN] E: [167][ 0/45]	Loss 1.6350e+00 (1.6350e+00)	Acc@1  41.90 ( 41.90)	Acc@5  74.40 ( 74.40)
[TRAIN] E: [167][44/45]	Loss 1.6694e+00 (1.6564e+00)	Acc@1  41.50 ( 40.69)	Acc@5  71.20 ( 70.84)
[EVAL] E: [167][0/5]	Loss 2.5580e+00 (2.5580e+00)	Acc@1  37.00 ( 37.00)	Acc@5  66.10 ( 66.10)
[EVAL] E: [167][4/5]	Loss 2.6946e+00 (2.5760e+00)	Acc@1  32.90 ( 35.42)	Acc@5  62.10 ( 65.66)
		 Valid eval after epoch: loss:2.5760	latest_acc:35.42	LR:0.03 -- best valacc 40.68

Started EPOCH:168
[TRAIN] E: [168][ 0/45]	Loss 1.6740e+00 (1.6740e+00)	Acc@1  43.00 ( 43.00)	Acc@5  72.80 ( 72.80)
[TRAIN] E: [168][44/45]	Loss 1.6466e+00 (1.6487e+00)	Acc@1  41.10 ( 41.01)	Acc@5  70.10 ( 71.00)
[EVAL] E: [168][0/5]	Loss 2.4772e+00 (2.4772e+00)	Acc@1  36.00 ( 36.00)	Acc@5  67.00 ( 67.00)
[EVAL] E: [168][4/5]	Loss 2.5307e+00 (2.5030e+00)	Acc@1  34.70 ( 36.20)	Acc@5  66.40 ( 66.38)
		 Valid eval after epoch: loss:2.5030	latest_acc:36.20	LR:0.03 -- best valacc 40.68

Started EPOCH:169
[TRAIN] E: [169][ 0/45]	Loss 1.6885e+00 (1.6885e+00)	Acc@1  37.30 ( 37.30)	Acc@5  69.20 ( 69.20)
[TRAIN] E: [169][44/45]	Loss 1.6976e+00 (1.6800e+00)	Acc@1  41.50 ( 40.21)	Acc@5  71.30 ( 70.38)
[EVAL] E: [169][0/5]	Loss 2.9956e+00 (2.9956e+00)	Acc@1  28.80 ( 28.80)	Acc@5  58.60 ( 58.60)
[EVAL] E: [169][4/5]	Loss 3.0710e+00 (3.0342e+00)	Acc@1  27.50 ( 29.24)	Acc@5  57.50 ( 57.84)
		 Valid eval after epoch: loss:3.0342	latest_acc:29.24	LR:0.03 -- best valacc 40.68

Started EPOCH:170
[TRAIN] E: [170][ 0/45]	Loss 1.6932e+00 (1.6932e+00)	Acc@1  37.50 ( 37.50)	Acc@5  69.70 ( 69.70)
[TRAIN] E: [170][44/45]	Loss 1.6621e+00 (1.6784e+00)	Acc@1  39.50 ( 39.76)	Acc@5  73.10 ( 70.47)
[EVAL] E: [170][0/5]	Loss 2.5231e+00 (2.5231e+00)	Acc@1  36.20 ( 36.20)	Acc@5  66.80 ( 66.80)
[EVAL] E: [170][4/5]	Loss 2.6022e+00 (2.5106e+00)	Acc@1  33.20 ( 35.82)	Acc@5  63.60 ( 67.04)
		 Valid eval after epoch: loss:2.5106	latest_acc:35.82	LR:0.04 -- best valacc 40.68

Started EPOCH:171
[TRAIN] E: [171][ 0/45]	Loss 1.6952e+00 (1.6952e+00)	Acc@1  41.60 ( 41.60)	Acc@5  72.00 ( 72.00)
[TRAIN] E: [171][44/45]	Loss 1.7048e+00 (1.7004e+00)	Acc@1  42.40 ( 40.35)	Acc@5  71.70 ( 70.30)
[EVAL] E: [171][0/5]	Loss 2.5845e+00 (2.5845e+00)	Acc@1  34.50 ( 34.50)	Acc@5  66.80 ( 66.80)
[EVAL] E: [171][4/5]	Loss 2.7417e+00 (2.6290e+00)	Acc@1  33.70 ( 35.00)	Acc@5  64.30 ( 64.90)
		 Valid eval after epoch: loss:2.6290	latest_acc:35.00	LR:0.04 -- best valacc 40.68

Started EPOCH:172
[TRAIN] E: [172][ 0/45]	Loss 1.6835e+00 (1.6835e+00)	Acc@1  39.80 ( 39.80)	Acc@5  71.60 ( 71.60)
[TRAIN] E: [172][44/45]	Loss 1.7394e+00 (1.7229e+00)	Acc@1  38.80 ( 39.67)	Acc@5  71.00 ( 69.64)
[EVAL] E: [172][0/5]	Loss 2.8862e+00 (2.8862e+00)	Acc@1  31.30 ( 31.30)	Acc@5  59.10 ( 59.10)
[EVAL] E: [172][4/5]	Loss 2.9202e+00 (2.8832e+00)	Acc@1  29.70 ( 30.80)	Acc@5  58.40 ( 59.92)
		 Valid eval after epoch: loss:2.8832	latest_acc:30.80	LR:0.04 -- best valacc 40.68

Started EPOCH:173
[TRAIN] E: [173][ 0/45]	Loss 1.7402e+00 (1.7402e+00)	Acc@1  40.10 ( 40.10)	Acc@5  69.60 ( 69.60)
[TRAIN] E: [173][44/45]	Loss 1.6748e+00 (1.7374e+00)	Acc@1  38.30 ( 39.55)	Acc@5  70.00 ( 69.82)
[EVAL] E: [173][0/5]	Loss 2.5861e+00 (2.5861e+00)	Acc@1  37.50 ( 37.50)	Acc@5  65.30 ( 65.30)
[EVAL] E: [173][4/5]	Loss 2.8199e+00 (2.6536e+00)	Acc@1  32.30 ( 35.52)	Acc@5  62.00 ( 63.86)
		 Valid eval after epoch: loss:2.6536	latest_acc:35.52	LR:0.05 -- best valacc 40.68

Started EPOCH:174
[TRAIN] E: [174][ 0/45]	Loss 1.7165e+00 (1.7165e+00)	Acc@1  41.60 ( 41.60)	Acc@5  70.90 ( 70.90)
[TRAIN] E: [174][44/45]	Loss 1.7489e+00 (1.7397e+00)	Acc@1  42.20 ( 39.63)	Acc@5  69.50 ( 69.54)
[EVAL] E: [174][0/5]	Loss 2.9840e+00 (2.9840e+00)	Acc@1  30.60 ( 30.60)	Acc@5  58.60 ( 58.60)
[EVAL] E: [174][4/5]	Loss 2.9892e+00 (2.9480e+00)	Acc@1  29.70 ( 30.26)	Acc@5  58.50 ( 59.24)
		 Valid eval after epoch: loss:2.9480	latest_acc:30.26	LR:0.05 -- best valacc 40.68

Started EPOCH:175
[TRAIN] E: [175][ 0/45]	Loss 1.7616e+00 (1.7616e+00)	Acc@1  40.20 ( 40.20)	Acc@5  71.60 ( 71.60)
[TRAIN] E: [175][44/45]	Loss 1.8081e+00 (1.7528e+00)	Acc@1  37.50 ( 39.19)	Acc@5  69.30 ( 69.81)
[EVAL] E: [175][0/5]	Loss 2.9931e+00 (2.9931e+00)	Acc@1  30.20 ( 30.20)	Acc@5  61.00 ( 61.00)
[EVAL] E: [175][4/5]	Loss 3.1276e+00 (3.0146e+00)	Acc@1  28.10 ( 30.20)	Acc@5  57.20 ( 59.08)
		 Valid eval after epoch: loss:3.0146	latest_acc:30.20	LR:0.05 -- best valacc 40.68

Started EPOCH:176
[TRAIN] E: [176][ 0/45]	Loss 1.7966e+00 (1.7966e+00)	Acc@1  37.80 ( 37.80)	Acc@5  69.00 ( 69.00)
[TRAIN] E: [176][44/45]	Loss 1.7952e+00 (1.7707e+00)	Acc@1  37.40 ( 39.15)	Acc@5  69.40 ( 69.62)
[EVAL] E: [176][0/5]	Loss 2.8861e+00 (2.8861e+00)	Acc@1  31.20 ( 31.20)	Acc@5  60.00 ( 60.00)
[EVAL] E: [176][4/5]	Loss 3.0342e+00 (2.8808e+00)	Acc@1  29.60 ( 31.58)	Acc@5  57.30 ( 60.34)
		 Valid eval after epoch: loss:2.8808	latest_acc:31.58	LR:0.06 -- best valacc 40.68

Started EPOCH:177
[TRAIN] E: [177][ 0/45]	Loss 1.7258e+00 (1.7258e+00)	Acc@1  39.90 ( 39.90)	Acc@5  72.10 ( 72.10)
[TRAIN] E: [177][44/45]	Loss 1.7797e+00 (1.7747e+00)	Acc@1  40.10 ( 39.46)	Acc@5  69.40 ( 69.46)
[EVAL] E: [177][0/5]	Loss 2.5621e+00 (2.5621e+00)	Acc@1  38.00 ( 38.00)	Acc@5  66.20 ( 66.20)
[EVAL] E: [177][4/5]	Loss 2.7140e+00 (2.6506e+00)	Acc@1  34.10 ( 35.26)	Acc@5  63.70 ( 64.60)
		 Valid eval after epoch: loss:2.6506	latest_acc:35.26	LR:0.06 -- best valacc 40.68

Started EPOCH:178
[TRAIN] E: [178][ 0/45]	Loss 1.7963e+00 (1.7963e+00)	Acc@1  40.60 ( 40.60)	Acc@5  71.80 ( 71.80)
[TRAIN] E: [178][44/45]	Loss 1.7903e+00 (1.7987e+00)	Acc@1  34.10 ( 38.71)	Acc@5  67.20 ( 69.15)
[EVAL] E: [178][0/5]	Loss 2.8962e+00 (2.8962e+00)	Acc@1  31.20 ( 31.20)	Acc@5  60.20 ( 60.20)
[EVAL] E: [178][4/5]	Loss 2.9151e+00 (2.8713e+00)	Acc@1  29.40 ( 31.58)	Acc@5  60.10 ( 60.74)
		 Valid eval after epoch: loss:2.8713	latest_acc:31.58	LR:0.06 -- best valacc 40.68

Started EPOCH:179
[TRAIN] E: [179][ 0/45]	Loss 1.7921e+00 (1.7921e+00)	Acc@1  40.10 ( 40.10)	Acc@5  68.80 ( 68.80)
[TRAIN] E: [179][44/45]	Loss 1.8064e+00 (1.8283e+00)	Acc@1  40.00 ( 38.72)	Acc@5  69.50 ( 68.79)
[EVAL] E: [179][0/5]	Loss 2.7310e+00 (2.7310e+00)	Acc@1  33.00 ( 33.00)	Acc@5  64.70 ( 64.70)
[EVAL] E: [179][4/5]	Loss 2.8400e+00 (2.7428e+00)	Acc@1  30.60 ( 33.50)	Acc@5  60.90 ( 63.34)
		 Valid eval after epoch: loss:2.7428	latest_acc:33.50	LR:0.07 -- best valacc 40.68

Started EPOCH:180
[TRAIN] E: [180][ 0/45]	Loss 1.7547e+00 (1.7547e+00)	Acc@1  39.30 ( 39.30)	Acc@5  68.00 ( 68.00)
[TRAIN] E: [180][44/45]	Loss 1.8237e+00 (1.8062e+00)	Acc@1  41.80 ( 39.13)	Acc@5  71.40 ( 68.99)
[EVAL] E: [180][0/5]	Loss 2.7636e+00 (2.7636e+00)	Acc@1  32.40 ( 32.40)	Acc@5  60.80 ( 60.80)
[EVAL] E: [180][4/5]	Loss 2.8088e+00 (2.7071e+00)	Acc@1  30.20 ( 32.90)	Acc@5  62.00 ( 63.66)
		 Valid eval after epoch: loss:2.7071	latest_acc:32.90	LR:0.07 -- best valacc 40.68

Started EPOCH:181
[TRAIN] E: [181][ 0/45]	Loss 1.7904e+00 (1.7904e+00)	Acc@1  40.70 ( 40.70)	Acc@5  71.80 ( 71.80)
[TRAIN] E: [181][44/45]	Loss 1.8791e+00 (1.8356e+00)	Acc@1  39.20 ( 38.45)	Acc@5  68.70 ( 68.72)
[EVAL] E: [181][0/5]	Loss 2.9373e+00 (2.9373e+00)	Acc@1  31.50 ( 31.50)	Acc@5  60.50 ( 60.50)
[EVAL] E: [181][4/5]	Loss 3.0753e+00 (2.9595e+00)	Acc@1  28.00 ( 30.38)	Acc@5  57.60 ( 60.06)
		 Valid eval after epoch: loss:2.9595	latest_acc:30.38	LR:0.07 -- best valacc 40.68

Started EPOCH:182
[TRAIN] E: [182][ 0/45]	Loss 1.7987e+00 (1.7987e+00)	Acc@1  37.60 ( 37.60)	Acc@5  68.20 ( 68.20)
[TRAIN] E: [182][44/45]	Loss 1.9131e+00 (1.8435e+00)	Acc@1  41.40 ( 38.21)	Acc@5  70.20 ( 68.26)
[EVAL] E: [182][0/5]	Loss 3.2128e+00 (3.2128e+00)	Acc@1  28.30 ( 28.30)	Acc@5  58.10 ( 58.10)
[EVAL] E: [182][4/5]	Loss 3.3027e+00 (3.2310e+00)	Acc@1  29.10 ( 28.24)	Acc@5  54.90 ( 57.36)
		 Valid eval after epoch: loss:3.2310	latest_acc:28.24	LR:0.07 -- best valacc 40.68

Started EPOCH:183
[TRAIN] E: [183][ 0/45]	Loss 1.8323e+00 (1.8323e+00)	Acc@1  39.00 ( 39.00)	Acc@5  69.00 ( 69.00)
[TRAIN] E: [183][44/45]	Loss 1.8887e+00 (1.8454e+00)	Acc@1  39.70 ( 38.47)	Acc@5  70.60 ( 68.74)
[EVAL] E: [183][0/5]	Loss 2.7836e+00 (2.7836e+00)	Acc@1  32.20 ( 32.20)	Acc@5  63.50 ( 63.50)
[EVAL] E: [183][4/5]	Loss 2.9288e+00 (2.8050e+00)	Acc@1  29.50 ( 32.46)	Acc@5  59.70 ( 62.10)
		 Valid eval after epoch: loss:2.8050	latest_acc:32.46	LR:0.08 -- best valacc 40.68

Started EPOCH:184
[TRAIN] E: [184][ 0/45]	Loss 1.8956e+00 (1.8956e+00)	Acc@1  37.80 ( 37.80)	Acc@5  69.60 ( 69.60)
[TRAIN] E: [184][44/45]	Loss 1.8246e+00 (1.8544e+00)	Acc@1  37.30 ( 38.11)	Acc@5  68.10 ( 68.27)
[EVAL] E: [184][0/5]	Loss 2.8680e+00 (2.8680e+00)	Acc@1  30.90 ( 30.90)	Acc@5  61.10 ( 61.10)
[EVAL] E: [184][4/5]	Loss 2.9352e+00 (2.8362e+00)	Acc@1  30.20 ( 31.32)	Acc@5  60.70 ( 61.50)
		 Valid eval after epoch: loss:2.8362	latest_acc:31.32	LR:0.08 -- best valacc 40.68

Started EPOCH:185
[TRAIN] E: [185][ 0/45]	Loss 1.9464e+00 (1.9464e+00)	Acc@1  36.20 ( 36.20)	Acc@5  67.60 ( 67.60)
[TRAIN] E: [185][44/45]	Loss 1.8553e+00 (1.8840e+00)	Acc@1  38.00 ( 38.05)	Acc@5  67.40 ( 68.35)
[EVAL] E: [185][0/5]	Loss 2.9785e+00 (2.9785e+00)	Acc@1  32.20 ( 32.20)	Acc@5  60.40 ( 60.40)
[EVAL] E: [185][4/5]	Loss 3.1533e+00 (3.0460e+00)	Acc@1  27.90 ( 30.58)	Acc@5  57.90 ( 59.56)
		 Valid eval after epoch: loss:3.0460	latest_acc:30.58	LR:0.08 -- best valacc 40.68

Started EPOCH:186
[TRAIN] E: [186][ 0/45]	Loss 1.9335e+00 (1.9335e+00)	Acc@1  36.20 ( 36.20)	Acc@5  66.30 ( 66.30)
[TRAIN] E: [186][44/45]	Loss 1.8715e+00 (1.8628e+00)	Acc@1  36.60 ( 38.11)	Acc@5  66.50 ( 68.38)
[EVAL] E: [186][0/5]	Loss 2.7747e+00 (2.7747e+00)	Acc@1  34.30 ( 34.30)	Acc@5  60.90 ( 60.90)
[EVAL] E: [186][4/5]	Loss 3.0935e+00 (2.9039e+00)	Acc@1  25.70 ( 30.56)	Acc@5  57.60 ( 59.40)
		 Valid eval after epoch: loss:2.9039	latest_acc:30.56	LR:0.08 -- best valacc 40.68

Started EPOCH:187
[TRAIN] E: [187][ 0/45]	Loss 1.9129e+00 (1.9129e+00)	Acc@1  35.40 ( 35.40)	Acc@5  68.00 ( 68.00)
[TRAIN] E: [187][44/45]	Loss 1.9497e+00 (1.8751e+00)	Acc@1  35.60 ( 38.12)	Acc@5  70.20 ( 68.21)
[EVAL] E: [187][0/5]	Loss 2.6897e+00 (2.6897e+00)	Acc@1  33.30 ( 33.30)	Acc@5  64.10 ( 64.10)
[EVAL] E: [187][4/5]	Loss 2.8763e+00 (2.7820e+00)	Acc@1  29.80 ( 31.86)	Acc@5  59.00 ( 61.54)
		 Valid eval after epoch: loss:2.7820	latest_acc:31.86	LR:0.09 -- best valacc 40.68

Started EPOCH:188
[TRAIN] E: [188][ 0/45]	Loss 1.8665e+00 (1.8665e+00)	Acc@1  40.80 ( 40.80)	Acc@5  71.40 ( 71.40)
[TRAIN] E: [188][44/45]	Loss 1.7394e+00 (1.8558e+00)	Acc@1  38.00 ( 38.02)	Acc@5  67.90 ( 68.63)
[EVAL] E: [188][0/5]	Loss 3.1029e+00 (3.1029e+00)	Acc@1  28.40 ( 28.40)	Acc@5  56.50 ( 56.50)
[EVAL] E: [188][4/5]	Loss 3.2280e+00 (3.0415e+00)	Acc@1  27.90 ( 29.76)	Acc@5  56.00 ( 58.30)
		 Valid eval after epoch: loss:3.0415	latest_acc:29.76	LR:0.09 -- best valacc 40.68

Started EPOCH:189
[TRAIN] E: [189][ 0/45]	Loss 1.8540e+00 (1.8540e+00)	Acc@1  35.10 ( 35.10)	Acc@5  66.60 ( 66.60)
[TRAIN] E: [189][44/45]	Loss 1.7914e+00 (1.8740e+00)	Acc@1  37.30 ( 37.76)	Acc@5  68.80 ( 68.08)
[EVAL] E: [189][0/5]	Loss 2.8803e+00 (2.8803e+00)	Acc@1  30.50 ( 30.50)	Acc@5  60.70 ( 60.70)
[EVAL] E: [189][4/5]	Loss 3.0272e+00 (2.9140e+00)	Acc@1  27.70 ( 30.28)	Acc@5  57.70 ( 59.68)
		 Valid eval after epoch: loss:2.9140	latest_acc:30.28	LR:0.09 -- best valacc 40.68

Started EPOCH:190
[TRAIN] E: [190][ 0/45]	Loss 1.8029e+00 (1.8029e+00)	Acc@1  36.50 ( 36.50)	Acc@5  69.50 ( 69.50)
[TRAIN] E: [190][44/45]	Loss 1.8211e+00 (1.8890e+00)	Acc@1  37.70 ( 37.88)	Acc@5  68.70 ( 68.23)
[EVAL] E: [190][0/5]	Loss 3.2361e+00 (3.2361e+00)	Acc@1  27.60 ( 27.60)	Acc@5  54.70 ( 54.70)
[EVAL] E: [190][4/5]	Loss 3.3398e+00 (3.2166e+00)	Acc@1  27.10 ( 26.72)	Acc@5  53.00 ( 56.24)
		 Valid eval after epoch: loss:3.2166	latest_acc:26.72	LR:0.09 -- best valacc 40.68

Started EPOCH:191
[TRAIN] E: [191][ 0/45]	Loss 1.8841e+00 (1.8841e+00)	Acc@1  38.90 ( 38.90)	Acc@5  68.30 ( 68.30)
[TRAIN] E: [191][44/45]	Loss 1.9067e+00 (1.8956e+00)	Acc@1  36.70 ( 37.57)	Acc@5  67.30 ( 67.87)
[EVAL] E: [191][0/5]	Loss 2.9278e+00 (2.9278e+00)	Acc@1  30.30 ( 30.30)	Acc@5  58.60 ( 58.60)
[EVAL] E: [191][4/5]	Loss 3.1347e+00 (3.0125e+00)	Acc@1  28.70 ( 29.04)	Acc@5  55.90 ( 57.42)
		 Valid eval after epoch: loss:3.0125	latest_acc:29.04	LR:0.09 -- best valacc 40.68

Started EPOCH:192
[TRAIN] E: [192][ 0/45]	Loss 1.8645e+00 (1.8645e+00)	Acc@1  36.80 ( 36.80)	Acc@5  68.00 ( 68.00)
[TRAIN] E: [192][44/45]	Loss 1.8254e+00 (1.9029e+00)	Acc@1  36.80 ( 37.35)	Acc@5  66.80 ( 67.39)
[EVAL] E: [192][0/5]	Loss 3.2318e+00 (3.2318e+00)	Acc@1  27.20 ( 27.20)	Acc@5  58.10 ( 58.10)
[EVAL] E: [192][4/5]	Loss 3.4044e+00 (3.2963e+00)	Acc@1  26.00 ( 26.40)	Acc@5  54.90 ( 56.12)
		 Valid eval after epoch: loss:3.2963	latest_acc:26.40	LR:0.10 -- best valacc 40.68

Started EPOCH:193
[TRAIN] E: [193][ 0/45]	Loss 1.8487e+00 (1.8487e+00)	Acc@1  39.40 ( 39.40)	Acc@5  67.90 ( 67.90)
[TRAIN] E: [193][44/45]	Loss 1.8584e+00 (1.8832e+00)	Acc@1  37.90 ( 37.63)	Acc@5  68.30 ( 67.89)
[EVAL] E: [193][0/5]	Loss 2.6911e+00 (2.6911e+00)	Acc@1  34.50 ( 34.50)	Acc@5  64.10 ( 64.10)
[EVAL] E: [193][4/5]	Loss 2.9164e+00 (2.8219e+00)	Acc@1  30.60 ( 32.42)	Acc@5  59.90 ( 61.86)
		 Valid eval after epoch: loss:2.8219	latest_acc:32.42	LR:0.10 -- best valacc 40.68

Started EPOCH:194
[TRAIN] E: [194][ 0/45]	Loss 1.8716e+00 (1.8716e+00)	Acc@1  39.50 ( 39.50)	Acc@5  70.50 ( 70.50)
[TRAIN] E: [194][44/45]	Loss 1.8676e+00 (1.8905e+00)	Acc@1  38.90 ( 37.87)	Acc@5  67.00 ( 68.02)
[EVAL] E: [194][0/5]	Loss 3.5435e+00 (3.5435e+00)	Acc@1  26.00 ( 26.00)	Acc@5  55.40 ( 55.40)
[EVAL] E: [194][4/5]	Loss 3.6810e+00 (3.5962e+00)	Acc@1  25.00 ( 25.84)	Acc@5  53.00 ( 54.96)
		 Valid eval after epoch: loss:3.5962	latest_acc:25.84	LR:0.10 -- best valacc 40.68

Started EPOCH:195
[TRAIN] E: [195][ 0/45]	Loss 1.9481e+00 (1.9481e+00)	Acc@1  36.90 ( 36.90)	Acc@5  67.10 ( 67.10)
[TRAIN] E: [195][44/45]	Loss 1.9644e+00 (1.8950e+00)	Acc@1  35.70 ( 38.06)	Acc@5  65.50 ( 68.06)
[EVAL] E: [195][0/5]	Loss 2.8170e+00 (2.8170e+00)	Acc@1  28.60 ( 28.60)	Acc@5  60.50 ( 60.50)
[EVAL] E: [195][4/5]	Loss 2.8713e+00 (2.8332e+00)	Acc@1  29.50 ( 30.16)	Acc@5  60.10 ( 60.92)
		 Valid eval after epoch: loss:2.8332	latest_acc:30.16	LR:0.10 -- best valacc 40.68

Started EPOCH:196
[TRAIN] E: [196][ 0/45]	Loss 1.8032e+00 (1.8032e+00)	Acc@1  39.30 ( 39.30)	Acc@5  71.10 ( 71.10)
[TRAIN] E: [196][44/45]	Loss 1.9195e+00 (1.9028e+00)	Acc@1  38.10 ( 37.76)	Acc@5  68.20 ( 67.92)
[EVAL] E: [196][0/5]	Loss 2.9474e+00 (2.9474e+00)	Acc@1  28.90 ( 28.90)	Acc@5  61.90 ( 61.90)
[EVAL] E: [196][4/5]	Loss 3.0515e+00 (2.9772e+00)	Acc@1  27.70 ( 29.94)	Acc@5  57.20 ( 59.56)
		 Valid eval after epoch: loss:2.9772	latest_acc:29.94	LR:0.10 -- best valacc 40.68

Started EPOCH:197
[TRAIN] E: [197][ 0/45]	Loss 1.8279e+00 (1.8279e+00)	Acc@1  37.00 ( 37.00)	Acc@5  67.60 ( 67.60)
[TRAIN] E: [197][44/45]	Loss 1.8410e+00 (1.8721e+00)	Acc@1  38.00 ( 38.18)	Acc@5  68.80 ( 68.07)
[EVAL] E: [197][0/5]	Loss 3.2491e+00 (3.2491e+00)	Acc@1  29.20 ( 29.20)	Acc@5  56.00 ( 56.00)
[EVAL] E: [197][4/5]	Loss 3.3870e+00 (3.2606e+00)	Acc@1  26.50 ( 27.98)	Acc@5  54.90 ( 56.52)
		 Valid eval after epoch: loss:3.2606	latest_acc:27.98	LR:0.10 -- best valacc 40.68

Started EPOCH:198
[TRAIN] E: [198][ 0/45]	Loss 1.8384e+00 (1.8384e+00)	Acc@1  40.90 ( 40.90)	Acc@5  68.70 ( 68.70)
[TRAIN] E: [198][44/45]	Loss 1.8713e+00 (1.8657e+00)	Acc@1  38.70 ( 38.04)	Acc@5  69.90 ( 68.13)
[EVAL] E: [198][0/5]	Loss 3.2572e+00 (3.2572e+00)	Acc@1  29.40 ( 29.40)	Acc@5  54.80 ( 54.80)
[EVAL] E: [198][4/5]	Loss 3.3574e+00 (3.2765e+00)	Acc@1  26.90 ( 28.08)	Acc@5  53.60 ( 54.70)
		 Valid eval after epoch: loss:3.2765	latest_acc:28.08	LR:0.10 -- best valacc 40.68

Started EPOCH:199
[TRAIN] E: [199][ 0/45]	Loss 1.8515e+00 (1.8515e+00)	Acc@1  39.10 ( 39.10)	Acc@5  66.60 ( 66.60)
[TRAIN] E: [199][44/45]	Loss 1.8974e+00 (1.8657e+00)	Acc@1  37.90 ( 38.23)	Acc@5  67.40 ( 68.17)
[EVAL] E: [199][0/5]	Loss 2.7905e+00 (2.7905e+00)	Acc@1  34.20 ( 34.20)	Acc@5  62.30 ( 62.30)
[EVAL] E: [199][4/5]	Loss 2.8859e+00 (2.7881e+00)	Acc@1  30.40 ( 32.36)	Acc@5  57.90 ( 61.24)
		 Valid eval after epoch: loss:2.7881	latest_acc:32.36	LR:0.10 -- best valacc 40.68
***[2023-05-09 17:19:38]*** [Post-train] [Student] Test loss = 1.745822, accuracy@1 = 53.78, accuracy@5 = 82.97, error@1 = 46.22, error@5 = 17.03
Result is from best val model of epoch:145
