Main Function with logger : Logger(dir=kd_results, use-tf=False, writer=None)
Arguments : -------------------------------
batch_size       : 800
class_num        : 100
cutout_length    : 16
data_path        : /home/prathamesh/code/data/cifar/
dataset          : cifar100
epochs           : 200
eval_batch_size  : 800
global_rand_seed : -1
label            : KD0.9
loss_kd_frac     : 0.9
lr               : 0.1
model_name       : ResNet10_s
momentum         : 0.9
pretrained_student : True
print_freq       : 100
print_freq_eval  : 100
rand_seed        : 6
save_dir         : ./kd_results/
wd               : 0.0005
workers          : 8
Python  Version  : 3.7.12 | packaged by conda-forge | (default, Oct 26 2021, 06:08:21)  [GCC 9.4.0]
Pillow  Version  : 9.2.0
PyTorch Version  : 1.13.1
cuDNN   Version  : 8500
CUDA available   : True
CUDA GPU numbers : 1
CUDA_VISIBLE_DEVICES : 0
using pretrained student model from
model information : EfficientNetV2_s (CIFAR)
--------------------------------------------------
[Student]Params=0.08 MB, FLOPs=4.16 M ... = 0.00 G
--------------------------------------------------
train_data : Dataset CIFAR100
    Number of datapoints: 50000
    Root location: /home/prathamesh/code/data/cifar/
    Split: Train
    StandardTransform
Transform: Compose(
               RandomCrop(size=(32, 32), padding=4)
               RandomHorizontalFlip(p=0.5)
               AutoAugment CIFAR10 Policy
               ToTensor()
               CUTOUT(length=16)
               Normalize(mean=[0.5070588235294118, 0.48666666666666664, 0.4407843137254902], std=[0.26745098039215687, 0.2564705882352941, 0.27607843137254906])
           )
valid_data : Dataset CIFAR100
    Number of datapoints: 10000
    Root location: /home/prathamesh/code/data/cifar/
    Split: Test
    StandardTransform
Transform: Compose(
               ToTensor()
               Normalize(mean=[0.5070588235294118, 0.48666666666666664, 0.4407843137254902], std=[0.26745098039215687, 0.2564705882352941, 0.27607843137254906])
           )
Train Epoch:0

[TRAIN] E: [0][ 0/63]	Loss 2.2431e+00 (2.2431e+00)	Acc@1  40.75 ( 40.75)	Acc@5  71.25 ( 71.25)
[TRAIN] E: [0][62/63]	Loss 2.1953e+00 (2.4293e+00)	Acc@1  39.00 ( 37.80)	Acc@5  71.75 ( 68.18)
[EVAL] E: [0][ 0/13]	Loss 1.8500e+00 (1.8500e+00)	Acc@1  50.75 ( 50.75)	Acc@5  81.62 ( 81.62)
[EVAL] E: [0][12/13]	Loss 1.8569e+00 (1.8598e+00)	Acc@1  49.75 ( 50.78)	Acc@5  81.75 ( 81.10)
		 LR=0.015772644703565562 -- best acc so far 50.78
Train Epoch:1

[TRAIN] E: [1][ 0/63]	Loss 2.2569e+00 (2.2569e+00)	Acc@1  38.12 ( 38.12)	Acc@5  69.12 ( 69.12)
[TRAIN] E: [1][62/63]	Loss 2.3583e+00 (2.4256e+00)	Acc@1  40.75 ( 37.14)	Acc@5  71.25 ( 67.98)
[EVAL] E: [1][ 0/13]	Loss 2.2747e+00 (2.2747e+00)	Acc@1  47.50 ( 47.50)	Acc@5  74.12 ( 74.12)
[EVAL] E: [1][12/13]	Loss 2.3006e+00 (2.2463e+00)	Acc@1  43.00 ( 44.65)	Acc@5  74.25 ( 75.30)
		 LR=0.046860474023534326 -- best acc so far 50.78
Train Epoch:2

[TRAIN] E: [2][ 0/63]	Loss 2.4264e+00 (2.4264e+00)	Acc@1  37.25 ( 37.25)	Acc@5  69.25 ( 69.25)
[TRAIN] E: [2][62/63]	Loss 2.2739e+00 (2.2542e+00)	Acc@1  40.25 ( 38.88)	Acc@5  69.00 ( 69.26)
[EVAL] E: [2][ 0/13]	Loss 2.6417e+00 (2.6417e+00)	Acc@1  44.12 ( 44.12)	Acc@5  70.62 ( 70.62)
[EVAL] E: [2][12/13]	Loss 2.4773e+00 (2.5838e+00)	Acc@1  44.00 ( 41.85)	Acc@5  72.00 ( 72.64)
		 LR=0.08852566213878951 -- best acc so far 50.78
Train Epoch:3

[TRAIN] E: [3][ 0/63]	Loss 2.2762e+00 (2.2762e+00)	Acc@1  38.88 ( 38.88)	Acc@5  67.38 ( 67.38)
[TRAIN] E: [3][62/63]	Loss 2.3680e+00 (2.5611e+00)	Acc@1  35.50 ( 35.28)	Acc@5  65.50 ( 65.28)
[EVAL] E: [3][ 0/13]	Loss 1.9079e+00 (1.9079e+00)	Acc@1  52.62 ( 52.62)	Acc@5  80.25 ( 80.25)
[EVAL] E: [3][12/13]	Loss 1.8567e+00 (1.8940e+00)	Acc@1  49.25 ( 50.45)	Acc@5  80.75 ( 81.11)
		 LR=0.0003942649342761118 -- best acc so far 50.78
Train Epoch:4

[TRAIN] E: [4][ 0/63]	Loss 2.3068e+00 (2.3068e+00)	Acc@1  36.62 ( 36.62)	Acc@5  67.88 ( 67.88)
[TRAIN] E: [4][62/63]	Loss 2.5372e+00 (2.4126e+00)	Acc@1  35.50 ( 36.98)	Acc@5  67.25 ( 67.23)
[EVAL] E: [4][ 0/13]	Loss 2.6264e+00 (2.6264e+00)	Acc@1  43.62 ( 43.62)	Acc@5  71.25 ( 71.25)
[EVAL] E: [4][12/13]	Loss 2.6330e+00 (2.6025e+00)	Acc@1  38.50 ( 41.22)	Acc@5  73.75 ( 73.35)
		 LR=0.07938926261462369 -- best acc so far 50.78
Train Epoch:5

[TRAIN] E: [5][ 0/63]	Loss 2.3856e+00 (2.3856e+00)	Acc@1  38.38 ( 38.38)	Acc@5  67.88 ( 67.88)
[TRAIN] E: [5][62/63]	Loss 2.2122e+00 (2.3015e+00)	Acc@1  41.25 ( 38.15)	Acc@5  70.75 ( 68.69)
[EVAL] E: [5][ 0/13]	Loss 2.3259e+00 (2.3259e+00)	Acc@1  47.00 ( 47.00)	Acc@5  75.88 ( 75.88)
[EVAL] E: [5][12/13]	Loss 2.4253e+00 (2.3248e+00)	Acc@1  47.50 ( 45.95)	Acc@5  75.50 ( 76.55)
		 LR=0.0593690657292896 -- best acc so far 50.78
Train Epoch:6

[TRAIN] E: [6][ 0/63]	Loss 2.2175e+00 (2.2175e+00)	Acc@1  38.00 ( 38.00)	Acc@5  66.38 ( 66.38)
[TRAIN] E: [6][62/63]	Loss 2.3099e+00 (2.3874e+00)	Acc@1  35.25 ( 36.83)	Acc@5  67.25 ( 67.52)
[EVAL] E: [6][ 0/13]	Loss 2.0009e+00 (2.0009e+00)	Acc@1  51.75 ( 51.75)	Acc@5  78.88 ( 78.88)
[EVAL] E: [6][12/13]	Loss 1.9672e+00 (1.9546e+00)	Acc@1  48.75 ( 49.94)	Acc@5  81.00 ( 79.96)
		 LR=0.0077836037248997314 -- best acc so far 50.78
Train Epoch:7

[TRAIN] E: [7][ 0/63]	Loss 2.2113e+00 (2.2113e+00)	Acc@1  39.12 ( 39.12)	Acc@5  70.75 ( 70.75)
[TRAIN] E: [7][62/63]	Loss 2.4333e+00 (2.2586e+00)	Acc@1  34.50 ( 38.87)	Acc@5  64.00 ( 69.18)
[EVAL] E: [7][ 0/13]	Loss 2.6126e+00 (2.6126e+00)	Acc@1  43.38 ( 43.38)	Acc@5  73.62 ( 73.62)
[EVAL] E: [7][12/13]	Loss 2.6510e+00 (2.5632e+00)	Acc@1  40.75 ( 41.82)	Acc@5  72.00 ( 74.07)
		 LR=0.09842915805642606 -- best acc so far 50.78
Train Epoch:8

[TRAIN] E: [8][ 0/63]	Loss 2.4544e+00 (2.4544e+00)	Acc@1  37.00 ( 37.00)	Acc@5  67.50 ( 67.50)
[TRAIN] E: [8][62/63]	Loss 2.1690e+00 (2.3039e+00)	Acc@1  39.50 ( 38.00)	Acc@5  70.25 ( 68.20)
[EVAL] E: [8][ 0/13]	Loss 1.9688e+00 (1.9688e+00)	Acc@1  50.62 ( 50.62)	Acc@5  78.62 ( 78.62)
[EVAL] E: [8][12/13]	Loss 1.9353e+00 (1.9327e+00)	Acc@1  49.00 ( 49.74)	Acc@5  79.25 ( 80.37)
		 LR=0.025912316294915687 -- best acc so far 50.78
Train Epoch:9

[TRAIN] E: [9][ 0/63]	Loss 2.1152e+00 (2.1152e+00)	Acc@1  39.50 ( 39.50)	Acc@5  70.12 ( 70.12)
[TRAIN] E: [9][62/63]	Loss 2.1994e+00 (2.3244e+00)	Acc@1  43.50 ( 38.07)	Acc@5  75.50 ( 68.23)
[EVAL] E: [9][ 0/13]	Loss 2.1176e+00 (2.1176e+00)	Acc@1  50.00 ( 50.00)	Acc@5  77.62 ( 77.62)
[EVAL] E: [9][12/13]	Loss 2.0641e+00 (2.0766e+00)	Acc@1  47.00 ( 48.87)	Acc@5  80.25 ( 78.98)
		 LR=0.03454915028125445 -- best acc so far 50.78
Train Epoch:10

[TRAIN] E: [10][ 0/63]	Loss 2.2852e+00 (2.2852e+00)	Acc@1  39.62 ( 39.62)	Acc@5  70.12 ( 70.12)
[TRAIN] E: [10][62/63]	Loss 2.3840e+00 (2.2023e+00)	Acc@1  37.00 ( 39.27)	Acc@5  62.75 ( 69.54)
[EVAL] E: [10][ 0/13]	Loss 2.6923e+00 (2.6923e+00)	Acc@1  42.12 ( 42.12)	Acc@5  70.62 ( 70.62)
[EVAL] E: [10][12/13]	Loss 2.5709e+00 (2.6655e+00)	Acc@1  40.50 ( 40.82)	Acc@5  71.25 ( 71.83)
		 LR=0.09524135262330631 -- best acc so far 50.78
Train Epoch:11

[TRAIN] E: [11][ 0/63]	Loss 2.3911e+00 (2.3911e+00)	Acc@1  36.50 ( 36.50)	Acc@5  67.12 ( 67.12)
[TRAIN] E: [11][62/63]	Loss 2.1198e+00 (2.2962e+00)	Acc@1  41.00 ( 38.03)	Acc@5  68.75 ( 68.36)
[EVAL] E: [11][ 0/13]	Loss 1.8675e+00 (1.8675e+00)	Acc@1  52.12 ( 52.12)	Acc@5  82.50 ( 82.50)
[EVAL] E: [11][12/13]	Loss 1.8684e+00 (1.8438e+00)	Acc@1  50.00 ( 51.67)	Acc@5  82.25 ( 82.08)
		 LR=0.0035111757055876196 -- best acc so far 51.67
Train Epoch:12

[TRAIN] E: [12][ 0/63]	Loss 2.0340e+00 (2.0340e+00)	Acc@1  40.75 ( 40.75)	Acc@5  68.75 ( 68.75)
[TRAIN] E: [12][62/63]	Loss 2.3632e+00 (2.2502e+00)	Acc@1  39.00 ( 38.68)	Acc@5  67.50 ( 69.04)
[EVAL] E: [12][ 0/13]	Loss 2.3859e+00 (2.3859e+00)	Acc@1  45.38 ( 45.38)	Acc@5  75.38 ( 75.38)
[EVAL] E: [12][12/13]	Loss 2.4001e+00 (2.4081e+00)	Acc@1  45.75 ( 44.19)	Acc@5  75.25 ( 75.56)
		 LR=0.06840622763423766 -- best acc so far 51.67
Train Epoch:13

[TRAIN] E: [13][ 0/63]	Loss 2.2007e+00 (2.2007e+00)	Acc@1  40.00 ( 40.00)	Acc@5  69.00 ( 69.00)
[TRAIN] E: [13][62/63]	Loss 2.2127e+00 (2.1795e+00)	Acc@1  37.50 ( 39.71)	Acc@5  65.00 ( 69.82)
[EVAL] E: [13][ 0/13]	Loss 1.9825e+00 (1.9825e+00)	Acc@1  49.50 ( 49.50)	Acc@5  79.12 ( 79.12)
[EVAL] E: [13][12/13]	Loss 2.0637e+00 (2.0161e+00)	Acc@1  46.50 ( 48.23)	Acc@5  79.75 ( 79.11)
		 LR=0.07128896457825751 -- best acc so far 51.67
Train Epoch:14

[TRAIN] E: [14][ 0/63]	Loss 2.2468e+00 (2.2468e+00)	Acc@1  41.62 ( 41.62)	Acc@5  72.12 ( 72.12)
[TRAIN] E: [14][62/63]	Loss 2.2359e+00 (2.2841e+00)	Acc@1  44.25 ( 38.40)	Acc@5  67.75 ( 68.40)
[EVAL] E: [14][ 0/13]	Loss 1.8729e+00 (1.8729e+00)	Acc@1  52.00 ( 52.00)	Acc@5  80.50 ( 80.50)
[EVAL] E: [14][12/13]	Loss 1.8678e+00 (1.8557e+00)	Acc@1  51.00 ( 51.67)	Acc@5  81.75 ( 81.52)
		 LR=0.002447174185242578 -- best acc so far 51.67
Train Epoch:15

[TRAIN] E: [15][ 0/63]	Loss 2.2119e+00 (2.2119e+00)	Acc@1  37.12 ( 37.12)	Acc@5  67.12 ( 67.12)
[TRAIN] E: [15][62/63]	Loss 2.2743e+00 (2.1831e+00)	Acc@1  41.50 ( 39.33)	Acc@5  65.75 ( 69.38)
[EVAL] E: [15][ 0/13]	Loss 2.6078e+00 (2.6078e+00)	Acc@1  40.00 ( 40.00)	Acc@5  70.88 ( 70.88)
[EVAL] E: [15][12/13]	Loss 2.5920e+00 (2.5296e+00)	Acc@1  38.50 ( 41.00)	Acc@5  69.50 ( 72.29)
		 LR=0.09381533400220368 -- best acc so far 51.67
Train Epoch:16

[TRAIN] E: [16][ 0/63]	Loss 2.3225e+00 (2.3225e+00)	Acc@1  36.88 ( 36.88)	Acc@5  67.88 ( 67.88)
[TRAIN] E: [16][62/63]	Loss 2.1180e+00 (2.2086e+00)	Acc@1  40.25 ( 38.87)	Acc@5  72.00 ( 69.21)
[EVAL] E: [16][ 0/13]	Loss 1.9139e+00 (1.9139e+00)	Acc@1  51.12 ( 51.12)	Acc@5  80.25 ( 80.25)
[EVAL] E: [16][12/13]	Loss 1.9776e+00 (1.9101e+00)	Acc@1  51.25 ( 50.89)	Acc@5  81.75 ( 81.07)
		 LR=0.037565505641769775 -- best acc so far 51.67
Train Epoch:17

[TRAIN] E: [17][ 0/63]	Loss 2.1166e+00 (2.1166e+00)	Acc@1  41.12 ( 41.12)	Acc@5  72.00 ( 72.00)
[TRAIN] E: [17][62/63]	Loss 2.1114e+00 (2.2598e+00)	Acc@1  39.00 ( 38.35)	Acc@5  68.50 ( 68.49)
[EVAL] E: [17][ 0/13]	Loss 2.0547e+00 (2.0547e+00)	Acc@1  51.75 ( 51.75)	Acc@5  78.25 ( 78.25)
[EVAL] E: [17][12/13]	Loss 2.0853e+00 (2.0235e+00)	Acc@1  47.25 ( 48.99)	Acc@5  80.00 ( 79.63)
		 LR=0.02320866025105802 -- best acc so far 51.67
Train Epoch:18

[TRAIN] E: [18][ 0/63]	Loss 2.1083e+00 (2.1083e+00)	Acc@1  40.25 ( 40.25)	Acc@5  71.62 ( 71.62)
[TRAIN] E: [18][62/63]	Loss 2.3545e+00 (2.1696e+00)	Acc@1  38.00 ( 39.39)	Acc@5  65.50 ( 69.81)
[EVAL] E: [18][ 0/13]	Loss 2.3967e+00 (2.3967e+00)	Acc@1  45.38 ( 45.38)	Acc@5  74.50 ( 74.50)
[EVAL] E: [18][12/13]	Loss 2.2790e+00 (2.3864e+00)	Acc@1  43.50 ( 43.78)	Acc@5  77.25 ( 75.41)
		 LR=0.09911436253644548 -- best acc so far 51.67
Train Epoch:19

[TRAIN] E: [19][ 0/63]	Loss 2.2217e+00 (2.2217e+00)	Acc@1  39.12 ( 39.12)	Acc@5  69.50 ( 69.50)
[TRAIN] E: [19][62/63]	Loss 2.1094e+00 (2.2276e+00)	Acc@1  38.75 ( 38.73)	Acc@5  71.00 ( 68.81)
[EVAL] E: [19][ 0/13]	Loss 1.8567e+00 (1.8567e+00)	Acc@1  52.12 ( 52.12)	Acc@5  81.25 ( 81.25)
[EVAL] E: [19][12/13]	Loss 1.8059e+00 (1.8340e+00)	Acc@1  55.00 ( 52.13)	Acc@5  82.25 ( 82.05)
		 LR=0.009549150281255973 -- best acc so far 52.13
Train Epoch:20

[TRAIN] E: [20][ 0/63]	Loss 2.1600e+00 (2.1600e+00)	Acc@1  39.38 ( 39.38)	Acc@5  68.25 ( 68.25)
[TRAIN] E: [20][62/63]	Loss 2.2414e+00 (2.2182e+00)	Acc@1  35.50 ( 39.08)	Acc@5  67.00 ( 69.30)
[EVAL] E: [20][ 0/13]	Loss 2.2319e+00 (2.2319e+00)	Acc@1  49.25 ( 49.25)	Acc@5  77.12 ( 77.12)
[EVAL] E: [20][12/13]	Loss 2.3650e+00 (2.2404e+00)	Acc@1  43.75 ( 46.54)	Acc@5  76.00 ( 77.35)
		 LR=0.056266661678234596 -- best acc so far 52.13
Train Epoch:21

[TRAIN] E: [21][ 0/63]	Loss 2.2648e+00 (2.2648e+00)	Acc@1  41.12 ( 41.12)	Acc@5  70.12 ( 70.12)
[TRAIN] E: [21][62/63]	Loss 2.1373e+00 (2.1301e+00)	Acc@1  37.50 ( 39.91)	Acc@5  67.25 ( 70.30)
[EVAL] E: [21][ 0/13]	Loss 2.1804e+00 (2.1804e+00)	Acc@1  47.88 ( 47.88)	Acc@5  78.00 ( 78.00)
[EVAL] E: [21][12/13]	Loss 2.3172e+00 (2.1977e+00)	Acc@1  45.75 ( 47.00)	Acc@5  76.75 ( 77.56)
		 LR=0.0818711994874434 -- best acc so far 52.13
Train Epoch:22

[TRAIN] E: [22][ 0/63]	Loss 2.1086e+00 (2.1086e+00)	Acc@1  40.38 ( 40.38)	Acc@5  71.62 ( 71.62)
[TRAIN] E: [22][62/63]	Loss 2.0583e+00 (2.2225e+00)	Acc@1  41.25 ( 38.65)	Acc@5  71.75 ( 68.97)
[EVAL] E: [22][ 0/13]	Loss 1.8678e+00 (1.8678e+00)	Acc@1  53.12 ( 53.12)	Acc@5  80.38 ( 80.38)
[EVAL] E: [22][12/13]	Loss 1.8067e+00 (1.8445e+00)	Acc@1  52.50 ( 51.84)	Acc@5  83.00 ( 81.61)
		 LR=9.86635785864441e-05 -- best acc so far 52.13
Train Epoch:23

[TRAIN] E: [23][ 0/63]	Loss 2.0682e+00 (2.0682e+00)	Acc@1  41.75 ( 41.75)	Acc@5  70.25 ( 70.25)
[TRAIN] E: [23][62/63]	Loss 2.3911e+00 (2.1708e+00)	Acc@1  37.50 ( 39.33)	Acc@5  65.75 ( 69.65)
[EVAL] E: [23][ 0/13]	Loss 2.2166e+00 (2.2166e+00)	Acc@1  48.75 ( 48.75)	Acc@5  76.38 ( 76.38)
[EVAL] E: [23][12/13]	Loss 2.1686e+00 (2.2122e+00)	Acc@1  44.50 ( 46.72)	Acc@5  78.50 ( 77.26)
		 LR=0.08644843137106088 -- best acc so far 52.13
Train Epoch:24

[TRAIN] E: [24][ 0/63]	Loss 2.2089e+00 (2.2089e+00)	Acc@1  40.25 ( 40.25)	Acc@5  68.12 ( 68.12)
[TRAIN] E: [24][62/63]	Loss 2.0240e+00 (2.1638e+00)	Acc@1  36.50 ( 39.71)	Acc@5  69.00 ( 69.91)
[EVAL] E: [24][ 0/13]	Loss 2.0079e+00 (2.0079e+00)	Acc@1  51.00 ( 51.00)	Acc@5  78.25 ( 78.25)
[EVAL] E: [24][12/13]	Loss 1.9496e+00 (1.9837e+00)	Acc@1  49.75 ( 49.97)	Acc@5  82.00 ( 79.87)
		 LR=0.04999999999998324 -- best acc so far 52.13
Train Epoch:25

[TRAIN] E: [25][ 0/63]	Loss 2.0826e+00 (2.0826e+00)	Acc@1  41.75 ( 41.75)	Acc@5  69.50 ( 69.50)
[TRAIN] E: [25][62/63]	Loss 2.1049e+00 (2.2304e+00)	Acc@1  38.25 ( 38.65)	Acc@5  69.50 ( 68.92)
[EVAL] E: [25][ 0/13]	Loss 1.8645e+00 (1.8645e+00)	Acc@1  53.75 ( 53.75)	Acc@5  81.88 ( 81.88)
[EVAL] E: [25][12/13]	Loss 1.8867e+00 (1.8901e+00)	Acc@1  50.75 ( 51.23)	Acc@5  81.50 ( 81.94)
		 LR=0.013551568628924721 -- best acc so far 52.13
Train Epoch:26

[TRAIN] E: [26][ 0/63]	Loss 2.1107e+00 (2.1107e+00)	Acc@1  38.12 ( 38.12)	Acc@5  71.00 ( 71.00)
[TRAIN] E: [26][62/63]	Loss 2.3127e+00 (2.1332e+00)	Acc@1  37.50 ( 39.92)	Acc@5  68.50 ( 70.05)
[EVAL] E: [26][ 0/13]	Loss 2.6185e+00 (2.6185e+00)	Acc@1  41.88 ( 41.88)	Acc@5  72.88 ( 72.88)
[EVAL] E: [26][12/13]	Loss 2.6633e+00 (2.5914e+00)	Acc@1  40.50 ( 41.14)	Acc@5  72.00 ( 73.94)
		 LR=0.09990133642145291 -- best acc so far 52.13
Train Epoch:27

[TRAIN] E: [27][ 0/63]	Loss 2.2349e+00 (2.2349e+00)	Acc@1  40.50 ( 40.50)	Acc@5  70.62 ( 70.62)
[TRAIN] E: [27][62/63]	Loss 2.0430e+00 (2.1946e+00)	Acc@1  41.75 ( 39.22)	Acc@5  72.75 ( 69.34)
[EVAL] E: [27][ 0/13]	Loss 1.9148e+00 (1.9148e+00)	Acc@1  52.62 ( 52.62)	Acc@5  80.88 ( 80.88)
[EVAL] E: [27][12/13]	Loss 1.8439e+00 (1.8805e+00)	Acc@1  52.75 ( 51.38)	Acc@5  82.00 ( 81.65)
		 LR=0.018128800512568353 -- best acc so far 52.13
Train Epoch:28

[TRAIN] E: [28][ 0/63]	Loss 2.0346e+00 (2.0346e+00)	Acc@1  41.38 ( 41.38)	Acc@5  69.50 ( 69.50)
[TRAIN] E: [28][62/63]	Loss 2.3442e+00 (2.2268e+00)	Acc@1  36.75 ( 39.04)	Acc@5  65.50 ( 68.85)
[EVAL] E: [28][ 0/13]	Loss 2.1927e+00 (2.1927e+00)	Acc@1  49.50 ( 49.50)	Acc@5  76.50 ( 76.50)
[EVAL] E: [28][12/13]	Loss 2.0798e+00 (2.1688e+00)	Acc@1  49.00 ( 46.68)	Acc@5  79.00 ( 77.54)
		 LR=0.04373333832179235 -- best acc so far 52.13
Train Epoch:29

[TRAIN] E: [29][ 0/63]	Loss 2.1566e+00 (2.1566e+00)	Acc@1  40.38 ( 40.38)	Acc@5  69.75 ( 69.75)
[TRAIN] E: [29][62/63]	Loss 2.2776e+00 (2.1214e+00)	Acc@1  35.25 ( 39.88)	Acc@5  66.00 ( 70.05)
[EVAL] E: [29][ 0/13]	Loss 2.1452e+00 (2.1452e+00)	Acc@1  50.12 ( 50.12)	Acc@5  75.38 ( 75.38)
[EVAL] E: [29][12/13]	Loss 2.0548e+00 (2.0958e+00)	Acc@1  49.25 ( 48.34)	Acc@5  78.50 ( 78.91)
		 LR=0.0904508497187418 -- best acc so far 52.13
Train Epoch:30

[TRAIN] E: [30][ 0/63]	Loss 2.1617e+00 (2.1617e+00)	Acc@1  43.62 ( 43.62)	Acc@5  72.25 ( 72.25)
[TRAIN] E: [30][62/63]	Loss 2.0489e+00 (2.2153e+00)	Acc@1  36.00 ( 38.88)	Acc@5  68.50 ( 68.95)
[EVAL] E: [30][ 0/13]	Loss 1.8653e+00 (1.8653e+00)	Acc@1  51.88 ( 51.88)	Acc@5  80.62 ( 80.62)
[EVAL] E: [30][12/13]	Loss 1.8067e+00 (1.8146e+00)	Acc@1  52.50 ( 52.57)	Acc@5  82.50 ( 82.23)
		 LR=0.0008856374635657246 -- best acc so far 52.57
Train Epoch:31

[TRAIN] E: [31][ 0/63]	Loss 2.1198e+00 (2.1198e+00)	Acc@1  40.00 ( 40.00)	Acc@5  68.25 ( 68.25)
[TRAIN] E: [31][62/63]	Loss 2.1495e+00 (2.1639e+00)	Acc@1  42.75 ( 39.52)	Acc@5  78.75 ( 69.53)
[EVAL] E: [31][ 0/13]	Loss 2.2099e+00 (2.2099e+00)	Acc@1  45.25 ( 45.25)	Acc@5  76.50 ( 76.50)
[EVAL] E: [31][12/13]	Loss 2.1654e+00 (2.1651e+00)	Acc@1  46.50 ( 46.12)	Acc@5  74.50 ( 77.26)
		 LR=0.07679133974896267 -- best acc so far 52.57
Train Epoch:32

[TRAIN] E: [32][ 0/63]	Loss 2.1837e+00 (2.1837e+00)	Acc@1  39.38 ( 39.38)	Acc@5  68.00 ( 68.00)
[TRAIN] E: [32][62/63]	Loss 2.1458e+00 (2.1261e+00)	Acc@1  39.25 ( 39.97)	Acc@5  74.25 ( 70.34)
[EVAL] E: [32][ 0/13]	Loss 1.9552e+00 (1.9552e+00)	Acc@1  50.88 ( 50.88)	Acc@5  79.25 ( 79.25)
[EVAL] E: [32][12/13]	Loss 1.9237e+00 (1.9448e+00)	Acc@1  49.00 ( 50.06)	Acc@5  81.50 ( 80.65)
		 LR=0.06243449435826696 -- best acc so far 52.57
Train Epoch:33

[TRAIN] E: [33][ 0/63]	Loss 2.0800e+00 (2.0800e+00)	Acc@1  41.50 ( 41.50)	Acc@5  73.62 ( 73.62)
[TRAIN] E: [33][62/63]	Loss 2.2250e+00 (2.2715e+00)	Acc@1  42.75 ( 38.11)	Acc@5  72.25 ( 68.27)
[EVAL] E: [33][ 0/13]	Loss 1.8762e+00 (1.8762e+00)	Acc@1  53.62 ( 53.62)	Acc@5  80.50 ( 80.50)
[EVAL] E: [33][12/13]	Loss 1.8820e+00 (1.8471e+00)	Acc@1  52.00 ( 52.31)	Acc@5  81.75 ( 81.59)
		 LR=0.006184665997809403 -- best acc so far 52.57
Train Epoch:34

[TRAIN] E: [34][ 0/63]	Loss 2.1915e+00 (2.1915e+00)	Acc@1  38.12 ( 38.12)	Acc@5  68.12 ( 68.12)
[TRAIN] E: [34][62/63]	Loss 2.2085e+00 (2.1386e+00)	Acc@1  40.25 ( 40.09)	Acc@5  67.75 ( 70.17)
[EVAL] E: [34][ 0/13]	Loss 2.2883e+00 (2.2883e+00)	Acc@1  47.00 ( 47.00)	Acc@5  75.25 ( 75.25)
[EVAL] E: [34][12/13]	Loss 2.3560e+00 (2.2735e+00)	Acc@1  43.00 ( 45.20)	Acc@5  73.50 ( 75.93)
		 LR=0.09755282581477416 -- best acc so far 52.57
Train Epoch:35

[TRAIN] E: [35][ 0/63]	Loss 2.2969e+00 (2.2969e+00)	Acc@1  40.00 ( 40.00)	Acc@5  68.25 ( 68.25)
[TRAIN] E: [35][62/63]	Loss 2.1021e+00 (2.1589e+00)	Acc@1  42.50 ( 39.32)	Acc@5  66.50 ( 69.68)
[EVAL] E: [35][ 0/13]	Loss 1.8247e+00 (1.8247e+00)	Acc@1  54.88 ( 54.88)	Acc@5  82.50 ( 82.50)
[EVAL] E: [35][12/13]	Loss 1.8920e+00 (1.8359e+00)	Acc@1  50.75 ( 52.19)	Acc@5  80.75 ( 81.84)
		 LR=0.028711035421744698 -- best acc so far 52.57
Train Epoch:36

[TRAIN] E: [36][ 0/63]	Loss 2.0032e+00 (2.0032e+00)	Acc@1  39.25 ( 39.25)	Acc@5  70.75 ( 70.75)
[TRAIN] E: [36][62/63]	Loss 2.1803e+00 (2.1826e+00)	Acc@1  39.25 ( 39.33)	Acc@5  67.25 ( 69.50)
[EVAL] E: [36][ 0/13]	Loss 2.1063e+00 (2.1063e+00)	Acc@1  50.25 ( 50.25)	Acc@5  78.62 ( 78.62)
[EVAL] E: [36][12/13]	Loss 2.1207e+00 (2.1095e+00)	Acc@1  47.00 ( 47.68)	Acc@5  78.50 ( 78.67)
		 LR=0.031593772365764244 -- best acc so far 52.57
Train Epoch:37

[TRAIN] E: [37][ 0/63]	Loss 2.0399e+00 (2.0399e+00)	Acc@1  38.38 ( 38.38)	Acc@5  70.12 ( 70.12)
[TRAIN] E: [37][62/63]	Loss 2.1427e+00 (2.0908e+00)	Acc@1  42.50 ( 40.27)	Acc@5  72.25 ( 70.46)
[EVAL] E: [37][ 0/13]	Loss 2.7113e+00 (2.7113e+00)	Acc@1  44.38 ( 44.38)	Acc@5  72.75 ( 72.75)
[EVAL] E: [37][12/13]	Loss 2.6737e+00 (2.6116e+00)	Acc@1  41.75 ( 43.93)	Acc@5  71.50 ( 73.26)
		 LR=0.09648882429438499 -- best acc so far 52.57
Train Epoch:38

[TRAIN] E: [38][ 0/63]	Loss 2.3103e+00 (2.3103e+00)	Acc@1  37.00 ( 37.00)	Acc@5  66.50 ( 66.50)
[TRAIN] E: [38][62/63]	Loss 2.0351e+00 (2.2265e+00)	Acc@1  41.00 ( 38.79)	Acc@5  75.00 ( 69.11)
[EVAL] E: [38][ 0/13]	Loss 1.8641e+00 (1.8641e+00)	Acc@1  53.75 ( 53.75)	Acc@5  80.62 ( 80.62)
[EVAL] E: [38][12/13]	Loss 1.8111e+00 (1.8296e+00)	Acc@1  52.00 ( 52.41)	Acc@5  82.00 ( 81.86)
		 LR=0.004758647376696397 -- best acc so far 52.57
Train Epoch:39

[TRAIN] E: [39][ 0/63]	Loss 2.0848e+00 (2.0848e+00)	Acc@1  38.75 ( 38.75)	Acc@5  69.50 ( 69.50)
[TRAIN] E: [39][62/63]	Loss 2.3119e+00 (2.1636e+00)	Acc@1  37.50 ( 39.18)	Acc@5  69.00 ( 69.55)
[EVAL] E: [39][ 0/13]	Loss 2.4065e+00 (2.4065e+00)	Acc@1  44.50 ( 44.50)	Acc@5  74.50 ( 74.50)
[EVAL] E: [39][12/13]	Loss 2.4399e+00 (2.4383e+00)	Acc@1  43.75 ( 43.52)	Acc@5  74.00 ( 74.25)
		 LR=0.06545084971871752 -- best acc so far 52.57
Train Epoch:40

[TRAIN] E: [40][ 0/63]	Loss 2.3403e+00 (2.3403e+00)	Acc@1  38.00 ( 38.00)	Acc@5  66.50 ( 66.50)
[TRAIN] E: [40][62/63]	Loss 2.1508e+00 (2.1031e+00)	Acc@1  42.50 ( 40.12)	Acc@5  69.75 ( 70.40)
[EVAL] E: [40][ 0/13]	Loss 2.1099e+00 (2.1099e+00)	Acc@1  48.50 ( 48.50)	Acc@5  78.38 ( 78.38)
[EVAL] E: [40][12/13]	Loss 2.0221e+00 (2.0486e+00)	Acc@1  49.25 ( 48.99)	Acc@5  79.75 ( 79.62)
		 LR=0.07408768370510287 -- best acc so far 52.57
Train Epoch:41

[TRAIN] E: [41][ 0/63]	Loss 2.2611e+00 (2.2611e+00)	Acc@1  36.75 ( 36.75)	Acc@5  66.38 ( 66.38)
[TRAIN] E: [41][62/63]	Loss 2.0062e+00 (2.2128e+00)	Acc@1  42.00 ( 38.68)	Acc@5  71.00 ( 69.37)
[EVAL] E: [41][ 0/13]	Loss 1.8654e+00 (1.8654e+00)	Acc@1  53.12 ( 53.12)	Acc@5  80.88 ( 80.88)
[EVAL] E: [41][12/13]	Loss 1.8088e+00 (1.8248e+00)	Acc@1  53.75 ( 52.69)	Acc@5  81.75 ( 81.92)
		 LR=0.0015708419435689935 -- best acc so far 52.69
Train Epoch:42

[TRAIN] E: [42][ 0/63]	Loss 1.9903e+00 (1.9903e+00)	Acc@1  42.00 ( 42.00)	Acc@5  68.75 ( 68.75)
[TRAIN] E: [42][62/63]	Loss 2.3235e+00 (2.1226e+00)	Acc@1  36.25 ( 40.01)	Acc@5  66.50 ( 70.06)
[EVAL] E: [42][ 0/13]	Loss 2.6808e+00 (2.6808e+00)	Acc@1  41.50 ( 41.50)	Acc@5  70.38 ( 70.38)
[EVAL] E: [42][12/13]	Loss 2.6038e+00 (2.6396e+00)	Acc@1  39.75 ( 40.96)	Acc@5  69.75 ( 71.16)
		 LR=0.09221639627518416 -- best acc so far 52.69
Train Epoch:43

[TRAIN] E: [43][ 0/63]	Loss 2.3572e+00 (2.3572e+00)	Acc@1  38.62 ( 38.62)	Acc@5  70.25 ( 70.25)
[TRAIN] E: [43][62/63]	Loss 2.0429e+00 (2.1236e+00)	Acc@1  42.00 ( 39.81)	Acc@5  69.50 ( 70.32)
[EVAL] E: [43][ 0/13]	Loss 1.9486e+00 (1.9486e+00)	Acc@1  52.00 ( 52.00)	Acc@5  79.62 ( 79.62)
[EVAL] E: [43][12/13]	Loss 1.8955e+00 (1.9400e+00)	Acc@1  52.50 ( 51.24)	Acc@5  81.75 ( 80.82)
		 LR=0.040630934270740646 -- best acc so far 52.69
Train Epoch:44

[TRAIN] E: [44][ 0/63]	Loss 2.0798e+00 (2.0798e+00)	Acc@1  39.88 ( 39.88)	Acc@5  69.88 ( 69.88)
[TRAIN] E: [44][62/63]	Loss 2.1050e+00 (2.1869e+00)	Acc@1  41.75 ( 39.15)	Acc@5  74.75 ( 69.30)
[EVAL] E: [44][ 0/13]	Loss 1.9634e+00 (1.9634e+00)	Acc@1  52.25 ( 52.25)	Acc@5  78.75 ( 78.75)
[EVAL] E: [44][12/13]	Loss 1.8678e+00 (1.9476e+00)	Acc@1  51.00 ( 50.30)	Acc@5  81.25 ( 80.37)
		 LR=0.020610737385390616 -- best acc so far 52.69
Train Epoch:45

[TRAIN] E: [45][ 0/63]	Loss 2.1409e+00 (2.1409e+00)	Acc@1  40.25 ( 40.25)	Acc@5  68.62 ( 68.62)
[TRAIN] E: [45][62/63]	Loss 2.2809e+00 (2.0894e+00)	Acc@1  39.00 ( 40.64)	Acc@5  70.75 ( 70.65)
[EVAL] E: [45][ 0/13]	Loss 2.2869e+00 (2.2869e+00)	Acc@1  45.50 ( 45.50)	Acc@5  75.75 ( 75.75)
[EVAL] E: [45][12/13]	Loss 2.3839e+00 (2.3148e+00)	Acc@1  43.75 ( 45.27)	Acc@5  75.25 ( 76.68)
		 LR=0.09960573506576877 -- best acc so far 52.69
Train Epoch:46

[TRAIN] E: [46][ 0/63]	Loss 2.1421e+00 (2.1421e+00)	Acc@1  40.38 ( 40.38)	Acc@5  71.88 ( 71.88)
[TRAIN] E: [46][62/63]	Loss 1.9676e+00 (2.1675e+00)	Acc@1  44.50 ( 39.24)	Acc@5  71.25 ( 69.89)
[EVAL] E: [46][ 0/13]	Loss 1.8412e+00 (1.8412e+00)	Acc@1  53.25 ( 53.25)	Acc@5  82.25 ( 82.25)
[EVAL] E: [46][12/13]	Loss 1.8741e+00 (1.8203e+00)	Acc@1  51.75 ( 52.42)	Acc@5  81.75 ( 82.38)
		 LR=0.011474337861212994 -- best acc so far 52.69
Train Epoch:47

[TRAIN] E: [47][ 0/63]	Loss 2.0424e+00 (2.0424e+00)	Acc@1  40.50 ( 40.50)	Acc@5  72.38 ( 72.38)
[TRAIN] E: [47][62/63]	Loss 2.2823e+00 (2.1720e+00)	Acc@1  39.50 ( 39.32)	Acc@5  67.25 ( 69.52)
[EVAL] E: [47][ 0/13]	Loss 2.3879e+00 (2.3879e+00)	Acc@1  45.88 ( 45.88)	Acc@5  74.75 ( 74.75)
[EVAL] E: [47][12/13]	Loss 2.2415e+00 (2.2842e+00)	Acc@1  48.25 ( 46.07)	Acc@5  77.00 ( 76.11)
		 LR=0.05313952597647773 -- best acc so far 52.69
Train Epoch:48

[TRAIN] E: [48][ 0/63]	Loss 2.1745e+00 (2.1745e+00)	Acc@1  42.00 ( 42.00)	Acc@5  69.38 ( 69.38)
[TRAIN] E: [48][62/63]	Loss 2.0005e+00 (2.0808e+00)	Acc@1  42.25 ( 40.22)	Acc@5  73.00 ( 70.51)
[EVAL] E: [48][ 0/13]	Loss 2.3116e+00 (2.3116e+00)	Acc@1  47.38 ( 47.38)	Acc@5  74.50 ( 74.50)
[EVAL] E: [48][12/13]	Loss 2.4002e+00 (2.2838e+00)	Acc@1  44.25 ( 45.33)	Acc@5  74.00 ( 75.62)
		 LR=0.08422735529643341 -- best acc so far 52.69
Train Epoch:49

[TRAIN] E: [49][ 0/63]	Loss 2.1905e+00 (2.1905e+00)	Acc@1  38.88 ( 38.88)	Acc@5  70.25 ( 70.25)
[TRAIN] E: [49][62/63]	Loss 2.0814e+00 (2.1601e+00)	Acc@1  36.50 ( 39.56)	Acc@5  69.75 ( 69.61)
[EVAL] E: [49][ 0/13]	Loss 1.8264e+00 (1.8264e+00)	Acc@1  53.25 ( 53.25)	Acc@5  82.75 ( 82.75)
[EVAL] E: [49][12/13]	Loss 1.7797e+00 (1.8145e+00)	Acc@1  53.25 ( 52.65)	Acc@5  83.75 ( 82.35)
		 LR=0.0 -- best acc so far 52.69
Train Epoch:50

[TRAIN] E: [50][ 0/63]	Loss 2.0671e+00 (2.0671e+00)	Acc@1  40.38 ( 40.38)	Acc@5  69.75 ( 69.75)
[TRAIN] E: [50][62/63]	Loss 2.1846e+00 (2.1172e+00)	Acc@1  40.75 ( 40.04)	Acc@5  71.50 ( 70.03)
[EVAL] E: [50][ 0/13]	Loss 2.4974e+00 (2.4974e+00)	Acc@1  45.88 ( 45.88)	Acc@5  73.50 ( 73.50)
[EVAL] E: [50][12/13]	Loss 2.4671e+00 (2.5058e+00)	Acc@1  46.25 ( 43.49)	Acc@5  74.50 ( 74.84)
		 LR=0.08422735529642109 -- best acc so far 52.69
Train Epoch:51

[TRAIN] E: [51][ 0/63]	Loss 2.3359e+00 (2.3359e+00)	Acc@1  37.88 ( 37.88)	Acc@5  66.88 ( 66.88)
[TRAIN] E: [51][62/63]	Loss 2.0387e+00 (2.1102e+00)	Acc@1  40.25 ( 40.22)	Acc@5  72.00 ( 70.36)
[EVAL] E: [51][ 0/13]	Loss 2.0069e+00 (2.0069e+00)	Acc@1  50.38 ( 50.38)	Acc@5  80.00 ( 80.00)
[EVAL] E: [51][12/13]	Loss 1.9055e+00 (2.0073e+00)	Acc@1  50.50 ( 48.92)	Acc@5  80.75 ( 79.57)
		 LR=0.05313952597649295 -- best acc so far 52.69
Train Epoch:52

[TRAIN] E: [52][ 0/63]	Loss 2.0814e+00 (2.0814e+00)	Acc@1  40.50 ( 40.50)	Acc@5  70.00 ( 70.00)
[TRAIN] E: [52][62/63]	Loss 2.1072e+00 (2.2010e+00)	Acc@1  39.00 ( 38.64)	Acc@5  69.75 ( 68.98)
[EVAL] E: [52][ 0/13]	Loss 1.9044e+00 (1.9044e+00)	Acc@1  53.75 ( 53.75)	Acc@5  80.75 ( 80.75)
[EVAL] E: [52][12/13]	Loss 1.8671e+00 (1.8974e+00)	Acc@1  52.00 ( 51.72)	Acc@5  81.75 ( 81.45)
		 LR=0.01147433786121603 -- best acc so far 52.69
Train Epoch:53

[TRAIN] E: [53][ 0/63]	Loss 2.1370e+00 (2.1370e+00)	Acc@1  40.50 ( 40.50)	Acc@5  70.75 ( 70.75)
[TRAIN] E: [53][62/63]	Loss 2.2361e+00 (2.1005e+00)	Acc@1  39.00 ( 40.11)	Acc@5  70.25 ( 70.42)
[EVAL] E: [53][ 0/13]	Loss 2.6577e+00 (2.6577e+00)	Acc@1  42.12 ( 42.12)	Acc@5  73.12 ( 73.12)
[EVAL] E: [53][12/13]	Loss 2.7025e+00 (2.5915e+00)	Acc@1  41.50 ( 42.25)	Acc@5  71.00 ( 73.48)
		 LR=0.09960573506575199 -- best acc so far 52.69
Train Epoch:54

[TRAIN] E: [54][ 0/63]	Loss 2.1411e+00 (2.1411e+00)	Acc@1  37.25 ( 37.25)	Acc@5  67.12 ( 67.12)
[TRAIN] E: [54][62/63]	Loss 2.0486e+00 (2.1415e+00)	Acc@1  40.25 ( 39.45)	Acc@5  70.00 ( 69.47)
[EVAL] E: [54][ 0/13]	Loss 1.8488e+00 (1.8488e+00)	Acc@1  52.62 ( 52.62)	Acc@5  81.50 ( 81.50)
[EVAL] E: [54][12/13]	Loss 1.7805e+00 (1.8269e+00)	Acc@1  52.75 ( 52.32)	Acc@5  81.75 ( 81.68)
		 LR=0.020610737385378095 -- best acc so far 52.69
Train Epoch:55

[TRAIN] E: [55][ 0/63]	Loss 2.0898e+00 (2.0898e+00)	Acc@1  43.12 ( 43.12)	Acc@5  75.00 ( 75.00)
[TRAIN] E: [55][62/63]	Loss 2.0630e+00 (2.1675e+00)	Acc@1  43.25 ( 39.33)	Acc@5  72.25 ( 69.77)
[EVAL] E: [55][ 0/13]	Loss 2.0326e+00 (2.0326e+00)	Acc@1  50.38 ( 50.38)	Acc@5  77.25 ( 77.25)
[EVAL] E: [55][12/13]	Loss 1.9723e+00 (2.0261e+00)	Acc@1  49.75 ( 48.40)	Acc@5  79.75 ( 78.71)
		 LR=0.04063093427071659 -- best acc so far 52.69
Train Epoch:56

[TRAIN] E: [56][ 0/63]	Loss 2.2216e+00 (2.2216e+00)	Acc@1  35.75 ( 35.75)	Acc@5  67.75 ( 67.75)
[TRAIN] E: [56][62/63]	Loss 2.2086e+00 (2.0694e+00)	Acc@1  38.75 ( 40.67)	Acc@5  68.25 ( 70.75)
[EVAL] E: [56][ 0/13]	Loss 2.2511e+00 (2.2511e+00)	Acc@1  48.12 ( 48.12)	Acc@5  76.12 ( 76.12)
[EVAL] E: [56][12/13]	Loss 2.2764e+00 (2.3007e+00)	Acc@1  48.25 ( 46.71)	Acc@5  76.00 ( 76.23)
		 LR=0.09221639627508497 -- best acc so far 52.69
Train Epoch:57

[TRAIN] E: [57][ 0/63]	Loss 2.1029e+00 (2.1029e+00)	Acc@1  41.88 ( 41.88)	Acc@5  69.88 ( 69.88)
[TRAIN] E: [57][62/63]	Loss 1.9286e+00 (2.1969e+00)	Acc@1  40.25 ( 38.99)	Acc@5  69.25 ( 69.39)
[EVAL] E: [57][ 0/13]	Loss 1.8440e+00 (1.8440e+00)	Acc@1  53.62 ( 53.62)	Acc@5  81.38 ( 81.38)
[EVAL] E: [57][12/13]	Loss 1.8208e+00 (1.8117e+00)	Acc@1  52.50 ( 52.79)	Acc@5  81.50 ( 82.60)
		 LR=0.0015708419435691526 -- best acc so far 52.79
Train Epoch:58

[TRAIN] E: [58][ 0/63]	Loss 2.0706e+00 (2.0706e+00)	Acc@1  41.88 ( 41.88)	Acc@5  72.25 ( 72.25)
[TRAIN] E: [58][62/63]	Loss 2.1977e+00 (2.1465e+00)	Acc@1  38.00 ( 39.47)	Acc@5  68.25 ( 69.76)
[EVAL] E: [58][ 0/13]	Loss 2.5724e+00 (2.5724e+00)	Acc@1  43.88 ( 43.88)	Acc@5  72.50 ( 72.50)
[EVAL] E: [58][12/13]	Loss 2.7646e+00 (2.6037e+00)	Acc@1  38.00 ( 41.62)	Acc@5  70.50 ( 72.39)
		 LR=0.07408768370512347 -- best acc so far 52.79
Train Epoch:59

[TRAIN] E: [59][ 0/63]	Loss 2.3234e+00 (2.3234e+00)	Acc@1  36.12 ( 36.12)	Acc@5  67.00 ( 67.00)
[TRAIN] E: [59][62/63]	Loss 1.9625e+00 (2.0929e+00)	Acc@1  46.75 ( 40.29)	Acc@5  73.50 ( 70.51)
[EVAL] E: [59][ 0/13]	Loss 2.0686e+00 (2.0686e+00)	Acc@1  50.38 ( 50.38)	Acc@5  78.62 ( 78.62)
[EVAL] E: [59][12/13]	Loss 2.0221e+00 (2.0952e+00)	Acc@1  50.00 ( 48.66)	Acc@5  80.50 ( 79.14)
		 LR=0.06545084971876435 -- best acc so far 52.79
Train Epoch:60

[TRAIN] E: [60][ 0/63]	Loss 2.0962e+00 (2.0962e+00)	Acc@1  37.88 ( 37.88)	Acc@5  69.00 ( 69.00)
[TRAIN] E: [60][62/63]	Loss 2.0435e+00 (2.1813e+00)	Acc@1  40.50 ( 39.01)	Acc@5  73.25 ( 69.41)
[EVAL] E: [60][ 0/13]	Loss 1.8682e+00 (1.8682e+00)	Acc@1  54.12 ( 54.12)	Acc@5  81.38 ( 81.38)
[EVAL] E: [60][12/13]	Loss 1.8161e+00 (1.8224e+00)	Acc@1  53.25 ( 52.50)	Acc@5  81.75 ( 82.28)
		 LR=0.004758647376700361 -- best acc so far 52.79
Train Epoch:61

[TRAIN] E: [61][ 0/63]	Loss 1.9740e+00 (1.9740e+00)	Acc@1  42.00 ( 42.00)	Acc@5  72.12 ( 72.12)
[TRAIN] E: [61][62/63]	Loss 2.2912e+00 (2.0941e+00)	Acc@1  36.50 ( 40.48)	Acc@5  65.25 ( 70.60)
[EVAL] E: [61][ 0/13]	Loss 2.6896e+00 (2.6896e+00)	Acc@1  43.88 ( 43.88)	Acc@5  72.12 ( 72.12)
[EVAL] E: [61][12/13]	Loss 2.5974e+00 (2.6204e+00)	Acc@1  43.50 ( 41.95)	Acc@5  72.00 ( 72.85)
		 LR=0.09648882429442338 -- best acc so far 52.79
Train Epoch:62

[TRAIN] E: [62][ 0/63]	Loss 2.1820e+00 (2.1820e+00)	Acc@1  41.25 ( 41.25)	Acc@5  71.38 ( 71.38)
[TRAIN] E: [62][62/63]	Loss 2.0196e+00 (2.1167e+00)	Acc@1  42.00 ( 39.96)	Acc@5  69.75 ( 70.31)
[EVAL] E: [62][ 0/13]	Loss 1.9138e+00 (1.9138e+00)	Acc@1  51.75 ( 51.75)	Acc@5  81.38 ( 81.38)
[EVAL] E: [62][12/13]	Loss 1.9372e+00 (1.9094e+00)	Acc@1  52.50 ( 51.87)	Acc@5  81.50 ( 81.42)
		 LR=0.03159377236578989 -- best acc so far 52.79
Train Epoch:63

[TRAIN] E: [63][ 0/63]	Loss 2.0199e+00 (2.0199e+00)	Acc@1  40.25 ( 40.25)	Acc@5  73.75 ( 73.75)
[TRAIN] E: [63][62/63]	Loss 2.1018e+00 (2.1813e+00)	Acc@1  37.25 ( 39.38)	Acc@5  70.50 ( 69.57)
[EVAL] E: [63][ 0/13]	Loss 1.9629e+00 (1.9629e+00)	Acc@1  50.62 ( 50.62)	Acc@5  79.75 ( 79.75)
[EVAL] E: [63][12/13]	Loss 1.9183e+00 (1.9291e+00)	Acc@1  50.25 ( 50.79)	Acc@5  81.00 ( 80.64)
		 LR=0.028711035421768644 -- best acc so far 52.79
Train Epoch:64

[TRAIN] E: [64][ 0/63]	Loss 2.1387e+00 (2.1387e+00)	Acc@1  37.00 ( 37.00)	Acc@5  67.75 ( 67.75)
[TRAIN] E: [64][62/63]	Loss 2.1946e+00 (2.0664e+00)	Acc@1  36.75 ( 40.42)	Acc@5  66.50 ( 70.40)
[EVAL] E: [64][ 0/13]	Loss 2.6763e+00 (2.6763e+00)	Acc@1  40.50 ( 40.50)	Acc@5  71.00 ( 71.00)
[EVAL] E: [64][12/13]	Loss 2.4694e+00 (2.5876e+00)	Acc@1  40.75 ( 39.93)	Acc@5  71.50 ( 72.21)
		 LR=0.09755282581481227 -- best acc so far 52.79
Train Epoch:65

[TRAIN] E: [65][ 0/63]	Loss 2.2811e+00 (2.2811e+00)	Acc@1  38.38 ( 38.38)	Acc@5  69.75 ( 69.75)
[TRAIN] E: [65][62/63]	Loss 2.1169e+00 (2.2383e+00)	Acc@1  42.00 ( 38.56)	Acc@5  68.50 ( 68.73)
[EVAL] E: [65][ 0/13]	Loss 1.8282e+00 (1.8282e+00)	Acc@1  54.25 ( 54.25)	Acc@5  82.38 ( 82.38)
[EVAL] E: [65][12/13]	Loss 1.8303e+00 (1.8354e+00)	Acc@1  52.75 ( 52.83)	Acc@5  82.25 ( 82.36)
		 LR=0.006184665997808508 -- best acc so far 52.83
Train Epoch:66

[TRAIN] E: [66][ 0/63]	Loss 2.1546e+00 (2.1546e+00)	Acc@1  40.38 ( 40.38)	Acc@5  70.88 ( 70.88)
[TRAIN] E: [66][62/63]	Loss 2.1458e+00 (2.1552e+00)	Acc@1  39.25 ( 39.36)	Acc@5  66.75 ( 69.49)
[EVAL] E: [66][ 0/13]	Loss 2.4829e+00 (2.4829e+00)	Acc@1  44.50 ( 44.50)	Acc@5  73.25 ( 73.25)
[EVAL] E: [66][12/13]	Loss 2.2631e+00 (2.4132e+00)	Acc@1  45.75 ( 44.17)	Acc@5  75.25 ( 74.99)
		 LR=0.062434494358264425 -- best acc so far 52.83
Train Epoch:67

[TRAIN] E: [67][ 0/63]	Loss 2.2630e+00 (2.2630e+00)	Acc@1  38.50 ( 38.50)	Acc@5  68.38 ( 68.38)
[TRAIN] E: [67][62/63]	Loss 2.0746e+00 (2.0782e+00)	Acc@1  42.50 ( 40.39)	Acc@5  72.50 ( 70.87)
[EVAL] E: [67][ 0/13]	Loss 2.0192e+00 (2.0192e+00)	Acc@1  52.50 ( 52.50)	Acc@5  78.38 ( 78.38)
[EVAL] E: [67][12/13]	Loss 2.0004e+00 (2.0292e+00)	Acc@1  49.50 ( 49.04)	Acc@5  79.25 ( 79.13)
		 LR=0.07679133974902708 -- best acc so far 52.83
Train Epoch:68

[TRAIN] E: [68][ 0/63]	Loss 2.0886e+00 (2.0886e+00)	Acc@1  39.00 ( 39.00)	Acc@5  71.12 ( 71.12)
[TRAIN] E: [68][62/63]	Loss 2.1110e+00 (2.1656e+00)	Acc@1  38.25 ( 39.16)	Acc@5  71.75 ( 69.42)
[EVAL] E: [68][ 0/13]	Loss 1.7892e+00 (1.7892e+00)	Acc@1  54.75 ( 54.75)	Acc@5  83.12 ( 83.12)
[EVAL] E: [68][12/13]	Loss 1.7873e+00 (1.8024e+00)	Acc@1  53.50 ( 53.07)	Acc@5  82.50 ( 82.48)
		 LR=0.0008856374635665549 -- best acc so far 53.07
Train Epoch:69

[TRAIN] E: [69][ 0/63]	Loss 2.0363e+00 (2.0363e+00)	Acc@1  41.62 ( 41.62)	Acc@5  71.50 ( 71.50)
[TRAIN] E: [69][62/63]	Loss 2.2405e+00 (2.0920e+00)	Acc@1  37.25 ( 40.43)	Acc@5  69.25 ( 70.15)
[EVAL] E: [69][ 0/13]	Loss 2.5319e+00 (2.5319e+00)	Acc@1  44.62 ( 44.62)	Acc@5  73.88 ( 73.88)
[EVAL] E: [69][12/13]	Loss 2.6269e+00 (2.6175e+00)	Acc@1  40.75 ( 41.55)	Acc@5  71.75 ( 72.92)
		 LR=0.09045084971873738 -- best acc so far 53.07
Train Epoch:70

[TRAIN] E: [70][ 0/63]	Loss 2.2379e+00 (2.2379e+00)	Acc@1  39.88 ( 39.88)	Acc@5  70.88 ( 70.88)
[TRAIN] E: [70][62/63]	Loss 2.0348e+00 (2.1545e+00)	Acc@1  40.25 ( 39.21)	Acc@5  70.75 ( 69.37)
[EVAL] E: [70][ 0/13]	Loss 1.8395e+00 (1.8395e+00)	Acc@1  54.12 ( 54.12)	Acc@5  80.88 ( 80.88)
[EVAL] E: [70][12/13]	Loss 1.9327e+00 (1.9117e+00)	Acc@1  50.75 ( 51.40)	Acc@5  79.50 ( 80.75)
		 LR=0.04373333832180914 -- best acc so far 53.07
Train Epoch:71

[TRAIN] E: [71][ 0/63]	Loss 1.9921e+00 (1.9921e+00)	Acc@1  41.75 ( 41.75)	Acc@5  72.62 ( 72.62)
[TRAIN] E: [71][62/63]	Loss 2.1188e+00 (2.1680e+00)	Acc@1  40.25 ( 39.36)	Acc@5  69.75 ( 69.63)
[EVAL] E: [71][ 0/13]	Loss 1.9801e+00 (1.9801e+00)	Acc@1  51.00 ( 51.00)	Acc@5  80.75 ( 80.75)
[EVAL] E: [71][12/13]	Loss 1.9591e+00 (1.9998e+00)	Acc@1  51.50 ( 50.42)	Acc@5  82.00 ( 80.78)
		 LR=0.01812880051257581 -- best acc so far 53.07
Train Epoch:72

[TRAIN] E: [72][ 0/63]	Loss 2.0052e+00 (2.0052e+00)	Acc@1  42.75 ( 42.75)	Acc@5  71.12 ( 71.12)
[TRAIN] E: [72][62/63]	Loss 2.1491e+00 (2.0665e+00)	Acc@1  44.00 ( 40.23)	Acc@5  71.75 ( 70.46)
[EVAL] E: [72][ 0/13]	Loss 2.5856e+00 (2.5856e+00)	Acc@1  44.00 ( 44.00)	Acc@5  75.00 ( 75.00)
[EVAL] E: [72][12/13]	Loss 2.5569e+00 (2.5884e+00)	Acc@1  45.50 ( 43.05)	Acc@5  74.25 ( 74.38)
		 LR=0.09990133642154284 -- best acc so far 53.07
Train Epoch:73

[TRAIN] E: [73][ 0/63]	Loss 2.2365e+00 (2.2365e+00)	Acc@1  36.00 ( 36.00)	Acc@5  69.25 ( 69.25)
[TRAIN] E: [73][62/63]	Loss 2.0004e+00 (2.1215e+00)	Acc@1  40.50 ( 39.71)	Acc@5  71.25 ( 69.94)
[EVAL] E: [73][ 0/13]	Loss 1.8215e+00 (1.8215e+00)	Acc@1  54.12 ( 54.12)	Acc@5  81.25 ( 81.25)
[EVAL] E: [73][12/13]	Loss 1.7942e+00 (1.7912e+00)	Acc@1  53.25 ( 53.30)	Acc@5  82.25 ( 82.69)
		 LR=0.013551568628931782 -- best acc so far 53.3
Train Epoch:74

[TRAIN] E: [74][ 0/63]	Loss 1.9347e+00 (1.9347e+00)	Acc@1  43.38 ( 43.38)	Acc@5  73.38 ( 73.38)
[TRAIN] E: [74][62/63]	Loss 2.0929e+00 (2.1982e+00)	Acc@1  39.25 ( 39.30)	Acc@5  72.25 ( 69.25)
[EVAL] E: [74][ 0/13]	Loss 2.3996e+00 (2.3996e+00)	Acc@1  47.00 ( 47.00)	Acc@5  76.12 ( 76.12)
[EVAL] E: [74][12/13]	Loss 2.3640e+00 (2.4566e+00)	Acc@1  45.25 ( 44.42)	Acc@5  73.75 ( 74.50)
		 LR=0.05000000000000823 -- best acc so far 53.3
Train Epoch:75

[TRAIN] E: [75][ 0/63]	Loss 2.1664e+00 (2.1664e+00)	Acc@1  40.12 ( 40.12)	Acc@5  69.38 ( 69.38)
[TRAIN] E: [75][62/63]	Loss 2.0298e+00 (2.0675e+00)	Acc@1  41.25 ( 40.39)	Acc@5  68.75 ( 70.53)
[EVAL] E: [75][ 0/13]	Loss 2.2959e+00 (2.2959e+00)	Acc@1  47.75 ( 47.75)	Acc@5  77.38 ( 77.38)
[EVAL] E: [75][12/13]	Loss 2.2948e+00 (2.2538e+00)	Acc@1  49.25 ( 46.99)	Acc@5  77.25 ( 77.27)
		 LR=0.0864484313711418 -- best acc so far 53.3
Train Epoch:76

[TRAIN] E: [76][ 0/63]	Loss 2.1252e+00 (2.1252e+00)	Acc@1  40.62 ( 40.62)	Acc@5  71.12 ( 71.12)
[TRAIN] E: [76][62/63]	Loss 2.0429e+00 (2.1640e+00)	Acc@1  42.50 ( 39.55)	Acc@5  72.00 ( 69.37)
[EVAL] E: [76][ 0/13]	Loss 1.8321e+00 (1.8321e+00)	Acc@1  53.88 ( 53.88)	Acc@5  81.50 ( 81.50)
[EVAL] E: [76][12/13]	Loss 1.7609e+00 (1.8035e+00)	Acc@1  54.00 ( 53.01)	Acc@5  81.50 ( 82.28)
		 LR=9.866357858642206e-05 -- best acc so far 53.3
Train Epoch:77

[TRAIN] E: [77][ 0/63]	Loss 2.0674e+00 (2.0674e+00)	Acc@1  41.75 ( 41.75)	Acc@5  71.75 ( 71.75)
[TRAIN] E: [77][62/63]	Loss 2.2308e+00 (2.0944e+00)	Acc@1  41.75 ( 39.97)	Acc@5  71.00 ( 69.98)
[EVAL] E: [77][ 0/13]	Loss 2.2893e+00 (2.2893e+00)	Acc@1  47.50 ( 47.50)	Acc@5  76.12 ( 76.12)
[EVAL] E: [77][12/13]	Loss 2.1980e+00 (2.2770e+00)	Acc@1  48.00 ( 45.81)	Acc@5  75.50 ( 76.51)
		 LR=0.08187119948741325 -- best acc so far 53.3
Train Epoch:78

[TRAIN] E: [78][ 0/63]	Loss 2.2628e+00 (2.2628e+00)	Acc@1  37.62 ( 37.62)	Acc@5  69.12 ( 69.12)
[TRAIN] E: [78][62/63]	Loss 2.0251e+00 (2.0688e+00)	Acc@1  43.00 ( 40.57)	Acc@5  71.75 ( 70.61)
[EVAL] E: [78][ 0/13]	Loss 2.0447e+00 (2.0447e+00)	Acc@1  49.12 ( 49.12)	Acc@5  80.88 ( 80.88)
[EVAL] E: [78][12/13]	Loss 2.0668e+00 (2.0341e+00)	Acc@1  49.50 ( 50.02)	Acc@5  79.75 ( 80.32)
		 LR=0.05626666167823806 -- best acc so far 53.3
Train Epoch:79

[TRAIN] E: [79][ 0/63]	Loss 2.0249e+00 (2.0249e+00)	Acc@1  41.12 ( 41.12)	Acc@5  72.38 ( 72.38)
[TRAIN] E: [79][62/63]	Loss 2.0722e+00 (2.1648e+00)	Acc@1  42.25 ( 39.32)	Acc@5  70.75 ( 69.30)
[EVAL] E: [79][ 0/13]	Loss 1.9456e+00 (1.9456e+00)	Acc@1  51.25 ( 51.25)	Acc@5  80.50 ( 80.50)
[EVAL] E: [79][12/13]	Loss 1.8512e+00 (1.9087e+00)	Acc@1  50.50 ( 50.89)	Acc@5  81.00 ( 81.24)
		 LR=0.009549150281255924 -- best acc so far 53.3
Train Epoch:80

[TRAIN] E: [80][ 0/63]	Loss 2.0386e+00 (2.0386e+00)	Acc@1  43.75 ( 43.75)	Acc@5  73.62 ( 73.62)
[TRAIN] E: [80][62/63]	Loss 2.1156e+00 (2.0547e+00)	Acc@1  42.00 ( 40.53)	Acc@5  71.00 ( 70.68)
[EVAL] E: [80][ 0/13]	Loss 2.1435e+00 (2.1435e+00)	Acc@1  49.62 ( 49.62)	Acc@5  78.00 ( 78.00)
[EVAL] E: [80][12/13]	Loss 2.2057e+00 (2.1651e+00)	Acc@1  45.25 ( 47.05)	Acc@5  77.00 ( 77.86)
		 LR=0.09911436253636223 -- best acc so far 53.3
Train Epoch:81

[TRAIN] E: [81][ 0/63]	Loss 2.1838e+00 (2.1838e+00)	Acc@1  39.12 ( 39.12)	Acc@5  70.62 ( 70.62)
[TRAIN] E: [81][62/63]	Loss 2.0933e+00 (2.1060e+00)	Acc@1  38.00 ( 40.21)	Acc@5  70.00 ( 70.26)
[EVAL] E: [81][ 0/13]	Loss 1.8452e+00 (1.8452e+00)	Acc@1  53.00 ( 53.00)	Acc@5  81.88 ( 81.88)
[EVAL] E: [81][12/13]	Loss 1.7278e+00 (1.8231e+00)	Acc@1  56.00 ( 52.49)	Acc@5  81.25 ( 82.14)
		 LR=0.023208660251049743 -- best acc so far 53.3
Train Epoch:82

[TRAIN] E: [82][ 0/63]	Loss 1.9982e+00 (1.9982e+00)	Acc@1  37.88 ( 37.88)	Acc@5  71.62 ( 71.62)
[TRAIN] E: [82][62/63]	Loss 2.0812e+00 (2.1460e+00)	Acc@1  41.25 ( 39.34)	Acc@5  69.50 ( 69.73)
[EVAL] E: [82][ 0/13]	Loss 2.0329e+00 (2.0329e+00)	Acc@1  50.88 ( 50.88)	Acc@5  79.88 ( 79.88)
[EVAL] E: [82][12/13]	Loss 1.9899e+00 (2.0180e+00)	Acc@1  50.25 ( 49.75)	Acc@5  81.00 ( 79.99)
		 LR=0.037565505641754024 -- best acc so far 53.3
Train Epoch:83

[TRAIN] E: [83][ 0/63]	Loss 2.1428e+00 (2.1428e+00)	Acc@1  39.12 ( 39.12)	Acc@5  67.75 ( 67.75)
[TRAIN] E: [83][62/63]	Loss 2.2084e+00 (2.0472e+00)	Acc@1  33.25 ( 40.96)	Acc@5  65.25 ( 71.07)
[EVAL] E: [83][ 0/13]	Loss 2.3564e+00 (2.3564e+00)	Acc@1  45.88 ( 45.88)	Acc@5  75.25 ( 75.25)
[EVAL] E: [83][12/13]	Loss 2.3612e+00 (2.3286e+00)	Acc@1  43.25 ( 45.15)	Acc@5  75.50 ( 75.94)
		 LR=0.09381533400208154 -- best acc so far 53.3
Train Epoch:84

[TRAIN] E: [84][ 0/63]	Loss 2.2018e+00 (2.2018e+00)	Acc@1  40.25 ( 40.25)	Acc@5  70.75 ( 70.75)
[TRAIN] E: [84][62/63]	Loss 2.0159e+00 (2.1513e+00)	Acc@1  40.75 ( 39.62)	Acc@5  72.00 ( 69.79)
[EVAL] E: [84][ 0/13]	Loss 1.7785e+00 (1.7785e+00)	Acc@1  54.38 ( 54.38)	Acc@5  82.00 ( 82.00)
[EVAL] E: [84][12/13]	Loss 1.7732e+00 (1.7802e+00)	Acc@1  53.50 ( 53.07)	Acc@5  83.50 ( 82.58)
		 LR=0.0024471741852407723 -- best acc so far 53.3
Train Epoch:85

[TRAIN] E: [85][ 0/63]	Loss 2.0605e+00 (2.0605e+00)	Acc@1  39.62 ( 39.62)	Acc@5  68.50 ( 68.50)
[TRAIN] E: [85][62/63]	Loss 2.3645e+00 (2.1096e+00)	Acc@1  40.75 ( 40.17)	Acc@5  72.75 ( 70.08)
[EVAL] E: [85][ 0/13]	Loss 2.4488e+00 (2.4488e+00)	Acc@1  43.75 ( 43.75)	Acc@5  75.50 ( 75.50)
[EVAL] E: [85][12/13]	Loss 2.5231e+00 (2.5035e+00)	Acc@1  41.75 ( 42.71)	Acc@5  72.25 ( 73.88)
		 LR=0.07128896457822273 -- best acc so far 53.3
Train Epoch:86

[TRAIN] E: [86][ 0/63]	Loss 2.2600e+00 (2.2600e+00)	Acc@1  38.00 ( 38.00)	Acc@5  68.00 ( 68.00)
[TRAIN] E: [86][62/63]	Loss 1.9605e+00 (2.0569e+00)	Acc@1  42.50 ( 40.74)	Acc@5  70.50 ( 70.81)
[EVAL] E: [86][ 0/13]	Loss 1.9561e+00 (1.9561e+00)	Acc@1  51.12 ( 51.12)	Acc@5  80.12 ( 80.12)
[EVAL] E: [86][12/13]	Loss 1.9426e+00 (1.9236e+00)	Acc@1  47.50 ( 50.64)	Acc@5  80.00 ( 81.14)
		 LR=0.06840622763437397 -- best acc so far 53.3
Train Epoch:87

[TRAIN] E: [87][ 0/63]	Loss 2.0998e+00 (2.0998e+00)	Acc@1  39.50 ( 39.50)	Acc@5  71.62 ( 71.62)
[TRAIN] E: [87][62/63]	Loss 2.0846e+00 (2.1406e+00)	Acc@1  42.25 ( 39.49)	Acc@5  72.00 ( 69.82)
[EVAL] E: [87][ 0/13]	Loss 1.8313e+00 (1.8313e+00)	Acc@1  52.75 ( 52.75)	Acc@5  81.25 ( 81.25)
[EVAL] E: [87][12/13]	Loss 1.7992e+00 (1.8164e+00)	Acc@1  53.50 ( 52.72)	Acc@5  82.00 ( 82.32)
		 LR=0.0035111757055949515 -- best acc so far 53.3
Train Epoch:88

[TRAIN] E: [88][ 0/63]	Loss 2.0213e+00 (2.0213e+00)	Acc@1  41.25 ( 41.25)	Acc@5  72.12 ( 72.12)
[TRAIN] E: [88][62/63]	Loss 2.1426e+00 (2.0830e+00)	Acc@1  37.75 ( 40.15)	Acc@5  70.50 ( 69.98)
[EVAL] E: [88][ 0/13]	Loss 2.5193e+00 (2.5193e+00)	Acc@1  43.88 ( 43.88)	Acc@5  74.00 ( 74.00)
[EVAL] E: [88][12/13]	Loss 2.4164e+00 (2.4767e+00)	Acc@1  43.25 ( 42.68)	Acc@5  74.25 ( 74.17)
		 LR=0.09524135262338716 -- best acc so far 53.3
Train Epoch:89

[TRAIN] E: [89][ 0/63]	Loss 2.1836e+00 (2.1836e+00)	Acc@1  40.88 ( 40.88)	Acc@5  70.50 ( 70.50)
[TRAIN] E: [89][62/63]	Loss 1.9929e+00 (2.1084e+00)	Acc@1  41.25 ( 40.09)	Acc@5  69.25 ( 70.44)
[EVAL] E: [89][ 0/13]	Loss 1.9989e+00 (1.9989e+00)	Acc@1  52.62 ( 52.62)	Acc@5  80.62 ( 80.62)
[EVAL] E: [89][12/13]	Loss 1.9494e+00 (1.9512e+00)	Acc@1  51.75 ( 51.63)	Acc@5  80.75 ( 80.84)
		 LR=0.034549150281306215 -- best acc so far 53.3
Train Epoch:90

[TRAIN] E: [90][ 0/63]	Loss 2.0169e+00 (2.0169e+00)	Acc@1  40.88 ( 40.88)	Acc@5  72.62 ( 72.62)
[TRAIN] E: [90][62/63]	Loss 2.1765e+00 (2.1588e+00)	Acc@1  38.50 ( 39.29)	Acc@5  68.00 ( 69.54)
[EVAL] E: [90][ 0/13]	Loss 2.2017e+00 (2.2017e+00)	Acc@1  47.38 ( 47.38)	Acc@5  77.12 ( 77.12)
[EVAL] E: [90][12/13]	Loss 2.1677e+00 (2.1714e+00)	Acc@1  46.00 ( 47.39)	Acc@5  76.75 ( 77.16)
		 LR=0.025912316294955714 -- best acc so far 53.3
Train Epoch:91

[TRAIN] E: [91][ 0/63]	Loss 2.1452e+00 (2.1452e+00)	Acc@1  41.12 ( 41.12)	Acc@5  70.62 ( 70.62)
[TRAIN] E: [91][62/63]	Loss 2.0005e+00 (2.0599e+00)	Acc@1  38.00 ( 40.88)	Acc@5  69.25 ( 70.76)
[EVAL] E: [91][ 0/13]	Loss 2.4454e+00 (2.4454e+00)	Acc@1  45.88 ( 45.88)	Acc@5  74.00 ( 74.00)
[EVAL] E: [91][12/13]	Loss 2.5175e+00 (2.4409e+00)	Acc@1  42.00 ( 43.68)	Acc@5  73.50 ( 75.24)
		 LR=0.09842915805647566 -- best acc so far 53.3
Train Epoch:92

[TRAIN] E: [92][ 0/63]	Loss 2.1588e+00 (2.1588e+00)	Acc@1  38.88 ( 38.88)	Acc@5  67.75 ( 67.75)
[TRAIN] E: [92][62/63]	Loss 2.0798e+00 (2.1420e+00)	Acc@1  44.25 ( 39.50)	Acc@5  72.75 ( 69.83)
[EVAL] E: [92][ 0/13]	Loss 1.7953e+00 (1.7953e+00)	Acc@1  54.12 ( 54.12)	Acc@5  83.00 ( 83.00)
[EVAL] E: [92][12/13]	Loss 1.8044e+00 (1.7804e+00)	Acc@1  53.50 ( 53.65)	Acc@5  81.75 ( 82.74)
		 LR=0.007783603724906203 -- best acc so far 53.65
Train Epoch:93

[TRAIN] E: [93][ 0/63]	Loss 2.0622e+00 (2.0622e+00)	Acc@1  40.88 ( 40.88)	Acc@5  72.38 ( 72.38)
[TRAIN] E: [93][62/63]	Loss 2.4348e+00 (2.2007e+00)	Acc@1  34.75 ( 39.27)	Acc@5  66.75 ( 69.52)
[EVAL] E: [93][ 0/13]	Loss 2.1147e+00 (2.1147e+00)	Acc@1  49.62 ( 49.62)	Acc@5  79.25 ( 79.25)
[EVAL] E: [93][12/13]	Loss 2.1494e+00 (2.1193e+00)	Acc@1  48.00 ( 47.50)	Acc@5  77.75 ( 78.12)
		 LR=0.05936906572935347 -- best acc so far 53.65
Train Epoch:94

[TRAIN] E: [94][ 0/63]	Loss 2.3626e+00 (2.3626e+00)	Acc@1  35.50 ( 35.50)	Acc@5  67.75 ( 67.75)
[TRAIN] E: [94][62/63]	Loss 2.0938e+00 (2.1309e+00)	Acc@1  40.25 ( 39.73)	Acc@5  72.25 ( 70.01)
[EVAL] E: [94][ 0/13]	Loss 2.0870e+00 (2.0870e+00)	Acc@1  50.88 ( 50.88)	Acc@5  78.25 ( 78.25)
[EVAL] E: [94][12/13]	Loss 2.1285e+00 (2.1652e+00)	Acc@1  47.50 ( 47.81)	Acc@5  79.25 ( 78.67)
		 LR=0.07938926261462344 -- best acc so far 53.65
Train Epoch:95

[TRAIN] E: [95][ 0/63]	Loss 2.1603e+00 (2.1603e+00)	Acc@1  39.88 ( 39.88)	Acc@5  70.12 ( 70.12)
[TRAIN] E: [95][62/63]	Loss 2.0350e+00 (2.1882e+00)	Acc@1  44.75 ( 39.12)	Acc@5  72.50 ( 69.27)
[EVAL] E: [95][ 0/13]	Loss 1.8062e+00 (1.8062e+00)	Acc@1  53.75 ( 53.75)	Acc@5  82.50 ( 82.50)
[EVAL] E: [95][12/13]	Loss 1.7690e+00 (1.7903e+00)	Acc@1  54.00 ( 52.82)	Acc@5  84.00 ( 82.86)
		 LR=0.0003942649342761283 -- best acc so far 53.65
Train Epoch:96

[TRAIN] E: [96][ 0/63]	Loss 2.0058e+00 (2.0058e+00)	Acc@1  40.25 ( 40.25)	Acc@5  74.00 ( 74.00)
[TRAIN] E: [96][62/63]	Loss 2.1763e+00 (2.0930e+00)	Acc@1  37.25 ( 40.41)	Acc@5  69.25 ( 70.22)
[EVAL] E: [96][ 0/13]	Loss 2.2465e+00 (2.2465e+00)	Acc@1  47.62 ( 47.62)	Acc@5  76.50 ( 76.50)
[EVAL] E: [96][12/13]	Loss 2.1750e+00 (2.2086e+00)	Acc@1  49.00 ( 46.47)	Acc@5  76.50 ( 77.85)
		 LR=0.08852566213885606 -- best acc so far 53.65
Train Epoch:97

[TRAIN] E: [97][ 0/63]	Loss 2.1545e+00 (2.1545e+00)	Acc@1  40.38 ( 40.38)	Acc@5  68.75 ( 68.75)
[TRAIN] E: [97][62/63]	Loss 2.0348e+00 (2.0735e+00)	Acc@1  40.00 ( 40.43)	Acc@5  69.50 ( 70.36)
[EVAL] E: [97][ 0/13]	Loss 1.8157e+00 (1.8157e+00)	Acc@1  53.62 ( 53.62)	Acc@5  82.00 ( 82.00)
[EVAL] E: [97][12/13]	Loss 1.8314e+00 (1.8364e+00)	Acc@1  54.50 ( 52.35)	Acc@5  83.00 ( 81.88)
		 LR=0.04686047402351311 -- best acc so far 53.65
Train Epoch:98

[TRAIN] E: [98][ 0/63]	Loss 2.0403e+00 (2.0403e+00)	Acc@1  41.12 ( 41.12)	Acc@5  72.12 ( 72.12)
[TRAIN] E: [98][62/63]	Loss 2.1393e+00 (2.1664e+00)	Acc@1  37.25 ( 39.12)	Acc@5  67.25 ( 69.41)
[EVAL] E: [98][ 0/13]	Loss 1.8654e+00 (1.8654e+00)	Acc@1  53.50 ( 53.50)	Acc@5  81.12 ( 81.12)
[EVAL] E: [98][12/13]	Loss 1.8763e+00 (1.8715e+00)	Acc@1  52.50 ( 51.84)	Acc@5  82.25 ( 81.23)
		 LR=0.015772644703559224 -- best acc so far 53.65
Train Epoch:99

[TRAIN] E: [99][ 0/63]	Loss 2.0404e+00 (2.0404e+00)	Acc@1  39.62 ( 39.62)	Acc@5  70.25 ( 70.25)
[TRAIN] E: [99][62/63]	Loss 2.2624e+00 (2.0493e+00)	Acc@1  36.50 ( 40.66)	Acc@5  67.75 ( 70.70)
[EVAL] E: [99][ 0/13]	Loss 2.3381e+00 (2.3381e+00)	Acc@1  47.25 ( 47.25)	Acc@5  75.00 ( 75.00)
[EVAL] E: [99][12/13]	Loss 2.2529e+00 (2.3643e+00)	Acc@1  46.75 ( 44.73)	Acc@5  76.75 ( 76.01)
		 LR=0.10000000000002818 -- best acc so far 53.65
Train Epoch:100

[TRAIN] E: [100][ 0/63]	Loss 2.2536e+00 (2.2536e+00)	Acc@1  38.12 ( 38.12)	Acc@5  66.25 ( 66.25)
[TRAIN] E: [100][62/63]	Loss 2.0069e+00 (2.1167e+00)	Acc@1  36.75 ( 39.76)	Acc@5  71.50 ( 69.92)
[EVAL] E: [100][ 0/13]	Loss 1.7774e+00 (1.7774e+00)	Acc@1  53.88 ( 53.88)	Acc@5  82.88 ( 82.88)
[EVAL] E: [100][12/13]	Loss 1.8621e+00 (1.8085e+00)	Acc@1  53.75 ( 52.88)	Acc@5  81.25 ( 82.54)
		 LR=0.01577264470355256 -- best acc so far 53.65
Train Epoch:101

[TRAIN] E: [101][ 0/63]	Loss 1.9665e+00 (1.9665e+00)	Acc@1  42.75 ( 42.75)	Acc@5  71.12 ( 71.12)
[TRAIN] E: [101][62/63]	Loss 2.0709e+00 (2.1279e+00)	Acc@1  43.25 ( 39.88)	Acc@5  71.50 ( 69.99)
[EVAL] E: [101][ 0/13]	Loss 2.1446e+00 (2.1446e+00)	Acc@1  49.62 ( 49.62)	Acc@5  79.38 ( 79.38)
[EVAL] E: [101][12/13]	Loss 2.1116e+00 (2.1476e+00)	Acc@1  49.00 ( 48.14)	Acc@5  77.50 ( 79.04)
		 LR=0.04686047402349715 -- best acc so far 53.65
Train Epoch:102

[TRAIN] E: [102][ 0/63]	Loss 2.2429e+00 (2.2429e+00)	Acc@1  37.50 ( 37.50)	Acc@5  69.62 ( 69.62)
[TRAIN] E: [102][62/63]	Loss 2.1922e+00 (2.0389e+00)	Acc@1  39.50 ( 41.07)	Acc@5  73.50 ( 71.13)
[EVAL] E: [102][ 0/13]	Loss 2.2542e+00 (2.2542e+00)	Acc@1  49.00 ( 49.00)	Acc@5  76.62 ( 76.62)
[EVAL] E: [102][12/13]	Loss 2.3108e+00 (2.2579e+00)	Acc@1  46.75 ( 46.85)	Acc@5  77.00 ( 77.90)
		 LR=0.08852566213877314 -- best acc so far 53.65
Train Epoch:103

[TRAIN] E: [103][ 0/63]	Loss 2.0389e+00 (2.0389e+00)	Acc@1  40.12 ( 40.12)	Acc@5  70.75 ( 70.75)
[TRAIN] E: [103][62/63]	Loss 2.0040e+00 (2.1484e+00)	Acc@1  42.75 ( 39.56)	Acc@5  71.50 ( 69.87)
[EVAL] E: [103][ 0/13]	Loss 1.8201e+00 (1.8201e+00)	Acc@1  54.50 ( 54.50)	Acc@5  81.62 ( 81.62)
[EVAL] E: [103][12/13]	Loss 1.7366e+00 (1.7991e+00)	Acc@1  54.25 ( 53.25)	Acc@5  82.25 ( 82.75)
		 LR=0.00039426493427569594 -- best acc so far 53.65
Train Epoch:104

[TRAIN] E: [104][ 0/63]	Loss 1.9922e+00 (1.9922e+00)	Acc@1  41.50 ( 41.50)	Acc@5  71.00 ( 71.00)
[TRAIN] E: [104][62/63]	Loss 2.1441e+00 (2.0846e+00)	Acc@1  39.50 ( 40.23)	Acc@5  69.25 ( 70.19)
[EVAL] E: [104][ 0/13]	Loss 2.6524e+00 (2.6524e+00)	Acc@1  39.62 ( 39.62)	Acc@5  72.38 ( 72.38)
[EVAL] E: [104][12/13]	Loss 2.4933e+00 (2.5944e+00)	Acc@1  42.25 ( 40.87)	Acc@5  71.25 ( 71.67)
		 LR=0.07938926261452026 -- best acc so far 53.65
Train Epoch:105

[TRAIN] E: [105][ 0/63]	Loss 2.2822e+00 (2.2822e+00)	Acc@1  37.75 ( 37.75)	Acc@5  69.00 ( 69.00)
[TRAIN] E: [105][62/63]	Loss 2.0880e+00 (2.0715e+00)	Acc@1  40.25 ( 40.43)	Acc@5  69.75 ( 70.74)
[EVAL] E: [105][ 0/13]	Loss 2.0433e+00 (2.0433e+00)	Acc@1  51.00 ( 51.00)	Acc@5  78.38 ( 78.38)
[EVAL] E: [105][12/13]	Loss 1.9202e+00 (2.0000e+00)	Acc@1  52.00 ( 49.64)	Acc@5  79.00 ( 79.60)
		 LR=0.059369065729357344 -- best acc so far 53.65
Train Epoch:106

[TRAIN] E: [106][ 0/63]	Loss 1.9910e+00 (1.9910e+00)	Acc@1  40.88 ( 40.88)	Acc@5  71.88 ( 71.88)
[TRAIN] E: [106][62/63]	Loss 2.1346e+00 (2.1645e+00)	Acc@1  37.00 ( 38.83)	Acc@5  67.75 ( 69.66)
[EVAL] E: [106][ 0/13]	Loss 1.8637e+00 (1.8637e+00)	Acc@1  53.75 ( 53.75)	Acc@5  82.38 ( 82.38)
[EVAL] E: [106][12/13]	Loss 1.8649e+00 (1.8662e+00)	Acc@1  54.75 ( 52.20)	Acc@5  80.50 ( 81.90)
		 LR=0.007783603724909369 -- best acc so far 53.65
Train Epoch:107

[TRAIN] E: [107][ 0/63]	Loss 2.0612e+00 (2.0612e+00)	Acc@1  42.50 ( 42.50)	Acc@5  69.38 ( 69.38)
[TRAIN] E: [107][62/63]	Loss 2.1300e+00 (2.0516e+00)	Acc@1  41.25 ( 40.53)	Acc@5  71.25 ( 70.86)
[EVAL] E: [107][ 0/13]	Loss 2.2836e+00 (2.2836e+00)	Acc@1  48.00 ( 48.00)	Acc@5  77.50 ( 77.50)
[EVAL] E: [107][12/13]	Loss 2.1530e+00 (2.1732e+00)	Acc@1  48.50 ( 47.49)	Acc@5  79.50 ( 78.76)
		 LR=0.09842915805662023 -- best acc so far 53.65
Train Epoch:108

[TRAIN] E: [108][ 0/63]	Loss 2.2508e+00 (2.2508e+00)	Acc@1  38.50 ( 38.50)	Acc@5  69.88 ( 69.88)
[TRAIN] E: [108][62/63]	Loss 2.0382e+00 (2.1071e+00)	Acc@1  39.75 ( 40.04)	Acc@5  67.75 ( 70.22)
[EVAL] E: [108][ 0/13]	Loss 1.8360e+00 (1.8360e+00)	Acc@1  54.50 ( 54.50)	Acc@5  81.25 ( 81.25)
[EVAL] E: [108][12/13]	Loss 1.7810e+00 (1.8319e+00)	Acc@1  53.75 ( 53.00)	Acc@5  81.75 ( 82.01)
		 LR=0.02591231629493334 -- best acc so far 53.65
Train Epoch:109

[TRAIN] E: [109][ 0/63]	Loss 1.9955e+00 (1.9955e+00)	Acc@1  41.62 ( 41.62)	Acc@5  68.38 ( 68.38)
[TRAIN] E: [109][62/63]	Loss 2.1187e+00 (2.1491e+00)	Acc@1  39.75 ( 39.39)	Acc@5  70.25 ( 69.60)
[EVAL] E: [109][ 0/13]	Loss 2.1984e+00 (2.1984e+00)	Acc@1  49.12 ( 49.12)	Acc@5  76.88 ( 76.88)
[EVAL] E: [109][12/13]	Loss 2.1168e+00 (2.2097e+00)	Acc@1  51.00 ( 48.13)	Acc@5  78.00 ( 78.02)
		 LR=0.034549150281278446 -- best acc so far 53.65
Train Epoch:110

[TRAIN] E: [110][ 0/63]	Loss 2.0326e+00 (2.0326e+00)	Acc@1  39.00 ( 39.00)	Acc@5  71.00 ( 71.00)
[TRAIN] E: [110][62/63]	Loss 2.2088e+00 (2.0384e+00)	Acc@1  36.75 ( 40.76)	Acc@5  69.75 ( 70.93)
[EVAL] E: [110][ 0/13]	Loss 2.4672e+00 (2.4672e+00)	Acc@1  45.50 ( 45.50)	Acc@5  75.88 ( 75.88)
[EVAL] E: [110][12/13]	Loss 2.4852e+00 (2.4536e+00)	Acc@1  46.00 ( 44.84)	Acc@5  75.50 ( 76.47)
		 LR=0.09524135262343987 -- best acc so far 53.65
Train Epoch:111

[TRAIN] E: [111][ 0/63]	Loss 2.1220e+00 (2.1220e+00)	Acc@1  43.00 ( 43.00)	Acc@5  69.25 ( 69.25)
[TRAIN] E: [111][62/63]	Loss 2.0990e+00 (2.1527e+00)	Acc@1  37.50 ( 39.53)	Acc@5  67.50 ( 69.55)
[EVAL] E: [111][ 0/13]	Loss 1.8025e+00 (1.8025e+00)	Acc@1  54.88 ( 54.88)	Acc@5  81.88 ( 81.88)
[EVAL] E: [111][12/13]	Loss 1.7167e+00 (1.7859e+00)	Acc@1  55.00 ( 53.64)	Acc@5  83.25 ( 82.60)
		 LR=0.00351117570558819 -- best acc so far 53.65
Train Epoch:112

[TRAIN] E: [112][ 0/63]	Loss 2.0062e+00 (2.0062e+00)	Acc@1  40.62 ( 40.62)	Acc@5  70.50 ( 70.50)
[TRAIN] E: [112][62/63]	Loss 2.2845e+00 (2.1071e+00)	Acc@1  42.25 ( 39.93)	Acc@5  71.00 ( 70.23)
[EVAL] E: [112][ 0/13]	Loss 2.4521e+00 (2.4521e+00)	Acc@1  43.62 ( 43.62)	Acc@5  74.62 ( 74.62)
[EVAL] E: [112][12/13]	Loss 2.4627e+00 (2.4662e+00)	Acc@1  42.25 ( 43.69)	Acc@5  74.25 ( 74.10)
		 LR=0.06840622763425797 -- best acc so far 53.65
Train Epoch:113

[TRAIN] E: [113][ 0/63]	Loss 2.2180e+00 (2.2180e+00)	Acc@1  39.88 ( 39.88)	Acc@5  67.62 ( 67.62)
[TRAIN] E: [113][62/63]	Loss 1.9943e+00 (2.0394e+00)	Acc@1  40.25 ( 41.03)	Acc@5  71.25 ( 70.82)
[EVAL] E: [113][ 0/13]	Loss 2.0918e+00 (2.0918e+00)	Acc@1  48.00 ( 48.00)	Acc@5  77.88 ( 77.88)
[EVAL] E: [113][12/13]	Loss 2.0369e+00 (2.0617e+00)	Acc@1  49.25 ( 48.74)	Acc@5  77.75 ( 79.00)
		 LR=0.07128896457832495 -- best acc so far 53.65
Train Epoch:114

[TRAIN] E: [114][ 0/63]	Loss 1.9878e+00 (1.9878e+00)	Acc@1  41.62 ( 41.62)	Acc@5  68.62 ( 68.62)
[TRAIN] E: [114][62/63]	Loss 2.0332e+00 (2.1351e+00)	Acc@1  37.25 ( 39.83)	Acc@5  66.25 ( 70.04)
[EVAL] E: [114][ 0/13]	Loss 1.8162e+00 (1.8162e+00)	Acc@1  54.50 ( 54.50)	Acc@5  81.75 ( 81.75)
[EVAL] E: [114][12/13]	Loss 1.7551e+00 (1.8127e+00)	Acc@1  54.25 ( 53.10)	Acc@5  81.75 ( 82.63)
		 LR=0.0024471741852441667 -- best acc so far 53.65
Train Epoch:115

[TRAIN] E: [115][ 0/63]	Loss 1.9683e+00 (1.9683e+00)	Acc@1  42.38 ( 42.38)	Acc@5  72.38 ( 72.38)
[TRAIN] E: [115][62/63]	Loss 2.1293e+00 (2.0580e+00)	Acc@1  40.25 ( 40.41)	Acc@5  71.25 ( 70.45)
[EVAL] E: [115][ 0/13]	Loss 2.8944e+00 (2.8944e+00)	Acc@1  40.75 ( 40.75)	Acc@5  72.12 ( 72.12)
[EVAL] E: [115][12/13]	Loss 2.7839e+00 (2.9477e+00)	Acc@1  40.50 ( 38.54)	Acc@5  70.00 ( 70.83)
		 LR=0.09381533400218288 -- best acc so far 53.65
Train Epoch:116

[TRAIN] E: [116][ 0/63]	Loss 2.2494e+00 (2.2494e+00)	Acc@1  43.62 ( 43.62)	Acc@5  72.62 ( 72.62)
[TRAIN] E: [116][62/63]	Loss 2.0678e+00 (2.0624e+00)	Acc@1  39.50 ( 40.31)	Acc@5  69.00 ( 70.55)
[EVAL] E: [116][ 0/13]	Loss 1.9002e+00 (1.9002e+00)	Acc@1  52.88 ( 52.88)	Acc@5  81.00 ( 81.00)
[EVAL] E: [116][12/13]	Loss 1.8449e+00 (1.8998e+00)	Acc@1  51.75 ( 52.01)	Acc@5  80.00 ( 81.45)
		 LR=0.03756550564177784 -- best acc so far 53.65
Train Epoch:117

[TRAIN] E: [117][ 0/63]	Loss 1.9960e+00 (1.9960e+00)	Acc@1  40.75 ( 40.75)	Acc@5  71.00 ( 71.00)
[TRAIN] E: [117][62/63]	Loss 2.0748e+00 (2.1427e+00)	Acc@1  41.50 ( 39.23)	Acc@5  74.75 ( 69.53)
[EVAL] E: [117][ 0/13]	Loss 1.8935e+00 (1.8935e+00)	Acc@1  53.38 ( 53.38)	Acc@5  80.62 ( 80.62)
[EVAL] E: [117][12/13]	Loss 1.7844e+00 (1.9078e+00)	Acc@1  55.50 ( 51.96)	Acc@5  83.50 ( 81.24)
		 LR=0.023208660251063613 -- best acc so far 53.65
Train Epoch:118

[TRAIN] E: [118][ 0/63]	Loss 2.0161e+00 (2.0161e+00)	Acc@1  42.00 ( 42.00)	Acc@5  71.38 ( 71.38)
[TRAIN] E: [118][62/63]	Loss 2.2616e+00 (2.0350e+00)	Acc@1  37.25 ( 40.98)	Acc@5  66.00 ( 71.07)
[EVAL] E: [118][ 0/13]	Loss 2.3952e+00 (2.3952e+00)	Acc@1  44.50 ( 44.50)	Acc@5  74.12 ( 74.12)
[EVAL] E: [118][12/13]	Loss 2.2917e+00 (2.3407e+00)	Acc@1  42.25 ( 43.88)	Acc@5  74.25 ( 75.54)
		 LR=0.09911436253637862 -- best acc so far 53.65
Train Epoch:119

[TRAIN] E: [119][ 0/63]	Loss 2.1384e+00 (2.1384e+00)	Acc@1  40.00 ( 40.00)	Acc@5  70.25 ( 70.25)
[TRAIN] E: [119][62/63]	Loss 2.0167e+00 (2.1144e+00)	Acc@1  44.50 ( 39.76)	Acc@5  76.00 ( 70.26)
[EVAL] E: [119][ 0/13]	Loss 1.7844e+00 (1.7844e+00)	Acc@1  54.00 ( 54.00)	Acc@5  83.00 ( 83.00)
[EVAL] E: [119][12/13]	Loss 1.7265e+00 (1.7700e+00)	Acc@1  56.50 ( 54.20)	Acc@5  83.25 ( 82.95)
		 LR=0.009549150281252446 -- best acc so far 54.2
Train Epoch:120

[TRAIN] E: [120][ 0/63]	Loss 1.9592e+00 (1.9592e+00)	Acc@1  43.88 ( 43.88)	Acc@5  70.62 ( 70.62)
[TRAIN] E: [120][62/63]	Loss 2.0581e+00 (2.1095e+00)	Acc@1  44.25 ( 39.92)	Acc@5  72.25 ( 70.04)
[EVAL] E: [120][ 0/13]	Loss 2.1546e+00 (2.1546e+00)	Acc@1  48.75 ( 48.75)	Acc@5  79.00 ( 79.00)
[EVAL] E: [120][12/13]	Loss 2.2686e+00 (2.2003e+00)	Acc@1  44.00 ( 47.76)	Acc@5  78.75 ( 78.59)
		 LR=0.05626666167822765 -- best acc so far 54.2
Train Epoch:121

[TRAIN] E: [121][ 0/63]	Loss 2.1688e+00 (2.1688e+00)	Acc@1  39.00 ( 39.00)	Acc@5  71.38 ( 71.38)
[TRAIN] E: [121][62/63]	Loss 2.0741e+00 (2.0352e+00)	Acc@1  39.25 ( 40.95)	Acc@5  71.50 ( 71.08)
[EVAL] E: [121][ 0/13]	Loss 2.1772e+00 (2.1772e+00)	Acc@1  48.75 ( 48.75)	Acc@5  76.38 ( 76.38)
[EVAL] E: [121][12/13]	Loss 2.1049e+00 (2.1854e+00)	Acc@1  49.50 ( 46.89)	Acc@5  77.50 ( 77.03)
		 LR=0.08187119948735617 -- best acc so far 54.2
Train Epoch:122

[TRAIN] E: [122][ 0/63]	Loss 2.1513e+00 (2.1513e+00)	Acc@1  41.00 ( 41.00)	Acc@5  71.75 ( 71.75)
[TRAIN] E: [122][62/63]	Loss 2.1203e+00 (2.1636e+00)	Acc@1  44.75 ( 39.46)	Acc@5  72.50 ( 69.25)
[EVAL] E: [122][ 0/13]	Loss 1.8303e+00 (1.8303e+00)	Acc@1  53.88 ( 53.88)	Acc@5  81.38 ( 81.38)
[EVAL] E: [122][12/13]	Loss 1.7264e+00 (1.8041e+00)	Acc@1  53.75 ( 52.93)	Acc@5  81.75 ( 82.34)
		 LR=9.866357858631651e-05 -- best acc so far 54.2
Train Epoch:123

[TRAIN] E: [123][ 0/63]	Loss 2.1214e+00 (2.1214e+00)	Acc@1  36.62 ( 36.62)	Acc@5  68.00 ( 68.00)
[TRAIN] E: [123][62/63]	Loss 2.2121e+00 (2.0768e+00)	Acc@1  40.00 ( 39.95)	Acc@5  70.00 ( 70.15)
[EVAL] E: [123][ 0/13]	Loss 2.3087e+00 (2.3087e+00)	Acc@1  47.75 ( 47.75)	Acc@5  77.88 ( 77.88)
[EVAL] E: [123][12/13]	Loss 2.2485e+00 (2.3071e+00)	Acc@1  47.50 ( 45.16)	Acc@5  79.00 ( 77.34)
		 LR=0.08644843137104619 -- best acc so far 54.2
Train Epoch:124

[TRAIN] E: [124][ 0/63]	Loss 2.1938e+00 (2.1938e+00)	Acc@1  39.88 ( 39.88)	Acc@5  70.50 ( 70.50)
[TRAIN] E: [124][62/63]	Loss 2.0672e+00 (2.0508e+00)	Acc@1  40.75 ( 40.76)	Acc@5  68.25 ( 70.98)
[EVAL] E: [124][ 0/13]	Loss 1.9053e+00 (1.9053e+00)	Acc@1  52.25 ( 52.25)	Acc@5  81.38 ( 81.38)
[EVAL] E: [124][12/13]	Loss 1.8866e+00 (1.8936e+00)	Acc@1  51.25 ( 51.73)	Acc@5  81.25 ( 81.30)
		 LR=0.05000000000010727 -- best acc so far 54.2
Train Epoch:125

[TRAIN] E: [125][ 0/63]	Loss 2.0512e+00 (2.0512e+00)	Acc@1  41.62 ( 41.62)	Acc@5  71.88 ( 71.88)
[TRAIN] E: [125][62/63]	Loss 1.9632e+00 (2.1392e+00)	Acc@1  39.75 ( 39.68)	Acc@5  69.75 ( 69.92)
[EVAL] E: [125][ 0/13]	Loss 1.8533e+00 (1.8533e+00)	Acc@1  54.88 ( 54.88)	Acc@5  81.75 ( 81.75)
[EVAL] E: [125][12/13]	Loss 1.8182e+00 (1.8820e+00)	Acc@1  53.25 ( 51.88)	Acc@5  81.25 ( 81.97)
		 LR=0.013551568628960783 -- best acc so far 54.2
Train Epoch:126

[TRAIN] E: [126][ 0/63]	Loss 2.0671e+00 (2.0671e+00)	Acc@1  37.00 ( 37.00)	Acc@5  70.25 ( 70.25)
[TRAIN] E: [126][62/63]	Loss 2.1904e+00 (2.0372e+00)	Acc@1  39.50 ( 41.02)	Acc@5  70.00 ( 70.95)
[EVAL] E: [126][ 0/13]	Loss 2.3202e+00 (2.3202e+00)	Acc@1  46.25 ( 46.25)	Acc@5  75.50 ( 75.50)
[EVAL] E: [126][12/13]	Loss 2.2667e+00 (2.3444e+00)	Acc@1  45.50 ( 44.28)	Acc@5  75.00 ( 75.14)
		 LR=0.09990133642152023 -- best acc so far 54.2
Train Epoch:127

[TRAIN] E: [127][ 0/63]	Loss 2.1930e+00 (2.1930e+00)	Acc@1  36.62 ( 36.62)	Acc@5  67.12 ( 67.12)
[TRAIN] E: [127][62/63]	Loss 2.1473e+00 (2.1081e+00)	Acc@1  38.25 ( 39.75)	Acc@5  69.75 ( 70.12)
[EVAL] E: [127][ 0/13]	Loss 1.8347e+00 (1.8347e+00)	Acc@1  54.12 ( 54.12)	Acc@5  81.62 ( 81.62)
[EVAL] E: [127][12/13]	Loss 1.7747e+00 (1.8007e+00)	Acc@1  53.50 ( 53.57)	Acc@5  83.25 ( 82.45)
		 LR=0.018128800512597684 -- best acc so far 54.2
Train Epoch:128

[TRAIN] E: [128][ 0/63]	Loss 2.0123e+00 (2.0123e+00)	Acc@1  43.75 ( 43.75)	Acc@5  73.62 ( 73.62)
[TRAIN] E: [128][62/63]	Loss 2.1623e+00 (2.1241e+00)	Acc@1  41.25 ( 39.74)	Acc@5  68.75 ( 69.99)
[EVAL] E: [128][ 0/13]	Loss 2.3647e+00 (2.3647e+00)	Acc@1  44.50 ( 44.50)	Acc@5  75.50 ( 75.50)
[EVAL] E: [128][12/13]	Loss 2.3640e+00 (2.3090e+00)	Acc@1  47.50 ( 46.18)	Acc@5  75.50 ( 76.24)
		 LR=0.043733338321863026 -- best acc so far 54.2
Train Epoch:129

[TRAIN] E: [129][ 0/63]	Loss 2.1164e+00 (2.1164e+00)	Acc@1  42.25 ( 42.25)	Acc@5  71.38 ( 71.38)
[TRAIN] E: [129][62/63]	Loss 2.0653e+00 (2.0284e+00)	Acc@1  39.75 ( 41.10)	Acc@5  69.00 ( 70.76)
[EVAL] E: [129][ 0/13]	Loss 2.3857e+00 (2.3857e+00)	Acc@1  45.75 ( 45.75)	Acc@5  74.38 ( 74.38)
[EVAL] E: [129][12/13]	Loss 2.2363e+00 (2.3451e+00)	Acc@1  45.75 ( 44.71)	Acc@5  76.50 ( 75.71)
		 LR=0.09045084971897016 -- best acc so far 54.2
Train Epoch:130

[TRAIN] E: [130][ 0/63]	Loss 2.2099e+00 (2.2099e+00)	Acc@1  40.25 ( 40.25)	Acc@5  69.75 ( 69.75)
[TRAIN] E: [130][62/63]	Loss 2.1106e+00 (2.1329e+00)	Acc@1  36.75 ( 39.76)	Acc@5  69.00 ( 69.88)
[EVAL] E: [130][ 0/13]	Loss 1.8044e+00 (1.8044e+00)	Acc@1  55.12 ( 55.12)	Acc@5  81.62 ( 81.62)
[EVAL] E: [130][12/13]	Loss 1.7451e+00 (1.7883e+00)	Acc@1  54.75 ( 53.71)	Acc@5  84.50 ( 82.80)
		 LR=0.0008856374635648323 -- best acc so far 54.2
Train Epoch:131

[TRAIN] E: [131][ 0/63]	Loss 1.9984e+00 (1.9984e+00)	Acc@1  43.50 ( 43.50)	Acc@5  73.12 ( 73.12)
[TRAIN] E: [131][62/63]	Loss 2.2796e+00 (2.0837e+00)	Acc@1  39.50 ( 40.26)	Acc@5  69.00 ( 70.15)
[EVAL] E: [131][ 0/13]	Loss 2.3932e+00 (2.3932e+00)	Acc@1  47.12 ( 47.12)	Acc@5  75.62 ( 75.62)
[EVAL] E: [131][12/13]	Loss 2.4029e+00 (2.4352e+00)	Acc@1  46.75 ( 44.39)	Acc@5  74.25 ( 74.62)
		 LR=0.07679133974891678 -- best acc so far 54.2
Train Epoch:132

[TRAIN] E: [132][ 0/63]	Loss 2.1638e+00 (2.1638e+00)	Acc@1  37.00 ( 37.00)	Acc@5  69.25 ( 69.25)
[TRAIN] E: [132][62/63]	Loss 1.9482e+00 (2.0384e+00)	Acc@1  40.50 ( 40.82)	Acc@5  72.50 ( 70.87)
[EVAL] E: [132][ 0/13]	Loss 1.9651e+00 (1.9651e+00)	Acc@1  51.88 ( 51.88)	Acc@5  79.88 ( 79.88)
[EVAL] E: [132][12/13]	Loss 1.9665e+00 (1.9331e+00)	Acc@1  49.75 ( 50.44)	Acc@5  78.75 ( 81.26)
		 LR=0.06243449435825534 -- best acc so far 54.2
Train Epoch:133

[TRAIN] E: [133][ 0/63]	Loss 1.9729e+00 (1.9729e+00)	Acc@1  40.38 ( 40.38)	Acc@5  71.75 ( 71.75)
[TRAIN] E: [133][62/63]	Loss 1.8363e+00 (2.1412e+00)	Acc@1  41.25 ( 39.71)	Acc@5  72.75 ( 69.60)
[EVAL] E: [133][ 0/13]	Loss 1.8965e+00 (1.8965e+00)	Acc@1  52.88 ( 52.88)	Acc@5  81.50 ( 81.50)
[EVAL] E: [133][12/13]	Loss 1.7794e+00 (1.8579e+00)	Acc@1  53.25 ( 52.44)	Acc@5  82.00 ( 81.69)
		 LR=0.006184665997808903 -- best acc so far 54.2
Train Epoch:134

[TRAIN] E: [134][ 0/63]	Loss 1.9895e+00 (1.9895e+00)	Acc@1  42.88 ( 42.88)	Acc@5  70.00 ( 70.00)
[TRAIN] E: [134][62/63]	Loss 2.2414e+00 (2.0447e+00)	Acc@1  33.75 ( 40.83)	Acc@5  67.00 ( 70.66)
[EVAL] E: [134][ 0/13]	Loss 2.6681e+00 (2.6681e+00)	Acc@1  41.75 ( 41.75)	Acc@5  72.12 ( 72.12)
[EVAL] E: [134][12/13]	Loss 2.6309e+00 (2.7217e+00)	Acc@1  42.50 ( 39.96)	Acc@5  71.25 ( 71.48)
		 LR=0.09755282581484592 -- best acc so far 54.2
Train Epoch:135

[TRAIN] E: [135][ 0/63]	Loss 2.2094e+00 (2.2094e+00)	Acc@1  40.12 ( 40.12)	Acc@5  71.00 ( 71.00)
[TRAIN] E: [135][62/63]	Loss 2.1139e+00 (2.0844e+00)	Acc@1  39.50 ( 40.30)	Acc@5  71.00 ( 70.47)
[EVAL] E: [135][ 0/13]	Loss 1.8193e+00 (1.8193e+00)	Acc@1  54.12 ( 54.12)	Acc@5  81.62 ( 81.62)
[EVAL] E: [135][12/13]	Loss 1.7243e+00 (1.8439e+00)	Acc@1  55.50 ( 52.53)	Acc@5  82.00 ( 81.97)
		 LR=0.028711035421790532 -- best acc so far 54.2
Train Epoch:136

[TRAIN] E: [136][ 0/63]	Loss 2.0591e+00 (2.0591e+00)	Acc@1  38.25 ( 38.25)	Acc@5  66.50 ( 66.50)
[TRAIN] E: [136][62/63]	Loss 2.0744e+00 (2.1253e+00)	Acc@1  39.75 ( 39.99)	Acc@5  69.25 ( 69.82)
[EVAL] E: [136][ 0/13]	Loss 1.9283e+00 (1.9283e+00)	Acc@1  52.12 ( 52.12)	Acc@5  82.50 ( 82.50)
[EVAL] E: [136][12/13]	Loss 1.9246e+00 (1.9676e+00)	Acc@1  51.25 ( 50.72)	Acc@5  80.00 ( 81.17)
		 LR=0.03159377236581689 -- best acc so far 54.2
Train Epoch:137

[TRAIN] E: [137][ 0/63]	Loss 2.0652e+00 (2.0652e+00)	Acc@1  38.00 ( 38.00)	Acc@5  67.88 ( 67.88)
[TRAIN] E: [137][62/63]	Loss 2.1392e+00 (2.0283e+00)	Acc@1  39.75 ( 40.86)	Acc@5  71.50 ( 70.78)
[EVAL] E: [137][ 0/13]	Loss 2.3896e+00 (2.3896e+00)	Acc@1  44.75 ( 44.75)	Acc@5  75.75 ( 75.75)
[EVAL] E: [137][12/13]	Loss 2.3245e+00 (2.4439e+00)	Acc@1  42.75 ( 43.32)	Acc@5  76.50 ( 75.22)
		 LR=0.09648882429428189 -- best acc so far 54.2
Train Epoch:138

[TRAIN] E: [138][ 0/63]	Loss 2.1981e+00 (2.1981e+00)	Acc@1  38.75 ( 38.75)	Acc@5  66.00 ( 66.00)
[TRAIN] E: [138][62/63]	Loss 2.0713e+00 (2.1352e+00)	Acc@1  42.75 ( 39.80)	Acc@5  71.00 ( 69.99)
[EVAL] E: [138][ 0/13]	Loss 1.7486e+00 (1.7486e+00)	Acc@1  54.38 ( 54.38)	Acc@5  82.50 ( 82.50)
[EVAL] E: [138][12/13]	Loss 1.7269e+00 (1.7635e+00)	Acc@1  54.50 ( 54.08)	Acc@5  83.00 ( 82.78)
		 LR=0.004758647376695452 -- best acc so far 54.2
Train Epoch:139

[TRAIN] E: [139][ 0/63]	Loss 1.9890e+00 (1.9890e+00)	Acc@1  41.38 ( 41.38)	Acc@5  68.12 ( 68.12)
[TRAIN] E: [139][62/63]	Loss 2.2480e+00 (2.0932e+00)	Acc@1  36.50 ( 40.21)	Acc@5  62.00 ( 70.37)
[EVAL] E: [139][ 0/13]	Loss 2.1307e+00 (2.1307e+00)	Acc@1  49.25 ( 49.25)	Acc@5  79.00 ( 79.00)
[EVAL] E: [139][12/13]	Loss 2.1006e+00 (2.1209e+00)	Acc@1  45.50 ( 48.21)	Acc@5  78.25 ( 79.38)
		 LR=0.06545084971870385 -- best acc so far 54.2
Train Epoch:140

[TRAIN] E: [140][ 0/63]	Loss 2.0772e+00 (2.0772e+00)	Acc@1  38.50 ( 38.50)	Acc@5  67.75 ( 67.75)
[TRAIN] E: [140][62/63]	Loss 1.9996e+00 (2.0294e+00)	Acc@1  39.75 ( 41.10)	Acc@5  71.25 ( 70.77)
[EVAL] E: [140][ 0/13]	Loss 2.2327e+00 (2.2327e+00)	Acc@1  47.62 ( 47.62)	Acc@5  76.88 ( 76.88)
[EVAL] E: [140][12/13]	Loss 2.0841e+00 (2.1599e+00)	Acc@1  47.50 ( 47.62)	Acc@5  77.75 ( 78.54)
		 LR=0.07408768370508521 -- best acc so far 54.2
Train Epoch:141

[TRAIN] E: [141][ 0/63]	Loss 2.1242e+00 (2.1242e+00)	Acc@1  40.38 ( 40.38)	Acc@5  70.12 ( 70.12)
[TRAIN] E: [141][62/63]	Loss 2.0964e+00 (2.1373e+00)	Acc@1  44.50 ( 39.92)	Acc@5  71.50 ( 70.08)
[EVAL] E: [141][ 0/13]	Loss 1.8160e+00 (1.8160e+00)	Acc@1  54.38 ( 54.38)	Acc@5  81.62 ( 81.62)
[EVAL] E: [141][12/13]	Loss 1.6872e+00 (1.8068e+00)	Acc@1  55.75 ( 53.17)	Acc@5  84.00 ( 82.16)
		 LR=0.001570841943568569 -- best acc so far 54.2
Train Epoch:142

[TRAIN] E: [142][ 0/63]	Loss 2.0371e+00 (2.0371e+00)	Acc@1  39.50 ( 39.50)	Acc@5  69.12 ( 69.12)
[TRAIN] E: [142][62/63]	Loss 2.3676e+00 (2.0916e+00)	Acc@1  36.75 ( 40.11)	Acc@5  65.00 ( 70.09)
[EVAL] E: [142][ 0/13]	Loss 2.5277e+00 (2.5277e+00)	Acc@1  44.12 ( 44.12)	Acc@5  76.62 ( 76.62)
[EVAL] E: [142][12/13]	Loss 2.3255e+00 (2.5155e+00)	Acc@1  45.00 ( 43.47)	Acc@5  76.00 ( 74.82)
		 LR=0.0922163962751684 -- best acc so far 54.2
Train Epoch:143

[TRAIN] E: [143][ 0/63]	Loss 2.4057e+00 (2.4057e+00)	Acc@1  36.62 ( 36.62)	Acc@5  69.50 ( 69.50)
[TRAIN] E: [143][62/63]	Loss 2.0616e+00 (2.1080e+00)	Acc@1  40.25 ( 39.96)	Acc@5  70.50 ( 70.00)
[EVAL] E: [143][ 0/13]	Loss 1.8575e+00 (1.8575e+00)	Acc@1  52.50 ( 52.50)	Acc@5  81.88 ( 81.88)
[EVAL] E: [143][12/13]	Loss 1.8361e+00 (1.8673e+00)	Acc@1  51.50 ( 52.33)	Acc@5  83.75 ( 81.66)
		 LR=0.04063093427077066 -- best acc so far 54.2
Train Epoch:144

[TRAIN] E: [144][ 0/63]	Loss 2.0342e+00 (2.0342e+00)	Acc@1  41.88 ( 41.88)	Acc@5  69.88 ( 69.88)
[TRAIN] E: [144][62/63]	Loss 2.1251e+00 (2.1358e+00)	Acc@1  41.00 ( 39.70)	Acc@5  72.25 ( 69.96)
[EVAL] E: [144][ 0/13]	Loss 2.0418e+00 (2.0418e+00)	Acc@1  51.12 ( 51.12)	Acc@5  79.62 ( 79.62)
[EVAL] E: [144][12/13]	Loss 1.9143e+00 (2.0448e+00)	Acc@1  49.75 ( 50.29)	Acc@5  80.25 ( 80.05)
		 LR=0.020610737385405448 -- best acc so far 54.2
Train Epoch:145

[TRAIN] E: [145][ 0/63]	Loss 1.9732e+00 (1.9732e+00)	Acc@1  44.38 ( 44.38)	Acc@5  75.38 ( 75.38)
[TRAIN] E: [145][62/63]	Loss 2.3317e+00 (2.0258e+00)	Acc@1  38.50 ( 41.03)	Acc@5  70.75 ( 70.85)
[EVAL] E: [145][ 0/13]	Loss 2.8045e+00 (2.8045e+00)	Acc@1  39.75 ( 39.75)	Acc@5  71.75 ( 71.75)
[EVAL] E: [145][12/13]	Loss 2.8925e+00 (2.9082e+00)	Acc@1  37.00 ( 38.82)	Acc@5  69.25 ( 70.48)
		 LR=0.0996057350659312 -- best acc so far 54.2
Train Epoch:146

[TRAIN] E: [146][ 0/63]	Loss 2.3248e+00 (2.3248e+00)	Acc@1  37.62 ( 37.62)	Acc@5  65.88 ( 65.88)
[TRAIN] E: [146][62/63]	Loss 1.9619e+00 (2.1306e+00)	Acc@1  45.25 ( 39.91)	Acc@5  73.50 ( 69.89)
[EVAL] E: [146][ 0/13]	Loss 1.7923e+00 (1.7923e+00)	Acc@1  53.88 ( 53.88)	Acc@5  83.12 ( 83.12)
[EVAL] E: [146][12/13]	Loss 1.6682e+00 (1.7707e+00)	Acc@1  56.25 ( 53.62)	Acc@5  83.50 ( 83.15)
		 LR=0.011474337861242231 -- best acc so far 54.2
Train Epoch:147

[TRAIN] E: [147][ 0/63]	Loss 1.9881e+00 (1.9881e+00)	Acc@1  43.88 ( 43.88)	Acc@5  74.12 ( 74.12)
[TRAIN] E: [147][62/63]	Loss 2.0988e+00 (2.0991e+00)	Acc@1  39.25 ( 39.99)	Acc@5  68.25 ( 70.29)
[EVAL] E: [147][ 0/13]	Loss 2.0553e+00 (2.0553e+00)	Acc@1  51.50 ( 51.50)	Acc@5  79.50 ( 79.50)
[EVAL] E: [147][12/13]	Loss 1.9366e+00 (2.0478e+00)	Acc@1  51.75 ( 49.05)	Acc@5  81.50 ( 79.69)
		 LR=0.05313952597661192 -- best acc so far 54.2
Train Epoch:148

[TRAIN] E: [148][ 0/63]	Loss 2.1064e+00 (2.1064e+00)	Acc@1  39.38 ( 39.38)	Acc@5  69.88 ( 69.88)
[TRAIN] E: [148][62/63]	Loss 2.1069e+00 (2.0278e+00)	Acc@1  39.00 ( 40.89)	Acc@5  68.75 ( 70.84)
[EVAL] E: [148][ 0/13]	Loss 2.0512e+00 (2.0512e+00)	Acc@1  48.38 ( 48.38)	Acc@5  79.88 ( 79.88)
[EVAL] E: [148][12/13]	Loss 2.0648e+00 (2.0893e+00)	Acc@1  48.00 ( 48.69)	Acc@5  78.25 ( 78.75)
		 LR=0.08422735529642048 -- best acc so far 54.2
Train Epoch:149

[TRAIN] E: [149][ 0/63]	Loss 2.0554e+00 (2.0554e+00)	Acc@1  40.88 ( 40.88)	Acc@5  71.00 ( 71.00)
[TRAIN] E: [149][62/63]	Loss 1.9482e+00 (2.1158e+00)	Acc@1  36.50 ( 39.78)	Acc@5  69.25 ( 69.75)
[EVAL] E: [149][ 0/13]	Loss 1.8173e+00 (1.8173e+00)	Acc@1  55.38 ( 55.38)	Acc@5  82.50 ( 82.50)
[EVAL] E: [149][12/13]	Loss 1.7506e+00 (1.8033e+00)	Acc@1  55.75 ( 53.37)	Acc@5  82.25 ( 82.95)
		 LR=0.0 -- best acc so far 54.2
Train Epoch:150

[TRAIN] E: [150][ 0/63]	Loss 2.0119e+00 (2.0119e+00)	Acc@1  42.25 ( 42.25)	Acc@5  71.50 ( 71.50)
[TRAIN] E: [150][62/63]	Loss 2.2130e+00 (2.0800e+00)	Acc@1  35.75 ( 40.09)	Acc@5  69.25 ( 70.24)
[EVAL] E: [150][ 0/13]	Loss 2.4949e+00 (2.4949e+00)	Acc@1  43.75 ( 43.75)	Acc@5  74.25 ( 74.25)
[EVAL] E: [150][12/13]	Loss 2.5394e+00 (2.5311e+00)	Acc@1  40.00 ( 41.75)	Acc@5  76.00 ( 74.25)
		 LR=0.08422735529647665 -- best acc so far 54.2
Train Epoch:151

[TRAIN] E: [151][ 0/63]	Loss 2.2521e+00 (2.2521e+00)	Acc@1  39.62 ( 39.62)	Acc@5  69.25 ( 69.25)
[TRAIN] E: [151][62/63]	Loss 1.9355e+00 (2.0531e+00)	Acc@1  45.00 ( 40.88)	Acc@5  72.50 ( 70.61)
[EVAL] E: [151][ 0/13]	Loss 1.9371e+00 (1.9371e+00)	Acc@1  51.38 ( 51.38)	Acc@5  80.25 ( 80.25)
[EVAL] E: [151][12/13]	Loss 1.8679e+00 (1.9409e+00)	Acc@1  52.50 ( 50.95)	Acc@5  80.50 ( 80.47)
		 LR=0.053139525976523445 -- best acc so far 54.2
Train Epoch:152

[TRAIN] E: [152][ 0/63]	Loss 1.9949e+00 (1.9949e+00)	Acc@1  39.12 ( 39.12)	Acc@5  70.00 ( 70.00)
[TRAIN] E: [152][62/63]	Loss 2.0957e+00 (2.1254e+00)	Acc@1  36.25 ( 39.71)	Acc@5  66.00 ( 69.35)
[EVAL] E: [152][ 0/13]	Loss 1.8899e+00 (1.8899e+00)	Acc@1  52.25 ( 52.25)	Acc@5  80.75 ( 80.75)
[EVAL] E: [152][12/13]	Loss 1.8405e+00 (1.8593e+00)	Acc@1  52.75 ( 51.71)	Acc@5  79.75 ( 81.61)
		 LR=0.011474337861223594 -- best acc so far 54.2
Train Epoch:153

[TRAIN] E: [153][ 0/63]	Loss 2.1101e+00 (2.1101e+00)	Acc@1  40.88 ( 40.88)	Acc@5  69.38 ( 69.38)
[TRAIN] E: [153][62/63]	Loss 2.1896e+00 (2.0310e+00)	Acc@1  36.50 ( 41.06)	Acc@5  70.25 ( 70.96)
[EVAL] E: [153][ 0/13]	Loss 2.4723e+00 (2.4723e+00)	Acc@1  43.00 ( 43.00)	Acc@5  72.50 ( 72.50)
[EVAL] E: [153][12/13]	Loss 2.2936e+00 (2.4364e+00)	Acc@1  43.75 ( 42.07)	Acc@5  73.75 ( 72.82)
		 LR=0.09960573506591439 -- best acc so far 54.2
Train Epoch:154

[TRAIN] E: [154][ 0/63]	Loss 2.1629e+00 (2.1629e+00)	Acc@1  39.75 ( 39.75)	Acc@5  70.75 ( 70.75)
[TRAIN] E: [154][62/63]	Loss 2.0137e+00 (2.2468e+00)	Acc@1  39.75 ( 38.85)	Acc@5  68.00 ( 68.27)
[EVAL] E: [154][ 0/13]	Loss 1.8770e+00 (1.8770e+00)	Acc@1  53.12 ( 53.12)	Acc@5  81.88 ( 81.88)
[EVAL] E: [154][12/13]	Loss 1.7502e+00 (1.8645e+00)	Acc@1  52.75 ( 52.39)	Acc@5  82.75 ( 81.87)
		 LR=0.0206107373853563 -- best acc so far 54.2
Train Epoch:155

[TRAIN] E: [155][ 0/63]	Loss 2.0594e+00 (2.0594e+00)	Acc@1  39.12 ( 39.12)	Acc@5  68.62 ( 68.62)
[TRAIN] E: [155][62/63]	Loss 2.0503e+00 (2.1482e+00)	Acc@1  40.00 ( 39.34)	Acc@5  73.00 ( 69.48)
[EVAL] E: [155][ 0/13]	Loss 1.9466e+00 (1.9466e+00)	Acc@1  52.50 ( 52.50)	Acc@5  80.62 ( 80.62)
[EVAL] E: [155][12/13]	Loss 1.9318e+00 (1.9356e+00)	Acc@1  51.00 ( 50.86)	Acc@5  80.00 ( 81.00)
		 LR=0.04063093427067707 -- best acc so far 54.2
Train Epoch:156

[TRAIN] E: [156][ 0/63]	Loss 2.1299e+00 (2.1299e+00)	Acc@1  38.00 ( 38.00)	Acc@5  68.75 ( 68.75)
[TRAIN] E: [156][62/63]	Loss 2.1307e+00 (2.0316e+00)	Acc@1  44.50 ( 40.76)	Acc@5  70.75 ( 70.63)
[EVAL] E: [156][ 0/13]	Loss 2.2506e+00 (2.2506e+00)	Acc@1  44.50 ( 44.50)	Acc@5  75.88 ( 75.88)
[EVAL] E: [156][12/13]	Loss 2.1263e+00 (2.2631e+00)	Acc@1  45.25 ( 45.48)	Acc@5  78.00 ( 77.37)
		 LR=0.09221639627506732 -- best acc so far 54.2
Train Epoch:157

[TRAIN] E: [157][ 0/63]	Loss 2.2175e+00 (2.2175e+00)	Acc@1  36.88 ( 36.88)	Acc@5  67.50 ( 67.50)
[TRAIN] E: [157][62/63]	Loss 1.9149e+00 (2.1309e+00)	Acc@1  42.00 ( 39.76)	Acc@5  73.00 ( 69.82)
[EVAL] E: [157][ 0/13]	Loss 1.7808e+00 (1.7808e+00)	Acc@1  54.75 ( 54.75)	Acc@5  81.62 ( 81.62)
[EVAL] E: [157][12/13]	Loss 1.7041e+00 (1.7840e+00)	Acc@1  54.25 ( 53.55)	Acc@5  82.25 ( 82.72)
		 LR=0.0015708419435693153 -- best acc so far 54.2
Train Epoch:158

[TRAIN] E: [158][ 0/63]	Loss 1.9687e+00 (1.9687e+00)	Acc@1  42.25 ( 42.25)	Acc@5  72.50 ( 72.50)
[TRAIN] E: [158][62/63]	Loss 2.1531e+00 (2.0923e+00)	Acc@1  37.50 ( 40.32)	Acc@5  69.50 ( 70.13)
[EVAL] E: [158][ 0/13]	Loss 2.4548e+00 (2.4548e+00)	Acc@1  46.50 ( 46.50)	Acc@5  77.50 ( 77.50)
[EVAL] E: [158][12/13]	Loss 2.5071e+00 (2.4938e+00)	Acc@1  45.25 ( 44.15)	Acc@5  76.75 ( 75.95)
		 LR=0.07408768370510953 -- best acc so far 54.2
Train Epoch:159

[TRAIN] E: [159][ 0/63]	Loss 2.1982e+00 (2.1982e+00)	Acc@1  37.50 ( 37.50)	Acc@5  67.62 ( 67.62)
[TRAIN] E: [159][62/63]	Loss 2.0051e+00 (2.0487e+00)	Acc@1  42.75 ( 40.78)	Acc@5  71.25 ( 70.70)
[EVAL] E: [159][ 0/13]	Loss 2.0725e+00 (2.0725e+00)	Acc@1  49.75 ( 49.75)	Acc@5  77.62 ( 77.62)
[EVAL] E: [159][12/13]	Loss 2.0157e+00 (2.0520e+00)	Acc@1  48.75 ( 49.36)	Acc@5  79.75 ( 78.96)
		 LR=0.06545084971881525 -- best acc so far 54.2
Train Epoch:160

[TRAIN] E: [160][ 0/63]	Loss 2.0888e+00 (2.0888e+00)	Acc@1  39.00 ( 39.00)	Acc@5  69.00 ( 69.00)
[TRAIN] E: [160][62/63]	Loss 1.9600e+00 (2.1268e+00)	Acc@1  41.75 ( 40.12)	Acc@5  71.00 ( 69.97)
[EVAL] E: [160][ 0/13]	Loss 1.8253e+00 (1.8253e+00)	Acc@1  53.12 ( 53.12)	Acc@5  82.00 ( 82.00)
[EVAL] E: [160][12/13]	Loss 1.7762e+00 (1.8286e+00)	Acc@1  54.75 ( 52.63)	Acc@5  82.75 ( 82.25)
		 LR=0.004758647376705531 -- best acc so far 54.2
Train Epoch:161

[TRAIN] E: [161][ 0/63]	Loss 1.9868e+00 (1.9868e+00)	Acc@1  42.25 ( 42.25)	Acc@5  72.00 ( 72.00)
[TRAIN] E: [161][62/63]	Loss 2.1838e+00 (2.0495e+00)	Acc@1  36.50 ( 40.72)	Acc@5  66.75 ( 70.69)
[EVAL] E: [161][ 0/13]	Loss 2.3501e+00 (2.3501e+00)	Acc@1  46.62 ( 46.62)	Acc@5  75.00 ( 75.00)
[EVAL] E: [161][12/13]	Loss 2.2322e+00 (2.3821e+00)	Acc@1  49.25 ( 45.45)	Acc@5  78.00 ( 75.18)
		 LR=0.09648882429422938 -- best acc so far 54.2
Train Epoch:162

[TRAIN] E: [162][ 0/63]	Loss 2.2872e+00 (2.2872e+00)	Acc@1  35.38 ( 35.38)	Acc@5  66.25 ( 66.25)
[TRAIN] E: [162][62/63]	Loss 1.8622e+00 (2.0725e+00)	Acc@1  36.25 ( 40.26)	Acc@5  71.75 ( 70.52)
[EVAL] E: [162][ 0/13]	Loss 1.8551e+00 (1.8551e+00)	Acc@1  53.12 ( 53.12)	Acc@5  82.38 ( 82.38)
[EVAL] E: [162][12/13]	Loss 1.8034e+00 (1.8750e+00)	Acc@1  53.75 ( 52.13)	Acc@5  83.75 ( 81.82)
		 LR=0.03159377236572881 -- best acc so far 54.2
Train Epoch:163

[TRAIN] E: [163][ 0/63]	Loss 2.0072e+00 (2.0072e+00)	Acc@1  40.25 ( 40.25)	Acc@5  69.50 ( 69.50)
