Main Function with logger : Logger(dir=pretrained, use-tf=False, writer=None)
Arguments : -------------------------------
batch_size       : 800
cutout_length    : 16
data_path        : /home/prathamesh/code/data/cifar/
dataset          : cifar100
epochs           : 200
eval_batch_size  : 800
file_name        : teacher_seed-1
global_rand_seed : -1
lr               : 0.1
model_name       : ResNet10_l
momentum         : 0.9
print_freq       : 100
print_freq_eval  : 100
rand_seed        : 1
save_dir         : ./pretrained
sched_cycles     : 4
wd               : 0.0005
workers          : 8
Python  Version  : 3.7.12 | packaged by conda-forge | (default, Oct 26 2021, 06:08:21)  [GCC 9.4.0]
Pillow  Version  : 9.2.0
PyTorch Version  : 1.13.1
cuDNN   Version  : 8500
CUDA available   : True
CUDA GPU numbers : 1
CUDA_VISIBLE_DEVICES : 0
Namespace(batch_size=800, class_num=100, cutout_length=16, data_path='/home/prathamesh/code/data/cifar/', dataset='cifar100', epochs=200, eval_batch_size=800, file_name='teacher_seed-1', global_rand_seed=-1, lr=0.1, model_name='ResNet10_l', momentum=0.9, print_freq=100, print_freq_eval=100, rand_seed=1, save_dir='./pretrained', sched_cycles=4, wd=0.0005, workers=8)
Train:45000	, Valid:5000	, Test:10000

--------------------------------------------------
Model: ResNet10_l
Scheduling LR update model 4 time at 50-epoch intervals
model information : EfficientNetV2_s (CIFAR)
--------------------------------------------------
[Model] Params=1.19 MB, FLOPs=63.82 M ... = 0.06 G

Started EPOCH:0
[TRAIN] E: [0][ 0/57]	Loss 4.6495e+00 (4.6495e+00)	Acc@1   1.25 (  1.25)	Acc@5   4.62 (  4.62)
[TRAIN] E: [0][56/57]	Loss 4.1907e+00 (4.3549e+00)	Acc@1   8.00 (  4.46)	Acc@5  20.00 ( 16.44)
[EVAL] E: [0][0/7]	Loss 4.2544e+00 (4.2544e+00)	Acc@1   6.50 (  6.50)	Acc@5  21.88 ( 21.88)
[EVAL] E: [0][6/7]	Loss 4.3337e+00 (4.2850e+00)	Acc@1   5.00 (  5.64)	Acc@5  20.00 ( 18.82)
		 Valid evaluation at end of epoch: latest_acc:5.64 LR:0.10 -- best val acc so far 5.64

Started EPOCH:1
[TRAIN] E: [1][ 0/57]	Loss 4.1757e+00 (4.1757e+00)	Acc@1   7.12 (  7.12)	Acc@5  22.62 ( 22.62)
[TRAIN] E: [1][56/57]	Loss 4.0069e+00 (4.0768e+00)	Acc@1   8.50 (  7.90)	Acc@5  29.50 ( 25.27)
[EVAL] E: [1][0/7]	Loss 4.1112e+00 (4.1112e+00)	Acc@1   6.88 (  6.88)	Acc@5  24.88 ( 24.88)
[EVAL] E: [1][6/7]	Loss 4.0761e+00 (4.0976e+00)	Acc@1   6.00 (  8.18)	Acc@5  25.00 ( 25.48)
		 Valid evaluation at end of epoch: latest_acc:8.18 LR:0.10 -- best val acc so far 8.18

Started EPOCH:2
[TRAIN] E: [2][ 0/57]	Loss 3.9953e+00 (3.9953e+00)	Acc@1   8.62 (  8.62)	Acc@5  25.75 ( 25.75)
[TRAIN] E: [2][56/57]	Loss 3.8713e+00 (3.8672e+00)	Acc@1   9.00 ( 11.07)	Acc@5  28.00 ( 31.94)
[EVAL] E: [2][0/7]	Loss 3.9418e+00 (3.9418e+00)	Acc@1   9.75 (  9.75)	Acc@5  29.75 ( 29.75)
[EVAL] E: [2][6/7]	Loss 4.0193e+00 (3.9643e+00)	Acc@1   9.50 (  9.88)	Acc@5  30.00 ( 29.50)
		 Valid evaluation at end of epoch: latest_acc:9.88 LR:0.10 -- best val acc so far 9.88

Started EPOCH:3
[TRAIN] E: [3][ 0/57]	Loss 3.8249e+00 (3.8249e+00)	Acc@1  13.88 ( 13.88)	Acc@5  33.62 ( 33.62)
[TRAIN] E: [3][56/57]	Loss 3.7896e+00 (3.7067e+00)	Acc@1  12.00 ( 13.53)	Acc@5  35.00 ( 36.64)
[EVAL] E: [3][0/7]	Loss 3.8303e+00 (3.8303e+00)	Acc@1  10.88 ( 10.88)	Acc@5  33.25 ( 33.25)
[EVAL] E: [3][6/7]	Loss 3.8211e+00 (3.8367e+00)	Acc@1  12.00 ( 12.06)	Acc@5  35.50 ( 33.70)
		 Valid evaluation at end of epoch: latest_acc:12.06 LR:0.10 -- best val acc so far 12.06

Started EPOCH:4
[TRAIN] E: [4][ 0/57]	Loss 3.5758e+00 (3.5758e+00)	Acc@1  16.00 ( 16.00)	Acc@5  41.00 ( 41.00)
[TRAIN] E: [4][56/57]	Loss 3.6514e+00 (3.5684e+00)	Acc@1  14.50 ( 15.93)	Acc@5  39.50 ( 40.27)
[EVAL] E: [4][0/7]	Loss 4.0956e+00 (4.0956e+00)	Acc@1  10.88 ( 10.88)	Acc@5  29.75 ( 29.75)
[EVAL] E: [4][6/7]	Loss 4.1488e+00 (4.1133e+00)	Acc@1  10.00 (  9.96)	Acc@5  29.00 ( 28.88)
		 Valid evaluation at end of epoch: latest_acc:9.96 LR:0.10 -- best val acc so far 12.06

Started EPOCH:5
[TRAIN] E: [5][ 0/57]	Loss 3.5008e+00 (3.5008e+00)	Acc@1  16.38 ( 16.38)	Acc@5  41.25 ( 41.25)
[TRAIN] E: [5][56/57]	Loss 3.3960e+00 (3.4064e+00)	Acc@1  19.00 ( 18.59)	Acc@5  42.00 ( 44.88)
[EVAL] E: [5][0/7]	Loss 4.1799e+00 (4.1799e+00)	Acc@1  10.88 ( 10.88)	Acc@5  30.50 ( 30.50)
[EVAL] E: [5][6/7]	Loss 4.1050e+00 (4.1415e+00)	Acc@1  12.50 ( 11.24)	Acc@5  31.50 ( 29.66)
		 Valid evaluation at end of epoch: latest_acc:11.24 LR:0.10 -- best val acc so far 12.06

Started EPOCH:6
[TRAIN] E: [6][ 0/57]	Loss 3.2686e+00 (3.2686e+00)	Acc@1  20.25 ( 20.25)	Acc@5  48.50 ( 48.50)
[TRAIN] E: [6][56/57]	Loss 3.1259e+00 (3.2788e+00)	Acc@1  23.00 ( 20.60)	Acc@5  52.00 ( 48.48)
[EVAL] E: [6][0/7]	Loss 3.5241e+00 (3.5241e+00)	Acc@1  17.88 ( 17.88)	Acc@5  43.50 ( 43.50)
[EVAL] E: [6][6/7]	Loss 3.5742e+00 (3.5311e+00)	Acc@1  21.50 ( 17.90)	Acc@5  41.50 ( 42.08)
		 Valid evaluation at end of epoch: latest_acc:17.90 LR:0.10 -- best val acc so far 17.90

Started EPOCH:7
[TRAIN] E: [7][ 0/57]	Loss 3.3506e+00 (3.3506e+00)	Acc@1  21.38 ( 21.38)	Acc@5  47.62 ( 47.62)
[TRAIN] E: [7][56/57]	Loss 2.9619e+00 (3.1488e+00)	Acc@1  28.50 ( 22.74)	Acc@5  55.50 ( 51.76)
[EVAL] E: [7][0/7]	Loss 3.3242e+00 (3.3242e+00)	Acc@1  21.38 ( 21.38)	Acc@5  48.75 ( 48.75)
[EVAL] E: [7][6/7]	Loss 3.1817e+00 (3.3153e+00)	Acc@1  25.00 ( 21.24)	Acc@5  51.00 ( 48.28)
		 Valid evaluation at end of epoch: latest_acc:21.24 LR:0.09 -- best val acc so far 21.24

Started EPOCH:8
[TRAIN] E: [8][ 0/57]	Loss 2.9938e+00 (2.9938e+00)	Acc@1  24.50 ( 24.50)	Acc@5  54.50 ( 54.50)
[TRAIN] E: [8][56/57]	Loss 2.9833e+00 (3.0780e+00)	Acc@1  25.50 ( 24.42)	Acc@5  55.00 ( 53.23)
[EVAL] E: [8][0/7]	Loss 3.1866e+00 (3.1866e+00)	Acc@1  23.75 ( 23.75)	Acc@5  51.75 ( 51.75)
[EVAL] E: [8][6/7]	Loss 3.1735e+00 (3.2627e+00)	Acc@1  24.50 ( 21.94)	Acc@5  49.50 ( 48.64)
		 Valid evaluation at end of epoch: latest_acc:21.94 LR:0.09 -- best val acc so far 21.94

Started EPOCH:9
[TRAIN] E: [9][ 0/57]	Loss 3.0951e+00 (3.0951e+00)	Acc@1  24.00 ( 24.00)	Acc@5  52.38 ( 52.38)
[TRAIN] E: [9][56/57]	Loss 2.8226e+00 (2.9562e+00)	Acc@1  32.50 ( 26.88)	Acc@5  59.50 ( 56.27)
[EVAL] E: [9][0/7]	Loss 3.5879e+00 (3.5879e+00)	Acc@1  18.38 ( 18.38)	Acc@5  43.12 ( 43.12)
[EVAL] E: [9][6/7]	Loss 3.5458e+00 (3.5395e+00)	Acc@1  20.50 ( 18.36)	Acc@5  42.00 ( 43.78)
		 Valid evaluation at end of epoch: latest_acc:18.36 LR:0.09 -- best val acc so far 21.94

Started EPOCH:10
[TRAIN] E: [10][ 0/57]	Loss 2.8629e+00 (2.8629e+00)	Acc@1  29.25 ( 29.25)	Acc@5  59.62 ( 59.62)
[TRAIN] E: [10][56/57]	Loss 2.8085e+00 (2.8647e+00)	Acc@1  28.50 ( 28.60)	Acc@5  61.50 ( 58.60)
[EVAL] E: [10][0/7]	Loss 3.1531e+00 (3.1531e+00)	Acc@1  22.75 ( 22.75)	Acc@5  50.25 ( 50.25)
[EVAL] E: [10][6/7]	Loss 2.8799e+00 (3.0796e+00)	Acc@1  27.50 ( 24.28)	Acc@5  61.50 ( 52.82)
		 Valid evaluation at end of epoch: latest_acc:24.28 LR:0.09 -- best val acc so far 24.28

Started EPOCH:11
[TRAIN] E: [11][ 0/57]	Loss 2.8686e+00 (2.8686e+00)	Acc@1  27.62 ( 27.62)	Acc@5  58.38 ( 58.38)
[TRAIN] E: [11][56/57]	Loss 2.7299e+00 (2.8058e+00)	Acc@1  29.00 ( 29.62)	Acc@5  61.50 ( 59.97)
[EVAL] E: [11][0/7]	Loss 3.0816e+00 (3.0816e+00)	Acc@1  24.62 ( 24.62)	Acc@5  54.25 ( 54.25)
[EVAL] E: [11][6/7]	Loss 2.8717e+00 (3.0248e+00)	Acc@1  30.00 ( 25.52)	Acc@5  60.00 ( 54.86)
		 Valid evaluation at end of epoch: latest_acc:25.52 LR:0.09 -- best val acc so far 25.52

Started EPOCH:12
[TRAIN] E: [12][ 0/57]	Loss 2.7347e+00 (2.7347e+00)	Acc@1  31.00 ( 31.00)	Acc@5  60.62 ( 60.62)
[TRAIN] E: [12][56/57]	Loss 2.6626e+00 (2.6974e+00)	Acc@1  37.50 ( 31.82)	Acc@5  60.50 ( 62.49)
[EVAL] E: [12][0/7]	Loss 3.1233e+00 (3.1233e+00)	Acc@1  22.50 ( 22.50)	Acc@5  53.00 ( 53.00)
[EVAL] E: [12][6/7]	Loss 3.0421e+00 (3.0995e+00)	Acc@1  24.50 ( 25.04)	Acc@5  55.00 ( 54.64)
		 Valid evaluation at end of epoch: latest_acc:25.04 LR:0.08 -- best val acc so far 25.52

Started EPOCH:13
[TRAIN] E: [13][ 0/57]	Loss 2.6828e+00 (2.6828e+00)	Acc@1  31.25 ( 31.25)	Acc@5  61.62 ( 61.62)
[TRAIN] E: [13][56/57]	Loss 2.5386e+00 (2.6648e+00)	Acc@1  36.50 ( 32.47)	Acc@5  68.50 ( 62.99)
[EVAL] E: [13][0/7]	Loss 3.0158e+00 (3.0158e+00)	Acc@1  25.12 ( 25.12)	Acc@5  53.75 ( 53.75)
[EVAL] E: [13][6/7]	Loss 2.9218e+00 (3.0744e+00)	Acc@1  26.00 ( 25.32)	Acc@5  53.50 ( 54.16)
		 Valid evaluation at end of epoch: latest_acc:25.32 LR:0.08 -- best val acc so far 25.52

Started EPOCH:14
[TRAIN] E: [14][ 0/57]	Loss 2.7691e+00 (2.7691e+00)	Acc@1  30.88 ( 30.88)	Acc@5  63.38 ( 63.38)
[TRAIN] E: [14][56/57]	Loss 2.4706e+00 (2.5823e+00)	Acc@1  36.00 ( 34.38)	Acc@5  64.00 ( 64.78)
[EVAL] E: [14][0/7]	Loss 3.3165e+00 (3.3165e+00)	Acc@1  21.50 ( 21.50)	Acc@5  50.62 ( 50.62)
[EVAL] E: [14][6/7]	Loss 3.3616e+00 (3.2890e+00)	Acc@1  23.00 ( 23.10)	Acc@5  47.00 ( 50.62)
		 Valid evaluation at end of epoch: latest_acc:23.10 LR:0.08 -- best val acc so far 25.52

Started EPOCH:15
[TRAIN] E: [15][ 0/57]	Loss 2.4900e+00 (2.4900e+00)	Acc@1  39.00 ( 39.00)	Acc@5  65.25 ( 65.25)
[TRAIN] E: [15][56/57]	Loss 2.5515e+00 (2.5236e+00)	Acc@1  36.00 ( 35.81)	Acc@5  67.00 ( 66.19)
[EVAL] E: [15][0/7]	Loss 3.1243e+00 (3.1243e+00)	Acc@1  24.75 ( 24.75)	Acc@5  54.12 ( 54.12)
[EVAL] E: [15][6/7]	Loss 3.0802e+00 (3.0832e+00)	Acc@1  21.00 ( 25.74)	Acc@5  52.50 ( 54.34)
		 Valid evaluation at end of epoch: latest_acc:25.74 LR:0.08 -- best val acc so far 25.74

Started EPOCH:16
[TRAIN] E: [16][ 0/57]	Loss 2.5257e+00 (2.5257e+00)	Acc@1  34.25 ( 34.25)	Acc@5  66.62 ( 66.62)
[TRAIN] E: [16][56/57]	Loss 2.3898e+00 (2.4758e+00)	Acc@1  41.00 ( 36.57)	Acc@5  70.50 ( 67.36)
[EVAL] E: [16][0/7]	Loss 2.7820e+00 (2.7820e+00)	Acc@1  30.25 ( 30.25)	Acc@5  60.25 ( 60.25)
[EVAL] E: [16][6/7]	Loss 2.5724e+00 (2.7328e+00)	Acc@1  35.50 ( 31.94)	Acc@5  66.50 ( 62.00)
		 Valid evaluation at end of epoch: latest_acc:31.94 LR:0.07 -- best val acc so far 31.94

Started EPOCH:17
[TRAIN] E: [17][ 0/57]	Loss 2.3798e+00 (2.3798e+00)	Acc@1  39.25 ( 39.25)	Acc@5  69.12 ( 69.12)
[TRAIN] E: [17][56/57]	Loss 2.2861e+00 (2.4367e+00)	Acc@1  42.00 ( 37.81)	Acc@5  69.00 ( 68.02)
[EVAL] E: [17][0/7]	Loss 2.8713e+00 (2.8713e+00)	Acc@1  30.00 ( 30.00)	Acc@5  58.25 ( 58.25)
[EVAL] E: [17][6/7]	Loss 2.7061e+00 (2.8018e+00)	Acc@1  30.50 ( 30.50)	Acc@5  60.00 ( 60.50)
		 Valid evaluation at end of epoch: latest_acc:30.50 LR:0.07 -- best val acc so far 31.94

Started EPOCH:18
[TRAIN] E: [18][ 0/57]	Loss 2.4905e+00 (2.4905e+00)	Acc@1  37.88 ( 37.88)	Acc@5  66.62 ( 66.62)
[TRAIN] E: [18][56/57]	Loss 2.4899e+00 (2.3827e+00)	Acc@1  35.50 ( 38.59)	Acc@5  68.00 ( 69.36)
[EVAL] E: [18][0/7]	Loss 2.7253e+00 (2.7253e+00)	Acc@1  32.75 ( 32.75)	Acc@5  62.12 ( 62.12)
[EVAL] E: [18][6/7]	Loss 2.4685e+00 (2.7593e+00)	Acc@1  35.50 ( 31.04)	Acc@5  67.00 ( 61.46)
		 Valid evaluation at end of epoch: latest_acc:31.04 LR:0.07 -- best val acc so far 31.94

Started EPOCH:19
[TRAIN] E: [19][ 0/57]	Loss 2.3575e+00 (2.3575e+00)	Acc@1  38.62 ( 38.62)	Acc@5  70.38 ( 70.38)
[TRAIN] E: [19][56/57]	Loss 2.5178e+00 (2.3381e+00)	Acc@1  37.50 ( 39.68)	Acc@5  71.00 ( 69.90)
[EVAL] E: [19][0/7]	Loss 2.6694e+00 (2.6694e+00)	Acc@1  32.00 ( 32.00)	Acc@5  63.12 ( 63.12)
[EVAL] E: [19][6/7]	Loss 2.6284e+00 (2.6783e+00)	Acc@1  35.00 ( 33.24)	Acc@5  64.00 ( 62.92)
		 Valid evaluation at end of epoch: latest_acc:33.24 LR:0.07 -- best val acc so far 33.24

Started EPOCH:20
[TRAIN] E: [20][ 0/57]	Loss 2.2064e+00 (2.2064e+00)	Acc@1  39.38 ( 39.38)	Acc@5  72.62 ( 72.62)
[TRAIN] E: [20][56/57]	Loss 2.1482e+00 (2.2827e+00)	Acc@1  44.50 ( 40.75)	Acc@5  70.50 ( 71.09)
[EVAL] E: [20][0/7]	Loss 2.8841e+00 (2.8841e+00)	Acc@1  27.75 ( 27.75)	Acc@5  59.00 ( 59.00)
[EVAL] E: [20][6/7]	Loss 2.5737e+00 (2.8369e+00)	Acc@1  34.00 ( 29.96)	Acc@5  65.00 ( 59.76)
		 Valid evaluation at end of epoch: latest_acc:29.96 LR:0.06 -- best val acc so far 33.24

Started EPOCH:21
[TRAIN] E: [21][ 0/57]	Loss 2.2493e+00 (2.2493e+00)	Acc@1  40.75 ( 40.75)	Acc@5  71.88 ( 71.88)
[TRAIN] E: [21][56/57]	Loss 2.1432e+00 (2.2330e+00)	Acc@1  44.00 ( 41.81)	Acc@5  70.50 ( 72.17)
[EVAL] E: [21][0/7]	Loss 2.8591e+00 (2.8591e+00)	Acc@1  28.88 ( 28.88)	Acc@5  60.88 ( 60.88)
[EVAL] E: [21][6/7]	Loss 2.8717e+00 (2.8503e+00)	Acc@1  30.00 ( 31.90)	Acc@5  60.50 ( 60.68)
		 Valid evaluation at end of epoch: latest_acc:31.90 LR:0.06 -- best val acc so far 33.24

Started EPOCH:22
[TRAIN] E: [22][ 0/57]	Loss 2.2825e+00 (2.2825e+00)	Acc@1  40.62 ( 40.62)	Acc@5  70.25 ( 70.25)
[TRAIN] E: [22][56/57]	Loss 2.2052e+00 (2.1971e+00)	Acc@1  43.00 ( 42.80)	Acc@5  71.50 ( 72.90)
[EVAL] E: [22][0/7]	Loss 2.6513e+00 (2.6513e+00)	Acc@1  34.38 ( 34.38)	Acc@5  62.50 ( 62.50)
[EVAL] E: [22][6/7]	Loss 2.5817e+00 (2.5703e+00)	Acc@1  33.00 ( 36.44)	Acc@5  65.50 ( 65.98)
		 Valid evaluation at end of epoch: latest_acc:36.44 LR:0.06 -- best val acc so far 36.44

Started EPOCH:23
[TRAIN] E: [23][ 0/57]	Loss 2.1283e+00 (2.1283e+00)	Acc@1  45.25 ( 45.25)	Acc@5  73.88 ( 73.88)
[TRAIN] E: [23][56/57]	Loss 2.2140e+00 (2.1587e+00)	Acc@1  43.50 ( 43.73)	Acc@5  71.50 ( 73.57)
[EVAL] E: [23][0/7]	Loss 2.4488e+00 (2.4488e+00)	Acc@1  37.25 ( 37.25)	Acc@5  67.38 ( 67.38)
[EVAL] E: [23][6/7]	Loss 2.3575e+00 (2.4165e+00)	Acc@1  39.00 ( 38.12)	Acc@5  70.50 ( 68.30)
		 Valid evaluation at end of epoch: latest_acc:38.12 LR:0.05 -- best val acc so far 38.12

Started EPOCH:24
[TRAIN] E: [24][ 0/57]	Loss 2.1969e+00 (2.1969e+00)	Acc@1  43.75 ( 43.75)	Acc@5  74.12 ( 74.12)
[TRAIN] E: [24][56/57]	Loss 1.9731e+00 (2.1256e+00)	Acc@1  50.00 ( 44.37)	Acc@5  79.00 ( 74.32)
[EVAL] E: [24][0/7]	Loss 2.4654e+00 (2.4654e+00)	Acc@1  40.00 ( 40.00)	Acc@5  68.38 ( 68.38)
[EVAL] E: [24][6/7]	Loss 2.3752e+00 (2.4418e+00)	Acc@1  35.00 ( 38.20)	Acc@5  67.50 ( 67.62)
		 Valid evaluation at end of epoch: latest_acc:38.20 LR:0.05 -- best val acc so far 38.20

Started EPOCH:25
[TRAIN] E: [25][ 0/57]	Loss 2.1589e+00 (2.1589e+00)	Acc@1  42.25 ( 42.25)	Acc@5  72.62 ( 72.62)
[TRAIN] E: [25][56/57]	Loss 2.0461e+00 (2.1099e+00)	Acc@1  45.50 ( 44.50)	Acc@5  78.00 ( 74.41)
[EVAL] E: [25][0/7]	Loss 2.3107e+00 (2.3107e+00)	Acc@1  40.50 ( 40.50)	Acc@5  71.00 ( 71.00)
[EVAL] E: [25][6/7]	Loss 2.4014e+00 (2.3435e+00)	Acc@1  37.50 ( 40.14)	Acc@5  72.50 ( 70.86)
		 Valid evaluation at end of epoch: latest_acc:40.14 LR:0.05 -- best val acc so far 40.14

Started EPOCH:26
[TRAIN] E: [26][ 0/57]	Loss 2.0339e+00 (2.0339e+00)	Acc@1  46.75 ( 46.75)	Acc@5  74.38 ( 74.38)
[TRAIN] E: [26][56/57]	Loss 2.2172e+00 (2.0656e+00)	Acc@1  44.00 ( 45.50)	Acc@5  72.50 ( 75.46)
[EVAL] E: [26][0/7]	Loss 2.3978e+00 (2.3978e+00)	Acc@1  39.75 ( 39.75)	Acc@5  70.00 ( 70.00)
[EVAL] E: [26][6/7]	Loss 2.2562e+00 (2.3917e+00)	Acc@1  40.50 ( 38.88)	Acc@5  73.00 ( 69.22)
		 Valid evaluation at end of epoch: latest_acc:38.88 LR:0.04 -- best val acc so far 40.14

Started EPOCH:27
[TRAIN] E: [27][ 0/57]	Loss 2.0761e+00 (2.0761e+00)	Acc@1  45.62 ( 45.62)	Acc@5  75.50 ( 75.50)
[TRAIN] E: [27][56/57]	Loss 1.9614e+00 (2.0352e+00)	Acc@1  49.50 ( 46.63)	Acc@5  76.50 ( 75.98)
[EVAL] E: [27][0/7]	Loss 2.4289e+00 (2.4289e+00)	Acc@1  39.50 ( 39.50)	Acc@5  67.00 ( 67.00)
[EVAL] E: [27][6/7]	Loss 2.3722e+00 (2.4527e+00)	Acc@1  37.00 ( 38.08)	Acc@5  70.00 ( 68.08)
		 Valid evaluation at end of epoch: latest_acc:38.08 LR:0.04 -- best val acc so far 40.14

Started EPOCH:28
[TRAIN] E: [28][ 0/57]	Loss 2.0452e+00 (2.0452e+00)	Acc@1  47.88 ( 47.88)	Acc@5  74.75 ( 74.75)
[TRAIN] E: [28][56/57]	Loss 1.9561e+00 (2.0016e+00)	Acc@1  48.00 ( 46.93)	Acc@5  79.00 ( 76.48)
[EVAL] E: [28][0/7]	Loss 2.5204e+00 (2.5204e+00)	Acc@1  38.62 ( 38.62)	Acc@5  67.12 ( 67.12)
[EVAL] E: [28][6/7]	Loss 2.3748e+00 (2.5543e+00)	Acc@1  37.50 ( 36.22)	Acc@5  67.50 ( 65.72)
		 Valid evaluation at end of epoch: latest_acc:36.22 LR:0.04 -- best val acc so far 40.14

Started EPOCH:29
[TRAIN] E: [29][ 0/57]	Loss 1.9946e+00 (1.9946e+00)	Acc@1  46.50 ( 46.50)	Acc@5  77.50 ( 77.50)
[TRAIN] E: [29][56/57]	Loss 1.9894e+00 (1.9727e+00)	Acc@1  54.00 ( 48.10)	Acc@5  78.00 ( 77.08)
[EVAL] E: [29][0/7]	Loss 2.4180e+00 (2.4180e+00)	Acc@1  39.62 ( 39.62)	Acc@5  70.12 ( 70.12)
[EVAL] E: [29][6/7]	Loss 2.2312e+00 (2.4836e+00)	Acc@1  41.50 ( 38.56)	Acc@5  71.50 ( 68.36)
		 Valid evaluation at end of epoch: latest_acc:38.56 LR:0.03 -- best val acc so far 40.14

Started EPOCH:30
[TRAIN] E: [30][ 0/57]	Loss 2.0705e+00 (2.0705e+00)	Acc@1  46.00 ( 46.00)	Acc@5  76.12 ( 76.12)
[TRAIN] E: [30][56/57]	Loss 2.0788e+00 (1.9609e+00)	Acc@1  43.50 ( 48.14)	Acc@5  74.50 ( 77.28)
[EVAL] E: [30][0/7]	Loss 2.3140e+00 (2.3140e+00)	Acc@1  38.38 ( 38.38)	Acc@5  71.75 ( 71.75)
[EVAL] E: [30][6/7]	Loss 2.3500e+00 (2.3688e+00)	Acc@1  42.50 ( 39.90)	Acc@5  74.50 ( 69.26)
		 Valid evaluation at end of epoch: latest_acc:39.90 LR:0.03 -- best val acc so far 40.14

Started EPOCH:31
[TRAIN] E: [31][ 0/57]	Loss 1.9146e+00 (1.9146e+00)	Acc@1  49.25 ( 49.25)	Acc@5  77.75 ( 77.75)
[TRAIN] E: [31][56/57]	Loss 1.9098e+00 (1.9296e+00)	Acc@1  47.50 ( 49.00)	Acc@5  79.50 ( 77.96)
[EVAL] E: [31][0/7]	Loss 2.1556e+00 (2.1556e+00)	Acc@1  44.75 ( 44.75)	Acc@5  72.50 ( 72.50)
[EVAL] E: [31][6/7]	Loss 2.2664e+00 (2.2348e+00)	Acc@1  40.50 ( 42.68)	Acc@5  74.00 ( 72.00)
		 Valid evaluation at end of epoch: latest_acc:42.68 LR:0.03 -- best val acc so far 42.68

Started EPOCH:32
[TRAIN] E: [32][ 0/57]	Loss 1.9282e+00 (1.9282e+00)	Acc@1  49.50 ( 49.50)	Acc@5  77.75 ( 77.75)
[TRAIN] E: [32][56/57]	Loss 2.0298e+00 (1.9103e+00)	Acc@1  41.50 ( 49.22)	Acc@5  77.50 ( 78.13)
[EVAL] E: [32][0/7]	Loss 2.1477e+00 (2.1477e+00)	Acc@1  45.00 ( 45.00)	Acc@5  73.75 ( 73.75)
[EVAL] E: [32][6/7]	Loss 2.1615e+00 (2.1853e+00)	Acc@1  46.50 ( 43.56)	Acc@5  71.50 ( 72.58)
		 Valid evaluation at end of epoch: latest_acc:43.56 LR:0.03 -- best val acc so far 43.56

Started EPOCH:33
[TRAIN] E: [33][ 0/57]	Loss 1.8294e+00 (1.8294e+00)	Acc@1  51.75 ( 51.75)	Acc@5  81.12 ( 81.12)
[TRAIN] E: [33][56/57]	Loss 1.7389e+00 (1.8813e+00)	Acc@1  54.50 ( 49.87)	Acc@5  84.50 ( 78.69)
[EVAL] E: [33][0/7]	Loss 2.1070e+00 (2.1070e+00)	Acc@1  46.00 ( 46.00)	Acc@5  74.12 ( 74.12)
[EVAL] E: [33][6/7]	Loss 1.9649e+00 (2.0713e+00)	Acc@1  46.50 ( 45.78)	Acc@5  78.50 ( 75.16)
		 Valid evaluation at end of epoch: latest_acc:45.78 LR:0.02 -- best val acc so far 45.78

Started EPOCH:34
[TRAIN] E: [34][ 0/57]	Loss 1.8409e+00 (1.8409e+00)	Acc@1  51.88 ( 51.88)	Acc@5  80.25 ( 80.25)
[TRAIN] E: [34][56/57]	Loss 2.1816e+00 (1.8413e+00)	Acc@1  48.00 ( 50.83)	Acc@5  74.50 ( 79.44)
[EVAL] E: [34][0/7]	Loss 2.1703e+00 (2.1703e+00)	Acc@1  43.75 ( 43.75)	Acc@5  75.00 ( 75.00)
[EVAL] E: [34][6/7]	Loss 1.9099e+00 (2.1333e+00)	Acc@1  50.50 ( 44.92)	Acc@5  79.00 ( 74.72)
		 Valid evaluation at end of epoch: latest_acc:44.92 LR:0.02 -- best val acc so far 45.78

Started EPOCH:35
[TRAIN] E: [35][ 0/57]	Loss 1.9045e+00 (1.9045e+00)	Acc@1  49.62 ( 49.62)	Acc@5  78.25 ( 78.25)
[TRAIN] E: [35][56/57]	Loss 1.7558e+00 (1.8323e+00)	Acc@1  53.00 ( 51.01)	Acc@5  79.00 ( 79.69)
[EVAL] E: [35][0/7]	Loss 2.1515e+00 (2.1515e+00)	Acc@1  44.00 ( 44.00)	Acc@5  74.75 ( 74.75)
[EVAL] E: [35][6/7]	Loss 1.8031e+00 (2.0879e+00)	Acc@1  50.50 ( 45.38)	Acc@5  82.50 ( 74.64)
		 Valid evaluation at end of epoch: latest_acc:45.38 LR:0.02 -- best val acc so far 45.78

Started EPOCH:36
[TRAIN] E: [36][ 0/57]	Loss 1.7493e+00 (1.7493e+00)	Acc@1  51.50 ( 51.50)	Acc@5  81.75 ( 81.75)
[TRAIN] E: [36][56/57]	Loss 1.9025e+00 (1.8072e+00)	Acc@1  49.00 ( 52.19)	Acc@5  80.50 ( 79.86)
[EVAL] E: [36][0/7]	Loss 2.0814e+00 (2.0814e+00)	Acc@1  46.00 ( 46.00)	Acc@5  74.62 ( 74.62)
[EVAL] E: [36][6/7]	Loss 1.9287e+00 (2.0410e+00)	Acc@1  49.00 ( 47.30)	Acc@5  75.50 ( 75.26)
		 Valid evaluation at end of epoch: latest_acc:47.30 LR:0.02 -- best val acc so far 47.30

Started EPOCH:37
[TRAIN] E: [37][ 0/57]	Loss 1.8289e+00 (1.8289e+00)	Acc@1  50.38 ( 50.38)	Acc@5  79.12 ( 79.12)
[TRAIN] E: [37][56/57]	Loss 1.8669e+00 (1.7795e+00)	Acc@1  50.50 ( 52.64)	Acc@5  79.00 ( 80.65)
[EVAL] E: [37][0/7]	Loss 2.1079e+00 (2.1079e+00)	Acc@1  45.38 ( 45.38)	Acc@5  73.38 ( 73.38)
[EVAL] E: [37][6/7]	Loss 2.0584e+00 (2.0970e+00)	Acc@1  44.50 ( 45.34)	Acc@5  72.50 ( 74.64)
		 Valid evaluation at end of epoch: latest_acc:45.34 LR:0.01 -- best val acc so far 47.30

Started EPOCH:38
[TRAIN] E: [38][ 0/57]	Loss 1.7877e+00 (1.7877e+00)	Acc@1  52.38 ( 52.38)	Acc@5  80.12 ( 80.12)
[TRAIN] E: [38][56/57]	Loss 1.7422e+00 (1.7608e+00)	Acc@1  52.50 ( 53.04)	Acc@5  79.00 ( 80.70)
[EVAL] E: [38][0/7]	Loss 1.9136e+00 (1.9136e+00)	Acc@1  51.00 ( 51.00)	Acc@5  77.75 ( 77.75)
[EVAL] E: [38][6/7]	Loss 1.7887e+00 (1.9762e+00)	Acc@1  51.00 ( 48.96)	Acc@5  80.50 ( 76.98)
		 Valid evaluation at end of epoch: latest_acc:48.96 LR:0.01 -- best val acc so far 48.96

Started EPOCH:39
[TRAIN] E: [39][ 0/57]	Loss 1.7065e+00 (1.7065e+00)	Acc@1  52.62 ( 52.62)	Acc@5  81.50 ( 81.50)
[TRAIN] E: [39][56/57]	Loss 1.7223e+00 (1.7345e+00)	Acc@1  51.00 ( 53.58)	Acc@5  80.50 ( 81.24)
[EVAL] E: [39][0/7]	Loss 2.0257e+00 (2.0257e+00)	Acc@1  46.38 ( 46.38)	Acc@5  75.88 ( 75.88)
[EVAL] E: [39][6/7]	Loss 1.8108e+00 (1.9852e+00)	Acc@1  47.50 ( 47.72)	Acc@5  81.50 ( 76.94)
		 Valid evaluation at end of epoch: latest_acc:47.72 LR:0.01 -- best val acc so far 48.96

Started EPOCH:40
[TRAIN] E: [40][ 0/57]	Loss 1.6852e+00 (1.6852e+00)	Acc@1  54.12 ( 54.12)	Acc@5  82.50 ( 82.50)
[TRAIN] E: [40][56/57]	Loss 1.8095e+00 (1.7316e+00)	Acc@1  52.00 ( 53.51)	Acc@5  79.50 ( 81.34)
[EVAL] E: [40][0/7]	Loss 1.9693e+00 (1.9693e+00)	Acc@1  49.62 ( 49.62)	Acc@5  77.38 ( 77.38)
[EVAL] E: [40][6/7]	Loss 1.8285e+00 (1.9726e+00)	Acc@1  50.50 ( 47.98)	Acc@5  80.50 ( 77.16)
		 Valid evaluation at end of epoch: latest_acc:47.98 LR:0.01 -- best val acc so far 48.96

Started EPOCH:41
[TRAIN] E: [41][ 0/57]	Loss 1.7919e+00 (1.7919e+00)	Acc@1  52.50 ( 52.50)	Acc@5  79.12 ( 79.12)
[TRAIN] E: [41][56/57]	Loss 1.6563e+00 (1.7094e+00)	Acc@1  56.00 ( 54.08)	Acc@5  82.50 ( 81.70)
[EVAL] E: [41][0/7]	Loss 1.9430e+00 (1.9430e+00)	Acc@1  48.75 ( 48.75)	Acc@5  77.12 ( 77.12)
[EVAL] E: [41][6/7]	Loss 1.8591e+00 (1.9358e+00)	Acc@1  48.00 ( 48.88)	Acc@5  79.50 ( 77.60)
		 Valid evaluation at end of epoch: latest_acc:48.88 LR:0.01 -- best val acc so far 48.96

Started EPOCH:42
[TRAIN] E: [42][ 0/57]	Loss 1.6258e+00 (1.6258e+00)	Acc@1  57.50 ( 57.50)	Acc@5  83.62 ( 83.62)
[TRAIN] E: [42][56/57]	Loss 1.6789e+00 (1.7009e+00)	Acc@1  54.00 ( 54.42)	Acc@5  84.00 ( 81.83)
[EVAL] E: [42][0/7]	Loss 1.9732e+00 (1.9732e+00)	Acc@1  48.00 ( 48.00)	Acc@5  75.00 ( 75.00)
[EVAL] E: [42][6/7]	Loss 1.9472e+00 (1.9409e+00)	Acc@1  46.50 ( 48.90)	Acc@5  77.50 ( 76.84)
		 Valid evaluation at end of epoch: latest_acc:48.90 LR:0.00 -- best val acc so far 48.96

Started EPOCH:43
[TRAIN] E: [43][ 0/57]	Loss 1.6602e+00 (1.6602e+00)	Acc@1  54.88 ( 54.88)	Acc@5  83.25 ( 83.25)
[TRAIN] E: [43][56/57]	Loss 1.5784e+00 (1.6880e+00)	Acc@1  59.00 ( 54.71)	Acc@5  84.00 ( 81.93)
[EVAL] E: [43][0/7]	Loss 1.9650e+00 (1.9650e+00)	Acc@1  48.62 ( 48.62)	Acc@5  77.12 ( 77.12)
[EVAL] E: [43][6/7]	Loss 1.6855e+00 (1.9225e+00)	Acc@1  49.00 ( 49.08)	Acc@5  83.00 ( 77.56)
		 Valid evaluation at end of epoch: latest_acc:49.08 LR:0.00 -- best val acc so far 49.08

Started EPOCH:44
[TRAIN] E: [44][ 0/57]	Loss 1.7078e+00 (1.7078e+00)	Acc@1  53.75 ( 53.75)	Acc@5  81.50 ( 81.50)
[TRAIN] E: [44][56/57]	Loss 1.6859e+00 (1.6825e+00)	Acc@1  50.00 ( 54.75)	Acc@5  84.50 ( 82.04)
[EVAL] E: [44][0/7]	Loss 1.9356e+00 (1.9356e+00)	Acc@1  48.88 ( 48.88)	Acc@5  77.38 ( 77.38)
[EVAL] E: [44][6/7]	Loss 1.7725e+00 (1.8983e+00)	Acc@1  53.00 ( 50.10)	Acc@5  81.50 ( 78.20)
		 Valid evaluation at end of epoch: latest_acc:50.10 LR:0.00 -- best val acc so far 50.10

Started EPOCH:45
[TRAIN] E: [45][ 0/57]	Loss 1.6573e+00 (1.6573e+00)	Acc@1  53.75 ( 53.75)	Acc@5  82.75 ( 82.75)
[TRAIN] E: [45][56/57]	Loss 1.5526e+00 (1.6741e+00)	Acc@1  56.50 ( 55.12)	Acc@5  87.00 ( 82.16)
[EVAL] E: [45][0/7]	Loss 1.8740e+00 (1.8740e+00)	Acc@1  52.75 ( 52.75)	Acc@5  78.62 ( 78.62)
[EVAL] E: [45][6/7]	Loss 1.6899e+00 (1.8785e+00)	Acc@1  53.00 ( 50.62)	Acc@5  81.50 ( 78.66)
		 Valid evaluation at end of epoch: latest_acc:50.62 LR:0.00 -- best val acc so far 50.62

Started EPOCH:46
[TRAIN] E: [46][ 0/57]	Loss 1.6938e+00 (1.6938e+00)	Acc@1  55.38 ( 55.38)	Acc@5  79.88 ( 79.88)
[TRAIN] E: [46][56/57]	Loss 1.7013e+00 (1.6633e+00)	Acc@1  55.00 ( 55.24)	Acc@5  80.50 ( 82.62)
[EVAL] E: [46][0/7]	Loss 1.8962e+00 (1.8962e+00)	Acc@1  49.88 ( 49.88)	Acc@5  78.25 ( 78.25)
[EVAL] E: [46][6/7]	Loss 1.6763e+00 (1.8722e+00)	Acc@1  54.50 ( 49.84)	Acc@5  83.00 ( 78.86)
		 Valid evaluation at end of epoch: latest_acc:49.84 LR:0.00 -- best val acc so far 50.62

Started EPOCH:47
[TRAIN] E: [47][ 0/57]	Loss 1.6752e+00 (1.6752e+00)	Acc@1  55.38 ( 55.38)	Acc@5  83.25 ( 83.25)
[TRAIN] E: [47][56/57]	Loss 1.9564e+00 (1.6552e+00)	Acc@1  48.50 ( 55.58)	Acc@5  77.00 ( 82.45)
[EVAL] E: [47][0/7]	Loss 1.8793e+00 (1.8793e+00)	Acc@1  53.25 ( 53.25)	Acc@5  76.50 ( 76.50)
[EVAL] E: [47][6/7]	Loss 1.5722e+00 (1.8850e+00)	Acc@1  51.00 ( 50.38)	Acc@5  84.50 ( 77.86)
		 Valid evaluation at end of epoch: latest_acc:50.38 LR:0.00 -- best val acc so far 50.62

Started EPOCH:48
[TRAIN] E: [48][ 0/57]	Loss 1.6837e+00 (1.6837e+00)	Acc@1  54.75 ( 54.75)	Acc@5  80.88 ( 80.88)
[TRAIN] E: [48][56/57]	Loss 1.6588e+00 (1.6461e+00)	Acc@1  56.50 ( 55.71)	Acc@5  79.50 ( 82.75)
[EVAL] E: [48][0/7]	Loss 1.9380e+00 (1.9380e+00)	Acc@1  50.12 ( 50.12)	Acc@5  76.75 ( 76.75)
[EVAL] E: [48][6/7]	Loss 1.9004e+00 (1.9063e+00)	Acc@1  51.50 ( 49.74)	Acc@5  76.50 ( 77.98)
		 Valid evaluation at end of epoch: latest_acc:49.74 LR:0.00 -- best val acc so far 50.62

Started EPOCH:49
[TRAIN] E: [49][ 0/57]	Loss 1.6977e+00 (1.6977e+00)	Acc@1  54.25 ( 54.25)	Acc@5  81.12 ( 81.12)
[TRAIN] E: [49][56/57]	Loss 1.8559e+00 (1.6578e+00)	Acc@1  48.50 ( 55.62)	Acc@5  81.50 ( 82.58)
[EVAL] E: [49][0/7]	Loss 1.9501e+00 (1.9501e+00)	Acc@1  48.75 ( 48.75)	Acc@5  77.38 ( 77.38)
[EVAL] E: [49][6/7]	Loss 1.8102e+00 (1.8940e+00)	Acc@1  51.50 ( 49.72)	Acc@5  82.00 ( 79.02)
		 Valid evaluation at end of epoch: latest_acc:49.72 LR:0.00 -- best val acc so far 50.62

Started EPOCH:50
[TRAIN] E: [50][ 0/57]	Loss 1.6089e+00 (1.6089e+00)	Acc@1  56.38 ( 56.38)	Acc@5  84.00 ( 84.00)
[TRAIN] E: [50][56/57]	Loss 1.4929e+00 (1.6447e+00)	Acc@1  61.00 ( 55.73)	Acc@5  84.00 ( 82.72)
[EVAL] E: [50][0/7]	Loss 1.8777e+00 (1.8777e+00)	Acc@1  49.50 ( 49.50)	Acc@5  78.75 ( 78.75)
[EVAL] E: [50][6/7]	Loss 1.7715e+00 (1.8760e+00)	Acc@1  51.50 ( 50.54)	Acc@5  80.00 ( 78.16)
		 Valid evaluation at end of epoch: latest_acc:50.54 LR:0.00 -- best val acc so far 50.62

Started EPOCH:51
[TRAIN] E: [51][ 0/57]	Loss 1.6389e+00 (1.6389e+00)	Acc@1  56.12 ( 56.12)	Acc@5  81.75 ( 81.75)
[TRAIN] E: [51][56/57]	Loss 1.7690e+00 (1.6432e+00)	Acc@1  55.50 ( 55.85)	Acc@5  79.00 ( 82.67)
[EVAL] E: [51][0/7]	Loss 1.8941e+00 (1.8941e+00)	Acc@1  50.00 ( 50.00)	Acc@5  78.25 ( 78.25)
[EVAL] E: [51][6/7]	Loss 1.7189e+00 (1.8822e+00)	Acc@1  54.50 ( 49.94)	Acc@5  80.00 ( 78.62)
		 Valid evaluation at end of epoch: latest_acc:49.94 LR:0.00 -- best val acc so far 50.62

Started EPOCH:52
[TRAIN] E: [52][ 0/57]	Loss 1.6628e+00 (1.6628e+00)	Acc@1  54.25 ( 54.25)	Acc@5  83.00 ( 83.00)
[TRAIN] E: [52][56/57]	Loss 1.6541e+00 (1.6469e+00)	Acc@1  53.00 ( 55.58)	Acc@5  83.50 ( 82.87)
[EVAL] E: [52][0/7]	Loss 1.8239e+00 (1.8239e+00)	Acc@1  51.75 ( 51.75)	Acc@5  80.50 ( 80.50)
[EVAL] E: [52][6/7]	Loss 1.8185e+00 (1.8699e+00)	Acc@1  51.50 ( 50.52)	Acc@5  76.00 ( 78.36)
		 Valid evaluation at end of epoch: latest_acc:50.52 LR:0.00 -- best val acc so far 50.62

Started EPOCH:53
[TRAIN] E: [53][ 0/57]	Loss 1.6458e+00 (1.6458e+00)	Acc@1  56.75 ( 56.75)	Acc@5  82.12 ( 82.12)
[TRAIN] E: [53][56/57]	Loss 1.8974e+00 (1.6556e+00)	Acc@1  51.00 ( 55.51)	Acc@5  74.00 ( 82.54)
[EVAL] E: [53][0/7]	Loss 1.9249e+00 (1.9249e+00)	Acc@1  48.88 ( 48.88)	Acc@5  76.62 ( 76.62)
[EVAL] E: [53][6/7]	Loss 1.6963e+00 (1.8948e+00)	Acc@1  58.00 ( 50.28)	Acc@5  80.00 ( 78.30)
		 Valid evaluation at end of epoch: latest_acc:50.28 LR:0.00 -- best val acc so far 50.62

Started EPOCH:54
[TRAIN] E: [54][ 0/57]	Loss 1.6309e+00 (1.6309e+00)	Acc@1  57.62 ( 57.62)	Acc@5  83.50 ( 83.50)
[TRAIN] E: [54][56/57]	Loss 1.4972e+00 (1.6651e+00)	Acc@1  63.00 ( 55.27)	Acc@5  82.50 ( 82.21)
[EVAL] E: [54][0/7]	Loss 1.9754e+00 (1.9754e+00)	Acc@1  47.25 ( 47.25)	Acc@5  77.25 ( 77.25)
[EVAL] E: [54][6/7]	Loss 1.7243e+00 (1.8902e+00)	Acc@1  52.50 ( 50.06)	Acc@5  80.50 ( 78.02)
		 Valid evaluation at end of epoch: latest_acc:50.06 LR:0.00 -- best val acc so far 50.62

Started EPOCH:55
[TRAIN] E: [55][ 0/57]	Loss 1.6877e+00 (1.6877e+00)	Acc@1  55.88 ( 55.88)	Acc@5  81.75 ( 81.75)
[TRAIN] E: [55][56/57]	Loss 1.5601e+00 (1.6516e+00)	Acc@1  56.50 ( 55.47)	Acc@5  86.00 ( 82.59)
[EVAL] E: [55][0/7]	Loss 1.9089e+00 (1.9089e+00)	Acc@1  51.25 ( 51.25)	Acc@5  77.38 ( 77.38)
[EVAL] E: [55][6/7]	Loss 1.7941e+00 (1.8647e+00)	Acc@1  52.50 ( 51.08)	Acc@5  78.50 ( 78.46)
		 Valid evaluation at end of epoch: latest_acc:51.08 LR:0.00 -- best val acc so far 51.08

Started EPOCH:56
[TRAIN] E: [56][ 0/57]	Loss 1.6491e+00 (1.6491e+00)	Acc@1  56.88 ( 56.88)	Acc@5  82.00 ( 82.00)
[TRAIN] E: [56][56/57]	Loss 1.5654e+00 (1.6596e+00)	Acc@1  60.00 ( 55.42)	Acc@5  86.00 ( 82.59)
[EVAL] E: [56][0/7]	Loss 1.9070e+00 (1.9070e+00)	Acc@1  51.62 ( 51.62)	Acc@5  77.38 ( 77.38)
[EVAL] E: [56][6/7]	Loss 1.8684e+00 (1.8948e+00)	Acc@1  49.00 ( 50.54)	Acc@5  78.50 ( 77.86)
		 Valid evaluation at end of epoch: latest_acc:50.54 LR:0.00 -- best val acc so far 51.08

Started EPOCH:57
[TRAIN] E: [57][ 0/57]	Loss 1.6356e+00 (1.6356e+00)	Acc@1  56.12 ( 56.12)	Acc@5  84.00 ( 84.00)
[TRAIN] E: [57][56/57]	Loss 1.5835e+00 (1.6555e+00)	Acc@1  56.50 ( 55.30)	Acc@5  85.50 ( 82.40)
[EVAL] E: [57][0/7]	Loss 1.8799e+00 (1.8799e+00)	Acc@1  48.00 ( 48.00)	Acc@5  79.88 ( 79.88)
[EVAL] E: [57][6/7]	Loss 1.7476e+00 (1.8865e+00)	Acc@1  50.00 ( 49.30)	Acc@5  82.50 ( 79.10)
		 Valid evaluation at end of epoch: latest_acc:49.30 LR:0.01 -- best val acc so far 51.08

Started EPOCH:58
[TRAIN] E: [58][ 0/57]	Loss 1.6572e+00 (1.6572e+00)	Acc@1  56.75 ( 56.75)	Acc@5  83.50 ( 83.50)
[TRAIN] E: [58][56/57]	Loss 1.6656e+00 (1.6706e+00)	Acc@1  58.50 ( 55.10)	Acc@5  84.50 ( 82.48)
[EVAL] E: [58][0/7]	Loss 1.8594e+00 (1.8594e+00)	Acc@1  51.88 ( 51.88)	Acc@5  78.25 ( 78.25)
[EVAL] E: [58][6/7]	Loss 1.7774e+00 (1.9012e+00)	Acc@1  52.00 ( 49.14)	Acc@5  80.50 ( 78.54)
		 Valid evaluation at end of epoch: latest_acc:49.14 LR:0.01 -- best val acc so far 51.08

Started EPOCH:59
[TRAIN] E: [59][ 0/57]	Loss 1.6676e+00 (1.6676e+00)	Acc@1  54.62 ( 54.62)	Acc@5  83.88 ( 83.88)
[TRAIN] E: [59][56/57]	Loss 1.6019e+00 (1.6804e+00)	Acc@1  60.00 ( 54.87)	Acc@5  82.00 ( 82.11)
[EVAL] E: [59][0/7]	Loss 1.9994e+00 (1.9994e+00)	Acc@1  49.12 ( 49.12)	Acc@5  75.75 ( 75.75)
[EVAL] E: [59][6/7]	Loss 1.7970e+00 (1.9518e+00)	Acc@1  47.50 ( 49.02)	Acc@5  78.00 ( 76.84)
		 Valid evaluation at end of epoch: latest_acc:49.02 LR:0.01 -- best val acc so far 51.08

Started EPOCH:60
[TRAIN] E: [60][ 0/57]	Loss 1.6132e+00 (1.6132e+00)	Acc@1  55.50 ( 55.50)	Acc@5  83.38 ( 83.38)
[TRAIN] E: [60][56/57]	Loss 1.8827e+00 (1.6806e+00)	Acc@1  50.00 ( 54.92)	Acc@5  78.50 ( 82.16)
[EVAL] E: [60][0/7]	Loss 1.9695e+00 (1.9695e+00)	Acc@1  48.12 ( 48.12)	Acc@5  80.00 ( 80.00)
[EVAL] E: [60][6/7]	Loss 1.7960e+00 (1.9420e+00)	Acc@1  52.50 ( 48.68)	Acc@5  77.50 ( 77.54)
		 Valid evaluation at end of epoch: latest_acc:48.68 LR:0.01 -- best val acc so far 51.08

Started EPOCH:61
[TRAIN] E: [61][ 0/57]	Loss 1.6618e+00 (1.6618e+00)	Acc@1  54.25 ( 54.25)	Acc@5  82.62 ( 82.62)
[TRAIN] E: [61][56/57]	Loss 1.8274e+00 (1.7010e+00)	Acc@1  49.50 ( 54.14)	Acc@5  81.50 ( 81.90)
[EVAL] E: [61][0/7]	Loss 2.0290e+00 (2.0290e+00)	Acc@1  45.25 ( 45.25)	Acc@5  76.25 ( 76.25)
[EVAL] E: [61][6/7]	Loss 1.8830e+00 (2.0220e+00)	Acc@1  47.50 ( 47.58)	Acc@5  79.50 ( 75.88)
		 Valid evaluation at end of epoch: latest_acc:47.58 LR:0.01 -- best val acc so far 51.08

Started EPOCH:62
[TRAIN] E: [62][ 0/57]	Loss 1.6871e+00 (1.6871e+00)	Acc@1  53.00 ( 53.00)	Acc@5  82.50 ( 82.50)
[TRAIN] E: [62][56/57]	Loss 1.8811e+00 (1.6999e+00)	Acc@1  48.50 ( 54.53)	Acc@5  82.50 ( 81.69)
[EVAL] E: [62][0/7]	Loss 2.1127e+00 (2.1127e+00)	Acc@1  45.25 ( 45.25)	Acc@5  73.50 ( 73.50)
[EVAL] E: [62][6/7]	Loss 2.0535e+00 (2.1518e+00)	Acc@1  47.50 ( 44.12)	Acc@5  73.00 ( 73.18)
		 Valid evaluation at end of epoch: latest_acc:44.12 LR:0.02 -- best val acc so far 51.08

Started EPOCH:63
[TRAIN] E: [63][ 0/57]	Loss 1.6838e+00 (1.6838e+00)	Acc@1  54.00 ( 54.00)	Acc@5  82.12 ( 82.12)
[TRAIN] E: [63][56/57]	Loss 1.7296e+00 (1.7119e+00)	Acc@1  55.50 ( 54.08)	Acc@5  80.00 ( 81.46)
[EVAL] E: [63][0/7]	Loss 2.0427e+00 (2.0427e+00)	Acc@1  45.75 ( 45.75)	Acc@5  75.00 ( 75.00)
[EVAL] E: [63][6/7]	Loss 1.9774e+00 (2.0274e+00)	Acc@1  44.50 ( 47.02)	Acc@5  74.50 ( 75.58)
		 Valid evaluation at end of epoch: latest_acc:47.02 LR:0.02 -- best val acc so far 51.08

Started EPOCH:64
[TRAIN] E: [64][ 0/57]	Loss 1.7345e+00 (1.7345e+00)	Acc@1  51.25 ( 51.25)	Acc@5  82.75 ( 82.75)
[TRAIN] E: [64][56/57]	Loss 1.8721e+00 (1.7253e+00)	Acc@1  49.50 ( 53.73)	Acc@5  82.50 ( 81.48)
[EVAL] E: [64][0/7]	Loss 2.0134e+00 (2.0134e+00)	Acc@1  48.00 ( 48.00)	Acc@5  76.62 ( 76.62)
[EVAL] E: [64][6/7]	Loss 1.8083e+00 (2.0322e+00)	Acc@1  50.00 ( 46.42)	Acc@5  79.00 ( 75.94)
		 Valid evaluation at end of epoch: latest_acc:46.42 LR:0.02 -- best val acc so far 51.08

Started EPOCH:65
[TRAIN] E: [65][ 0/57]	Loss 1.6941e+00 (1.6941e+00)	Acc@1  53.00 ( 53.00)	Acc@5  80.50 ( 80.50)
[TRAIN] E: [65][56/57]	Loss 1.6636e+00 (1.7257e+00)	Acc@1  56.50 ( 53.66)	Acc@5  86.50 ( 81.38)
[EVAL] E: [65][0/7]	Loss 2.1533e+00 (2.1533e+00)	Acc@1  45.38 ( 45.38)	Acc@5  73.62 ( 73.62)
[EVAL] E: [65][6/7]	Loss 2.0103e+00 (2.1769e+00)	Acc@1  45.00 ( 43.74)	Acc@5  78.50 ( 73.04)
		 Valid evaluation at end of epoch: latest_acc:43.74 LR:0.02 -- best val acc so far 51.08

Started EPOCH:66
[TRAIN] E: [66][ 0/57]	Loss 1.7475e+00 (1.7475e+00)	Acc@1  54.50 ( 54.50)	Acc@5  80.88 ( 80.88)
[TRAIN] E: [66][56/57]	Loss 1.6929e+00 (1.7349e+00)	Acc@1  55.50 ( 53.88)	Acc@5  84.50 ( 81.22)
[EVAL] E: [66][0/7]	Loss 2.0509e+00 (2.0509e+00)	Acc@1  45.88 ( 45.88)	Acc@5  76.25 ( 76.25)
[EVAL] E: [66][6/7]	Loss 1.8843e+00 (2.0446e+00)	Acc@1  52.00 ( 46.42)	Acc@5  77.50 ( 75.72)
		 Valid evaluation at end of epoch: latest_acc:46.42 LR:0.03 -- best val acc so far 51.08

Started EPOCH:67
[TRAIN] E: [67][ 0/57]	Loss 1.8093e+00 (1.8093e+00)	Acc@1  52.75 ( 52.75)	Acc@5  77.75 ( 77.75)
[TRAIN] E: [67][56/57]	Loss 1.6819e+00 (1.7618e+00)	Acc@1  53.00 ( 52.62)	Acc@5  83.00 ( 80.66)
[EVAL] E: [67][0/7]	Loss 2.2414e+00 (2.2414e+00)	Acc@1  43.12 ( 43.12)	Acc@5  73.25 ( 73.25)
[EVAL] E: [67][6/7]	Loss 2.2068e+00 (2.2748e+00)	Acc@1  40.00 ( 41.92)	Acc@5  72.50 ( 71.78)
		 Valid evaluation at end of epoch: latest_acc:41.92 LR:0.03 -- best val acc so far 51.08

Started EPOCH:68
[TRAIN] E: [68][ 0/57]	Loss 1.6650e+00 (1.6650e+00)	Acc@1  54.62 ( 54.62)	Acc@5  82.75 ( 82.75)
[TRAIN] E: [68][56/57]	Loss 1.6172e+00 (1.7684e+00)	Acc@1  58.50 ( 52.53)	Acc@5  83.00 ( 80.61)
[EVAL] E: [68][0/7]	Loss 2.3118e+00 (2.3118e+00)	Acc@1  40.62 ( 40.62)	Acc@5  71.50 ( 71.50)
[EVAL] E: [68][6/7]	Loss 2.0864e+00 (2.2948e+00)	Acc@1  42.00 ( 40.72)	Acc@5  79.00 ( 71.98)
		 Valid evaluation at end of epoch: latest_acc:40.72 LR:0.03 -- best val acc so far 51.08

Started EPOCH:69
[TRAIN] E: [69][ 0/57]	Loss 1.7711e+00 (1.7711e+00)	Acc@1  52.88 ( 52.88)	Acc@5  80.50 ( 80.50)
[TRAIN] E: [69][56/57]	Loss 2.0955e+00 (1.7782e+00)	Acc@1  42.00 ( 52.22)	Acc@5  74.00 ( 80.44)
[EVAL] E: [69][0/7]	Loss 2.0737e+00 (2.0737e+00)	Acc@1  46.88 ( 46.88)	Acc@5  75.62 ( 75.62)
[EVAL] E: [69][6/7]	Loss 2.0575e+00 (2.1123e+00)	Acc@1  46.50 ( 45.48)	Acc@5  76.00 ( 74.80)
		 Valid evaluation at end of epoch: latest_acc:45.48 LR:0.03 -- best val acc so far 51.08

Started EPOCH:70
[TRAIN] E: [70][ 0/57]	Loss 1.7570e+00 (1.7570e+00)	Acc@1  52.50 ( 52.50)	Acc@5  80.88 ( 80.88)
[TRAIN] E: [70][56/57]	Loss 1.7815e+00 (1.8002e+00)	Acc@1  51.00 ( 51.99)	Acc@5  78.50 ( 79.84)
[EVAL] E: [70][0/7]	Loss 2.2196e+00 (2.2196e+00)	Acc@1  41.25 ( 41.25)	Acc@5  71.62 ( 71.62)
[EVAL] E: [70][6/7]	Loss 2.2047e+00 (2.1725e+00)	Acc@1  42.50 ( 43.92)	Acc@5  73.50 ( 73.04)
		 Valid evaluation at end of epoch: latest_acc:43.92 LR:0.04 -- best val acc so far 51.08

Started EPOCH:71
[TRAIN] E: [71][ 0/57]	Loss 1.7425e+00 (1.7425e+00)	Acc@1  53.00 ( 53.00)	Acc@5  81.38 ( 81.38)
[TRAIN] E: [71][56/57]	Loss 1.7465e+00 (1.8148e+00)	Acc@1  52.50 ( 51.28)	Acc@5  81.50 ( 79.61)
[EVAL] E: [71][0/7]	Loss 2.3893e+00 (2.3893e+00)	Acc@1  38.88 ( 38.88)	Acc@5  68.38 ( 68.38)
[EVAL] E: [71][6/7]	Loss 2.2354e+00 (2.3428e+00)	Acc@1  41.50 ( 41.02)	Acc@5  73.00 ( 69.98)
		 Valid evaluation at end of epoch: latest_acc:41.02 LR:0.04 -- best val acc so far 51.08

Started EPOCH:72
[TRAIN] E: [72][ 0/57]	Loss 1.8341e+00 (1.8341e+00)	Acc@1  49.75 ( 49.75)	Acc@5  78.62 ( 78.62)
[TRAIN] E: [72][56/57]	Loss 1.7998e+00 (1.8234e+00)	Acc@1  52.50 ( 51.30)	Acc@5  80.00 ( 79.66)
[EVAL] E: [72][0/7]	Loss 2.1998e+00 (2.1998e+00)	Acc@1  44.50 ( 44.50)	Acc@5  75.00 ( 75.00)
[EVAL] E: [72][6/7]	Loss 2.1837e+00 (2.2538e+00)	Acc@1  38.00 ( 43.00)	Acc@5  77.50 ( 72.46)
		 Valid evaluation at end of epoch: latest_acc:43.00 LR:0.04 -- best val acc so far 51.08

Started EPOCH:73
[TRAIN] E: [73][ 0/57]	Loss 1.7532e+00 (1.7532e+00)	Acc@1  51.62 ( 51.62)	Acc@5  79.50 ( 79.50)
[TRAIN] E: [73][56/57]	Loss 1.8468e+00 (1.8365e+00)	Acc@1  46.50 ( 51.12)	Acc@5  80.00 ( 79.30)
[EVAL] E: [73][0/7]	Loss 2.3142e+00 (2.3142e+00)	Acc@1  42.88 ( 42.88)	Acc@5  71.12 ( 71.12)
[EVAL] E: [73][6/7]	Loss 2.2704e+00 (2.3321e+00)	Acc@1  44.50 ( 41.60)	Acc@5  72.50 ( 70.28)
		 Valid evaluation at end of epoch: latest_acc:41.60 LR:0.05 -- best val acc so far 51.08

Started EPOCH:74
[TRAIN] E: [74][ 0/57]	Loss 1.8264e+00 (1.8264e+00)	Acc@1  52.62 ( 52.62)	Acc@5  80.62 ( 80.62)
[TRAIN] E: [74][56/57]	Loss 1.7533e+00 (1.8407e+00)	Acc@1  49.50 ( 50.90)	Acc@5  81.50 ( 79.34)
[EVAL] E: [74][0/7]	Loss 2.1119e+00 (2.1119e+00)	Acc@1  45.38 ( 45.38)	Acc@5  75.50 ( 75.50)
[EVAL] E: [74][6/7]	Loss 2.0446e+00 (2.1450e+00)	Acc@1  42.00 ( 44.50)	Acc@5  76.00 ( 73.62)
		 Valid evaluation at end of epoch: latest_acc:44.50 LR:0.05 -- best val acc so far 51.08

Started EPOCH:75
[TRAIN] E: [75][ 0/57]	Loss 1.7333e+00 (1.7333e+00)	Acc@1  52.12 ( 52.12)	Acc@5  80.75 ( 80.75)
[TRAIN] E: [75][56/57]	Loss 1.7520e+00 (1.8496e+00)	Acc@1  50.00 ( 50.78)	Acc@5  84.50 ( 79.08)
[EVAL] E: [75][0/7]	Loss 2.3933e+00 (2.3933e+00)	Acc@1  38.25 ( 38.25)	Acc@5  69.38 ( 69.38)
[EVAL] E: [75][6/7]	Loss 2.1485e+00 (2.3719e+00)	Acc@1  43.00 ( 40.30)	Acc@5  75.00 ( 69.72)
		 Valid evaluation at end of epoch: latest_acc:40.30 LR:0.05 -- best val acc so far 51.08

Started EPOCH:76
[TRAIN] E: [76][ 0/57]	Loss 1.8513e+00 (1.8513e+00)	Acc@1  49.00 ( 49.00)	Acc@5  80.38 ( 80.38)
[TRAIN] E: [76][56/57]	Loss 1.9475e+00 (1.8555e+00)	Acc@1  51.00 ( 50.55)	Acc@5  77.50 ( 79.33)
[EVAL] E: [76][0/7]	Loss 2.3620e+00 (2.3620e+00)	Acc@1  42.00 ( 42.00)	Acc@5  70.12 ( 70.12)
[EVAL] E: [76][6/7]	Loss 2.3006e+00 (2.3514e+00)	Acc@1  38.50 ( 39.94)	Acc@5  70.00 ( 69.92)
		 Valid evaluation at end of epoch: latest_acc:39.94 LR:0.06 -- best val acc so far 51.08

Started EPOCH:77
[TRAIN] E: [77][ 0/57]	Loss 1.8867e+00 (1.8867e+00)	Acc@1  50.88 ( 50.88)	Acc@5  79.00 ( 79.00)
[TRAIN] E: [77][56/57]	Loss 1.7605e+00 (1.8585e+00)	Acc@1  57.00 ( 50.63)	Acc@5  78.50 ( 79.00)
[EVAL] E: [77][0/7]	Loss 2.3243e+00 (2.3243e+00)	Acc@1  40.75 ( 40.75)	Acc@5  70.38 ( 70.38)
[EVAL] E: [77][6/7]	Loss 2.3002e+00 (2.3070e+00)	Acc@1  42.50 ( 41.86)	Acc@5  72.00 ( 71.52)
		 Valid evaluation at end of epoch: latest_acc:41.86 LR:0.06 -- best val acc so far 51.08

Started EPOCH:78
[TRAIN] E: [78][ 0/57]	Loss 1.7641e+00 (1.7641e+00)	Acc@1  52.00 ( 52.00)	Acc@5  79.62 ( 79.62)
[TRAIN] E: [78][56/57]	Loss 1.9625e+00 (1.8753e+00)	Acc@1  46.50 ( 49.89)	Acc@5  78.50 ( 78.86)
[EVAL] E: [78][0/7]	Loss 2.3878e+00 (2.3878e+00)	Acc@1  41.00 ( 41.00)	Acc@5  68.12 ( 68.12)
[EVAL] E: [78][6/7]	Loss 2.3756e+00 (2.4610e+00)	Acc@1  37.00 ( 38.04)	Acc@5  68.50 ( 67.00)
		 Valid evaluation at end of epoch: latest_acc:38.04 LR:0.06 -- best val acc so far 51.08

Started EPOCH:79
[TRAIN] E: [79][ 0/57]	Loss 1.7996e+00 (1.7996e+00)	Acc@1  51.50 ( 51.50)	Acc@5  80.25 ( 80.25)
[TRAIN] E: [79][56/57]	Loss 2.0310e+00 (1.8629e+00)	Acc@1  48.00 ( 50.35)	Acc@5  75.00 ( 78.89)
[EVAL] E: [79][0/7]	Loss 2.5367e+00 (2.5367e+00)	Acc@1  35.25 ( 35.25)	Acc@5  67.12 ( 67.12)
[EVAL] E: [79][6/7]	Loss 2.4499e+00 (2.5492e+00)	Acc@1  36.50 ( 37.26)	Acc@5  71.00 ( 67.48)
		 Valid evaluation at end of epoch: latest_acc:37.26 LR:0.07 -- best val acc so far 51.08

Started EPOCH:80
[TRAIN] E: [80][ 0/57]	Loss 1.7042e+00 (1.7042e+00)	Acc@1  54.12 ( 54.12)	Acc@5  81.38 ( 81.38)
[TRAIN] E: [80][56/57]	Loss 1.9334e+00 (1.8590e+00)	Acc@1  50.00 ( 50.46)	Acc@5  78.50 ( 79.12)
[EVAL] E: [80][0/7]	Loss 2.5611e+00 (2.5611e+00)	Acc@1  35.88 ( 35.88)	Acc@5  66.38 ( 66.38)
[EVAL] E: [80][6/7]	Loss 2.6709e+00 (2.5789e+00)	Acc@1  31.50 ( 35.78)	Acc@5  62.50 ( 65.30)
		 Valid evaluation at end of epoch: latest_acc:35.78 LR:0.07 -- best val acc so far 51.08

Started EPOCH:81
[TRAIN] E: [81][ 0/57]	Loss 1.9260e+00 (1.9260e+00)	Acc@1  48.12 ( 48.12)	Acc@5  77.38 ( 77.38)
[TRAIN] E: [81][56/57]	Loss 1.9646e+00 (1.8736e+00)	Acc@1  47.00 ( 50.08)	Acc@5  78.00 ( 78.62)
[EVAL] E: [81][0/7]	Loss 2.4856e+00 (2.4856e+00)	Acc@1  39.38 ( 39.38)	Acc@5  68.62 ( 68.62)
[EVAL] E: [81][6/7]	Loss 2.4646e+00 (2.5366e+00)	Acc@1  33.00 ( 37.70)	Acc@5  68.00 ( 67.06)
		 Valid evaluation at end of epoch: latest_acc:37.70 LR:0.07 -- best val acc so far 51.08

Started EPOCH:82
[TRAIN] E: [82][ 0/57]	Loss 1.9155e+00 (1.9155e+00)	Acc@1  48.00 ( 48.00)	Acc@5  77.38 ( 77.38)
[TRAIN] E: [82][56/57]	Loss 1.8533e+00 (1.8837e+00)	Acc@1  51.50 ( 49.95)	Acc@5  77.00 ( 78.46)
[EVAL] E: [82][0/7]	Loss 2.3023e+00 (2.3023e+00)	Acc@1  43.62 ( 43.62)	Acc@5  71.62 ( 71.62)
[EVAL] E: [82][6/7]	Loss 2.3137e+00 (2.2762e+00)	Acc@1  44.50 ( 42.60)	Acc@5  70.50 ( 71.54)
		 Valid evaluation at end of epoch: latest_acc:42.60 LR:0.07 -- best val acc so far 51.08

Started EPOCH:83
[TRAIN] E: [83][ 0/57]	Loss 1.7408e+00 (1.7408e+00)	Acc@1  55.12 ( 55.12)	Acc@5  81.75 ( 81.75)
[TRAIN] E: [83][56/57]	Loss 1.6317e+00 (1.8708e+00)	Acc@1  53.00 ( 50.11)	Acc@5  87.00 ( 78.56)
[EVAL] E: [83][0/7]	Loss 2.4139e+00 (2.4139e+00)	Acc@1  39.38 ( 39.38)	Acc@5  68.00 ( 68.00)
[EVAL] E: [83][6/7]	Loss 2.3459e+00 (2.3783e+00)	Acc@1  37.50 ( 39.82)	Acc@5  69.50 ( 69.22)
		 Valid evaluation at end of epoch: latest_acc:39.82 LR:0.08 -- best val acc so far 51.08

Started EPOCH:84
[TRAIN] E: [84][ 0/57]	Loss 1.8548e+00 (1.8548e+00)	Acc@1  52.00 ( 52.00)	Acc@5  78.50 ( 78.50)
[TRAIN] E: [84][56/57]	Loss 1.9003e+00 (1.8684e+00)	Acc@1  52.00 ( 50.38)	Acc@5  79.00 ( 78.90)
[EVAL] E: [84][0/7]	Loss 2.3785e+00 (2.3785e+00)	Acc@1  39.00 ( 39.00)	Acc@5  68.75 ( 68.75)
[EVAL] E: [84][6/7]	Loss 2.1996e+00 (2.3266e+00)	Acc@1  39.00 ( 40.68)	Acc@5  73.50 ( 70.12)
		 Valid evaluation at end of epoch: latest_acc:40.68 LR:0.08 -- best val acc so far 51.08

Started EPOCH:85
[TRAIN] E: [85][ 0/57]	Loss 1.8908e+00 (1.8908e+00)	Acc@1  49.88 ( 49.88)	Acc@5  78.75 ( 78.75)
[TRAIN] E: [85][56/57]	Loss 1.8142e+00 (1.8722e+00)	Acc@1  53.00 ( 50.28)	Acc@5  79.00 ( 78.67)
[EVAL] E: [85][0/7]	Loss 2.3568e+00 (2.3568e+00)	Acc@1  42.12 ( 42.12)	Acc@5  68.50 ( 68.50)
[EVAL] E: [85][6/7]	Loss 2.2471e+00 (2.3418e+00)	Acc@1  40.00 ( 41.20)	Acc@5  72.00 ( 70.30)
		 Valid evaluation at end of epoch: latest_acc:41.20 LR:0.08 -- best val acc so far 51.08

Started EPOCH:86
[TRAIN] E: [86][ 0/57]	Loss 1.8103e+00 (1.8103e+00)	Acc@1  50.25 ( 50.25)	Acc@5  78.50 ( 78.50)
[TRAIN] E: [86][56/57]	Loss 1.8924e+00 (1.8582e+00)	Acc@1  53.00 ( 50.33)	Acc@5  78.50 ( 79.13)
[EVAL] E: [86][0/7]	Loss 2.3768e+00 (2.3768e+00)	Acc@1  40.38 ( 40.38)	Acc@5  70.38 ( 70.38)
[EVAL] E: [86][6/7]	Loss 2.2930e+00 (2.3629e+00)	Acc@1  46.50 ( 41.32)	Acc@5  71.50 ( 70.34)
		 Valid evaluation at end of epoch: latest_acc:41.32 LR:0.08 -- best val acc so far 51.08

Started EPOCH:87
[TRAIN] E: [87][ 0/57]	Loss 1.9010e+00 (1.9010e+00)	Acc@1  51.12 ( 51.12)	Acc@5  78.38 ( 78.38)
[TRAIN] E: [87][56/57]	Loss 1.7362e+00 (1.8574e+00)	Acc@1  52.00 ( 50.49)	Acc@5  81.00 ( 79.00)
[EVAL] E: [87][0/7]	Loss 2.2171e+00 (2.2171e+00)	Acc@1  40.75 ( 40.75)	Acc@5  71.75 ( 71.75)
[EVAL] E: [87][6/7]	Loss 2.3806e+00 (2.2405e+00)	Acc@1  39.50 ( 41.92)	Acc@5  67.00 ( 72.20)
		 Valid evaluation at end of epoch: latest_acc:41.92 LR:0.09 -- best val acc so far 51.08

Started EPOCH:88
[TRAIN] E: [88][ 0/57]	Loss 1.8552e+00 (1.8552e+00)	Acc@1  48.38 ( 48.38)	Acc@5  79.62 ( 79.62)
[TRAIN] E: [88][56/57]	Loss 1.8518e+00 (1.8549e+00)	Acc@1  51.00 ( 50.57)	Acc@5  79.00 ( 79.00)
[EVAL] E: [88][0/7]	Loss 2.6303e+00 (2.6303e+00)	Acc@1  35.75 ( 35.75)	Acc@5  67.38 ( 67.38)
[EVAL] E: [88][6/7]	Loss 2.3982e+00 (2.5739e+00)	Acc@1  42.00 ( 37.50)	Acc@5  68.00 ( 66.08)
		 Valid evaluation at end of epoch: latest_acc:37.50 LR:0.09 -- best val acc so far 51.08

Started EPOCH:89
[TRAIN] E: [89][ 0/57]	Loss 1.6877e+00 (1.6877e+00)	Acc@1  54.25 ( 54.25)	Acc@5  82.50 ( 82.50)
[TRAIN] E: [89][56/57]	Loss 1.5855e+00 (1.8415e+00)	Acc@1  59.00 ( 50.85)	Acc@5  88.00 ( 79.24)
[EVAL] E: [89][0/7]	Loss 2.5392e+00 (2.5392e+00)	Acc@1  37.88 ( 37.88)	Acc@5  66.00 ( 66.00)
[EVAL] E: [89][6/7]	Loss 2.3493e+00 (2.4915e+00)	Acc@1  43.50 ( 38.64)	Acc@5  70.00 ( 66.92)
		 Valid evaluation at end of epoch: latest_acc:38.64 LR:0.09 -- best val acc so far 51.08

Started EPOCH:90
[TRAIN] E: [90][ 0/57]	Loss 1.7635e+00 (1.7635e+00)	Acc@1  53.25 ( 53.25)	Acc@5  81.50 ( 81.50)
[TRAIN] E: [90][56/57]	Loss 1.8438e+00 (1.8461e+00)	Acc@1  48.00 ( 50.69)	Acc@5  77.00 ( 79.38)
[EVAL] E: [90][0/7]	Loss 2.3439e+00 (2.3439e+00)	Acc@1  40.38 ( 40.38)	Acc@5  70.62 ( 70.62)
[EVAL] E: [90][6/7]	Loss 2.2417e+00 (2.3210e+00)	Acc@1  41.00 ( 40.36)	Acc@5  71.50 ( 70.34)
		 Valid evaluation at end of epoch: latest_acc:40.36 LR:0.09 -- best val acc so far 51.08

Started EPOCH:91
[TRAIN] E: [91][ 0/57]	Loss 1.8119e+00 (1.8119e+00)	Acc@1  52.00 ( 52.00)	Acc@5  79.62 ( 79.62)
[TRAIN] E: [91][56/57]	Loss 1.9779e+00 (1.8608e+00)	Acc@1  45.00 ( 50.54)	Acc@5  78.00 ( 78.86)
[EVAL] E: [91][0/7]	Loss 2.3907e+00 (2.3907e+00)	Acc@1  38.62 ( 38.62)	Acc@5  67.62 ( 67.62)
[EVAL] E: [91][6/7]	Loss 2.5230e+00 (2.3878e+00)	Acc@1  37.50 ( 38.58)	Acc@5  65.00 ( 68.94)
		 Valid evaluation at end of epoch: latest_acc:38.58 LR:0.09 -- best val acc so far 51.08

Started EPOCH:92
[TRAIN] E: [92][ 0/57]	Loss 1.8537e+00 (1.8537e+00)	Acc@1  51.00 ( 51.00)	Acc@5  78.38 ( 78.38)
[TRAIN] E: [92][56/57]	Loss 1.7846e+00 (1.8424e+00)	Acc@1  54.00 ( 50.95)	Acc@5  82.00 ( 79.17)
[EVAL] E: [92][0/7]	Loss 2.3776e+00 (2.3776e+00)	Acc@1  40.12 ( 40.12)	Acc@5  69.62 ( 69.62)
[EVAL] E: [92][6/7]	Loss 2.1863e+00 (2.2489e+00)	Acc@1  44.00 ( 42.56)	Acc@5  71.50 ( 72.44)
		 Valid evaluation at end of epoch: latest_acc:42.56 LR:0.10 -- best val acc so far 51.08

Started EPOCH:93
[TRAIN] E: [93][ 0/57]	Loss 1.8501e+00 (1.8501e+00)	Acc@1  52.75 ( 52.75)	Acc@5  78.50 ( 78.50)
[TRAIN] E: [93][56/57]	Loss 1.9070e+00 (1.8442e+00)	Acc@1  51.00 ( 51.12)	Acc@5  77.50 ( 79.35)
[EVAL] E: [93][0/7]	Loss 2.4889e+00 (2.4889e+00)	Acc@1  39.12 ( 39.12)	Acc@5  66.50 ( 66.50)
[EVAL] E: [93][6/7]	Loss 2.3094e+00 (2.3878e+00)	Acc@1  44.00 ( 39.74)	Acc@5  75.50 ( 69.44)
		 Valid evaluation at end of epoch: latest_acc:39.74 LR:0.10 -- best val acc so far 51.08

Started EPOCH:94
[TRAIN] E: [94][ 0/57]	Loss 1.7704e+00 (1.7704e+00)	Acc@1  52.50 ( 52.50)	Acc@5  82.38 ( 82.38)
[TRAIN] E: [94][56/57]	Loss 1.8261e+00 (1.8215e+00)	Acc@1  51.50 ( 51.45)	Acc@5  83.50 ( 79.91)
[EVAL] E: [94][0/7]	Loss 2.3568e+00 (2.3568e+00)	Acc@1  40.50 ( 40.50)	Acc@5  69.50 ( 69.50)
[EVAL] E: [94][6/7]	Loss 2.2731e+00 (2.2856e+00)	Acc@1  45.00 ( 41.30)	Acc@5  69.50 ( 71.14)
		 Valid evaluation at end of epoch: latest_acc:41.30 LR:0.10 -- best val acc so far 51.08

Started EPOCH:95
[TRAIN] E: [95][ 0/57]	Loss 1.7974e+00 (1.7974e+00)	Acc@1  51.88 ( 51.88)	Acc@5  80.38 ( 80.38)
[TRAIN] E: [95][56/57]	Loss 1.9200e+00 (1.8206e+00)	Acc@1  49.00 ( 51.39)	Acc@5  76.50 ( 79.82)
[EVAL] E: [95][0/7]	Loss 2.2889e+00 (2.2889e+00)	Acc@1  41.25 ( 41.25)	Acc@5  72.25 ( 72.25)
[EVAL] E: [95][6/7]	Loss 2.2543e+00 (2.3009e+00)	Acc@1  45.50 ( 41.48)	Acc@5  73.00 ( 71.02)
		 Valid evaluation at end of epoch: latest_acc:41.48 LR:0.10 -- best val acc so far 51.08

Started EPOCH:96
[TRAIN] E: [96][ 0/57]	Loss 1.7805e+00 (1.7805e+00)	Acc@1  50.50 ( 50.50)	Acc@5  81.62 ( 81.62)
[TRAIN] E: [96][56/57]	Loss 1.8609e+00 (1.8198e+00)	Acc@1  51.00 ( 51.24)	Acc@5  77.50 ( 79.86)
[EVAL] E: [96][0/7]	Loss 2.6141e+00 (2.6141e+00)	Acc@1  40.00 ( 40.00)	Acc@5  68.25 ( 68.25)
[EVAL] E: [96][6/7]	Loss 2.4987e+00 (2.5735e+00)	Acc@1  41.50 ( 38.72)	Acc@5  68.50 ( 67.30)
		 Valid evaluation at end of epoch: latest_acc:38.72 LR:0.10 -- best val acc so far 51.08

Started EPOCH:97
[TRAIN] E: [97][ 0/57]	Loss 1.9025e+00 (1.9025e+00)	Acc@1  50.50 ( 50.50)	Acc@5  78.62 ( 78.62)
[TRAIN] E: [97][56/57]	Loss 1.9272e+00 (1.8240e+00)	Acc@1  48.50 ( 51.58)	Acc@5  80.50 ( 79.82)
[EVAL] E: [97][0/7]	Loss 2.3912e+00 (2.3912e+00)	Acc@1  41.12 ( 41.12)	Acc@5  69.50 ( 69.50)
[EVAL] E: [97][6/7]	Loss 2.4081e+00 (2.3692e+00)	Acc@1  34.50 ( 40.40)	Acc@5  70.50 ( 69.88)
		 Valid evaluation at end of epoch: latest_acc:40.40 LR:0.10 -- best val acc so far 51.08

Started EPOCH:98
[TRAIN] E: [98][ 0/57]	Loss 1.8098e+00 (1.8098e+00)	Acc@1  52.00 ( 52.00)	Acc@5  79.00 ( 79.00)
[TRAIN] E: [98][56/57]	Loss 2.2958e+00 (1.8188e+00)	Acc@1  41.00 ( 51.42)	Acc@5  74.00 ( 79.64)
[EVAL] E: [98][0/7]	Loss 2.1991e+00 (2.1991e+00)	Acc@1  44.62 ( 44.62)	Acc@5  73.50 ( 73.50)
[EVAL] E: [98][6/7]	Loss 2.2439e+00 (2.2402e+00)	Acc@1  42.50 ( 42.90)	Acc@5  71.50 ( 72.06)
		 Valid evaluation at end of epoch: latest_acc:42.90 LR:0.10 -- best val acc so far 51.08

Started EPOCH:99
[TRAIN] E: [99][ 0/57]	Loss 1.8409e+00 (1.8409e+00)	Acc@1  50.88 ( 50.88)	Acc@5  78.88 ( 78.88)
[TRAIN] E: [99][56/57]	Loss 1.9310e+00 (1.8131e+00)	Acc@1  43.00 ( 51.53)	Acc@5  79.50 ( 79.81)
[EVAL] E: [99][0/7]	Loss 2.1637e+00 (2.1637e+00)	Acc@1  45.50 ( 45.50)	Acc@5  75.12 ( 75.12)
[EVAL] E: [99][6/7]	Loss 2.1542e+00 (2.2282e+00)	Acc@1  46.50 ( 43.34)	Acc@5  71.50 ( 72.58)
		 Valid evaluation at end of epoch: latest_acc:43.34 LR:0.10 -- best val acc so far 51.08

Started EPOCH:100
[TRAIN] E: [100][ 0/57]	Loss 1.7821e+00 (1.7821e+00)	Acc@1  52.25 ( 52.25)	Acc@5  80.88 ( 80.88)
[TRAIN] E: [100][56/57]	Loss 1.8872e+00 (1.7939e+00)	Acc@1  47.50 ( 52.11)	Acc@5  77.00 ( 80.18)
[EVAL] E: [100][0/7]	Loss 2.3902e+00 (2.3902e+00)	Acc@1  40.38 ( 40.38)	Acc@5  69.25 ( 69.25)
[EVAL] E: [100][6/7]	Loss 2.2190e+00 (2.3825e+00)	Acc@1  45.00 ( 40.40)	Acc@5  73.00 ( 69.70)
		 Valid evaluation at end of epoch: latest_acc:40.40 LR:0.10 -- best val acc so far 51.08

Started EPOCH:101
[TRAIN] E: [101][ 0/57]	Loss 1.8158e+00 (1.8158e+00)	Acc@1  53.62 ( 53.62)	Acc@5  79.88 ( 79.88)
[TRAIN] E: [101][56/57]	Loss 1.8804e+00 (1.7933e+00)	Acc@1  50.00 ( 52.00)	Acc@5  77.00 ( 80.05)
[EVAL] E: [101][0/7]	Loss 2.3826e+00 (2.3826e+00)	Acc@1  41.88 ( 41.88)	Acc@5  72.38 ( 72.38)
[EVAL] E: [101][6/7]	Loss 2.3999e+00 (2.3813e+00)	Acc@1  39.00 ( 40.62)	Acc@5  71.00 ( 70.88)
		 Valid evaluation at end of epoch: latest_acc:40.62 LR:0.10 -- best val acc so far 51.08

Started EPOCH:102
[TRAIN] E: [102][ 0/57]	Loss 1.6585e+00 (1.6585e+00)	Acc@1  54.62 ( 54.62)	Acc@5  82.88 ( 82.88)
[TRAIN] E: [102][56/57]	Loss 1.9064e+00 (1.7923e+00)	Acc@1  49.50 ( 52.07)	Acc@5  73.50 ( 80.19)
[EVAL] E: [102][0/7]	Loss 2.1640e+00 (2.1640e+00)	Acc@1  44.62 ( 44.62)	Acc@5  73.12 ( 73.12)
[EVAL] E: [102][6/7]	Loss 2.1665e+00 (2.1909e+00)	Acc@1  43.50 ( 43.02)	Acc@5  72.50 ( 72.42)
		 Valid evaluation at end of epoch: latest_acc:43.02 LR:0.10 -- best val acc so far 51.08

Started EPOCH:103
[TRAIN] E: [103][ 0/57]	Loss 1.7543e+00 (1.7543e+00)	Acc@1  51.62 ( 51.62)	Acc@5  80.62 ( 80.62)
[TRAIN] E: [103][56/57]	Loss 1.7414e+00 (1.7743e+00)	Acc@1  53.00 ( 52.42)	Acc@5  80.00 ( 80.70)
[EVAL] E: [103][0/7]	Loss 2.5040e+00 (2.5040e+00)	Acc@1  37.25 ( 37.25)	Acc@5  69.12 ( 69.12)
[EVAL] E: [103][6/7]	Loss 2.3828e+00 (2.4954e+00)	Acc@1  37.50 ( 38.52)	Acc@5  68.50 ( 67.18)
		 Valid evaluation at end of epoch: latest_acc:38.52 LR:0.10 -- best val acc so far 51.08

Started EPOCH:104
[TRAIN] E: [104][ 0/57]	Loss 1.6916e+00 (1.6916e+00)	Acc@1  54.25 ( 54.25)	Acc@5  82.38 ( 82.38)
[TRAIN] E: [104][56/57]	Loss 1.8387e+00 (1.7690e+00)	Acc@1  51.00 ( 53.00)	Acc@5  79.00 ( 80.70)
[EVAL] E: [104][0/7]	Loss 2.3609e+00 (2.3609e+00)	Acc@1  41.75 ( 41.75)	Acc@5  70.25 ( 70.25)
[EVAL] E: [104][6/7]	Loss 2.3291e+00 (2.3929e+00)	Acc@1  45.00 ( 41.66)	Acc@5  73.50 ( 70.34)
		 Valid evaluation at end of epoch: latest_acc:41.66 LR:0.10 -- best val acc so far 51.08

Started EPOCH:105
[TRAIN] E: [105][ 0/57]	Loss 1.7109e+00 (1.7109e+00)	Acc@1  52.62 ( 52.62)	Acc@5  82.12 ( 82.12)
[TRAIN] E: [105][56/57]	Loss 1.6805e+00 (1.7517e+00)	Acc@1  55.00 ( 52.74)	Acc@5  82.50 ( 80.91)
[EVAL] E: [105][0/7]	Loss 2.3052e+00 (2.3052e+00)	Acc@1  42.75 ( 42.75)	Acc@5  71.12 ( 71.12)
[EVAL] E: [105][6/7]	Loss 2.0457e+00 (2.2579e+00)	Acc@1  44.00 ( 42.32)	Acc@5  74.50 ( 71.40)
		 Valid evaluation at end of epoch: latest_acc:42.32 LR:0.10 -- best val acc so far 51.08

Started EPOCH:106
[TRAIN] E: [106][ 0/57]	Loss 1.6000e+00 (1.6000e+00)	Acc@1  57.62 ( 57.62)	Acc@5  84.12 ( 84.12)
[TRAIN] E: [106][56/57]	Loss 1.6482e+00 (1.7343e+00)	Acc@1  56.00 ( 53.45)	Acc@5  81.50 ( 81.17)
[EVAL] E: [106][0/7]	Loss 2.1715e+00 (2.1715e+00)	Acc@1  41.75 ( 41.75)	Acc@5  74.25 ( 74.25)
[EVAL] E: [106][6/7]	Loss 2.3672e+00 (2.2871e+00)	Acc@1  40.00 ( 42.58)	Acc@5  69.00 ( 71.36)
		 Valid evaluation at end of epoch: latest_acc:42.58 LR:0.10 -- best val acc so far 51.08

Started EPOCH:107
[TRAIN] E: [107][ 0/57]	Loss 1.7075e+00 (1.7075e+00)	Acc@1  54.12 ( 54.12)	Acc@5  81.62 ( 81.62)
[TRAIN] E: [107][56/57]	Loss 1.6069e+00 (1.7511e+00)	Acc@1  59.00 ( 53.19)	Acc@5  84.50 ( 80.93)
[EVAL] E: [107][0/7]	Loss 2.2693e+00 (2.2693e+00)	Acc@1  41.38 ( 41.38)	Acc@5  71.88 ( 71.88)
[EVAL] E: [107][6/7]	Loss 2.1766e+00 (2.2384e+00)	Acc@1  43.00 ( 43.24)	Acc@5  72.00 ( 71.64)
		 Valid evaluation at end of epoch: latest_acc:43.24 LR:0.09 -- best val acc so far 51.08

Started EPOCH:108
[TRAIN] E: [108][ 0/57]	Loss 1.7250e+00 (1.7250e+00)	Acc@1  53.50 ( 53.50)	Acc@5  82.62 ( 82.62)
[TRAIN] E: [108][56/57]	Loss 1.6755e+00 (1.7233e+00)	Acc@1  53.50 ( 53.79)	Acc@5  87.50 ( 81.34)
[EVAL] E: [108][0/7]	Loss 2.3748e+00 (2.3748e+00)	Acc@1  40.00 ( 40.00)	Acc@5  70.38 ( 70.38)
[EVAL] E: [108][6/7]	Loss 2.0846e+00 (2.3161e+00)	Acc@1  46.50 ( 41.40)	Acc@5  77.00 ( 71.04)
		 Valid evaluation at end of epoch: latest_acc:41.40 LR:0.09 -- best val acc so far 51.08

Started EPOCH:109
[TRAIN] E: [109][ 0/57]	Loss 1.7523e+00 (1.7523e+00)	Acc@1  52.50 ( 52.50)	Acc@5  80.75 ( 80.75)
[TRAIN] E: [109][56/57]	Loss 1.9499e+00 (1.7257e+00)	Acc@1  49.50 ( 53.52)	Acc@5  75.50 ( 81.23)
[EVAL] E: [109][0/7]	Loss 2.1500e+00 (2.1500e+00)	Acc@1  43.38 ( 43.38)	Acc@5  74.75 ( 74.75)
[EVAL] E: [109][6/7]	Loss 2.0443e+00 (2.2129e+00)	Acc@1  43.00 ( 43.12)	Acc@5  74.00 ( 72.64)
		 Valid evaluation at end of epoch: latest_acc:43.12 LR:0.09 -- best val acc so far 51.08

Started EPOCH:110
[TRAIN] E: [110][ 0/57]	Loss 1.6214e+00 (1.6214e+00)	Acc@1  56.00 ( 56.00)	Acc@5  83.12 ( 83.12)
[TRAIN] E: [110][56/57]	Loss 1.5527e+00 (1.7067e+00)	Acc@1  61.00 ( 54.25)	Acc@5  83.50 ( 81.73)
[EVAL] E: [110][0/7]	Loss 2.2591e+00 (2.2591e+00)	Acc@1  43.75 ( 43.75)	Acc@5  72.62 ( 72.62)
[EVAL] E: [110][6/7]	Loss 2.2174e+00 (2.2042e+00)	Acc@1  45.00 ( 43.96)	Acc@5  73.50 ( 72.72)
		 Valid evaluation at end of epoch: latest_acc:43.96 LR:0.09 -- best val acc so far 51.08

Started EPOCH:111
[TRAIN] E: [111][ 0/57]	Loss 1.7182e+00 (1.7182e+00)	Acc@1  53.62 ( 53.62)	Acc@5  82.62 ( 82.62)
[TRAIN] E: [111][56/57]	Loss 1.6679e+00 (1.6843e+00)	Acc@1  51.50 ( 54.48)	Acc@5  82.00 ( 81.96)
[EVAL] E: [111][0/7]	Loss 2.3409e+00 (2.3409e+00)	Acc@1  40.38 ( 40.38)	Acc@5  72.75 ( 72.75)
[EVAL] E: [111][6/7]	Loss 2.0646e+00 (2.2546e+00)	Acc@1  46.00 ( 43.44)	Acc@5  73.50 ( 72.44)
		 Valid evaluation at end of epoch: latest_acc:43.44 LR:0.09 -- best val acc so far 51.08

Started EPOCH:112
[TRAIN] E: [112][ 0/57]	Loss 1.7645e+00 (1.7645e+00)	Acc@1  52.12 ( 52.12)	Acc@5  81.00 ( 81.00)
[TRAIN] E: [112][56/57]	Loss 1.8574e+00 (1.6923e+00)	Acc@1  50.50 ( 54.25)	Acc@5  82.50 ( 81.76)
[EVAL] E: [112][0/7]	Loss 2.1586e+00 (2.1586e+00)	Acc@1  45.25 ( 45.25)	Acc@5  73.12 ( 73.12)
[EVAL] E: [112][6/7]	Loss 2.1438e+00 (2.1879e+00)	Acc@1  42.00 ( 44.62)	Acc@5  76.00 ( 72.80)
		 Valid evaluation at end of epoch: latest_acc:44.62 LR:0.08 -- best val acc so far 51.08

Started EPOCH:113
[TRAIN] E: [113][ 0/57]	Loss 1.5752e+00 (1.5752e+00)	Acc@1  57.38 ( 57.38)	Acc@5  84.50 ( 84.50)
[TRAIN] E: [113][56/57]	Loss 1.5347e+00 (1.6720e+00)	Acc@1  58.00 ( 54.96)	Acc@5  84.00 ( 82.22)
[EVAL] E: [113][0/7]	Loss 2.2508e+00 (2.2508e+00)	Acc@1  41.50 ( 41.50)	Acc@5  71.62 ( 71.62)
[EVAL] E: [113][6/7]	Loss 2.2655e+00 (2.2495e+00)	Acc@1  42.00 ( 41.90)	Acc@5  69.00 ( 72.14)
		 Valid evaluation at end of epoch: latest_acc:41.90 LR:0.08 -- best val acc so far 51.08

Started EPOCH:114
[TRAIN] E: [114][ 0/57]	Loss 1.7478e+00 (1.7478e+00)	Acc@1  51.12 ( 51.12)	Acc@5  82.75 ( 82.75)
[TRAIN] E: [114][56/57]	Loss 1.7689e+00 (1.6587e+00)	Acc@1  52.50 ( 55.11)	Acc@5  80.50 ( 82.60)
[EVAL] E: [114][0/7]	Loss 2.2265e+00 (2.2265e+00)	Acc@1  42.75 ( 42.75)	Acc@5  74.00 ( 74.00)
[EVAL] E: [114][6/7]	Loss 2.1029e+00 (2.1993e+00)	Acc@1  43.50 ( 43.06)	Acc@5  74.50 ( 73.76)
		 Valid evaluation at end of epoch: latest_acc:43.06 LR:0.08 -- best val acc so far 51.08

Started EPOCH:115
[TRAIN] E: [115][ 0/57]	Loss 1.6080e+00 (1.6080e+00)	Acc@1  57.62 ( 57.62)	Acc@5  84.00 ( 84.00)
[TRAIN] E: [115][56/57]	Loss 1.6210e+00 (1.6414e+00)	Acc@1  54.50 ( 55.82)	Acc@5  83.00 ( 82.66)
[EVAL] E: [115][0/7]	Loss 2.0879e+00 (2.0879e+00)	Acc@1  45.25 ( 45.25)	Acc@5  76.38 ( 76.38)
[EVAL] E: [115][6/7]	Loss 2.0982e+00 (2.0789e+00)	Acc@1  44.50 ( 46.22)	Acc@5  75.50 ( 75.40)
		 Valid evaluation at end of epoch: latest_acc:46.22 LR:0.08 -- best val acc so far 51.08

Started EPOCH:116
[TRAIN] E: [116][ 0/57]	Loss 1.6286e+00 (1.6286e+00)	Acc@1  56.25 ( 56.25)	Acc@5  83.00 ( 83.00)
[TRAIN] E: [116][56/57]	Loss 1.6098e+00 (1.6390e+00)	Acc@1  56.50 ( 55.45)	Acc@5  85.00 ( 82.73)
[EVAL] E: [116][0/7]	Loss 2.1489e+00 (2.1489e+00)	Acc@1  43.38 ( 43.38)	Acc@5  73.25 ( 73.25)
[EVAL] E: [116][6/7]	Loss 2.1226e+00 (2.1105e+00)	Acc@1  46.00 ( 46.10)	Acc@5  74.50 ( 73.78)
		 Valid evaluation at end of epoch: latest_acc:46.10 LR:0.07 -- best val acc so far 51.08

Started EPOCH:117
[TRAIN] E: [117][ 0/57]	Loss 1.5504e+00 (1.5504e+00)	Acc@1  57.38 ( 57.38)	Acc@5  84.12 ( 84.12)
[TRAIN] E: [117][56/57]	Loss 1.7009e+00 (1.6286e+00)	Acc@1  51.00 ( 56.05)	Acc@5  84.00 ( 82.62)
[EVAL] E: [117][0/7]	Loss 2.1918e+00 (2.1918e+00)	Acc@1  45.75 ( 45.75)	Acc@5  73.25 ( 73.25)
[EVAL] E: [117][6/7]	Loss 2.1082e+00 (2.2011e+00)	Acc@1  46.50 ( 44.06)	Acc@5  78.00 ( 72.92)
		 Valid evaluation at end of epoch: latest_acc:44.06 LR:0.07 -- best val acc so far 51.08

Started EPOCH:118
[TRAIN] E: [118][ 0/57]	Loss 1.5666e+00 (1.5666e+00)	Acc@1  57.75 ( 57.75)	Acc@5  83.75 ( 83.75)
[TRAIN] E: [118][56/57]	Loss 1.5707e+00 (1.6020e+00)	Acc@1  55.50 ( 56.80)	Acc@5  85.50 ( 83.26)
[EVAL] E: [118][0/7]	Loss 2.0865e+00 (2.0865e+00)	Acc@1  44.12 ( 44.12)	Acc@5  74.88 ( 74.88)
[EVAL] E: [118][6/7]	Loss 2.0838e+00 (2.1008e+00)	Acc@1  43.00 ( 45.82)	Acc@5  76.00 ( 74.66)
		 Valid evaluation at end of epoch: latest_acc:45.82 LR:0.07 -- best val acc so far 51.08

Started EPOCH:119
[TRAIN] E: [119][ 0/57]	Loss 1.5857e+00 (1.5857e+00)	Acc@1  58.00 ( 58.00)	Acc@5  83.62 ( 83.62)
[TRAIN] E: [119][56/57]	Loss 1.7035e+00 (1.6110e+00)	Acc@1  50.50 ( 56.18)	Acc@5  82.50 ( 83.27)
[EVAL] E: [119][0/7]	Loss 2.0574e+00 (2.0574e+00)	Acc@1  47.12 ( 47.12)	Acc@5  76.00 ( 76.00)
[EVAL] E: [119][6/7]	Loss 1.9730e+00 (2.0836e+00)	Acc@1  46.00 ( 45.56)	Acc@5  78.00 ( 75.20)
		 Valid evaluation at end of epoch: latest_acc:45.56 LR:0.07 -- best val acc so far 51.08

Started EPOCH:120
[TRAIN] E: [120][ 0/57]	Loss 1.5577e+00 (1.5577e+00)	Acc@1  58.75 ( 58.75)	Acc@5  83.38 ( 83.38)
[TRAIN] E: [120][56/57]	Loss 1.8511e+00 (1.5873e+00)	Acc@1  53.50 ( 57.12)	Acc@5  77.50 ( 83.44)
[EVAL] E: [120][0/7]	Loss 2.0670e+00 (2.0670e+00)	Acc@1  48.50 ( 48.50)	Acc@5  75.50 ( 75.50)
[EVAL] E: [120][6/7]	Loss 1.8900e+00 (1.9804e+00)	Acc@1  47.00 ( 48.72)	Acc@5  80.00 ( 76.74)
		 Valid evaluation at end of epoch: latest_acc:48.72 LR:0.06 -- best val acc so far 51.08

Started EPOCH:121
[TRAIN] E: [121][ 0/57]	Loss 1.4959e+00 (1.4959e+00)	Acc@1  62.25 ( 62.25)	Acc@5  84.62 ( 84.62)
[TRAIN] E: [121][56/57]	Loss 1.4916e+00 (1.5718e+00)	Acc@1  58.00 ( 57.53)	Acc@5  83.50 ( 83.59)
[EVAL] E: [121][0/7]	Loss 2.1589e+00 (2.1589e+00)	Acc@1  46.38 ( 46.38)	Acc@5  74.00 ( 74.00)
[EVAL] E: [121][6/7]	Loss 1.9379e+00 (2.1143e+00)	Acc@1  47.50 ( 46.84)	Acc@5  79.50 ( 74.66)
		 Valid evaluation at end of epoch: latest_acc:46.84 LR:0.06 -- best val acc so far 51.08

Started EPOCH:122
[TRAIN] E: [122][ 0/57]	Loss 1.4836e+00 (1.4836e+00)	Acc@1  59.25 ( 59.25)	Acc@5  86.38 ( 86.38)
[TRAIN] E: [122][56/57]	Loss 1.5436e+00 (1.5586e+00)	Acc@1  57.00 ( 57.83)	Acc@5  85.50 ( 83.93)
[EVAL] E: [122][0/7]	Loss 2.1163e+00 (2.1163e+00)	Acc@1  46.25 ( 46.25)	Acc@5  75.88 ( 75.88)
[EVAL] E: [122][6/7]	Loss 1.8806e+00 (2.0390e+00)	Acc@1  49.50 ( 47.88)	Acc@5  79.00 ( 76.02)
		 Valid evaluation at end of epoch: latest_acc:47.88 LR:0.06 -- best val acc so far 51.08

Started EPOCH:123
[TRAIN] E: [123][ 0/57]	Loss 1.4184e+00 (1.4184e+00)	Acc@1  61.38 ( 61.38)	Acc@5  87.12 ( 87.12)
[TRAIN] E: [123][56/57]	Loss 1.4595e+00 (1.5248e+00)	Acc@1  61.00 ( 58.67)	Acc@5  85.50 ( 84.36)
[EVAL] E: [123][0/7]	Loss 1.9274e+00 (1.9274e+00)	Acc@1  48.50 ( 48.50)	Acc@5  78.00 ( 78.00)
[EVAL] E: [123][6/7]	Loss 1.9961e+00 (1.9649e+00)	Acc@1  47.00 ( 48.58)	Acc@5  75.00 ( 76.62)
		 Valid evaluation at end of epoch: latest_acc:48.58 LR:0.05 -- best val acc so far 51.08

Started EPOCH:124
[TRAIN] E: [124][ 0/57]	Loss 1.4822e+00 (1.4822e+00)	Acc@1  59.62 ( 59.62)	Acc@5  85.50 ( 85.50)
[TRAIN] E: [124][56/57]	Loss 1.5126e+00 (1.5214e+00)	Acc@1  54.00 ( 58.64)	Acc@5  86.00 ( 84.76)
[EVAL] E: [124][0/7]	Loss 1.9458e+00 (1.9458e+00)	Acc@1  49.25 ( 49.25)	Acc@5  75.62 ( 75.62)
[EVAL] E: [124][6/7]	Loss 1.8564e+00 (1.9688e+00)	Acc@1  48.50 ( 48.94)	Acc@5  81.00 ( 76.22)
		 Valid evaluation at end of epoch: latest_acc:48.94 LR:0.05 -- best val acc so far 51.08

Started EPOCH:125
[TRAIN] E: [125][ 0/57]	Loss 1.4858e+00 (1.4858e+00)	Acc@1  59.62 ( 59.62)	Acc@5  84.00 ( 84.00)
[TRAIN] E: [125][56/57]	Loss 1.5256e+00 (1.5019e+00)	Acc@1  60.00 ( 59.18)	Acc@5  83.00 ( 84.84)
[EVAL] E: [125][0/7]	Loss 1.9841e+00 (1.9841e+00)	Acc@1  48.12 ( 48.12)	Acc@5  76.75 ( 76.75)
[EVAL] E: [125][6/7]	Loss 1.9027e+00 (2.0030e+00)	Acc@1  48.50 ( 48.34)	Acc@5  81.50 ( 76.16)
		 Valid evaluation at end of epoch: latest_acc:48.34 LR:0.05 -- best val acc so far 51.08

Started EPOCH:126
[TRAIN] E: [126][ 0/57]	Loss 1.4381e+00 (1.4381e+00)	Acc@1  60.75 ( 60.75)	Acc@5  87.25 ( 87.25)
[TRAIN] E: [126][56/57]	Loss 1.5218e+00 (1.4879e+00)	Acc@1  58.50 ( 59.42)	Acc@5  83.50 ( 85.22)
[EVAL] E: [126][0/7]	Loss 2.0107e+00 (2.0107e+00)	Acc@1  47.50 ( 47.50)	Acc@5  77.12 ( 77.12)
[EVAL] E: [126][6/7]	Loss 1.8917e+00 (1.9952e+00)	Acc@1  44.50 ( 47.14)	Acc@5  80.50 ( 76.68)
		 Valid evaluation at end of epoch: latest_acc:47.14 LR:0.04 -- best val acc so far 51.08

Started EPOCH:127
[TRAIN] E: [127][ 0/57]	Loss 1.5408e+00 (1.5408e+00)	Acc@1  58.00 ( 58.00)	Acc@5  83.75 ( 83.75)
[TRAIN] E: [127][56/57]	Loss 1.4581e+00 (1.4873e+00)	Acc@1  60.50 ( 59.50)	Acc@5  86.00 ( 84.97)
[EVAL] E: [127][0/7]	Loss 1.9138e+00 (1.9138e+00)	Acc@1  49.62 ( 49.62)	Acc@5  78.12 ( 78.12)
[EVAL] E: [127][6/7]	Loss 1.8646e+00 (1.8955e+00)	Acc@1  51.00 ( 50.08)	Acc@5  79.50 ( 79.00)
		 Valid evaluation at end of epoch: latest_acc:50.08 LR:0.04 -- best val acc so far 51.08

Started EPOCH:128
[TRAIN] E: [128][ 0/57]	Loss 1.3613e+00 (1.3613e+00)	Acc@1  60.25 ( 60.25)	Acc@5  86.75 ( 86.75)
[TRAIN] E: [128][56/57]	Loss 1.5144e+00 (1.4577e+00)	Acc@1  59.00 ( 60.53)	Acc@5  84.00 ( 85.61)
[EVAL] E: [128][0/7]	Loss 1.9936e+00 (1.9936e+00)	Acc@1  50.12 ( 50.12)	Acc@5  75.88 ( 75.88)
[EVAL] E: [128][6/7]	Loss 1.8549e+00 (1.9944e+00)	Acc@1  48.00 ( 48.08)	Acc@5  79.00 ( 76.52)
		 Valid evaluation at end of epoch: latest_acc:48.08 LR:0.04 -- best val acc so far 51.08

Started EPOCH:129
[TRAIN] E: [129][ 0/57]	Loss 1.3825e+00 (1.3825e+00)	Acc@1  62.12 ( 62.12)	Acc@5  87.25 ( 87.25)
[TRAIN] E: [129][56/57]	Loss 1.3910e+00 (1.4358e+00)	Acc@1  61.00 ( 60.98)	Acc@5  85.50 ( 85.95)
[EVAL] E: [129][0/7]	Loss 1.9955e+00 (1.9955e+00)	Acc@1  49.50 ( 49.50)	Acc@5  76.75 ( 76.75)
[EVAL] E: [129][6/7]	Loss 1.8353e+00 (2.0277e+00)	Acc@1  49.50 ( 47.08)	Acc@5  79.50 ( 76.00)
		 Valid evaluation at end of epoch: latest_acc:47.08 LR:0.03 -- best val acc so far 51.08

Started EPOCH:130
[TRAIN] E: [130][ 0/57]	Loss 1.5219e+00 (1.5219e+00)	Acc@1  58.38 ( 58.38)	Acc@5  83.75 ( 83.75)
[TRAIN] E: [130][56/57]	Loss 1.4698e+00 (1.4294e+00)	Acc@1  61.50 ( 60.82)	Acc@5  85.50 ( 85.91)
[EVAL] E: [130][0/7]	Loss 1.8386e+00 (1.8386e+00)	Acc@1  52.75 ( 52.75)	Acc@5  79.38 ( 79.38)
[EVAL] E: [130][6/7]	Loss 1.8571e+00 (1.8510e+00)	Acc@1  50.50 ( 51.76)	Acc@5  80.00 ( 78.82)
		 Valid evaluation at end of epoch: latest_acc:51.76 LR:0.03 -- best val acc so far 51.76

Started EPOCH:131
[TRAIN] E: [131][ 0/57]	Loss 1.4024e+00 (1.4024e+00)	Acc@1  61.50 ( 61.50)	Acc@5  87.50 ( 87.50)
[TRAIN] E: [131][56/57]	Loss 1.4231e+00 (1.4001e+00)	Acc@1  64.50 ( 61.78)	Acc@5  86.50 ( 86.48)
[EVAL] E: [131][0/7]	Loss 1.7954e+00 (1.7954e+00)	Acc@1  52.12 ( 52.12)	Acc@5  80.00 ( 80.00)
[EVAL] E: [131][6/7]	Loss 1.8271e+00 (1.8191e+00)	Acc@1  49.50 ( 51.90)	Acc@5  80.50 ( 79.22)
		 Valid evaluation at end of epoch: latest_acc:51.90 LR:0.03 -- best val acc so far 51.90

Started EPOCH:132
[TRAIN] E: [132][ 0/57]	Loss 1.3657e+00 (1.3657e+00)	Acc@1  61.00 ( 61.00)	Acc@5  87.62 ( 87.62)
[TRAIN] E: [132][56/57]	Loss 1.4723e+00 (1.3794e+00)	Acc@1  63.50 ( 62.52)	Acc@5  85.50 ( 86.67)
[EVAL] E: [132][0/7]	Loss 1.8264e+00 (1.8264e+00)	Acc@1  51.75 ( 51.75)	Acc@5  79.12 ( 79.12)
[EVAL] E: [132][6/7]	Loss 1.7302e+00 (1.7966e+00)	Acc@1  49.50 ( 52.68)	Acc@5  82.00 ( 79.80)
		 Valid evaluation at end of epoch: latest_acc:52.68 LR:0.03 -- best val acc so far 52.68

Started EPOCH:133
[TRAIN] E: [133][ 0/57]	Loss 1.3749e+00 (1.3749e+00)	Acc@1  61.62 ( 61.62)	Acc@5  87.38 ( 87.38)
[TRAIN] E: [133][56/57]	Loss 1.3933e+00 (1.3703e+00)	Acc@1  56.50 ( 62.40)	Acc@5  91.00 ( 86.81)
[EVAL] E: [133][0/7]	Loss 1.8089e+00 (1.8089e+00)	Acc@1  52.38 ( 52.38)	Acc@5  77.88 ( 77.88)
[EVAL] E: [133][6/7]	Loss 1.7248e+00 (1.7923e+00)	Acc@1  52.50 ( 52.46)	Acc@5  78.50 ( 79.34)
		 Valid evaluation at end of epoch: latest_acc:52.46 LR:0.02 -- best val acc so far 52.68

Started EPOCH:134
[TRAIN] E: [134][ 0/57]	Loss 1.2989e+00 (1.2989e+00)	Acc@1  67.88 ( 67.88)	Acc@5  87.75 ( 87.75)
[TRAIN] E: [134][56/57]	Loss 1.4675e+00 (1.3561e+00)	Acc@1  60.50 ( 63.07)	Acc@5  84.50 ( 87.10)
[EVAL] E: [134][0/7]	Loss 1.9356e+00 (1.9356e+00)	Acc@1  50.50 ( 50.50)	Acc@5  77.62 ( 77.62)
[EVAL] E: [134][6/7]	Loss 1.7391e+00 (1.8296e+00)	Acc@1  49.00 ( 51.48)	Acc@5  77.50 ( 79.10)
		 Valid evaluation at end of epoch: latest_acc:51.48 LR:0.02 -- best val acc so far 52.68

Started EPOCH:135
[TRAIN] E: [135][ 0/57]	Loss 1.2421e+00 (1.2421e+00)	Acc@1  67.25 ( 67.25)	Acc@5  88.88 ( 88.88)
[TRAIN] E: [135][56/57]	Loss 1.2754e+00 (1.3349e+00)	Acc@1  65.50 ( 63.52)	Acc@5  88.00 ( 87.30)
[EVAL] E: [135][0/7]	Loss 1.7105e+00 (1.7105e+00)	Acc@1  55.00 ( 55.00)	Acc@5  81.12 ( 81.12)
[EVAL] E: [135][6/7]	Loss 1.6515e+00 (1.7318e+00)	Acc@1  53.50 ( 54.48)	Acc@5  82.50 ( 81.06)
		 Valid evaluation at end of epoch: latest_acc:54.48 LR:0.02 -- best val acc so far 54.48

Started EPOCH:136
[TRAIN] E: [136][ 0/57]	Loss 1.3491e+00 (1.3491e+00)	Acc@1  63.38 ( 63.38)	Acc@5  86.62 ( 86.62)
[TRAIN] E: [136][56/57]	Loss 1.4123e+00 (1.3143e+00)	Acc@1  61.00 ( 64.01)	Acc@5  86.00 ( 87.68)
[EVAL] E: [136][0/7]	Loss 1.9110e+00 (1.9110e+00)	Acc@1  51.50 ( 51.50)	Acc@5  78.62 ( 78.62)
[EVAL] E: [136][6/7]	Loss 1.8679e+00 (1.8995e+00)	Acc@1  53.50 ( 51.32)	Acc@5  78.00 ( 78.40)
		 Valid evaluation at end of epoch: latest_acc:51.32 LR:0.02 -- best val acc so far 54.48

Started EPOCH:137
[TRAIN] E: [137][ 0/57]	Loss 1.3860e+00 (1.3860e+00)	Acc@1  62.25 ( 62.25)	Acc@5  86.12 ( 86.12)
[TRAIN] E: [137][56/57]	Loss 1.3611e+00 (1.3104e+00)	Acc@1  59.50 ( 64.12)	Acc@5  85.50 ( 87.54)
[EVAL] E: [137][0/7]	Loss 1.7314e+00 (1.7314e+00)	Acc@1  54.62 ( 54.62)	Acc@5  80.12 ( 80.12)
[EVAL] E: [137][6/7]	Loss 1.6713e+00 (1.7042e+00)	Acc@1  52.50 ( 54.68)	Acc@5  83.00 ( 81.72)
		 Valid evaluation at end of epoch: latest_acc:54.68 LR:0.01 -- best val acc so far 54.68

Started EPOCH:138
[TRAIN] E: [138][ 0/57]	Loss 1.2406e+00 (1.2406e+00)	Acc@1  66.12 ( 66.12)	Acc@5  89.00 ( 89.00)
[TRAIN] E: [138][56/57]	Loss 1.3130e+00 (1.2870e+00)	Acc@1  65.50 ( 64.63)	Acc@5  88.00 ( 88.06)
[EVAL] E: [138][0/7]	Loss 1.6373e+00 (1.6373e+00)	Acc@1  55.00 ( 55.00)	Acc@5  82.00 ( 82.00)
[EVAL] E: [138][6/7]	Loss 1.4806e+00 (1.6605e+00)	Acc@1  61.50 ( 55.54)	Acc@5  86.00 ( 82.14)
		 Valid evaluation at end of epoch: latest_acc:55.54 LR:0.01 -- best val acc so far 55.54

Started EPOCH:139
[TRAIN] E: [139][ 0/57]	Loss 1.2691e+00 (1.2691e+00)	Acc@1  65.62 ( 65.62)	Acc@5  87.62 ( 87.62)
[TRAIN] E: [139][56/57]	Loss 1.3265e+00 (1.2731e+00)	Acc@1  62.50 ( 65.28)	Acc@5  87.50 ( 88.15)
[EVAL] E: [139][0/7]	Loss 1.6772e+00 (1.6772e+00)	Acc@1  57.12 ( 57.12)	Acc@5  80.88 ( 80.88)
[EVAL] E: [139][6/7]	Loss 1.6285e+00 (1.6528e+00)	Acc@1  56.50 ( 56.24)	Acc@5  83.50 ( 81.74)
		 Valid evaluation at end of epoch: latest_acc:56.24 LR:0.01 -- best val acc so far 56.24

Started EPOCH:140
[TRAIN] E: [140][ 0/57]	Loss 1.3690e+00 (1.3690e+00)	Acc@1  63.12 ( 63.12)	Acc@5  86.12 ( 86.12)
[TRAIN] E: [140][56/57]	Loss 1.2106e+00 (1.2692e+00)	Acc@1  60.50 ( 65.31)	Acc@5  89.50 ( 88.31)
[EVAL] E: [140][0/7]	Loss 1.7108e+00 (1.7108e+00)	Acc@1  55.25 ( 55.25)	Acc@5  81.25 ( 81.25)
[EVAL] E: [140][6/7]	Loss 1.6618e+00 (1.6555e+00)	Acc@1  54.50 ( 56.20)	Acc@5  82.50 ( 82.16)
		 Valid evaluation at end of epoch: latest_acc:56.20 LR:0.01 -- best val acc so far 56.24

Started EPOCH:141
[TRAIN] E: [141][ 0/57]	Loss 1.2202e+00 (1.2202e+00)	Acc@1  66.00 ( 66.00)	Acc@5  89.12 ( 89.12)
[TRAIN] E: [141][56/57]	Loss 1.3042e+00 (1.2492e+00)	Acc@1  64.50 ( 65.68)	Acc@5  88.00 ( 88.55)
[EVAL] E: [141][0/7]	Loss 1.6637e+00 (1.6637e+00)	Acc@1  54.62 ( 54.62)	Acc@5  82.62 ( 82.62)
[EVAL] E: [141][6/7]	Loss 1.6403e+00 (1.6747e+00)	Acc@1  55.50 ( 54.84)	Acc@5  85.00 ( 82.66)
		 Valid evaluation at end of epoch: latest_acc:54.84 LR:0.01 -- best val acc so far 56.24

Started EPOCH:142
[TRAIN] E: [142][ 0/57]	Loss 1.2612e+00 (1.2612e+00)	Acc@1  66.38 ( 66.38)	Acc@5  90.00 ( 90.00)
[TRAIN] E: [142][56/57]	Loss 1.2070e+00 (1.2447e+00)	Acc@1  65.50 ( 65.68)	Acc@5  88.00 ( 88.52)
[EVAL] E: [142][0/7]	Loss 1.6507e+00 (1.6507e+00)	Acc@1  55.50 ( 55.50)	Acc@5  81.38 ( 81.38)
[EVAL] E: [142][6/7]	Loss 1.5190e+00 (1.6189e+00)	Acc@1  59.00 ( 56.86)	Acc@5  85.50 ( 82.74)
		 Valid evaluation at end of epoch: latest_acc:56.86 LR:0.00 -- best val acc so far 56.86

Started EPOCH:143
[TRAIN] E: [143][ 0/57]	Loss 1.2984e+00 (1.2984e+00)	Acc@1  63.00 ( 63.00)	Acc@5  87.88 ( 87.88)
[TRAIN] E: [143][56/57]	Loss 1.0743e+00 (1.2259e+00)	Acc@1  69.00 ( 66.52)	Acc@5  94.50 ( 88.90)
[EVAL] E: [143][0/7]	Loss 1.6127e+00 (1.6127e+00)	Acc@1  58.12 ( 58.12)	Acc@5  83.62 ( 83.62)
[EVAL] E: [143][6/7]	Loss 1.5646e+00 (1.6481e+00)	Acc@1  51.00 ( 56.34)	Acc@5  84.50 ( 82.42)
		 Valid evaluation at end of epoch: latest_acc:56.34 LR:0.00 -- best val acc so far 56.86

Started EPOCH:144
[TRAIN] E: [144][ 0/57]	Loss 1.2456e+00 (1.2456e+00)	Acc@1  66.50 ( 66.50)	Acc@5  89.00 ( 89.00)
[TRAIN] E: [144][56/57]	Loss 1.2926e+00 (1.2319e+00)	Acc@1  66.00 ( 66.31)	Acc@5  87.50 ( 88.76)
[EVAL] E: [144][0/7]	Loss 1.5883e+00 (1.5883e+00)	Acc@1  57.88 ( 57.88)	Acc@5  82.88 ( 82.88)
[EVAL] E: [144][6/7]	Loss 1.6293e+00 (1.6261e+00)	Acc@1  60.50 ( 56.88)	Acc@5  80.50 ( 81.74)
		 Valid evaluation at end of epoch: latest_acc:56.88 LR:0.00 -- best val acc so far 56.88

Started EPOCH:145
[TRAIN] E: [145][ 0/57]	Loss 1.2684e+00 (1.2684e+00)	Acc@1  66.00 ( 66.00)	Acc@5  88.00 ( 88.00)
[TRAIN] E: [145][56/57]	Loss 1.1619e+00 (1.2224e+00)	Acc@1  71.00 ( 66.42)	Acc@5  87.50 ( 88.76)
[EVAL] E: [145][0/7]	Loss 1.6076e+00 (1.6076e+00)	Acc@1  56.12 ( 56.12)	Acc@5  82.75 ( 82.75)
[EVAL] E: [145][6/7]	Loss 1.5594e+00 (1.6059e+00)	Acc@1  54.50 ( 56.12)	Acc@5  85.00 ( 82.88)
		 Valid evaluation at end of epoch: latest_acc:56.12 LR:0.00 -- best val acc so far 56.88

Started EPOCH:146
[TRAIN] E: [146][ 0/57]	Loss 1.1998e+00 (1.1998e+00)	Acc@1  67.00 ( 67.00)	Acc@5  88.88 ( 88.88)
[TRAIN] E: [146][56/57]	Loss 1.3600e+00 (1.2116e+00)	Acc@1  60.50 ( 66.72)	Acc@5  87.00 ( 89.02)
[EVAL] E: [146][0/7]	Loss 1.6324e+00 (1.6324e+00)	Acc@1  56.00 ( 56.00)	Acc@5  82.50 ( 82.50)
[EVAL] E: [146][6/7]	Loss 1.5372e+00 (1.6248e+00)	Acc@1  57.00 ( 56.44)	Acc@5  86.00 ( 82.58)
		 Valid evaluation at end of epoch: latest_acc:56.44 LR:0.00 -- best val acc so far 56.88

Started EPOCH:147
[TRAIN] E: [147][ 0/57]	Loss 1.1881e+00 (1.1881e+00)	Acc@1  66.50 ( 66.50)	Acc@5  90.38 ( 90.38)
[TRAIN] E: [147][56/57]	Loss 1.1542e+00 (1.2099e+00)	Acc@1  67.00 ( 66.82)	Acc@5  90.50 ( 89.02)
[EVAL] E: [147][0/7]	Loss 1.5770e+00 (1.5770e+00)	Acc@1  57.88 ( 57.88)	Acc@5  82.00 ( 82.00)
[EVAL] E: [147][6/7]	Loss 1.6963e+00 (1.6019e+00)	Acc@1  52.00 ( 57.18)	Acc@5  82.50 ( 82.54)
		 Valid evaluation at end of epoch: latest_acc:57.18 LR:0.00 -- best val acc so far 57.18

Started EPOCH:148
[TRAIN] E: [148][ 0/57]	Loss 1.1569e+00 (1.1569e+00)	Acc@1  68.62 ( 68.62)	Acc@5  89.12 ( 89.12)
[TRAIN] E: [148][56/57]	Loss 1.3243e+00 (1.2110e+00)	Acc@1  62.50 ( 66.71)	Acc@5  87.50 ( 89.09)
[EVAL] E: [148][0/7]	Loss 1.6833e+00 (1.6833e+00)	Acc@1  56.62 ( 56.62)	Acc@5  81.62 ( 81.62)
[EVAL] E: [148][6/7]	Loss 1.5141e+00 (1.6252e+00)	Acc@1  57.50 ( 56.78)	Acc@5  85.00 ( 82.14)
		 Valid evaluation at end of epoch: latest_acc:56.78 LR:0.00 -- best val acc so far 57.18

Started EPOCH:149
[TRAIN] E: [149][ 0/57]	Loss 1.1350e+00 (1.1350e+00)	Acc@1  68.88 ( 68.88)	Acc@5  89.00 ( 89.00)
[TRAIN] E: [149][56/57]	Loss 1.1864e+00 (1.1958e+00)	Acc@1  66.50 ( 67.12)	Acc@5  88.00 ( 89.36)
[EVAL] E: [149][0/7]	Loss 1.5873e+00 (1.5873e+00)	Acc@1  59.38 ( 59.38)	Acc@5  83.38 ( 83.38)
[EVAL] E: [149][6/7]	Loss 1.6328e+00 (1.5895e+00)	Acc@1  59.50 ( 57.46)	Acc@5  83.00 ( 82.62)
		 Valid evaluation at end of epoch: latest_acc:57.46 LR:0.00 -- best val acc so far 57.46

Started EPOCH:150
[TRAIN] E: [150][ 0/57]	Loss 1.1623e+00 (1.1623e+00)	Acc@1  67.62 ( 67.62)	Acc@5  89.12 ( 89.12)
[TRAIN] E: [150][56/57]	Loss 1.3759e+00 (1.2071e+00)	Acc@1  64.50 ( 66.97)	Acc@5  86.00 ( 88.94)
[EVAL] E: [150][0/7]	Loss 1.5897e+00 (1.5897e+00)	Acc@1  57.75 ( 57.75)	Acc@5  84.62 ( 84.62)
[EVAL] E: [150][6/7]	Loss 1.4653e+00 (1.5835e+00)	Acc@1  61.50 ( 57.28)	Acc@5  87.00 ( 83.88)
		 Valid evaluation at end of epoch: latest_acc:57.28 LR:0.00 -- best val acc so far 57.46

Started EPOCH:151
[TRAIN] E: [151][ 0/57]	Loss 1.1894e+00 (1.1894e+00)	Acc@1  67.12 ( 67.12)	Acc@5  89.00 ( 89.00)
[TRAIN] E: [151][56/57]	Loss 1.0938e+00 (1.2118e+00)	Acc@1  69.00 ( 66.70)	Acc@5  89.50 ( 88.85)
[EVAL] E: [151][0/7]	Loss 1.7154e+00 (1.7154e+00)	Acc@1  56.38 ( 56.38)	Acc@5  80.62 ( 80.62)
[EVAL] E: [151][6/7]	Loss 1.4404e+00 (1.5973e+00)	Acc@1  56.00 ( 57.50)	Acc@5  88.00 ( 83.40)
		 Valid evaluation at end of epoch: latest_acc:57.50 LR:0.00 -- best val acc so far 57.50

Started EPOCH:152
[TRAIN] E: [152][ 0/57]	Loss 1.2498e+00 (1.2498e+00)	Acc@1  64.00 ( 64.00)	Acc@5  87.88 ( 87.88)
[TRAIN] E: [152][56/57]	Loss 1.4201e+00 (1.2181e+00)	Acc@1  60.50 ( 66.49)	Acc@5  84.00 ( 88.86)
[EVAL] E: [152][0/7]	Loss 1.5810e+00 (1.5810e+00)	Acc@1  57.38 ( 57.38)	Acc@5  83.75 ( 83.75)
[EVAL] E: [152][6/7]	Loss 1.4576e+00 (1.5634e+00)	Acc@1  59.00 ( 58.16)	Acc@5  86.00 ( 83.68)
		 Valid evaluation at end of epoch: latest_acc:58.16 LR:0.00 -- best val acc so far 58.16

Started EPOCH:153
[TRAIN] E: [153][ 0/57]	Loss 1.2435e+00 (1.2435e+00)	Acc@1  65.12 ( 65.12)	Acc@5  88.12 ( 88.12)
[TRAIN] E: [153][56/57]	Loss 1.2589e+00 (1.2063e+00)	Acc@1  64.00 ( 66.83)	Acc@5  85.00 ( 89.21)
[EVAL] E: [153][0/7]	Loss 1.6563e+00 (1.6563e+00)	Acc@1  58.50 ( 58.50)	Acc@5  82.25 ( 82.25)
[EVAL] E: [153][6/7]	Loss 1.4927e+00 (1.6107e+00)	Acc@1  58.00 ( 57.72)	Acc@5  84.50 ( 82.36)
		 Valid evaluation at end of epoch: latest_acc:57.72 LR:0.00 -- best val acc so far 58.16

Started EPOCH:154
[TRAIN] E: [154][ 0/57]	Loss 1.1317e+00 (1.1317e+00)	Acc@1  68.38 ( 68.38)	Acc@5  91.00 ( 91.00)
[TRAIN] E: [154][56/57]	Loss 1.2585e+00 (1.2066e+00)	Acc@1  65.00 ( 67.01)	Acc@5  89.00 ( 89.27)
[EVAL] E: [154][0/7]	Loss 1.6036e+00 (1.6036e+00)	Acc@1  57.00 ( 57.00)	Acc@5  83.12 ( 83.12)
[EVAL] E: [154][6/7]	Loss 1.5245e+00 (1.5855e+00)	Acc@1  58.50 ( 57.14)	Acc@5  82.50 ( 83.16)
		 Valid evaluation at end of epoch: latest_acc:57.14 LR:0.00 -- best val acc so far 58.16

Started EPOCH:155
[TRAIN] E: [155][ 0/57]	Loss 1.1658e+00 (1.1658e+00)	Acc@1  66.88 ( 66.88)	Acc@5  89.38 ( 89.38)
[TRAIN] E: [155][56/57]	Loss 1.2225e+00 (1.2035e+00)	Acc@1  67.00 ( 67.16)	Acc@5  91.50 ( 89.11)
[EVAL] E: [155][0/7]	Loss 1.6124e+00 (1.6124e+00)	Acc@1  56.75 ( 56.75)	Acc@5  83.38 ( 83.38)
[EVAL] E: [155][6/7]	Loss 1.4474e+00 (1.5823e+00)	Acc@1  59.00 ( 57.30)	Acc@5  85.00 ( 83.52)
		 Valid evaluation at end of epoch: latest_acc:57.30 LR:0.00 -- best val acc so far 58.16

Started EPOCH:156
[TRAIN] E: [156][ 0/57]	Loss 1.1637e+00 (1.1637e+00)	Acc@1  66.38 ( 66.38)	Acc@5  89.50 ( 89.50)
[TRAIN] E: [156][56/57]	Loss 1.1383e+00 (1.2124e+00)	Acc@1  65.00 ( 66.79)	Acc@5  90.50 ( 88.95)
[EVAL] E: [156][0/7]	Loss 1.6222e+00 (1.6222e+00)	Acc@1  57.50 ( 57.50)	Acc@5  82.62 ( 82.62)
[EVAL] E: [156][6/7]	Loss 1.4218e+00 (1.5776e+00)	Acc@1  60.00 ( 57.44)	Acc@5  86.50 ( 83.72)
		 Valid evaluation at end of epoch: latest_acc:57.44 LR:0.00 -- best val acc so far 58.16

Started EPOCH:157
[TRAIN] E: [157][ 0/57]	Loss 1.2528e+00 (1.2528e+00)	Acc@1  66.12 ( 66.12)	Acc@5  89.50 ( 89.50)
[TRAIN] E: [157][56/57]	Loss 1.1905e+00 (1.2153e+00)	Acc@1  67.00 ( 66.84)	Acc@5  89.00 ( 89.03)
[EVAL] E: [157][0/7]	Loss 1.5271e+00 (1.5271e+00)	Acc@1  60.00 ( 60.00)	Acc@5  84.00 ( 84.00)
[EVAL] E: [157][6/7]	Loss 1.5854e+00 (1.5982e+00)	Acc@1  58.00 ( 57.18)	Acc@5  82.00 ( 82.84)
		 Valid evaluation at end of epoch: latest_acc:57.18 LR:0.01 -- best val acc so far 58.16

Started EPOCH:158
[TRAIN] E: [158][ 0/57]	Loss 1.2327e+00 (1.2327e+00)	Acc@1  66.38 ( 66.38)	Acc@5  88.12 ( 88.12)
[TRAIN] E: [158][56/57]	Loss 1.2751e+00 (1.2112e+00)	Acc@1  63.50 ( 66.82)	Acc@5  88.50 ( 89.09)
[EVAL] E: [158][0/7]	Loss 1.7115e+00 (1.7115e+00)	Acc@1  55.75 ( 55.75)	Acc@5  81.50 ( 81.50)
[EVAL] E: [158][6/7]	Loss 1.4923e+00 (1.6397e+00)	Acc@1  57.50 ( 56.18)	Acc@5  85.00 ( 82.90)
		 Valid evaluation at end of epoch: latest_acc:56.18 LR:0.01 -- best val acc so far 58.16

Started EPOCH:159
[TRAIN] E: [159][ 0/57]	Loss 1.2562e+00 (1.2562e+00)	Acc@1  66.88 ( 66.88)	Acc@5  87.88 ( 87.88)
[TRAIN] E: [159][56/57]	Loss 1.2818e+00 (1.2164e+00)	Acc@1  63.50 ( 66.73)	Acc@5  89.00 ( 88.98)
[EVAL] E: [159][0/7]	Loss 1.6866e+00 (1.6866e+00)	Acc@1  55.75 ( 55.75)	Acc@5  80.38 ( 80.38)
[EVAL] E: [159][6/7]	Loss 1.5899e+00 (1.6513e+00)	Acc@1  55.00 ( 56.12)	Acc@5  80.50 ( 81.50)
		 Valid evaluation at end of epoch: latest_acc:56.12 LR:0.01 -- best val acc so far 58.16

Started EPOCH:160
[TRAIN] E: [160][ 0/57]	Loss 1.2155e+00 (1.2155e+00)	Acc@1  66.88 ( 66.88)	Acc@5  89.62 ( 89.62)
[TRAIN] E: [160][56/57]	Loss 1.3489e+00 (1.2325e+00)	Acc@1  63.50 ( 65.91)	Acc@5  87.50 ( 88.81)
[EVAL] E: [160][0/7]	Loss 1.6162e+00 (1.6162e+00)	Acc@1  58.25 ( 58.25)	Acc@5  83.00 ( 83.00)
[EVAL] E: [160][6/7]	Loss 1.7239e+00 (1.6730e+00)	Acc@1  53.50 ( 55.14)	Acc@5  82.00 ( 82.04)
		 Valid evaluation at end of epoch: latest_acc:55.14 LR:0.01 -- best val acc so far 58.16

Started EPOCH:161
[TRAIN] E: [161][ 0/57]	Loss 1.3046e+00 (1.3046e+00)	Acc@1  64.88 ( 64.88)	Acc@5  88.62 ( 88.62)
[TRAIN] E: [161][56/57]	Loss 1.3014e+00 (1.2407e+00)	Acc@1  65.00 ( 66.16)	Acc@5  87.00 ( 88.64)
[EVAL] E: [161][0/7]	Loss 1.6814e+00 (1.6814e+00)	Acc@1  56.88 ( 56.88)	Acc@5  80.50 ( 80.50)
[EVAL] E: [161][6/7]	Loss 1.7508e+00 (1.6732e+00)	Acc@1  52.50 ( 56.76)	Acc@5  79.00 ( 81.82)
		 Valid evaluation at end of epoch: latest_acc:56.76 LR:0.01 -- best val acc so far 58.16

Started EPOCH:162
[TRAIN] E: [162][ 0/57]	Loss 1.2388e+00 (1.2388e+00)	Acc@1  64.12 ( 64.12)	Acc@5  89.38 ( 89.38)
[TRAIN] E: [162][56/57]	Loss 1.3278e+00 (1.2535e+00)	Acc@1  62.00 ( 65.74)	Acc@5  85.50 ( 88.42)
[EVAL] E: [162][0/7]	Loss 1.7204e+00 (1.7204e+00)	Acc@1  55.38 ( 55.38)	Acc@5  79.50 ( 79.50)
[EVAL] E: [162][6/7]	Loss 1.5294e+00 (1.7035e+00)	Acc@1  63.00 ( 55.52)	Acc@5  86.00 ( 81.26)
		 Valid evaluation at end of epoch: latest_acc:55.52 LR:0.02 -- best val acc so far 58.16

Started EPOCH:163
[TRAIN] E: [163][ 0/57]	Loss 1.1946e+00 (1.1946e+00)	Acc@1  68.88 ( 68.88)	Acc@5  89.38 ( 89.38)
[TRAIN] E: [163][56/57]	Loss 1.4431e+00 (1.2581e+00)	Acc@1  61.00 ( 65.35)	Acc@5  84.50 ( 88.32)
[EVAL] E: [163][0/7]	Loss 1.6629e+00 (1.6629e+00)	Acc@1  56.25 ( 56.25)	Acc@5  82.88 ( 82.88)
[EVAL] E: [163][6/7]	Loss 1.6277e+00 (1.7064e+00)	Acc@1  49.50 ( 54.42)	Acc@5  84.00 ( 81.84)
		 Valid evaluation at end of epoch: latest_acc:54.42 LR:0.02 -- best val acc so far 58.16

Started EPOCH:164
[TRAIN] E: [164][ 0/57]	Loss 1.2453e+00 (1.2453e+00)	Acc@1  65.25 ( 65.25)	Acc@5  89.25 ( 89.25)
[TRAIN] E: [164][56/57]	Loss 1.4564e+00 (1.2806e+00)	Acc@1  62.50 ( 64.76)	Acc@5  83.00 ( 87.95)
[EVAL] E: [164][0/7]	Loss 1.7595e+00 (1.7595e+00)	Acc@1  54.50 ( 54.50)	Acc@5  80.12 ( 80.12)
[EVAL] E: [164][6/7]	Loss 1.5687e+00 (1.7502e+00)	Acc@1  56.50 ( 53.90)	Acc@5  85.00 ( 81.10)
		 Valid evaluation at end of epoch: latest_acc:53.90 LR:0.02 -- best val acc so far 58.16

Started EPOCH:165
[TRAIN] E: [165][ 0/57]	Loss 1.3088e+00 (1.3088e+00)	Acc@1  64.00 ( 64.00)	Acc@5  87.25 ( 87.25)
[TRAIN] E: [165][56/57]	Loss 1.1497e+00 (1.2927e+00)	Acc@1  66.00 ( 64.48)	Acc@5  90.50 ( 87.97)
[EVAL] E: [165][0/7]	Loss 1.8878e+00 (1.8878e+00)	Acc@1  52.12 ( 52.12)	Acc@5  76.38 ( 76.38)
[EVAL] E: [165][6/7]	Loss 1.8663e+00 (1.8789e+00)	Acc@1  52.00 ( 51.26)	Acc@5  79.00 ( 78.54)
		 Valid evaluation at end of epoch: latest_acc:51.26 LR:0.02 -- best val acc so far 58.16

Started EPOCH:166
[TRAIN] E: [166][ 0/57]	Loss 1.2689e+00 (1.2689e+00)	Acc@1  64.38 ( 64.38)	Acc@5  89.50 ( 89.50)
[TRAIN] E: [166][56/57]	Loss 1.2719e+00 (1.3132e+00)	Acc@1  61.50 ( 63.91)	Acc@5  90.00 ( 87.65)
[EVAL] E: [166][0/7]	Loss 1.9579e+00 (1.9579e+00)	Acc@1  50.88 ( 50.88)	Acc@5  78.00 ( 78.00)
[EVAL] E: [166][6/7]	Loss 1.7255e+00 (2.0010e+00)	Acc@1  51.50 ( 48.46)	Acc@5  81.50 ( 76.84)
		 Valid evaluation at end of epoch: latest_acc:48.46 LR:0.03 -- best val acc so far 58.16

Started EPOCH:167
[TRAIN] E: [167][ 0/57]	Loss 1.2818e+00 (1.2818e+00)	Acc@1  64.38 ( 64.38)	Acc@5  87.62 ( 87.62)
[TRAIN] E: [167][56/57]	Loss 1.3914e+00 (1.3191e+00)	Acc@1  63.50 ( 63.81)	Acc@5  87.00 ( 87.61)
[EVAL] E: [167][0/7]	Loss 1.8627e+00 (1.8627e+00)	Acc@1  50.25 ( 50.25)	Acc@5  78.88 ( 78.88)
[EVAL] E: [167][6/7]	Loss 1.9114e+00 (1.8498e+00)	Acc@1  50.00 ( 51.72)	Acc@5  76.50 ( 78.98)
		 Valid evaluation at end of epoch: latest_acc:51.72 LR:0.03 -- best val acc so far 58.16

Started EPOCH:168
[TRAIN] E: [168][ 0/57]	Loss 1.3550e+00 (1.3550e+00)	Acc@1  64.25 ( 64.25)	Acc@5  88.00 ( 88.00)
[TRAIN] E: [168][56/57]	Loss 1.1976e+00 (1.3428e+00)	Acc@1  68.50 ( 63.12)	Acc@5  89.00 ( 87.00)
[EVAL] E: [168][0/7]	Loss 1.7767e+00 (1.7767e+00)	Acc@1  55.62 ( 55.62)	Acc@5  79.50 ( 79.50)
[EVAL] E: [168][6/7]	Loss 1.9434e+00 (1.8183e+00)	Acc@1  48.50 ( 52.44)	Acc@5  78.00 ( 79.90)
		 Valid evaluation at end of epoch: latest_acc:52.44 LR:0.03 -- best val acc so far 58.16

Started EPOCH:169
[TRAIN] E: [169][ 0/57]	Loss 1.3332e+00 (1.3332e+00)	Acc@1  62.88 ( 62.88)	Acc@5  87.25 ( 87.25)
[TRAIN] E: [169][56/57]	Loss 1.4052e+00 (1.3698e+00)	Acc@1  60.00 ( 62.21)	Acc@5  85.50 ( 86.79)
[EVAL] E: [169][0/7]	Loss 1.9339e+00 (1.9339e+00)	Acc@1  49.88 ( 49.88)	Acc@5  77.25 ( 77.25)
[EVAL] E: [169][6/7]	Loss 1.7368e+00 (1.9099e+00)	Acc@1  52.50 ( 50.26)	Acc@5  84.00 ( 77.90)
		 Valid evaluation at end of epoch: latest_acc:50.26 LR:0.03 -- best val acc so far 58.16

Started EPOCH:170
[TRAIN] E: [170][ 0/57]	Loss 1.2791e+00 (1.2791e+00)	Acc@1  64.12 ( 64.12)	Acc@5  88.75 ( 88.75)
[TRAIN] E: [170][56/57]	Loss 1.5485e+00 (1.3867e+00)	Acc@1  60.00 ( 61.94)	Acc@5  80.00 ( 86.48)
[EVAL] E: [170][0/7]	Loss 1.9149e+00 (1.9149e+00)	Acc@1  52.62 ( 52.62)	Acc@5  78.38 ( 78.38)
[EVAL] E: [170][6/7]	Loss 1.9370e+00 (1.8888e+00)	Acc@1  47.50 ( 51.36)	Acc@5  77.50 ( 78.86)
		 Valid evaluation at end of epoch: latest_acc:51.36 LR:0.04 -- best val acc so far 58.16

Started EPOCH:171
[TRAIN] E: [171][ 0/57]	Loss 1.4233e+00 (1.4233e+00)	Acc@1  60.38 ( 60.38)	Acc@5  86.50 ( 86.50)
[TRAIN] E: [171][56/57]	Loss 1.5629e+00 (1.4286e+00)	Acc@1  57.00 ( 60.93)	Acc@5  84.50 ( 85.62)
[EVAL] E: [171][0/7]	Loss 2.0411e+00 (2.0411e+00)	Acc@1  47.62 ( 47.62)	Acc@5  77.25 ( 77.25)
[EVAL] E: [171][6/7]	Loss 1.8776e+00 (1.9954e+00)	Acc@1  50.00 ( 48.68)	Acc@5  80.50 ( 76.88)
		 Valid evaluation at end of epoch: latest_acc:48.68 LR:0.04 -- best val acc so far 58.16

Started EPOCH:172
[TRAIN] E: [172][ 0/57]	Loss 1.3596e+00 (1.3596e+00)	Acc@1  61.00 ( 61.00)	Acc@5  86.62 ( 86.62)
[TRAIN] E: [172][56/57]	Loss 1.1758e+00 (1.4365e+00)	Acc@1  65.50 ( 60.62)	Acc@5  90.50 ( 85.84)
[EVAL] E: [172][0/7]	Loss 1.9938e+00 (1.9938e+00)	Acc@1  48.00 ( 48.00)	Acc@5  77.25 ( 77.25)
[EVAL] E: [172][6/7]	Loss 2.0429e+00 (1.9777e+00)	Acc@1  45.00 ( 48.50)	Acc@5  76.00 ( 76.52)
		 Valid evaluation at end of epoch: latest_acc:48.50 LR:0.04 -- best val acc so far 58.16

Started EPOCH:173
[TRAIN] E: [173][ 0/57]	Loss 1.4350e+00 (1.4350e+00)	Acc@1  62.62 ( 62.62)	Acc@5  84.88 ( 84.88)
[TRAIN] E: [173][56/57]	Loss 1.5527e+00 (1.4637e+00)	Acc@1  58.50 ( 59.84)	Acc@5  85.00 ( 85.36)
[EVAL] E: [173][0/7]	Loss 2.1070e+00 (2.1070e+00)	Acc@1  45.50 ( 45.50)	Acc@5  75.75 ( 75.75)
[EVAL] E: [173][6/7]	Loss 1.9621e+00 (2.0704e+00)	Acc@1  45.50 ( 47.20)	Acc@5  79.00 ( 75.32)
		 Valid evaluation at end of epoch: latest_acc:47.20 LR:0.05 -- best val acc so far 58.16

Started EPOCH:174
[TRAIN] E: [174][ 0/57]	Loss 1.4693e+00 (1.4693e+00)	Acc@1  60.62 ( 60.62)	Acc@5  85.00 ( 85.00)
[TRAIN] E: [174][56/57]	Loss 1.7260e+00 (1.4774e+00)	Acc@1  52.00 ( 59.92)	Acc@5  80.00 ( 85.21)
[EVAL] E: [174][0/7]	Loss 1.9405e+00 (1.9405e+00)	Acc@1  50.38 ( 50.38)	Acc@5  77.50 ( 77.50)
[EVAL] E: [174][6/7]	Loss 2.0377e+00 (1.9489e+00)	Acc@1  47.50 ( 49.76)	Acc@5  78.00 ( 77.58)
		 Valid evaluation at end of epoch: latest_acc:49.76 LR:0.05 -- best val acc so far 58.16

Started EPOCH:175
[TRAIN] E: [175][ 0/57]	Loss 1.4324e+00 (1.4324e+00)	Acc@1  61.50 ( 61.50)	Acc@5  85.12 ( 85.12)
[TRAIN] E: [175][56/57]	Loss 1.5500e+00 (1.5054e+00)	Acc@1  58.50 ( 58.91)	Acc@5  86.50 ( 84.86)
[EVAL] E: [175][0/7]	Loss 2.0257e+00 (2.0257e+00)	Acc@1  47.25 ( 47.25)	Acc@5  77.62 ( 77.62)
[EVAL] E: [175][6/7]	Loss 1.9463e+00 (1.9839e+00)	Acc@1  47.00 ( 48.36)	Acc@5  80.50 ( 77.44)
		 Valid evaluation at end of epoch: latest_acc:48.36 LR:0.05 -- best val acc so far 58.16

Started EPOCH:176
[TRAIN] E: [176][ 0/57]	Loss 1.4250e+00 (1.4250e+00)	Acc@1  62.00 ( 62.00)	Acc@5  86.50 ( 86.50)
[TRAIN] E: [176][56/57]	Loss 1.6846e+00 (1.5325e+00)	Acc@1  55.00 ( 58.22)	Acc@5  82.00 ( 84.36)
[EVAL] E: [176][0/7]	Loss 2.0460e+00 (2.0460e+00)	Acc@1  48.12 ( 48.12)	Acc@5  76.88 ( 76.88)
[EVAL] E: [176][6/7]	Loss 2.0381e+00 (2.0727e+00)	Acc@1  45.00 ( 47.00)	Acc@5  73.50 ( 75.40)
		 Valid evaluation at end of epoch: latest_acc:47.00 LR:0.06 -- best val acc so far 58.16

Started EPOCH:177
[TRAIN] E: [177][ 0/57]	Loss 1.4591e+00 (1.4591e+00)	Acc@1  60.12 ( 60.12)	Acc@5  84.88 ( 84.88)
[TRAIN] E: [177][56/57]	Loss 1.3912e+00 (1.5171e+00)	Acc@1  57.00 ( 58.68)	Acc@5  86.50 ( 84.58)
[EVAL] E: [177][0/7]	Loss 2.3343e+00 (2.3343e+00)	Acc@1  43.25 ( 43.25)	Acc@5  71.75 ( 71.75)
[EVAL] E: [177][6/7]	Loss 2.2131e+00 (2.2594e+00)	Acc@1  45.00 ( 44.06)	Acc@5  75.50 ( 72.92)
		 Valid evaluation at end of epoch: latest_acc:44.06 LR:0.06 -- best val acc so far 58.16

Started EPOCH:178
[TRAIN] E: [178][ 0/57]	Loss 1.5869e+00 (1.5869e+00)	Acc@1  58.00 ( 58.00)	Acc@5  82.38 ( 82.38)
[TRAIN] E: [178][56/57]	Loss 1.5849e+00 (1.5532e+00)	Acc@1  56.50 ( 57.89)	Acc@5  82.50 ( 84.06)
[EVAL] E: [178][0/7]	Loss 2.2789e+00 (2.2789e+00)	Acc@1  43.75 ( 43.75)	Acc@5  72.62 ( 72.62)
[EVAL] E: [178][6/7]	Loss 2.1598e+00 (2.2666e+00)	Acc@1  44.00 ( 43.92)	Acc@5  74.00 ( 72.26)
		 Valid evaluation at end of epoch: latest_acc:43.92 LR:0.06 -- best val acc so far 58.16

Started EPOCH:179
[TRAIN] E: [179][ 0/57]	Loss 1.4105e+00 (1.4105e+00)	Acc@1  60.12 ( 60.12)	Acc@5  87.62 ( 87.62)
[TRAIN] E: [179][56/57]	Loss 1.6978e+00 (1.5586e+00)	Acc@1  52.50 ( 57.58)	Acc@5  84.50 ( 83.99)
[EVAL] E: [179][0/7]	Loss 2.1207e+00 (2.1207e+00)	Acc@1  46.00 ( 46.00)	Acc@5  74.75 ( 74.75)
[EVAL] E: [179][6/7]	Loss 2.0741e+00 (2.1432e+00)	Acc@1  43.50 ( 44.60)	Acc@5  76.50 ( 73.98)
		 Valid evaluation at end of epoch: latest_acc:44.60 LR:0.07 -- best val acc so far 58.16

Started EPOCH:180
[TRAIN] E: [180][ 0/57]	Loss 1.5469e+00 (1.5469e+00)	Acc@1  58.50 ( 58.50)	Acc@5  84.38 ( 84.38)
[TRAIN] E: [180][56/57]	Loss 1.5757e+00 (1.5773e+00)	Acc@1  58.00 ( 56.87)	Acc@5  85.00 ( 83.64)
[EVAL] E: [180][0/7]	Loss 2.2623e+00 (2.2623e+00)	Acc@1  44.38 ( 44.38)	Acc@5  71.62 ( 71.62)
[EVAL] E: [180][6/7]	Loss 2.2269e+00 (2.2712e+00)	Acc@1  42.50 ( 43.54)	Acc@5  70.50 ( 71.66)
		 Valid evaluation at end of epoch: latest_acc:43.54 LR:0.07 -- best val acc so far 58.16

Started EPOCH:181
[TRAIN] E: [181][ 0/57]	Loss 1.4709e+00 (1.4709e+00)	Acc@1  60.12 ( 60.12)	Acc@5  85.12 ( 85.12)
[TRAIN] E: [181][56/57]	Loss 1.5250e+00 (1.5788e+00)	Acc@1  61.00 ( 57.20)	Acc@5  83.00 ( 83.94)
[EVAL] E: [181][0/7]	Loss 2.1783e+00 (2.1783e+00)	Acc@1  45.38 ( 45.38)	Acc@5  72.12 ( 72.12)
[EVAL] E: [181][6/7]	Loss 2.1370e+00 (2.1984e+00)	Acc@1  42.00 ( 44.06)	Acc@5  73.00 ( 71.98)
		 Valid evaluation at end of epoch: latest_acc:44.06 LR:0.07 -- best val acc so far 58.16

Started EPOCH:182
[TRAIN] E: [182][ 0/57]	Loss 1.5359e+00 (1.5359e+00)	Acc@1  59.50 ( 59.50)	Acc@5  84.38 ( 84.38)
[TRAIN] E: [182][56/57]	Loss 1.9570e+00 (1.5839e+00)	Acc@1  51.00 ( 57.16)	Acc@5  75.00 ( 83.53)
[EVAL] E: [182][0/7]	Loss 2.4097e+00 (2.4097e+00)	Acc@1  37.88 ( 37.88)	Acc@5  70.25 ( 70.25)
[EVAL] E: [182][6/7]	Loss 2.2615e+00 (2.5205e+00)	Acc@1  41.00 ( 38.84)	Acc@5  73.00 ( 68.58)
		 Valid evaluation at end of epoch: latest_acc:38.84 LR:0.07 -- best val acc so far 58.16

Started EPOCH:183
[TRAIN] E: [183][ 0/57]	Loss 1.5033e+00 (1.5033e+00)	Acc@1  59.38 ( 59.38)	Acc@5  86.38 ( 86.38)
[TRAIN] E: [183][56/57]	Loss 1.6308e+00 (1.6189e+00)	Acc@1  56.00 ( 56.20)	Acc@5  81.50 ( 82.87)
[EVAL] E: [183][0/7]	Loss 2.1650e+00 (2.1650e+00)	Acc@1  46.00 ( 46.00)	Acc@5  72.88 ( 72.88)
[EVAL] E: [183][6/7]	Loss 2.2678e+00 (2.2361e+00)	Acc@1  43.50 ( 43.66)	Acc@5  71.50 ( 71.72)
		 Valid evaluation at end of epoch: latest_acc:43.66 LR:0.08 -- best val acc so far 58.16

Started EPOCH:184
[TRAIN] E: [184][ 0/57]	Loss 1.5689e+00 (1.5689e+00)	Acc@1  58.00 ( 58.00)	Acc@5  85.00 ( 85.00)
[TRAIN] E: [184][56/57]	Loss 1.6989e+00 (1.6285e+00)	Acc@1  56.00 ( 56.15)	Acc@5  81.00 ( 82.97)
[EVAL] E: [184][0/7]	Loss 2.4673e+00 (2.4673e+00)	Acc@1  39.12 ( 39.12)	Acc@5  68.50 ( 68.50)
[EVAL] E: [184][6/7]	Loss 2.4427e+00 (2.4271e+00)	Acc@1  42.50 ( 40.82)	Acc@5  65.50 ( 69.06)
		 Valid evaluation at end of epoch: latest_acc:40.82 LR:0.08 -- best val acc so far 58.16

Started EPOCH:185
[TRAIN] E: [185][ 0/57]	Loss 1.5536e+00 (1.5536e+00)	Acc@1  57.50 ( 57.50)	Acc@5  85.38 ( 85.38)
[TRAIN] E: [185][56/57]	Loss 1.5406e+00 (1.6188e+00)	Acc@1  61.50 ( 56.10)	Acc@5  86.00 ( 83.20)
[EVAL] E: [185][0/7]	Loss 2.1215e+00 (2.1215e+00)	Acc@1  46.25 ( 46.25)	Acc@5  74.50 ( 74.50)
[EVAL] E: [185][6/7]	Loss 2.0210e+00 (2.0807e+00)	Acc@1  44.50 ( 46.40)	Acc@5  78.00 ( 74.84)
		 Valid evaluation at end of epoch: latest_acc:46.40 LR:0.08 -- best val acc so far 58.16

Started EPOCH:186
[TRAIN] E: [186][ 0/57]	Loss 1.6533e+00 (1.6533e+00)	Acc@1  56.00 ( 56.00)	Acc@5  82.25 ( 82.25)
[TRAIN] E: [186][56/57]	Loss 1.9507e+00 (1.6287e+00)	Acc@1  48.50 ( 56.23)	Acc@5  81.50 ( 82.78)
[EVAL] E: [186][0/7]	Loss 2.3437e+00 (2.3437e+00)	Acc@1  39.00 ( 39.00)	Acc@5  70.88 ( 70.88)
[EVAL] E: [186][6/7]	Loss 2.4589e+00 (2.4408e+00)	Acc@1  35.50 ( 39.54)	Acc@5  67.00 ( 69.12)
		 Valid evaluation at end of epoch: latest_acc:39.54 LR:0.08 -- best val acc so far 58.16

Started EPOCH:187
[TRAIN] E: [187][ 0/57]	Loss 1.5775e+00 (1.5775e+00)	Acc@1  57.25 ( 57.25)	Acc@5  83.88 ( 83.88)
[TRAIN] E: [187][56/57]	Loss 1.7272e+00 (1.6420e+00)	Acc@1  57.00 ( 55.61)	Acc@5  79.00 ( 82.60)
[EVAL] E: [187][0/7]	Loss 2.1619e+00 (2.1619e+00)	Acc@1  43.88 ( 43.88)	Acc@5  72.75 ( 72.75)
[EVAL] E: [187][6/7]	Loss 2.3097e+00 (2.2762e+00)	Acc@1  37.00 ( 42.16)	Acc@5  68.50 ( 70.84)
		 Valid evaluation at end of epoch: latest_acc:42.16 LR:0.09 -- best val acc so far 58.16

Started EPOCH:188
[TRAIN] E: [188][ 0/57]	Loss 1.5860e+00 (1.5860e+00)	Acc@1  57.25 ( 57.25)	Acc@5  82.50 ( 82.50)
[TRAIN] E: [188][56/57]	Loss 1.6370e+00 (1.6379e+00)	Acc@1  53.00 ( 55.84)	Acc@5  82.00 ( 82.64)
[EVAL] E: [188][0/7]	Loss 2.5157e+00 (2.5157e+00)	Acc@1  39.00 ( 39.00)	Acc@5  68.25 ( 68.25)
[EVAL] E: [188][6/7]	Loss 2.3657e+00 (2.5039e+00)	Acc@1  36.50 ( 39.96)	Acc@5  69.50 ( 69.22)
		 Valid evaluation at end of epoch: latest_acc:39.96 LR:0.09 -- best val acc so far 58.16

Started EPOCH:189
[TRAIN] E: [189][ 0/57]	Loss 1.5643e+00 (1.5643e+00)	Acc@1  57.25 ( 57.25)	Acc@5  83.88 ( 83.88)
[TRAIN] E: [189][56/57]	Loss 1.7574e+00 (1.6415e+00)	Acc@1  54.00 ( 55.62)	Acc@5  83.00 ( 82.60)
[EVAL] E: [189][0/7]	Loss 2.1654e+00 (2.1654e+00)	Acc@1  45.25 ( 45.25)	Acc@5  74.38 ( 74.38)
[EVAL] E: [189][6/7]	Loss 2.1201e+00 (2.2243e+00)	Acc@1  44.50 ( 43.64)	Acc@5  74.50 ( 72.18)
		 Valid evaluation at end of epoch: latest_acc:43.64 LR:0.09 -- best val acc so far 58.16

Started EPOCH:190
[TRAIN] E: [190][ 0/57]	Loss 1.6770e+00 (1.6770e+00)	Acc@1  56.38 ( 56.38)	Acc@5  82.50 ( 82.50)
[TRAIN] E: [190][56/57]	Loss 1.8058e+00 (1.6400e+00)	Acc@1  50.50 ( 55.96)	Acc@5  80.00 ( 82.85)
[EVAL] E: [190][0/7]	Loss 2.3119e+00 (2.3119e+00)	Acc@1  43.62 ( 43.62)	Acc@5  71.00 ( 71.00)
[EVAL] E: [190][6/7]	Loss 2.1318e+00 (2.2296e+00)	Acc@1  47.00 ( 44.52)	Acc@5  76.00 ( 72.58)
		 Valid evaluation at end of epoch: latest_acc:44.52 LR:0.09 -- best val acc so far 58.16

Started EPOCH:191
[TRAIN] E: [191][ 0/57]	Loss 1.6269e+00 (1.6269e+00)	Acc@1  55.88 ( 55.88)	Acc@5  82.75 ( 82.75)
[TRAIN] E: [191][56/57]	Loss 1.7187e+00 (1.6674e+00)	Acc@1  58.00 ( 54.94)	Acc@5  83.50 ( 82.39)
[EVAL] E: [191][0/7]	Loss 2.5377e+00 (2.5377e+00)	Acc@1  39.25 ( 39.25)	Acc@5  68.50 ( 68.50)
[EVAL] E: [191][6/7]	Loss 2.4337e+00 (2.5440e+00)	Acc@1  40.00 ( 38.80)	Acc@5  71.50 ( 68.42)
		 Valid evaluation at end of epoch: latest_acc:38.80 LR:0.09 -- best val acc so far 58.16

Started EPOCH:192
[TRAIN] E: [192][ 0/57]	Loss 1.6471e+00 (1.6471e+00)	Acc@1  53.12 ( 53.12)	Acc@5  82.00 ( 82.00)
[TRAIN] E: [192][56/57]	Loss 1.7621e+00 (1.6404e+00)	Acc@1  57.50 ( 55.78)	Acc@5  80.50 ( 82.76)
[EVAL] E: [192][0/7]	Loss 2.3076e+00 (2.3076e+00)	Acc@1  42.62 ( 42.62)	Acc@5  71.25 ( 71.25)
[EVAL] E: [192][6/7]	Loss 2.2463e+00 (2.3304e+00)	Acc@1  43.00 ( 42.28)	Acc@5  70.50 ( 70.32)
		 Valid evaluation at end of epoch: latest_acc:42.28 LR:0.10 -- best val acc so far 58.16

Started EPOCH:193
[TRAIN] E: [193][ 0/57]	Loss 1.6218e+00 (1.6218e+00)	Acc@1  55.50 ( 55.50)	Acc@5  82.12 ( 82.12)
[TRAIN] E: [193][56/57]	Loss 1.4872e+00 (1.6476e+00)	Acc@1  56.50 ( 55.33)	Acc@5  90.50 ( 82.69)
[EVAL] E: [193][0/7]	Loss 2.3063e+00 (2.3063e+00)	Acc@1  42.50 ( 42.50)	Acc@5  70.50 ( 70.50)
[EVAL] E: [193][6/7]	Loss 2.4902e+00 (2.3690e+00)	Acc@1  36.50 ( 40.12)	Acc@5  68.50 ( 69.08)
		 Valid evaluation at end of epoch: latest_acc:40.12 LR:0.10 -- best val acc so far 58.16

Started EPOCH:194
[TRAIN] E: [194][ 0/57]	Loss 1.6311e+00 (1.6311e+00)	Acc@1  55.25 ( 55.25)	Acc@5  84.00 ( 84.00)
[TRAIN] E: [194][56/57]	Loss 1.6933e+00 (1.6494e+00)	Acc@1  57.50 ( 55.62)	Acc@5  81.00 ( 82.36)
[EVAL] E: [194][0/7]	Loss 2.4629e+00 (2.4629e+00)	Acc@1  39.38 ( 39.38)	Acc@5  65.62 ( 65.62)
[EVAL] E: [194][6/7]	Loss 2.4742e+00 (2.4594e+00)	Acc@1  39.50 ( 39.00)	Acc@5  69.50 ( 67.24)
		 Valid evaluation at end of epoch: latest_acc:39.00 LR:0.10 -- best val acc so far 58.16

Started EPOCH:195
[TRAIN] E: [195][ 0/57]	Loss 1.6289e+00 (1.6289e+00)	Acc@1  55.25 ( 55.25)	Acc@5  82.12 ( 82.12)
[TRAIN] E: [195][56/57]	Loss 1.7209e+00 (1.6503e+00)	Acc@1  51.50 ( 55.55)	Acc@5  81.00 ( 82.38)
[EVAL] E: [195][0/7]	Loss 2.2829e+00 (2.2829e+00)	Acc@1  43.25 ( 43.25)	Acc@5  73.00 ( 73.00)
[EVAL] E: [195][6/7]	Loss 2.3012e+00 (2.2643e+00)	Acc@1  45.00 ( 42.94)	Acc@5  70.00 ( 72.60)
		 Valid evaluation at end of epoch: latest_acc:42.94 LR:0.10 -- best val acc so far 58.16

Started EPOCH:196
[TRAIN] E: [196][ 0/57]	Loss 1.6537e+00 (1.6537e+00)	Acc@1  58.00 ( 58.00)	Acc@5  82.38 ( 82.38)
[TRAIN] E: [196][56/57]	Loss 1.6441e+00 (1.6402e+00)	Acc@1  56.50 ( 55.53)	Acc@5  84.50 ( 82.72)
[EVAL] E: [196][0/7]	Loss 2.2929e+00 (2.2929e+00)	Acc@1  41.50 ( 41.50)	Acc@5  73.38 ( 73.38)
[EVAL] E: [196][6/7]	Loss 2.2008e+00 (2.3386e+00)	Acc@1  42.50 ( 42.66)	Acc@5  76.00 ( 72.06)
		 Valid evaluation at end of epoch: latest_acc:42.66 LR:0.10 -- best val acc so far 58.16

Started EPOCH:197
[TRAIN] E: [197][ 0/57]	Loss 1.6116e+00 (1.6116e+00)	Acc@1  58.75 ( 58.75)	Acc@5  81.12 ( 81.12)
[TRAIN] E: [197][56/57]	Loss 1.7403e+00 (1.6441e+00)	Acc@1  57.00 ( 55.75)	Acc@5  82.50 ( 82.65)
[EVAL] E: [197][0/7]	Loss 2.2796e+00 (2.2796e+00)	Acc@1  42.88 ( 42.88)	Acc@5  71.00 ( 71.00)
[EVAL] E: [197][6/7]	Loss 2.2479e+00 (2.2558e+00)	Acc@1  41.00 ( 43.32)	Acc@5  72.00 ( 71.64)
		 Valid evaluation at end of epoch: latest_acc:43.32 LR:0.10 -- best val acc so far 58.16

Started EPOCH:198
[TRAIN] E: [198][ 0/57]	Loss 1.6429e+00 (1.6429e+00)	Acc@1  54.25 ( 54.25)	Acc@5  83.88 ( 83.88)
[TRAIN] E: [198][56/57]	Loss 1.9849e+00 (1.6499e+00)	Acc@1  48.50 ( 55.64)	Acc@5  75.00 ( 82.35)
[EVAL] E: [198][0/7]	Loss 2.1783e+00 (2.1783e+00)	Acc@1  43.88 ( 43.88)	Acc@5  74.50 ( 74.50)
[EVAL] E: [198][6/7]	Loss 2.1403e+00 (2.1437e+00)	Acc@1  43.50 ( 45.12)	Acc@5  75.00 ( 74.64)
		 Valid evaluation at end of epoch: latest_acc:45.12 LR:0.10 -- best val acc so far 58.16

Started EPOCH:199
[TRAIN] E: [199][ 0/57]	Loss 1.6554e+00 (1.6554e+00)	Acc@1  55.38 ( 55.38)	Acc@5  82.50 ( 82.50)
[TRAIN] E: [199][56/57]	Loss 1.6518e+00 (1.6500e+00)	Acc@1  56.00 ( 55.42)	Acc@5  80.50 ( 82.64)
[EVAL] E: [199][0/7]	Loss 1.9917e+00 (1.9917e+00)	Acc@1  49.12 ( 49.12)	Acc@5  77.38 ( 77.38)
[EVAL] E: [199][6/7]	Loss 1.9265e+00 (2.0587e+00)	Acc@1  44.00 ( 46.56)	Acc@5  79.50 ( 75.84)
		 Valid evaluation at end of epoch: latest_acc:46.56 LR:0.10 -- best val acc so far 58.16


***[2023-05-02 21:16:37]*** [Post-train] [Teacher model] Test loss = 1.045211, accuracy@1 = 70.71, accuracy@5 = 92.22, error@1 = 29.29, error@5 = 7.78
Result is from best val model of epoch:153
