Main Function with logger : Logger(dir=trained, use-tf=False, writer=None)
Arguments : -------------------------------
KD_temperature   : 4.0
KD_temperature_s : 4.0
Ti               : 50
_ckpt            : ""
alt_min_every_n_epochs : 1
b_add_sparsity_alt_min : 0
base_method      : hybrid_kd_inst
base_opt_type    : sgd
base_strategy    : 1
batch_size       : 1000
budget_Ti        : 20
budget_g         : 0.6
budget_g_gamma   : 0.9
budget_g_max     : 0.6
budget_g_min     : 0.4
checkpoint_dir   : ./checkpoint
class_num        : 100
cov              : 0.38
cutout_length    : 16
data_path        : /home/prathamesh/code/data/cifar/
dataset          : cifar100
epochs           : 200
eps              : 1.0
eval_batch_size  : 1000
eval_frequency   : 1
extra_model_path : None
file_name        : DiSK_seed-3_cycles-4_T-4
g_denom          : 0.2
g_iters          : 250
g_lr             : 0.1
g_lr_init        : 0.1
gate_arch        : 1
gate_conf        : 1
gate_label       : 1
global_model_ckpt : /home/anmolreddy/pretrained/disk-CE-cifar100-ResNet10_l-model_best.pth.tar
global_model_name : ResNet10_l
global_opt_type  : adam
global_rand_seed : -1
init_epochs      : 5
kg               : 3
kt               : 3
l_args_wts       : 1.0
l_aux            : 0.1
l_g_clf          : 0.5
l_kl             : 0.0
l_nll            : 0.9
l_oracle         : 0.0
l_sg             : 0.6
lmbda            : 5.0
lmbda_adaptive   : 5
lmbda_dual       : 5.0
lmbda_min        : 1.0
log_dir          : ./log
lr               : 0.0125
lr_type          : cosine
max_ce           : 5.0
model_ckpt       : /home/anmolreddy/pretrained/disk-CE-cifar100-ResNet10_s-model_best.pth.tar
model_name       : ResNet10_s
model_source     : normal
momentum         : 0.9
n_base_strategy  : 1
n_parts          : 1
negative         : False
optim_config     : ./configs/opts/CIFAR-E300-W5-L1-COS.config
penalty          : 24
percentile_t_prob_th : 0.6
primal_budget_update : 0
print_freq       : 100
print_freq_eval  : 100
procedure        : opt-sc-oracle-routing-joint-scheme
r_wd             : 1e-05
rand_seed        : 3
restart_g_learn  : 0
restart_s_learn  : 0
resume_ckpt      : None
rho              : 2.0
routing_name     : b24_default
routing_opt_type : sgd
s_iters          : 250
s_lr             : 0.1
save_dir         : ./trained/
sched_cycles     : 4
shuffle          : 1
strategy         : 1
t_iters          : 5005
t_lr             : 0.0001
tau              : 0.8
tau2             : 0.8
temp             : 4
topK             : 10
train_scheme     : 2
use_alt_min      : 1
use_auxiliary    : 1
use_g_clf        : 0
use_g_y_routing  : 0
use_kl           : 0
use_only_bn      : 0
use_oracle       : 0
use_prob         : 50
use_prob_wts     : 0
warmup_epochs    : 5
wd               : 1e-05
workers          : 8
Python  Version  : 3.7.12 | packaged by conda-forge | (default, Oct 26 2021, 06:08:21)  [GCC 9.4.0]
Pillow  Version  : 9.2.0
PyTorch Version  : 1.13.1
cuDNN   Version  : 8500
CUDA available   : True
CUDA GPU numbers : 1
CUDA_VISIBLE_DEVICES : 0
Namespace(KD_temperature=4.0, KD_temperature_s=4.0, Ti=50, _ckpt='""', alt_min_every_n_epochs=1, b_add_sparsity_alt_min=0, base_method='hybrid_kd_inst', base_opt_type='sgd', base_strategy=1, batch_size=1000, budget_Ti=20, budget_g=0.6, budget_g_gamma=0.9, budget_g_max=0.6, budget_g_min=0.4, checkpoint_dir='./checkpoint', class_num=100, cov=0.38, cutout_length=16, data_path='/home/prathamesh/code/data/cifar/', dataset='cifar100', epochs=200, eps=1.0, eval_batch_size=1000, eval_frequency=1, extra_model_path=None, file_name='DiSK_seed-3_cycles-4_T-4', g_denom=0.2, g_iters=250, g_lr=0.1, g_lr_init=0.1, gate_arch=1, gate_conf=1, gate_label=1, global_model_ckpt='/home/anmolreddy/pretrained/disk-CE-cifar100-ResNet10_l-model_best.pth.tar', global_model_name='ResNet10_l', global_opt_type='adam', global_rand_seed=-1, init_epochs=5, kg=3, kt=3, l_args_wts=1.0, l_aux=0.1, l_g_clf=0.5, l_kl=0.0, l_nll=0.9, l_oracle=0.0, l_sg=0.6, lmbda=5.0, lmbda_adaptive=5, lmbda_dual=5.0, lmbda_min=1.0, log_dir='./log', lr=0.0125, lr_type='cosine', max_ce=5.0, model_ckpt='/home/anmolreddy/pretrained/disk-CE-cifar100-ResNet10_s-model_best.pth.tar', model_name='ResNet10_s', model_source='normal', momentum=0.9, n_base_strategy=1, n_parts=1, negative=False, optim_config='./configs/opts/CIFAR-E300-W5-L1-COS.config', penalty=24, percentile_t_prob_th=0.6, primal_budget_update=0, print_freq=100, print_freq_eval=100, procedure='opt-sc-oracle-routing-joint-scheme', r_wd=1e-05, rand_seed=3, restart_g_learn=0, restart_s_learn=0, resume_ckpt=None, rho=2.0, routing_name='b24_default', routing_opt_type='sgd', s_iters=250, s_lr=0.1, save_dir='./trained/', sched_cycles=4, shuffle=1, strategy=1, t_iters=5005, t_lr=0.0001, tau=0.8, tau2=0.8, temp=4, topK=10, train_scheme=2, use_alt_min=1, use_auxiliary=1, use_g_clf=0, use_g_y_routing=0, use_kl=0, use_only_bn=0, use_oracle=0, use_prob=50, use_prob_wts=0, warmup_epochs=5, wd=1e-05, workers=8)
Train:45000	, Valid:5000	, Test:10000

Student: ResNet10_s
using pretrained student model from /home/anmolreddy/ce_results/CE_with_seed-3_cycles-4_cifar100-ResNet10_smodel_best.pth.tar
model information : EfficientNetV2_s (CIFAR)
--------------------------------------------------
[Teacher]Params=1.19 MB, FLOPs=63.82 M ... = 0.06 G
model information : EfficientNetV2_s (CIFAR)
--------------------------------------------------
[Student]Params=0.08 MB, FLOPs=4.16 M ... = 0.00 G
--------------------------------------------------
train_data : <torch.utils.data.dataset.Subset object at 0x7ff008271e10>
valid_data : <torch.utils.data.dataset.Subset object at 0x7ff008271c90>
***[2023-05-09 18:02:54]*** before training [Student(CE)] Test loss = 1.789680, accuracy@1 = 50.90, accuracy@5 = 80.73, error@1 = 49.10, error@5 = 19.27
***[2023-05-09 18:02:55]*** [Teacher] Test loss = 1.035568, accuracy@1 = 71.10, accuracy@5 = 92.36, error@1 = 28.90, error@5 = 7.64
len models before freeze --38
len Global models before freeze --38
['gating']
		 LR=0.1 init-LR=0.1 -- base-LR=0.1 -- global-LR=0.0001
['gating']
		 LR=0.1 init-LR=0.09045084971874738 -- base-LR=0.1 -- global-LR=0.0001
['gating']
		 LR=0.1 init-LR=0.06545084971874737 -- base-LR=0.1 -- global-LR=0.0001
['gating']
		 LR=0.1 init-LR=0.03454915028125263 -- base-LR=0.1 -- global-LR=0.0001
['gating']
		 LR=0.1 init-LR=0.009549150281252633 -- base-LR=0.1 -- global-LR=0.0001
dual_update_step
 old -- 5.0 -- new 10.608962535858154 -- grad 5.608962535858154
['student']
['student']
['student']
['gating']
['gating']
['gating']
		 g's LR=0.1 init-LR=0.009549150281252633 -- student-LR=0.1 -- teacher-LR=0.0001
		 Valid evaluation at end of epoch: latest_acc:28.40 -- best val acc so far 28.40
['student']
['student']
['student']
['gating']
['gating']
['gating']
		 g's LR=0.09990133642141358 init-LR=0.009549150281252633 -- student-LR=0.09990133642141358 -- teacher-LR=9.990133642141359e-05
		 Valid evaluation at end of epoch: latest_acc:28.56 -- best val acc so far 28.56
dual_update_step
 old -- 10.608962535858154 -- new 17.23253345489502 -- grad 6.623570919036865
primal_budget_update_step
['student']
['student']
['student']
['gating']
['gating']
['gating']
		 g's LR=0.0996057350657239 init-LR=0.009549150281252633 -- student-LR=0.0996057350657239 -- teacher-LR=9.96057350657239e-05
		 Valid evaluation at end of epoch: latest_acc:29.42 -- best val acc so far 29.42
dual_update_step
 old -- 17.23253345489502 -- new 23.93031406402588 -- grad 6.697780609130859
primal_budget_update_step
['student']
['student']
['student']
['gating']
['gating']
['gating']
		 g's LR=0.09911436253643445 init-LR=0.009549150281252633 -- student-LR=0.09911436253643445 -- teacher-LR=9.911436253643445e-05
		 Valid evaluation at end of epoch: latest_acc:30.68 -- best val acc so far 30.68
dual_update_step
 old -- 23.93031406402588 -- new 30.564549446105957 -- grad 6.634235382080078
primal_budget_update_step
['student']
['student']
['student']
['gating']
['gating']
['gating']
		 g's LR=0.09842915805643156 init-LR=0.009549150281252633 -- student-LR=0.09842915805643156 -- teacher-LR=9.842915805643155e-05
		 Valid evaluation at end of epoch: latest_acc:33.84 -- best val acc so far 33.84
dual_update_step
 old -- 30.564549446105957 -- new 37.06521034240723 -- grad 6.5006608963012695
primal_budget_update_step
['student']
['student']
['student']
['gating']
['gating']
['gating']
		 g's LR=0.09755282581475769 init-LR=0.009549150281252633 -- student-LR=0.09755282581475769 -- teacher-LR=9.755282581475769e-05
		 Valid evaluation at end of epoch: latest_acc:30.26 -- best val acc so far 33.84
dual_update_step
 old -- 37.06521034240723 -- new 44.19279146194458 -- grad 7.1275811195373535
primal_budget_update_step
['student']
['student']
['student']
['gating']
['gating']
['gating']
		 g's LR=0.09648882429441258 init-LR=0.009549150281252633 -- student-LR=0.09648882429441258 -- teacher-LR=9.648882429441257e-05
		 Valid evaluation at end of epoch: latest_acc:30.94 -- best val acc so far 33.84
dual_update_step
 old -- 44.19279146194458 -- new 50.97421407699585 -- grad 6.7814226150512695
primal_budget_update_step
['student']
['student']
['student']
['gating']
['gating']
['gating']
		 g's LR=0.09524135262330098 init-LR=0.009549150281252633 -- student-LR=0.09524135262330098 -- teacher-LR=9.524135262330098e-05
		 Valid evaluation at end of epoch: latest_acc:34.18 -- best val acc so far 34.18
dual_update_step
 old -- 50.97421407699585 -- new 57.53296661376953 -- grad 6.558752536773682
primal_budget_update_step
['student']
['student']
['student']
['gating']
['gating']
['gating']
		 g's LR=0.09381533400219318 init-LR=0.009549150281252633 -- student-LR=0.09381533400219318 -- teacher-LR=9.381533400219318e-05
		 Valid evaluation at end of epoch: latest_acc:24.60 -- best val acc so far 34.18
dual_update_step
 old -- 57.53296661376953 -- new 65.00499773025513 -- grad 7.472031116485596
primal_budget_update_step
['student']
['student']
['student']
['gating']
['gating']
['gating']
		 g's LR=0.09221639627510075 init-LR=0.009549150281252633 -- student-LR=0.09221639627510075 -- teacher-LR=9.221639627510076e-05
		 Valid evaluation at end of epoch: latest_acc:31.18 -- best val acc so far 34.18
dual_update_step
 old -- 5.0 -- new 11.961283206939697 -- grad 6.961283206939697
primal_budget_update_step
['student']
['student']
['student']
['gating']
['gating']
['gating']
		 g's LR=0.09045084971874738 init-LR=0.009549150281252633 -- student-LR=0.09045084971874738 -- teacher-LR=9.045084971874738e-05
		 Valid evaluation at end of epoch: latest_acc:30.34 -- best val acc so far 34.18
dual_update_step
 old -- 11.961283206939697 -- new 19.157318115234375 -- grad 7.196034908294678
primal_budget_update_step
['student']
['student']
['student']
['gating']
['gating']
['gating']
		 g's LR=0.08852566213878947 init-LR=0.009549150281252633 -- student-LR=0.08852566213878947 -- teacher-LR=8.852566213878947e-05
		 Valid evaluation at end of epoch: latest_acc:35.22 -- best val acc so far 35.22
dual_update_step
 old -- 19.157318115234375 -- new 25.961013793945312 -- grad 6.8036956787109375
primal_budget_update_step
['student']
['student']
['student']
['gating']
['gating']
['gating']
		 g's LR=0.08644843137107058 init-LR=0.009549150281252633 -- student-LR=0.08644843137107058 -- teacher-LR=8.644843137107059e-05
		 Valid evaluation at end of epoch: latest_acc:34.78 -- best val acc so far 35.22
dual_update_step
 old -- 25.961013793945312 -- new 32.7260537147522 -- grad 6.765039920806885
primal_budget_update_step
['student']
['student']
['student']
['gating']
['gating']
['gating']
		 g's LR=0.08422735529643444 init-LR=0.009549150281252633 -- student-LR=0.08422735529643444 -- teacher-LR=8.422735529643444e-05
		 Valid evaluation at end of epoch: latest_acc:35.50 -- best val acc so far 35.50
dual_update_step
 old -- 32.7260537147522 -- new 39.40337657928467 -- grad 6.677322864532471
primal_budget_update_step
['student']
['student']
['student']
['gating']
['gating']
['gating']
		 g's LR=0.08187119948743449 init-LR=0.009549150281252633 -- student-LR=0.08187119948743449 -- teacher-LR=8.18711994874345e-05
		 Valid evaluation at end of epoch: latest_acc:32.70 -- best val acc so far 35.50
dual_update_step
 old -- 39.40337657928467 -- new 46.55951499938965 -- grad 7.1561384201049805
primal_budget_update_step
['student']
['student']
['student']
['gating']
['gating']
['gating']
		 g's LR=0.07938926261462367 init-LR=0.009549150281252633 -- student-LR=0.07938926261462367 -- teacher-LR=7.938926261462367e-05
		 Valid evaluation at end of epoch: latest_acc:35.46 -- best val acc so far 35.50
dual_update_step
 old -- 46.55951499938965 -- new 53.42021656036377 -- grad 6.860701560974121
primal_budget_update_step
['student']
['student']
['student']
['gating']
['gating']
['gating']
		 g's LR=0.07679133974894983 init-LR=0.009549150281252633 -- student-LR=0.07679133974894983 -- teacher-LR=7.679133974894983e-05
		 Valid evaluation at end of epoch: latest_acc:35.62 -- best val acc so far 35.62
dual_update_step
 old -- 53.42021656036377 -- new 60.284555435180664 -- grad 6.8643388748168945
primal_budget_update_step
['student']
['student']
['student']
['gating']
['gating']
['gating']
		 g's LR=0.07408768370508577 init-LR=0.009549150281252633 -- student-LR=0.07408768370508577 -- teacher-LR=7.408768370508576e-05
		 Valid evaluation at end of epoch: latest_acc:37.76 -- best val acc so far 37.76
dual_update_step
 old -- 60.284555435180664 -- new 67.07420778274536 -- grad 6.789652347564697
primal_budget_update_step
['student']
['student']
['student']
['gating']
['gating']
['gating']
		 g's LR=0.07128896457825364 init-LR=0.009549150281252633 -- student-LR=0.07128896457825364 -- teacher-LR=7.128896457825364e-05
		 Valid evaluation at end of epoch: latest_acc:37.10 -- best val acc so far 37.76
dual_update_step
 old -- 67.07420778274536 -- new 73.82992649078369 -- grad 6.75571870803833
primal_budget_update_step
['student']
['student']
['student']
['gating']
['gating']
['gating']
		 g's LR=0.06840622763423392 init-LR=0.009549150281252633 -- student-LR=0.06840622763423392 -- teacher-LR=6.840622763423391e-05
		 Valid evaluation at end of epoch: latest_acc:33.10 -- best val acc so far 37.76
dual_update_step
 old -- 5.0 -- new 11.879601955413818 -- grad 6.879601955413818
primal_budget_update_step
['student']
['student']
['student']
['gating']
['gating']
['gating']
		 g's LR=0.06545084971874737 init-LR=0.009549150281252633 -- student-LR=0.06545084971874737 -- teacher-LR=6.545084971874738e-05
		 Valid evaluation at end of epoch: latest_acc:37.06 -- best val acc so far 37.76
dual_update_step
 old -- 11.879601955413818 -- new 18.37571144104004 -- grad 6.496109485626221
primal_budget_update_step
['student']
['student']
['student']
['gating']
['gating']
['gating']
		 g's LR=0.062434494358242734 init-LR=0.009549150281252633 -- student-LR=0.062434494358242734 -- teacher-LR=6.243449435824273e-05
		 Valid evaluation at end of epoch: latest_acc:35.68 -- best val acc so far 37.76
dual_update_step
 old -- 18.37571144104004 -- new 25.055127143859863 -- grad 6.679415702819824
primal_budget_update_step
['student']
['student']
['student']
['gating']
['gating']
['gating']
		 g's LR=0.05936906572928624 init-LR=0.009549150281252633 -- student-LR=0.05936906572928624 -- teacher-LR=5.9369065729286245e-05
		 Valid evaluation at end of epoch: latest_acc:37.92 -- best val acc so far 37.92
dual_update_step
 old -- 25.055127143859863 -- new 31.52013063430786 -- grad 6.465003490447998
primal_budget_update_step
['student']
['student']
['student']
['gating']
['gating']
['gating']
		 g's LR=0.05626666167821523 init-LR=0.009549150281252633 -- student-LR=0.05626666167821523 -- teacher-LR=5.626666167821523e-05
		 Valid evaluation at end of epoch: latest_acc:33.06 -- best val acc so far 37.92
dual_update_step
 old -- 31.52013063430786 -- new 38.42878293991089 -- grad 6.908652305603027
primal_budget_update_step
['student']
['student']
['student']
['gating']
['gating']
['gating']
		 g's LR=0.05313952597646568 init-LR=0.009549150281252633 -- student-LR=0.05313952597646568 -- teacher-LR=5.313952597646568e-05
		 Valid evaluation at end of epoch: latest_acc:38.64 -- best val acc so far 38.64
dual_update_step
 old -- 38.42878293991089 -- new 44.797696590423584 -- grad 6.368913650512695
primal_budget_update_step
['student']
['student']
['student']
['gating']
['gating']
['gating']
		 g's LR=0.05 init-LR=0.009549150281252633 -- student-LR=0.05 -- teacher-LR=5e-05
		 Valid evaluation at end of epoch: latest_acc:33.28 -- best val acc so far 38.64
dual_update_step
 old -- 44.797696590423584 -- new 51.675570487976074 -- grad 6.87787389755249
primal_budget_update_step
['student']
['student']
['student']
['gating']
['gating']
['gating']
		 g's LR=0.04686047402353433 init-LR=0.009549150281252633 -- student-LR=0.04686047402353433 -- teacher-LR=4.6860474023534335e-05
		 Valid evaluation at end of epoch: latest_acc:38.00 -- best val acc so far 38.64
dual_update_step
 old -- 51.675570487976074 -- new 58.13406229019165 -- grad 6.458491802215576
primal_budget_update_step
['student']
['student']
['student']
['gating']
['gating']
['gating']
		 g's LR=0.0437333383217848 init-LR=0.009549150281252633 -- student-LR=0.0437333383217848 -- teacher-LR=4.3733338321784795e-05
		 Valid evaluation at end of epoch: latest_acc:37.54 -- best val acc so far 38.64
dual_update_step
 old -- 58.13406229019165 -- new 64.66806268692017 -- grad 6.534000396728516
primal_budget_update_step
['student']
['student']
['student']
['gating']
['gating']
['gating']
		 g's LR=0.04063093427071377 init-LR=0.009549150281252633 -- student-LR=0.04063093427071377 -- teacher-LR=4.0630934270713774e-05
		 Valid evaluation at end of epoch: latest_acc:38.30 -- best val acc so far 38.64
dual_update_step
 old -- 64.66806268692017 -- new 71.17010068893433 -- grad 6.50203800201416
primal_budget_update_step
['student']
['student']
['student']
['gating']
['gating']
['gating']
		 g's LR=0.03756550564175726 init-LR=0.009549150281252633 -- student-LR=0.03756550564175726 -- teacher-LR=3.756550564175726e-05
		 Valid evaluation at end of epoch: latest_acc:34.12 -- best val acc so far 38.64
dual_update_step
 old -- 5.0 -- new 11.9111328125 -- grad 6.9111328125
primal_budget_update_step
['student']
['student']
['student']
['gating']
['gating']
['gating']
		 g's LR=0.03454915028125265 init-LR=0.009549150281252633 -- student-LR=0.03454915028125265 -- teacher-LR=3.454915028125264e-05
		 Valid evaluation at end of epoch: latest_acc:39.16 -- best val acc so far 39.16
dual_update_step
 old -- 11.9111328125 -- new 18.37581968307495 -- grad 6.464686870574951
primal_budget_update_step
['student']
['student']
['student']
['gating']
['gating']
['gating']
		 g's LR=0.03159377236576612 init-LR=0.009549150281252633 -- student-LR=0.03159377236576612 -- teacher-LR=3.159377236576612e-05
		 Valid evaluation at end of epoch: latest_acc:39.04 -- best val acc so far 39.16
dual_update_step
 old -- 18.37581968307495 -- new 24.840993404388428 -- grad 6.465173721313477
primal_budget_update_step
['student']
['student']
['student']
['gating']
['gating']
['gating']
		 g's LR=0.02871103542174637 init-LR=0.009549150281252633 -- student-LR=0.02871103542174637 -- teacher-LR=2.8711035421746367e-05
		 Valid evaluation at end of epoch: latest_acc:38.46 -- best val acc so far 39.16
dual_update_step
 old -- 24.840993404388428 -- new 31.340915203094482 -- grad 6.499921798706055
primal_budget_update_step
['student']
['student']
['student']
['gating']
['gating']
['gating']
		 g's LR=0.02591231629491423 init-LR=0.009549150281252633 -- student-LR=0.02591231629491423 -- teacher-LR=2.591231629491423e-05
		 Valid evaluation at end of epoch: latest_acc:38.28 -- best val acc so far 39.16
dual_update_step
 old -- 31.340915203094482 -- new 37.999435901641846 -- grad 6.658520698547363
primal_budget_update_step
['student']
['student']
['student']
['gating']
['gating']
['gating']
		 g's LR=0.02320866025105016 init-LR=0.009549150281252633 -- student-LR=0.02320866025105016 -- teacher-LR=2.3208660251050158e-05
		 Valid evaluation at end of epoch: latest_acc:39.96 -- best val acc so far 39.96
dual_update_step
 old -- 37.999435901641846 -- new 44.56326675415039 -- grad 6.563830852508545
primal_budget_update_step
['student']
['student']
['student']
['gating']
['gating']
['gating']
		 g's LR=0.02061073738537635 init-LR=0.009549150281252633 -- student-LR=0.02061073738537635 -- teacher-LR=2.061073738537635e-05
		 Valid evaluation at end of epoch: latest_acc:40.36 -- best val acc so far 40.36
dual_update_step
 old -- 44.56326675415039 -- new 51.113863945007324 -- grad 6.550597190856934
primal_budget_update_step
['student']
['student']
['student']
['gating']
['gating']
['gating']
		 g's LR=0.018128800512565515 init-LR=0.009549150281252633 -- student-LR=0.018128800512565515 -- teacher-LR=1.8128800512565513e-05
		 Valid evaluation at end of epoch: latest_acc:41.44 -- best val acc so far 41.44
dual_update_step
 old -- 51.113863945007324 -- new 57.61355257034302 -- grad 6.499688625335693
primal_budget_update_step
['student']
['student']
['student']
['gating']
['gating']
['gating']
		 g's LR=0.015772644703565566 init-LR=0.009549150281252633 -- student-LR=0.015772644703565566 -- teacher-LR=1.5772644703565565e-05
		 Valid evaluation at end of epoch: latest_acc:40.80 -- best val acc so far 41.44
dual_update_step
 old -- 57.61355257034302 -- new 64.07656955718994 -- grad 6.463016986846924
primal_budget_update_step
['student']
['student']
['student']
['gating']
['gating']
['gating']
		 g's LR=0.013551568628929435 init-LR=0.009549150281252633 -- student-LR=0.013551568628929435 -- teacher-LR=1.3551568628929434e-05
		 Valid evaluation at end of epoch: latest_acc:39.96 -- best val acc so far 41.44
dual_update_step
 old -- 64.07656955718994 -- new 70.55335330963135 -- grad 6.476783752441406
primal_budget_update_step
['student']
['student']
['student']
['gating']
['gating']
['gating']
		 g's LR=0.011474337861210543 init-LR=0.009549150281252633 -- student-LR=0.011474337861210543 -- teacher-LR=1.1474337861210543e-05
		 Valid evaluation at end of epoch: latest_acc:40.60 -- best val acc so far 41.44
dual_update_step
 old -- 5.0 -- new 11.320692539215088 -- grad 6.320692539215088
primal_budget_update_step
['student']
['student']
['student']
['gating']
['gating']
['gating']
		 g's LR=0.009549150281252633 init-LR=0.009549150281252633 -- student-LR=0.009549150281252633 -- teacher-LR=9.549150281252633e-06
		 Valid evaluation at end of epoch: latest_acc:40.36 -- best val acc so far 41.44
dual_update_step
 old -- 11.320692539215088 -- new 17.5733003616333 -- grad 6.252607822418213
primal_budget_update_step
['student']
['student']
['student']
['gating']
['gating']
['gating']
		 g's LR=0.007783603724899258 init-LR=0.009549150281252633 -- student-LR=0.007783603724899258 -- teacher-LR=7.783603724899257e-06
		 Valid evaluation at end of epoch: latest_acc:40.94 -- best val acc so far 41.44
dual_update_step
 old -- 17.5733003616333 -- new 23.812220096588135 -- grad 6.238919734954834
primal_budget_update_step
['student']
['student']
['student']
['gating']
['gating']
['gating']
		 g's LR=0.006184665997806821 init-LR=0.009549150281252633 -- student-LR=0.006184665997806821 -- teacher-LR=6.184665997806821e-06
		 Valid evaluation at end of epoch: latest_acc:40.66 -- best val acc so far 41.44
dual_update_step
 old -- 23.812220096588135 -- new 30.113651275634766 -- grad 6.301431179046631
primal_budget_update_step
['student']
['student']
['student']
['gating']
['gating']
['gating']
		 g's LR=0.004758647376699033 init-LR=0.009549150281252633 -- student-LR=0.004758647376699033 -- teacher-LR=4.758647376699032e-06
		 Valid evaluation at end of epoch: latest_acc:41.18 -- best val acc so far 41.44
dual_update_step
 old -- 30.113651275634766 -- new 36.35766887664795 -- grad 6.244017601013184
primal_budget_update_step
['student']
['student']
['student']
['gating']
['gating']
['gating']
		 g's LR=0.0035111757055874327 init-LR=0.009549150281252633 -- student-LR=0.0035111757055874327 -- teacher-LR=3.511175705587433e-06
		 Valid evaluation at end of epoch: latest_acc:40.90 -- best val acc so far 41.44
dual_update_step
 old -- 36.35766887664795 -- new 42.63545751571655 -- grad 6.2777886390686035
primal_budget_update_step
['student']
['student']
['student']
['gating']
['gating']
['gating']
		 g's LR=0.0024471741852423235 init-LR=0.009549150281252633 -- student-LR=0.0024471741852423235 -- teacher-LR=2.4471741852423237e-06
		 Valid evaluation at end of epoch: latest_acc:41.02 -- best val acc so far 41.44
dual_update_step
 old -- 42.63545751571655 -- new 48.872032165527344 -- grad 6.236574649810791
primal_budget_update_step
['student']
['student']
['student']
['gating']
['gating']
['gating']
		 g's LR=0.0015708419435684518 init-LR=0.009549150281252633 -- student-LR=0.0015708419435684518 -- teacher-LR=1.570841943568452e-06
		 Valid evaluation at end of epoch: latest_acc:41.30 -- best val acc so far 41.44
dual_update_step
 old -- 48.872032165527344 -- new 55.13869571685791 -- grad 6.266663551330566
primal_budget_update_step
['student']
['student']
['student']
['gating']
['gating']
['gating']
		 g's LR=0.000885637463565564 init-LR=0.009549150281252633 -- student-LR=0.000885637463565564 -- teacher-LR=8.85637463565564e-07
		 Valid evaluation at end of epoch: latest_acc:41.54 -- best val acc so far 41.54
dual_update_step
 old -- 55.13869571685791 -- new 61.41689157485962 -- grad 6.278195858001709
primal_budget_update_step
['student']
['student']
['student']
['gating']
['gating']
['gating']
		 g's LR=0.0003942649342761118 init-LR=0.009549150281252633 -- student-LR=0.0003942649342761118 -- teacher-LR=3.9426493427611177e-07
		 Valid evaluation at end of epoch: latest_acc:40.28 -- best val acc so far 41.54
dual_update_step
 old -- 61.41689157485962 -- new 67.69918727874756 -- grad 6.2822957038879395
primal_budget_update_step
['student']
['student']
['student']
['gating']
['gating']
['gating']
		 g's LR=9.866357858642206e-05 init-LR=0.009549150281252633 -- student-LR=9.866357858642206e-05 -- teacher-LR=9.866357858642205e-08
		 Valid evaluation at end of epoch: latest_acc:41.52 -- best val acc so far 41.54
dual_update_step
 old -- 5.0 -- new 11.27196741104126 -- grad 6.27196741104126
primal_budget_update_step
['student']
['student']
['student']
['gating']
['gating']
['gating']
		 g's LR=0.1 init-LR=0.009549150281252633 -- student-LR=0.1 -- teacher-LR=0.0001
		 Valid evaluation at end of epoch: latest_acc:39.70 -- best val acc so far 41.54
dual_update_step
 old -- 11.27196741104126 -- new 17.593204021453857 -- grad 6.321236610412598
primal_budget_update_step
['student']
['student']
['student']
['gating']
['gating']
['gating']
		 g's LR=0.09990133642141358 init-LR=0.009549150281252633 -- student-LR=0.09990133642141358 -- teacher-LR=9.990133642141359e-05
		 Valid evaluation at end of epoch: latest_acc:34.88 -- best val acc so far 41.54
dual_update_step
 old -- 17.593204021453857 -- new 24.631235122680664 -- grad 7.038031101226807
primal_budget_update_step
['student']
['student']
['student']
['gating']
['gating']
['gating']
		 g's LR=0.0996057350657239 init-LR=0.009549150281252633 -- student-LR=0.0996057350657239 -- teacher-LR=9.96057350657239e-05
		 Valid evaluation at end of epoch: latest_acc:34.14 -- best val acc so far 41.54
dual_update_step
 old -- 24.631235122680664 -- new 31.75524139404297 -- grad 7.124006271362305
primal_budget_update_step
['student']
['student']
['student']
['gating']
['gating']
['gating']
		 g's LR=0.09911436253643445 init-LR=0.009549150281252633 -- student-LR=0.09911436253643445 -- teacher-LR=9.911436253643445e-05
		 Valid evaluation at end of epoch: latest_acc:33.12 -- best val acc so far 41.54
dual_update_step
 old -- 31.75524139404297 -- new 38.8487024307251 -- grad 7.093461036682129
primal_budget_update_step
['student']
['student']
['student']
['gating']
['gating']
['gating']
		 g's LR=0.09842915805643156 init-LR=0.009549150281252633 -- student-LR=0.09842915805643156 -- teacher-LR=9.842915805643155e-05
		 Valid evaluation at end of epoch: latest_acc:34.18 -- best val acc so far 41.54
dual_update_step
 old -- 38.8487024307251 -- new 46.006306171417236 -- grad 7.157603740692139
primal_budget_update_step
['student']
['student']
['student']
['gating']
['gating']
['gating']
		 g's LR=0.09755282581475769 init-LR=0.009549150281252633 -- student-LR=0.09755282581475769 -- teacher-LR=9.755282581475769e-05
		 Valid evaluation at end of epoch: latest_acc:35.62 -- best val acc so far 41.54
dual_update_step
 old -- 46.006306171417236 -- new 52.913315773010254 -- grad 6.907009601593018
primal_budget_update_step
['student']
['student']
['student']
['gating']
['gating']
['gating']
		 g's LR=0.09648882429441258 init-LR=0.009549150281252633 -- student-LR=0.09648882429441258 -- teacher-LR=9.648882429441257e-05
		 Valid evaluation at end of epoch: latest_acc:37.02 -- best val acc so far 41.54
dual_update_step
 old -- 52.913315773010254 -- new 59.79875040054321 -- grad 6.885434627532959
primal_budget_update_step
 -- old epsilon=0.40821226924187726 -- new epsilon= 0.4 -- grad tensor(1.3339, device='cuda:0')
['student']
['student']
['student']
['gating']
['gating']
['gating']
		 g's LR=0.09524135262330098 init-LR=0.009549150281252633 -- student-LR=0.09524135262330098 -- teacher-LR=9.524135262330098e-05
		 Valid evaluation at end of epoch: latest_acc:37.12 -- best val acc so far 41.54
dual_update_step
 old -- 59.79875040054321 -- new 66.7600245475769 -- grad 6.961274147033691
primal_budget_update_step
['student']
['student']
['student']
['gating']
['gating']
['gating']
		 g's LR=0.09381533400219318 init-LR=0.009549150281252633 -- student-LR=0.09381533400219318 -- teacher-LR=9.381533400219318e-05
		 Valid evaluation at end of epoch: latest_acc:34.98 -- best val acc so far 41.54
dual_update_step
 old -- 66.7600245475769 -- new 73.7476806640625 -- grad 6.987656116485596
primal_budget_update_step
['student']
['student']
['student']
['gating']
['gating']
['gating']
		 g's LR=0.09221639627510075 init-LR=0.009549150281252633 -- student-LR=0.09221639627510075 -- teacher-LR=9.221639627510076e-05
		 Valid evaluation at end of epoch: latest_acc:37.54 -- best val acc so far 41.54
dual_update_step
 old -- 5.0 -- new 11.85313081741333 -- grad 6.85313081741333
primal_budget_update_step
['student']
['student']
['student']
['gating']
['gating']
['gating']
		 g's LR=0.09045084971874738 init-LR=0.009549150281252633 -- student-LR=0.09045084971874738 -- teacher-LR=9.045084971874738e-05
		 Valid evaluation at end of epoch: latest_acc:36.98 -- best val acc so far 41.54
dual_update_step
 old -- 11.85313081741333 -- new 18.720377445220947 -- grad 6.867246627807617
primal_budget_update_step
['student']
['student']
['student']
['gating']
['gating']
['gating']
		 g's LR=0.08852566213878947 init-LR=0.009549150281252633 -- student-LR=0.08852566213878947 -- teacher-LR=8.852566213878947e-05
		 Valid evaluation at end of epoch: latest_acc:36.36 -- best val acc so far 41.54
dual_update_step
 old -- 18.720377445220947 -- new 25.61728572845459 -- grad 6.896908283233643
primal_budget_update_step
['student']
['student']
['student']
['gating']
['gating']
['gating']
		 g's LR=0.08644843137107058 init-LR=0.009549150281252633 -- student-LR=0.08644843137107058 -- teacher-LR=8.644843137107059e-05
		 Valid evaluation at end of epoch: latest_acc:34.08 -- best val acc so far 41.54
dual_update_step
 old -- 25.61728572845459 -- new 32.734846115112305 -- grad 7.117560386657715
primal_budget_update_step
['student']
['student']
['student']
['gating']
['gating']
['gating']
		 g's LR=0.08422735529643444 init-LR=0.009549150281252633 -- student-LR=0.08422735529643444 -- teacher-LR=8.422735529643444e-05
		 Valid evaluation at end of epoch: latest_acc:35.12 -- best val acc so far 41.54
dual_update_step
 old -- 32.734846115112305 -- new 39.741775035858154 -- grad 7.00692892074585
primal_budget_update_step
['student']
['student']
['student']
['gating']
['gating']
['gating']
		 g's LR=0.08187119948743449 init-LR=0.009549150281252633 -- student-LR=0.08187119948743449 -- teacher-LR=8.18711994874345e-05
		 Valid evaluation at end of epoch: latest_acc:37.90 -- best val acc so far 41.54
dual_update_step
 old -- 39.741775035858154 -- new 46.491490840911865 -- grad 6.749715805053711
primal_budget_update_step
['student']
['student']
['student']
['gating']
['gating']
['gating']
		 g's LR=0.07938926261462367 init-LR=0.009549150281252633 -- student-LR=0.07938926261462367 -- teacher-LR=7.938926261462367e-05
		 Valid evaluation at end of epoch: latest_acc:39.32 -- best val acc so far 41.54
dual_update_step
 old -- 46.491490840911865 -- new 53.21412372589111 -- grad 6.722632884979248
primal_budget_update_step
['student']
['student']
['student']
['gating']
['gating']
['gating']
		 g's LR=0.07679133974894983 init-LR=0.009549150281252633 -- student-LR=0.07679133974894983 -- teacher-LR=7.679133974894983e-05
		 Valid evaluation at end of epoch: latest_acc:37.72 -- best val acc so far 41.54
dual_update_step
 old -- 53.21412372589111 -- new 60.0080771446228 -- grad 6.7939534187316895
primal_budget_update_step
['student']
['student']
['student']
['gating']
['gating']
['gating']
		 g's LR=0.07408768370508577 init-LR=0.009549150281252633 -- student-LR=0.07408768370508577 -- teacher-LR=7.408768370508576e-05
		 Valid evaluation at end of epoch: latest_acc:33.96 -- best val acc so far 41.54
dual_update_step
 old -- 60.0080771446228 -- new 67.13500022888184 -- grad 7.126923084259033
primal_budget_update_step
['student']
['student']
['student']
['gating']
['gating']
['gating']
		 g's LR=0.07128896457825364 init-LR=0.009549150281252633 -- student-LR=0.07128896457825364 -- teacher-LR=7.128896457825364e-05
		 Valid evaluation at end of epoch: latest_acc:38.22 -- best val acc so far 41.54
dual_update_step
 old -- 67.13500022888184 -- new 73.92377090454102 -- grad 6.78877067565918
primal_budget_update_step
['student']
['student']
['student']
['gating']
['gating']
['gating']
		 g's LR=0.06840622763423392 init-LR=0.009549150281252633 -- student-LR=0.06840622763423392 -- teacher-LR=6.840622763423391e-05
		 Valid evaluation at end of epoch: latest_acc:38.30 -- best val acc so far 41.54
dual_update_step
 old -- 5.0 -- new 11.691853523254395 -- grad 6.6918535232543945
primal_budget_update_step
['student']
['student']
['student']
['gating']
['gating']
['gating']
		 g's LR=0.06545084971874737 init-LR=0.009549150281252633 -- student-LR=0.06545084971874737 -- teacher-LR=6.545084971874738e-05
		 Valid evaluation at end of epoch: latest_acc:39.58 -- best val acc so far 41.54
dual_update_step
 old -- 11.691853523254395 -- new 18.25218152999878 -- grad 6.560328006744385
primal_budget_update_step
['student']
['student']
['student']
['gating']
['gating']
['gating']
		 g's LR=0.062434494358242734 init-LR=0.009549150281252633 -- student-LR=0.062434494358242734 -- teacher-LR=6.243449435824273e-05
		 Valid evaluation at end of epoch: latest_acc:39.54 -- best val acc so far 41.54
dual_update_step
 old -- 18.25218152999878 -- new 25.034488677978516 -- grad 6.782307147979736
primal_budget_update_step
['student']
['student']
['student']
['gating']
['gating']
['gating']
		 g's LR=0.05936906572928624 init-LR=0.009549150281252633 -- student-LR=0.05936906572928624 -- teacher-LR=5.9369065729286245e-05
		 Valid evaluation at end of epoch: latest_acc:37.42 -- best val acc so far 41.54
dual_update_step
 old -- 25.034488677978516 -- new 31.895819187164307 -- grad 6.861330509185791
primal_budget_update_step
['student']
['student']
['student']
['gating']
['gating']
['gating']
		 g's LR=0.05626666167821523 init-LR=0.009549150281252633 -- student-LR=0.05626666167821523 -- teacher-LR=5.626666167821523e-05
		 Valid evaluation at end of epoch: latest_acc:40.04 -- best val acc so far 41.54
dual_update_step
 old -- 31.895819187164307 -- new 38.50338888168335 -- grad 6.607569694519043
primal_budget_update_step
['student']
['student']
['student']
['gating']
['gating']
['gating']
		 g's LR=0.05313952597646568 init-LR=0.009549150281252633 -- student-LR=0.05313952597646568 -- teacher-LR=5.313952597646568e-05
		 Valid evaluation at end of epoch: latest_acc:39.08 -- best val acc so far 41.54
dual_update_step
 old -- 38.50338888168335 -- new 45.20135688781738 -- grad 6.697968006134033
primal_budget_update_step
['student']
['student']
['student']
['gating']
['gating']
['gating']
		 g's LR=0.05 init-LR=0.009549150281252633 -- student-LR=0.05 -- teacher-LR=5e-05
		 Valid evaluation at end of epoch: latest_acc:40.62 -- best val acc so far 41.54
dual_update_step
 old -- 45.20135688781738 -- new 51.67217254638672 -- grad 6.470815658569336
primal_budget_update_step
['student']
['student']
['student']
['gating']
['gating']
['gating']
		 g's LR=0.04686047402353433 init-LR=0.009549150281252633 -- student-LR=0.04686047402353433 -- teacher-LR=4.6860474023534335e-05
		 Valid evaluation at end of epoch: latest_acc:41.58 -- best val acc so far 41.58
dual_update_step
 old -- 51.67217254638672 -- new 58.229806423187256 -- grad 6.557633876800537
primal_budget_update_step
['student']
['student']
['student']
['gating']
['gating']
['gating']
		 g's LR=0.0437333383217848 init-LR=0.009549150281252633 -- student-LR=0.0437333383217848 -- teacher-LR=4.3733338321784795e-05
		 Valid evaluation at end of epoch: latest_acc:41.08 -- best val acc so far 41.58
dual_update_step
 old -- 58.229806423187256 -- new 64.9137830734253 -- grad 6.683976650238037
primal_budget_update_step
['student']
['student']
['student']
['gating']
['gating']
['gating']
		 g's LR=0.04063093427071377 init-LR=0.009549150281252633 -- student-LR=0.04063093427071377 -- teacher-LR=4.0630934270713774e-05
		 Valid evaluation at end of epoch: latest_acc:39.12 -- best val acc so far 41.58
dual_update_step
 old -- 64.9137830734253 -- new 71.68562078475952 -- grad 6.7718377113342285
primal_budget_update_step
['student']
['student']
['student']
['gating']
['gating']
['gating']
		 g's LR=0.03756550564175726 init-LR=0.009549150281252633 -- student-LR=0.03756550564175726 -- teacher-LR=3.756550564175726e-05
		 Valid evaluation at end of epoch: latest_acc:40.42 -- best val acc so far 41.58
dual_update_step
 old -- 5.0 -- new 11.526357650756836 -- grad 6.526357650756836
primal_budget_update_step
['student']
['student']
['student']
['gating']
['gating']
['gating']
		 g's LR=0.03454915028125265 init-LR=0.009549150281252633 -- student-LR=0.03454915028125265 -- teacher-LR=3.454915028125264e-05
		 Valid evaluation at end of epoch: latest_acc:41.64 -- best val acc so far 41.64
dual_update_step
 old -- 11.526357650756836 -- new 18.0730242729187 -- grad 6.546666622161865
primal_budget_update_step
['student']
['student']
['student']
['gating']
['gating']
['gating']
		 g's LR=0.03159377236576612 init-LR=0.009549150281252633 -- student-LR=0.03159377236576612 -- teacher-LR=3.159377236576612e-05
		 Valid evaluation at end of epoch: latest_acc:40.52 -- best val acc so far 41.64
dual_update_step
 old -- 18.0730242729187 -- new 24.636916160583496 -- grad 6.563891887664795
primal_budget_update_step
['student']
['student']
['student']
['gating']
['gating']
['gating']
		 g's LR=0.02871103542174637 init-LR=0.009549150281252633 -- student-LR=0.02871103542174637 -- teacher-LR=2.8711035421746367e-05
		 Valid evaluation at end of epoch: latest_acc:39.82 -- best val acc so far 41.64
dual_update_step
 old -- 24.636916160583496 -- new 31.31058359146118 -- grad 6.6736674308776855
primal_budget_update_step
['student']
['student']
['student']
['gating']
['gating']
['gating']
		 g's LR=0.02591231629491423 init-LR=0.009549150281252633 -- student-LR=0.02591231629491423 -- teacher-LR=2.591231629491423e-05
		 Valid evaluation at end of epoch: latest_acc:40.58 -- best val acc so far 41.64
dual_update_step
 old -- 31.31058359146118 -- new 37.88811540603638 -- grad 6.577531814575195
primal_budget_update_step
['student']
['student']
['student']
['gating']
['gating']
['gating']
		 g's LR=0.02320866025105016 init-LR=0.009549150281252633 -- student-LR=0.02320866025105016 -- teacher-LR=2.3208660251050158e-05
		 Valid evaluation at end of epoch: latest_acc:40.90 -- best val acc so far 41.64
dual_update_step
 old -- 37.88811540603638 -- new 44.28612470626831 -- grad 6.398009300231934
primal_budget_update_step
['student']
['student']
['student']
['gating']
['gating']
['gating']
		 g's LR=0.02061073738537635 init-LR=0.009549150281252633 -- student-LR=0.02061073738537635 -- teacher-LR=2.061073738537635e-05
		 Valid evaluation at end of epoch: latest_acc:42.02 -- best val acc so far 42.02
dual_update_step
 old -- 44.28612470626831 -- new 50.774386405944824 -- grad 6.488261699676514
primal_budget_update_step
['student']
['student']
['student']
['gating']
['gating']
['gating']
		 g's LR=0.018128800512565515 init-LR=0.009549150281252633 -- student-LR=0.018128800512565515 -- teacher-LR=1.8128800512565513e-05
		 Valid evaluation at end of epoch: latest_acc:40.76 -- best val acc so far 42.02
dual_update_step
 old -- 50.774386405944824 -- new 57.237088203430176 -- grad 6.462701797485352
primal_budget_update_step
['student']
['student']
['student']
['gating']
['gating']
['gating']
		 g's LR=0.015772644703565566 init-LR=0.009549150281252633 -- student-LR=0.015772644703565566 -- teacher-LR=1.5772644703565565e-05
		 Valid evaluation at end of epoch: latest_acc:40.82 -- best val acc so far 42.02
dual_update_step
 old -- 57.237088203430176 -- new 63.69484901428223 -- grad 6.457760810852051
primal_budget_update_step
['student']
['student']
['student']
['gating']
['gating']
['gating']
		 g's LR=0.013551568628929435 init-LR=0.009549150281252633 -- student-LR=0.013551568628929435 -- teacher-LR=1.3551568628929434e-05
		 Valid evaluation at end of epoch: latest_acc:41.52 -- best val acc so far 42.02
dual_update_step
 old -- 63.69484901428223 -- new 70.21582889556885 -- grad 6.520979881286621
primal_budget_update_step
['student']
['student']
['student']
['gating']
['gating']
['gating']
		 g's LR=0.011474337861210543 init-LR=0.009549150281252633 -- student-LR=0.011474337861210543 -- teacher-LR=1.1474337861210543e-05
		 Valid evaluation at end of epoch: latest_acc:41.86 -- best val acc so far 42.02
dual_update_step
 old -- 5.0 -- new 11.383904933929443 -- grad 6.383904933929443
primal_budget_update_step
['student']
['student']
['student']
['gating']
['gating']
['gating']
		 g's LR=0.009549150281252633 init-LR=0.009549150281252633 -- student-LR=0.009549150281252633 -- teacher-LR=9.549150281252633e-06
		 Valid evaluation at end of epoch: latest_acc:41.64 -- best val acc so far 42.02
dual_update_step
 old -- 11.383904933929443 -- new 17.80071210861206 -- grad 6.416807174682617
primal_budget_update_step
['student']
['student']
['student']
['gating']
['gating']
['gating']
		 g's LR=0.007783603724899258 init-LR=0.009549150281252633 -- student-LR=0.007783603724899258 -- teacher-LR=7.783603724899257e-06
		 Valid evaluation at end of epoch: latest_acc:42.12 -- best val acc so far 42.12
dual_update_step
 old -- 17.80071210861206 -- new 24.2115535736084 -- grad 6.410841464996338
primal_budget_update_step
['student']
['student']
['student']
['gating']
['gating']
['gating']
		 g's LR=0.006184665997806821 init-LR=0.009549150281252633 -- student-LR=0.006184665997806821 -- teacher-LR=6.184665997806821e-06
		 Valid evaluation at end of epoch: latest_acc:42.62 -- best val acc so far 42.62
dual_update_step
 old -- 24.2115535736084 -- new 30.65855884552002 -- grad 6.447005271911621
primal_budget_update_step
['student']
['student']
['student']
['gating']
['gating']
['gating']
		 g's LR=0.004758647376699033 init-LR=0.009549150281252633 -- student-LR=0.004758647376699033 -- teacher-LR=4.758647376699032e-06
		 Valid evaluation at end of epoch: latest_acc:42.20 -- best val acc so far 42.62
dual_update_step
 old -- 30.65855884552002 -- new 37.05438232421875 -- grad 6.3958234786987305
primal_budget_update_step
['student']
['student']
['student']
['gating']
['gating']
['gating']
		 g's LR=0.0035111757055874327 init-LR=0.009549150281252633 -- student-LR=0.0035111757055874327 -- teacher-LR=3.511175705587433e-06
		 Valid evaluation at end of epoch: latest_acc:42.18 -- best val acc so far 42.62
dual_update_step
 old -- 37.05438232421875 -- new 43.468010902404785 -- grad 6.413628578186035
primal_budget_update_step
['student']
['student']
['student']
['gating']
['gating']
['gating']
		 g's LR=0.0024471741852423235 init-LR=0.009549150281252633 -- student-LR=0.0024471741852423235 -- teacher-LR=2.4471741852423237e-06
		 Valid evaluation at end of epoch: latest_acc:42.16 -- best val acc so far 42.62
dual_update_step
 old -- 43.468010902404785 -- new 49.8502893447876 -- grad 6.3822784423828125
primal_budget_update_step
['student']
['student']
['student']
['gating']
['gating']
['gating']
		 g's LR=0.0015708419435684518 init-LR=0.009549150281252633 -- student-LR=0.0015708419435684518 -- teacher-LR=1.570841943568452e-06
		 Valid evaluation at end of epoch: latest_acc:42.08 -- best val acc so far 42.62
dual_update_step
 old -- 49.8502893447876 -- new 56.21181058883667 -- grad 6.361521244049072
primal_budget_update_step
['student']
['student']
['student']
['gating']
['gating']
['gating']
		 g's LR=0.000885637463565564 init-LR=0.009549150281252633 -- student-LR=0.000885637463565564 -- teacher-LR=8.85637463565564e-07
		 Valid evaluation at end of epoch: latest_acc:42.30 -- best val acc so far 42.62
dual_update_step
 old -- 56.21181058883667 -- new 62.56665086746216 -- grad 6.354840278625488
primal_budget_update_step
['student']
['student']
['student']
['gating']
['gating']
['gating']
		 g's LR=0.0003942649342761118 init-LR=0.009549150281252633 -- student-LR=0.0003942649342761118 -- teacher-LR=3.9426493427611177e-07
		 Valid evaluation at end of epoch: latest_acc:41.84 -- best val acc so far 42.62
dual_update_step
 old -- 62.56665086746216 -- new 68.9030818939209 -- grad 6.33643102645874
primal_budget_update_step
['student']
['student']
['student']
['gating']
['gating']
['gating']
		 g's LR=9.866357858642206e-05 init-LR=0.009549150281252633 -- student-LR=9.866357858642206e-05 -- teacher-LR=9.866357858642205e-08
		 Valid evaluation at end of epoch: latest_acc:41.68 -- best val acc so far 42.62
dual_update_step
 old -- 5.0 -- new 11.448184967041016 -- grad 6.448184967041016
primal_budget_update_step
['student']
['student']
['student']
['gating']
['gating']
['gating']
		 g's LR=0.1 init-LR=0.009549150281252633 -- student-LR=0.1 -- teacher-LR=0.0001
		 Valid evaluation at end of epoch: latest_acc:42.64 -- best val acc so far 42.64
dual_update_step
 old -- 11.448184967041016 -- new 17.951603889465332 -- grad 6.503418922424316
primal_budget_update_step
['student']
['student']
['student']
['gating']
['gating']
['gating']
		 g's LR=0.09990133642141358 init-LR=0.009549150281252633 -- student-LR=0.09990133642141358 -- teacher-LR=9.990133642141359e-05
		 Valid evaluation at end of epoch: latest_acc:37.26 -- best val acc so far 42.64
dual_update_step
 old -- 17.951603889465332 -- new 25.089212894439697 -- grad 7.137609004974365
primal_budget_update_step
['student']
['student']
['student']
['gating']
['gating']
['gating']
		 g's LR=0.0996057350657239 init-LR=0.009549150281252633 -- student-LR=0.0996057350657239 -- teacher-LR=9.96057350657239e-05
		 Valid evaluation at end of epoch: latest_acc:37.56 -- best val acc so far 42.64
dual_update_step
 old -- 25.089212894439697 -- new 31.984850883483887 -- grad 6.8956379890441895
primal_budget_update_step
['student']
['student']
['student']
['gating']
['gating']
['gating']
		 g's LR=0.09911436253643445 init-LR=0.009549150281252633 -- student-LR=0.09911436253643445 -- teacher-LR=9.911436253643445e-05
		 Valid evaluation at end of epoch: latest_acc:38.66 -- best val acc so far 42.64
dual_update_step
 old -- 31.984850883483887 -- new 38.90581178665161 -- grad 6.920960903167725
primal_budget_update_step
['student']
['student']
['student']
['gating']
['gating']
['gating']
		 g's LR=0.09842915805643156 init-LR=0.009549150281252633 -- student-LR=0.09842915805643156 -- teacher-LR=9.842915805643155e-05
		 Valid evaluation at end of epoch: latest_acc:36.78 -- best val acc so far 42.64
dual_update_step
 old -- 38.90581178665161 -- new 45.95994853973389 -- grad 7.054136753082275
primal_budget_update_step
['student']
['student']
['student']
['gating']
['gating']
['gating']
		 g's LR=0.09755282581475769 init-LR=0.009549150281252633 -- student-LR=0.09755282581475769 -- teacher-LR=9.755282581475769e-05
		 Valid evaluation at end of epoch: latest_acc:38.92 -- best val acc so far 42.64
dual_update_step
 old -- 45.95994853973389 -- new 52.81348657608032 -- grad 6.8535380363464355
primal_budget_update_step
['student']
['student']
['student']
['gating']
['gating']
['gating']
		 g's LR=0.09648882429441258 init-LR=0.009549150281252633 -- student-LR=0.09648882429441258 -- teacher-LR=9.648882429441257e-05
		 Valid evaluation at end of epoch: latest_acc:37.68 -- best val acc so far 42.64
dual_update_step
 old -- 52.81348657608032 -- new 59.727203369140625 -- grad 6.913716793060303
primal_budget_update_step
 -- old epsilon=0.36371434362936017 -- new epsilon= 0.4 -- grad tensor(1.3324, device='cuda:0')
['student']
['student']
['student']
['gating']
['gating']
['gating']
		 g's LR=0.09524135262330098 init-LR=0.009549150281252633 -- student-LR=0.09524135262330098 -- teacher-LR=9.524135262330098e-05
		 Valid evaluation at end of epoch: latest_acc:40.36 -- best val acc so far 42.64
dual_update_step
 old -- 59.727203369140625 -- new 66.38399934768677 -- grad 6.656795978546143
primal_budget_update_step
['student']
['student']
['student']
['gating']
['gating']
['gating']
		 g's LR=0.09381533400219318 init-LR=0.009549150281252633 -- student-LR=0.09381533400219318 -- teacher-LR=9.381533400219318e-05
		 Valid evaluation at end of epoch: latest_acc:38.56 -- best val acc so far 42.64
dual_update_step
 old -- 66.38399934768677 -- new 73.27418661117554 -- grad 6.8901872634887695
primal_budget_update_step
['student']
['student']
['student']
['gating']
['gating']
['gating']
		 g's LR=0.09221639627510075 init-LR=0.009549150281252633 -- student-LR=0.09221639627510075 -- teacher-LR=9.221639627510076e-05
		 Valid evaluation at end of epoch: latest_acc:37.40 -- best val acc so far 42.64
dual_update_step
 old -- 5.0 -- new 11.984965801239014 -- grad 6.984965801239014
primal_budget_update_step
['student']
['student']
['student']
['gating']
['gating']
['gating']
		 g's LR=0.09045084971874738 init-LR=0.009549150281252633 -- student-LR=0.09045084971874738 -- teacher-LR=9.045084971874738e-05
		 Valid evaluation at end of epoch: latest_acc:37.36 -- best val acc so far 42.64
dual_update_step
 old -- 11.984965801239014 -- new 18.834413528442383 -- grad 6.849447727203369
primal_budget_update_step
['student']
['student']
['student']
['gating']
['gating']
['gating']
		 g's LR=0.08852566213878947 init-LR=0.009549150281252633 -- student-LR=0.08852566213878947 -- teacher-LR=8.852566213878947e-05
		 Valid evaluation at end of epoch: latest_acc:39.62 -- best val acc so far 42.64
dual_update_step
 old -- 18.834413528442383 -- new 25.54337453842163 -- grad 6.708961009979248
primal_budget_update_step
['student']
['student']
['student']
['gating']
['gating']
['gating']
		 g's LR=0.08644843137107058 init-LR=0.009549150281252633 -- student-LR=0.08644843137107058 -- teacher-LR=8.644843137107059e-05
		 Valid evaluation at end of epoch: latest_acc:39.00 -- best val acc so far 42.64
dual_update_step
 old -- 25.54337453842163 -- new 32.2877721786499 -- grad 6.7443976402282715
primal_budget_update_step
['student']
['student']
['student']
['gating']
['gating']
['gating']
		 g's LR=0.08422735529643444 init-LR=0.009549150281252633 -- student-LR=0.08422735529643444 -- teacher-LR=8.422735529643444e-05
		 Valid evaluation at end of epoch: latest_acc:38.96 -- best val acc so far 42.64
dual_update_step
 old -- 32.2877721786499 -- new 38.950904846191406 -- grad 6.663132667541504
primal_budget_update_step
['student']
['student']
['student']
['gating']
['gating']
['gating']
		 g's LR=0.08187119948743449 init-LR=0.009549150281252633 -- student-LR=0.08187119948743449 -- teacher-LR=8.18711994874345e-05
		 Valid evaluation at end of epoch: latest_acc:36.26 -- best val acc so far 42.64
dual_update_step
 old -- 38.950904846191406 -- new 45.897860050201416 -- grad 6.94695520401001
primal_budget_update_step
['student']
['student']
['student']
['gating']
['gating']
['gating']
		 g's LR=0.07938926261462367 init-LR=0.009549150281252633 -- student-LR=0.07938926261462367 -- teacher-LR=7.938926261462367e-05
		 Valid evaluation at end of epoch: latest_acc:39.52 -- best val acc so far 42.64
dual_update_step
 old -- 45.897860050201416 -- new 52.53652477264404 -- grad 6.638664722442627
primal_budget_update_step
['student']
['student']
['student']
['gating']
['gating']
['gating']
		 g's LR=0.07679133974894983 init-LR=0.009549150281252633 -- student-LR=0.07679133974894983 -- teacher-LR=7.679133974894983e-05
		 Valid evaluation at end of epoch: latest_acc:41.26 -- best val acc so far 42.64
dual_update_step
 old -- 52.53652477264404 -- new 59.16918659210205 -- grad 6.632661819458008
primal_budget_update_step
['student']
['student']
['student']
['gating']
['gating']
['gating']
		 g's LR=0.07408768370508577 init-LR=0.009549150281252633 -- student-LR=0.07408768370508577 -- teacher-LR=7.408768370508576e-05
		 Valid evaluation at end of epoch: latest_acc:39.48 -- best val acc so far 42.64
dual_update_step
 old -- 59.16918659210205 -- new 65.84380960464478 -- grad 6.674623012542725
primal_budget_update_step
['student']
['student']
['student']
['gating']
['gating']
['gating']
		 g's LR=0.07128896457825364 init-LR=0.009549150281252633 -- student-LR=0.07128896457825364 -- teacher-LR=7.128896457825364e-05
		 Valid evaluation at end of epoch: latest_acc:39.00 -- best val acc so far 42.64
dual_update_step
 old -- 65.84380960464478 -- new 72.61829566955566 -- grad 6.774486064910889
primal_budget_update_step
['student']
['student']
['student']
['gating']
['gating']
['gating']
		 g's LR=0.06840622763423392 init-LR=0.009549150281252633 -- student-LR=0.06840622763423392 -- teacher-LR=6.840622763423391e-05
		 Valid evaluation at end of epoch: latest_acc:38.68 -- best val acc so far 42.64
dual_update_step
 old -- 5.0 -- new 11.845486640930176 -- grad 6.845486640930176
primal_budget_update_step
['student']
['student']
['student']
['gating']
['gating']
['gating']
		 g's LR=0.06545084971874737 init-LR=0.009549150281252633 -- student-LR=0.06545084971874737 -- teacher-LR=6.545084971874738e-05
		 Valid evaluation at end of epoch: latest_acc:39.84 -- best val acc so far 42.64
dual_update_step
 old -- 11.845486640930176 -- new 18.653685092926025 -- grad 6.80819845199585
primal_budget_update_step
['student']
['student']
['student']
['gating']
['gating']
['gating']
		 g's LR=0.062434494358242734 init-LR=0.009549150281252633 -- student-LR=0.062434494358242734 -- teacher-LR=6.243449435824273e-05
		 Valid evaluation at end of epoch: latest_acc:38.62 -- best val acc so far 42.64
dual_update_step
 old -- 18.653685092926025 -- new 25.678515434265137 -- grad 7.024830341339111
primal_budget_update_step
['student']
['student']
['student']
['gating']
['gating']
['gating']
		 g's LR=0.05936906572928624 init-LR=0.009549150281252633 -- student-LR=0.05936906572928624 -- teacher-LR=5.9369065729286245e-05
		 Valid evaluation at end of epoch: latest_acc:40.34 -- best val acc so far 42.64
dual_update_step
 old -- 25.678515434265137 -- new 32.34456777572632 -- grad 6.666052341461182
primal_budget_update_step
['student']
['student']
['student']
['gating']
['gating']
['gating']
		 g's LR=0.05626666167821523 init-LR=0.009549150281252633 -- student-LR=0.05626666167821523 -- teacher-LR=5.626666167821523e-05
		 Valid evaluation at end of epoch: latest_acc:40.96 -- best val acc so far 42.64
dual_update_step
 old -- 32.34456777572632 -- new 39.07601070404053 -- grad 6.731442928314209
primal_budget_update_step
['student']
['student']
['student']
['gating']
['gating']
['gating']
		 g's LR=0.05313952597646568 init-LR=0.009549150281252633 -- student-LR=0.05313952597646568 -- teacher-LR=5.313952597646568e-05
		 Valid evaluation at end of epoch: latest_acc:40.06 -- best val acc so far 42.64
dual_update_step
 old -- 39.07601070404053 -- new 45.79077672958374 -- grad 6.714766025543213
primal_budget_update_step
['student']
['student']
['student']
['gating']
['gating']
['gating']
		 g's LR=0.05 init-LR=0.009549150281252633 -- student-LR=0.05 -- teacher-LR=5e-05
		 Valid evaluation at end of epoch: latest_acc:41.30 -- best val acc so far 42.64
dual_update_step
 old -- 45.79077672958374 -- new 52.44141435623169 -- grad 6.650637626647949
primal_budget_update_step
['student']
['student']
['student']
['gating']
['gating']
['gating']
		 g's LR=0.04686047402353433 init-LR=0.009549150281252633 -- student-LR=0.04686047402353433 -- teacher-LR=4.6860474023534335e-05
		 Valid evaluation at end of epoch: latest_acc:41.54 -- best val acc so far 42.64
dual_update_step
 old -- 52.44141435623169 -- new 59.19541072845459 -- grad 6.7539963722229
primal_budget_update_step
['student']
['student']
['student']
['gating']
['gating']
['gating']
		 g's LR=0.0437333383217848 init-LR=0.009549150281252633 -- student-LR=0.0437333383217848 -- teacher-LR=4.3733338321784795e-05
		 Valid evaluation at end of epoch: latest_acc:40.10 -- best val acc so far 42.64
dual_update_step
 old -- 59.19541072845459 -- new 65.96232652664185 -- grad 6.766915798187256
primal_budget_update_step
['student']
['student']
['student']
['gating']
['gating']
['gating']
		 g's LR=0.04063093427071377 init-LR=0.009549150281252633 -- student-LR=0.04063093427071377 -- teacher-LR=4.0630934270713774e-05
		 Valid evaluation at end of epoch: latest_acc:40.08 -- best val acc so far 42.64
dual_update_step
 old -- 65.96232652664185 -- new 72.68535137176514 -- grad 6.723024845123291
primal_budget_update_step
['student']
['student']
['student']
['gating']
['gating']
['gating']
		 g's LR=0.03756550564175726 init-LR=0.009549150281252633 -- student-LR=0.03756550564175726 -- teacher-LR=3.756550564175726e-05
		 Valid evaluation at end of epoch: latest_acc:40.56 -- best val acc so far 42.64
dual_update_step
 old -- 5.0 -- new 11.615392208099365 -- grad 6.615392208099365
primal_budget_update_step
['student']
['student']
['student']
['gating']
['gating']
['gating']
		 g's LR=0.03454915028125265 init-LR=0.009549150281252633 -- student-LR=0.03454915028125265 -- teacher-LR=3.454915028125264e-05
		 Valid evaluation at end of epoch: latest_acc:41.58 -- best val acc so far 42.64
dual_update_step
 old -- 11.615392208099365 -- new 18.245069980621338 -- grad 6.629677772521973
primal_budget_update_step
['student']
['student']
['student']
['gating']
['gating']
['gating']
		 g's LR=0.03159377236576612 init-LR=0.009549150281252633 -- student-LR=0.03159377236576612 -- teacher-LR=3.159377236576612e-05
		 Valid evaluation at end of epoch: latest_acc:42.12 -- best val acc so far 42.64
dual_update_step
 old -- 18.245069980621338 -- new 24.82414484024048 -- grad 6.579074859619141
primal_budget_update_step
['student']
['student']
['student']
['gating']
['gating']
['gating']
		 g's LR=0.02871103542174637 init-LR=0.009549150281252633 -- student-LR=0.02871103542174637 -- teacher-LR=2.8711035421746367e-05
		 Valid evaluation at end of epoch: latest_acc:43.30 -- best val acc so far 43.30
dual_update_step
 old -- 24.82414484024048 -- new 31.31158685684204 -- grad 6.4874420166015625
primal_budget_update_step
['student']
['student']
['student']
['gating']
['gating']
['gating']
		 g's LR=0.02591231629491423 init-LR=0.009549150281252633 -- student-LR=0.02591231629491423 -- teacher-LR=2.591231629491423e-05
		 Valid evaluation at end of epoch: latest_acc:41.84 -- best val acc so far 43.30
dual_update_step
 old -- 31.31158685684204 -- new 37.78035259246826 -- grad 6.468765735626221
primal_budget_update_step
['student']
['student']
['student']
['gating']
['gating']
['gating']
		 g's LR=0.02320866025105016 init-LR=0.009549150281252633 -- student-LR=0.02320866025105016 -- teacher-LR=2.3208660251050158e-05
		 Valid evaluation at end of epoch: latest_acc:42.04 -- best val acc so far 43.30
dual_update_step
 old -- 37.78035259246826 -- new 44.27966260910034 -- grad 6.49931001663208
primal_budget_update_step
['student']
['student']
['student']
['gating']
['gating']
['gating']
		 g's LR=0.02061073738537635 init-LR=0.009549150281252633 -- student-LR=0.02061073738537635 -- teacher-LR=2.061073738537635e-05
		 Valid evaluation at end of epoch: latest_acc:42.10 -- best val acc so far 43.30
dual_update_step
 old -- 44.27966260910034 -- new 50.79523706436157 -- grad 6.5155744552612305
primal_budget_update_step
['student']
['student']
['student']
['gating']
['gating']
['gating']
		 g's LR=0.018128800512565515 init-LR=0.009549150281252633 -- student-LR=0.018128800512565515 -- teacher-LR=1.8128800512565513e-05
		 Valid evaluation at end of epoch: latest_acc:42.86 -- best val acc so far 43.30
dual_update_step
 old -- 50.79523706436157 -- new 57.23672914505005 -- grad 6.441492080688477
primal_budget_update_step
['student']
['student']
['student']
['gating']
['gating']
['gating']
		 g's LR=0.015772644703565566 init-LR=0.009549150281252633 -- student-LR=0.015772644703565566 -- teacher-LR=1.5772644703565565e-05
		 Valid evaluation at end of epoch: latest_acc:42.90 -- best val acc so far 43.30
dual_update_step
 old -- 57.23672914505005 -- new 63.66224956512451 -- grad 6.425520420074463
primal_budget_update_step
['student']
['student']
['student']
['gating']
['gating']
['gating']
		 g's LR=0.013551568628929435 init-LR=0.009549150281252633 -- student-LR=0.013551568628929435 -- teacher-LR=1.3551568628929434e-05
		 Valid evaluation at end of epoch: latest_acc:42.30 -- best val acc so far 43.30
dual_update_step
 old -- 63.66224956512451 -- new 70.06129169464111 -- grad 6.399042129516602
primal_budget_update_step
 -- old epsilon=0.3980144754361069 -- new epsilon= 0.4 -- grad tensor(1.5301, device='cuda:0')
['student']
['student']
['student']
['gating']
['gating']
['gating']
		 g's LR=0.011474337861210543 init-LR=0.009549150281252633 -- student-LR=0.011474337861210543 -- teacher-LR=1.1474337861210543e-05
		 Valid evaluation at end of epoch: latest_acc:43.00 -- best val acc so far 43.30
dual_update_step
 old -- 5.0 -- new 11.638379573822021 -- grad 6.6383795738220215
primal_budget_update_step
['student']
['student']
['student']
['gating']
['gating']
['gating']
		 g's LR=0.009549150281252633 init-LR=0.009549150281252633 -- student-LR=0.009549150281252633 -- teacher-LR=9.549150281252633e-06
		 Valid evaluation at end of epoch: latest_acc:42.34 -- best val acc so far 43.30
dual_update_step
 old -- 11.638379573822021 -- new 18.24036979675293 -- grad 6.601990222930908
primal_budget_update_step
['student']
['student']
['student']
['gating']
['gating']
['gating']
		 g's LR=0.007783603724899258 init-LR=0.009549150281252633 -- student-LR=0.007783603724899258 -- teacher-LR=7.783603724899257e-06
		 Valid evaluation at end of epoch: latest_acc:43.52 -- best val acc so far 43.52
dual_update_step
 old -- 18.24036979675293 -- new 24.82767963409424 -- grad 6.587309837341309
primal_budget_update_step
['student']
['student']
['student']
['gating']
['gating']
['gating']
		 g's LR=0.006184665997806821 init-LR=0.009549150281252633 -- student-LR=0.006184665997806821 -- teacher-LR=6.184665997806821e-06
		 Valid evaluation at end of epoch: latest_acc:42.26 -- best val acc so far 43.52
dual_update_step
 old -- 24.82767963409424 -- new 31.4017972946167 -- grad 6.574117660522461
primal_budget_update_step
['student']
['student']
['student']
['gating']
['gating']
['gating']
		 g's LR=0.004758647376699033 init-LR=0.009549150281252633 -- student-LR=0.004758647376699033 -- teacher-LR=4.758647376699032e-06
		 Valid evaluation at end of epoch: latest_acc:43.94 -- best val acc so far 43.94
dual_update_step
 old -- 31.4017972946167 -- new 37.972482204437256 -- grad 6.570684909820557
primal_budget_update_step
['student']
['student']
['student']
['gating']
['gating']
['gating']
		 g's LR=0.0035111757055874327 init-LR=0.009549150281252633 -- student-LR=0.0035111757055874327 -- teacher-LR=3.511175705587433e-06
		 Valid evaluation at end of epoch: latest_acc:42.86 -- best val acc so far 43.94
dual_update_step
 old -- 37.972482204437256 -- new 44.5320987701416 -- grad 6.559616565704346
primal_budget_update_step
['student']
['student']
['student']
['gating']
['gating']
['gating']
		 g's LR=0.0024471741852423235 init-LR=0.009549150281252633 -- student-LR=0.0024471741852423235 -- teacher-LR=2.4471741852423237e-06
		 Valid evaluation at end of epoch: latest_acc:43.86 -- best val acc so far 43.94
dual_update_step
 old -- 44.5320987701416 -- new 51.0673508644104 -- grad 6.535252094268799
primal_budget_update_step
['student']
['student']
['student']
['gating']
['gating']
['gating']
		 g's LR=0.0015708419435684518 init-LR=0.009549150281252633 -- student-LR=0.0015708419435684518 -- teacher-LR=1.570841943568452e-06
		 Valid evaluation at end of epoch: latest_acc:42.42 -- best val acc so far 43.94
dual_update_step
 old -- 51.0673508644104 -- new 57.592514991760254 -- grad 6.5251641273498535
primal_budget_update_step
 -- old epsilon=0.31027277875266773 -- new epsilon= 0.4 -- grad tensor(1.2832, device='cuda:0')
['student']
['student']
['student']
['gating']
['gating']
['gating']
		 g's LR=0.000885637463565564 init-LR=0.009549150281252633 -- student-LR=0.000885637463565564 -- teacher-LR=8.85637463565564e-07
		 Valid evaluation at end of epoch: latest_acc:42.72 -- best val acc so far 43.94
dual_update_step
 old -- 57.592514991760254 -- new 64.08840990066528 -- grad 6.495894908905029
primal_budget_update_step
['student']
['student']
['student']
['gating']
['gating']
['gating']
		 g's LR=0.0003942649342761118 init-LR=0.009549150281252633 -- student-LR=0.0003942649342761118 -- teacher-LR=3.9426493427611177e-07
		 Valid evaluation at end of epoch: latest_acc:43.30 -- best val acc so far 43.94
dual_update_step
 old -- 64.08840990066528 -- new 70.55933427810669 -- grad 6.470924377441406
primal_budget_update_step
['student']
['student']
['student']
['gating']
['gating']
['gating']
		 g's LR=9.866357858642206e-05 init-LR=0.009549150281252633 -- student-LR=9.866357858642206e-05 -- teacher-LR=9.866357858642205e-08
		 Valid evaluation at end of epoch: latest_acc:43.12 -- best val acc so far 43.94
dual_update_step
 old -- 5.0 -- new 11.453798770904541 -- grad 6.453798770904541
primal_budget_update_step
['student']
['student']
['student']
['gating']
['gating']
['gating']
		 g's LR=0.1 init-LR=0.009549150281252633 -- student-LR=0.1 -- teacher-LR=0.0001
		 Valid evaluation at end of epoch: latest_acc:42.52 -- best val acc so far 43.94
dual_update_step
 old -- 11.453798770904541 -- new 17.915711402893066 -- grad 6.461912631988525
primal_budget_update_step
['student']
['student']
['student']
['gating']
['gating']
['gating']
		 g's LR=0.09990133642141358 init-LR=0.009549150281252633 -- student-LR=0.09990133642141358 -- teacher-LR=9.990133642141359e-05
		 Valid evaluation at end of epoch: latest_acc:35.10 -- best val acc so far 43.94
dual_update_step
 old -- 17.915711402893066 -- new 25.08207416534424 -- grad 7.166362762451172
primal_budget_update_step
['student']
['student']
['student']
['gating']
['gating']
['gating']
		 g's LR=0.0996057350657239 init-LR=0.009549150281252633 -- student-LR=0.0996057350657239 -- teacher-LR=9.96057350657239e-05
		 Valid evaluation at end of epoch: latest_acc:38.08 -- best val acc so far 43.94
dual_update_step
 old -- 25.08207416534424 -- new 32.11518383026123 -- grad 7.033109664916992
primal_budget_update_step
['student']
['student']
['student']
['gating']
['gating']
['gating']
		 g's LR=0.09911436253643445 init-LR=0.009549150281252633 -- student-LR=0.09911436253643445 -- teacher-LR=9.911436253643445e-05
		 Valid evaluation at end of epoch: latest_acc:36.04 -- best val acc so far 43.94
dual_update_step
 old -- 32.11518383026123 -- new 39.300621032714844 -- grad 7.185437202453613
primal_budget_update_step
['student']
['student']
['student']
['gating']
['gating']
['gating']
		 g's LR=0.09842915805643156 init-LR=0.009549150281252633 -- student-LR=0.09842915805643156 -- teacher-LR=9.842915805643155e-05
		 Valid evaluation at end of epoch: latest_acc:40.98 -- best val acc so far 43.94
dual_update_step
 old -- 39.300621032714844 -- new 46.04171371459961 -- grad 6.741092681884766
primal_budget_update_step
['student']
['student']
['student']
['gating']
['gating']
['gating']
		 g's LR=0.09755282581475769 init-LR=0.009549150281252633 -- student-LR=0.09755282581475769 -- teacher-LR=9.755282581475769e-05
		 Valid evaluation at end of epoch: latest_acc:36.48 -- best val acc so far 43.94
dual_update_step
 old -- 46.04171371459961 -- new 53.323023319244385 -- grad 7.281309604644775
primal_budget_update_step
['student']
['student']
['student']
['gating']
['gating']
['gating']
		 g's LR=0.09648882429441258 init-LR=0.009549150281252633 -- student-LR=0.09648882429441258 -- teacher-LR=9.648882429441257e-05
		 Valid evaluation at end of epoch: latest_acc:37.42 -- best val acc so far 43.94
dual_update_step
 old -- 53.323023319244385 -- new 60.376868724823 -- grad 7.053845405578613
primal_budget_update_step
 -- old epsilon=0.38920737273793304 -- new epsilon= 0.4 -- grad tensor(1.3483, device='cuda:0')
['student']
['student']
['student']
['gating']
['gating']
['gating']
		 g's LR=0.09524135262330098 init-LR=0.009549150281252633 -- student-LR=0.09524135262330098 -- teacher-LR=9.524135262330098e-05
		 Valid evaluation at end of epoch: latest_acc:39.98 -- best val acc so far 43.94
dual_update_step
 old -- 60.376868724823 -- new 67.11522436141968 -- grad 6.73835563659668
primal_budget_update_step
['student']
['student']
['student']
['gating']
['gating']
['gating']
		 g's LR=0.09381533400219318 init-LR=0.009549150281252633 -- student-LR=0.09381533400219318 -- teacher-LR=9.381533400219318e-05
		 Valid evaluation at end of epoch: latest_acc:36.42 -- best val acc so far 43.94
dual_update_step
 old -- 67.11522436141968 -- new 74.1921877861023 -- grad 7.076963424682617
primal_budget_update_step
['student']
['student']
['student']
['gating']
['gating']
['gating']
		 g's LR=0.09221639627510075 init-LR=0.009549150281252633 -- student-LR=0.09221639627510075 -- teacher-LR=9.221639627510076e-05
		 Valid evaluation at end of epoch: latest_acc:40.16 -- best val acc so far 43.94
dual_update_step
 old -- 5.0 -- new 12.111735820770264 -- grad 7.111735820770264
primal_budget_update_step
['student']
['student']
['student']
['gating']
['gating']
['gating']
		 g's LR=0.09045084971874738 init-LR=0.009549150281252633 -- student-LR=0.09045084971874738 -- teacher-LR=9.045084971874738e-05
		 Valid evaluation at end of epoch: latest_acc:38.80 -- best val acc so far 43.94
dual_update_step
 old -- 12.111735820770264 -- new 19.349756717681885 -- grad 7.238020896911621
primal_budget_update_step
['student']
['student']
['student']
['gating']
['gating']
['gating']
		 g's LR=0.08852566213878947 init-LR=0.009549150281252633 -- student-LR=0.08852566213878947 -- teacher-LR=8.852566213878947e-05
		 Valid evaluation at end of epoch: latest_acc:39.92 -- best val acc so far 43.94
dual_update_step
 old -- 19.349756717681885 -- new 26.334115982055664 -- grad 6.984359264373779
primal_budget_update_step
['student']
['student']
['student']
['gating']
['gating']
['gating']
		 g's LR=0.08644843137107058 init-LR=0.009549150281252633 -- student-LR=0.08644843137107058 -- teacher-LR=8.644843137107059e-05
		 Valid evaluation at end of epoch: latest_acc:39.76 -- best val acc so far 43.94
dual_update_step
 old -- 26.334115982055664 -- new 33.23324251174927 -- grad 6.8991265296936035
primal_budget_update_step
['student']
['student']
['student']
['gating']
['gating']
['gating']
		 g's LR=0.08422735529643444 init-LR=0.009549150281252633 -- student-LR=0.08422735529643444 -- teacher-LR=8.422735529643444e-05
		 Valid evaluation at end of epoch: latest_acc:39.48 -- best val acc so far 43.94
dual_update_step
 old -- 33.23324251174927 -- new 40.23640537261963 -- grad 7.003162860870361
primal_budget_update_step
['student']
['student']
['student']
['gating']
['gating']
['gating']
		 g's LR=0.08187119948743449 init-LR=0.009549150281252633 -- student-LR=0.08187119948743449 -- teacher-LR=8.18711994874345e-05
		 Valid evaluation at end of epoch: latest_acc:39.60 -- best val acc so far 43.94
dual_update_step
 old -- 40.23640537261963 -- new 47.19047260284424 -- grad 6.954067230224609
primal_budget_update_step
['student']
['student']
['student']
['gating']
['gating']
['gating']
		 g's LR=0.07938926261462367 init-LR=0.009549150281252633 -- student-LR=0.07938926261462367 -- teacher-LR=7.938926261462367e-05
		 Valid evaluation at end of epoch: latest_acc:39.68 -- best val acc so far 43.94
dual_update_step
 old -- 47.19047260284424 -- new 54.0860161781311 -- grad 6.895543575286865
primal_budget_update_step
['student']
['student']
['student']
['gating']
['gating']
['gating']
		 g's LR=0.07679133974894983 init-LR=0.009549150281252633 -- student-LR=0.07679133974894983 -- teacher-LR=7.679133974894983e-05
		 Valid evaluation at end of epoch: latest_acc:40.18 -- best val acc so far 43.94
dual_update_step
 old -- 54.0860161781311 -- new 60.934975147247314 -- grad 6.848958969116211
primal_budget_update_step
['student']
['student']
['student']
['gating']
['gating']
['gating']
		 g's LR=0.07408768370508577 init-LR=0.009549150281252633 -- student-LR=0.07408768370508577 -- teacher-LR=7.408768370508576e-05
		 Valid evaluation at end of epoch: latest_acc:38.60 -- best val acc so far 43.94
dual_update_step
 old -- 60.934975147247314 -- new 68.01027727127075 -- grad 7.0753021240234375
primal_budget_update_step
['student']
['student']
['student']
['gating']
['gating']
['gating']
		 g's LR=0.07128896457825364 init-LR=0.009549150281252633 -- student-LR=0.07128896457825364 -- teacher-LR=7.128896457825364e-05
		 Valid evaluation at end of epoch: latest_acc:40.92 -- best val acc so far 43.94
dual_update_step
 old -- 68.01027727127075 -- new 74.88179206848145 -- grad 6.871514797210693
primal_budget_update_step
['student']
['student']
['student']
['gating']
['gating']
['gating']
		 g's LR=0.06840622763423392 init-LR=0.009549150281252633 -- student-LR=0.06840622763423392 -- teacher-LR=6.840622763423391e-05
		 Valid evaluation at end of epoch: latest_acc:40.06 -- best val acc so far 43.94
dual_update_step
 old -- 5.0 -- new 11.952785015106201 -- grad 6.952785015106201
primal_budget_update_step
['student']
['student']
['student']
['gating']
['gating']
['gating']
		 g's LR=0.06545084971874737 init-LR=0.009549150281252633 -- student-LR=0.06545084971874737 -- teacher-LR=6.545084971874738e-05
		 Valid evaluation at end of epoch: latest_acc:41.02 -- best val acc so far 43.94
dual_update_step
 old -- 11.952785015106201 -- new 18.714602947235107 -- grad 6.761817932128906
primal_budget_update_step
['student']
['student']
['student']
['gating']
['gating']
['gating']
		 g's LR=0.062434494358242734 init-LR=0.009549150281252633 -- student-LR=0.062434494358242734 -- teacher-LR=6.243449435824273e-05
		 Valid evaluation at end of epoch: latest_acc:40.66 -- best val acc so far 43.94
dual_update_step
 old -- 18.714602947235107 -- new 25.35199499130249 -- grad 6.637392044067383
primal_budget_update_step
['student']
['student']
['student']
['gating']
['gating']
['gating']
		 g's LR=0.05936906572928624 init-LR=0.009549150281252633 -- student-LR=0.05936906572928624 -- teacher-LR=5.9369065729286245e-05
		 Valid evaluation at end of epoch: latest_acc:41.28 -- best val acc so far 43.94
dual_update_step
 old -- 25.35199499130249 -- new 32.03804063796997 -- grad 6.6860456466674805
primal_budget_update_step
['student']
['student']
['student']
['gating']
['gating']
['gating']
		 g's LR=0.05626666167821523 init-LR=0.009549150281252633 -- student-LR=0.05626666167821523 -- teacher-LR=5.626666167821523e-05
		 Valid evaluation at end of epoch: latest_acc:40.96 -- best val acc so far 43.94
dual_update_step
 old -- 32.03804063796997 -- new 38.69916915893555 -- grad 6.661128520965576
primal_budget_update_step
['student']
['student']
['student']
['gating']
['gating']
['gating']
		 g's LR=0.05313952597646568 init-LR=0.009549150281252633 -- student-LR=0.05313952597646568 -- teacher-LR=5.313952597646568e-05
		 Valid evaluation at end of epoch: latest_acc:41.06 -- best val acc so far 43.94
dual_update_step
 old -- 38.69916915893555 -- new 45.50736713409424 -- grad 6.808197975158691
primal_budget_update_step
['student']
['student']
['student']
['gating']
['gating']
['gating']
		 g's LR=0.05 init-LR=0.009549150281252633 -- student-LR=0.05 -- teacher-LR=5e-05
		 Valid evaluation at end of epoch: latest_acc:41.58 -- best val acc so far 43.94
dual_update_step
 old -- 45.50736713409424 -- new 52.01743745803833 -- grad 6.510070323944092
primal_budget_update_step
['student']
['student']
['student']
['gating']
['gating']
['gating']
		 g's LR=0.04686047402353433 init-LR=0.009549150281252633 -- student-LR=0.04686047402353433 -- teacher-LR=4.6860474023534335e-05
		 Valid evaluation at end of epoch: latest_acc:40.70 -- best val acc so far 43.94
dual_update_step
 old -- 52.01743745803833 -- new 58.601840019226074 -- grad 6.584402561187744
primal_budget_update_step
['student']
['student']
['student']
['gating']
['gating']
['gating']
		 g's LR=0.0437333383217848 init-LR=0.009549150281252633 -- student-LR=0.0437333383217848 -- teacher-LR=4.3733338321784795e-05
		 Valid evaluation at end of epoch: latest_acc:41.68 -- best val acc so far 43.94
dual_update_step
 old -- 58.601840019226074 -- new 65.10327005386353 -- grad 6.501430034637451
primal_budget_update_step
['student']
['student']
['student']
['gating']
['gating']
['gating']
		 g's LR=0.04063093427071377 init-LR=0.009549150281252633 -- student-LR=0.04063093427071377 -- teacher-LR=4.0630934270713774e-05
		 Valid evaluation at end of epoch: latest_acc:41.80 -- best val acc so far 43.94
dual_update_step
 old -- 65.10327005386353 -- new 71.64179039001465 -- grad 6.538520336151123
primal_budget_update_step
['student']
['student']
['student']
['gating']
['gating']
['gating']
		 g's LR=0.03756550564175726 init-LR=0.009549150281252633 -- student-LR=0.03756550564175726 -- teacher-LR=3.756550564175726e-05
		 Valid evaluation at end of epoch: latest_acc:43.02 -- best val acc so far 43.94
dual_update_step
 old -- 5.0 -- new 11.773519039154053 -- grad 6.773519039154053
primal_budget_update_step
['student']
['student']
['student']
['gating']
['gating']
['gating']
		 g's LR=0.03454915028125265 init-LR=0.009549150281252633 -- student-LR=0.03454915028125265 -- teacher-LR=3.454915028125264e-05
		 Valid evaluation at end of epoch: latest_acc:42.20 -- best val acc so far 43.94
dual_update_step
 old -- 11.773519039154053 -- new 18.605576992034912 -- grad 6.832057952880859
primal_budget_update_step
['student']
['student']
['student']
['gating']
['gating']
['gating']
		 g's LR=0.03159377236576612 init-LR=0.009549150281252633 -- student-LR=0.03159377236576612 -- teacher-LR=3.159377236576612e-05
		 Valid evaluation at end of epoch: latest_acc:39.66 -- best val acc so far 43.94
dual_update_step
 old -- 18.605576992034912 -- new 25.670785903930664 -- grad 7.065208911895752
primal_budget_update_step
['student']
['student']
['student']
['gating']
['gating']
['gating']
		 g's LR=0.02871103542174637 init-LR=0.009549150281252633 -- student-LR=0.02871103542174637 -- teacher-LR=2.8711035421746367e-05
		 Valid evaluation at end of epoch: latest_acc:43.02 -- best val acc so far 43.94
dual_update_step
 old -- 25.670785903930664 -- new 32.46944522857666 -- grad 6.798659324645996
primal_budget_update_step
['student']
['student']
['student']
['gating']
['gating']
['gating']
		 g's LR=0.02591231629491423 init-LR=0.009549150281252633 -- student-LR=0.02591231629491423 -- teacher-LR=2.591231629491423e-05
		 Valid evaluation at end of epoch: latest_acc:43.54 -- best val acc so far 43.94
dual_update_step
 old -- 32.46944522857666 -- new 39.21021556854248 -- grad 6.74077033996582
primal_budget_update_step
['student']
['student']
['student']
['gating']
['gating']
['gating']
		 g's LR=0.02320866025105016 init-LR=0.009549150281252633 -- student-LR=0.02320866025105016 -- teacher-LR=2.3208660251050158e-05
		 Valid evaluation at end of epoch: latest_acc:42.78 -- best val acc so far 43.94
dual_update_step
 old -- 39.21021556854248 -- new 45.951571464538574 -- grad 6.741355895996094
primal_budget_update_step
['student']
['student']
['student']
['gating']
['gating']
['gating']
		 g's LR=0.02061073738537635 init-LR=0.009549150281252633 -- student-LR=0.02061073738537635 -- teacher-LR=2.061073738537635e-05
		 Valid evaluation at end of epoch: latest_acc:42.78 -- best val acc so far 43.94
dual_update_step
 old -- 45.951571464538574 -- new 52.61947011947632 -- grad 6.667898654937744
primal_budget_update_step
['student']
['student']
['student']
['gating']
['gating']
['gating']
		 g's LR=0.018128800512565515 init-LR=0.009549150281252633 -- student-LR=0.018128800512565515 -- teacher-LR=1.8128800512565513e-05
		 Valid evaluation at end of epoch: latest_acc:43.66 -- best val acc so far 43.94
dual_update_step
 old -- 52.61947011947632 -- new 59.20209264755249 -- grad 6.582622528076172
primal_budget_update_step
['student']
['student']
['student']
['gating']
['gating']
['gating']
		 g's LR=0.015772644703565566 init-LR=0.009549150281252633 -- student-LR=0.015772644703565566 -- teacher-LR=1.5772644703565565e-05
		 Valid evaluation at end of epoch: latest_acc:43.22 -- best val acc so far 43.94
dual_update_step
 old -- 59.20209264755249 -- new 65.83420896530151 -- grad 6.632116317749023
primal_budget_update_step
['student']
['student']
['student']
['gating']
['gating']
['gating']
		 g's LR=0.013551568628929435 init-LR=0.009549150281252633 -- student-LR=0.013551568628929435 -- teacher-LR=1.3551568628929434e-05
		 Valid evaluation at end of epoch: latest_acc:43.10 -- best val acc so far 43.94
dual_update_step
 old -- 65.83420896530151 -- new 72.49485731124878 -- grad 6.660648345947266
primal_budget_update_step
['student']
['student']
['student']
['gating']
['gating']
['gating']
		 g's LR=0.011474337861210543 init-LR=0.009549150281252633 -- student-LR=0.011474337861210543 -- teacher-LR=1.1474337861210543e-05
		 Valid evaluation at end of epoch: latest_acc:41.56 -- best val acc so far 43.94
dual_update_step
 old -- 5.0 -- new 11.565878868103027 -- grad 6.565878868103027
primal_budget_update_step
['student']
['student']
['student']
['gating']
['gating']
['gating']
		 g's LR=0.009549150281252633 init-LR=0.009549150281252633 -- student-LR=0.009549150281252633 -- teacher-LR=9.549150281252633e-06
		 Valid evaluation at end of epoch: latest_acc:42.66 -- best val acc so far 43.94
dual_update_step
 old -- 11.565878868103027 -- new 18.074965476989746 -- grad 6.509086608886719
primal_budget_update_step
['student']
['student']
['student']
['gating']
['gating']
['gating']
		 g's LR=0.007783603724899258 init-LR=0.009549150281252633 -- student-LR=0.007783603724899258 -- teacher-LR=7.783603724899257e-06
		 Valid evaluation at end of epoch: latest_acc:43.00 -- best val acc so far 43.94
dual_update_step
 old -- 18.074965476989746 -- new 24.542579174041748 -- grad 6.467613697052002
primal_budget_update_step
['student']
['student']
['student']
['gating']
['gating']
['gating']
		 g's LR=0.006184665997806821 init-LR=0.009549150281252633 -- student-LR=0.006184665997806821 -- teacher-LR=6.184665997806821e-06
		 Valid evaluation at end of epoch: latest_acc:43.40 -- best val acc so far 43.94
dual_update_step
 old -- 24.542579174041748 -- new 30.95749807357788 -- grad 6.414918899536133
primal_budget_update_step
['student']
['student']
['student']
['gating']
['gating']
['gating']
		 g's LR=0.004758647376699033 init-LR=0.009549150281252633 -- student-LR=0.004758647376699033 -- teacher-LR=4.758647376699032e-06
		 Valid evaluation at end of epoch: latest_acc:44.48 -- best val acc so far 44.48
dual_update_step
 old -- 30.95749807357788 -- new 37.36351156234741 -- grad 6.406013488769531
primal_budget_update_step
['student']
['student']
['student']
['gating']
['gating']
['gating']
		 g's LR=0.0035111757055874327 init-LR=0.009549150281252633 -- student-LR=0.0035111757055874327 -- teacher-LR=3.511175705587433e-06
		 Valid evaluation at end of epoch: latest_acc:42.74 -- best val acc so far 44.48
dual_update_step
 old -- 37.36351156234741 -- new 43.76443958282471 -- grad 6.400928020477295
primal_budget_update_step
['student']
['student']
['student']
['gating']
['gating']
['gating']
		 g's LR=0.0024471741852423235 init-LR=0.009549150281252633 -- student-LR=0.0024471741852423235 -- teacher-LR=2.4471741852423237e-06
		 Valid evaluation at end of epoch: latest_acc:44.20 -- best val acc so far 44.48
dual_update_step
 old -- 43.76443958282471 -- new 50.09838914871216 -- grad 6.333949565887451
primal_budget_update_step
['student']
['student']
['student']
['gating']
['gating']
['gating']
		 g's LR=0.0015708419435684518 init-LR=0.009549150281252633 -- student-LR=0.0015708419435684518 -- teacher-LR=1.570841943568452e-06
		 Valid evaluation at end of epoch: latest_acc:42.78 -- best val acc so far 44.48
dual_update_step
 old -- 50.09838914871216 -- new 56.45725679397583 -- grad 6.358867645263672
primal_budget_update_step
 -- old epsilon=0.3840006177039738 -- new epsilon= 0.4 -- grad tensor(1.2565, device='cuda:0')
['student']
['student']
['student']
['gating']
['gating']
['gating']
		 g's LR=0.000885637463565564 init-LR=0.009549150281252633 -- student-LR=0.000885637463565564 -- teacher-LR=8.85637463565564e-07
		 Valid evaluation at end of epoch: latest_acc:43.18 -- best val acc so far 44.48
dual_update_step
 old -- 56.45725679397583 -- new 62.738754749298096 -- grad 6.281497955322266
primal_budget_update_step
['student']
['student']
['student']
['gating']
['gating']
['gating']
		 g's LR=0.0003942649342761118 init-LR=0.009549150281252633 -- student-LR=0.0003942649342761118 -- teacher-LR=3.9426493427611177e-07
		 Valid evaluation at end of epoch: latest_acc:43.64 -- best val acc so far 44.48
dual_update_step
 old -- 62.738754749298096 -- new 69.11505270004272 -- grad 6.376297950744629
primal_budget_update_step
['student']
['student']
['student']
['gating']
['gating']
['gating']
		 g's LR=9.866357858642206e-05 init-LR=0.009549150281252633 -- student-LR=9.866357858642206e-05 -- teacher-LR=9.866357858642205e-08
		 Valid evaluation at end of epoch: latest_acc:42.94 -- best val acc so far 44.48

Result is from best val model of epoch:194
