Main Function with logger : Logger(dir=ce_results, use-tf=False, writer=None)
Arguments : -------------------------------
batch_size       : 800
cutout_length    : 16
data_path        : /home/prathamesh/code/data/cifar/
dataset          : cifar100
epochs           : 200
eval_batch_size  : 800
file_name        : CE_with_seed-1_cycles-4
global_rand_seed : -1
lr               : 0.1
model_name       : ResNet10_s
momentum         : 0.9
print_freq       : 100
print_freq_eval  : 100
rand_seed        : 1
save_dir         : ./ce_results
sched_cycles     : 4
wd               : 0.0005
workers          : 8
Python  Version  : 3.7.12 | packaged by conda-forge | (default, Oct 26 2021, 06:08:21)  [GCC 9.4.0]
Pillow  Version  : 9.2.0
PyTorch Version  : 1.13.1
cuDNN   Version  : 8500
CUDA available   : True
CUDA GPU numbers : 1
CUDA_VISIBLE_DEVICES : 0
Namespace(batch_size=800, class_num=100, cutout_length=16, data_path='/home/prathamesh/code/data/cifar/', dataset='cifar100', epochs=200, eval_batch_size=800, file_name='CE_with_seed-1_cycles-4', global_rand_seed=-1, lr=0.1, model_name='ResNet10_s', momentum=0.9, print_freq=100, print_freq_eval=100, rand_seed=1, save_dir='./ce_results', sched_cycles=4, wd=0.0005, workers=8)
Train:45000	, Valid:5000	, Test:10000

--------------------------------------------------
Student: ResNet10_s
Scheduling LR update to student 4 time at 50-epoch intervals
model information : EfficientNetV2_s (CIFAR)
--------------------------------------------------
[Student] Params=0.08 MB, FLOPs=4.16 M ... = 0.00 G

Started EPOCH:0
[TRAIN] E: [0][ 0/57]	Loss 4.6708e+00 (4.6708e+00)	Acc@1   1.25 (  1.25)	Acc@5   6.00 (  6.00)
[TRAIN] E: [0][56/57]	Loss 4.3401e+00 (4.4873e+00)	Acc@1   5.00 (  2.58)	Acc@5  17.50 ( 11.17)
[EVAL] E: [0][0/7]	Loss 4.4155e+00 (4.4155e+00)	Acc@1   3.12 (  3.12)	Acc@5  13.12 ( 13.12)
[EVAL] E: [0][6/7]	Loss 4.3239e+00 (4.3976e+00)	Acc@1   2.00 (  3.34)	Acc@5  14.00 ( 13.22)
		 Valid evaluation at end of epoch: latest_acc:3.34 LR:0.10 -- best val acc so far 3.34

Started EPOCH:1
[TRAIN] E: [1][ 0/57]	Loss 4.3717e+00 (4.3717e+00)	Acc@1   3.88 (  3.88)	Acc@5  14.75 ( 14.75)
[TRAIN] E: [1][56/57]	Loss 4.2725e+00 (4.2757e+00)	Acc@1   3.00 (  4.89)	Acc@5  18.00 ( 18.40)
[EVAL] E: [1][0/7]	Loss 4.2349e+00 (4.2349e+00)	Acc@1   7.12 (  7.12)	Acc@5  20.00 ( 20.00)
[EVAL] E: [1][6/7]	Loss 4.2177e+00 (4.2416e+00)	Acc@1   4.00 (  5.76)	Acc@5  18.50 ( 19.64)
		 Valid evaluation at end of epoch: latest_acc:5.76 LR:0.10 -- best val acc so far 5.76

Started EPOCH:2
[TRAIN] E: [2][ 0/57]	Loss 4.2060e+00 (4.2060e+00)	Acc@1   5.38 (  5.38)	Acc@5  21.12 ( 21.12)
[TRAIN] E: [2][56/57]	Loss 4.2928e+00 (4.1514e+00)	Acc@1   8.00 (  6.66)	Acc@5  21.00 ( 22.84)
[EVAL] E: [2][0/7]	Loss 4.2142e+00 (4.2142e+00)	Acc@1   6.00 (  6.00)	Acc@5  22.50 ( 22.50)
[EVAL] E: [2][6/7]	Loss 4.1795e+00 (4.1827e+00)	Acc@1   3.50 (  6.28)	Acc@5  19.50 ( 21.88)
		 Valid evaluation at end of epoch: latest_acc:6.28 LR:0.10 -- best val acc so far 6.28

Started EPOCH:3
[TRAIN] E: [3][ 0/57]	Loss 4.0794e+00 (4.0794e+00)	Acc@1   7.50 (  7.50)	Acc@5  25.00 ( 25.00)
[TRAIN] E: [3][56/57]	Loss 4.0809e+00 (4.0569e+00)	Acc@1   8.00 (  8.02)	Acc@5  27.00 ( 25.75)
[EVAL] E: [3][0/7]	Loss 4.0957e+00 (4.0957e+00)	Acc@1   6.88 (  6.88)	Acc@5  26.38 ( 26.38)
[EVAL] E: [3][6/7]	Loss 4.1108e+00 (4.0630e+00)	Acc@1   7.00 (  8.16)	Acc@5  27.00 ( 26.30)
		 Valid evaluation at end of epoch: latest_acc:8.16 LR:0.10 -- best val acc so far 8.16

Started EPOCH:4
[TRAIN] E: [4][ 0/57]	Loss 3.9953e+00 (3.9953e+00)	Acc@1   9.62 (  9.62)	Acc@5  26.12 ( 26.12)
[TRAIN] E: [4][56/57]	Loss 3.8668e+00 (3.9753e+00)	Acc@1  11.00 (  9.14)	Acc@5  31.00 ( 28.17)
[EVAL] E: [4][0/7]	Loss 4.0756e+00 (4.0756e+00)	Acc@1   8.38 (  8.38)	Acc@5  26.75 ( 26.75)
[EVAL] E: [4][6/7]	Loss 4.1101e+00 (4.0629e+00)	Acc@1   8.50 (  8.28)	Acc@5  26.50 ( 26.78)
		 Valid evaluation at end of epoch: latest_acc:8.28 LR:0.10 -- best val acc so far 8.28

Started EPOCH:5
[TRAIN] E: [5][ 0/57]	Loss 3.9220e+00 (3.9220e+00)	Acc@1  11.62 ( 11.62)	Acc@5  29.88 ( 29.88)
[TRAIN] E: [5][56/57]	Loss 3.7891e+00 (3.8782e+00)	Acc@1  10.00 ( 10.70)	Acc@5  32.50 ( 31.07)
[EVAL] E: [5][0/7]	Loss 3.9905e+00 (3.9905e+00)	Acc@1   9.88 (  9.88)	Acc@5  27.75 ( 27.75)
[EVAL] E: [5][6/7]	Loss 3.9670e+00 (3.9885e+00)	Acc@1   7.50 (  9.46)	Acc@5  28.00 ( 27.50)
		 Valid evaluation at end of epoch: latest_acc:9.46 LR:0.10 -- best val acc so far 9.46

Started EPOCH:6
[TRAIN] E: [6][ 0/57]	Loss 3.7754e+00 (3.7754e+00)	Acc@1  12.12 ( 12.12)	Acc@5  34.25 ( 34.25)
[TRAIN] E: [6][56/57]	Loss 3.7403e+00 (3.8125e+00)	Acc@1  13.50 ( 11.79)	Acc@5  36.50 ( 33.26)
[EVAL] E: [6][0/7]	Loss 3.8691e+00 (3.8691e+00)	Acc@1  10.25 ( 10.25)	Acc@5  32.12 ( 32.12)
[EVAL] E: [6][6/7]	Loss 3.7931e+00 (3.8601e+00)	Acc@1  14.50 ( 11.00)	Acc@5  37.50 ( 32.60)
		 Valid evaluation at end of epoch: latest_acc:11.00 LR:0.10 -- best val acc so far 11.00

Started EPOCH:7
[TRAIN] E: [7][ 0/57]	Loss 3.7610e+00 (3.7610e+00)	Acc@1  13.00 ( 13.00)	Acc@5  34.88 ( 34.88)
[TRAIN] E: [7][56/57]	Loss 3.6453e+00 (3.7325e+00)	Acc@1  13.50 ( 12.90)	Acc@5  34.50 ( 35.43)
[EVAL] E: [7][0/7]	Loss 4.0861e+00 (4.0861e+00)	Acc@1   7.75 (  7.75)	Acc@5  26.62 ( 26.62)
[EVAL] E: [7][6/7]	Loss 4.0935e+00 (4.0852e+00)	Acc@1  10.50 (  8.60)	Acc@5  27.50 ( 27.72)
		 Valid evaluation at end of epoch: latest_acc:8.60 LR:0.09 -- best val acc so far 11.00

Started EPOCH:8
[TRAIN] E: [8][ 0/57]	Loss 3.6975e+00 (3.6975e+00)	Acc@1  13.00 ( 13.00)	Acc@5  36.75 ( 36.75)
[TRAIN] E: [8][56/57]	Loss 3.5616e+00 (3.6628e+00)	Acc@1  16.50 ( 13.92)	Acc@5  42.50 ( 37.65)
[EVAL] E: [8][0/7]	Loss 3.9677e+00 (3.9677e+00)	Acc@1  10.25 ( 10.25)	Acc@5  29.88 ( 29.88)
[EVAL] E: [8][6/7]	Loss 3.8346e+00 (3.9011e+00)	Acc@1   8.50 ( 10.52)	Acc@5  33.50 ( 31.74)
		 Valid evaluation at end of epoch: latest_acc:10.52 LR:0.09 -- best val acc so far 11.00

Started EPOCH:9
[TRAIN] E: [9][ 0/57]	Loss 3.5488e+00 (3.5488e+00)	Acc@1  15.88 ( 15.88)	Acc@5  41.12 ( 41.12)
[TRAIN] E: [9][56/57]	Loss 3.4545e+00 (3.5850e+00)	Acc@1  15.00 ( 15.53)	Acc@5  46.00 ( 39.92)
[EVAL] E: [9][0/7]	Loss 3.6174e+00 (3.6174e+00)	Acc@1  14.75 ( 14.75)	Acc@5  38.25 ( 38.25)
[EVAL] E: [9][6/7]	Loss 3.6675e+00 (3.6455e+00)	Acc@1  13.00 ( 14.10)	Acc@5  39.00 ( 37.90)
		 Valid evaluation at end of epoch: latest_acc:14.10 LR:0.09 -- best val acc so far 14.10

Started EPOCH:10
[TRAIN] E: [10][ 0/57]	Loss 3.5779e+00 (3.5779e+00)	Acc@1  15.62 ( 15.62)	Acc@5  40.75 ( 40.75)
[TRAIN] E: [10][56/57]	Loss 3.3902e+00 (3.5245e+00)	Acc@1  18.00 ( 16.13)	Acc@5  45.00 ( 41.53)
[EVAL] E: [10][0/7]	Loss 3.7319e+00 (3.7319e+00)	Acc@1  13.00 ( 13.00)	Acc@5  35.88 ( 35.88)
[EVAL] E: [10][6/7]	Loss 3.6449e+00 (3.7030e+00)	Acc@1  16.50 ( 13.86)	Acc@5  39.00 ( 37.26)
		 Valid evaluation at end of epoch: latest_acc:13.86 LR:0.09 -- best val acc so far 14.10

Started EPOCH:11
[TRAIN] E: [11][ 0/57]	Loss 3.4720e+00 (3.4720e+00)	Acc@1  18.00 ( 18.00)	Acc@5  43.62 ( 43.62)
[TRAIN] E: [11][56/57]	Loss 3.2654e+00 (3.4606e+00)	Acc@1  25.00 ( 17.20)	Acc@5  47.00 ( 42.97)
[EVAL] E: [11][0/7]	Loss 3.6930e+00 (3.6930e+00)	Acc@1  13.75 ( 13.75)	Acc@5  37.62 ( 37.62)
[EVAL] E: [11][6/7]	Loss 3.5769e+00 (3.6577e+00)	Acc@1  15.00 ( 14.28)	Acc@5  39.50 ( 38.14)
		 Valid evaluation at end of epoch: latest_acc:14.28 LR:0.09 -- best val acc so far 14.28

Started EPOCH:12
[TRAIN] E: [12][ 0/57]	Loss 3.4621e+00 (3.4621e+00)	Acc@1  17.25 ( 17.25)	Acc@5  43.75 ( 43.75)
[TRAIN] E: [12][56/57]	Loss 3.4627e+00 (3.3978e+00)	Acc@1  19.50 ( 18.39)	Acc@5  41.50 ( 44.97)
[EVAL] E: [12][0/7]	Loss 3.9450e+00 (3.9450e+00)	Acc@1  11.00 ( 11.00)	Acc@5  32.62 ( 32.62)
[EVAL] E: [12][6/7]	Loss 3.9484e+00 (3.9125e+00)	Acc@1  16.50 ( 12.00)	Acc@5  36.00 ( 34.48)
		 Valid evaluation at end of epoch: latest_acc:12.00 LR:0.08 -- best val acc so far 14.28

Started EPOCH:13
[TRAIN] E: [13][ 0/57]	Loss 3.3172e+00 (3.3172e+00)	Acc@1  20.75 ( 20.75)	Acc@5  47.12 ( 47.12)
[TRAIN] E: [13][56/57]	Loss 3.2391e+00 (3.3358e+00)	Acc@1  17.00 ( 19.50)	Acc@5  51.00 ( 46.72)
[EVAL] E: [13][0/7]	Loss 3.5211e+00 (3.5211e+00)	Acc@1  14.88 ( 14.88)	Acc@5  41.12 ( 41.12)
[EVAL] E: [13][6/7]	Loss 3.5117e+00 (3.4638e+00)	Acc@1  17.50 ( 17.32)	Acc@5  44.00 ( 43.54)
		 Valid evaluation at end of epoch: latest_acc:17.32 LR:0.08 -- best val acc so far 17.32

Started EPOCH:14
[TRAIN] E: [14][ 0/57]	Loss 3.2215e+00 (3.2215e+00)	Acc@1  22.75 ( 22.75)	Acc@5  47.50 ( 47.50)
[TRAIN] E: [14][56/57]	Loss 3.3485e+00 (3.2741e+00)	Acc@1  18.00 ( 20.59)	Acc@5  47.50 ( 48.15)
[EVAL] E: [14][0/7]	Loss 3.5774e+00 (3.5774e+00)	Acc@1  15.62 ( 15.62)	Acc@5  40.62 ( 40.62)
[EVAL] E: [14][6/7]	Loss 3.3144e+00 (3.4847e+00)	Acc@1  18.00 ( 17.58)	Acc@5  47.00 ( 43.20)
		 Valid evaluation at end of epoch: latest_acc:17.58 LR:0.08 -- best val acc so far 17.58

Started EPOCH:15
[TRAIN] E: [15][ 0/57]	Loss 3.2055e+00 (3.2055e+00)	Acc@1  22.62 ( 22.62)	Acc@5  50.00 ( 50.00)
[TRAIN] E: [15][56/57]	Loss 3.2939e+00 (3.2437e+00)	Acc@1  20.00 ( 21.38)	Acc@5  47.50 ( 49.02)
[EVAL] E: [15][0/7]	Loss 3.5277e+00 (3.5277e+00)	Acc@1  14.00 ( 14.00)	Acc@5  40.88 ( 40.88)
[EVAL] E: [15][6/7]	Loss 3.5098e+00 (3.4834e+00)	Acc@1  18.00 ( 16.14)	Acc@5  43.50 ( 42.80)
		 Valid evaluation at end of epoch: latest_acc:16.14 LR:0.08 -- best val acc so far 17.58

Started EPOCH:16
[TRAIN] E: [16][ 0/57]	Loss 3.2428e+00 (3.2428e+00)	Acc@1  20.88 ( 20.88)	Acc@5  48.62 ( 48.62)
[TRAIN] E: [16][56/57]	Loss 3.0742e+00 (3.1955e+00)	Acc@1  24.00 ( 21.86)	Acc@5  53.50 ( 50.26)
[EVAL] E: [16][0/7]	Loss 3.4438e+00 (3.4438e+00)	Acc@1  18.38 ( 18.38)	Acc@5  42.62 ( 42.62)
[EVAL] E: [16][6/7]	Loss 3.4571e+00 (3.4662e+00)	Acc@1  19.50 ( 17.36)	Acc@5  44.00 ( 43.80)
		 Valid evaluation at end of epoch: latest_acc:17.36 LR:0.07 -- best val acc so far 17.58

Started EPOCH:17
[TRAIN] E: [17][ 0/57]	Loss 3.2070e+00 (3.2070e+00)	Acc@1  21.88 ( 21.88)	Acc@5  51.62 ( 51.62)
[TRAIN] E: [17][56/57]	Loss 3.1424e+00 (3.1567e+00)	Acc@1  24.00 ( 22.68)	Acc@5  53.50 ( 51.14)
[EVAL] E: [17][0/7]	Loss 3.4268e+00 (3.4268e+00)	Acc@1  19.12 ( 19.12)	Acc@5  44.00 ( 44.00)
[EVAL] E: [17][6/7]	Loss 3.3857e+00 (3.4464e+00)	Acc@1  18.50 ( 18.80)	Acc@5  44.00 ( 43.28)
		 Valid evaluation at end of epoch: latest_acc:18.80 LR:0.07 -- best val acc so far 18.80

Started EPOCH:18
[TRAIN] E: [18][ 0/57]	Loss 3.1428e+00 (3.1428e+00)	Acc@1  25.00 ( 25.00)	Acc@5  49.75 ( 49.75)
[TRAIN] E: [18][56/57]	Loss 3.1473e+00 (3.1230e+00)	Acc@1  22.00 ( 23.30)	Acc@5  50.00 ( 52.41)
[EVAL] E: [18][0/7]	Loss 3.5872e+00 (3.5872e+00)	Acc@1  16.00 ( 16.00)	Acc@5  41.25 ( 41.25)
[EVAL] E: [18][6/7]	Loss 3.5493e+00 (3.5432e+00)	Acc@1  19.50 ( 17.02)	Acc@5  42.50 ( 42.80)
		 Valid evaluation at end of epoch: latest_acc:17.02 LR:0.07 -- best val acc so far 18.80

Started EPOCH:19
[TRAIN] E: [19][ 0/57]	Loss 3.1609e+00 (3.1609e+00)	Acc@1  21.62 ( 21.62)	Acc@5  51.38 ( 51.38)
[TRAIN] E: [19][56/57]	Loss 2.8413e+00 (3.1007e+00)	Acc@1  28.00 ( 23.98)	Acc@5  61.00 ( 52.63)
[EVAL] E: [19][0/7]	Loss 3.3662e+00 (3.3662e+00)	Acc@1  19.50 ( 19.50)	Acc@5  45.00 ( 45.00)
[EVAL] E: [19][6/7]	Loss 3.2667e+00 (3.3935e+00)	Acc@1  20.50 ( 19.10)	Acc@5  49.00 ( 44.62)
		 Valid evaluation at end of epoch: latest_acc:19.10 LR:0.07 -- best val acc so far 19.10

Started EPOCH:20
[TRAIN] E: [20][ 0/57]	Loss 3.0376e+00 (3.0376e+00)	Acc@1  25.00 ( 25.00)	Acc@5  53.12 ( 53.12)
[TRAIN] E: [20][56/57]	Loss 3.0189e+00 (3.0852e+00)	Acc@1  31.00 ( 24.22)	Acc@5  59.00 ( 52.98)
[EVAL] E: [20][0/7]	Loss 3.3398e+00 (3.3398e+00)	Acc@1  20.50 ( 20.50)	Acc@5  48.25 ( 48.25)
[EVAL] E: [20][6/7]	Loss 3.2030e+00 (3.3122e+00)	Acc@1  18.00 ( 20.62)	Acc@5  52.50 ( 48.00)
		 Valid evaluation at end of epoch: latest_acc:20.62 LR:0.06 -- best val acc so far 20.62

Started EPOCH:21
[TRAIN] E: [21][ 0/57]	Loss 3.0160e+00 (3.0160e+00)	Acc@1  24.00 ( 24.00)	Acc@5  54.25 ( 54.25)
[TRAIN] E: [21][56/57]	Loss 3.1307e+00 (3.0346e+00)	Acc@1  21.00 ( 25.31)	Acc@5  51.00 ( 54.36)
[EVAL] E: [21][0/7]	Loss 3.4511e+00 (3.4511e+00)	Acc@1  17.38 ( 17.38)	Acc@5  44.75 ( 44.75)
[EVAL] E: [21][6/7]	Loss 3.1672e+00 (3.4025e+00)	Acc@1  19.00 ( 19.14)	Acc@5  52.00 ( 45.94)
		 Valid evaluation at end of epoch: latest_acc:19.14 LR:0.06 -- best val acc so far 20.62

Started EPOCH:22
[TRAIN] E: [22][ 0/57]	Loss 3.0525e+00 (3.0525e+00)	Acc@1  24.62 ( 24.62)	Acc@5  54.25 ( 54.25)
[TRAIN] E: [22][56/57]	Loss 2.9719e+00 (3.0069e+00)	Acc@1  25.50 ( 25.54)	Acc@5  57.00 ( 54.90)
[EVAL] E: [22][0/7]	Loss 3.3440e+00 (3.3440e+00)	Acc@1  23.38 ( 23.38)	Acc@5  48.12 ( 48.12)
[EVAL] E: [22][6/7]	Loss 3.1802e+00 (3.3392e+00)	Acc@1  20.00 ( 21.16)	Acc@5  52.00 ( 48.20)
		 Valid evaluation at end of epoch: latest_acc:21.16 LR:0.06 -- best val acc so far 21.16

Started EPOCH:23
[TRAIN] E: [23][ 0/57]	Loss 2.9963e+00 (2.9963e+00)	Acc@1  25.38 ( 25.38)	Acc@5  54.50 ( 54.50)
[TRAIN] E: [23][56/57]	Loss 2.9533e+00 (2.9905e+00)	Acc@1  29.00 ( 26.10)	Acc@5  55.00 ( 55.61)
[EVAL] E: [23][0/7]	Loss 3.0853e+00 (3.0853e+00)	Acc@1  25.50 ( 25.50)	Acc@5  52.88 ( 52.88)
[EVAL] E: [23][6/7]	Loss 3.0842e+00 (3.1419e+00)	Acc@1  23.50 ( 24.20)	Acc@5  52.00 ( 51.92)
		 Valid evaluation at end of epoch: latest_acc:24.20 LR:0.05 -- best val acc so far 24.20

Started EPOCH:24
[TRAIN] E: [24][ 0/57]	Loss 2.9838e+00 (2.9838e+00)	Acc@1  27.38 ( 27.38)	Acc@5  55.38 ( 55.38)
[TRAIN] E: [24][56/57]	Loss 2.9799e+00 (2.9614e+00)	Acc@1  23.50 ( 26.68)	Acc@5  55.00 ( 56.03)
[EVAL] E: [24][0/7]	Loss 3.3094e+00 (3.3094e+00)	Acc@1  18.88 ( 18.88)	Acc@5  47.50 ( 47.50)
[EVAL] E: [24][6/7]	Loss 3.2840e+00 (3.3258e+00)	Acc@1  17.50 ( 20.42)	Acc@5  49.50 ( 47.26)
		 Valid evaluation at end of epoch: latest_acc:20.42 LR:0.05 -- best val acc so far 24.20

Started EPOCH:25
[TRAIN] E: [25][ 0/57]	Loss 2.9302e+00 (2.9302e+00)	Acc@1  27.25 ( 27.25)	Acc@5  56.25 ( 56.25)
[TRAIN] E: [25][56/57]	Loss 2.9602e+00 (2.9504e+00)	Acc@1  26.00 ( 27.00)	Acc@5  55.50 ( 56.45)
[EVAL] E: [25][0/7]	Loss 3.2871e+00 (3.2871e+00)	Acc@1  20.62 ( 20.62)	Acc@5  49.62 ( 49.62)
[EVAL] E: [25][6/7]	Loss 3.1900e+00 (3.2135e+00)	Acc@1  22.50 ( 22.44)	Acc@5  49.50 ( 50.62)
		 Valid evaluation at end of epoch: latest_acc:22.44 LR:0.05 -- best val acc so far 24.20

Started EPOCH:26
[TRAIN] E: [26][ 0/57]	Loss 2.8750e+00 (2.8750e+00)	Acc@1  28.50 ( 28.50)	Acc@5  59.25 ( 59.25)
[TRAIN] E: [26][56/57]	Loss 3.0363e+00 (2.9201e+00)	Acc@1  23.50 ( 27.76)	Acc@5  52.00 ( 57.22)
[EVAL] E: [26][0/7]	Loss 3.1767e+00 (3.1767e+00)	Acc@1  22.75 ( 22.75)	Acc@5  49.38 ( 49.38)
[EVAL] E: [26][6/7]	Loss 3.0810e+00 (3.2085e+00)	Acc@1  25.50 ( 22.88)	Acc@5  50.50 ( 49.84)
		 Valid evaluation at end of epoch: latest_acc:22.88 LR:0.04 -- best val acc so far 24.20

Started EPOCH:27
[TRAIN] E: [27][ 0/57]	Loss 2.8695e+00 (2.8695e+00)	Acc@1  26.50 ( 26.50)	Acc@5  59.12 ( 59.12)
[TRAIN] E: [27][56/57]	Loss 3.0543e+00 (2.9016e+00)	Acc@1  26.00 ( 28.08)	Acc@5  56.50 ( 57.82)
[EVAL] E: [27][0/7]	Loss 3.1217e+00 (3.1217e+00)	Acc@1  23.75 ( 23.75)	Acc@5  51.50 ( 51.50)
[EVAL] E: [27][6/7]	Loss 3.1037e+00 (3.0866e+00)	Acc@1  23.00 ( 24.22)	Acc@5  52.50 ( 53.26)
		 Valid evaluation at end of epoch: latest_acc:24.22 LR:0.04 -- best val acc so far 24.22

Started EPOCH:28
[TRAIN] E: [28][ 0/57]	Loss 2.8201e+00 (2.8201e+00)	Acc@1  29.88 ( 29.88)	Acc@5  59.38 ( 59.38)
[TRAIN] E: [28][56/57]	Loss 2.9699e+00 (2.8775e+00)	Acc@1  25.50 ( 28.15)	Acc@5  53.50 ( 58.15)
[EVAL] E: [28][0/7]	Loss 2.9718e+00 (2.9718e+00)	Acc@1  24.88 ( 24.88)	Acc@5  54.12 ( 54.12)
[EVAL] E: [28][6/7]	Loss 2.9983e+00 (2.9945e+00)	Acc@1  28.00 ( 25.90)	Acc@5  56.50 ( 55.04)
		 Valid evaluation at end of epoch: latest_acc:25.90 LR:0.04 -- best val acc so far 25.90

Started EPOCH:29
[TRAIN] E: [29][ 0/57]	Loss 2.7894e+00 (2.7894e+00)	Acc@1  27.75 ( 27.75)	Acc@5  60.50 ( 60.50)
[TRAIN] E: [29][56/57]	Loss 2.9049e+00 (2.8650e+00)	Acc@1  26.50 ( 28.63)	Acc@5  56.00 ( 58.55)
[EVAL] E: [29][0/7]	Loss 3.0218e+00 (3.0218e+00)	Acc@1  26.88 ( 26.88)	Acc@5  55.25 ( 55.25)
[EVAL] E: [29][6/7]	Loss 2.9892e+00 (2.9752e+00)	Acc@1  23.00 ( 26.92)	Acc@5  57.00 ( 56.38)
		 Valid evaluation at end of epoch: latest_acc:26.92 LR:0.03 -- best val acc so far 26.92

Started EPOCH:30
[TRAIN] E: [30][ 0/57]	Loss 2.8707e+00 (2.8707e+00)	Acc@1  29.25 ( 29.25)	Acc@5  59.00 ( 59.00)
[TRAIN] E: [30][56/57]	Loss 2.7931e+00 (2.8365e+00)	Acc@1  30.00 ( 29.28)	Acc@5  63.00 ( 59.07)
[EVAL] E: [30][0/7]	Loss 3.2774e+00 (3.2774e+00)	Acc@1  20.75 ( 20.75)	Acc@5  48.75 ( 48.75)
[EVAL] E: [30][6/7]	Loss 3.1061e+00 (3.2273e+00)	Acc@1  24.50 ( 22.54)	Acc@5  52.50 ( 50.76)
		 Valid evaluation at end of epoch: latest_acc:22.54 LR:0.03 -- best val acc so far 26.92

Started EPOCH:31
[TRAIN] E: [31][ 0/57]	Loss 2.9429e+00 (2.9429e+00)	Acc@1  25.50 ( 25.50)	Acc@5  54.88 ( 54.88)
[TRAIN] E: [31][56/57]	Loss 2.8498e+00 (2.8286e+00)	Acc@1  28.50 ( 29.61)	Acc@5  59.00 ( 59.06)
[EVAL] E: [31][0/7]	Loss 3.1081e+00 (3.1081e+00)	Acc@1  23.50 ( 23.50)	Acc@5  53.75 ( 53.75)
[EVAL] E: [31][6/7]	Loss 3.1350e+00 (3.0501e+00)	Acc@1  23.50 ( 26.02)	Acc@5  51.00 ( 54.46)
		 Valid evaluation at end of epoch: latest_acc:26.02 LR:0.03 -- best val acc so far 26.92

Started EPOCH:32
[TRAIN] E: [32][ 0/57]	Loss 2.7565e+00 (2.7565e+00)	Acc@1  28.38 ( 28.38)	Acc@5  62.00 ( 62.00)
[TRAIN] E: [32][56/57]	Loss 2.8056e+00 (2.8191e+00)	Acc@1  37.00 ( 29.22)	Acc@5  59.50 ( 59.65)
[EVAL] E: [32][0/7]	Loss 3.1494e+00 (3.1494e+00)	Acc@1  24.50 ( 24.50)	Acc@5  53.75 ( 53.75)
[EVAL] E: [32][6/7]	Loss 3.1310e+00 (3.1222e+00)	Acc@1  23.00 ( 24.64)	Acc@5  52.50 ( 52.96)
		 Valid evaluation at end of epoch: latest_acc:24.64 LR:0.03 -- best val acc so far 26.92

Started EPOCH:33
[TRAIN] E: [33][ 0/57]	Loss 2.8026e+00 (2.8026e+00)	Acc@1  29.00 ( 29.00)	Acc@5  59.75 ( 59.75)
[TRAIN] E: [33][56/57]	Loss 2.9433e+00 (2.8029e+00)	Acc@1  29.00 ( 29.62)	Acc@5  61.00 ( 60.12)
[EVAL] E: [33][0/7]	Loss 3.3456e+00 (3.3456e+00)	Acc@1  22.50 ( 22.50)	Acc@5  48.50 ( 48.50)
[EVAL] E: [33][6/7]	Loss 3.2612e+00 (3.3829e+00)	Acc@1  24.00 ( 21.12)	Acc@5  49.50 ( 47.26)
		 Valid evaluation at end of epoch: latest_acc:21.12 LR:0.02 -- best val acc so far 26.92

Started EPOCH:34
[TRAIN] E: [34][ 0/57]	Loss 2.7550e+00 (2.7550e+00)	Acc@1  31.50 ( 31.50)	Acc@5  62.62 ( 62.62)
[TRAIN] E: [34][56/57]	Loss 2.9195e+00 (2.7808e+00)	Acc@1  26.50 ( 30.30)	Acc@5  57.50 ( 60.54)
[EVAL] E: [34][0/7]	Loss 3.2029e+00 (3.2029e+00)	Acc@1  24.38 ( 24.38)	Acc@5  50.25 ( 50.25)
[EVAL] E: [34][6/7]	Loss 3.2618e+00 (3.1495e+00)	Acc@1  17.00 ( 24.26)	Acc@5  49.00 ( 51.92)
		 Valid evaluation at end of epoch: latest_acc:24.26 LR:0.02 -- best val acc so far 26.92

Started EPOCH:35
[TRAIN] E: [35][ 0/57]	Loss 2.8058e+00 (2.8058e+00)	Acc@1  30.38 ( 30.38)	Acc@5  58.38 ( 58.38)
[TRAIN] E: [35][56/57]	Loss 2.8482e+00 (2.7658e+00)	Acc@1  25.00 ( 30.73)	Acc@5  57.00 ( 60.58)
[EVAL] E: [35][0/7]	Loss 2.8646e+00 (2.8646e+00)	Acc@1  28.62 ( 28.62)	Acc@5  57.88 ( 57.88)
[EVAL] E: [35][6/7]	Loss 2.7932e+00 (2.9100e+00)	Acc@1  27.50 ( 28.10)	Acc@5  61.50 ( 57.82)
		 Valid evaluation at end of epoch: latest_acc:28.10 LR:0.02 -- best val acc so far 28.10

Started EPOCH:36
[TRAIN] E: [36][ 0/57]	Loss 2.7474e+00 (2.7474e+00)	Acc@1  31.75 ( 31.75)	Acc@5  60.38 ( 60.38)
[TRAIN] E: [36][56/57]	Loss 2.6978e+00 (2.7550e+00)	Acc@1  30.00 ( 31.10)	Acc@5  61.00 ( 60.84)
[EVAL] E: [36][0/7]	Loss 2.9349e+00 (2.9349e+00)	Acc@1  29.00 ( 29.00)	Acc@5  56.12 ( 56.12)
[EVAL] E: [36][6/7]	Loss 2.8351e+00 (2.9466e+00)	Acc@1  27.00 ( 27.62)	Acc@5  57.50 ( 56.60)
		 Valid evaluation at end of epoch: latest_acc:27.62 LR:0.02 -- best val acc so far 28.10

Started EPOCH:37
[TRAIN] E: [37][ 0/57]	Loss 2.8514e+00 (2.8514e+00)	Acc@1  28.62 ( 28.62)	Acc@5  58.50 ( 58.50)
[TRAIN] E: [37][56/57]	Loss 2.7276e+00 (2.7443e+00)	Acc@1  31.50 ( 31.14)	Acc@5  62.00 ( 61.20)
[EVAL] E: [37][0/7]	Loss 3.0162e+00 (3.0162e+00)	Acc@1  29.12 ( 29.12)	Acc@5  56.75 ( 56.75)
[EVAL] E: [37][6/7]	Loss 2.8013e+00 (2.9946e+00)	Acc@1  28.50 ( 27.58)	Acc@5  61.50 ( 56.22)
		 Valid evaluation at end of epoch: latest_acc:27.58 LR:0.01 -- best val acc so far 28.10

Started EPOCH:38
[TRAIN] E: [38][ 0/57]	Loss 2.7962e+00 (2.7962e+00)	Acc@1  31.75 ( 31.75)	Acc@5  60.00 ( 60.00)
[TRAIN] E: [38][56/57]	Loss 2.7516e+00 (2.7283e+00)	Acc@1  32.50 ( 31.30)	Acc@5  59.50 ( 61.37)
[EVAL] E: [38][0/7]	Loss 2.9017e+00 (2.9017e+00)	Acc@1  27.38 ( 27.38)	Acc@5  56.75 ( 56.75)
[EVAL] E: [38][6/7]	Loss 2.8411e+00 (2.8578e+00)	Acc@1  32.50 ( 29.58)	Acc@5  58.00 ( 58.70)
		 Valid evaluation at end of epoch: latest_acc:29.58 LR:0.01 -- best val acc so far 29.58

Started EPOCH:39
[TRAIN] E: [39][ 0/57]	Loss 2.6793e+00 (2.6793e+00)	Acc@1  34.88 ( 34.88)	Acc@5  63.00 ( 63.00)
[TRAIN] E: [39][56/57]	Loss 2.6532e+00 (2.7276e+00)	Acc@1  31.00 ( 31.62)	Acc@5  62.50 ( 61.69)
[EVAL] E: [39][0/7]	Loss 2.8818e+00 (2.8818e+00)	Acc@1  26.50 ( 26.50)	Acc@5  58.50 ( 58.50)
[EVAL] E: [39][6/7]	Loss 2.6961e+00 (2.7808e+00)	Acc@1  29.00 ( 30.00)	Acc@5  64.50 ( 60.88)
		 Valid evaluation at end of epoch: latest_acc:30.00 LR:0.01 -- best val acc so far 30.00

Started EPOCH:40
[TRAIN] E: [40][ 0/57]	Loss 2.6123e+00 (2.6123e+00)	Acc@1  35.25 ( 35.25)	Acc@5  64.75 ( 64.75)
[TRAIN] E: [40][56/57]	Loss 2.7162e+00 (2.7139e+00)	Acc@1  30.50 ( 31.93)	Acc@5  65.00 ( 62.03)
[EVAL] E: [40][0/7]	Loss 2.8052e+00 (2.8052e+00)	Acc@1  29.50 ( 29.50)	Acc@5  61.12 ( 61.12)
[EVAL] E: [40][6/7]	Loss 2.8426e+00 (2.8073e+00)	Acc@1  27.50 ( 29.66)	Acc@5  62.00 ( 59.86)
		 Valid evaluation at end of epoch: latest_acc:29.66 LR:0.01 -- best val acc so far 30.00

Started EPOCH:41
[TRAIN] E: [41][ 0/57]	Loss 2.6308e+00 (2.6308e+00)	Acc@1  34.12 ( 34.12)	Acc@5  63.50 ( 63.50)
[TRAIN] E: [41][56/57]	Loss 2.7248e+00 (2.6952e+00)	Acc@1  31.50 ( 32.17)	Acc@5  59.50 ( 62.30)
[EVAL] E: [41][0/7]	Loss 2.8043e+00 (2.8043e+00)	Acc@1  30.62 ( 30.62)	Acc@5  61.62 ( 61.62)
[EVAL] E: [41][6/7]	Loss 2.7310e+00 (2.8042e+00)	Acc@1  30.00 ( 29.72)	Acc@5  61.50 ( 60.24)
		 Valid evaluation at end of epoch: latest_acc:29.72 LR:0.01 -- best val acc so far 30.00

Started EPOCH:42
[TRAIN] E: [42][ 0/57]	Loss 2.6916e+00 (2.6916e+00)	Acc@1  32.75 ( 32.75)	Acc@5  62.62 ( 62.62)
[TRAIN] E: [42][56/57]	Loss 2.7964e+00 (2.6891e+00)	Acc@1  29.50 ( 32.36)	Acc@5  62.50 ( 62.63)
[EVAL] E: [42][0/7]	Loss 2.8027e+00 (2.8027e+00)	Acc@1  29.50 ( 29.50)	Acc@5  59.88 ( 59.88)
[EVAL] E: [42][6/7]	Loss 2.5439e+00 (2.7855e+00)	Acc@1  29.50 ( 30.40)	Acc@5  69.50 ( 60.26)
		 Valid evaluation at end of epoch: latest_acc:30.40 LR:0.00 -- best val acc so far 30.40

Started EPOCH:43
[TRAIN] E: [43][ 0/57]	Loss 2.7454e+00 (2.7454e+00)	Acc@1  30.50 ( 30.50)	Acc@5  61.62 ( 61.62)
[TRAIN] E: [43][56/57]	Loss 2.8431e+00 (2.6874e+00)	Acc@1  24.00 ( 32.42)	Acc@5  57.50 ( 62.72)
[EVAL] E: [43][0/7]	Loss 2.7973e+00 (2.7973e+00)	Acc@1  30.50 ( 30.50)	Acc@5  60.50 ( 60.50)
[EVAL] E: [43][6/7]	Loss 2.7637e+00 (2.7539e+00)	Acc@1  31.50 ( 31.68)	Acc@5  63.00 ( 61.60)
		 Valid evaluation at end of epoch: latest_acc:31.68 LR:0.00 -- best val acc so far 31.68

Started EPOCH:44
[TRAIN] E: [44][ 0/57]	Loss 2.6125e+00 (2.6125e+00)	Acc@1  33.88 ( 33.88)	Acc@5  65.00 ( 65.00)
[TRAIN] E: [44][56/57]	Loss 2.7328e+00 (2.6774e+00)	Acc@1  36.00 ( 32.73)	Acc@5  59.50 ( 62.81)
[EVAL] E: [44][0/7]	Loss 2.7871e+00 (2.7871e+00)	Acc@1  29.38 ( 29.38)	Acc@5  59.50 ( 59.50)
[EVAL] E: [44][6/7]	Loss 2.7988e+00 (2.7896e+00)	Acc@1  30.50 ( 30.44)	Acc@5  60.50 ( 59.88)
		 Valid evaluation at end of epoch: latest_acc:30.44 LR:0.00 -- best val acc so far 31.68

Started EPOCH:45
[TRAIN] E: [45][ 0/57]	Loss 2.6479e+00 (2.6479e+00)	Acc@1  32.88 ( 32.88)	Acc@5  63.12 ( 63.12)
[TRAIN] E: [45][56/57]	Loss 2.6575e+00 (2.6662e+00)	Acc@1  31.50 ( 32.63)	Acc@5  65.00 ( 62.98)
[EVAL] E: [45][0/7]	Loss 2.7846e+00 (2.7846e+00)	Acc@1  29.75 ( 29.75)	Acc@5  61.62 ( 61.62)
[EVAL] E: [45][6/7]	Loss 2.5692e+00 (2.7529e+00)	Acc@1  27.50 ( 31.22)	Acc@5  68.00 ( 60.88)
		 Valid evaluation at end of epoch: latest_acc:31.22 LR:0.00 -- best val acc so far 31.68

Started EPOCH:46
[TRAIN] E: [46][ 0/57]	Loss 2.7011e+00 (2.7011e+00)	Acc@1  32.88 ( 32.88)	Acc@5  62.00 ( 62.00)
[TRAIN] E: [46][56/57]	Loss 2.5826e+00 (2.6721e+00)	Acc@1  35.50 ( 32.62)	Acc@5  66.50 ( 63.12)
[EVAL] E: [46][0/7]	Loss 2.7330e+00 (2.7330e+00)	Acc@1  32.25 ( 32.25)	Acc@5  61.00 ( 61.00)
[EVAL] E: [46][6/7]	Loss 2.6785e+00 (2.7464e+00)	Acc@1  32.00 ( 31.82)	Acc@5  62.50 ( 61.60)
		 Valid evaluation at end of epoch: latest_acc:31.82 LR:0.00 -- best val acc so far 31.82

Started EPOCH:47
[TRAIN] E: [47][ 0/57]	Loss 2.6133e+00 (2.6133e+00)	Acc@1  36.00 ( 36.00)	Acc@5  63.50 ( 63.50)
[TRAIN] E: [47][56/57]	Loss 2.6902e+00 (2.6695e+00)	Acc@1  34.00 ( 32.80)	Acc@5  63.00 ( 63.02)
[EVAL] E: [47][0/7]	Loss 2.7777e+00 (2.7777e+00)	Acc@1  29.62 ( 29.62)	Acc@5  60.00 ( 60.00)
[EVAL] E: [47][6/7]	Loss 2.7032e+00 (2.7465e+00)	Acc@1  32.50 ( 31.16)	Acc@5  59.50 ( 60.96)
		 Valid evaluation at end of epoch: latest_acc:31.16 LR:0.00 -- best val acc so far 31.82

Started EPOCH:48
[TRAIN] E: [48][ 0/57]	Loss 2.7057e+00 (2.7057e+00)	Acc@1  32.38 ( 32.38)	Acc@5  61.38 ( 61.38)
[TRAIN] E: [48][56/57]	Loss 2.7832e+00 (2.6682e+00)	Acc@1  31.00 ( 32.89)	Acc@5  63.00 ( 63.15)
[EVAL] E: [48][0/7]	Loss 2.7198e+00 (2.7198e+00)	Acc@1  32.38 ( 32.38)	Acc@5  60.88 ( 60.88)
[EVAL] E: [48][6/7]	Loss 2.6679e+00 (2.7528e+00)	Acc@1  31.00 ( 31.18)	Acc@5  62.00 ( 61.00)
		 Valid evaluation at end of epoch: latest_acc:31.18 LR:0.00 -- best val acc so far 31.82

Started EPOCH:49
[TRAIN] E: [49][ 0/57]	Loss 2.6235e+00 (2.6235e+00)	Acc@1  32.12 ( 32.12)	Acc@5  62.75 ( 62.75)
[TRAIN] E: [49][56/57]	Loss 2.5795e+00 (2.6528e+00)	Acc@1  32.00 ( 32.86)	Acc@5  64.00 ( 63.46)
[EVAL] E: [49][0/7]	Loss 2.7815e+00 (2.7815e+00)	Acc@1  32.12 ( 32.12)	Acc@5  60.38 ( 60.38)
[EVAL] E: [49][6/7]	Loss 2.6188e+00 (2.7368e+00)	Acc@1  31.50 ( 31.66)	Acc@5  60.00 ( 61.58)
		 Valid evaluation at end of epoch: latest_acc:31.66 LR:0.00 -- best val acc so far 31.82

Started EPOCH:50
[TRAIN] E: [50][ 0/57]	Loss 2.6404e+00 (2.6404e+00)	Acc@1  32.62 ( 32.62)	Acc@5  63.00 ( 63.00)
[TRAIN] E: [50][56/57]	Loss 2.7592e+00 (2.6633e+00)	Acc@1  30.00 ( 32.88)	Acc@5  58.50 ( 63.20)
[EVAL] E: [50][0/7]	Loss 2.7343e+00 (2.7343e+00)	Acc@1  31.88 ( 31.88)	Acc@5  59.62 ( 59.62)
[EVAL] E: [50][6/7]	Loss 2.5940e+00 (2.7363e+00)	Acc@1  28.00 ( 31.68)	Acc@5  66.00 ( 61.30)
		 Valid evaluation at end of epoch: latest_acc:31.68 LR:0.00 -- best val acc so far 31.82

Started EPOCH:51
[TRAIN] E: [51][ 0/57]	Loss 2.6532e+00 (2.6532e+00)	Acc@1  33.00 ( 33.00)	Acc@5  64.75 ( 64.75)
[TRAIN] E: [51][56/57]	Loss 2.4662e+00 (2.6626e+00)	Acc@1  36.00 ( 32.97)	Acc@5  69.00 ( 63.20)
[EVAL] E: [51][0/7]	Loss 2.7221e+00 (2.7221e+00)	Acc@1  31.25 ( 31.25)	Acc@5  60.88 ( 60.88)
[EVAL] E: [51][6/7]	Loss 2.5880e+00 (2.7034e+00)	Acc@1  30.00 ( 32.34)	Acc@5  67.00 ( 62.74)
		 Valid evaluation at end of epoch: latest_acc:32.34 LR:0.00 -- best val acc so far 32.34

Started EPOCH:52
[TRAIN] E: [52][ 0/57]	Loss 2.6341e+00 (2.6341e+00)	Acc@1  33.62 ( 33.62)	Acc@5  61.88 ( 61.88)
[TRAIN] E: [52][56/57]	Loss 2.7462e+00 (2.6602e+00)	Acc@1  32.00 ( 33.42)	Acc@5  64.00 ( 63.25)
[EVAL] E: [52][0/7]	Loss 2.7701e+00 (2.7701e+00)	Acc@1  30.75 ( 30.75)	Acc@5  58.75 ( 58.75)
[EVAL] E: [52][6/7]	Loss 2.6552e+00 (2.7285e+00)	Acc@1  33.00 ( 31.60)	Acc@5  61.50 ( 61.76)
		 Valid evaluation at end of epoch: latest_acc:31.60 LR:0.00 -- best val acc so far 32.34

Started EPOCH:53
[TRAIN] E: [53][ 0/57]	Loss 2.6145e+00 (2.6145e+00)	Acc@1  34.62 ( 34.62)	Acc@5  64.88 ( 64.88)
[TRAIN] E: [53][56/57]	Loss 2.5503e+00 (2.6659e+00)	Acc@1  33.50 ( 32.61)	Acc@5  65.00 ( 63.04)
[EVAL] E: [53][0/7]	Loss 2.8045e+00 (2.8045e+00)	Acc@1  31.25 ( 31.25)	Acc@5  57.75 ( 57.75)
[EVAL] E: [53][6/7]	Loss 2.5964e+00 (2.7481e+00)	Acc@1  32.50 ( 31.46)	Acc@5  64.50 ( 60.60)
		 Valid evaluation at end of epoch: latest_acc:31.46 LR:0.00 -- best val acc so far 32.34

Started EPOCH:54
[TRAIN] E: [54][ 0/57]	Loss 2.5456e+00 (2.5456e+00)	Acc@1  36.50 ( 36.50)	Acc@5  66.00 ( 66.00)
[TRAIN] E: [54][56/57]	Loss 2.7857e+00 (2.6653e+00)	Acc@1  34.00 ( 32.81)	Acc@5  63.50 ( 63.38)
[EVAL] E: [54][0/7]	Loss 2.7480e+00 (2.7480e+00)	Acc@1  31.75 ( 31.75)	Acc@5  61.50 ( 61.50)
[EVAL] E: [54][6/7]	Loss 2.5975e+00 (2.7573e+00)	Acc@1  35.00 ( 31.78)	Acc@5  63.50 ( 61.24)
		 Valid evaluation at end of epoch: latest_acc:31.78 LR:0.00 -- best val acc so far 32.34

Started EPOCH:55
[TRAIN] E: [55][ 0/57]	Loss 2.7329e+00 (2.7329e+00)	Acc@1  32.12 ( 32.12)	Acc@5  61.38 ( 61.38)
[TRAIN] E: [55][56/57]	Loss 3.0118e+00 (2.6661e+00)	Acc@1  27.00 ( 32.67)	Acc@5  58.00 ( 62.80)
[EVAL] E: [55][0/7]	Loss 2.8797e+00 (2.8797e+00)	Acc@1  30.12 ( 30.12)	Acc@5  58.25 ( 58.25)
[EVAL] E: [55][6/7]	Loss 2.5390e+00 (2.7797e+00)	Acc@1  34.50 ( 31.30)	Acc@5  66.50 ( 60.84)
		 Valid evaluation at end of epoch: latest_acc:31.30 LR:0.00 -- best val acc so far 32.34

Started EPOCH:56
[TRAIN] E: [56][ 0/57]	Loss 2.6084e+00 (2.6084e+00)	Acc@1  32.38 ( 32.38)	Acc@5  63.88 ( 63.88)
[TRAIN] E: [56][56/57]	Loss 2.8080e+00 (2.6789e+00)	Acc@1  34.00 ( 32.34)	Acc@5  57.00 ( 62.68)
[EVAL] E: [56][0/7]	Loss 2.7715e+00 (2.7715e+00)	Acc@1  31.00 ( 31.00)	Acc@5  58.25 ( 58.25)
[EVAL] E: [56][6/7]	Loss 2.6827e+00 (2.7665e+00)	Acc@1  30.50 ( 31.68)	Acc@5  61.00 ( 59.76)
		 Valid evaluation at end of epoch: latest_acc:31.68 LR:0.00 -- best val acc so far 32.34

Started EPOCH:57
[TRAIN] E: [57][ 0/57]	Loss 2.7451e+00 (2.7451e+00)	Acc@1  31.50 ( 31.50)	Acc@5  60.12 ( 60.12)
[TRAIN] E: [57][56/57]	Loss 2.5960e+00 (2.6707e+00)	Acc@1  35.00 ( 32.49)	Acc@5  63.00 ( 62.99)
[EVAL] E: [57][0/7]	Loss 2.7452e+00 (2.7452e+00)	Acc@1  30.25 ( 30.25)	Acc@5  60.75 ( 60.75)
[EVAL] E: [57][6/7]	Loss 2.6720e+00 (2.7382e+00)	Acc@1  32.00 ( 31.16)	Acc@5  66.50 ( 61.70)
		 Valid evaluation at end of epoch: latest_acc:31.16 LR:0.01 -- best val acc so far 32.34

Started EPOCH:58
[TRAIN] E: [58][ 0/57]	Loss 2.6578e+00 (2.6578e+00)	Acc@1  33.00 ( 33.00)	Acc@5  63.62 ( 63.62)
[TRAIN] E: [58][56/57]	Loss 2.6400e+00 (2.6708e+00)	Acc@1  28.50 ( 32.62)	Acc@5  66.00 ( 63.35)
[EVAL] E: [58][0/7]	Loss 2.7666e+00 (2.7666e+00)	Acc@1  33.50 ( 33.50)	Acc@5  61.12 ( 61.12)
[EVAL] E: [58][6/7]	Loss 2.6763e+00 (2.7822e+00)	Acc@1  33.00 ( 31.54)	Acc@5  62.50 ( 60.54)
		 Valid evaluation at end of epoch: latest_acc:31.54 LR:0.01 -- best val acc so far 32.34

Started EPOCH:59
[TRAIN] E: [59][ 0/57]	Loss 2.6792e+00 (2.6792e+00)	Acc@1  34.25 ( 34.25)	Acc@5  64.12 ( 64.12)
[TRAIN] E: [59][56/57]	Loss 2.6047e+00 (2.6801e+00)	Acc@1  34.00 ( 32.58)	Acc@5  64.50 ( 62.88)
[EVAL] E: [59][0/7]	Loss 2.8251e+00 (2.8251e+00)	Acc@1  29.25 ( 29.25)	Acc@5  59.50 ( 59.50)
[EVAL] E: [59][6/7]	Loss 2.7769e+00 (2.7689e+00)	Acc@1  27.50 ( 31.14)	Acc@5  61.00 ( 61.26)
		 Valid evaluation at end of epoch: latest_acc:31.14 LR:0.01 -- best val acc so far 32.34

Started EPOCH:60
[TRAIN] E: [60][ 0/57]	Loss 2.6967e+00 (2.6967e+00)	Acc@1  30.12 ( 30.12)	Acc@5  63.50 ( 63.50)
[TRAIN] E: [60][56/57]	Loss 2.5862e+00 (2.6849e+00)	Acc@1  34.00 ( 32.36)	Acc@5  67.00 ( 62.43)
[EVAL] E: [60][0/7]	Loss 2.7852e+00 (2.7852e+00)	Acc@1  31.75 ( 31.75)	Acc@5  60.50 ( 60.50)
[EVAL] E: [60][6/7]	Loss 2.7038e+00 (2.7876e+00)	Acc@1  30.50 ( 30.82)	Acc@5  61.50 ( 60.32)
		 Valid evaluation at end of epoch: latest_acc:30.82 LR:0.01 -- best val acc so far 32.34

Started EPOCH:61
[TRAIN] E: [61][ 0/57]	Loss 2.7443e+00 (2.7443e+00)	Acc@1  31.38 ( 31.38)	Acc@5  60.50 ( 60.50)
[TRAIN] E: [61][56/57]	Loss 2.4806e+00 (2.6922e+00)	Acc@1  37.00 ( 32.41)	Acc@5  68.50 ( 62.23)
[EVAL] E: [61][0/7]	Loss 2.8725e+00 (2.8725e+00)	Acc@1  28.75 ( 28.75)	Acc@5  57.25 ( 57.25)
[EVAL] E: [61][6/7]	Loss 2.7093e+00 (2.8008e+00)	Acc@1  35.00 ( 30.64)	Acc@5  62.50 ( 60.10)
		 Valid evaluation at end of epoch: latest_acc:30.64 LR:0.01 -- best val acc so far 32.34

Started EPOCH:62
[TRAIN] E: [62][ 0/57]	Loss 2.6244e+00 (2.6244e+00)	Acc@1  34.12 ( 34.12)	Acc@5  63.38 ( 63.38)
[TRAIN] E: [62][56/57]	Loss 2.4276e+00 (2.6920e+00)	Acc@1  35.50 ( 32.06)	Acc@5  68.50 ( 62.30)
[EVAL] E: [62][0/7]	Loss 2.8570e+00 (2.8570e+00)	Acc@1  29.88 ( 29.88)	Acc@5  58.25 ( 58.25)
[EVAL] E: [62][6/7]	Loss 2.8253e+00 (2.8343e+00)	Acc@1  25.00 ( 30.20)	Acc@5  56.50 ( 59.06)
		 Valid evaluation at end of epoch: latest_acc:30.20 LR:0.02 -- best val acc so far 32.34

Started EPOCH:63
[TRAIN] E: [63][ 0/57]	Loss 2.6638e+00 (2.6638e+00)	Acc@1  31.62 ( 31.62)	Acc@5  64.38 ( 64.38)
[TRAIN] E: [63][56/57]	Loss 2.9915e+00 (2.6980e+00)	Acc@1  28.00 ( 32.07)	Acc@5  56.00 ( 62.46)
[EVAL] E: [63][0/7]	Loss 3.2099e+00 (3.2099e+00)	Acc@1  26.25 ( 26.25)	Acc@5  52.00 ( 52.00)
[EVAL] E: [63][6/7]	Loss 3.1258e+00 (3.1434e+00)	Acc@1  20.50 ( 25.18)	Acc@5  51.00 ( 52.48)
		 Valid evaluation at end of epoch: latest_acc:25.18 LR:0.02 -- best val acc so far 32.34

Started EPOCH:64
[TRAIN] E: [64][ 0/57]	Loss 2.6708e+00 (2.6708e+00)	Acc@1  31.50 ( 31.50)	Acc@5  62.62 ( 62.62)
[TRAIN] E: [64][56/57]	Loss 2.7204e+00 (2.7015e+00)	Acc@1  33.50 ( 32.07)	Acc@5  61.50 ( 62.27)
[EVAL] E: [64][0/7]	Loss 2.9265e+00 (2.9265e+00)	Acc@1  28.12 ( 28.12)	Acc@5  54.62 ( 54.62)
[EVAL] E: [64][6/7]	Loss 2.7630e+00 (2.8588e+00)	Acc@1  26.50 ( 29.42)	Acc@5  63.00 ( 58.46)
		 Valid evaluation at end of epoch: latest_acc:29.42 LR:0.02 -- best val acc so far 32.34

Started EPOCH:65
[TRAIN] E: [65][ 0/57]	Loss 2.7148e+00 (2.7148e+00)	Acc@1  31.38 ( 31.38)	Acc@5  60.75 ( 60.75)
[TRAIN] E: [65][56/57]	Loss 2.6686e+00 (2.7097e+00)	Acc@1  32.00 ( 31.88)	Acc@5  62.50 ( 62.03)
[EVAL] E: [65][0/7]	Loss 3.1351e+00 (3.1351e+00)	Acc@1  27.38 ( 27.38)	Acc@5  53.00 ( 53.00)
[EVAL] E: [65][6/7]	Loss 3.0569e+00 (3.2008e+00)	Acc@1  23.00 ( 24.20)	Acc@5  55.00 ( 51.12)
		 Valid evaluation at end of epoch: latest_acc:24.20 LR:0.02 -- best val acc so far 32.34

Started EPOCH:66
[TRAIN] E: [66][ 0/57]	Loss 2.7164e+00 (2.7164e+00)	Acc@1  32.00 ( 32.00)	Acc@5  62.62 ( 62.62)
[TRAIN] E: [66][56/57]	Loss 2.7346e+00 (2.7239e+00)	Acc@1  33.00 ( 31.51)	Acc@5  59.00 ( 61.76)
[EVAL] E: [66][0/7]	Loss 2.9478e+00 (2.9478e+00)	Acc@1  28.50 ( 28.50)	Acc@5  55.25 ( 55.25)
[EVAL] E: [66][6/7]	Loss 2.7850e+00 (2.9404e+00)	Acc@1  29.50 ( 27.68)	Acc@5  58.50 ( 56.64)
		 Valid evaluation at end of epoch: latest_acc:27.68 LR:0.03 -- best val acc so far 32.34

Started EPOCH:67
[TRAIN] E: [67][ 0/57]	Loss 2.6428e+00 (2.6428e+00)	Acc@1  34.12 ( 34.12)	Acc@5  63.25 ( 63.25)
[TRAIN] E: [67][56/57]	Loss 2.6962e+00 (2.7141e+00)	Acc@1  33.50 ( 31.56)	Acc@5  61.00 ( 62.02)
[EVAL] E: [67][0/7]	Loss 3.0376e+00 (3.0376e+00)	Acc@1  26.75 ( 26.75)	Acc@5  54.88 ( 54.88)
[EVAL] E: [67][6/7]	Loss 3.1005e+00 (3.0775e+00)	Acc@1  23.00 ( 25.84)	Acc@5  51.00 ( 53.68)
		 Valid evaluation at end of epoch: latest_acc:25.84 LR:0.03 -- best val acc so far 32.34

Started EPOCH:68
[TRAIN] E: [68][ 0/57]	Loss 2.6986e+00 (2.6986e+00)	Acc@1  32.00 ( 32.00)	Acc@5  60.62 ( 60.62)
[TRAIN] E: [68][56/57]	Loss 2.9917e+00 (2.7290e+00)	Acc@1  27.00 ( 31.40)	Acc@5  58.00 ( 61.52)
[EVAL] E: [68][0/7]	Loss 2.8643e+00 (2.8643e+00)	Acc@1  28.50 ( 28.50)	Acc@5  57.25 ( 57.25)
[EVAL] E: [68][6/7]	Loss 2.8249e+00 (2.8829e+00)	Acc@1  28.00 ( 27.84)	Acc@5  58.00 ( 57.76)
		 Valid evaluation at end of epoch: latest_acc:27.84 LR:0.03 -- best val acc so far 32.34

Started EPOCH:69
[TRAIN] E: [69][ 0/57]	Loss 2.6946e+00 (2.6946e+00)	Acc@1  31.38 ( 31.38)	Acc@5  63.38 ( 63.38)
[TRAIN] E: [69][56/57]	Loss 2.6680e+00 (2.7407e+00)	Acc@1  34.00 ( 31.10)	Acc@5  59.00 ( 61.24)
[EVAL] E: [69][0/7]	Loss 3.0495e+00 (3.0495e+00)	Acc@1  26.50 ( 26.50)	Acc@5  53.50 ( 53.50)
[EVAL] E: [69][6/7]	Loss 2.9158e+00 (3.0164e+00)	Acc@1  23.50 ( 27.36)	Acc@5  55.00 ( 55.28)
		 Valid evaluation at end of epoch: latest_acc:27.36 LR:0.03 -- best val acc so far 32.34

Started EPOCH:70
[TRAIN] E: [70][ 0/57]	Loss 2.7619e+00 (2.7619e+00)	Acc@1  30.50 ( 30.50)	Acc@5  60.00 ( 60.00)
[TRAIN] E: [70][56/57]	Loss 2.9071e+00 (2.7483e+00)	Acc@1  30.50 ( 31.21)	Acc@5  62.00 ( 60.90)
[EVAL] E: [70][0/7]	Loss 3.0898e+00 (3.0898e+00)	Acc@1  24.75 ( 24.75)	Acc@5  52.50 ( 52.50)
[EVAL] E: [70][6/7]	Loss 3.0794e+00 (3.1076e+00)	Acc@1  25.00 ( 24.68)	Acc@5  52.00 ( 51.80)
		 Valid evaluation at end of epoch: latest_acc:24.68 LR:0.04 -- best val acc so far 32.34

Started EPOCH:71
[TRAIN] E: [71][ 0/57]	Loss 2.7561e+00 (2.7561e+00)	Acc@1  30.00 ( 30.00)	Acc@5  60.62 ( 60.62)
[TRAIN] E: [71][56/57]	Loss 2.8356e+00 (2.7507e+00)	Acc@1  29.00 ( 30.92)	Acc@5  62.00 ( 61.02)
[EVAL] E: [71][0/7]	Loss 2.9910e+00 (2.9910e+00)	Acc@1  26.50 ( 26.50)	Acc@5  56.75 ( 56.75)
[EVAL] E: [71][6/7]	Loss 2.8310e+00 (3.0110e+00)	Acc@1  23.50 ( 26.66)	Acc@5  61.00 ( 55.82)
		 Valid evaluation at end of epoch: latest_acc:26.66 LR:0.04 -- best val acc so far 32.34

Started EPOCH:72
[TRAIN] E: [72][ 0/57]	Loss 2.7336e+00 (2.7336e+00)	Acc@1  30.12 ( 30.12)	Acc@5  62.50 ( 62.50)
[TRAIN] E: [72][56/57]	Loss 2.7376e+00 (2.7498e+00)	Acc@1  29.50 ( 31.00)	Acc@5  60.50 ( 61.10)
[EVAL] E: [72][0/7]	Loss 2.9509e+00 (2.9509e+00)	Acc@1  27.50 ( 27.50)	Acc@5  56.62 ( 56.62)
[EVAL] E: [72][6/7]	Loss 2.9192e+00 (2.9480e+00)	Acc@1  34.00 ( 28.12)	Acc@5  55.00 ( 56.94)
		 Valid evaluation at end of epoch: latest_acc:28.12 LR:0.04 -- best val acc so far 32.34

Started EPOCH:73
[TRAIN] E: [73][ 0/57]	Loss 2.6595e+00 (2.6595e+00)	Acc@1  33.25 ( 33.25)	Acc@5  63.38 ( 63.38)
[TRAIN] E: [73][56/57]	Loss 2.9384e+00 (2.7527e+00)	Acc@1  25.00 ( 30.88)	Acc@5  57.50 ( 60.93)
[EVAL] E: [73][0/7]	Loss 3.1326e+00 (3.1326e+00)	Acc@1  23.75 ( 23.75)	Acc@5  51.25 ( 51.25)
[EVAL] E: [73][6/7]	Loss 3.1677e+00 (3.0624e+00)	Acc@1  21.00 ( 25.28)	Acc@5  50.00 ( 53.62)
		 Valid evaluation at end of epoch: latest_acc:25.28 LR:0.05 -- best val acc so far 32.34

Started EPOCH:74
[TRAIN] E: [74][ 0/57]	Loss 2.6273e+00 (2.6273e+00)	Acc@1  31.12 ( 31.12)	Acc@5  64.12 ( 64.12)
[TRAIN] E: [74][56/57]	Loss 2.7871e+00 (2.7616e+00)	Acc@1  26.50 ( 30.82)	Acc@5  64.00 ( 61.12)
[EVAL] E: [74][0/7]	Loss 3.2715e+00 (3.2715e+00)	Acc@1  21.12 ( 21.12)	Acc@5  48.75 ( 48.75)
[EVAL] E: [74][6/7]	Loss 3.4033e+00 (3.3014e+00)	Acc@1  20.50 ( 21.94)	Acc@5  45.50 ( 48.78)
		 Valid evaluation at end of epoch: latest_acc:21.94 LR:0.05 -- best val acc so far 32.34

Started EPOCH:75
[TRAIN] E: [75][ 0/57]	Loss 2.7437e+00 (2.7437e+00)	Acc@1  33.25 ( 33.25)	Acc@5  60.75 ( 60.75)
[TRAIN] E: [75][56/57]	Loss 2.7629e+00 (2.7610e+00)	Acc@1  27.50 ( 30.90)	Acc@5  57.50 ( 60.63)
[EVAL] E: [75][0/7]	Loss 3.3367e+00 (3.3367e+00)	Acc@1  22.38 ( 22.38)	Acc@5  47.50 ( 47.50)
[EVAL] E: [75][6/7]	Loss 3.2773e+00 (3.3188e+00)	Acc@1  20.50 ( 21.58)	Acc@5  53.50 ( 49.26)
		 Valid evaluation at end of epoch: latest_acc:21.58 LR:0.05 -- best val acc so far 32.34

Started EPOCH:76
[TRAIN] E: [76][ 0/57]	Loss 2.7055e+00 (2.7055e+00)	Acc@1  30.75 ( 30.75)	Acc@5  61.38 ( 61.38)
[TRAIN] E: [76][56/57]	Loss 2.9198e+00 (2.7679e+00)	Acc@1  28.00 ( 30.37)	Acc@5  58.00 ( 60.69)
[EVAL] E: [76][0/7]	Loss 3.2285e+00 (3.2285e+00)	Acc@1  22.50 ( 22.50)	Acc@5  51.00 ( 51.00)
[EVAL] E: [76][6/7]	Loss 3.2128e+00 (3.1900e+00)	Acc@1  24.00 ( 22.78)	Acc@5  49.50 ( 51.76)
		 Valid evaluation at end of epoch: latest_acc:22.78 LR:0.06 -- best val acc so far 32.34

Started EPOCH:77
[TRAIN] E: [77][ 0/57]	Loss 2.7827e+00 (2.7827e+00)	Acc@1  29.50 ( 29.50)	Acc@5  60.75 ( 60.75)
[TRAIN] E: [77][56/57]	Loss 2.7045e+00 (2.7708e+00)	Acc@1  31.50 ( 30.44)	Acc@5  63.00 ( 60.63)
[EVAL] E: [77][0/7]	Loss 3.4329e+00 (3.4329e+00)	Acc@1  21.25 ( 21.25)	Acc@5  48.00 ( 48.00)
[EVAL] E: [77][6/7]	Loss 3.1918e+00 (3.3700e+00)	Acc@1  23.00 ( 21.98)	Acc@5  50.50 ( 47.80)
		 Valid evaluation at end of epoch: latest_acc:21.98 LR:0.06 -- best val acc so far 32.34

Started EPOCH:78
[TRAIN] E: [78][ 0/57]	Loss 2.7752e+00 (2.7752e+00)	Acc@1  31.00 ( 31.00)	Acc@5  61.00 ( 61.00)
[TRAIN] E: [78][56/57]	Loss 2.9366e+00 (2.7592e+00)	Acc@1  32.50 ( 30.84)	Acc@5  56.00 ( 60.87)
[EVAL] E: [78][0/7]	Loss 3.2621e+00 (3.2621e+00)	Acc@1  22.50 ( 22.50)	Acc@5  50.38 ( 50.38)
[EVAL] E: [78][6/7]	Loss 3.0690e+00 (3.1912e+00)	Acc@1  23.00 ( 23.84)	Acc@5  54.50 ( 51.70)
		 Valid evaluation at end of epoch: latest_acc:23.84 LR:0.06 -- best val acc so far 32.34

Started EPOCH:79
[TRAIN] E: [79][ 0/57]	Loss 2.8509e+00 (2.8509e+00)	Acc@1  29.00 ( 29.00)	Acc@5  59.12 ( 59.12)
[TRAIN] E: [79][56/57]	Loss 2.8867e+00 (2.7727e+00)	Acc@1  25.50 ( 30.55)	Acc@5  57.00 ( 60.37)
[EVAL] E: [79][0/7]	Loss 4.7168e+00 (4.7168e+00)	Acc@1  11.50 ( 11.50)	Acc@5  31.50 ( 31.50)
[EVAL] E: [79][6/7]	Loss 4.7847e+00 (4.7643e+00)	Acc@1  10.00 ( 12.64)	Acc@5  30.50 ( 31.94)
		 Valid evaluation at end of epoch: latest_acc:12.64 LR:0.07 -- best val acc so far 32.34

Started EPOCH:80
[TRAIN] E: [80][ 0/57]	Loss 2.7923e+00 (2.7923e+00)	Acc@1  28.38 ( 28.38)	Acc@5  59.00 ( 59.00)
[TRAIN] E: [80][56/57]	Loss 2.6892e+00 (2.7791e+00)	Acc@1  35.50 ( 30.51)	Acc@5  65.00 ( 60.30)
[EVAL] E: [80][0/7]	Loss 3.5652e+00 (3.5652e+00)	Acc@1  18.38 ( 18.38)	Acc@5  46.50 ( 46.50)
[EVAL] E: [80][6/7]	Loss 3.4591e+00 (3.5266e+00)	Acc@1  18.50 ( 19.66)	Acc@5  49.00 ( 46.12)
		 Valid evaluation at end of epoch: latest_acc:19.66 LR:0.07 -- best val acc so far 32.34

Started EPOCH:81
[TRAIN] E: [81][ 0/57]	Loss 2.6992e+00 (2.6992e+00)	Acc@1  30.38 ( 30.38)	Acc@5  62.62 ( 62.62)
[TRAIN] E: [81][56/57]	Loss 2.6389e+00 (2.7700e+00)	Acc@1  36.00 ( 30.52)	Acc@5  67.00 ( 60.63)
[EVAL] E: [81][0/7]	Loss 3.0601e+00 (3.0601e+00)	Acc@1  25.38 ( 25.38)	Acc@5  52.88 ( 52.88)
[EVAL] E: [81][6/7]	Loss 3.0403e+00 (3.0548e+00)	Acc@1  28.00 ( 25.98)	Acc@5  55.50 ( 53.86)
		 Valid evaluation at end of epoch: latest_acc:25.98 LR:0.07 -- best val acc so far 32.34

Started EPOCH:82
[TRAIN] E: [82][ 0/57]	Loss 2.7537e+00 (2.7537e+00)	Acc@1  30.75 ( 30.75)	Acc@5  60.88 ( 60.88)
[TRAIN] E: [82][56/57]	Loss 2.8727e+00 (2.7489e+00)	Acc@1  29.00 ( 31.09)	Acc@5  60.50 ( 60.89)
[EVAL] E: [82][0/7]	Loss 3.6356e+00 (3.6356e+00)	Acc@1  18.00 ( 18.00)	Acc@5  42.00 ( 42.00)
[EVAL] E: [82][6/7]	Loss 3.6879e+00 (3.6241e+00)	Acc@1  18.00 ( 18.16)	Acc@5  39.00 ( 42.26)
		 Valid evaluation at end of epoch: latest_acc:18.16 LR:0.07 -- best val acc so far 32.34

Started EPOCH:83
[TRAIN] E: [83][ 0/57]	Loss 2.7768e+00 (2.7768e+00)	Acc@1  31.62 ( 31.62)	Acc@5  62.00 ( 62.00)
[TRAIN] E: [83][56/57]	Loss 2.7912e+00 (2.7489e+00)	Acc@1  33.50 ( 31.18)	Acc@5  62.00 ( 61.24)
[EVAL] E: [83][0/7]	Loss 3.1755e+00 (3.1755e+00)	Acc@1  24.62 ( 24.62)	Acc@5  50.12 ( 50.12)
[EVAL] E: [83][6/7]	Loss 3.0685e+00 (3.1810e+00)	Acc@1  28.00 ( 23.64)	Acc@5  56.00 ( 51.66)
		 Valid evaluation at end of epoch: latest_acc:23.64 LR:0.08 -- best val acc so far 32.34

Started EPOCH:84
[TRAIN] E: [84][ 0/57]	Loss 2.7178e+00 (2.7178e+00)	Acc@1  30.62 ( 30.62)	Acc@5  60.50 ( 60.50)
[TRAIN] E: [84][56/57]	Loss 2.7589e+00 (2.7605e+00)	Acc@1  31.50 ( 30.39)	Acc@5  65.00 ( 60.74)
[EVAL] E: [84][0/7]	Loss 3.1593e+00 (3.1593e+00)	Acc@1  23.25 ( 23.25)	Acc@5  52.38 ( 52.38)
[EVAL] E: [84][6/7]	Loss 3.1637e+00 (3.1543e+00)	Acc@1  22.50 ( 24.78)	Acc@5  50.50 ( 51.66)
		 Valid evaluation at end of epoch: latest_acc:24.78 LR:0.08 -- best val acc so far 32.34

Started EPOCH:85
[TRAIN] E: [85][ 0/57]	Loss 2.7289e+00 (2.7289e+00)	Acc@1  32.62 ( 32.62)	Acc@5  60.62 ( 60.62)
[TRAIN] E: [85][56/57]	Loss 2.8631e+00 (2.7422e+00)	Acc@1  25.50 ( 30.98)	Acc@5  60.00 ( 61.44)
[EVAL] E: [85][0/7]	Loss 3.0737e+00 (3.0737e+00)	Acc@1  24.75 ( 24.75)	Acc@5  53.75 ( 53.75)
[EVAL] E: [85][6/7]	Loss 2.9372e+00 (3.0097e+00)	Acc@1  31.00 ( 26.46)	Acc@5  54.00 ( 54.86)
		 Valid evaluation at end of epoch: latest_acc:26.46 LR:0.08 -- best val acc so far 32.34

Started EPOCH:86
[TRAIN] E: [86][ 0/57]	Loss 2.7916e+00 (2.7916e+00)	Acc@1  31.88 ( 31.88)	Acc@5  59.50 ( 59.50)
[TRAIN] E: [86][56/57]	Loss 2.9743e+00 (2.7556e+00)	Acc@1  28.00 ( 30.84)	Acc@5  59.00 ( 61.11)
[EVAL] E: [86][0/7]	Loss 3.2199e+00 (3.2199e+00)	Acc@1  21.38 ( 21.38)	Acc@5  51.62 ( 51.62)
[EVAL] E: [86][6/7]	Loss 3.0536e+00 (3.2216e+00)	Acc@1  23.00 ( 22.24)	Acc@5  54.00 ( 51.10)
		 Valid evaluation at end of epoch: latest_acc:22.24 LR:0.08 -- best val acc so far 32.34

Started EPOCH:87
[TRAIN] E: [87][ 0/57]	Loss 2.7223e+00 (2.7223e+00)	Acc@1  32.25 ( 32.25)	Acc@5  60.88 ( 60.88)
[TRAIN] E: [87][56/57]	Loss 2.6817e+00 (2.7520e+00)	Acc@1  30.50 ( 30.92)	Acc@5  62.50 ( 60.94)
[EVAL] E: [87][0/7]	Loss 3.4334e+00 (3.4334e+00)	Acc@1  18.25 ( 18.25)	Acc@5  47.62 ( 47.62)
[EVAL] E: [87][6/7]	Loss 3.5298e+00 (3.4796e+00)	Acc@1  22.50 ( 19.44)	Acc@5  45.50 ( 46.74)
		 Valid evaluation at end of epoch: latest_acc:19.44 LR:0.09 -- best val acc so far 32.34

Started EPOCH:88
[TRAIN] E: [88][ 0/57]	Loss 2.7426e+00 (2.7426e+00)	Acc@1  33.25 ( 33.25)	Acc@5  61.62 ( 61.62)
[TRAIN] E: [88][56/57]	Loss 2.7820e+00 (2.7404e+00)	Acc@1  29.50 ( 31.41)	Acc@5  62.00 ( 61.29)
[EVAL] E: [88][0/7]	Loss 3.0114e+00 (3.0114e+00)	Acc@1  26.75 ( 26.75)	Acc@5  53.00 ( 53.00)
[EVAL] E: [88][6/7]	Loss 2.8377e+00 (2.9944e+00)	Acc@1  29.00 ( 26.38)	Acc@5  62.00 ( 55.34)
		 Valid evaluation at end of epoch: latest_acc:26.38 LR:0.09 -- best val acc so far 32.34

Started EPOCH:89
[TRAIN] E: [89][ 0/57]	Loss 2.6300e+00 (2.6300e+00)	Acc@1  32.50 ( 32.50)	Acc@5  63.00 ( 63.00)
[TRAIN] E: [89][56/57]	Loss 2.9150e+00 (2.7228e+00)	Acc@1  29.50 ( 31.55)	Acc@5  57.50 ( 61.56)
[EVAL] E: [89][0/7]	Loss 3.0383e+00 (3.0383e+00)	Acc@1  26.38 ( 26.38)	Acc@5  57.50 ( 57.50)
[EVAL] E: [89][6/7]	Loss 2.9056e+00 (3.0260e+00)	Acc@1  28.00 ( 26.08)	Acc@5  54.00 ( 55.14)
		 Valid evaluation at end of epoch: latest_acc:26.08 LR:0.09 -- best val acc so far 32.34

Started EPOCH:90
[TRAIN] E: [90][ 0/57]	Loss 2.7178e+00 (2.7178e+00)	Acc@1  32.38 ( 32.38)	Acc@5  62.62 ( 62.62)
[TRAIN] E: [90][56/57]	Loss 2.5675e+00 (2.7388e+00)	Acc@1  33.50 ( 31.34)	Acc@5  66.00 ( 61.51)
[EVAL] E: [90][0/7]	Loss 3.0461e+00 (3.0461e+00)	Acc@1  23.62 ( 23.62)	Acc@5  55.38 ( 55.38)
[EVAL] E: [90][6/7]	Loss 2.9829e+00 (3.0575e+00)	Acc@1  27.00 ( 25.68)	Acc@5  58.00 ( 54.82)
		 Valid evaluation at end of epoch: latest_acc:25.68 LR:0.09 -- best val acc so far 32.34

Started EPOCH:91
[TRAIN] E: [91][ 0/57]	Loss 2.7060e+00 (2.7060e+00)	Acc@1  30.12 ( 30.12)	Acc@5  62.12 ( 62.12)
[TRAIN] E: [91][56/57]	Loss 2.8877e+00 (2.7129e+00)	Acc@1  23.50 ( 31.71)	Acc@5  59.50 ( 61.99)
[EVAL] E: [91][0/7]	Loss 3.1910e+00 (3.1910e+00)	Acc@1  24.38 ( 24.38)	Acc@5  50.50 ( 50.50)
[EVAL] E: [91][6/7]	Loss 3.2077e+00 (3.1725e+00)	Acc@1  20.00 ( 23.38)	Acc@5  49.50 ( 52.28)
		 Valid evaluation at end of epoch: latest_acc:23.38 LR:0.09 -- best val acc so far 32.34

Started EPOCH:92
[TRAIN] E: [92][ 0/57]	Loss 2.7162e+00 (2.7162e+00)	Acc@1  32.75 ( 32.75)	Acc@5  61.88 ( 61.88)
[TRAIN] E: [92][56/57]	Loss 2.4381e+00 (2.7202e+00)	Acc@1  40.50 ( 31.64)	Acc@5  70.00 ( 61.76)
[EVAL] E: [92][0/7]	Loss 3.1076e+00 (3.1076e+00)	Acc@1  25.75 ( 25.75)	Acc@5  53.12 ( 53.12)
[EVAL] E: [92][6/7]	Loss 3.1160e+00 (3.1130e+00)	Acc@1  25.00 ( 24.80)	Acc@5  52.50 ( 52.84)
		 Valid evaluation at end of epoch: latest_acc:24.80 LR:0.10 -- best val acc so far 32.34

Started EPOCH:93
[TRAIN] E: [93][ 0/57]	Loss 2.7506e+00 (2.7506e+00)	Acc@1  31.62 ( 31.62)	Acc@5  59.50 ( 59.50)
[TRAIN] E: [93][56/57]	Loss 2.9721e+00 (2.7171e+00)	Acc@1  29.00 ( 31.58)	Acc@5  54.00 ( 61.82)
[EVAL] E: [93][0/7]	Loss 2.9777e+00 (2.9777e+00)	Acc@1  27.88 ( 27.88)	Acc@5  58.75 ( 58.75)
[EVAL] E: [93][6/7]	Loss 3.1657e+00 (3.0758e+00)	Acc@1  23.00 ( 25.72)	Acc@5  54.00 ( 54.36)
		 Valid evaluation at end of epoch: latest_acc:25.72 LR:0.10 -- best val acc so far 32.34

Started EPOCH:94
[TRAIN] E: [94][ 0/57]	Loss 2.7827e+00 (2.7827e+00)	Acc@1  29.50 ( 29.50)	Acc@5  60.12 ( 60.12)
[TRAIN] E: [94][56/57]	Loss 2.8235e+00 (2.7165e+00)	Acc@1  24.50 ( 31.46)	Acc@5  61.00 ( 62.14)
[EVAL] E: [94][0/7]	Loss 3.3043e+00 (3.3043e+00)	Acc@1  21.50 ( 21.50)	Acc@5  48.88 ( 48.88)
[EVAL] E: [94][6/7]	Loss 3.2592e+00 (3.2609e+00)	Acc@1  22.00 ( 22.24)	Acc@5  49.00 ( 49.48)
		 Valid evaluation at end of epoch: latest_acc:22.24 LR:0.10 -- best val acc so far 32.34

Started EPOCH:95
[TRAIN] E: [95][ 0/57]	Loss 2.6787e+00 (2.6787e+00)	Acc@1  33.38 ( 33.38)	Acc@5  62.25 ( 62.25)
[TRAIN] E: [95][56/57]	Loss 2.4928e+00 (2.7110e+00)	Acc@1  37.50 ( 31.70)	Acc@5  66.50 ( 61.78)
[EVAL] E: [95][0/7]	Loss 3.1293e+00 (3.1293e+00)	Acc@1  24.50 ( 24.50)	Acc@5  55.00 ( 55.00)
[EVAL] E: [95][6/7]	Loss 3.2601e+00 (3.1726e+00)	Acc@1  23.00 ( 24.46)	Acc@5  52.00 ( 51.98)
		 Valid evaluation at end of epoch: latest_acc:24.46 LR:0.10 -- best val acc so far 32.34

Started EPOCH:96
[TRAIN] E: [96][ 0/57]	Loss 2.7571e+00 (2.7571e+00)	Acc@1  32.12 ( 32.12)	Acc@5  61.62 ( 61.62)
[TRAIN] E: [96][56/57]	Loss 2.5212e+00 (2.7124e+00)	Acc@1  37.50 ( 31.74)	Acc@5  62.50 ( 62.10)
[EVAL] E: [96][0/7]	Loss 3.0899e+00 (3.0899e+00)	Acc@1  23.12 ( 23.12)	Acc@5  51.50 ( 51.50)
[EVAL] E: [96][6/7]	Loss 3.0603e+00 (3.0591e+00)	Acc@1  25.00 ( 24.50)	Acc@5  50.50 ( 53.62)
		 Valid evaluation at end of epoch: latest_acc:24.50 LR:0.10 -- best val acc so far 32.34

Started EPOCH:97
[TRAIN] E: [97][ 0/57]	Loss 2.5685e+00 (2.5685e+00)	Acc@1  33.75 ( 33.75)	Acc@5  66.50 ( 66.50)
[TRAIN] E: [97][56/57]	Loss 2.8309e+00 (2.7051e+00)	Acc@1  27.00 ( 31.77)	Acc@5  57.50 ( 62.31)
[EVAL] E: [97][0/7]	Loss 3.0610e+00 (3.0610e+00)	Acc@1  23.25 ( 23.25)	Acc@5  52.75 ( 52.75)
[EVAL] E: [97][6/7]	Loss 2.9298e+00 (3.0127e+00)	Acc@1  29.00 ( 25.36)	Acc@5  59.50 ( 55.18)
		 Valid evaluation at end of epoch: latest_acc:25.36 LR:0.10 -- best val acc so far 32.34

Started EPOCH:98
[TRAIN] E: [98][ 0/57]	Loss 2.7649e+00 (2.7649e+00)	Acc@1  30.12 ( 30.12)	Acc@5  59.88 ( 59.88)
[TRAIN] E: [98][56/57]	Loss 2.8477e+00 (2.6880e+00)	Acc@1  31.50 ( 32.25)	Acc@5  58.00 ( 62.48)
[EVAL] E: [98][0/7]	Loss 3.3194e+00 (3.3194e+00)	Acc@1  22.00 ( 22.00)	Acc@5  48.50 ( 48.50)
[EVAL] E: [98][6/7]	Loss 3.3553e+00 (3.2494e+00)	Acc@1  20.50 ( 22.14)	Acc@5  50.50 ( 50.30)
		 Valid evaluation at end of epoch: latest_acc:22.14 LR:0.10 -- best val acc so far 32.34

Started EPOCH:99
[TRAIN] E: [99][ 0/57]	Loss 2.6536e+00 (2.6536e+00)	Acc@1  34.50 ( 34.50)	Acc@5  63.00 ( 63.00)
[TRAIN] E: [99][56/57]	Loss 2.8136e+00 (2.6916e+00)	Acc@1  27.00 ( 31.91)	Acc@5  56.50 ( 62.28)
[EVAL] E: [99][0/7]	Loss 3.2395e+00 (3.2395e+00)	Acc@1  20.88 ( 20.88)	Acc@5  49.88 ( 49.88)
[EVAL] E: [99][6/7]	Loss 3.1085e+00 (3.2298e+00)	Acc@1  23.50 ( 23.72)	Acc@5  55.00 ( 50.62)
		 Valid evaluation at end of epoch: latest_acc:23.72 LR:0.10 -- best val acc so far 32.34

Started EPOCH:100
[TRAIN] E: [100][ 0/57]	Loss 2.6477e+00 (2.6477e+00)	Acc@1  34.62 ( 34.62)	Acc@5  61.75 ( 61.75)
[TRAIN] E: [100][56/57]	Loss 2.6815e+00 (2.6966e+00)	Acc@1  31.50 ( 31.87)	Acc@5  64.00 ( 62.52)
[EVAL] E: [100][0/7]	Loss 2.9909e+00 (2.9909e+00)	Acc@1  27.75 ( 27.75)	Acc@5  54.50 ( 54.50)
[EVAL] E: [100][6/7]	Loss 2.9170e+00 (2.9509e+00)	Acc@1  23.50 ( 27.54)	Acc@5  54.00 ( 55.60)
		 Valid evaluation at end of epoch: latest_acc:27.54 LR:0.10 -- best val acc so far 32.34

Started EPOCH:101
[TRAIN] E: [101][ 0/57]	Loss 2.6002e+00 (2.6002e+00)	Acc@1  33.00 ( 33.00)	Acc@5  65.50 ( 65.50)
[TRAIN] E: [101][56/57]	Loss 2.8002e+00 (2.6758e+00)	Acc@1  29.50 ( 32.44)	Acc@5  58.00 ( 62.71)
[EVAL] E: [101][0/7]	Loss 3.1646e+00 (3.1646e+00)	Acc@1  23.75 ( 23.75)	Acc@5  51.62 ( 51.62)
[EVAL] E: [101][6/7]	Loss 3.1459e+00 (3.1142e+00)	Acc@1  20.50 ( 24.54)	Acc@5  53.00 ( 52.82)
		 Valid evaluation at end of epoch: latest_acc:24.54 LR:0.10 -- best val acc so far 32.34

Started EPOCH:102
[TRAIN] E: [102][ 0/57]	Loss 2.7107e+00 (2.7107e+00)	Acc@1  30.25 ( 30.25)	Acc@5  61.88 ( 61.88)
[TRAIN] E: [102][56/57]	Loss 2.8079e+00 (2.6807e+00)	Acc@1  34.00 ( 32.52)	Acc@5  60.00 ( 62.65)
[EVAL] E: [102][0/7]	Loss 2.9661e+00 (2.9661e+00)	Acc@1  26.25 ( 26.25)	Acc@5  56.25 ( 56.25)
[EVAL] E: [102][6/7]	Loss 2.7970e+00 (2.9566e+00)	Acc@1  26.50 ( 27.26)	Acc@5  61.00 ( 56.90)
		 Valid evaluation at end of epoch: latest_acc:27.26 LR:0.10 -- best val acc so far 32.34

Started EPOCH:103
[TRAIN] E: [103][ 0/57]	Loss 2.6382e+00 (2.6382e+00)	Acc@1  33.38 ( 33.38)	Acc@5  64.50 ( 64.50)
[TRAIN] E: [103][56/57]	Loss 2.6923e+00 (2.6746e+00)	Acc@1  30.00 ( 32.45)	Acc@5  62.50 ( 62.48)
[EVAL] E: [103][0/7]	Loss 2.8224e+00 (2.8224e+00)	Acc@1  30.62 ( 30.62)	Acc@5  60.38 ( 60.38)
[EVAL] E: [103][6/7]	Loss 2.8124e+00 (2.8616e+00)	Acc@1  25.50 ( 29.56)	Acc@5  59.50 ( 58.94)
		 Valid evaluation at end of epoch: latest_acc:29.56 LR:0.10 -- best val acc so far 32.34

Started EPOCH:104
[TRAIN] E: [104][ 0/57]	Loss 2.7100e+00 (2.7100e+00)	Acc@1  29.88 ( 29.88)	Acc@5  61.12 ( 61.12)
[TRAIN] E: [104][56/57]	Loss 2.4900e+00 (2.6481e+00)	Acc@1  34.00 ( 32.95)	Acc@5  62.00 ( 63.36)
[EVAL] E: [104][0/7]	Loss 3.0812e+00 (3.0812e+00)	Acc@1  25.88 ( 25.88)	Acc@5  54.38 ( 54.38)
[EVAL] E: [104][6/7]	Loss 3.0197e+00 (3.0026e+00)	Acc@1  25.00 ( 26.90)	Acc@5  55.00 ( 55.50)
		 Valid evaluation at end of epoch: latest_acc:26.90 LR:0.10 -- best val acc so far 32.34

Started EPOCH:105
[TRAIN] E: [105][ 0/57]	Loss 2.6656e+00 (2.6656e+00)	Acc@1  32.88 ( 32.88)	Acc@5  65.62 ( 65.62)
[TRAIN] E: [105][56/57]	Loss 2.6159e+00 (2.6652e+00)	Acc@1  34.00 ( 32.96)	Acc@5  64.50 ( 63.20)
[EVAL] E: [105][0/7]	Loss 3.2614e+00 (3.2614e+00)	Acc@1  23.62 ( 23.62)	Acc@5  48.25 ( 48.25)
[EVAL] E: [105][6/7]	Loss 3.0820e+00 (3.1482e+00)	Acc@1  23.50 ( 24.60)	Acc@5  52.00 ( 51.88)
		 Valid evaluation at end of epoch: latest_acc:24.60 LR:0.10 -- best val acc so far 32.34

Started EPOCH:106
[TRAIN] E: [106][ 0/57]	Loss 2.7163e+00 (2.7163e+00)	Acc@1  32.75 ( 32.75)	Acc@5  61.50 ( 61.50)
[TRAIN] E: [106][56/57]	Loss 2.6799e+00 (2.6432e+00)	Acc@1  32.00 ( 33.41)	Acc@5  62.00 ( 63.27)
[EVAL] E: [106][0/7]	Loss 3.1161e+00 (3.1161e+00)	Acc@1  24.12 ( 24.12)	Acc@5  51.88 ( 51.88)
[EVAL] E: [106][6/7]	Loss 3.1251e+00 (3.0416e+00)	Acc@1  22.50 ( 26.04)	Acc@5  55.50 ( 55.20)
		 Valid evaluation at end of epoch: latest_acc:26.04 LR:0.10 -- best val acc so far 32.34

Started EPOCH:107
[TRAIN] E: [107][ 0/57]	Loss 2.7087e+00 (2.7087e+00)	Acc@1  30.38 ( 30.38)	Acc@5  62.62 ( 62.62)
[TRAIN] E: [107][56/57]	Loss 2.5965e+00 (2.6421e+00)	Acc@1  30.50 ( 33.10)	Acc@5  64.50 ( 63.37)
[EVAL] E: [107][0/7]	Loss 3.1937e+00 (3.1937e+00)	Acc@1  24.00 ( 24.00)	Acc@5  52.25 ( 52.25)
[EVAL] E: [107][6/7]	Loss 3.1618e+00 (3.1548e+00)	Acc@1  23.50 ( 24.92)	Acc@5  48.50 ( 52.64)
		 Valid evaluation at end of epoch: latest_acc:24.92 LR:0.09 -- best val acc so far 32.34

Started EPOCH:108
[TRAIN] E: [108][ 0/57]	Loss 2.5899e+00 (2.5899e+00)	Acc@1  34.12 ( 34.12)	Acc@5  64.12 ( 64.12)
[TRAIN] E: [108][56/57]	Loss 2.5992e+00 (2.6419e+00)	Acc@1  34.50 ( 33.36)	Acc@5  62.50 ( 63.57)
[EVAL] E: [108][0/7]	Loss 3.2736e+00 (3.2736e+00)	Acc@1  22.12 ( 22.12)	Acc@5  50.00 ( 50.00)
[EVAL] E: [108][6/7]	Loss 3.0650e+00 (3.2457e+00)	Acc@1  25.00 ( 23.18)	Acc@5  58.50 ( 50.94)
		 Valid evaluation at end of epoch: latest_acc:23.18 LR:0.09 -- best val acc so far 32.34

Started EPOCH:109
[TRAIN] E: [109][ 0/57]	Loss 2.6210e+00 (2.6210e+00)	Acc@1  31.75 ( 31.75)	Acc@5  62.50 ( 62.50)
[TRAIN] E: [109][56/57]	Loss 2.6211e+00 (2.6382e+00)	Acc@1  35.50 ( 33.08)	Acc@5  65.50 ( 63.59)
[EVAL] E: [109][0/7]	Loss 2.9861e+00 (2.9861e+00)	Acc@1  28.25 ( 28.25)	Acc@5  56.25 ( 56.25)
[EVAL] E: [109][6/7]	Loss 2.8347e+00 (3.0004e+00)	Acc@1  30.50 ( 27.08)	Acc@5  61.00 ( 55.36)
		 Valid evaluation at end of epoch: latest_acc:27.08 LR:0.09 -- best val acc so far 32.34

Started EPOCH:110
[TRAIN] E: [110][ 0/57]	Loss 2.5780e+00 (2.5780e+00)	Acc@1  35.62 ( 35.62)	Acc@5  64.88 ( 64.88)
[TRAIN] E: [110][56/57]	Loss 2.6581e+00 (2.6193e+00)	Acc@1  33.00 ( 33.94)	Acc@5  61.00 ( 64.03)
[EVAL] E: [110][0/7]	Loss 2.9048e+00 (2.9048e+00)	Acc@1  29.50 ( 29.50)	Acc@5  58.00 ( 58.00)
[EVAL] E: [110][6/7]	Loss 2.7986e+00 (2.9207e+00)	Acc@1  29.00 ( 27.92)	Acc@5  61.00 ( 56.88)
		 Valid evaluation at end of epoch: latest_acc:27.92 LR:0.09 -- best val acc so far 32.34

Started EPOCH:111
[TRAIN] E: [111][ 0/57]	Loss 2.6111e+00 (2.6111e+00)	Acc@1  34.88 ( 34.88)	Acc@5  64.88 ( 64.88)
[TRAIN] E: [111][56/57]	Loss 2.4494e+00 (2.6008e+00)	Acc@1  34.00 ( 34.17)	Acc@5  68.00 ( 64.67)
[EVAL] E: [111][0/7]	Loss 2.9422e+00 (2.9422e+00)	Acc@1  28.00 ( 28.00)	Acc@5  58.00 ( 58.00)
[EVAL] E: [111][6/7]	Loss 2.6999e+00 (2.9112e+00)	Acc@1  30.00 ( 28.72)	Acc@5  64.00 ( 57.62)
		 Valid evaluation at end of epoch: latest_acc:28.72 LR:0.09 -- best val acc so far 32.34

Started EPOCH:112
[TRAIN] E: [112][ 0/57]	Loss 2.5712e+00 (2.5712e+00)	Acc@1  34.12 ( 34.12)	Acc@5  64.88 ( 64.88)
[TRAIN] E: [112][56/57]	Loss 2.6999e+00 (2.6094e+00)	Acc@1  32.50 ( 33.64)	Acc@5  64.50 ( 64.27)
[EVAL] E: [112][0/7]	Loss 3.0844e+00 (3.0844e+00)	Acc@1  25.62 ( 25.62)	Acc@5  54.00 ( 54.00)
[EVAL] E: [112][6/7]	Loss 3.1161e+00 (3.0842e+00)	Acc@1  22.00 ( 26.62)	Acc@5  54.00 ( 54.30)
		 Valid evaluation at end of epoch: latest_acc:26.62 LR:0.08 -- best val acc so far 32.34

Started EPOCH:113
[TRAIN] E: [113][ 0/57]	Loss 2.5697e+00 (2.5697e+00)	Acc@1  36.25 ( 36.25)	Acc@5  63.88 ( 63.88)
[TRAIN] E: [113][56/57]	Loss 2.7212e+00 (2.5911e+00)	Acc@1  29.50 ( 34.29)	Acc@5  59.50 ( 64.49)
[EVAL] E: [113][0/7]	Loss 3.0518e+00 (3.0518e+00)	Acc@1  25.38 ( 25.38)	Acc@5  55.62 ( 55.62)
[EVAL] E: [113][6/7]	Loss 2.9445e+00 (3.0668e+00)	Acc@1  24.50 ( 25.70)	Acc@5  56.00 ( 54.32)
		 Valid evaluation at end of epoch: latest_acc:25.70 LR:0.08 -- best val acc so far 32.34

Started EPOCH:114
[TRAIN] E: [114][ 0/57]	Loss 2.6481e+00 (2.6481e+00)	Acc@1  32.12 ( 32.12)	Acc@5  61.88 ( 61.88)
[TRAIN] E: [114][56/57]	Loss 2.7073e+00 (2.6028e+00)	Acc@1  37.00 ( 34.17)	Acc@5  64.00 ( 64.25)
[EVAL] E: [114][0/7]	Loss 2.9703e+00 (2.9703e+00)	Acc@1  27.75 ( 27.75)	Acc@5  57.38 ( 57.38)
[EVAL] E: [114][6/7]	Loss 2.9591e+00 (2.9552e+00)	Acc@1  29.00 ( 28.22)	Acc@5  57.00 ( 57.56)
		 Valid evaluation at end of epoch: latest_acc:28.22 LR:0.08 -- best val acc so far 32.34

Started EPOCH:115
[TRAIN] E: [115][ 0/57]	Loss 2.5520e+00 (2.5520e+00)	Acc@1  35.50 ( 35.50)	Acc@5  65.75 ( 65.75)
[TRAIN] E: [115][56/57]	Loss 2.5519e+00 (2.5808e+00)	Acc@1  38.50 ( 34.50)	Acc@5  62.50 ( 64.97)
[EVAL] E: [115][0/7]	Loss 3.1535e+00 (3.1535e+00)	Acc@1  22.12 ( 22.12)	Acc@5  52.50 ( 52.50)
[EVAL] E: [115][6/7]	Loss 2.8558e+00 (3.0997e+00)	Acc@1  22.50 ( 24.04)	Acc@5  58.00 ( 52.48)
		 Valid evaluation at end of epoch: latest_acc:24.04 LR:0.08 -- best val acc so far 32.34

Started EPOCH:116
[TRAIN] E: [116][ 0/57]	Loss 2.5673e+00 (2.5673e+00)	Acc@1  34.75 ( 34.75)	Acc@5  65.38 ( 65.38)
[TRAIN] E: [116][56/57]	Loss 2.5957e+00 (2.5722e+00)	Acc@1  33.50 ( 34.67)	Acc@5  61.50 ( 65.08)
[EVAL] E: [116][0/7]	Loss 2.8983e+00 (2.8983e+00)	Acc@1  28.12 ( 28.12)	Acc@5  56.88 ( 56.88)
[EVAL] E: [116][6/7]	Loss 2.8238e+00 (2.8548e+00)	Acc@1  29.00 ( 29.10)	Acc@5  58.00 ( 59.02)
		 Valid evaluation at end of epoch: latest_acc:29.10 LR:0.07 -- best val acc so far 32.34

Started EPOCH:117
[TRAIN] E: [117][ 0/57]	Loss 2.6289e+00 (2.6289e+00)	Acc@1  34.25 ( 34.25)	Acc@5  62.25 ( 62.25)
[TRAIN] E: [117][56/57]	Loss 2.5319e+00 (2.5694e+00)	Acc@1  34.50 ( 34.93)	Acc@5  66.00 ( 64.92)
[EVAL] E: [117][0/7]	Loss 2.8108e+00 (2.8108e+00)	Acc@1  30.62 ( 30.62)	Acc@5  59.00 ( 59.00)
[EVAL] E: [117][6/7]	Loss 2.9435e+00 (2.7924e+00)	Acc@1  26.00 ( 29.62)	Acc@5  56.00 ( 60.16)
		 Valid evaluation at end of epoch: latest_acc:29.62 LR:0.07 -- best val acc so far 32.34

Started EPOCH:118
[TRAIN] E: [118][ 0/57]	Loss 2.6246e+00 (2.6246e+00)	Acc@1  32.00 ( 32.00)	Acc@5  63.50 ( 63.50)
[TRAIN] E: [118][56/57]	Loss 2.3978e+00 (2.5537e+00)	Acc@1  41.00 ( 35.04)	Acc@5  69.00 ( 65.35)
[EVAL] E: [118][0/7]	Loss 2.7867e+00 (2.7867e+00)	Acc@1  29.38 ( 29.38)	Acc@5  62.00 ( 62.00)
[EVAL] E: [118][6/7]	Loss 2.6889e+00 (2.7650e+00)	Acc@1  32.50 ( 31.16)	Acc@5  61.50 ( 60.70)
		 Valid evaluation at end of epoch: latest_acc:31.16 LR:0.07 -- best val acc so far 32.34

Started EPOCH:119
[TRAIN] E: [119][ 0/57]	Loss 2.5286e+00 (2.5286e+00)	Acc@1  34.00 ( 34.00)	Acc@5  66.00 ( 66.00)
[TRAIN] E: [119][56/57]	Loss 2.6890e+00 (2.5500e+00)	Acc@1  32.00 ( 35.22)	Acc@5  62.50 ( 65.58)
[EVAL] E: [119][0/7]	Loss 2.8881e+00 (2.8881e+00)	Acc@1  29.75 ( 29.75)	Acc@5  56.62 ( 56.62)
[EVAL] E: [119][6/7]	Loss 2.8493e+00 (2.8746e+00)	Acc@1  26.00 ( 28.88)	Acc@5  59.50 ( 58.42)
		 Valid evaluation at end of epoch: latest_acc:28.88 LR:0.07 -- best val acc so far 32.34

Started EPOCH:120
[TRAIN] E: [120][ 0/57]	Loss 2.5788e+00 (2.5788e+00)	Acc@1  35.50 ( 35.50)	Acc@5  66.62 ( 66.62)
[TRAIN] E: [120][56/57]	Loss 2.3917e+00 (2.5456e+00)	Acc@1  32.00 ( 35.21)	Acc@5  67.00 ( 65.48)
[EVAL] E: [120][0/7]	Loss 2.9798e+00 (2.9798e+00)	Acc@1  27.00 ( 27.00)	Acc@5  56.75 ( 56.75)
[EVAL] E: [120][6/7]	Loss 2.7367e+00 (2.8972e+00)	Acc@1  30.50 ( 28.16)	Acc@5  64.00 ( 58.16)
		 Valid evaluation at end of epoch: latest_acc:28.16 LR:0.06 -- best val acc so far 32.34

Started EPOCH:121
[TRAIN] E: [121][ 0/57]	Loss 2.5546e+00 (2.5546e+00)	Acc@1  35.50 ( 35.50)	Acc@5  64.62 ( 64.62)
[TRAIN] E: [121][56/57]	Loss 2.3840e+00 (2.5317e+00)	Acc@1  36.50 ( 35.67)	Acc@5  69.00 ( 66.05)
[EVAL] E: [121][0/7]	Loss 2.6177e+00 (2.6177e+00)	Acc@1  32.25 ( 32.25)	Acc@5  63.00 ( 63.00)
[EVAL] E: [121][6/7]	Loss 2.7414e+00 (2.7171e+00)	Acc@1  33.00 ( 31.82)	Acc@5  58.50 ( 61.26)
		 Valid evaluation at end of epoch: latest_acc:31.82 LR:0.06 -- best val acc so far 32.34

Started EPOCH:122
[TRAIN] E: [122][ 0/57]	Loss 2.3966e+00 (2.3966e+00)	Acc@1  39.38 ( 39.38)	Acc@5  67.25 ( 67.25)
[TRAIN] E: [122][56/57]	Loss 2.2763e+00 (2.5178e+00)	Acc@1  42.00 ( 35.95)	Acc@5  67.50 ( 66.33)
[EVAL] E: [122][0/7]	Loss 2.8199e+00 (2.8199e+00)	Acc@1  30.75 ( 30.75)	Acc@5  60.75 ( 60.75)
[EVAL] E: [122][6/7]	Loss 2.7910e+00 (2.8086e+00)	Acc@1  26.00 ( 30.68)	Acc@5  62.50 ( 59.68)
		 Valid evaluation at end of epoch: latest_acc:30.68 LR:0.06 -- best val acc so far 32.34

Started EPOCH:123
[TRAIN] E: [123][ 0/57]	Loss 2.5474e+00 (2.5474e+00)	Acc@1  35.88 ( 35.88)	Acc@5  63.50 ( 63.50)
[TRAIN] E: [123][56/57]	Loss 2.4834e+00 (2.5082e+00)	Acc@1  35.00 ( 36.26)	Acc@5  67.50 ( 66.39)
[EVAL] E: [123][0/7]	Loss 2.8096e+00 (2.8096e+00)	Acc@1  31.12 ( 31.12)	Acc@5  60.12 ( 60.12)
[EVAL] E: [123][6/7]	Loss 2.7516e+00 (2.7939e+00)	Acc@1  29.50 ( 31.06)	Acc@5  66.00 ( 60.50)
		 Valid evaluation at end of epoch: latest_acc:31.06 LR:0.05 -- best val acc so far 32.34

Started EPOCH:124
[TRAIN] E: [124][ 0/57]	Loss 2.4779e+00 (2.4779e+00)	Acc@1  34.75 ( 34.75)	Acc@5  66.12 ( 66.12)
[TRAIN] E: [124][56/57]	Loss 2.6473e+00 (2.5059e+00)	Acc@1  36.00 ( 36.18)	Acc@5  64.50 ( 66.65)
[EVAL] E: [124][0/7]	Loss 2.8535e+00 (2.8535e+00)	Acc@1  31.00 ( 31.00)	Acc@5  59.25 ( 59.25)
[EVAL] E: [124][6/7]	Loss 2.7969e+00 (2.7893e+00)	Acc@1  25.50 ( 31.18)	Acc@5  63.00 ( 60.22)
		 Valid evaluation at end of epoch: latest_acc:31.18 LR:0.05 -- best val acc so far 32.34

Started EPOCH:125
[TRAIN] E: [125][ 0/57]	Loss 2.5610e+00 (2.5610e+00)	Acc@1  32.62 ( 32.62)	Acc@5  66.12 ( 66.12)
[TRAIN] E: [125][56/57]	Loss 2.6007e+00 (2.4909e+00)	Acc@1  32.50 ( 36.55)	Acc@5  62.50 ( 66.84)
[EVAL] E: [125][0/7]	Loss 2.6552e+00 (2.6552e+00)	Acc@1  32.62 ( 32.62)	Acc@5  64.25 ( 64.25)
[EVAL] E: [125][6/7]	Loss 2.6128e+00 (2.6996e+00)	Acc@1  31.00 ( 32.56)	Acc@5  64.00 ( 62.84)
		 Valid evaluation at end of epoch: latest_acc:32.56 LR:0.05 -- best val acc so far 32.56

Started EPOCH:126
[TRAIN] E: [126][ 0/57]	Loss 2.4595e+00 (2.4595e+00)	Acc@1  38.38 ( 38.38)	Acc@5  66.38 ( 66.38)
[TRAIN] E: [126][56/57]	Loss 2.4512e+00 (2.4930e+00)	Acc@1  31.00 ( 36.53)	Acc@5  70.50 ( 66.82)
[EVAL] E: [126][0/7]	Loss 3.0328e+00 (3.0328e+00)	Acc@1  27.00 ( 27.00)	Acc@5  55.25 ( 55.25)
[EVAL] E: [126][6/7]	Loss 2.8751e+00 (3.0222e+00)	Acc@1  26.50 ( 27.20)	Acc@5  59.50 ( 55.02)
		 Valid evaluation at end of epoch: latest_acc:27.20 LR:0.04 -- best val acc so far 32.56

Started EPOCH:127
[TRAIN] E: [127][ 0/57]	Loss 2.5452e+00 (2.5452e+00)	Acc@1  35.38 ( 35.38)	Acc@5  65.25 ( 65.25)
[TRAIN] E: [127][56/57]	Loss 2.2728e+00 (2.4687e+00)	Acc@1  42.50 ( 36.81)	Acc@5  73.50 ( 67.11)
[EVAL] E: [127][0/7]	Loss 2.7656e+00 (2.7656e+00)	Acc@1  30.88 ( 30.88)	Acc@5  62.12 ( 62.12)
[EVAL] E: [127][6/7]	Loss 2.8501e+00 (2.8276e+00)	Acc@1  26.00 ( 30.10)	Acc@5  59.50 ( 59.42)
		 Valid evaluation at end of epoch: latest_acc:30.10 LR:0.04 -- best val acc so far 32.56

Started EPOCH:128
[TRAIN] E: [128][ 0/57]	Loss 2.4947e+00 (2.4947e+00)	Acc@1  38.12 ( 38.12)	Acc@5  66.50 ( 66.50)
[TRAIN] E: [128][56/57]	Loss 2.4843e+00 (2.4696e+00)	Acc@1  33.50 ( 37.07)	Acc@5  66.50 ( 67.34)
[EVAL] E: [128][0/7]	Loss 2.9456e+00 (2.9456e+00)	Acc@1  26.88 ( 26.88)	Acc@5  55.50 ( 55.50)
[EVAL] E: [128][6/7]	Loss 3.0084e+00 (3.0288e+00)	Acc@1  23.50 ( 26.48)	Acc@5  60.50 ( 55.82)
		 Valid evaluation at end of epoch: latest_acc:26.48 LR:0.04 -- best val acc so far 32.56

Started EPOCH:129
[TRAIN] E: [129][ 0/57]	Loss 2.4707e+00 (2.4707e+00)	Acc@1  35.25 ( 35.25)	Acc@5  68.75 ( 68.75)
[TRAIN] E: [129][56/57]	Loss 2.5712e+00 (2.4519e+00)	Acc@1  35.00 ( 37.45)	Acc@5  70.00 ( 67.60)
[EVAL] E: [129][0/7]	Loss 2.6783e+00 (2.6783e+00)	Acc@1  32.50 ( 32.50)	Acc@5  63.25 ( 63.25)
[EVAL] E: [129][6/7]	Loss 2.5549e+00 (2.6202e+00)	Acc@1  34.00 ( 34.10)	Acc@5  66.00 ( 64.52)
		 Valid evaluation at end of epoch: latest_acc:34.10 LR:0.03 -- best val acc so far 34.10

Started EPOCH:130
[TRAIN] E: [130][ 0/57]	Loss 2.4572e+00 (2.4572e+00)	Acc@1  36.50 ( 36.50)	Acc@5  67.88 ( 67.88)
[TRAIN] E: [130][56/57]	Loss 2.4976e+00 (2.4557e+00)	Acc@1  38.00 ( 37.31)	Acc@5  63.00 ( 67.45)
[EVAL] E: [130][0/7]	Loss 2.6304e+00 (2.6304e+00)	Acc@1  34.38 ( 34.38)	Acc@5  64.50 ( 64.50)
[EVAL] E: [130][6/7]	Loss 2.4627e+00 (2.6180e+00)	Acc@1  35.00 ( 33.60)	Acc@5  69.00 ( 64.04)
		 Valid evaluation at end of epoch: latest_acc:33.60 LR:0.03 -- best val acc so far 34.10

Started EPOCH:131
[TRAIN] E: [131][ 0/57]	Loss 2.5675e+00 (2.5675e+00)	Acc@1  34.00 ( 34.00)	Acc@5  65.75 ( 65.75)
[TRAIN] E: [131][56/57]	Loss 2.5696e+00 (2.4382e+00)	Acc@1  36.00 ( 37.61)	Acc@5  62.50 ( 67.98)
[EVAL] E: [131][0/7]	Loss 2.8532e+00 (2.8532e+00)	Acc@1  29.75 ( 29.75)	Acc@5  59.00 ( 59.00)
[EVAL] E: [131][6/7]	Loss 2.8504e+00 (2.7936e+00)	Acc@1  27.00 ( 31.50)	Acc@5  59.00 ( 60.02)
		 Valid evaluation at end of epoch: latest_acc:31.50 LR:0.03 -- best val acc so far 34.10

Started EPOCH:132
[TRAIN] E: [132][ 0/57]	Loss 2.5336e+00 (2.5336e+00)	Acc@1  35.50 ( 35.50)	Acc@5  65.75 ( 65.75)
[TRAIN] E: [132][56/57]	Loss 2.4725e+00 (2.4297e+00)	Acc@1  38.00 ( 37.63)	Acc@5  71.50 ( 68.26)
[EVAL] E: [132][0/7]	Loss 2.6412e+00 (2.6412e+00)	Acc@1  33.25 ( 33.25)	Acc@5  63.38 ( 63.38)
[EVAL] E: [132][6/7]	Loss 2.6176e+00 (2.6124e+00)	Acc@1  38.00 ( 34.24)	Acc@5  64.50 ( 63.80)
		 Valid evaluation at end of epoch: latest_acc:34.24 LR:0.03 -- best val acc so far 34.24

Started EPOCH:133
[TRAIN] E: [133][ 0/57]	Loss 2.4376e+00 (2.4376e+00)	Acc@1  38.88 ( 38.88)	Acc@5  67.12 ( 67.12)
[TRAIN] E: [133][56/57]	Loss 2.4281e+00 (2.4203e+00)	Acc@1  37.50 ( 37.93)	Acc@5  68.50 ( 68.30)
[EVAL] E: [133][0/7]	Loss 2.6826e+00 (2.6826e+00)	Acc@1  30.62 ( 30.62)	Acc@5  62.00 ( 62.00)
[EVAL] E: [133][6/7]	Loss 2.4306e+00 (2.6526e+00)	Acc@1  37.50 ( 33.34)	Acc@5  65.00 ( 63.66)
		 Valid evaluation at end of epoch: latest_acc:33.34 LR:0.02 -- best val acc so far 34.24

Started EPOCH:134
[TRAIN] E: [134][ 0/57]	Loss 2.3663e+00 (2.3663e+00)	Acc@1  40.88 ( 40.88)	Acc@5  68.62 ( 68.62)
[TRAIN] E: [134][56/57]	Loss 2.3079e+00 (2.4120e+00)	Acc@1  42.50 ( 38.29)	Acc@5  71.00 ( 68.56)
[EVAL] E: [134][0/7]	Loss 2.5387e+00 (2.5387e+00)	Acc@1  34.25 ( 34.25)	Acc@5  66.38 ( 66.38)
[EVAL] E: [134][6/7]	Loss 2.4927e+00 (2.5436e+00)	Acc@1  32.00 ( 35.00)	Acc@5  67.50 ( 66.02)
		 Valid evaluation at end of epoch: latest_acc:35.00 LR:0.02 -- best val acc so far 35.00

Started EPOCH:135
[TRAIN] E: [135][ 0/57]	Loss 2.3928e+00 (2.3928e+00)	Acc@1  37.12 ( 37.12)	Acc@5  70.62 ( 70.62)
[TRAIN] E: [135][56/57]	Loss 2.5063e+00 (2.3936e+00)	Acc@1  37.00 ( 38.56)	Acc@5  63.50 ( 68.86)
[EVAL] E: [135][0/7]	Loss 2.8021e+00 (2.8021e+00)	Acc@1  31.38 ( 31.38)	Acc@5  60.00 ( 60.00)
[EVAL] E: [135][6/7]	Loss 2.7226e+00 (2.7406e+00)	Acc@1  34.00 ( 32.98)	Acc@5  61.50 ( 61.00)
		 Valid evaluation at end of epoch: latest_acc:32.98 LR:0.02 -- best val acc so far 35.00

Started EPOCH:136
[TRAIN] E: [136][ 0/57]	Loss 2.3521e+00 (2.3521e+00)	Acc@1  38.75 ( 38.75)	Acc@5  71.00 ( 71.00)
[TRAIN] E: [136][56/57]	Loss 2.5038e+00 (2.3841e+00)	Acc@1  37.50 ( 38.64)	Acc@5  65.00 ( 69.28)
[EVAL] E: [136][0/7]	Loss 2.5421e+00 (2.5421e+00)	Acc@1  36.12 ( 36.12)	Acc@5  66.38 ( 66.38)
[EVAL] E: [136][6/7]	Loss 2.5404e+00 (2.5321e+00)	Acc@1  35.50 ( 35.64)	Acc@5  65.50 ( 65.68)
		 Valid evaluation at end of epoch: latest_acc:35.64 LR:0.02 -- best val acc so far 35.64

Started EPOCH:137
[TRAIN] E: [137][ 0/57]	Loss 2.2949e+00 (2.2949e+00)	Acc@1  40.62 ( 40.62)	Acc@5  71.00 ( 71.00)
[TRAIN] E: [137][56/57]	Loss 2.5189e+00 (2.3900e+00)	Acc@1  38.00 ( 38.58)	Acc@5  63.00 ( 69.04)
[EVAL] E: [137][0/7]	Loss 2.6076e+00 (2.6076e+00)	Acc@1  35.25 ( 35.25)	Acc@5  63.50 ( 63.50)
[EVAL] E: [137][6/7]	Loss 2.6206e+00 (2.5353e+00)	Acc@1  30.00 ( 35.76)	Acc@5  63.00 ( 65.40)
		 Valid evaluation at end of epoch: latest_acc:35.76 LR:0.01 -- best val acc so far 35.76

Started EPOCH:138
[TRAIN] E: [138][ 0/57]	Loss 2.4149e+00 (2.4149e+00)	Acc@1  37.50 ( 37.50)	Acc@5  67.50 ( 67.50)
[TRAIN] E: [138][56/57]	Loss 2.3704e+00 (2.3826e+00)	Acc@1  34.50 ( 38.76)	Acc@5  69.00 ( 69.12)
[EVAL] E: [138][0/7]	Loss 2.4325e+00 (2.4325e+00)	Acc@1  37.25 ( 37.25)	Acc@5  67.62 ( 67.62)
[EVAL] E: [138][6/7]	Loss 2.4216e+00 (2.4970e+00)	Acc@1  39.00 ( 36.46)	Acc@5  67.00 ( 67.72)
		 Valid evaluation at end of epoch: latest_acc:36.46 LR:0.01 -- best val acc so far 36.46

Started EPOCH:139
[TRAIN] E: [139][ 0/57]	Loss 2.4782e+00 (2.4782e+00)	Acc@1  36.38 ( 36.38)	Acc@5  66.62 ( 66.62)
[TRAIN] E: [139][56/57]	Loss 2.1855e+00 (2.3635e+00)	Acc@1  40.50 ( 39.42)	Acc@5  77.00 ( 69.38)
[EVAL] E: [139][0/7]	Loss 2.5285e+00 (2.5285e+00)	Acc@1  37.12 ( 37.12)	Acc@5  66.00 ( 66.00)
[EVAL] E: [139][6/7]	Loss 2.5665e+00 (2.5326e+00)	Acc@1  33.00 ( 35.78)	Acc@5  63.00 ( 65.68)
		 Valid evaluation at end of epoch: latest_acc:35.78 LR:0.01 -- best val acc so far 36.46

Started EPOCH:140
[TRAIN] E: [140][ 0/57]	Loss 2.4091e+00 (2.4091e+00)	Acc@1  39.88 ( 39.88)	Acc@5  67.50 ( 67.50)
[TRAIN] E: [140][56/57]	Loss 2.3100e+00 (2.3661e+00)	Acc@1  38.50 ( 38.98)	Acc@5  72.50 ( 69.59)
[EVAL] E: [140][0/7]	Loss 2.4698e+00 (2.4698e+00)	Acc@1  38.12 ( 38.12)	Acc@5  67.88 ( 67.88)
[EVAL] E: [140][6/7]	Loss 2.3617e+00 (2.4627e+00)	Acc@1  36.00 ( 37.56)	Acc@5  73.00 ( 67.52)
		 Valid evaluation at end of epoch: latest_acc:37.56 LR:0.01 -- best val acc so far 37.56

Started EPOCH:141
[TRAIN] E: [141][ 0/57]	Loss 2.2537e+00 (2.2537e+00)	Acc@1  40.25 ( 40.25)	Acc@5  72.38 ( 72.38)
[TRAIN] E: [141][56/57]	Loss 2.6068e+00 (2.3519e+00)	Acc@1  34.50 ( 39.70)	Acc@5  65.00 ( 69.71)
[EVAL] E: [141][0/7]	Loss 2.4930e+00 (2.4930e+00)	Acc@1  38.12 ( 38.12)	Acc@5  68.88 ( 68.88)
[EVAL] E: [141][6/7]	Loss 2.3746e+00 (2.4405e+00)	Acc@1  37.50 ( 38.60)	Acc@5  71.50 ( 68.28)
		 Valid evaluation at end of epoch: latest_acc:38.60 LR:0.01 -- best val acc so far 38.60

Started EPOCH:142
[TRAIN] E: [142][ 0/57]	Loss 2.3830e+00 (2.3830e+00)	Acc@1  40.25 ( 40.25)	Acc@5  69.25 ( 69.25)
[TRAIN] E: [142][56/57]	Loss 2.4220e+00 (2.3535e+00)	Acc@1  34.50 ( 39.83)	Acc@5  66.50 ( 69.70)
[EVAL] E: [142][0/7]	Loss 2.4734e+00 (2.4734e+00)	Acc@1  36.00 ( 36.00)	Acc@5  68.38 ( 68.38)
[EVAL] E: [142][6/7]	Loss 2.4761e+00 (2.4429e+00)	Acc@1  37.50 ( 38.24)	Acc@5  68.00 ( 68.32)
		 Valid evaluation at end of epoch: latest_acc:38.24 LR:0.00 -- best val acc so far 38.60

Started EPOCH:143
[TRAIN] E: [143][ 0/57]	Loss 2.2975e+00 (2.2975e+00)	Acc@1  43.00 ( 43.00)	Acc@5  69.88 ( 69.88)
[TRAIN] E: [143][56/57]	Loss 2.1894e+00 (2.3396e+00)	Acc@1  43.00 ( 39.85)	Acc@5  72.00 ( 69.70)
[EVAL] E: [143][0/7]	Loss 2.4976e+00 (2.4976e+00)	Acc@1  36.62 ( 36.62)	Acc@5  65.25 ( 65.25)
[EVAL] E: [143][6/7]	Loss 2.2706e+00 (2.4543e+00)	Acc@1  39.00 ( 37.26)	Acc@5  70.00 ( 67.22)
		 Valid evaluation at end of epoch: latest_acc:37.26 LR:0.00 -- best val acc so far 38.60

Started EPOCH:144
[TRAIN] E: [144][ 0/57]	Loss 2.3485e+00 (2.3485e+00)	Acc@1  39.38 ( 39.38)	Acc@5  68.88 ( 68.88)
[TRAIN] E: [144][56/57]	Loss 2.5166e+00 (2.3403e+00)	Acc@1  31.00 ( 39.98)	Acc@5  69.50 ( 69.99)
[EVAL] E: [144][0/7]	Loss 2.4738e+00 (2.4738e+00)	Acc@1  36.88 ( 36.88)	Acc@5  67.12 ( 67.12)
[EVAL] E: [144][6/7]	Loss 2.3584e+00 (2.4181e+00)	Acc@1  35.50 ( 37.42)	Acc@5  72.00 ( 68.16)
		 Valid evaluation at end of epoch: latest_acc:37.42 LR:0.00 -- best val acc so far 38.60

Started EPOCH:145
[TRAIN] E: [145][ 0/57]	Loss 2.3297e+00 (2.3297e+00)	Acc@1  39.62 ( 39.62)	Acc@5  69.75 ( 69.75)
[TRAIN] E: [145][56/57]	Loss 2.5573e+00 (2.3408e+00)	Acc@1  35.00 ( 39.79)	Acc@5  67.50 ( 69.71)
[EVAL] E: [145][0/7]	Loss 2.4107e+00 (2.4107e+00)	Acc@1  37.75 ( 37.75)	Acc@5  67.75 ( 67.75)
[EVAL] E: [145][6/7]	Loss 2.3260e+00 (2.3941e+00)	Acc@1  43.50 ( 38.40)	Acc@5  69.00 ( 68.32)
		 Valid evaluation at end of epoch: latest_acc:38.40 LR:0.00 -- best val acc so far 38.60

Started EPOCH:146
[TRAIN] E: [146][ 0/57]	Loss 2.2863e+00 (2.2863e+00)	Acc@1  39.88 ( 39.88)	Acc@5  71.12 ( 71.12)
[TRAIN] E: [146][56/57]	Loss 2.3159e+00 (2.3350e+00)	Acc@1  39.50 ( 39.79)	Acc@5  68.00 ( 70.21)
[EVAL] E: [146][0/7]	Loss 2.4293e+00 (2.4293e+00)	Acc@1  38.75 ( 38.75)	Acc@5  69.50 ( 69.50)
[EVAL] E: [146][6/7]	Loss 2.3871e+00 (2.4197e+00)	Acc@1  33.50 ( 38.88)	Acc@5  73.50 ( 68.56)
		 Valid evaluation at end of epoch: latest_acc:38.88 LR:0.00 -- best val acc so far 38.88

Started EPOCH:147
[TRAIN] E: [147][ 0/57]	Loss 2.3220e+00 (2.3220e+00)	Acc@1  40.88 ( 40.88)	Acc@5  70.38 ( 70.38)
[TRAIN] E: [147][56/57]	Loss 2.4969e+00 (2.3254e+00)	Acc@1  36.50 ( 40.32)	Acc@5  66.50 ( 70.08)
[EVAL] E: [147][0/7]	Loss 2.4937e+00 (2.4937e+00)	Acc@1  38.25 ( 38.25)	Acc@5  65.75 ( 65.75)
[EVAL] E: [147][6/7]	Loss 2.2994e+00 (2.4455e+00)	Acc@1  38.50 ( 38.08)	Acc@5  68.50 ( 67.32)
		 Valid evaluation at end of epoch: latest_acc:38.08 LR:0.00 -- best val acc so far 38.88

Started EPOCH:148
[TRAIN] E: [148][ 0/57]	Loss 2.2962e+00 (2.2962e+00)	Acc@1  39.62 ( 39.62)	Acc@5  70.88 ( 70.88)
[TRAIN] E: [148][56/57]	Loss 2.3837e+00 (2.3218e+00)	Acc@1  39.50 ( 40.29)	Acc@5  69.50 ( 70.46)
[EVAL] E: [148][0/7]	Loss 2.4242e+00 (2.4242e+00)	Acc@1  38.88 ( 38.88)	Acc@5  68.50 ( 68.50)
[EVAL] E: [148][6/7]	Loss 2.4741e+00 (2.4059e+00)	Acc@1  36.00 ( 38.86)	Acc@5  65.50 ( 68.72)
		 Valid evaluation at end of epoch: latest_acc:38.86 LR:0.00 -- best val acc so far 38.88

Started EPOCH:149
[TRAIN] E: [149][ 0/57]	Loss 2.4015e+00 (2.4015e+00)	Acc@1  40.12 ( 40.12)	Acc@5  68.62 ( 68.62)
[TRAIN] E: [149][56/57]	Loss 2.3569e+00 (2.3293e+00)	Acc@1  40.00 ( 40.04)	Acc@5  71.00 ( 70.14)
[EVAL] E: [149][0/7]	Loss 2.4264e+00 (2.4264e+00)	Acc@1  37.00 ( 37.00)	Acc@5  66.38 ( 66.38)
[EVAL] E: [149][6/7]	Loss 2.4136e+00 (2.4106e+00)	Acc@1  32.50 ( 37.74)	Acc@5  71.00 ( 68.20)
		 Valid evaluation at end of epoch: latest_acc:37.74 LR:0.00 -- best val acc so far 38.88

Started EPOCH:150
[TRAIN] E: [150][ 0/57]	Loss 2.3343e+00 (2.3343e+00)	Acc@1  40.00 ( 40.00)	Acc@5  69.25 ( 69.25)
[TRAIN] E: [150][56/57]	Loss 2.2407e+00 (2.3341e+00)	Acc@1  40.00 ( 40.00)	Acc@5  71.50 ( 69.98)
[EVAL] E: [150][0/7]	Loss 2.4687e+00 (2.4687e+00)	Acc@1  36.88 ( 36.88)	Acc@5  67.50 ( 67.50)
[EVAL] E: [150][6/7]	Loss 2.2747e+00 (2.4120e+00)	Acc@1  39.00 ( 38.36)	Acc@5  70.50 ( 68.76)
		 Valid evaluation at end of epoch: latest_acc:38.36 LR:0.00 -- best val acc so far 38.88

Started EPOCH:151
[TRAIN] E: [151][ 0/57]	Loss 2.3455e+00 (2.3455e+00)	Acc@1  40.88 ( 40.88)	Acc@5  71.50 ( 71.50)
[TRAIN] E: [151][56/57]	Loss 2.3968e+00 (2.3288e+00)	Acc@1  43.50 ( 39.91)	Acc@5  69.50 ( 70.38)
[EVAL] E: [151][0/7]	Loss 2.4655e+00 (2.4655e+00)	Acc@1  39.00 ( 39.00)	Acc@5  66.38 ( 66.38)
[EVAL] E: [151][6/7]	Loss 2.3176e+00 (2.4472e+00)	Acc@1  38.00 ( 37.84)	Acc@5  69.50 ( 67.24)
		 Valid evaluation at end of epoch: latest_acc:37.84 LR:0.00 -- best val acc so far 38.88

Started EPOCH:152
[TRAIN] E: [152][ 0/57]	Loss 2.4021e+00 (2.4021e+00)	Acc@1  39.25 ( 39.25)	Acc@5  68.62 ( 68.62)
[TRAIN] E: [152][56/57]	Loss 2.5723e+00 (2.3275e+00)	Acc@1  37.00 ( 39.94)	Acc@5  65.00 ( 70.40)
[EVAL] E: [152][0/7]	Loss 2.4045e+00 (2.4045e+00)	Acc@1  39.25 ( 39.25)	Acc@5  69.12 ( 69.12)
[EVAL] E: [152][6/7]	Loss 2.4559e+00 (2.4230e+00)	Acc@1  35.50 ( 38.34)	Acc@5  66.00 ( 68.98)
		 Valid evaluation at end of epoch: latest_acc:38.34 LR:0.00 -- best val acc so far 38.88

Started EPOCH:153
[TRAIN] E: [153][ 0/57]	Loss 2.3031e+00 (2.3031e+00)	Acc@1  42.62 ( 42.62)	Acc@5  71.88 ( 71.88)
[TRAIN] E: [153][56/57]	Loss 2.2591e+00 (2.3279e+00)	Acc@1  42.50 ( 40.03)	Acc@5  71.50 ( 70.33)
[EVAL] E: [153][0/7]	Loss 2.4218e+00 (2.4218e+00)	Acc@1  38.75 ( 38.75)	Acc@5  67.50 ( 67.50)
[EVAL] E: [153][6/7]	Loss 2.3064e+00 (2.4127e+00)	Acc@1  38.00 ( 38.02)	Acc@5  73.00 ( 68.52)
		 Valid evaluation at end of epoch: latest_acc:38.02 LR:0.00 -- best val acc so far 38.88

Started EPOCH:154
[TRAIN] E: [154][ 0/57]	Loss 2.3764e+00 (2.3764e+00)	Acc@1  38.25 ( 38.25)	Acc@5  69.00 ( 69.00)
[TRAIN] E: [154][56/57]	Loss 2.4067e+00 (2.3265e+00)	Acc@1  40.00 ( 39.99)	Acc@5  67.50 ( 70.32)
[EVAL] E: [154][0/7]	Loss 2.4344e+00 (2.4344e+00)	Acc@1  37.50 ( 37.50)	Acc@5  67.38 ( 67.38)
[EVAL] E: [154][6/7]	Loss 2.3486e+00 (2.4273e+00)	Acc@1  39.50 ( 37.40)	Acc@5  71.50 ( 67.64)
		 Valid evaluation at end of epoch: latest_acc:37.40 LR:0.00 -- best val acc so far 38.88

Started EPOCH:155
[TRAIN] E: [155][ 0/57]	Loss 2.3460e+00 (2.3460e+00)	Acc@1  41.25 ( 41.25)	Acc@5  69.12 ( 69.12)
[TRAIN] E: [155][56/57]	Loss 2.2779e+00 (2.3305e+00)	Acc@1  47.00 ( 39.98)	Acc@5  73.50 ( 70.33)
[EVAL] E: [155][0/7]	Loss 2.4372e+00 (2.4372e+00)	Acc@1  38.12 ( 38.12)	Acc@5  69.00 ( 69.00)
[EVAL] E: [155][6/7]	Loss 2.4294e+00 (2.4158e+00)	Acc@1  40.00 ( 38.96)	Acc@5  64.50 ( 68.20)
		 Valid evaluation at end of epoch: latest_acc:38.96 LR:0.00 -- best val acc so far 38.96

Started EPOCH:156
[TRAIN] E: [156][ 0/57]	Loss 2.3462e+00 (2.3462e+00)	Acc@1  39.00 ( 39.00)	Acc@5  70.62 ( 70.62)
[TRAIN] E: [156][56/57]	Loss 2.3067e+00 (2.3257e+00)	Acc@1  39.50 ( 40.16)	Acc@5  70.50 ( 70.24)
[EVAL] E: [156][0/7]	Loss 2.4344e+00 (2.4344e+00)	Acc@1  38.88 ( 38.88)	Acc@5  65.88 ( 65.88)
[EVAL] E: [156][6/7]	Loss 2.3025e+00 (2.4202e+00)	Acc@1  37.00 ( 38.24)	Acc@5  71.50 ( 67.38)
		 Valid evaluation at end of epoch: latest_acc:38.24 LR:0.00 -- best val acc so far 38.96

Started EPOCH:157
[TRAIN] E: [157][ 0/57]	Loss 2.2775e+00 (2.2775e+00)	Acc@1  41.62 ( 41.62)	Acc@5  70.88 ( 70.88)
[TRAIN] E: [157][56/57]	Loss 2.4421e+00 (2.3404e+00)	Acc@1  37.00 ( 39.87)	Acc@5  65.00 ( 69.96)
[EVAL] E: [157][0/7]	Loss 2.4922e+00 (2.4922e+00)	Acc@1  35.88 ( 35.88)	Acc@5  66.50 ( 66.50)
[EVAL] E: [157][6/7]	Loss 2.3975e+00 (2.4456e+00)	Acc@1  40.50 ( 37.78)	Acc@5  67.50 ( 67.44)
		 Valid evaluation at end of epoch: latest_acc:37.78 LR:0.01 -- best val acc so far 38.96

Started EPOCH:158
[TRAIN] E: [158][ 0/57]	Loss 2.2800e+00 (2.2800e+00)	Acc@1  40.62 ( 40.62)	Acc@5  73.25 ( 73.25)
[TRAIN] E: [158][56/57]	Loss 2.2023e+00 (2.3337e+00)	Acc@1  45.00 ( 40.14)	Acc@5  78.00 ( 70.17)
[EVAL] E: [158][0/7]	Loss 2.5290e+00 (2.5290e+00)	Acc@1  37.50 ( 37.50)	Acc@5  66.12 ( 66.12)
[EVAL] E: [158][6/7]	Loss 2.4939e+00 (2.5011e+00)	Acc@1  36.00 ( 36.84)	Acc@5  66.00 ( 66.56)
		 Valid evaluation at end of epoch: latest_acc:36.84 LR:0.01 -- best val acc so far 38.96

Started EPOCH:159
[TRAIN] E: [159][ 0/57]	Loss 2.3689e+00 (2.3689e+00)	Acc@1  40.62 ( 40.62)	Acc@5  68.62 ( 68.62)
[TRAIN] E: [159][56/57]	Loss 2.1406e+00 (2.3341e+00)	Acc@1  44.00 ( 40.07)	Acc@5  78.00 ( 70.41)
[EVAL] E: [159][0/7]	Loss 2.4621e+00 (2.4621e+00)	Acc@1  37.62 ( 37.62)	Acc@5  67.00 ( 67.00)
[EVAL] E: [159][6/7]	Loss 2.4655e+00 (2.5055e+00)	Acc@1  33.50 ( 36.72)	Acc@5  65.50 ( 65.98)
		 Valid evaluation at end of epoch: latest_acc:36.72 LR:0.01 -- best val acc so far 38.96

Started EPOCH:160
[TRAIN] E: [160][ 0/57]	Loss 2.3300e+00 (2.3300e+00)	Acc@1  41.00 ( 41.00)	Acc@5  71.00 ( 71.00)
[TRAIN] E: [160][56/57]	Loss 2.4221e+00 (2.3461e+00)	Acc@1  36.00 ( 39.47)	Acc@5  65.50 ( 69.82)
[EVAL] E: [160][0/7]	Loss 2.4723e+00 (2.4723e+00)	Acc@1  36.00 ( 36.00)	Acc@5  66.88 ( 66.88)
[EVAL] E: [160][6/7]	Loss 2.4110e+00 (2.4843e+00)	Acc@1  40.50 ( 36.28)	Acc@5  66.50 ( 66.86)
		 Valid evaluation at end of epoch: latest_acc:36.28 LR:0.01 -- best val acc so far 38.96

Started EPOCH:161
[TRAIN] E: [161][ 0/57]	Loss 2.4245e+00 (2.4245e+00)	Acc@1  39.25 ( 39.25)	Acc@5  67.00 ( 67.00)
[TRAIN] E: [161][56/57]	Loss 2.4123e+00 (2.3373e+00)	Acc@1  37.50 ( 39.79)	Acc@5  68.50 ( 70.34)
[EVAL] E: [161][0/7]	Loss 2.5618e+00 (2.5618e+00)	Acc@1  35.25 ( 35.25)	Acc@5  64.88 ( 64.88)
[EVAL] E: [161][6/7]	Loss 2.3871e+00 (2.5099e+00)	Acc@1  38.50 ( 36.76)	Acc@5  69.50 ( 66.90)
		 Valid evaluation at end of epoch: latest_acc:36.76 LR:0.01 -- best val acc so far 38.96

Started EPOCH:162
[TRAIN] E: [162][ 0/57]	Loss 2.4112e+00 (2.4112e+00)	Acc@1  38.62 ( 38.62)	Acc@5  68.50 ( 68.50)
[TRAIN] E: [162][56/57]	Loss 2.6948e+00 (2.3596e+00)	Acc@1  32.00 ( 39.26)	Acc@5  62.50 ( 69.54)
[EVAL] E: [162][0/7]	Loss 2.7792e+00 (2.7792e+00)	Acc@1  31.38 ( 31.38)	Acc@5  61.62 ( 61.62)
[EVAL] E: [162][6/7]	Loss 2.7408e+00 (2.7622e+00)	Acc@1  33.00 ( 31.34)	Acc@5  62.00 ( 60.96)
		 Valid evaluation at end of epoch: latest_acc:31.34 LR:0.02 -- best val acc so far 38.96

Started EPOCH:163
[TRAIN] E: [163][ 0/57]	Loss 2.4409e+00 (2.4409e+00)	Acc@1  37.50 ( 37.50)	Acc@5  66.00 ( 66.00)
[TRAIN] E: [163][56/57]	Loss 2.3920e+00 (2.3583e+00)	Acc@1  37.00 ( 39.55)	Acc@5  71.00 ( 69.45)
[EVAL] E: [163][0/7]	Loss 2.5320e+00 (2.5320e+00)	Acc@1  36.75 ( 36.75)	Acc@5  64.62 ( 64.62)
[EVAL] E: [163][6/7]	Loss 2.3888e+00 (2.5242e+00)	Acc@1  39.00 ( 36.70)	Acc@5  71.50 ( 65.72)
		 Valid evaluation at end of epoch: latest_acc:36.70 LR:0.02 -- best val acc so far 38.96

Started EPOCH:164
[TRAIN] E: [164][ 0/57]	Loss 2.3470e+00 (2.3470e+00)	Acc@1  41.62 ( 41.62)	Acc@5  69.50 ( 69.50)
[TRAIN] E: [164][56/57]	Loss 2.1749e+00 (2.3855e+00)	Acc@1  41.50 ( 38.81)	Acc@5  74.50 ( 68.86)
[EVAL] E: [164][0/7]	Loss 2.5825e+00 (2.5825e+00)	Acc@1  33.75 ( 33.75)	Acc@5  66.25 ( 66.25)
[EVAL] E: [164][6/7]	Loss 2.3188e+00 (2.5229e+00)	Acc@1  40.00 ( 35.48)	Acc@5  70.50 ( 66.20)
		 Valid evaluation at end of epoch: latest_acc:35.48 LR:0.02 -- best val acc so far 38.96

Started EPOCH:165
[TRAIN] E: [165][ 0/57]	Loss 2.4278e+00 (2.4278e+00)	Acc@1  38.88 ( 38.88)	Acc@5  68.88 ( 68.88)
[TRAIN] E: [165][56/57]	Loss 2.6143e+00 (2.3902e+00)	Acc@1  35.00 ( 38.61)	Acc@5  66.00 ( 68.93)
[EVAL] E: [165][0/7]	Loss 2.6731e+00 (2.6731e+00)	Acc@1  32.12 ( 32.12)	Acc@5  62.50 ( 62.50)
[EVAL] E: [165][6/7]	Loss 2.6887e+00 (2.6691e+00)	Acc@1  31.50 ( 32.68)	Acc@5  60.50 ( 62.74)
		 Valid evaluation at end of epoch: latest_acc:32.68 LR:0.02 -- best val acc so far 38.96

Started EPOCH:166
[TRAIN] E: [166][ 0/57]	Loss 2.3905e+00 (2.3905e+00)	Acc@1  39.50 ( 39.50)	Acc@5  69.38 ( 69.38)
[TRAIN] E: [166][56/57]	Loss 2.2650e+00 (2.3970e+00)	Acc@1  40.00 ( 38.73)	Acc@5  71.00 ( 68.82)
[EVAL] E: [166][0/7]	Loss 2.7893e+00 (2.7893e+00)	Acc@1  29.88 ( 29.88)	Acc@5  61.00 ( 61.00)
[EVAL] E: [166][6/7]	Loss 2.7888e+00 (2.8555e+00)	Acc@1  31.50 ( 29.70)	Acc@5  60.50 ( 58.48)
		 Valid evaluation at end of epoch: latest_acc:29.70 LR:0.03 -- best val acc so far 38.96

Started EPOCH:167
[TRAIN] E: [167][ 0/57]	Loss 2.4538e+00 (2.4538e+00)	Acc@1  36.50 ( 36.50)	Acc@5  68.00 ( 68.00)
[TRAIN] E: [167][56/57]	Loss 2.4666e+00 (2.4067e+00)	Acc@1  39.00 ( 38.25)	Acc@5  67.50 ( 68.74)
[EVAL] E: [167][0/7]	Loss 2.5585e+00 (2.5585e+00)	Acc@1  33.50 ( 33.50)	Acc@5  65.38 ( 65.38)
[EVAL] E: [167][6/7]	Loss 2.4207e+00 (2.5779e+00)	Acc@1  35.50 ( 34.42)	Acc@5  71.50 ( 65.30)
		 Valid evaluation at end of epoch: latest_acc:34.42 LR:0.03 -- best val acc so far 38.96

Started EPOCH:168
[TRAIN] E: [168][ 0/57]	Loss 2.4162e+00 (2.4162e+00)	Acc@1  36.12 ( 36.12)	Acc@5  69.00 ( 69.00)
[TRAIN] E: [168][56/57]	Loss 2.2065e+00 (2.4148e+00)	Acc@1  44.50 ( 38.30)	Acc@5  73.00 ( 68.25)
[EVAL] E: [168][0/7]	Loss 3.2879e+00 (3.2879e+00)	Acc@1  24.50 ( 24.50)	Acc@5  48.62 ( 48.62)
[EVAL] E: [168][6/7]	Loss 3.1691e+00 (3.1881e+00)	Acc@1  22.50 ( 24.52)	Acc@5  52.00 ( 51.82)
		 Valid evaluation at end of epoch: latest_acc:24.52 LR:0.03 -- best val acc so far 38.96

Started EPOCH:169
[TRAIN] E: [169][ 0/57]	Loss 2.4576e+00 (2.4576e+00)	Acc@1  36.50 ( 36.50)	Acc@5  67.00 ( 67.00)
[TRAIN] E: [169][56/57]	Loss 2.4523e+00 (2.4212e+00)	Acc@1  39.50 ( 38.13)	Acc@5  69.50 ( 68.20)
[EVAL] E: [169][0/7]	Loss 2.6728e+00 (2.6728e+00)	Acc@1  31.50 ( 31.50)	Acc@5  61.50 ( 61.50)
[EVAL] E: [169][6/7]	Loss 2.6343e+00 (2.6289e+00)	Acc@1  32.00 ( 32.86)	Acc@5  66.00 ( 63.28)
		 Valid evaluation at end of epoch: latest_acc:32.86 LR:0.03 -- best val acc so far 38.96

Started EPOCH:170
[TRAIN] E: [170][ 0/57]	Loss 2.3424e+00 (2.3424e+00)	Acc@1  40.88 ( 40.88)	Acc@5  69.38 ( 69.38)
[TRAIN] E: [170][56/57]	Loss 2.5725e+00 (2.4382e+00)	Acc@1  31.50 ( 37.59)	Acc@5  62.00 ( 67.78)
[EVAL] E: [170][0/7]	Loss 2.6590e+00 (2.6590e+00)	Acc@1  33.88 ( 33.88)	Acc@5  62.88 ( 62.88)
[EVAL] E: [170][6/7]	Loss 2.6240e+00 (2.6792e+00)	Acc@1  31.50 ( 33.38)	Acc@5  63.00 ( 62.74)
		 Valid evaluation at end of epoch: latest_acc:33.38 LR:0.04 -- best val acc so far 38.96

Started EPOCH:171
[TRAIN] E: [171][ 0/57]	Loss 2.4059e+00 (2.4059e+00)	Acc@1  38.75 ( 38.75)	Acc@5  69.25 ( 69.25)
[TRAIN] E: [171][56/57]	Loss 2.3209e+00 (2.4473e+00)	Acc@1  38.00 ( 37.68)	Acc@5  73.00 ( 67.85)
[EVAL] E: [171][0/7]	Loss 2.8335e+00 (2.8335e+00)	Acc@1  30.50 ( 30.50)	Acc@5  57.12 ( 57.12)
[EVAL] E: [171][6/7]	Loss 2.7843e+00 (2.7964e+00)	Acc@1  28.50 ( 30.34)	Acc@5  62.00 ( 59.78)
		 Valid evaluation at end of epoch: latest_acc:30.34 LR:0.04 -- best val acc so far 38.96

Started EPOCH:172
[TRAIN] E: [172][ 0/57]	Loss 2.4580e+00 (2.4580e+00)	Acc@1  38.00 ( 38.00)	Acc@5  65.88 ( 65.88)
[TRAIN] E: [172][56/57]	Loss 2.4904e+00 (2.4664e+00)	Acc@1  32.50 ( 37.12)	Acc@5  68.00 ( 67.37)
[EVAL] E: [172][0/7]	Loss 2.9374e+00 (2.9374e+00)	Acc@1  28.88 ( 28.88)	Acc@5  57.50 ( 57.50)
[EVAL] E: [172][6/7]	Loss 3.0058e+00 (2.8954e+00)	Acc@1  27.00 ( 29.40)	Acc@5  56.50 ( 58.10)
		 Valid evaluation at end of epoch: latest_acc:29.40 LR:0.04 -- best val acc so far 38.96

Started EPOCH:173
[TRAIN] E: [173][ 0/57]	Loss 2.4147e+00 (2.4147e+00)	Acc@1  36.12 ( 36.12)	Acc@5  69.00 ( 69.00)
[TRAIN] E: [173][56/57]	Loss 2.4877e+00 (2.4801e+00)	Acc@1  37.50 ( 36.65)	Acc@5  64.00 ( 67.06)
[EVAL] E: [173][0/7]	Loss 3.0512e+00 (3.0512e+00)	Acc@1  27.38 ( 27.38)	Acc@5  55.75 ( 55.75)
[EVAL] E: [173][6/7]	Loss 3.0565e+00 (3.0164e+00)	Acc@1  25.50 ( 27.66)	Acc@5  52.00 ( 54.76)
		 Valid evaluation at end of epoch: latest_acc:27.66 LR:0.05 -- best val acc so far 38.96

Started EPOCH:174
[TRAIN] E: [174][ 0/57]	Loss 2.5038e+00 (2.5038e+00)	Acc@1  36.38 ( 36.38)	Acc@5  64.25 ( 64.25)
[TRAIN] E: [174][56/57]	Loss 2.4697e+00 (2.4821e+00)	Acc@1  41.00 ( 36.59)	Acc@5  67.50 ( 66.82)
[EVAL] E: [174][0/7]	Loss 3.0395e+00 (3.0395e+00)	Acc@1  27.12 ( 27.12)	Acc@5  57.50 ( 57.50)
[EVAL] E: [174][6/7]	Loss 2.8569e+00 (2.9980e+00)	Acc@1  29.00 ( 27.24)	Acc@5  57.00 ( 56.04)
		 Valid evaluation at end of epoch: latest_acc:27.24 LR:0.05 -- best val acc so far 38.96

Started EPOCH:175
[TRAIN] E: [175][ 0/57]	Loss 2.4234e+00 (2.4234e+00)	Acc@1  39.12 ( 39.12)	Acc@5  67.00 ( 67.00)
[TRAIN] E: [175][56/57]	Loss 2.4832e+00 (2.4911e+00)	Acc@1  36.50 ( 36.34)	Acc@5  66.00 ( 66.57)
[EVAL] E: [175][0/7]	Loss 2.9477e+00 (2.9477e+00)	Acc@1  28.75 ( 28.75)	Acc@5  58.88 ( 58.88)
[EVAL] E: [175][6/7]	Loss 2.7928e+00 (2.8513e+00)	Acc@1  27.50 ( 30.24)	Acc@5  58.50 ( 59.22)
		 Valid evaluation at end of epoch: latest_acc:30.24 LR:0.05 -- best val acc so far 38.96

Started EPOCH:176
[TRAIN] E: [176][ 0/57]	Loss 2.5674e+00 (2.5674e+00)	Acc@1  33.62 ( 33.62)	Acc@5  64.38 ( 64.38)
[TRAIN] E: [176][56/57]	Loss 2.7587e+00 (2.5074e+00)	Acc@1  31.50 ( 35.96)	Acc@5  59.00 ( 66.55)
[EVAL] E: [176][0/7]	Loss 2.7985e+00 (2.7985e+00)	Acc@1  31.38 ( 31.38)	Acc@5  61.38 ( 61.38)
[EVAL] E: [176][6/7]	Loss 2.8372e+00 (2.7565e+00)	Acc@1  27.50 ( 30.86)	Acc@5  59.50 ( 61.42)
		 Valid evaluation at end of epoch: latest_acc:30.86 LR:0.06 -- best val acc so far 38.96

Started EPOCH:177
[TRAIN] E: [177][ 0/57]	Loss 2.5070e+00 (2.5070e+00)	Acc@1  36.62 ( 36.62)	Acc@5  64.88 ( 64.88)
[TRAIN] E: [177][56/57]	Loss 2.4809e+00 (2.5121e+00)	Acc@1  34.50 ( 36.12)	Acc@5  68.00 ( 66.35)
[EVAL] E: [177][0/7]	Loss 3.3508e+00 (3.3508e+00)	Acc@1  22.62 ( 22.62)	Acc@5  52.00 ( 52.00)
[EVAL] E: [177][6/7]	Loss 3.1996e+00 (3.3275e+00)	Acc@1  25.00 ( 23.52)	Acc@5  53.00 ( 51.92)
		 Valid evaluation at end of epoch: latest_acc:23.52 LR:0.06 -- best val acc so far 38.96

Started EPOCH:178
[TRAIN] E: [178][ 0/57]	Loss 2.6013e+00 (2.6013e+00)	Acc@1  30.62 ( 30.62)	Acc@5  64.75 ( 64.75)
[TRAIN] E: [178][56/57]	Loss 2.5673e+00 (2.5313e+00)	Acc@1  35.50 ( 35.49)	Acc@5  67.00 ( 65.86)
[EVAL] E: [178][0/7]	Loss 2.9818e+00 (2.9818e+00)	Acc@1  26.12 ( 26.12)	Acc@5  56.38 ( 56.38)
[EVAL] E: [178][6/7]	Loss 2.8415e+00 (2.9308e+00)	Acc@1  24.50 ( 28.24)	Acc@5  58.50 ( 56.94)
		 Valid evaluation at end of epoch: latest_acc:28.24 LR:0.06 -- best val acc so far 38.96

Started EPOCH:179
[TRAIN] E: [179][ 0/57]	Loss 2.4543e+00 (2.4543e+00)	Acc@1  39.25 ( 39.25)	Acc@5  65.75 ( 65.75)
[TRAIN] E: [179][56/57]	Loss 2.6637e+00 (2.5313e+00)	Acc@1  30.00 ( 35.48)	Acc@5  61.00 ( 65.78)
[EVAL] E: [179][0/7]	Loss 3.2678e+00 (3.2678e+00)	Acc@1  23.00 ( 23.00)	Acc@5  49.38 ( 49.38)
[EVAL] E: [179][6/7]	Loss 3.4705e+00 (3.2605e+00)	Acc@1  20.50 ( 23.96)	Acc@5  47.50 ( 51.04)
		 Valid evaluation at end of epoch: latest_acc:23.96 LR:0.07 -- best val acc so far 38.96

Started EPOCH:180
[TRAIN] E: [180][ 0/57]	Loss 2.5684e+00 (2.5684e+00)	Acc@1  35.62 ( 35.62)	Acc@5  64.88 ( 64.88)
[TRAIN] E: [180][56/57]	Loss 2.6544e+00 (2.5300e+00)	Acc@1  36.50 ( 35.70)	Acc@5  63.50 ( 66.04)
[EVAL] E: [180][0/7]	Loss 3.4106e+00 (3.4106e+00)	Acc@1  21.50 ( 21.50)	Acc@5  49.50 ( 49.50)
[EVAL] E: [180][6/7]	Loss 3.3940e+00 (3.3409e+00)	Acc@1  20.50 ( 22.90)	Acc@5  49.50 ( 51.26)
		 Valid evaluation at end of epoch: latest_acc:22.90 LR:0.07 -- best val acc so far 38.96

Started EPOCH:181
[TRAIN] E: [181][ 0/57]	Loss 2.5748e+00 (2.5748e+00)	Acc@1  34.38 ( 34.38)	Acc@5  66.12 ( 66.12)
[TRAIN] E: [181][56/57]	Loss 2.5486e+00 (2.5525e+00)	Acc@1  38.50 ( 34.79)	Acc@5  65.50 ( 65.60)
[EVAL] E: [181][0/7]	Loss 2.8834e+00 (2.8834e+00)	Acc@1  30.12 ( 30.12)	Acc@5  57.88 ( 57.88)
[EVAL] E: [181][6/7]	Loss 2.8000e+00 (2.8115e+00)	Acc@1  33.50 ( 31.04)	Acc@5  57.50 ( 59.66)
		 Valid evaluation at end of epoch: latest_acc:31.04 LR:0.07 -- best val acc so far 38.96

Started EPOCH:182
[TRAIN] E: [182][ 0/57]	Loss 2.6307e+00 (2.6307e+00)	Acc@1  34.38 ( 34.38)	Acc@5  64.25 ( 64.25)
[TRAIN] E: [182][56/57]	Loss 2.4737e+00 (2.5503e+00)	Acc@1  35.00 ( 35.16)	Acc@5  70.00 ( 65.57)
[EVAL] E: [182][0/7]	Loss 2.8980e+00 (2.8980e+00)	Acc@1  28.12 ( 28.12)	Acc@5  58.75 ( 58.75)
[EVAL] E: [182][6/7]	Loss 2.8335e+00 (2.8588e+00)	Acc@1  31.50 ( 29.24)	Acc@5  57.50 ( 58.98)
		 Valid evaluation at end of epoch: latest_acc:29.24 LR:0.07 -- best val acc so far 38.96

Started EPOCH:183
[TRAIN] E: [183][ 0/57]	Loss 2.4057e+00 (2.4057e+00)	Acc@1  40.38 ( 40.38)	Acc@5  68.38 ( 68.38)
[TRAIN] E: [183][56/57]	Loss 2.6271e+00 (2.5596e+00)	Acc@1  32.50 ( 35.00)	Acc@5  62.50 ( 65.48)
[EVAL] E: [183][0/7]	Loss 3.2297e+00 (3.2297e+00)	Acc@1  25.38 ( 25.38)	Acc@5  49.38 ( 49.38)
[EVAL] E: [183][6/7]	Loss 3.3067e+00 (3.2683e+00)	Acc@1  22.50 ( 23.36)	Acc@5  51.00 ( 49.58)
		 Valid evaluation at end of epoch: latest_acc:23.36 LR:0.08 -- best val acc so far 38.96

Started EPOCH:184
[TRAIN] E: [184][ 0/57]	Loss 2.5692e+00 (2.5692e+00)	Acc@1  33.88 ( 33.88)	Acc@5  69.62 ( 69.62)
[TRAIN] E: [184][56/57]	Loss 2.4273e+00 (2.5448e+00)	Acc@1  32.00 ( 35.09)	Acc@5  73.00 ( 65.53)
[EVAL] E: [184][0/7]	Loss 2.8326e+00 (2.8326e+00)	Acc@1  29.12 ( 29.12)	Acc@5  58.50 ( 58.50)
[EVAL] E: [184][6/7]	Loss 2.7629e+00 (2.8323e+00)	Acc@1  27.50 ( 29.86)	Acc@5  58.50 ( 60.04)
		 Valid evaluation at end of epoch: latest_acc:29.86 LR:0.08 -- best val acc so far 38.96

Started EPOCH:185
[TRAIN] E: [185][ 0/57]	Loss 2.5182e+00 (2.5182e+00)	Acc@1  35.38 ( 35.38)	Acc@5  64.75 ( 64.75)
[TRAIN] E: [185][56/57]	Loss 2.5195e+00 (2.5636e+00)	Acc@1  37.00 ( 34.87)	Acc@5  67.00 ( 65.17)
[EVAL] E: [185][0/7]	Loss 3.3027e+00 (3.3027e+00)	Acc@1  20.62 ( 20.62)	Acc@5  49.50 ( 49.50)
[EVAL] E: [185][6/7]	Loss 3.2324e+00 (3.2476e+00)	Acc@1  23.00 ( 23.02)	Acc@5  49.00 ( 50.70)
		 Valid evaluation at end of epoch: latest_acc:23.02 LR:0.08 -- best val acc so far 38.96

Started EPOCH:186
[TRAIN] E: [186][ 0/57]	Loss 2.5854e+00 (2.5854e+00)	Acc@1  35.12 ( 35.12)	Acc@5  63.75 ( 63.75)
[TRAIN] E: [186][56/57]	Loss 2.4836e+00 (2.5587e+00)	Acc@1  40.50 ( 35.24)	Acc@5  65.50 ( 65.09)
[EVAL] E: [186][0/7]	Loss 3.0570e+00 (3.0570e+00)	Acc@1  25.12 ( 25.12)	Acc@5  53.88 ( 53.88)
[EVAL] E: [186][6/7]	Loss 3.0658e+00 (3.0881e+00)	Acc@1  24.00 ( 25.86)	Acc@5  56.50 ( 53.82)
		 Valid evaluation at end of epoch: latest_acc:25.86 LR:0.08 -- best val acc so far 38.96

Started EPOCH:187
[TRAIN] E: [187][ 0/57]	Loss 2.6626e+00 (2.6626e+00)	Acc@1  31.50 ( 31.50)	Acc@5  64.50 ( 64.50)
[TRAIN] E: [187][56/57]	Loss 2.5374e+00 (2.5653e+00)	Acc@1  38.50 ( 34.73)	Acc@5  59.00 ( 64.99)
[EVAL] E: [187][0/7]	Loss 2.9445e+00 (2.9445e+00)	Acc@1  28.25 ( 28.25)	Acc@5  57.00 ( 57.00)
[EVAL] E: [187][6/7]	Loss 2.8306e+00 (2.9399e+00)	Acc@1  28.00 ( 27.76)	Acc@5  61.00 ( 56.42)
		 Valid evaluation at end of epoch: latest_acc:27.76 LR:0.09 -- best val acc so far 38.96

Started EPOCH:188
[TRAIN] E: [188][ 0/57]	Loss 2.5449e+00 (2.5449e+00)	Acc@1  35.50 ( 35.50)	Acc@5  64.12 ( 64.12)
[TRAIN] E: [188][56/57]	Loss 2.4898e+00 (2.5618e+00)	Acc@1  33.50 ( 34.90)	Acc@5  66.00 ( 65.34)
[EVAL] E: [188][0/7]	Loss 3.0102e+00 (3.0102e+00)	Acc@1  27.12 ( 27.12)	Acc@5  56.75 ( 56.75)
[EVAL] E: [188][6/7]	Loss 3.0102e+00 (3.0039e+00)	Acc@1  28.00 ( 26.50)	Acc@5  59.00 ( 56.38)
		 Valid evaluation at end of epoch: latest_acc:26.50 LR:0.09 -- best val acc so far 38.96

Started EPOCH:189
[TRAIN] E: [189][ 0/57]	Loss 2.5530e+00 (2.5530e+00)	Acc@1  34.75 ( 34.75)	Acc@5  64.25 ( 64.25)
[TRAIN] E: [189][56/57]	Loss 2.6275e+00 (2.5822e+00)	Acc@1  34.50 ( 34.34)	Acc@5  61.50 ( 64.60)
[EVAL] E: [189][0/7]	Loss 3.0044e+00 (3.0044e+00)	Acc@1  27.12 ( 27.12)	Acc@5  55.50 ( 55.50)
[EVAL] E: [189][6/7]	Loss 3.0260e+00 (3.0265e+00)	Acc@1  27.50 ( 26.42)	Acc@5  52.50 ( 55.68)
		 Valid evaluation at end of epoch: latest_acc:26.42 LR:0.09 -- best val acc so far 38.96

Started EPOCH:190
[TRAIN] E: [190][ 0/57]	Loss 2.5410e+00 (2.5410e+00)	Acc@1  34.00 ( 34.00)	Acc@5  65.38 ( 65.38)
[TRAIN] E: [190][56/57]	Loss 2.8285e+00 (2.5747e+00)	Acc@1  28.00 ( 34.85)	Acc@5  59.00 ( 64.81)
[EVAL] E: [190][0/7]	Loss 3.3882e+00 (3.3882e+00)	Acc@1  23.62 ( 23.62)	Acc@5  49.25 ( 49.25)
[EVAL] E: [190][6/7]	Loss 3.2508e+00 (3.3603e+00)	Acc@1  21.00 ( 23.06)	Acc@5  50.00 ( 49.72)
		 Valid evaluation at end of epoch: latest_acc:23.06 LR:0.09 -- best val acc so far 38.96

Started EPOCH:191
[TRAIN] E: [191][ 0/57]	Loss 2.5714e+00 (2.5714e+00)	Acc@1  34.50 ( 34.50)	Acc@5  66.62 ( 66.62)
[TRAIN] E: [191][56/57]	Loss 2.7801e+00 (2.5812e+00)	Acc@1  33.00 ( 34.56)	Acc@5  61.50 ( 64.94)
[EVAL] E: [191][0/7]	Loss 3.1000e+00 (3.1000e+00)	Acc@1  26.88 ( 26.88)	Acc@5  54.12 ( 54.12)
[EVAL] E: [191][6/7]	Loss 3.0599e+00 (3.1348e+00)	Acc@1  27.50 ( 25.50)	Acc@5  55.00 ( 53.44)
		 Valid evaluation at end of epoch: latest_acc:25.50 LR:0.09 -- best val acc so far 38.96

Started EPOCH:192
[TRAIN] E: [192][ 0/57]	Loss 2.5603e+00 (2.5603e+00)	Acc@1  32.88 ( 32.88)	Acc@5  64.50 ( 64.50)
[TRAIN] E: [192][56/57]	Loss 2.6891e+00 (2.5685e+00)	Acc@1  33.00 ( 34.41)	Acc@5  61.50 ( 65.26)
[EVAL] E: [192][0/7]	Loss 3.0990e+00 (3.0990e+00)	Acc@1  24.00 ( 24.00)	Acc@5  53.62 ( 53.62)
[EVAL] E: [192][6/7]	Loss 3.0071e+00 (2.9797e+00)	Acc@1  23.50 ( 26.30)	Acc@5  54.50 ( 55.92)
		 Valid evaluation at end of epoch: latest_acc:26.30 LR:0.10 -- best val acc so far 38.96

Started EPOCH:193
[TRAIN] E: [193][ 0/57]	Loss 2.5816e+00 (2.5816e+00)	Acc@1  33.50 ( 33.50)	Acc@5  64.75 ( 64.75)
[TRAIN] E: [193][56/57]	Loss 2.4442e+00 (2.5764e+00)	Acc@1  38.50 ( 34.65)	Acc@5  70.50 ( 64.92)
[EVAL] E: [193][0/7]	Loss 2.9733e+00 (2.9733e+00)	Acc@1  24.62 ( 24.62)	Acc@5  55.88 ( 55.88)
[EVAL] E: [193][6/7]	Loss 3.0595e+00 (2.9314e+00)	Acc@1  28.50 ( 28.52)	Acc@5  53.00 ( 56.70)
		 Valid evaluation at end of epoch: latest_acc:28.52 LR:0.10 -- best val acc so far 38.96

Started EPOCH:194
[TRAIN] E: [194][ 0/57]	Loss 2.5255e+00 (2.5255e+00)	Acc@1  34.88 ( 34.88)	Acc@5  65.75 ( 65.75)
[TRAIN] E: [194][56/57]	Loss 2.5031e+00 (2.5706e+00)	Acc@1  38.00 ( 34.82)	Acc@5  65.50 ( 65.04)
[EVAL] E: [194][0/7]	Loss 2.9364e+00 (2.9364e+00)	Acc@1  28.50 ( 28.50)	Acc@5  57.75 ( 57.75)
[EVAL] E: [194][6/7]	Loss 2.9523e+00 (2.9464e+00)	Acc@1  27.00 ( 27.82)	Acc@5  61.00 ( 56.78)
		 Valid evaluation at end of epoch: latest_acc:27.82 LR:0.10 -- best val acc so far 38.96

Started EPOCH:195
[TRAIN] E: [195][ 0/57]	Loss 2.6163e+00 (2.6163e+00)	Acc@1  32.50 ( 32.50)	Acc@5  65.62 ( 65.62)
[TRAIN] E: [195][56/57]	Loss 2.5182e+00 (2.5651e+00)	Acc@1  31.50 ( 34.74)	Acc@5  68.50 ( 65.45)
[EVAL] E: [195][0/7]	Loss 3.1056e+00 (3.1056e+00)	Acc@1  25.38 ( 25.38)	Acc@5  52.75 ( 52.75)
[EVAL] E: [195][6/7]	Loss 2.9198e+00 (2.9979e+00)	Acc@1  24.50 ( 26.82)	Acc@5  56.00 ( 55.12)
		 Valid evaluation at end of epoch: latest_acc:26.82 LR:0.10 -- best val acc so far 38.96

Started EPOCH:196
[TRAIN] E: [196][ 0/57]	Loss 2.4691e+00 (2.4691e+00)	Acc@1  34.50 ( 34.50)	Acc@5  68.88 ( 68.88)
[TRAIN] E: [196][56/57]	Loss 2.4521e+00 (2.5634e+00)	Acc@1  37.50 ( 34.79)	Acc@5  66.50 ( 65.31)
[EVAL] E: [196][0/7]	Loss 3.3253e+00 (3.3253e+00)	Acc@1  22.00 ( 22.00)	Acc@5  46.62 ( 46.62)
[EVAL] E: [196][6/7]	Loss 3.2845e+00 (3.2967e+00)	Acc@1  21.00 ( 22.54)	Acc@5  49.00 ( 49.06)
		 Valid evaluation at end of epoch: latest_acc:22.54 LR:0.10 -- best val acc so far 38.96

Started EPOCH:197
[TRAIN] E: [197][ 0/57]	Loss 2.6152e+00 (2.6152e+00)	Acc@1  34.75 ( 34.75)	Acc@5  63.38 ( 63.38)
[TRAIN] E: [197][56/57]	Loss 2.4904e+00 (2.5666e+00)	Acc@1  36.50 ( 34.88)	Acc@5  69.00 ( 65.19)
[EVAL] E: [197][0/7]	Loss 3.0165e+00 (3.0165e+00)	Acc@1  25.88 ( 25.88)	Acc@5  57.38 ( 57.38)
[EVAL] E: [197][6/7]	Loss 3.1354e+00 (2.9791e+00)	Acc@1  21.00 ( 26.44)	Acc@5  53.00 ( 57.24)
		 Valid evaluation at end of epoch: latest_acc:26.44 LR:0.10 -- best val acc so far 38.96

Started EPOCH:198
[TRAIN] E: [198][ 0/57]	Loss 2.6058e+00 (2.6058e+00)	Acc@1  33.38 ( 33.38)	Acc@5  64.75 ( 64.75)
[TRAIN] E: [198][56/57]	Loss 2.5665e+00 (2.5665e+00)	Acc@1  34.50 ( 34.61)	Acc@5  65.50 ( 65.19)
[EVAL] E: [198][0/7]	Loss 3.6338e+00 (3.6338e+00)	Acc@1  20.38 ( 20.38)	Acc@5  46.00 ( 46.00)
[EVAL] E: [198][6/7]	Loss 3.5774e+00 (3.6587e+00)	Acc@1  22.00 ( 19.88)	Acc@5  44.00 ( 45.58)
		 Valid evaluation at end of epoch: latest_acc:19.88 LR:0.10 -- best val acc so far 38.96

Started EPOCH:199
[TRAIN] E: [199][ 0/57]	Loss 2.6969e+00 (2.6969e+00)	Acc@1  32.25 ( 32.25)	Acc@5  61.25 ( 61.25)
[TRAIN] E: [199][56/57]	Loss 2.6920e+00 (2.5731e+00)	Acc@1  32.00 ( 34.45)	Acc@5  60.00 ( 65.09)
[EVAL] E: [199][0/7]	Loss 3.1279e+00 (3.1279e+00)	Acc@1  22.75 ( 22.75)	Acc@5  52.75 ( 52.75)
[EVAL] E: [199][6/7]	Loss 2.8731e+00 (3.0501e+00)	Acc@1  30.00 ( 25.48)	Acc@5  55.50 ( 54.14)
		 Valid evaluation at end of epoch: latest_acc:25.48 LR:0.10 -- best val acc so far 38.96


***[2023-05-02 22:17:17]*** [Post-train] [Student] Test loss = 1.772245, accuracy@1 = 51.46, accuracy@5 = 81.31, error@1 = 48.54, error@5 = 18.69
Result is from best val model of epoch:156
