Main Function with logger : Logger(dir=ce_results, use-tf=False, writer=None)
Arguments : -------------------------------
batch_size       : 800
cutout_length    : 16
data_path        : /home/prathamesh/code/data/cifar/
dataset          : cifar100
epochs           : 200
eval_batch_size  : 800
file_name        : CE_with_seed-1_cycles-1
global_rand_seed : -1
lr               : 0.1
model_name       : ResNet10_s
momentum         : 0.9
print_freq       : 100
print_freq_eval  : 100
rand_seed        : 1
save_dir         : ./ce_results
sched_cycles     : 1
wd               : 0.0005
workers          : 8
Python  Version  : 3.7.12 | packaged by conda-forge | (default, Oct 26 2021, 06:08:21)  [GCC 9.4.0]
Pillow  Version  : 9.2.0
PyTorch Version  : 1.13.1
cuDNN   Version  : 8500
CUDA available   : True
CUDA GPU numbers : 1
CUDA_VISIBLE_DEVICES : 0
Namespace(batch_size=800, class_num=100, cutout_length=16, data_path='/home/prathamesh/code/data/cifar/', dataset='cifar100', epochs=200, eval_batch_size=800, file_name='CE_with_seed-1_cycles-1', global_rand_seed=-1, lr=0.1, model_name='ResNet10_s', momentum=0.9, print_freq=100, print_freq_eval=100, rand_seed=1, save_dir='./ce_results', sched_cycles=1, wd=0.0005, workers=8)
Train:45000	, Valid:5000	, Test:10000

--------------------------------------------------
Student: ResNet10_s
Scheduling LR update to student 1 time at 200-epoch intervals
model information : EfficientNetV2_s (CIFAR)
--------------------------------------------------
[Student] Params=0.08 MB, FLOPs=4.16 M ... = 0.00 G

Started EPOCH:0
[TRAIN] E: [0][ 0/57]	Loss 4.6708e+00 (4.6708e+00)	Acc@1   1.25 (  1.25)	Acc@5   6.00 (  6.00)
[TRAIN] E: [0][56/57]	Loss 4.3696e+00 (4.4841e+00)	Acc@1   5.00 (  2.60)	Acc@5  15.00 ( 11.15)
[EVAL] E: [0][0/7]	Loss 4.4143e+00 (4.4143e+00)	Acc@1   2.25 (  2.25)	Acc@5  12.75 ( 12.75)
[EVAL] E: [0][6/7]	Loss 4.3360e+00 (4.3923e+00)	Acc@1   4.50 (  3.12)	Acc@5  15.50 ( 13.86)
		 Valid evaluation at end of epoch: latest_acc:3.12 LR:0.08 -- best val acc so far 3.12

Started EPOCH:1
[TRAIN] E: [1][ 0/57]	Loss 4.3712e+00 (4.3712e+00)	Acc@1   4.00 (  4.00)	Acc@5  15.38 ( 15.38)
[TRAIN] E: [1][56/57]	Loss 4.3392e+00 (4.2763e+00)	Acc@1   3.50 (  4.85)	Acc@5  19.50 ( 18.48)
[EVAL] E: [1][0/7]	Loss 4.2371e+00 (4.2371e+00)	Acc@1   6.75 (  6.75)	Acc@5  21.38 ( 21.38)
[EVAL] E: [1][6/7]	Loss 4.2623e+00 (4.2440e+00)	Acc@1   5.50 (  5.70)	Acc@5  19.00 ( 19.40)
		 Valid evaluation at end of epoch: latest_acc:5.70 LR:0.04 -- best val acc so far 5.70

Started EPOCH:2
[TRAIN] E: [2][ 0/57]	Loss 4.1861e+00 (4.1861e+00)	Acc@1   6.62 (  6.62)	Acc@5  21.88 ( 21.88)
[TRAIN] E: [2][56/57]	Loss 4.3174e+00 (4.1718e+00)	Acc@1   6.00 (  6.72)	Acc@5  17.00 ( 22.00)
[EVAL] E: [2][0/7]	Loss 4.2218e+00 (4.2218e+00)	Acc@1   7.12 (  7.12)	Acc@5  21.00 ( 21.00)
[EVAL] E: [2][6/7]	Loss 4.1912e+00 (4.1792e+00)	Acc@1   6.00 (  7.18)	Acc@5  23.50 ( 21.98)
		 Valid evaluation at end of epoch: latest_acc:7.18 LR:0.01 -- best val acc so far 7.18

Started EPOCH:3
[TRAIN] E: [3][ 0/57]	Loss 4.1252e+00 (4.1252e+00)	Acc@1   6.62 (  6.62)	Acc@5  24.50 ( 24.50)
[TRAIN] E: [3][56/57]	Loss 4.2168e+00 (4.1393e+00)	Acc@1   7.00 (  7.02)	Acc@5  23.50 ( 23.21)
[EVAL] E: [3][0/7]	Loss 4.1667e+00 (4.1667e+00)	Acc@1   8.00 (  8.00)	Acc@5  23.88 ( 23.88)
[EVAL] E: [3][6/7]	Loss 4.1978e+00 (4.1466e+00)	Acc@1   5.00 (  6.92)	Acc@5  20.50 ( 23.44)
		 Valid evaluation at end of epoch: latest_acc:6.92 LR:0.00 -- best val acc so far 7.18

Started EPOCH:4
[TRAIN] E: [4][ 0/57]	Loss 4.1200e+00 (4.1200e+00)	Acc@1   6.25 (  6.25)	Acc@5  24.00 ( 24.00)
[TRAIN] E: [4][56/57]	Loss 4.1299e+00 (4.1387e+00)	Acc@1   7.00 (  7.06)	Acc@5  24.50 ( 23.26)
[EVAL] E: [4][0/7]	Loss 4.2078e+00 (4.2078e+00)	Acc@1   6.88 (  6.88)	Acc@5  21.25 ( 21.25)
[EVAL] E: [4][6/7]	Loss 4.1961e+00 (4.1992e+00)	Acc@1   6.50 (  6.12)	Acc@5  23.50 ( 21.54)
		 Valid evaluation at end of epoch: latest_acc:6.12 LR:0.04 -- best val acc so far 7.18

Started EPOCH:5
[TRAIN] E: [5][ 0/57]	Loss 4.1177e+00 (4.1177e+00)	Acc@1   7.88 (  7.88)	Acc@5  22.88 ( 22.88)
[TRAIN] E: [5][56/57]	Loss 4.1362e+00 (4.1046e+00)	Acc@1   4.50 (  7.53)	Acc@5  21.00 ( 24.28)
[EVAL] E: [5][0/7]	Loss 4.2313e+00 (4.2313e+00)	Acc@1   5.88 (  5.88)	Acc@5  19.62 ( 19.62)
[EVAL] E: [5][6/7]	Loss 4.1557e+00 (4.1874e+00)	Acc@1   6.00 (  6.36)	Acc@5  25.00 ( 21.56)
		 Valid evaluation at end of epoch: latest_acc:6.36 LR:0.08 -- best val acc so far 7.18

Started EPOCH:6
[TRAIN] E: [6][ 0/57]	Loss 4.0827e+00 (4.0827e+00)	Acc@1   8.00 (  8.00)	Acc@5  24.50 ( 24.50)
[TRAIN] E: [6][56/57]	Loss 4.0310e+00 (4.0695e+00)	Acc@1   8.00 (  7.88)	Acc@5  29.00 ( 25.67)
[EVAL] E: [6][0/7]	Loss 4.1322e+00 (4.1322e+00)	Acc@1   7.50 (  7.50)	Acc@5  24.00 ( 24.00)
[EVAL] E: [6][6/7]	Loss 4.1338e+00 (4.0933e+00)	Acc@1   9.00 (  7.74)	Acc@5  25.50 ( 25.00)
		 Valid evaluation at end of epoch: latest_acc:7.74 LR:0.10 -- best val acc so far 7.74

Started EPOCH:7
[TRAIN] E: [7][ 0/57]	Loss 4.0025e+00 (4.0025e+00)	Acc@1   8.25 (  8.25)	Acc@5  29.25 ( 29.25)
[TRAIN] E: [7][56/57]	Loss 3.9090e+00 (3.9727e+00)	Acc@1  11.00 (  9.16)	Acc@5  27.50 ( 28.53)
[EVAL] E: [7][0/7]	Loss 3.9970e+00 (3.9970e+00)	Acc@1   8.38 (  8.38)	Acc@5  26.12 ( 26.12)
[EVAL] E: [7][6/7]	Loss 3.9668e+00 (3.9892e+00)	Acc@1   9.00 (  8.72)	Acc@5  32.50 ( 28.04)
		 Valid evaluation at end of epoch: latest_acc:8.72 LR:0.08 -- best val acc so far 8.72

Started EPOCH:8
[TRAIN] E: [8][ 0/57]	Loss 3.9385e+00 (3.9385e+00)	Acc@1   9.00 (  9.00)	Acc@5  29.12 ( 29.12)
[TRAIN] E: [8][56/57]	Loss 3.7564e+00 (3.8716e+00)	Acc@1  10.50 ( 10.92)	Acc@5  40.00 ( 31.77)
[EVAL] E: [8][0/7]	Loss 3.9324e+00 (3.9324e+00)	Acc@1  11.62 ( 11.62)	Acc@5  30.88 ( 30.88)
[EVAL] E: [8][6/7]	Loss 3.7727e+00 (3.8634e+00)	Acc@1  11.50 ( 11.16)	Acc@5  34.50 ( 31.54)
		 Valid evaluation at end of epoch: latest_acc:11.16 LR:0.04 -- best val acc so far 11.16

Started EPOCH:9
[TRAIN] E: [9][ 0/57]	Loss 3.7705e+00 (3.7705e+00)	Acc@1  12.38 ( 12.38)	Acc@5  36.25 ( 36.25)
[TRAIN] E: [9][56/57]	Loss 3.6188e+00 (3.7589e+00)	Acc@1  14.50 ( 12.65)	Acc@5  37.00 ( 34.97)
[EVAL] E: [9][0/7]	Loss 3.7733e+00 (3.7733e+00)	Acc@1  12.38 ( 12.38)	Acc@5  35.50 ( 35.50)
[EVAL] E: [9][6/7]	Loss 3.8125e+00 (3.7766e+00)	Acc@1  13.50 ( 12.78)	Acc@5  35.00 ( 35.30)
		 Valid evaluation at end of epoch: latest_acc:12.78 LR:0.01 -- best val acc so far 12.78

Started EPOCH:10
[TRAIN] E: [10][ 0/57]	Loss 3.7625e+00 (3.7625e+00)	Acc@1  14.88 ( 14.88)	Acc@5  35.00 ( 35.00)
[TRAIN] E: [10][56/57]	Loss 3.6134e+00 (3.7296e+00)	Acc@1  15.50 ( 13.16)	Acc@5  39.50 ( 36.05)
[EVAL] E: [10][0/7]	Loss 3.8088e+00 (3.8088e+00)	Acc@1  13.12 ( 13.12)	Acc@5  35.00 ( 35.00)
[EVAL] E: [10][6/7]	Loss 3.7757e+00 (3.7592e+00)	Acc@1  17.00 ( 13.70)	Acc@5  38.00 ( 35.46)
		 Valid evaluation at end of epoch: latest_acc:13.70 LR:0.00 -- best val acc so far 13.70

Started EPOCH:11
[TRAIN] E: [11][ 0/57]	Loss 3.7170e+00 (3.7170e+00)	Acc@1  14.25 ( 14.25)	Acc@5  37.25 ( 37.25)
[TRAIN] E: [11][56/57]	Loss 3.7058e+00 (3.7231e+00)	Acc@1  15.50 ( 13.36)	Acc@5  36.00 ( 36.00)
[EVAL] E: [11][0/7]	Loss 3.9448e+00 (3.9448e+00)	Acc@1   9.50 (  9.50)	Acc@5  29.50 ( 29.50)
[EVAL] E: [11][6/7]	Loss 3.8866e+00 (3.8907e+00)	Acc@1  11.00 ( 10.44)	Acc@5  32.50 ( 30.94)
		 Valid evaluation at end of epoch: latest_acc:10.44 LR:0.04 -- best val acc so far 13.70

Started EPOCH:12
[TRAIN] E: [12][ 0/57]	Loss 3.7704e+00 (3.7704e+00)	Acc@1  11.88 ( 11.88)	Acc@5  32.38 ( 32.38)
[TRAIN] E: [12][56/57]	Loss 3.8187e+00 (3.7442e+00)	Acc@1  10.50 ( 12.73)	Acc@5  29.00 ( 35.35)
[EVAL] E: [12][0/7]	Loss 4.0018e+00 (4.0018e+00)	Acc@1   8.75 (  8.75)	Acc@5  31.25 ( 31.25)
[EVAL] E: [12][6/7]	Loss 4.0291e+00 (3.9928e+00)	Acc@1  10.50 ( 10.12)	Acc@5  30.50 ( 29.18)
		 Valid evaluation at end of epoch: latest_acc:10.12 LR:0.08 -- best val acc so far 13.70

Started EPOCH:13
[TRAIN] E: [13][ 0/57]	Loss 3.7217e+00 (3.7217e+00)	Acc@1  13.62 ( 13.62)	Acc@5  35.62 ( 35.62)
[TRAIN] E: [13][56/57]	Loss 3.7138e+00 (3.7315e+00)	Acc@1  13.00 ( 12.94)	Acc@5  37.00 ( 35.71)
[EVAL] E: [13][0/7]	Loss 3.8899e+00 (3.8899e+00)	Acc@1  11.75 ( 11.75)	Acc@5  31.00 ( 31.00)
[EVAL] E: [13][6/7]	Loss 4.0084e+00 (3.9517e+00)	Acc@1  11.00 ( 10.58)	Acc@5  29.50 ( 30.20)
		 Valid evaluation at end of epoch: latest_acc:10.58 LR:0.10 -- best val acc so far 13.70

Started EPOCH:14
[TRAIN] E: [14][ 0/57]	Loss 3.6151e+00 (3.6151e+00)	Acc@1  15.00 ( 15.00)	Acc@5  38.12 ( 38.12)
[TRAIN] E: [14][56/57]	Loss 3.6608e+00 (3.6389e+00)	Acc@1  15.00 ( 14.16)	Acc@5  39.00 ( 38.17)
[EVAL] E: [14][0/7]	Loss 3.8678e+00 (3.8678e+00)	Acc@1  11.50 ( 11.50)	Acc@5  32.38 ( 32.38)
[EVAL] E: [14][6/7]	Loss 3.8296e+00 (3.8285e+00)	Acc@1   8.50 ( 11.90)	Acc@5  32.50 ( 32.92)
		 Valid evaluation at end of epoch: latest_acc:11.90 LR:0.08 -- best val acc so far 13.70

Started EPOCH:15
[TRAIN] E: [15][ 0/57]	Loss 3.5460e+00 (3.5460e+00)	Acc@1  16.62 ( 16.62)	Acc@5  41.75 ( 41.75)
[TRAIN] E: [15][56/57]	Loss 3.5207e+00 (3.5395e+00)	Acc@1  15.50 ( 16.27)	Acc@5  42.00 ( 41.09)
[EVAL] E: [15][0/7]	Loss 3.6502e+00 (3.6502e+00)	Acc@1  14.88 ( 14.88)	Acc@5  38.62 ( 38.62)
[EVAL] E: [15][6/7]	Loss 3.4839e+00 (3.5983e+00)	Acc@1  15.00 ( 14.74)	Acc@5  42.50 ( 39.78)
		 Valid evaluation at end of epoch: latest_acc:14.74 LR:0.04 -- best val acc so far 14.74

Started EPOCH:16
[TRAIN] E: [16][ 0/57]	Loss 3.4306e+00 (3.4306e+00)	Acc@1  19.88 ( 19.88)	Acc@5  43.88 ( 43.88)
[TRAIN] E: [16][56/57]	Loss 3.2458e+00 (3.4307e+00)	Acc@1  19.50 ( 18.30)	Acc@5  52.50 ( 44.11)
[EVAL] E: [16][0/7]	Loss 3.4476e+00 (3.4476e+00)	Acc@1  19.00 ( 19.00)	Acc@5  45.12 ( 45.12)
[EVAL] E: [16][6/7]	Loss 3.3341e+00 (3.4298e+00)	Acc@1  20.00 ( 18.80)	Acc@5  50.00 ( 45.54)
		 Valid evaluation at end of epoch: latest_acc:18.80 LR:0.01 -- best val acc so far 18.80

Started EPOCH:17
[TRAIN] E: [17][ 0/57]	Loss 3.3857e+00 (3.3857e+00)	Acc@1  20.00 ( 20.00)	Acc@5  47.12 ( 47.12)
[TRAIN] E: [17][56/57]	Loss 3.3551e+00 (3.3867e+00)	Acc@1  23.00 ( 19.07)	Acc@5  45.50 ( 45.42)
[EVAL] E: [17][0/7]	Loss 3.4050e+00 (3.4050e+00)	Acc@1  20.00 ( 20.00)	Acc@5  46.88 ( 46.88)
[EVAL] E: [17][6/7]	Loss 3.4450e+00 (3.4223e+00)	Acc@1  18.50 ( 18.94)	Acc@5  45.00 ( 44.78)
		 Valid evaluation at end of epoch: latest_acc:18.94 LR:0.00 -- best val acc so far 18.94

Started EPOCH:18
[TRAIN] E: [18][ 0/57]	Loss 3.3169e+00 (3.3169e+00)	Acc@1  19.62 ( 19.62)	Acc@5  48.25 ( 48.25)
[TRAIN] E: [18][56/57]	Loss 3.4280e+00 (3.3873e+00)	Acc@1  20.00 ( 18.86)	Acc@5  42.00 ( 45.44)
[EVAL] E: [18][0/7]	Loss 3.4396e+00 (3.4396e+00)	Acc@1  19.12 ( 19.12)	Acc@5  43.12 ( 43.12)
[EVAL] E: [18][6/7]	Loss 3.5308e+00 (3.4774e+00)	Acc@1  15.50 ( 17.50)	Acc@5  45.00 ( 43.56)
		 Valid evaluation at end of epoch: latest_acc:17.50 LR:0.04 -- best val acc so far 18.94

Started EPOCH:19
[TRAIN] E: [19][ 0/57]	Loss 3.4647e+00 (3.4647e+00)	Acc@1  16.50 ( 16.50)	Acc@5  41.75 ( 41.75)
[TRAIN] E: [19][56/57]	Loss 3.3280e+00 (3.4372e+00)	Acc@1  19.00 ( 17.81)	Acc@5  49.00 ( 43.74)
[EVAL] E: [19][0/7]	Loss 3.7404e+00 (3.7404e+00)	Acc@1  14.25 ( 14.25)	Acc@5  37.88 ( 37.88)
[EVAL] E: [19][6/7]	Loss 3.5809e+00 (3.7037e+00)	Acc@1  15.50 ( 14.38)	Acc@5  39.50 ( 37.62)
		 Valid evaluation at end of epoch: latest_acc:14.38 LR:0.08 -- best val acc so far 18.94

Started EPOCH:20
[TRAIN] E: [20][ 0/57]	Loss 3.4442e+00 (3.4442e+00)	Acc@1  17.38 ( 17.38)	Acc@5  44.50 ( 44.50)
[TRAIN] E: [20][56/57]	Loss 3.5765e+00 (3.4554e+00)	Acc@1  17.50 ( 17.68)	Acc@5  39.00 ( 43.61)
[EVAL] E: [20][0/7]	Loss 3.8645e+00 (3.8645e+00)	Acc@1  12.62 ( 12.62)	Acc@5  37.38 ( 37.38)
[EVAL] E: [20][6/7]	Loss 3.9863e+00 (3.8679e+00)	Acc@1   7.50 ( 12.32)	Acc@5  39.50 ( 36.70)
		 Valid evaluation at end of epoch: latest_acc:12.32 LR:0.10 -- best val acc so far 18.94

Started EPOCH:21
[TRAIN] E: [21][ 0/57]	Loss 3.4646e+00 (3.4646e+00)	Acc@1  17.88 ( 17.88)	Acc@5  45.38 ( 45.38)
[TRAIN] E: [21][56/57]	Loss 3.4582e+00 (3.4106e+00)	Acc@1  17.50 ( 18.48)	Acc@5  46.00 ( 44.65)
[EVAL] E: [21][0/7]	Loss 3.5107e+00 (3.5107e+00)	Acc@1  16.88 ( 16.88)	Acc@5  44.12 ( 44.12)
[EVAL] E: [21][6/7]	Loss 3.3157e+00 (3.5008e+00)	Acc@1  20.50 ( 17.10)	Acc@5  43.50 ( 42.28)
		 Valid evaluation at end of epoch: latest_acc:17.10 LR:0.08 -- best val acc so far 18.94

Started EPOCH:22
[TRAIN] E: [22][ 0/57]	Loss 3.4278e+00 (3.4278e+00)	Acc@1  20.12 ( 20.12)	Acc@5  44.62 ( 44.62)
[TRAIN] E: [22][56/57]	Loss 3.1978e+00 (3.3165e+00)	Acc@1  21.00 ( 19.81)	Acc@5  50.50 ( 47.08)
[EVAL] E: [22][0/7]	Loss 3.5533e+00 (3.5533e+00)	Acc@1  16.75 ( 16.75)	Acc@5  41.62 ( 41.62)
[EVAL] E: [22][6/7]	Loss 3.4680e+00 (3.5578e+00)	Acc@1  19.00 ( 16.40)	Acc@5  44.00 ( 41.92)
		 Valid evaluation at end of epoch: latest_acc:16.40 LR:0.04 -- best val acc so far 18.94

Started EPOCH:23
[TRAIN] E: [23][ 0/57]	Loss 3.2953e+00 (3.2953e+00)	Acc@1  20.25 ( 20.25)	Acc@5  48.38 ( 48.38)
[TRAIN] E: [23][56/57]	Loss 3.2498e+00 (3.2154e+00)	Acc@1  17.50 ( 22.04)	Acc@5  52.50 ( 49.79)
[EVAL] E: [23][0/7]	Loss 3.1726e+00 (3.1726e+00)	Acc@1  24.38 ( 24.38)	Acc@5  51.12 ( 51.12)
[EVAL] E: [23][6/7]	Loss 3.1389e+00 (3.2251e+00)	Acc@1  25.00 ( 22.58)	Acc@5  52.00 ( 50.04)
		 Valid evaluation at end of epoch: latest_acc:22.58 LR:0.01 -- best val acc so far 22.58

Started EPOCH:24
[TRAIN] E: [24][ 0/57]	Loss 3.1960e+00 (3.1960e+00)	Acc@1  20.88 ( 20.88)	Acc@5  50.25 ( 50.25)
[TRAIN] E: [24][56/57]	Loss 3.1841e+00 (3.1616e+00)	Acc@1  21.00 ( 22.77)	Acc@5  47.50 ( 51.54)
[EVAL] E: [24][0/7]	Loss 3.2388e+00 (3.2388e+00)	Acc@1  22.25 ( 22.25)	Acc@5  50.00 ( 50.00)
[EVAL] E: [24][6/7]	Loss 3.1256e+00 (3.1953e+00)	Acc@1  24.00 ( 22.66)	Acc@5  55.00 ( 50.86)
		 Valid evaluation at end of epoch: latest_acc:22.66 LR:0.00 -- best val acc so far 22.66

Started EPOCH:25
[TRAIN] E: [25][ 0/57]	Loss 3.1307e+00 (3.1307e+00)	Acc@1  22.38 ( 22.38)	Acc@5  52.62 ( 52.62)
[TRAIN] E: [25][56/57]	Loss 3.2231e+00 (3.1721e+00)	Acc@1  22.00 ( 22.79)	Acc@5  52.00 ( 50.90)
[EVAL] E: [25][0/7]	Loss 3.2823e+00 (3.2823e+00)	Acc@1  21.88 ( 21.88)	Acc@5  50.25 ( 50.25)
[EVAL] E: [25][6/7]	Loss 3.2528e+00 (3.2857e+00)	Acc@1  19.50 ( 20.94)	Acc@5  50.50 ( 49.24)
		 Valid evaluation at end of epoch: latest_acc:20.94 LR:0.04 -- best val acc so far 22.66

Started EPOCH:26
[TRAIN] E: [26][ 0/57]	Loss 3.1652e+00 (3.1652e+00)	Acc@1  22.25 ( 22.25)	Acc@5  51.75 ( 51.75)
[TRAIN] E: [26][56/57]	Loss 3.3359e+00 (3.2282e+00)	Acc@1  20.00 ( 21.34)	Acc@5  47.50 ( 49.58)
[EVAL] E: [26][0/7]	Loss 3.4567e+00 (3.4567e+00)	Acc@1  16.88 ( 16.88)	Acc@5  42.50 ( 42.50)
[EVAL] E: [26][6/7]	Loss 3.3572e+00 (3.4823e+00)	Acc@1  18.50 ( 17.40)	Acc@5  48.50 ( 42.98)
		 Valid evaluation at end of epoch: latest_acc:17.40 LR:0.08 -- best val acc so far 22.66

Started EPOCH:27
[TRAIN] E: [27][ 0/57]	Loss 3.1667e+00 (3.1667e+00)	Acc@1  19.75 ( 19.75)	Acc@5  50.38 ( 50.38)
[TRAIN] E: [27][56/57]	Loss 3.3841e+00 (3.2707e+00)	Acc@1  17.00 ( 20.67)	Acc@5  48.50 ( 48.40)
[EVAL] E: [27][0/7]	Loss 3.4484e+00 (3.4484e+00)	Acc@1  19.75 ( 19.75)	Acc@5  44.38 ( 44.38)
[EVAL] E: [27][6/7]	Loss 3.3574e+00 (3.4548e+00)	Acc@1  16.50 ( 17.90)	Acc@5  47.50 ( 44.50)
		 Valid evaluation at end of epoch: latest_acc:17.90 LR:0.10 -- best val acc so far 22.66

Started EPOCH:28
[TRAIN] E: [28][ 0/57]	Loss 3.2340e+00 (3.2340e+00)	Acc@1  21.25 ( 21.25)	Acc@5  49.75 ( 49.75)
[TRAIN] E: [28][56/57]	Loss 3.2579e+00 (3.2547e+00)	Acc@1  18.50 ( 20.90)	Acc@5  49.50 ( 48.85)
[EVAL] E: [28][0/7]	Loss 3.5993e+00 (3.5993e+00)	Acc@1  16.88 ( 16.88)	Acc@5  40.50 ( 40.50)
[EVAL] E: [28][6/7]	Loss 3.4423e+00 (3.5875e+00)	Acc@1  21.50 ( 17.40)	Acc@5  42.00 ( 41.50)
		 Valid evaluation at end of epoch: latest_acc:17.40 LR:0.08 -- best val acc so far 22.66

Started EPOCH:29
[TRAIN] E: [29][ 0/57]	Loss 3.1637e+00 (3.1637e+00)	Acc@1  21.50 ( 21.50)	Acc@5  51.50 ( 51.50)
[TRAIN] E: [29][56/57]	Loss 3.1461e+00 (3.1699e+00)	Acc@1  23.50 ( 22.74)	Acc@5  51.00 ( 51.07)
[EVAL] E: [29][0/7]	Loss 3.2202e+00 (3.2202e+00)	Acc@1  23.00 ( 23.00)	Acc@5  50.50 ( 50.50)
[EVAL] E: [29][6/7]	Loss 3.1581e+00 (3.2147e+00)	Acc@1  24.00 ( 22.38)	Acc@5  54.50 ( 50.30)
		 Valid evaluation at end of epoch: latest_acc:22.38 LR:0.04 -- best val acc so far 22.66

Started EPOCH:30
[TRAIN] E: [30][ 0/57]	Loss 3.1428e+00 (3.1428e+00)	Acc@1  23.38 ( 23.38)	Acc@5  51.25 ( 51.25)
[TRAIN] E: [30][56/57]	Loss 2.9879e+00 (3.0510e+00)	Acc@1  22.50 ( 24.96)	Acc@5  54.00 ( 53.89)
[EVAL] E: [30][0/7]	Loss 3.1273e+00 (3.1273e+00)	Acc@1  23.62 ( 23.62)	Acc@5  50.75 ( 50.75)
[EVAL] E: [30][6/7]	Loss 3.0204e+00 (3.0772e+00)	Acc@1  24.50 ( 25.66)	Acc@5  58.50 ( 54.00)
		 Valid evaluation at end of epoch: latest_acc:25.66 LR:0.01 -- best val acc so far 25.66

Started EPOCH:31
[TRAIN] E: [31][ 0/57]	Loss 3.0543e+00 (3.0543e+00)	Acc@1  24.12 ( 24.12)	Acc@5  51.25 ( 51.25)
[TRAIN] E: [31][56/57]	Loss 3.0226e+00 (3.0101e+00)	Acc@1  27.00 ( 25.93)	Acc@5  58.50 ( 55.15)
[EVAL] E: [31][0/7]	Loss 3.1013e+00 (3.1013e+00)	Acc@1  24.75 ( 24.75)	Acc@5  53.00 ( 53.00)
[EVAL] E: [31][6/7]	Loss 3.0089e+00 (3.0370e+00)	Acc@1  25.00 ( 25.86)	Acc@5  53.00 ( 54.30)
		 Valid evaluation at end of epoch: latest_acc:25.86 LR:0.00 -- best val acc so far 25.86

Started EPOCH:32
[TRAIN] E: [32][ 0/57]	Loss 2.9404e+00 (2.9404e+00)	Acc@1  27.88 ( 27.88)	Acc@5  57.25 ( 57.25)
[TRAIN] E: [32][56/57]	Loss 3.0751e+00 (3.0190e+00)	Acc@1  28.00 ( 25.77)	Acc@5  52.50 ( 54.64)
[EVAL] E: [32][0/7]	Loss 3.1885e+00 (3.1885e+00)	Acc@1  21.25 ( 21.25)	Acc@5  51.00 ( 51.00)
[EVAL] E: [32][6/7]	Loss 3.1556e+00 (3.1833e+00)	Acc@1  21.00 ( 22.80)	Acc@5  50.00 ( 51.34)
		 Valid evaluation at end of epoch: latest_acc:22.80 LR:0.04 -- best val acc so far 25.86

Started EPOCH:33
[TRAIN] E: [33][ 0/57]	Loss 3.0410e+00 (3.0410e+00)	Acc@1  25.25 ( 25.25)	Acc@5  54.12 ( 54.12)
[TRAIN] E: [33][56/57]	Loss 3.2878e+00 (3.0791e+00)	Acc@1  23.00 ( 24.48)	Acc@5  48.50 ( 53.23)
[EVAL] E: [33][0/7]	Loss 3.9857e+00 (3.9857e+00)	Acc@1  14.00 ( 14.00)	Acc@5  32.75 ( 32.75)
[EVAL] E: [33][6/7]	Loss 3.8709e+00 (3.8982e+00)	Acc@1  16.00 ( 13.64)	Acc@5  37.00 ( 35.12)
		 Valid evaluation at end of epoch: latest_acc:13.64 LR:0.08 -- best val acc so far 25.86

Started EPOCH:34
[TRAIN] E: [34][ 0/57]	Loss 3.1040e+00 (3.1040e+00)	Acc@1  23.62 ( 23.62)	Acc@5  53.38 ( 53.38)
[TRAIN] E: [34][56/57]	Loss 3.2504e+00 (3.1400e+00)	Acc@1  21.00 ( 23.29)	Acc@5  46.50 ( 51.63)
[EVAL] E: [34][0/7]	Loss 3.4057e+00 (3.4057e+00)	Acc@1  21.50 ( 21.50)	Acc@5  45.00 ( 45.00)
[EVAL] E: [34][6/7]	Loss 3.3765e+00 (3.3629e+00)	Acc@1  18.00 ( 20.38)	Acc@5  50.00 ( 46.68)
		 Valid evaluation at end of epoch: latest_acc:20.38 LR:0.10 -- best val acc so far 25.86

Started EPOCH:35
[TRAIN] E: [35][ 0/57]	Loss 3.2678e+00 (3.2678e+00)	Acc@1  21.12 ( 21.12)	Acc@5  50.25 ( 50.25)
[TRAIN] E: [35][56/57]	Loss 3.1748e+00 (3.1379e+00)	Acc@1  22.00 ( 23.25)	Acc@5  49.50 ( 51.52)
[EVAL] E: [35][0/7]	Loss 3.5367e+00 (3.5367e+00)	Acc@1  17.12 ( 17.12)	Acc@5  42.25 ( 42.25)
[EVAL] E: [35][6/7]	Loss 3.5152e+00 (3.5716e+00)	Acc@1  19.50 ( 17.10)	Acc@5  44.00 ( 42.10)
		 Valid evaluation at end of epoch: latest_acc:17.10 LR:0.08 -- best val acc so far 25.86

Started EPOCH:36
[TRAIN] E: [36][ 0/57]	Loss 3.1215e+00 (3.1215e+00)	Acc@1  22.88 ( 22.88)	Acc@5  50.38 ( 50.38)
[TRAIN] E: [36][56/57]	Loss 2.9242e+00 (3.0623e+00)	Acc@1  27.00 ( 24.76)	Acc@5  56.00 ( 53.68)
[EVAL] E: [36][0/7]	Loss 3.2828e+00 (3.2828e+00)	Acc@1  20.38 ( 20.38)	Acc@5  47.75 ( 47.75)
[EVAL] E: [36][6/7]	Loss 3.1769e+00 (3.2949e+00)	Acc@1  20.50 ( 20.82)	Acc@5  49.00 ( 47.20)
		 Valid evaluation at end of epoch: latest_acc:20.82 LR:0.04 -- best val acc so far 25.86

Started EPOCH:37
[TRAIN] E: [37][ 0/57]	Loss 3.0602e+00 (3.0602e+00)	Acc@1  24.88 ( 24.88)	Acc@5  52.75 ( 52.75)
[TRAIN] E: [37][56/57]	Loss 2.6807e+00 (2.9532e+00)	Acc@1  32.50 ( 26.79)	Acc@5  64.00 ( 56.41)
[EVAL] E: [37][0/7]	Loss 3.0311e+00 (3.0311e+00)	Acc@1  27.25 ( 27.25)	Acc@5  54.25 ( 54.25)
[EVAL] E: [37][6/7]	Loss 2.8340e+00 (3.0304e+00)	Acc@1  28.50 ( 26.10)	Acc@5  61.50 ( 54.94)
		 Valid evaluation at end of epoch: latest_acc:26.10 LR:0.01 -- best val acc so far 26.10

Started EPOCH:38
[TRAIN] E: [38][ 0/57]	Loss 2.9349e+00 (2.9349e+00)	Acc@1  27.62 ( 27.62)	Acc@5  57.12 ( 57.12)
[TRAIN] E: [38][56/57]	Loss 2.9061e+00 (2.8986e+00)	Acc@1  26.50 ( 28.07)	Acc@5  60.50 ( 57.86)
[EVAL] E: [38][0/7]	Loss 2.9837e+00 (2.9837e+00)	Acc@1  27.38 ( 27.38)	Acc@5  56.25 ( 56.25)
[EVAL] E: [38][6/7]	Loss 2.9047e+00 (2.9254e+00)	Acc@1  25.50 ( 28.46)	Acc@5  58.50 ( 57.62)
		 Valid evaluation at end of epoch: latest_acc:28.46 LR:0.00 -- best val acc so far 28.46

Started EPOCH:39
[TRAIN] E: [39][ 0/57]	Loss 2.8698e+00 (2.8698e+00)	Acc@1  29.38 ( 29.38)	Acc@5  59.00 ( 59.00)
[TRAIN] E: [39][56/57]	Loss 2.8076e+00 (2.9088e+00)	Acc@1  27.50 ( 28.07)	Acc@5  60.50 ( 57.70)
[EVAL] E: [39][0/7]	Loss 3.1849e+00 (3.1849e+00)	Acc@1  21.12 ( 21.12)	Acc@5  50.00 ( 50.00)
[EVAL] E: [39][6/7]	Loss 2.9072e+00 (3.0576e+00)	Acc@1  27.50 ( 24.88)	Acc@5  59.00 ( 53.58)
		 Valid evaluation at end of epoch: latest_acc:24.88 LR:0.03 -- best val acc so far 28.46

Started EPOCH:40
[TRAIN] E: [40][ 0/57]	Loss 2.8845e+00 (2.8845e+00)	Acc@1  30.25 ( 30.25)	Acc@5  56.75 ( 56.75)
[TRAIN] E: [40][56/57]	Loss 3.0494e+00 (2.9594e+00)	Acc@1  26.50 ( 26.72)	Acc@5  51.00 ( 56.10)
[EVAL] E: [40][0/7]	Loss 3.6960e+00 (3.6960e+00)	Acc@1  15.50 ( 15.50)	Acc@5  40.38 ( 40.38)
[EVAL] E: [40][6/7]	Loss 3.7364e+00 (3.7481e+00)	Acc@1  18.00 ( 15.30)	Acc@5  40.50 ( 39.24)
		 Valid evaluation at end of epoch: latest_acc:15.30 LR:0.08 -- best val acc so far 28.46

Started EPOCH:41
[TRAIN] E: [41][ 0/57]	Loss 3.0025e+00 (3.0025e+00)	Acc@1  23.75 ( 23.75)	Acc@5  55.00 ( 55.00)
[TRAIN] E: [41][56/57]	Loss 3.2070e+00 (3.0449e+00)	Acc@1  21.50 ( 24.74)	Acc@5  47.00 ( 54.09)
[EVAL] E: [41][0/7]	Loss 3.5968e+00 (3.5968e+00)	Acc@1  16.62 ( 16.62)	Acc@5  42.38 ( 42.38)
[EVAL] E: [41][6/7]	Loss 3.5713e+00 (3.5950e+00)	Acc@1  20.00 ( 16.74)	Acc@5  47.00 ( 42.82)
		 Valid evaluation at end of epoch: latest_acc:16.74 LR:0.10 -- best val acc so far 28.46

Started EPOCH:42
[TRAIN] E: [42][ 0/57]	Loss 3.0650e+00 (3.0650e+00)	Acc@1  25.25 ( 25.25)	Acc@5  54.88 ( 54.88)
[TRAIN] E: [42][56/57]	Loss 3.1362e+00 (3.0438e+00)	Acc@1  22.00 ( 25.12)	Acc@5  55.00 ( 54.12)
[EVAL] E: [42][0/7]	Loss 3.3115e+00 (3.3115e+00)	Acc@1  22.12 ( 22.12)	Acc@5  48.00 ( 48.00)
[EVAL] E: [42][6/7]	Loss 2.9803e+00 (3.2876e+00)	Acc@1  18.50 ( 21.18)	Acc@5  54.50 ( 47.90)
		 Valid evaluation at end of epoch: latest_acc:21.18 LR:0.08 -- best val acc so far 28.46

Started EPOCH:43
[TRAIN] E: [43][ 0/57]	Loss 3.0694e+00 (3.0694e+00)	Acc@1  24.12 ( 24.12)	Acc@5  53.62 ( 53.62)
[TRAIN] E: [43][56/57]	Loss 3.0699e+00 (2.9630e+00)	Acc@1  22.50 ( 26.60)	Acc@5  57.00 ( 56.16)
[EVAL] E: [43][0/7]	Loss 3.0974e+00 (3.0974e+00)	Acc@1  23.38 ( 23.38)	Acc@5  54.00 ( 54.00)
[EVAL] E: [43][6/7]	Loss 3.0375e+00 (3.0612e+00)	Acc@1  25.50 ( 24.86)	Acc@5  56.50 ( 53.82)
		 Valid evaluation at end of epoch: latest_acc:24.86 LR:0.04 -- best val acc so far 28.46

Started EPOCH:44
[TRAIN] E: [44][ 0/57]	Loss 2.8477e+00 (2.8477e+00)	Acc@1  27.38 ( 27.38)	Acc@5  58.50 ( 58.50)
[TRAIN] E: [44][56/57]	Loss 2.8273e+00 (2.8612e+00)	Acc@1  30.00 ( 28.66)	Acc@5  58.00 ( 58.66)
[EVAL] E: [44][0/7]	Loss 2.9347e+00 (2.9347e+00)	Acc@1  26.50 ( 26.50)	Acc@5  54.75 ( 54.75)
[EVAL] E: [44][6/7]	Loss 2.8560e+00 (2.8838e+00)	Acc@1  27.00 ( 28.24)	Acc@5  57.50 ( 57.34)
		 Valid evaluation at end of epoch: latest_acc:28.24 LR:0.01 -- best val acc so far 28.46

Started EPOCH:45
[TRAIN] E: [45][ 0/57]	Loss 2.8101e+00 (2.8101e+00)	Acc@1  28.50 ( 28.50)	Acc@5  59.12 ( 59.12)
[TRAIN] E: [45][56/57]	Loss 2.7945e+00 (2.8045e+00)	Acc@1  27.50 ( 29.72)	Acc@5  58.00 ( 60.06)
[EVAL] E: [45][0/7]	Loss 2.8852e+00 (2.8852e+00)	Acc@1  26.38 ( 26.38)	Acc@5  57.62 ( 57.62)
[EVAL] E: [45][6/7]	Loss 2.7583e+00 (2.8624e+00)	Acc@1  30.00 ( 28.90)	Acc@5  64.00 ( 58.56)
		 Valid evaluation at end of epoch: latest_acc:28.90 LR:0.00 -- best val acc so far 28.90

Started EPOCH:46
[TRAIN] E: [46][ 0/57]	Loss 2.8230e+00 (2.8230e+00)	Acc@1  32.12 ( 32.12)	Acc@5  58.75 ( 58.75)
[TRAIN] E: [46][56/57]	Loss 2.7236e+00 (2.8198e+00)	Acc@1  33.00 ( 29.78)	Acc@5  59.00 ( 59.43)
[EVAL] E: [46][0/7]	Loss 2.9722e+00 (2.9722e+00)	Acc@1  26.00 ( 26.00)	Acc@5  56.00 ( 56.00)
[EVAL] E: [46][6/7]	Loss 2.9526e+00 (2.9914e+00)	Acc@1  23.00 ( 26.56)	Acc@5  53.00 ( 55.96)
		 Valid evaluation at end of epoch: latest_acc:26.56 LR:0.03 -- best val acc so far 28.90

Started EPOCH:47
[TRAIN] E: [47][ 0/57]	Loss 2.7956e+00 (2.7956e+00)	Acc@1  28.88 ( 28.88)	Acc@5  60.25 ( 60.25)
[TRAIN] E: [47][56/57]	Loss 2.9651e+00 (2.8939e+00)	Acc@1  25.00 ( 27.87)	Acc@5  54.00 ( 57.73)
[EVAL] E: [47][0/7]	Loss 3.5153e+00 (3.5153e+00)	Acc@1  19.25 ( 19.25)	Acc@5  45.38 ( 45.38)
[EVAL] E: [47][6/7]	Loss 3.4538e+00 (3.5487e+00)	Acc@1  22.00 ( 18.88)	Acc@5  46.50 ( 44.56)
		 Valid evaluation at end of epoch: latest_acc:18.88 LR:0.08 -- best val acc so far 28.90

Started EPOCH:48
[TRAIN] E: [48][ 0/57]	Loss 2.9485e+00 (2.9485e+00)	Acc@1  28.38 ( 28.38)	Acc@5  56.25 ( 56.25)
[TRAIN] E: [48][56/57]	Loss 3.1369e+00 (2.9646e+00)	Acc@1  21.50 ( 26.63)	Acc@5  52.00 ( 56.04)
[EVAL] E: [48][0/7]	Loss 3.2262e+00 (3.2262e+00)	Acc@1  22.25 ( 22.25)	Acc@5  48.88 ( 48.88)
[EVAL] E: [48][6/7]	Loss 3.2254e+00 (3.2789e+00)	Acc@1  21.00 ( 21.82)	Acc@5  51.50 ( 48.70)
		 Valid evaluation at end of epoch: latest_acc:21.82 LR:0.10 -- best val acc so far 28.90

Started EPOCH:49
[TRAIN] E: [49][ 0/57]	Loss 2.8925e+00 (2.8925e+00)	Acc@1  29.12 ( 29.12)	Acc@5  56.75 ( 56.75)
[TRAIN] E: [49][56/57]	Loss 2.8422e+00 (2.9747e+00)	Acc@1  30.00 ( 26.45)	Acc@5  56.00 ( 55.72)
[EVAL] E: [49][0/7]	Loss 3.3267e+00 (3.3267e+00)	Acc@1  20.25 ( 20.25)	Acc@5  46.88 ( 46.88)
[EVAL] E: [49][6/7]	Loss 2.9950e+00 (3.2110e+00)	Acc@1  23.50 ( 22.58)	Acc@5  55.00 ( 50.56)
		 Valid evaluation at end of epoch: latest_acc:22.58 LR:0.09 -- best val acc so far 28.90

Started EPOCH:50
[TRAIN] E: [50][ 0/57]	Loss 2.9061e+00 (2.9061e+00)	Acc@1  26.88 ( 26.88)	Acc@5  60.25 ( 60.25)
[TRAIN] E: [50][56/57]	Loss 2.9371e+00 (2.9024e+00)	Acc@1  26.00 ( 27.82)	Acc@5  57.00 ( 57.61)
[EVAL] E: [50][0/7]	Loss 2.9704e+00 (2.9704e+00)	Acc@1  23.50 ( 23.50)	Acc@5  55.50 ( 55.50)
[EVAL] E: [50][6/7]	Loss 2.8408e+00 (2.9816e+00)	Acc@1  30.00 ( 25.70)	Acc@5  57.50 ( 55.44)
		 Valid evaluation at end of epoch: latest_acc:25.70 LR:0.04 -- best val acc so far 28.90

Started EPOCH:51
[TRAIN] E: [51][ 0/57]	Loss 2.8456e+00 (2.8456e+00)	Acc@1  28.00 ( 28.00)	Acc@5  59.50 ( 59.50)
[TRAIN] E: [51][56/57]	Loss 2.6087e+00 (2.8001e+00)	Acc@1  32.00 ( 29.92)	Acc@5  60.50 ( 60.18)
[EVAL] E: [51][0/7]	Loss 2.8238e+00 (2.8238e+00)	Acc@1  30.75 ( 30.75)	Acc@5  58.50 ( 58.50)
[EVAL] E: [51][6/7]	Loss 2.5662e+00 (2.7958e+00)	Acc@1  36.50 ( 31.18)	Acc@5  66.50 ( 60.42)
		 Valid evaluation at end of epoch: latest_acc:31.18 LR:0.01 -- best val acc so far 31.18

Started EPOCH:52
[TRAIN] E: [52][ 0/57]	Loss 2.7050e+00 (2.7050e+00)	Acc@1  33.62 ( 33.62)	Acc@5  60.25 ( 60.25)
[TRAIN] E: [52][56/57]	Loss 2.8039e+00 (2.7430e+00)	Acc@1  29.50 ( 31.49)	Acc@5  63.00 ( 61.51)
[EVAL] E: [52][0/7]	Loss 2.8304e+00 (2.8304e+00)	Acc@1  29.50 ( 29.50)	Acc@5  61.50 ( 61.50)
[EVAL] E: [52][6/7]	Loss 2.7081e+00 (2.7849e+00)	Acc@1  32.50 ( 30.34)	Acc@5  62.50 ( 61.00)
		 Valid evaluation at end of epoch: latest_acc:30.34 LR:0.00 -- best val acc so far 31.18

Started EPOCH:53
[TRAIN] E: [53][ 0/57]	Loss 2.7108e+00 (2.7108e+00)	Acc@1  32.00 ( 32.00)	Acc@5  62.75 ( 62.75)
[TRAIN] E: [53][56/57]	Loss 2.7623e+00 (2.7523e+00)	Acc@1  28.00 ( 30.98)	Acc@5  58.00 ( 61.16)
[EVAL] E: [53][0/7]	Loss 2.9547e+00 (2.9547e+00)	Acc@1  26.75 ( 26.75)	Acc@5  54.12 ( 54.12)
[EVAL] E: [53][6/7]	Loss 2.7752e+00 (2.9335e+00)	Acc@1  27.50 ( 27.22)	Acc@5  62.00 ( 56.38)
		 Valid evaluation at end of epoch: latest_acc:27.22 LR:0.03 -- best val acc so far 31.18

Started EPOCH:54
[TRAIN] E: [54][ 0/57]	Loss 2.6928e+00 (2.6928e+00)	Acc@1  31.62 ( 31.62)	Acc@5  63.25 ( 63.25)
[TRAIN] E: [54][56/57]	Loss 2.9208e+00 (2.8150e+00)	Acc@1  27.50 ( 29.62)	Acc@5  54.50 ( 59.38)
[EVAL] E: [54][0/7]	Loss 4.2858e+00 (4.2858e+00)	Acc@1  10.88 ( 10.88)	Acc@5  34.50 ( 34.50)
[EVAL] E: [54][6/7]	Loss 4.1526e+00 (4.3195e+00)	Acc@1  16.00 ( 12.24)	Acc@5  38.50 ( 34.18)
		 Valid evaluation at end of epoch: latest_acc:12.24 LR:0.08 -- best val acc so far 31.18

Started EPOCH:55
[TRAIN] E: [55][ 0/57]	Loss 3.0543e+00 (3.0543e+00)	Acc@1  22.62 ( 22.62)	Acc@5  52.75 ( 52.75)
[TRAIN] E: [55][56/57]	Loss 3.2286e+00 (2.9114e+00)	Acc@1  23.50 ( 27.48)	Acc@5  50.00 ( 57.29)
[EVAL] E: [55][0/7]	Loss 3.4133e+00 (3.4133e+00)	Acc@1  19.50 ( 19.50)	Acc@5  44.38 ( 44.38)
[EVAL] E: [55][6/7]	Loss 3.1463e+00 (3.3215e+00)	Acc@1  27.00 ( 20.66)	Acc@5  49.50 ( 47.02)
		 Valid evaluation at end of epoch: latest_acc:20.66 LR:0.10 -- best val acc so far 31.18

Started EPOCH:56
[TRAIN] E: [56][ 0/57]	Loss 2.8766e+00 (2.8766e+00)	Acc@1  28.12 ( 28.12)	Acc@5  58.00 ( 58.00)
[TRAIN] E: [56][56/57]	Loss 2.9767e+00 (2.9302e+00)	Acc@1  26.50 ( 27.28)	Acc@5  55.00 ( 56.78)
[EVAL] E: [56][0/7]	Loss 3.3377e+00 (3.3377e+00)	Acc@1  19.50 ( 19.50)	Acc@5  47.62 ( 47.62)
[EVAL] E: [56][6/7]	Loss 3.3068e+00 (3.3864e+00)	Acc@1  22.00 ( 20.30)	Acc@5  45.50 ( 46.28)
		 Valid evaluation at end of epoch: latest_acc:20.30 LR:0.09 -- best val acc so far 31.18

Started EPOCH:57
[TRAIN] E: [57][ 0/57]	Loss 2.9543e+00 (2.9543e+00)	Acc@1  26.88 ( 26.88)	Acc@5  54.38 ( 54.38)
[TRAIN] E: [57][56/57]	Loss 2.7732e+00 (2.8569e+00)	Acc@1  24.50 ( 28.67)	Acc@5  59.50 ( 58.74)
[EVAL] E: [57][0/7]	Loss 3.0640e+00 (3.0640e+00)	Acc@1  25.25 ( 25.25)	Acc@5  51.38 ( 51.38)
[EVAL] E: [57][6/7]	Loss 2.9335e+00 (3.0723e+00)	Acc@1  32.50 ( 25.54)	Acc@5  57.50 ( 53.04)
		 Valid evaluation at end of epoch: latest_acc:25.54 LR:0.05 -- best val acc so far 31.18

Started EPOCH:58
[TRAIN] E: [58][ 0/57]	Loss 2.8283e+00 (2.8283e+00)	Acc@1  30.62 ( 30.62)	Acc@5  59.88 ( 59.88)
[TRAIN] E: [58][56/57]	Loss 2.6940e+00 (2.7574e+00)	Acc@1  33.50 ( 30.91)	Acc@5  64.50 ( 61.11)
[EVAL] E: [58][0/7]	Loss 2.7938e+00 (2.7938e+00)	Acc@1  31.12 ( 31.12)	Acc@5  59.38 ( 59.38)
[EVAL] E: [58][6/7]	Loss 2.6967e+00 (2.8006e+00)	Acc@1  28.50 ( 30.68)	Acc@5  61.00 ( 59.58)
		 Valid evaluation at end of epoch: latest_acc:30.68 LR:0.01 -- best val acc so far 31.18

Started EPOCH:59
[TRAIN] E: [59][ 0/57]	Loss 2.6927e+00 (2.6927e+00)	Acc@1  30.50 ( 30.50)	Acc@5  62.12 ( 62.12)
[TRAIN] E: [59][56/57]	Loss 2.7373e+00 (2.6968e+00)	Acc@1  32.50 ( 32.20)	Acc@5  59.50 ( 62.60)
[EVAL] E: [59][0/7]	Loss 2.8221e+00 (2.8221e+00)	Acc@1  30.75 ( 30.75)	Acc@5  59.25 ( 59.25)
[EVAL] E: [59][6/7]	Loss 2.7637e+00 (2.7439e+00)	Acc@1  30.50 ( 32.30)	Acc@5  63.00 ( 61.54)
		 Valid evaluation at end of epoch: latest_acc:32.30 LR:0.00 -- best val acc so far 32.30

Started EPOCH:60
[TRAIN] E: [60][ 0/57]	Loss 2.7247e+00 (2.7247e+00)	Acc@1  30.25 ( 30.25)	Acc@5  63.25 ( 63.25)
[TRAIN] E: [60][56/57]	Loss 2.5936e+00 (2.6956e+00)	Acc@1  36.50 ( 32.20)	Acc@5  67.00 ( 62.57)
[EVAL] E: [60][0/7]	Loss 2.8226e+00 (2.8226e+00)	Acc@1  31.38 ( 31.38)	Acc@5  59.12 ( 59.12)
[EVAL] E: [60][6/7]	Loss 2.7259e+00 (2.8225e+00)	Acc@1  32.00 ( 30.36)	Acc@5  59.50 ( 59.12)
		 Valid evaluation at end of epoch: latest_acc:30.36 LR:0.03 -- best val acc so far 32.30

Started EPOCH:61
[TRAIN] E: [61][ 0/57]	Loss 2.7837e+00 (2.7837e+00)	Acc@1  31.12 ( 31.12)	Acc@5  58.62 ( 58.62)
[TRAIN] E: [61][56/57]	Loss 2.7024e+00 (2.7679e+00)	Acc@1  32.50 ( 30.67)	Acc@5  63.50 ( 60.78)
[EVAL] E: [61][0/7]	Loss 3.4755e+00 (3.4755e+00)	Acc@1  18.00 ( 18.00)	Acc@5  44.00 ( 44.00)
[EVAL] E: [61][6/7]	Loss 3.1933e+00 (3.4785e+00)	Acc@1  22.00 ( 19.10)	Acc@5  51.50 ( 45.22)
		 Valid evaluation at end of epoch: latest_acc:19.10 LR:0.08 -- best val acc so far 32.30

Started EPOCH:62
[TRAIN] E: [62][ 0/57]	Loss 2.7925e+00 (2.7925e+00)	Acc@1  28.38 ( 28.38)	Acc@5  59.88 ( 59.88)
[TRAIN] E: [62][56/57]	Loss 2.6825e+00 (2.8604e+00)	Acc@1  27.00 ( 28.56)	Acc@5  64.50 ( 58.55)
[EVAL] E: [62][0/7]	Loss 3.3948e+00 (3.3948e+00)	Acc@1  19.50 ( 19.50)	Acc@5  48.88 ( 48.88)
[EVAL] E: [62][6/7]	Loss 3.5314e+00 (3.4233e+00)	Acc@1  15.00 ( 19.56)	Acc@5  38.50 ( 46.00)
		 Valid evaluation at end of epoch: latest_acc:19.56 LR:0.10 -- best val acc so far 32.30

Started EPOCH:63
[TRAIN] E: [63][ 0/57]	Loss 2.8527e+00 (2.8527e+00)	Acc@1  27.75 ( 27.75)	Acc@5  61.25 ( 61.25)
[TRAIN] E: [63][56/57]	Loss 3.0701e+00 (2.8686e+00)	Acc@1  26.00 ( 28.38)	Acc@5  52.50 ( 58.60)
[EVAL] E: [63][0/7]	Loss 3.4014e+00 (3.4014e+00)	Acc@1  19.62 ( 19.62)	Acc@5  48.38 ( 48.38)
[EVAL] E: [63][6/7]	Loss 3.2918e+00 (3.3018e+00)	Acc@1  19.50 ( 21.28)	Acc@5  46.00 ( 49.46)
		 Valid evaluation at end of epoch: latest_acc:21.28 LR:0.09 -- best val acc so far 32.30

Started EPOCH:64
[TRAIN] E: [64][ 0/57]	Loss 2.8454e+00 (2.8454e+00)	Acc@1  29.62 ( 29.62)	Acc@5  59.50 ( 59.50)
[TRAIN] E: [64][56/57]	Loss 2.7715e+00 (2.8200e+00)	Acc@1  31.50 ( 29.37)	Acc@5  63.50 ( 59.74)
[EVAL] E: [64][0/7]	Loss 3.1024e+00 (3.1024e+00)	Acc@1  24.38 ( 24.38)	Acc@5  53.50 ( 53.50)
[EVAL] E: [64][6/7]	Loss 2.7233e+00 (3.0126e+00)	Acc@1  28.50 ( 26.22)	Acc@5  61.50 ( 54.82)
		 Valid evaluation at end of epoch: latest_acc:26.22 LR:0.05 -- best val acc so far 32.30

Started EPOCH:65
[TRAIN] E: [65][ 0/57]	Loss 2.7908e+00 (2.7908e+00)	Acc@1  29.50 ( 29.50)	Acc@5  59.62 ( 59.62)
[TRAIN] E: [65][56/57]	Loss 2.6711e+00 (2.7160e+00)	Acc@1  31.00 ( 31.62)	Acc@5  59.50 ( 61.78)
[EVAL] E: [65][0/7]	Loss 2.7060e+00 (2.7060e+00)	Acc@1  31.00 ( 31.00)	Acc@5  62.12 ( 62.12)
[EVAL] E: [65][6/7]	Loss 2.6686e+00 (2.7468e+00)	Acc@1  30.00 ( 31.30)	Acc@5  64.00 ( 61.32)
		 Valid evaluation at end of epoch: latest_acc:31.30 LR:0.01 -- best val acc so far 32.30

Started EPOCH:66
[TRAIN] E: [66][ 0/57]	Loss 2.6467e+00 (2.6467e+00)	Acc@1  32.00 ( 32.00)	Acc@5  62.38 ( 62.38)
[TRAIN] E: [66][56/57]	Loss 2.6253e+00 (2.6562e+00)	Acc@1  35.00 ( 33.47)	Acc@5  62.00 ( 63.31)
[EVAL] E: [66][0/7]	Loss 2.7404e+00 (2.7404e+00)	Acc@1  32.62 ( 32.62)	Acc@5  62.25 ( 62.25)
[EVAL] E: [66][6/7]	Loss 2.6869e+00 (2.7282e+00)	Acc@1  36.00 ( 31.98)	Acc@5  55.50 ( 62.22)
		 Valid evaluation at end of epoch: latest_acc:31.98 LR:0.00 -- best val acc so far 32.30

Started EPOCH:67
[TRAIN] E: [67][ 0/57]	Loss 2.6126e+00 (2.6126e+00)	Acc@1  33.50 ( 33.50)	Acc@5  64.50 ( 64.50)
[TRAIN] E: [67][56/57]	Loss 2.6273e+00 (2.6488e+00)	Acc@1  33.50 ( 32.89)	Acc@5  65.50 ( 63.49)
[EVAL] E: [67][0/7]	Loss 2.8489e+00 (2.8489e+00)	Acc@1  31.00 ( 31.00)	Acc@5  58.62 ( 58.62)
[EVAL] E: [67][6/7]	Loss 2.7870e+00 (2.8070e+00)	Acc@1  31.00 ( 30.62)	Acc@5  64.00 ( 60.58)
		 Valid evaluation at end of epoch: latest_acc:30.62 LR:0.03 -- best val acc so far 32.30

Started EPOCH:68
[TRAIN] E: [68][ 0/57]	Loss 2.6372e+00 (2.6372e+00)	Acc@1  34.25 ( 34.25)	Acc@5  63.00 ( 63.00)
[TRAIN] E: [68][56/57]	Loss 3.1965e+00 (2.7315e+00)	Acc@1  28.00 ( 31.44)	Acc@5  48.00 ( 61.57)
[EVAL] E: [68][0/7]	Loss 3.2772e+00 (3.2772e+00)	Acc@1  19.88 ( 19.88)	Acc@5  50.50 ( 50.50)
[EVAL] E: [68][6/7]	Loss 3.1303e+00 (3.2523e+00)	Acc@1  23.50 ( 22.72)	Acc@5  52.50 ( 49.70)
		 Valid evaluation at end of epoch: latest_acc:22.72 LR:0.07 -- best val acc so far 32.30

Started EPOCH:69
[TRAIN] E: [69][ 0/57]	Loss 2.7695e+00 (2.7695e+00)	Acc@1  30.50 ( 30.50)	Acc@5  60.62 ( 60.62)
[TRAIN] E: [69][56/57]	Loss 2.8198e+00 (2.8370e+00)	Acc@1  31.00 ( 28.93)	Acc@5  57.00 ( 59.15)
[EVAL] E: [69][0/7]	Loss 3.3606e+00 (3.3606e+00)	Acc@1  20.12 ( 20.12)	Acc@5  48.38 ( 48.38)
[EVAL] E: [69][6/7]	Loss 3.3303e+00 (3.3429e+00)	Acc@1  25.00 ( 22.10)	Acc@5  49.50 ( 48.84)
		 Valid evaluation at end of epoch: latest_acc:22.10 LR:0.10 -- best val acc so far 32.30

Started EPOCH:70
[TRAIN] E: [70][ 0/57]	Loss 2.8464e+00 (2.8464e+00)	Acc@1  26.75 ( 26.75)	Acc@5  58.50 ( 58.50)
[TRAIN] E: [70][56/57]	Loss 2.9242e+00 (2.8451e+00)	Acc@1  30.50 ( 28.93)	Acc@5  60.50 ( 58.90)
[EVAL] E: [70][0/7]	Loss 3.0788e+00 (3.0788e+00)	Acc@1  26.75 ( 26.75)	Acc@5  52.88 ( 52.88)
[EVAL] E: [70][6/7]	Loss 3.0424e+00 (3.0362e+00)	Acc@1  22.00 ( 25.22)	Acc@5  57.00 ( 54.68)
		 Valid evaluation at end of epoch: latest_acc:25.22 LR:0.09 -- best val acc so far 32.30

Started EPOCH:71
[TRAIN] E: [71][ 0/57]	Loss 2.8748e+00 (2.8748e+00)	Acc@1  27.50 ( 27.50)	Acc@5  56.88 ( 56.88)
[TRAIN] E: [71][56/57]	Loss 2.8315e+00 (2.7831e+00)	Acc@1  33.00 ( 30.18)	Acc@5  59.50 ( 60.10)
[EVAL] E: [71][0/7]	Loss 3.1122e+00 (3.1122e+00)	Acc@1  26.12 ( 26.12)	Acc@5  53.75 ( 53.75)
[EVAL] E: [71][6/7]	Loss 2.9185e+00 (3.1116e+00)	Acc@1  25.00 ( 25.56)	Acc@5  54.00 ( 53.28)
		 Valid evaluation at end of epoch: latest_acc:25.56 LR:0.05 -- best val acc so far 32.30

Started EPOCH:72
[TRAIN] E: [72][ 0/57]	Loss 2.7113e+00 (2.7113e+00)	Acc@1  32.25 ( 32.25)	Acc@5  62.00 ( 62.00)
[TRAIN] E: [72][56/57]	Loss 2.6170e+00 (2.6893e+00)	Acc@1  40.50 ( 32.45)	Acc@5  63.50 ( 62.61)
[EVAL] E: [72][0/7]	Loss 2.7601e+00 (2.7601e+00)	Acc@1  30.25 ( 30.25)	Acc@5  60.00 ( 60.00)
[EVAL] E: [72][6/7]	Loss 2.6037e+00 (2.7488e+00)	Acc@1  35.00 ( 31.16)	Acc@5  64.50 ( 61.84)
		 Valid evaluation at end of epoch: latest_acc:31.16 LR:0.01 -- best val acc so far 32.30

Started EPOCH:73
[TRAIN] E: [73][ 0/57]	Loss 2.5690e+00 (2.5690e+00)	Acc@1  35.50 ( 35.50)	Acc@5  65.12 ( 65.12)
[TRAIN] E: [73][56/57]	Loss 2.8216e+00 (2.6208e+00)	Acc@1  25.50 ( 33.86)	Acc@5  60.00 ( 64.02)
[EVAL] E: [73][0/7]	Loss 2.7545e+00 (2.7545e+00)	Acc@1  30.38 ( 30.38)	Acc@5  61.50 ( 61.50)
[EVAL] E: [73][6/7]	Loss 2.7020e+00 (2.6671e+00)	Acc@1  31.50 ( 33.22)	Acc@5  59.00 ( 63.02)
		 Valid evaluation at end of epoch: latest_acc:33.22 LR:0.00 -- best val acc so far 33.22

Started EPOCH:74
[TRAIN] E: [74][ 0/57]	Loss 2.5387e+00 (2.5387e+00)	Acc@1  36.38 ( 36.38)	Acc@5  65.38 ( 65.38)
[TRAIN] E: [74][56/57]	Loss 2.6639e+00 (2.6196e+00)	Acc@1  35.00 ( 33.82)	Acc@5  61.50 ( 64.38)
[EVAL] E: [74][0/7]	Loss 2.7243e+00 (2.7243e+00)	Acc@1  32.62 ( 32.62)	Acc@5  60.62 ( 60.62)
[EVAL] E: [74][6/7]	Loss 2.8033e+00 (2.7656e+00)	Acc@1  33.00 ( 31.02)	Acc@5  55.00 ( 59.94)
		 Valid evaluation at end of epoch: latest_acc:31.02 LR:0.03 -- best val acc so far 33.22

Started EPOCH:75
[TRAIN] E: [75][ 0/57]	Loss 2.6706e+00 (2.6706e+00)	Acc@1  32.12 ( 32.12)	Acc@5  63.25 ( 63.25)
[TRAIN] E: [75][56/57]	Loss 2.7000e+00 (2.6877e+00)	Acc@1  29.50 ( 32.22)	Acc@5  63.00 ( 62.46)
[EVAL] E: [75][0/7]	Loss 3.0098e+00 (3.0098e+00)	Acc@1  25.75 ( 25.75)	Acc@5  55.25 ( 55.25)
[EVAL] E: [75][6/7]	Loss 2.9320e+00 (3.0155e+00)	Acc@1  25.00 ( 25.94)	Acc@5  60.00 ( 55.56)
		 Valid evaluation at end of epoch: latest_acc:25.94 LR:0.07 -- best val acc so far 33.22

Started EPOCH:76
[TRAIN] E: [76][ 0/57]	Loss 2.6827e+00 (2.6827e+00)	Acc@1  29.50 ( 29.50)	Acc@5  63.25 ( 63.25)
[TRAIN] E: [76][56/57]	Loss 2.8850e+00 (2.8011e+00)	Acc@1  25.00 ( 29.50)	Acc@5  59.50 ( 59.87)
[EVAL] E: [76][0/7]	Loss 3.4413e+00 (3.4413e+00)	Acc@1  20.38 ( 20.38)	Acc@5  47.75 ( 47.75)
[EVAL] E: [76][6/7]	Loss 3.4263e+00 (3.3588e+00)	Acc@1  20.50 ( 21.48)	Acc@5  47.00 ( 47.98)
		 Valid evaluation at end of epoch: latest_acc:21.48 LR:0.10 -- best val acc so far 33.22

Started EPOCH:77
[TRAIN] E: [77][ 0/57]	Loss 2.9609e+00 (2.9609e+00)	Acc@1  26.75 ( 26.75)	Acc@5  55.75 ( 55.75)
[TRAIN] E: [77][56/57]	Loss 2.6636e+00 (2.8190e+00)	Acc@1  34.50 ( 29.45)	Acc@5  63.00 ( 59.60)
[EVAL] E: [77][0/7]	Loss 3.0520e+00 (3.0520e+00)	Acc@1  23.00 ( 23.00)	Acc@5  54.50 ( 54.50)
[EVAL] E: [77][6/7]	Loss 2.8531e+00 (2.9847e+00)	Acc@1  32.00 ( 26.78)	Acc@5  54.50 ( 55.92)
		 Valid evaluation at end of epoch: latest_acc:26.78 LR:0.09 -- best val acc so far 33.22

Started EPOCH:78
[TRAIN] E: [78][ 0/57]	Loss 2.7496e+00 (2.7496e+00)	Acc@1  33.00 ( 33.00)	Acc@5  62.38 ( 62.38)
[TRAIN] E: [78][56/57]	Loss 2.7603e+00 (2.7517e+00)	Acc@1  31.50 ( 30.99)	Acc@5  60.00 ( 60.93)
[EVAL] E: [78][0/7]	Loss 3.0411e+00 (3.0411e+00)	Acc@1  27.88 ( 27.88)	Acc@5  54.12 ( 54.12)
[EVAL] E: [78][6/7]	Loss 2.8187e+00 (2.9654e+00)	Acc@1  28.50 ( 27.84)	Acc@5  58.50 ( 55.58)
		 Valid evaluation at end of epoch: latest_acc:27.84 LR:0.05 -- best val acc so far 33.22

Started EPOCH:79
[TRAIN] E: [79][ 0/57]	Loss 2.8195e+00 (2.8195e+00)	Acc@1  31.38 ( 31.38)	Acc@5  60.00 ( 60.00)
[TRAIN] E: [79][56/57]	Loss 2.6613e+00 (2.6612e+00)	Acc@1  33.50 ( 32.80)	Acc@5  62.00 ( 63.36)
[EVAL] E: [79][0/7]	Loss 2.6745e+00 (2.6745e+00)	Acc@1  32.25 ( 32.25)	Acc@5  63.50 ( 63.50)
[EVAL] E: [79][6/7]	Loss 2.6142e+00 (2.6791e+00)	Acc@1  29.50 ( 31.78)	Acc@5  62.50 ( 62.76)
		 Valid evaluation at end of epoch: latest_acc:31.78 LR:0.01 -- best val acc so far 33.22

Started EPOCH:80
[TRAIN] E: [80][ 0/57]	Loss 2.6585e+00 (2.6585e+00)	Acc@1  33.00 ( 33.00)	Acc@5  64.12 ( 64.12)
[TRAIN] E: [80][56/57]	Loss 2.5108e+00 (2.5991e+00)	Acc@1  36.00 ( 34.31)	Acc@5  66.50 ( 64.59)
[EVAL] E: [80][0/7]	Loss 2.6937e+00 (2.6937e+00)	Acc@1  32.75 ( 32.75)	Acc@5  63.50 ( 63.50)
[EVAL] E: [80][6/7]	Loss 2.5015e+00 (2.6694e+00)	Acc@1  33.50 ( 32.80)	Acc@5  66.50 ( 63.50)
		 Valid evaluation at end of epoch: latest_acc:32.80 LR:0.00 -- best val acc so far 33.22

Started EPOCH:81
[TRAIN] E: [81][ 0/57]	Loss 2.6043e+00 (2.6043e+00)	Acc@1  33.25 ( 33.25)	Acc@5  64.50 ( 64.50)
[TRAIN] E: [81][56/57]	Loss 2.5201e+00 (2.6057e+00)	Acc@1  36.50 ( 34.26)	Acc@5  67.50 ( 64.54)
[EVAL] E: [81][0/7]	Loss 3.0519e+00 (3.0519e+00)	Acc@1  24.88 ( 24.88)	Acc@5  56.75 ( 56.75)
[EVAL] E: [81][6/7]	Loss 2.9136e+00 (3.0131e+00)	Acc@1  25.50 ( 26.90)	Acc@5  60.00 ( 55.64)
		 Valid evaluation at end of epoch: latest_acc:26.90 LR:0.03 -- best val acc so far 33.22

Started EPOCH:82
[TRAIN] E: [82][ 0/57]	Loss 2.6058e+00 (2.6058e+00)	Acc@1  33.38 ( 33.38)	Acc@5  65.50 ( 65.50)
[TRAIN] E: [82][56/57]	Loss 2.9065e+00 (2.6605e+00)	Acc@1  29.00 ( 32.77)	Acc@5  57.50 ( 63.31)
[EVAL] E: [82][0/7]	Loss 3.6538e+00 (3.6538e+00)	Acc@1  19.12 ( 19.12)	Acc@5  44.12 ( 44.12)
[EVAL] E: [82][6/7]	Loss 3.6212e+00 (3.6575e+00)	Acc@1  21.00 ( 18.56)	Acc@5  44.00 ( 43.22)
		 Valid evaluation at end of epoch: latest_acc:18.56 LR:0.07 -- best val acc so far 33.22

Started EPOCH:83
[TRAIN] E: [83][ 0/57]	Loss 2.7646e+00 (2.7646e+00)	Acc@1  30.50 ( 30.50)	Acc@5  60.38 ( 60.38)
[TRAIN] E: [83][56/57]	Loss 2.7904e+00 (2.7665e+00)	Acc@1  30.50 ( 30.41)	Acc@5  58.00 ( 60.45)
[EVAL] E: [83][0/7]	Loss 3.4776e+00 (3.4776e+00)	Acc@1  20.62 ( 20.62)	Acc@5  43.12 ( 43.12)
[EVAL] E: [83][6/7]	Loss 3.6153e+00 (3.5341e+00)	Acc@1  22.00 ( 19.48)	Acc@5  46.00 ( 43.94)
		 Valid evaluation at end of epoch: latest_acc:19.48 LR:0.10 -- best val acc so far 33.22

Started EPOCH:84
[TRAIN] E: [84][ 0/57]	Loss 2.8278e+00 (2.8278e+00)	Acc@1  27.75 ( 27.75)	Acc@5  57.25 ( 57.25)
[TRAIN] E: [84][56/57]	Loss 2.6507e+00 (2.7815e+00)	Acc@1  37.00 ( 30.16)	Acc@5  63.00 ( 60.19)
[EVAL] E: [84][0/7]	Loss 3.1992e+00 (3.1992e+00)	Acc@1  23.00 ( 23.00)	Acc@5  49.62 ( 49.62)
[EVAL] E: [84][6/7]	Loss 3.1811e+00 (3.1911e+00)	Acc@1  25.00 ( 23.40)	Acc@5  52.50 ( 50.68)
		 Valid evaluation at end of epoch: latest_acc:23.40 LR:0.09 -- best val acc so far 33.22

Started EPOCH:85
[TRAIN] E: [85][ 0/57]	Loss 2.7434e+00 (2.7434e+00)	Acc@1  32.75 ( 32.75)	Acc@5  60.25 ( 60.25)
[TRAIN] E: [85][56/57]	Loss 2.7575e+00 (2.7316e+00)	Acc@1  30.00 ( 31.33)	Acc@5  59.50 ( 61.52)
[EVAL] E: [85][0/7]	Loss 2.9514e+00 (2.9514e+00)	Acc@1  27.75 ( 27.75)	Acc@5  57.38 ( 57.38)
[EVAL] E: [85][6/7]	Loss 2.9502e+00 (2.9474e+00)	Acc@1  26.00 ( 28.08)	Acc@5  53.50 ( 56.58)
		 Valid evaluation at end of epoch: latest_acc:28.08 LR:0.05 -- best val acc so far 33.22

Started EPOCH:86
[TRAIN] E: [86][ 0/57]	Loss 2.7050e+00 (2.7050e+00)	Acc@1  32.75 ( 32.75)	Acc@5  61.38 ( 61.38)
[TRAIN] E: [86][56/57]	Loss 2.7264e+00 (2.6442e+00)	Acc@1  31.50 ( 33.17)	Acc@5  64.50 ( 63.68)
[EVAL] E: [86][0/7]	Loss 2.7405e+00 (2.7405e+00)	Acc@1  28.75 ( 28.75)	Acc@5  61.62 ( 61.62)
[EVAL] E: [86][6/7]	Loss 2.5672e+00 (2.6628e+00)	Acc@1  32.50 ( 32.74)	Acc@5  65.50 ( 62.86)
		 Valid evaluation at end of epoch: latest_acc:32.74 LR:0.01 -- best val acc so far 33.22

Started EPOCH:87
[TRAIN] E: [87][ 0/57]	Loss 2.5823e+00 (2.5823e+00)	Acc@1  34.38 ( 34.38)	Acc@5  65.50 ( 65.50)
[TRAIN] E: [87][56/57]	Loss 2.5077e+00 (2.5768e+00)	Acc@1  34.50 ( 34.76)	Acc@5  67.50 ( 65.15)
[EVAL] E: [87][0/7]	Loss 2.6515e+00 (2.6515e+00)	Acc@1  33.25 ( 33.25)	Acc@5  64.50 ( 64.50)
[EVAL] E: [87][6/7]	Loss 2.6975e+00 (2.6450e+00)	Acc@1  29.50 ( 33.58)	Acc@5  60.50 ( 64.16)
		 Valid evaluation at end of epoch: latest_acc:33.58 LR:0.00 -- best val acc so far 33.58

Started EPOCH:88
[TRAIN] E: [88][ 0/57]	Loss 2.5566e+00 (2.5566e+00)	Acc@1  36.00 ( 36.00)	Acc@5  64.50 ( 64.50)
[TRAIN] E: [88][56/57]	Loss 2.6871e+00 (2.5788e+00)	Acc@1  33.00 ( 34.76)	Acc@5  62.00 ( 64.73)
[EVAL] E: [88][0/7]	Loss 2.7305e+00 (2.7305e+00)	Acc@1  29.75 ( 29.75)	Acc@5  61.12 ( 61.12)
[EVAL] E: [88][6/7]	Loss 2.6784e+00 (2.7360e+00)	Acc@1  33.00 ( 31.16)	Acc@5  63.50 ( 61.06)
		 Valid evaluation at end of epoch: latest_acc:31.16 LR:0.03 -- best val acc so far 33.58

Started EPOCH:89
[TRAIN] E: [89][ 0/57]	Loss 2.5067e+00 (2.5067e+00)	Acc@1  36.50 ( 36.50)	Acc@5  65.38 ( 65.38)
[TRAIN] E: [89][56/57]	Loss 2.8097e+00 (2.6293e+00)	Acc@1  27.00 ( 33.29)	Acc@5  58.50 ( 63.58)
[EVAL] E: [89][0/7]	Loss 3.1369e+00 (3.1369e+00)	Acc@1  24.25 ( 24.25)	Acc@5  52.38 ( 52.38)
[EVAL] E: [89][6/7]	Loss 3.1294e+00 (3.1512e+00)	Acc@1  26.00 ( 24.22)	Acc@5  51.00 ( 52.64)
		 Valid evaluation at end of epoch: latest_acc:24.22 LR:0.07 -- best val acc so far 33.58

Started EPOCH:90
[TRAIN] E: [90][ 0/57]	Loss 2.6769e+00 (2.6769e+00)	Acc@1  34.88 ( 34.88)	Acc@5  61.62 ( 61.62)
[TRAIN] E: [90][56/57]	Loss 2.7074e+00 (2.7359e+00)	Acc@1  28.50 ( 31.06)	Acc@5  62.50 ( 61.21)
[EVAL] E: [90][0/7]	Loss 3.4339e+00 (3.4339e+00)	Acc@1  20.00 ( 20.00)	Acc@5  46.62 ( 46.62)
[EVAL] E: [90][6/7]	Loss 3.3392e+00 (3.4924e+00)	Acc@1  23.50 ( 20.02)	Acc@5  48.50 ( 45.78)
		 Valid evaluation at end of epoch: latest_acc:20.02 LR:0.10 -- best val acc so far 33.58

Started EPOCH:91
[TRAIN] E: [91][ 0/57]	Loss 2.8393e+00 (2.8393e+00)	Acc@1  28.88 ( 28.88)	Acc@5  58.88 ( 58.88)
[TRAIN] E: [91][56/57]	Loss 2.8604e+00 (2.7769e+00)	Acc@1  28.00 ( 30.56)	Acc@5  58.00 ( 60.18)
[EVAL] E: [91][0/7]	Loss 3.4632e+00 (3.4632e+00)	Acc@1  20.50 ( 20.50)	Acc@5  47.25 ( 47.25)
[EVAL] E: [91][6/7]	Loss 3.2904e+00 (3.4004e+00)	Acc@1  20.00 ( 21.64)	Acc@5  52.50 ( 48.70)
		 Valid evaluation at end of epoch: latest_acc:21.64 LR:0.09 -- best val acc so far 33.58

Started EPOCH:92
[TRAIN] E: [92][ 0/57]	Loss 2.7018e+00 (2.7018e+00)	Acc@1  32.00 ( 32.00)	Acc@5  62.00 ( 62.00)
[TRAIN] E: [92][56/57]	Loss 2.4428e+00 (2.7109e+00)	Acc@1  40.50 ( 31.86)	Acc@5  68.50 ( 62.06)
[EVAL] E: [92][0/7]	Loss 2.9034e+00 (2.9034e+00)	Acc@1  28.88 ( 28.88)	Acc@5  59.12 ( 59.12)
[EVAL] E: [92][6/7]	Loss 2.7999e+00 (2.8476e+00)	Acc@1  25.50 ( 28.86)	Acc@5  56.00 ( 58.90)
		 Valid evaluation at end of epoch: latest_acc:28.86 LR:0.05 -- best val acc so far 33.58

Started EPOCH:93
[TRAIN] E: [93][ 0/57]	Loss 2.6511e+00 (2.6511e+00)	Acc@1  33.88 ( 33.88)	Acc@5  63.50 ( 63.50)
[TRAIN] E: [93][56/57]	Loss 2.6809e+00 (2.6207e+00)	Acc@1  31.50 ( 33.68)	Acc@5  61.50 ( 64.09)
[EVAL] E: [93][0/7]	Loss 2.6240e+00 (2.6240e+00)	Acc@1  33.50 ( 33.50)	Acc@5  64.62 ( 64.62)
[EVAL] E: [93][6/7]	Loss 2.6300e+00 (2.6418e+00)	Acc@1  34.00 ( 33.74)	Acc@5  62.00 ( 63.48)
		 Valid evaluation at end of epoch: latest_acc:33.74 LR:0.01 -- best val acc so far 33.74

Started EPOCH:94
[TRAIN] E: [94][ 0/57]	Loss 2.6743e+00 (2.6743e+00)	Acc@1  31.12 ( 31.12)	Acc@5  62.50 ( 62.50)
[TRAIN] E: [94][56/57]	Loss 2.5388e+00 (2.5543e+00)	Acc@1  32.50 ( 35.35)	Acc@5  66.00 ( 65.38)
[EVAL] E: [94][0/7]	Loss 2.6970e+00 (2.6970e+00)	Acc@1  32.62 ( 32.62)	Acc@5  61.88 ( 61.88)
[EVAL] E: [94][6/7]	Loss 2.4031e+00 (2.6271e+00)	Acc@1  35.50 ( 34.28)	Acc@5  67.50 ( 64.16)
		 Valid evaluation at end of epoch: latest_acc:34.28 LR:0.00 -- best val acc so far 34.28

Started EPOCH:95
[TRAIN] E: [95][ 0/57]	Loss 2.5039e+00 (2.5039e+00)	Acc@1  36.38 ( 36.38)	Acc@5  64.62 ( 64.62)
[TRAIN] E: [95][56/57]	Loss 2.3255e+00 (2.5557e+00)	Acc@1  39.00 ( 35.12)	Acc@5  70.00 ( 65.48)
[EVAL] E: [95][0/7]	Loss 2.6612e+00 (2.6612e+00)	Acc@1  34.00 ( 34.00)	Acc@5  63.50 ( 63.50)
[EVAL] E: [95][6/7]	Loss 2.8091e+00 (2.7054e+00)	Acc@1  30.50 ( 33.00)	Acc@5  61.00 ( 62.42)
		 Valid evaluation at end of epoch: latest_acc:33.00 LR:0.03 -- best val acc so far 34.28

Started EPOCH:96
[TRAIN] E: [96][ 0/57]	Loss 2.6275e+00 (2.6275e+00)	Acc@1  36.12 ( 36.12)	Acc@5  64.75 ( 64.75)
[TRAIN] E: [96][56/57]	Loss 2.4837e+00 (2.6186e+00)	Acc@1  36.50 ( 33.75)	Acc@5  66.00 ( 64.07)
[EVAL] E: [96][0/7]	Loss 3.2252e+00 (3.2252e+00)	Acc@1  21.12 ( 21.12)	Acc@5  50.88 ( 50.88)
[EVAL] E: [96][6/7]	Loss 3.0031e+00 (3.0888e+00)	Acc@1  29.00 ( 25.32)	Acc@5  53.00 ( 53.30)
		 Valid evaluation at end of epoch: latest_acc:25.32 LR:0.07 -- best val acc so far 34.28

Started EPOCH:97
[TRAIN] E: [97][ 0/57]	Loss 2.6227e+00 (2.6227e+00)	Acc@1  34.25 ( 34.25)	Acc@5  64.62 ( 64.62)
[TRAIN] E: [97][56/57]	Loss 2.8337e+00 (2.7319e+00)	Acc@1  34.50 ( 31.29)	Acc@5  61.50 ( 61.43)
[EVAL] E: [97][0/7]	Loss 3.2597e+00 (3.2597e+00)	Acc@1  21.00 ( 21.00)	Acc@5  50.12 ( 50.12)
[EVAL] E: [97][6/7]	Loss 3.1487e+00 (3.2302e+00)	Acc@1  25.50 ( 21.88)	Acc@5  50.50 ( 50.18)
		 Valid evaluation at end of epoch: latest_acc:21.88 LR:0.10 -- best val acc so far 34.28

Started EPOCH:98
[TRAIN] E: [98][ 0/57]	Loss 2.8002e+00 (2.8002e+00)	Acc@1  30.12 ( 30.12)	Acc@5  59.25 ( 59.25)
[TRAIN] E: [98][56/57]	Loss 2.8923e+00 (2.7470e+00)	Acc@1  25.00 ( 31.16)	Acc@5  59.00 ( 61.04)
[EVAL] E: [98][0/7]	Loss 3.5545e+00 (3.5545e+00)	Acc@1  20.25 ( 20.25)	Acc@5  46.50 ( 46.50)
[EVAL] E: [98][6/7]	Loss 3.6049e+00 (3.5144e+00)	Acc@1  18.50 ( 20.80)	Acc@5  47.00 ( 47.54)
		 Valid evaluation at end of epoch: latest_acc:20.80 LR:0.09 -- best val acc so far 34.28

Started EPOCH:99
[TRAIN] E: [99][ 0/57]	Loss 2.7367e+00 (2.7367e+00)	Acc@1  30.62 ( 30.62)	Acc@5  60.62 ( 60.62)
[TRAIN] E: [99][56/57]	Loss 2.7713e+00 (2.7183e+00)	Acc@1  30.00 ( 31.83)	Acc@5  58.00 ( 61.68)
[EVAL] E: [99][0/7]	Loss 3.0429e+00 (3.0429e+00)	Acc@1  26.62 ( 26.62)	Acc@5  54.25 ( 54.25)
[EVAL] E: [99][6/7]	Loss 2.7891e+00 (2.9696e+00)	Acc@1  28.50 ( 27.80)	Acc@5  59.50 ( 56.92)
		 Valid evaluation at end of epoch: latest_acc:27.80 LR:0.05 -- best val acc so far 34.28

Started EPOCH:100
[TRAIN] E: [100][ 0/57]	Loss 2.5973e+00 (2.5973e+00)	Acc@1  33.75 ( 33.75)	Acc@5  64.62 ( 64.62)
[TRAIN] E: [100][56/57]	Loss 2.6079e+00 (2.6166e+00)	Acc@1  32.50 ( 33.70)	Acc@5  61.00 ( 64.08)
[EVAL] E: [100][0/7]	Loss 2.7414e+00 (2.7414e+00)	Acc@1  32.12 ( 32.12)	Acc@5  60.25 ( 60.25)
[EVAL] E: [100][6/7]	Loss 2.5885e+00 (2.6757e+00)	Acc@1  34.50 ( 33.60)	Acc@5  65.00 ( 62.56)
		 Valid evaluation at end of epoch: latest_acc:33.60 LR:0.01 -- best val acc so far 34.28

Started EPOCH:101
[TRAIN] E: [101][ 0/57]	Loss 2.4936e+00 (2.4936e+00)	Acc@1  38.25 ( 38.25)	Acc@5  67.88 ( 67.88)
[TRAIN] E: [101][56/57]	Loss 2.6348e+00 (2.5379e+00)	Acc@1  36.00 ( 35.38)	Acc@5  61.50 ( 65.87)
[EVAL] E: [101][0/7]	Loss 2.5864e+00 (2.5864e+00)	Acc@1  36.25 ( 36.25)	Acc@5  65.38 ( 65.38)
[EVAL] E: [101][6/7]	Loss 2.5033e+00 (2.5890e+00)	Acc@1  35.00 ( 34.58)	Acc@5  69.50 ( 65.00)
		 Valid evaluation at end of epoch: latest_acc:34.58 LR:0.00 -- best val acc so far 34.58

Started EPOCH:102
[TRAIN] E: [102][ 0/57]	Loss 2.5779e+00 (2.5779e+00)	Acc@1  36.25 ( 36.25)	Acc@5  64.25 ( 64.25)
[TRAIN] E: [102][56/57]	Loss 2.7639e+00 (2.5361e+00)	Acc@1  33.50 ( 35.84)	Acc@5  58.00 ( 65.96)
[EVAL] E: [102][0/7]	Loss 2.7147e+00 (2.7147e+00)	Acc@1  31.50 ( 31.50)	Acc@5  61.50 ( 61.50)
[EVAL] E: [102][6/7]	Loss 2.5696e+00 (2.7322e+00)	Acc@1  33.00 ( 32.32)	Acc@5  65.50 ( 61.78)
		 Valid evaluation at end of epoch: latest_acc:32.32 LR:0.03 -- best val acc so far 34.58

Started EPOCH:103
[TRAIN] E: [103][ 0/57]	Loss 2.5546e+00 (2.5546e+00)	Acc@1  34.75 ( 34.75)	Acc@5  66.12 ( 66.12)
[TRAIN] E: [103][56/57]	Loss 2.6068e+00 (2.5959e+00)	Acc@1  32.00 ( 34.14)	Acc@5  61.00 ( 64.52)
[EVAL] E: [103][0/7]	Loss 2.8589e+00 (2.8589e+00)	Acc@1  29.50 ( 29.50)	Acc@5  60.38 ( 60.38)
[EVAL] E: [103][6/7]	Loss 2.7863e+00 (2.8876e+00)	Acc@1  27.00 ( 28.76)	Acc@5  60.50 ( 57.84)
		 Valid evaluation at end of epoch: latest_acc:28.76 LR:0.07 -- best val acc so far 34.58

Started EPOCH:104
[TRAIN] E: [104][ 0/57]	Loss 2.7294e+00 (2.7294e+00)	Acc@1  30.25 ( 30.25)	Acc@5  61.50 ( 61.50)
[TRAIN] E: [104][56/57]	Loss 2.6333e+00 (2.6872e+00)	Acc@1  33.50 ( 31.97)	Acc@5  63.00 ( 62.42)
[EVAL] E: [104][0/7]	Loss 3.1853e+00 (3.1853e+00)	Acc@1  24.62 ( 24.62)	Acc@5  54.12 ( 54.12)
[EVAL] E: [104][6/7]	Loss 3.0798e+00 (3.1020e+00)	Acc@1  26.50 ( 25.50)	Acc@5  56.50 ( 54.36)
		 Valid evaluation at end of epoch: latest_acc:25.50 LR:0.10 -- best val acc so far 34.58

Started EPOCH:105
[TRAIN] E: [105][ 0/57]	Loss 2.7011e+00 (2.7011e+00)	Acc@1  33.38 ( 33.38)	Acc@5  63.38 ( 63.38)
[TRAIN] E: [105][56/57]	Loss 2.6198e+00 (2.7388e+00)	Acc@1  34.50 ( 30.98)	Acc@5  67.00 ( 61.58)
[EVAL] E: [105][0/7]	Loss 3.2273e+00 (3.2273e+00)	Acc@1  21.88 ( 21.88)	Acc@5  49.38 ( 49.38)
[EVAL] E: [105][6/7]	Loss 3.0642e+00 (3.1579e+00)	Acc@1  30.50 ( 23.58)	Acc@5  55.00 ( 52.00)
		 Valid evaluation at end of epoch: latest_acc:23.58 LR:0.09 -- best val acc so far 34.58

Started EPOCH:106
[TRAIN] E: [106][ 0/57]	Loss 2.7660e+00 (2.7660e+00)	Acc@1  32.25 ( 32.25)	Acc@5  59.75 ( 59.75)
[TRAIN] E: [106][56/57]	Loss 2.7339e+00 (2.6868e+00)	Acc@1  30.50 ( 32.44)	Acc@5  61.00 ( 62.19)
[EVAL] E: [106][0/7]	Loss 2.8584e+00 (2.8584e+00)	Acc@1  30.25 ( 30.25)	Acc@5  57.50 ( 57.50)
[EVAL] E: [106][6/7]	Loss 2.7016e+00 (2.7760e+00)	Acc@1  35.50 ( 30.94)	Acc@5  61.50 ( 61.04)
		 Valid evaluation at end of epoch: latest_acc:30.94 LR:0.05 -- best val acc so far 34.58

Started EPOCH:107
[TRAIN] E: [107][ 0/57]	Loss 2.7557e+00 (2.7557e+00)	Acc@1  30.12 ( 30.12)	Acc@5  61.50 ( 61.50)
[TRAIN] E: [107][56/57]	Loss 2.4678e+00 (2.5853e+00)	Acc@1  37.50 ( 34.39)	Acc@5  67.00 ( 64.65)
[EVAL] E: [107][0/7]	Loss 2.7504e+00 (2.7504e+00)	Acc@1  32.75 ( 32.75)	Acc@5  60.12 ( 60.12)
[EVAL] E: [107][6/7]	Loss 2.5593e+00 (2.6556e+00)	Acc@1  31.00 ( 34.22)	Acc@5  64.50 ( 63.64)
		 Valid evaluation at end of epoch: latest_acc:34.22 LR:0.01 -- best val acc so far 34.58

Started EPOCH:108
[TRAIN] E: [108][ 0/57]	Loss 2.5385e+00 (2.5385e+00)	Acc@1  34.38 ( 34.38)	Acc@5  65.38 ( 65.38)
[TRAIN] E: [108][56/57]	Loss 2.5913e+00 (2.5273e+00)	Acc@1  31.50 ( 35.99)	Acc@5  63.50 ( 66.16)
[EVAL] E: [108][0/7]	Loss 2.5889e+00 (2.5889e+00)	Acc@1  34.12 ( 34.12)	Acc@5  65.00 ( 65.00)
[EVAL] E: [108][6/7]	Loss 2.4809e+00 (2.5697e+00)	Acc@1  36.50 ( 35.30)	Acc@5  69.50 ( 65.46)
		 Valid evaluation at end of epoch: latest_acc:35.30 LR:0.00 -- best val acc so far 35.30

Started EPOCH:109
[TRAIN] E: [109][ 0/57]	Loss 2.5361e+00 (2.5361e+00)	Acc@1  36.38 ( 36.38)	Acc@5  66.50 ( 66.50)
[TRAIN] E: [109][56/57]	Loss 2.5856e+00 (2.5255e+00)	Acc@1  37.00 ( 35.99)	Acc@5  64.00 ( 65.96)
[EVAL] E: [109][0/7]	Loss 2.7136e+00 (2.7136e+00)	Acc@1  33.38 ( 33.38)	Acc@5  61.88 ( 61.88)
[EVAL] E: [109][6/7]	Loss 2.7014e+00 (2.6716e+00)	Acc@1  34.50 ( 33.40)	Acc@5  63.00 ( 63.00)
		 Valid evaluation at end of epoch: latest_acc:33.40 LR:0.03 -- best val acc so far 35.30

Started EPOCH:110
[TRAIN] E: [110][ 0/57]	Loss 2.5110e+00 (2.5110e+00)	Acc@1  38.75 ( 38.75)	Acc@5  67.75 ( 67.75)
[TRAIN] E: [110][56/57]	Loss 2.6409e+00 (2.5741e+00)	Acc@1  34.00 ( 34.98)	Acc@5  60.00 ( 64.97)
[EVAL] E: [110][0/7]	Loss 2.9374e+00 (2.9374e+00)	Acc@1  28.12 ( 28.12)	Acc@5  56.12 ( 56.12)
[EVAL] E: [110][6/7]	Loss 2.8103e+00 (2.9298e+00)	Acc@1  29.00 ( 28.14)	Acc@5  62.50 ( 56.88)
		 Valid evaluation at end of epoch: latest_acc:28.14 LR:0.07 -- best val acc so far 35.30

Started EPOCH:111
[TRAIN] E: [111][ 0/57]	Loss 2.6587e+00 (2.6587e+00)	Acc@1  32.25 ( 32.25)	Acc@5  62.00 ( 62.00)
[TRAIN] E: [111][56/57]	Loss 2.5734e+00 (2.6754e+00)	Acc@1  34.00 ( 32.66)	Acc@5  68.50 ( 62.57)
[EVAL] E: [111][0/7]	Loss 3.8029e+00 (3.8029e+00)	Acc@1  19.25 ( 19.25)	Acc@5  46.62 ( 46.62)
[EVAL] E: [111][6/7]	Loss 3.4745e+00 (3.8289e+00)	Acc@1  21.00 ( 17.90)	Acc@5  50.00 ( 44.82)
		 Valid evaluation at end of epoch: latest_acc:17.90 LR:0.10 -- best val acc so far 35.30

Started EPOCH:112
[TRAIN] E: [112][ 0/57]	Loss 2.6735e+00 (2.6735e+00)	Acc@1  33.12 ( 33.12)	Acc@5  62.00 ( 62.00)
[TRAIN] E: [112][56/57]	Loss 2.8111e+00 (2.7127e+00)	Acc@1  30.00 ( 31.62)	Acc@5  63.00 ( 62.03)
[EVAL] E: [112][0/7]	Loss 3.0548e+00 (3.0548e+00)	Acc@1  26.62 ( 26.62)	Acc@5  54.62 ( 54.62)
[EVAL] E: [112][6/7]	Loss 3.1478e+00 (3.0618e+00)	Acc@1  24.00 ( 26.14)	Acc@5  51.00 ( 54.24)
		 Valid evaluation at end of epoch: latest_acc:26.14 LR:0.09 -- best val acc so far 35.30

Started EPOCH:113
[TRAIN] E: [113][ 0/57]	Loss 2.6930e+00 (2.6930e+00)	Acc@1  32.38 ( 32.38)	Acc@5  63.00 ( 63.00)
[TRAIN] E: [113][56/57]	Loss 2.8041e+00 (2.6716e+00)	Acc@1  26.50 ( 32.75)	Acc@5  59.00 ( 62.63)
[EVAL] E: [113][0/7]	Loss 2.9290e+00 (2.9290e+00)	Acc@1  28.62 ( 28.62)	Acc@5  56.75 ( 56.75)
[EVAL] E: [113][6/7]	Loss 2.7284e+00 (2.9159e+00)	Acc@1  32.50 ( 29.28)	Acc@5  59.50 ( 56.88)
		 Valid evaluation at end of epoch: latest_acc:29.28 LR:0.05 -- best val acc so far 35.30

Started EPOCH:114
[TRAIN] E: [114][ 0/57]	Loss 2.6877e+00 (2.6877e+00)	Acc@1  32.00 ( 32.00)	Acc@5  62.00 ( 62.00)
[TRAIN] E: [114][56/57]	Loss 2.5331e+00 (2.5773e+00)	Acc@1  37.00 ( 34.63)	Acc@5  67.00 ( 65.06)
[EVAL] E: [114][0/7]	Loss 2.7198e+00 (2.7198e+00)	Acc@1  30.62 ( 30.62)	Acc@5  61.00 ( 61.00)
[EVAL] E: [114][6/7]	Loss 2.6708e+00 (2.6646e+00)	Acc@1  34.00 ( 32.94)	Acc@5  59.00 ( 62.46)
		 Valid evaluation at end of epoch: latest_acc:32.94 LR:0.01 -- best val acc so far 35.30

Started EPOCH:115
[TRAIN] E: [115][ 0/57]	Loss 2.5112e+00 (2.5112e+00)	Acc@1  38.50 ( 38.50)	Acc@5  67.12 ( 67.12)
[TRAIN] E: [115][56/57]	Loss 2.4107e+00 (2.5145e+00)	Acc@1  41.00 ( 36.15)	Acc@5  67.00 ( 66.50)
[EVAL] E: [115][0/7]	Loss 2.6697e+00 (2.6697e+00)	Acc@1  33.62 ( 33.62)	Acc@5  63.50 ( 63.50)
[EVAL] E: [115][6/7]	Loss 2.4476e+00 (2.5915e+00)	Acc@1  32.50 ( 34.66)	Acc@5  68.50 ( 64.28)
		 Valid evaluation at end of epoch: latest_acc:34.66 LR:0.00 -- best val acc so far 35.30

Started EPOCH:116
[TRAIN] E: [116][ 0/57]	Loss 2.5086e+00 (2.5086e+00)	Acc@1  35.88 ( 35.88)	Acc@5  66.12 ( 66.12)
[TRAIN] E: [116][56/57]	Loss 2.6129e+00 (2.5070e+00)	Acc@1  33.00 ( 36.29)	Acc@5  62.50 ( 66.60)
[EVAL] E: [116][0/7]	Loss 2.7126e+00 (2.7126e+00)	Acc@1  31.75 ( 31.75)	Acc@5  62.00 ( 62.00)
[EVAL] E: [116][6/7]	Loss 2.7572e+00 (2.6554e+00)	Acc@1  28.50 ( 33.26)	Acc@5  62.50 ( 63.18)
		 Valid evaluation at end of epoch: latest_acc:33.26 LR:0.03 -- best val acc so far 35.30

Started EPOCH:117
[TRAIN] E: [117][ 0/57]	Loss 2.6451e+00 (2.6451e+00)	Acc@1  34.25 ( 34.25)	Acc@5  62.88 ( 62.88)
[TRAIN] E: [117][56/57]	Loss 2.5841e+00 (2.5658e+00)	Acc@1  34.00 ( 35.22)	Acc@5  61.00 ( 65.33)
[EVAL] E: [117][0/7]	Loss 3.0503e+00 (3.0503e+00)	Acc@1  25.38 ( 25.38)	Acc@5  55.00 ( 55.00)
[EVAL] E: [117][6/7]	Loss 3.0946e+00 (3.0298e+00)	Acc@1  27.00 ( 26.26)	Acc@5  53.50 ( 55.14)
		 Valid evaluation at end of epoch: latest_acc:26.26 LR:0.07 -- best val acc so far 35.30

Started EPOCH:118
[TRAIN] E: [118][ 0/57]	Loss 2.6397e+00 (2.6397e+00)	Acc@1  31.00 ( 31.00)	Acc@5  64.50 ( 64.50)
[TRAIN] E: [118][56/57]	Loss 2.6030e+00 (2.6679e+00)	Acc@1  35.50 ( 32.74)	Acc@5  64.00 ( 62.96)
[EVAL] E: [118][0/7]	Loss 3.6344e+00 (3.6344e+00)	Acc@1  18.25 ( 18.25)	Acc@5  42.50 ( 42.50)
[EVAL] E: [118][6/7]	Loss 3.5328e+00 (3.5686e+00)	Acc@1  23.50 ( 19.24)	Acc@5  48.50 ( 45.14)
		 Valid evaluation at end of epoch: latest_acc:19.24 LR:0.10 -- best val acc so far 35.30

Started EPOCH:119
[TRAIN] E: [119][ 0/57]	Loss 2.7444e+00 (2.7444e+00)	Acc@1  31.88 ( 31.88)	Acc@5  61.38 ( 61.38)
[TRAIN] E: [119][56/57]	Loss 2.7596e+00 (2.7221e+00)	Acc@1  33.00 ( 31.57)	Acc@5  64.50 ( 61.75)
[EVAL] E: [119][0/7]	Loss 3.4651e+00 (3.4651e+00)	Acc@1  20.88 ( 20.88)	Acc@5  45.75 ( 45.75)
[EVAL] E: [119][6/7]	Loss 3.3085e+00 (3.4300e+00)	Acc@1  23.00 ( 21.76)	Acc@5  49.50 ( 47.94)
		 Valid evaluation at end of epoch: latest_acc:21.76 LR:0.09 -- best val acc so far 35.30

Started EPOCH:120
[TRAIN] E: [120][ 0/57]	Loss 2.7455e+00 (2.7455e+00)	Acc@1  34.50 ( 34.50)	Acc@5  63.25 ( 63.25)
[TRAIN] E: [120][56/57]	Loss 2.6651e+00 (2.6575e+00)	Acc@1  33.00 ( 33.04)	Acc@5  65.50 ( 63.16)
[EVAL] E: [120][0/7]	Loss 3.0100e+00 (3.0100e+00)	Acc@1  27.12 ( 27.12)	Acc@5  55.12 ( 55.12)
[EVAL] E: [120][6/7]	Loss 2.8738e+00 (2.9474e+00)	Acc@1  31.00 ( 28.16)	Acc@5  59.00 ( 57.48)
		 Valid evaluation at end of epoch: latest_acc:28.16 LR:0.05 -- best val acc so far 35.30

Started EPOCH:121
[TRAIN] E: [121][ 0/57]	Loss 2.5931e+00 (2.5931e+00)	Acc@1  34.12 ( 34.12)	Acc@5  63.75 ( 63.75)
[TRAIN] E: [121][56/57]	Loss 2.3736e+00 (2.5677e+00)	Acc@1  39.50 ( 34.87)	Acc@5  68.50 ( 65.32)
[EVAL] E: [121][0/7]	Loss 2.6106e+00 (2.6106e+00)	Acc@1  32.25 ( 32.25)	Acc@5  63.62 ( 63.62)
[EVAL] E: [121][6/7]	Loss 2.5565e+00 (2.6249e+00)	Acc@1  37.00 ( 33.24)	Acc@5  63.50 ( 63.94)
		 Valid evaluation at end of epoch: latest_acc:33.24 LR:0.01 -- best val acc so far 35.30

Started EPOCH:122
[TRAIN] E: [122][ 0/57]	Loss 2.3436e+00 (2.3436e+00)	Acc@1  40.88 ( 40.88)	Acc@5  68.50 ( 68.50)
[TRAIN] E: [122][56/57]	Loss 2.2884e+00 (2.4918e+00)	Acc@1  47.50 ( 36.63)	Acc@5  72.50 ( 66.95)
[EVAL] E: [122][0/7]	Loss 2.6067e+00 (2.6067e+00)	Acc@1  34.38 ( 34.38)	Acc@5  63.50 ( 63.50)
[EVAL] E: [122][6/7]	Loss 2.6274e+00 (2.5834e+00)	Acc@1  31.00 ( 34.70)	Acc@5  66.00 ( 65.42)
		 Valid evaluation at end of epoch: latest_acc:34.70 LR:0.00 -- best val acc so far 35.30

Started EPOCH:123
[TRAIN] E: [123][ 0/57]	Loss 2.5049e+00 (2.5049e+00)	Acc@1  36.00 ( 36.00)	Acc@5  66.88 ( 66.88)
[TRAIN] E: [123][56/57]	Loss 2.3770e+00 (2.4862e+00)	Acc@1  33.50 ( 36.79)	Acc@5  72.00 ( 66.97)
[EVAL] E: [123][0/7]	Loss 2.6388e+00 (2.6388e+00)	Acc@1  33.62 ( 33.62)	Acc@5  63.00 ( 63.00)
[EVAL] E: [123][6/7]	Loss 2.5001e+00 (2.5872e+00)	Acc@1  35.00 ( 34.92)	Acc@5  63.50 ( 64.40)
		 Valid evaluation at end of epoch: latest_acc:34.92 LR:0.03 -- best val acc so far 35.30

Started EPOCH:124
[TRAIN] E: [124][ 0/57]	Loss 2.5018e+00 (2.5018e+00)	Acc@1  36.75 ( 36.75)	Acc@5  66.62 ( 66.62)
[TRAIN] E: [124][56/57]	Loss 2.7268e+00 (2.5522e+00)	Acc@1  35.00 ( 35.15)	Acc@5  62.00 ( 65.62)
[EVAL] E: [124][0/7]	Loss 3.1413e+00 (3.1413e+00)	Acc@1  24.62 ( 24.62)	Acc@5  54.50 ( 54.50)
[EVAL] E: [124][6/7]	Loss 3.0169e+00 (3.1053e+00)	Acc@1  27.50 ( 25.72)	Acc@5  53.00 ( 54.14)
		 Valid evaluation at end of epoch: latest_acc:25.72 LR:0.07 -- best val acc so far 35.30

Started EPOCH:125
[TRAIN] E: [125][ 0/57]	Loss 2.6626e+00 (2.6626e+00)	Acc@1  34.88 ( 34.88)	Acc@5  62.38 ( 62.38)
[TRAIN] E: [125][56/57]	Loss 2.7853e+00 (2.6593e+00)	Acc@1  29.50 ( 33.14)	Acc@5  57.00 ( 62.91)
[EVAL] E: [125][0/7]	Loss 3.0535e+00 (3.0535e+00)	Acc@1  26.62 ( 26.62)	Acc@5  52.25 ( 52.25)
[EVAL] E: [125][6/7]	Loss 2.9598e+00 (3.0511e+00)	Acc@1  23.50 ( 26.18)	Acc@5  54.00 ( 54.22)
		 Valid evaluation at end of epoch: latest_acc:26.18 LR:0.10 -- best val acc so far 35.30

Started EPOCH:126
[TRAIN] E: [126][ 0/57]	Loss 2.6192e+00 (2.6192e+00)	Acc@1  33.50 ( 33.50)	Acc@5  64.00 ( 64.00)
[TRAIN] E: [126][56/57]	Loss 2.6652e+00 (2.7118e+00)	Acc@1  30.50 ( 31.88)	Acc@5  67.50 ( 61.88)
[EVAL] E: [126][0/7]	Loss 3.1483e+00 (3.1483e+00)	Acc@1  23.88 ( 23.88)	Acc@5  52.75 ( 52.75)
[EVAL] E: [126][6/7]	Loss 3.0437e+00 (3.1256e+00)	Acc@1  26.00 ( 24.30)	Acc@5  56.50 ( 53.06)
		 Valid evaluation at end of epoch: latest_acc:24.30 LR:0.09 -- best val acc so far 35.30

Started EPOCH:127
[TRAIN] E: [127][ 0/57]	Loss 2.7697e+00 (2.7697e+00)	Acc@1  28.88 ( 28.88)	Acc@5  61.00 ( 61.00)
[TRAIN] E: [127][56/57]	Loss 2.4314e+00 (2.6487e+00)	Acc@1  41.00 ( 33.03)	Acc@5  73.00 ( 63.28)
[EVAL] E: [127][0/7]	Loss 3.2066e+00 (3.2066e+00)	Acc@1  25.88 ( 25.88)	Acc@5  52.12 ( 52.12)
[EVAL] E: [127][6/7]	Loss 3.3455e+00 (3.2146e+00)	Acc@1  20.00 ( 24.62)	Acc@5  50.50 ( 51.46)
		 Valid evaluation at end of epoch: latest_acc:24.62 LR:0.05 -- best val acc so far 35.30

Started EPOCH:128
[TRAIN] E: [128][ 0/57]	Loss 2.6684e+00 (2.6684e+00)	Acc@1  32.25 ( 32.25)	Acc@5  63.75 ( 63.75)
[TRAIN] E: [128][56/57]	Loss 2.5038e+00 (2.5536e+00)	Acc@1  39.00 ( 35.34)	Acc@5  67.50 ( 65.39)
[EVAL] E: [128][0/7]	Loss 2.5803e+00 (2.5803e+00)	Acc@1  33.62 ( 33.62)	Acc@5  65.12 ( 65.12)
[EVAL] E: [128][6/7]	Loss 2.5072e+00 (2.6394e+00)	Acc@1  32.00 ( 33.44)	Acc@5  67.50 ( 64.18)
		 Valid evaluation at end of epoch: latest_acc:33.44 LR:0.01 -- best val acc so far 35.30

Started EPOCH:129
[TRAIN] E: [129][ 0/57]	Loss 2.5045e+00 (2.5045e+00)	Acc@1  36.38 ( 36.38)	Acc@5  68.00 ( 68.00)
[TRAIN] E: [129][56/57]	Loss 2.5347e+00 (2.4835e+00)	Acc@1  37.50 ( 36.91)	Acc@5  67.00 ( 67.27)
[EVAL] E: [129][0/7]	Loss 2.6145e+00 (2.6145e+00)	Acc@1  36.12 ( 36.12)	Acc@5  62.62 ( 62.62)
[EVAL] E: [129][6/7]	Loss 2.4989e+00 (2.5620e+00)	Acc@1  35.00 ( 35.56)	Acc@5  67.50 ( 65.06)
		 Valid evaluation at end of epoch: latest_acc:35.56 LR:0.00 -- best val acc so far 35.56

Started EPOCH:130
[TRAIN] E: [130][ 0/57]	Loss 2.4188e+00 (2.4188e+00)	Acc@1  39.88 ( 39.88)	Acc@5  66.88 ( 66.88)
[TRAIN] E: [130][56/57]	Loss 2.5333e+00 (2.4834e+00)	Acc@1  37.00 ( 37.06)	Acc@5  62.50 ( 66.96)
[EVAL] E: [130][0/7]	Loss 2.6704e+00 (2.6704e+00)	Acc@1  33.62 ( 33.62)	Acc@5  63.12 ( 63.12)
[EVAL] E: [130][6/7]	Loss 2.3996e+00 (2.6445e+00)	Acc@1  39.50 ( 34.26)	Acc@5  69.50 ( 64.12)
		 Valid evaluation at end of epoch: latest_acc:34.26 LR:0.03 -- best val acc so far 35.56

Started EPOCH:131
[TRAIN] E: [131][ 0/57]	Loss 2.5819e+00 (2.5819e+00)	Acc@1  34.12 ( 34.12)	Acc@5  63.62 ( 63.62)
[TRAIN] E: [131][56/57]	Loss 2.6265e+00 (2.5350e+00)	Acc@1  37.50 ( 35.19)	Acc@5  65.00 ( 66.01)
[EVAL] E: [131][0/7]	Loss 3.1565e+00 (3.1565e+00)	Acc@1  23.62 ( 23.62)	Acc@5  53.50 ( 53.50)
[EVAL] E: [131][6/7]	Loss 3.0335e+00 (3.1199e+00)	Acc@1  29.50 ( 24.86)	Acc@5  57.50 ( 53.56)
		 Valid evaluation at end of epoch: latest_acc:24.86 LR:0.07 -- best val acc so far 35.56

Started EPOCH:132
[TRAIN] E: [132][ 0/57]	Loss 2.6718e+00 (2.6718e+00)	Acc@1  33.25 ( 33.25)	Acc@5  60.75 ( 60.75)
[TRAIN] E: [132][56/57]	Loss 2.7254e+00 (2.6469e+00)	Acc@1  32.00 ( 33.10)	Acc@5  66.50 ( 63.39)
[EVAL] E: [132][0/7]	Loss 3.4396e+00 (3.4396e+00)	Acc@1  20.25 ( 20.25)	Acc@5  46.88 ( 46.88)
[EVAL] E: [132][6/7]	Loss 3.5870e+00 (3.4513e+00)	Acc@1  18.00 ( 20.54)	Acc@5  42.00 ( 46.34)
		 Valid evaluation at end of epoch: latest_acc:20.54 LR:0.10 -- best val acc so far 35.56

Started EPOCH:133
[TRAIN] E: [133][ 0/57]	Loss 2.6850e+00 (2.6850e+00)	Acc@1  32.12 ( 32.12)	Acc@5  62.25 ( 62.25)
[TRAIN] E: [133][56/57]	Loss 2.6701e+00 (2.6926e+00)	Acc@1  31.50 ( 32.11)	Acc@5  65.00 ( 62.50)
[EVAL] E: [133][0/7]	Loss 3.0228e+00 (3.0228e+00)	Acc@1  26.25 ( 26.25)	Acc@5  55.12 ( 55.12)
[EVAL] E: [133][6/7]	Loss 2.7315e+00 (3.0061e+00)	Acc@1  32.50 ( 27.32)	Acc@5  60.00 ( 55.18)
		 Valid evaluation at end of epoch: latest_acc:27.32 LR:0.09 -- best val acc so far 35.56

Started EPOCH:134
[TRAIN] E: [134][ 0/57]	Loss 2.6341e+00 (2.6341e+00)	Acc@1  33.75 ( 33.75)	Acc@5  63.38 ( 63.38)
[TRAIN] E: [134][56/57]	Loss 2.6702e+00 (2.6443e+00)	Acc@1  34.00 ( 33.46)	Acc@5  62.00 ( 63.56)
[EVAL] E: [134][0/7]	Loss 2.8701e+00 (2.8701e+00)	Acc@1  29.50 ( 29.50)	Acc@5  58.12 ( 58.12)
[EVAL] E: [134][6/7]	Loss 2.7610e+00 (2.8700e+00)	Acc@1  29.00 ( 30.00)	Acc@5  63.50 ( 58.72)
		 Valid evaluation at end of epoch: latest_acc:30.00 LR:0.05 -- best val acc so far 35.56

Started EPOCH:135
[TRAIN] E: [135][ 0/57]	Loss 2.5565e+00 (2.5565e+00)	Acc@1  34.12 ( 34.12)	Acc@5  67.62 ( 67.62)
[TRAIN] E: [135][56/57]	Loss 2.6170e+00 (2.5408e+00)	Acc@1  35.00 ( 35.65)	Acc@5  63.00 ( 65.76)
[EVAL] E: [135][0/7]	Loss 2.6931e+00 (2.6931e+00)	Acc@1  32.00 ( 32.00)	Acc@5  62.00 ( 62.00)
[EVAL] E: [135][6/7]	Loss 2.5472e+00 (2.6496e+00)	Acc@1  34.00 ( 33.78)	Acc@5  64.00 ( 62.80)
		 Valid evaluation at end of epoch: latest_acc:33.78 LR:0.01 -- best val acc so far 35.56

Started EPOCH:136
[TRAIN] E: [136][ 0/57]	Loss 2.4897e+00 (2.4897e+00)	Acc@1  37.00 ( 37.00)	Acc@5  67.12 ( 67.12)
[TRAIN] E: [136][56/57]	Loss 2.5880e+00 (2.4779e+00)	Acc@1  35.00 ( 36.77)	Acc@5  67.00 ( 67.30)
[EVAL] E: [136][0/7]	Loss 2.5780e+00 (2.5780e+00)	Acc@1  33.88 ( 33.88)	Acc@5  67.00 ( 67.00)
[EVAL] E: [136][6/7]	Loss 2.4243e+00 (2.5491e+00)	Acc@1  33.50 ( 35.80)	Acc@5  71.50 ( 66.12)
		 Valid evaluation at end of epoch: latest_acc:35.80 LR:0.00 -- best val acc so far 35.80

Started EPOCH:137
[TRAIN] E: [137][ 0/57]	Loss 2.3695e+00 (2.3695e+00)	Acc@1  40.12 ( 40.12)	Acc@5  69.25 ( 69.25)
[TRAIN] E: [137][56/57]	Loss 2.6098e+00 (2.4735e+00)	Acc@1  37.50 ( 37.17)	Acc@5  61.50 ( 67.08)
[EVAL] E: [137][0/7]	Loss 2.6700e+00 (2.6700e+00)	Acc@1  33.25 ( 33.25)	Acc@5  62.25 ( 62.25)
[EVAL] E: [137][6/7]	Loss 2.6859e+00 (2.6275e+00)	Acc@1  34.00 ( 34.06)	Acc@5  62.50 ( 63.68)
		 Valid evaluation at end of epoch: latest_acc:34.06 LR:0.02 -- best val acc so far 35.80

Started EPOCH:138
[TRAIN] E: [138][ 0/57]	Loss 2.5275e+00 (2.5275e+00)	Acc@1  35.50 ( 35.50)	Acc@5  66.00 ( 66.00)
[TRAIN] E: [138][56/57]	Loss 2.6201e+00 (2.5231e+00)	Acc@1  32.50 ( 36.00)	Acc@5  63.50 ( 66.22)
[EVAL] E: [138][0/7]	Loss 2.9712e+00 (2.9712e+00)	Acc@1  27.88 ( 27.88)	Acc@5  57.62 ( 57.62)
[EVAL] E: [138][6/7]	Loss 2.7979e+00 (2.9836e+00)	Acc@1  24.00 ( 27.54)	Acc@5  63.00 ( 57.46)
		 Valid evaluation at end of epoch: latest_acc:27.54 LR:0.07 -- best val acc so far 35.80

Started EPOCH:139
[TRAIN] E: [139][ 0/57]	Loss 2.6858e+00 (2.6858e+00)	Acc@1  33.50 ( 33.50)	Acc@5  62.50 ( 62.50)
[TRAIN] E: [139][56/57]	Loss 2.5860e+00 (2.6217e+00)	Acc@1  36.50 ( 33.46)	Acc@5  67.00 ( 63.76)
[EVAL] E: [139][0/7]	Loss 2.9112e+00 (2.9112e+00)	Acc@1  27.38 ( 27.38)	Acc@5  59.38 ( 59.38)
[EVAL] E: [139][6/7]	Loss 2.8659e+00 (2.9551e+00)	Acc@1  28.00 ( 27.82)	Acc@5  57.50 ( 56.90)
		 Valid evaluation at end of epoch: latest_acc:27.82 LR:0.10 -- best val acc so far 35.80

Started EPOCH:140
[TRAIN] E: [140][ 0/57]	Loss 2.7075e+00 (2.7075e+00)	Acc@1  31.38 ( 31.38)	Acc@5  61.00 ( 61.00)
[TRAIN] E: [140][56/57]	Loss 2.6496e+00 (2.6704e+00)	Acc@1  28.00 ( 32.39)	Acc@5  68.50 ( 62.64)
[EVAL] E: [140][0/7]	Loss 3.2432e+00 (3.2432e+00)	Acc@1  22.38 ( 22.38)	Acc@5  51.50 ( 51.50)
[EVAL] E: [140][6/7]	Loss 3.1484e+00 (3.2098e+00)	Acc@1  22.50 ( 23.28)	Acc@5  54.00 ( 51.06)
		 Valid evaluation at end of epoch: latest_acc:23.28 LR:0.09 -- best val acc so far 35.80

Started EPOCH:141
[TRAIN] E: [141][ 0/57]	Loss 2.5382e+00 (2.5382e+00)	Acc@1  35.25 ( 35.25)	Acc@5  68.38 ( 68.38)
[TRAIN] E: [141][56/57]	Loss 2.8083e+00 (2.6344e+00)	Acc@1  28.50 ( 33.53)	Acc@5  62.00 ( 64.09)
[EVAL] E: [141][0/7]	Loss 2.8492e+00 (2.8492e+00)	Acc@1  30.88 ( 30.88)	Acc@5  59.25 ( 59.25)
[EVAL] E: [141][6/7]	Loss 2.7112e+00 (2.7907e+00)	Acc@1  31.50 ( 31.02)	Acc@5  64.00 ( 60.76)
		 Valid evaluation at end of epoch: latest_acc:31.02 LR:0.05 -- best val acc so far 35.80

Started EPOCH:142
[TRAIN] E: [142][ 0/57]	Loss 2.6155e+00 (2.6155e+00)	Acc@1  34.75 ( 34.75)	Acc@5  65.75 ( 65.75)
[TRAIN] E: [142][56/57]	Loss 2.4390e+00 (2.5421e+00)	Acc@1  32.50 ( 35.44)	Acc@5  66.00 ( 65.69)
[EVAL] E: [142][0/7]	Loss 2.6579e+00 (2.6579e+00)	Acc@1  33.38 ( 33.38)	Acc@5  63.00 ( 63.00)
[EVAL] E: [142][6/7]	Loss 2.6688e+00 (2.6170e+00)	Acc@1  29.50 ( 34.16)	Acc@5  62.00 ( 63.72)
		 Valid evaluation at end of epoch: latest_acc:34.16 LR:0.01 -- best val acc so far 35.80

Started EPOCH:143
[TRAIN] E: [143][ 0/57]	Loss 2.5019e+00 (2.5019e+00)	Acc@1  38.62 ( 38.62)	Acc@5  67.88 ( 67.88)
[TRAIN] E: [143][56/57]	Loss 2.3216e+00 (2.4638e+00)	Acc@1  39.50 ( 37.15)	Acc@5  70.00 ( 67.39)
[EVAL] E: [143][0/7]	Loss 2.5982e+00 (2.5982e+00)	Acc@1  33.38 ( 33.38)	Acc@5  64.00 ( 64.00)
[EVAL] E: [143][6/7]	Loss 2.3961e+00 (2.5377e+00)	Acc@1  36.50 ( 35.00)	Acc@5  68.50 ( 66.06)
		 Valid evaluation at end of epoch: latest_acc:35.00 LR:0.00 -- best val acc so far 35.80

Started EPOCH:144
[TRAIN] E: [144][ 0/57]	Loss 2.4747e+00 (2.4747e+00)	Acc@1  36.50 ( 36.50)	Acc@5  67.50 ( 67.50)
[TRAIN] E: [144][56/57]	Loss 2.6770e+00 (2.4602e+00)	Acc@1  36.00 ( 37.65)	Acc@5  64.00 ( 67.59)
[EVAL] E: [144][0/7]	Loss 2.6788e+00 (2.6788e+00)	Acc@1  32.12 ( 32.12)	Acc@5  63.25 ( 63.25)
[EVAL] E: [144][6/7]	Loss 2.4307e+00 (2.5909e+00)	Acc@1  38.00 ( 34.16)	Acc@5  68.50 ( 64.48)
		 Valid evaluation at end of epoch: latest_acc:34.16 LR:0.02 -- best val acc so far 35.80

Started EPOCH:145
[TRAIN] E: [145][ 0/57]	Loss 2.4401e+00 (2.4401e+00)	Acc@1  36.88 ( 36.88)	Acc@5  66.88 ( 66.88)
[TRAIN] E: [145][56/57]	Loss 2.7548e+00 (2.5178e+00)	Acc@1  28.50 ( 36.15)	Acc@5  60.50 ( 65.95)
[EVAL] E: [145][0/7]	Loss 2.8232e+00 (2.8232e+00)	Acc@1  28.62 ( 28.62)	Acc@5  60.25 ( 60.25)
[EVAL] E: [145][6/7]	Loss 2.7405e+00 (2.7918e+00)	Acc@1  29.00 ( 29.86)	Acc@5  61.50 ( 59.86)
		 Valid evaluation at end of epoch: latest_acc:29.86 LR:0.07 -- best val acc so far 35.80

Started EPOCH:146
[TRAIN] E: [146][ 0/57]	Loss 2.5468e+00 (2.5468e+00)	Acc@1  34.50 ( 34.50)	Acc@5  65.12 ( 65.12)
[TRAIN] E: [146][56/57]	Loss 2.6232e+00 (2.6262e+00)	Acc@1  32.00 ( 33.46)	Acc@5  62.50 ( 63.98)
[EVAL] E: [146][0/7]	Loss 3.2067e+00 (3.2067e+00)	Acc@1  22.00 ( 22.00)	Acc@5  51.12 ( 51.12)
[EVAL] E: [146][6/7]	Loss 3.1063e+00 (3.1920e+00)	Acc@1  26.00 ( 23.18)	Acc@5  55.50 ( 52.16)
		 Valid evaluation at end of epoch: latest_acc:23.18 LR:0.10 -- best val acc so far 35.80

Started EPOCH:147
[TRAIN] E: [147][ 0/57]	Loss 2.6128e+00 (2.6128e+00)	Acc@1  30.88 ( 30.88)	Acc@5  64.25 ( 64.25)
[TRAIN] E: [147][56/57]	Loss 2.8836e+00 (2.6564e+00)	Acc@1  29.50 ( 33.10)	Acc@5  52.50 ( 63.00)
[EVAL] E: [147][0/7]	Loss 3.0589e+00 (3.0589e+00)	Acc@1  28.00 ( 28.00)	Acc@5  54.00 ( 54.00)
[EVAL] E: [147][6/7]	Loss 2.7640e+00 (3.0333e+00)	Acc@1  26.50 ( 27.10)	Acc@5  60.00 ( 54.98)
		 Valid evaluation at end of epoch: latest_acc:27.10 LR:0.09 -- best val acc so far 35.80

Started EPOCH:148
[TRAIN] E: [148][ 0/57]	Loss 2.5927e+00 (2.5927e+00)	Acc@1  35.88 ( 35.88)	Acc@5  64.00 ( 64.00)
[TRAIN] E: [148][56/57]	Loss 2.5907e+00 (2.6279e+00)	Acc@1  37.50 ( 33.38)	Acc@5  62.50 ( 63.86)
[EVAL] E: [148][0/7]	Loss 2.7833e+00 (2.7833e+00)	Acc@1  30.12 ( 30.12)	Acc@5  62.00 ( 62.00)
[EVAL] E: [148][6/7]	Loss 2.8151e+00 (2.7693e+00)	Acc@1  23.50 ( 31.18)	Acc@5  58.50 ( 60.88)
		 Valid evaluation at end of epoch: latest_acc:31.18 LR:0.06 -- best val acc so far 35.80

Started EPOCH:149
[TRAIN] E: [149][ 0/57]	Loss 2.6554e+00 (2.6554e+00)	Acc@1  33.62 ( 33.62)	Acc@5  62.88 ( 62.88)
[TRAIN] E: [149][56/57]	Loss 2.5782e+00 (2.5295e+00)	Acc@1  33.50 ( 35.66)	Acc@5  63.50 ( 65.97)
[EVAL] E: [149][0/7]	Loss 2.5773e+00 (2.5773e+00)	Acc@1  32.25 ( 32.25)	Acc@5  64.12 ( 64.12)
[EVAL] E: [149][6/7]	Loss 2.4615e+00 (2.5747e+00)	Acc@1  34.00 ( 34.74)	Acc@5  71.00 ( 64.86)
		 Valid evaluation at end of epoch: latest_acc:34.74 LR:0.01 -- best val acc so far 35.80

Started EPOCH:150
[TRAIN] E: [150][ 0/57]	Loss 2.4371e+00 (2.4371e+00)	Acc@1  40.00 ( 40.00)	Acc@5  65.75 ( 65.75)
[TRAIN] E: [150][56/57]	Loss 2.4185e+00 (2.4597e+00)	Acc@1  37.50 ( 37.39)	Acc@5  72.00 ( 67.51)
[EVAL] E: [150][0/7]	Loss 2.5865e+00 (2.5865e+00)	Acc@1  34.50 ( 34.50)	Acc@5  67.62 ( 67.62)
[EVAL] E: [150][6/7]	Loss 2.3780e+00 (2.5088e+00)	Acc@1  43.00 ( 36.98)	Acc@5  70.50 ( 67.26)
		 Valid evaluation at end of epoch: latest_acc:36.98 LR:0.00 -- best val acc so far 36.98

Started EPOCH:151
[TRAIN] E: [151][ 0/57]	Loss 2.4576e+00 (2.4576e+00)	Acc@1  37.25 ( 37.25)	Acc@5  68.12 ( 68.12)
[TRAIN] E: [151][56/57]	Loss 2.5282e+00 (2.4482e+00)	Acc@1  40.50 ( 37.47)	Acc@5  64.00 ( 67.76)
[EVAL] E: [151][0/7]	Loss 2.6206e+00 (2.6206e+00)	Acc@1  35.38 ( 35.38)	Acc@5  65.50 ( 65.50)
[EVAL] E: [151][6/7]	Loss 2.4540e+00 (2.5953e+00)	Acc@1  35.00 ( 34.42)	Acc@5  68.00 ( 64.72)
		 Valid evaluation at end of epoch: latest_acc:34.42 LR:0.02 -- best val acc so far 36.98

Started EPOCH:152
[TRAIN] E: [152][ 0/57]	Loss 2.4911e+00 (2.4911e+00)	Acc@1  37.50 ( 37.50)	Acc@5  67.38 ( 67.38)
[TRAIN] E: [152][56/57]	Loss 2.7284e+00 (2.5039e+00)	Acc@1  32.00 ( 35.95)	Acc@5  62.00 ( 66.49)
[EVAL] E: [152][0/7]	Loss 2.9003e+00 (2.9003e+00)	Acc@1  28.88 ( 28.88)	Acc@5  58.88 ( 58.88)
[EVAL] E: [152][6/7]	Loss 3.0857e+00 (2.9993e+00)	Acc@1  21.50 ( 27.22)	Acc@5  52.00 ( 56.24)
		 Valid evaluation at end of epoch: latest_acc:27.22 LR:0.07 -- best val acc so far 36.98

Started EPOCH:153
[TRAIN] E: [153][ 0/57]	Loss 2.5792e+00 (2.5792e+00)	Acc@1  36.25 ( 36.25)	Acc@5  64.50 ( 64.50)
[TRAIN] E: [153][56/57]	Loss 2.6201e+00 (2.6144e+00)	Acc@1  32.00 ( 33.66)	Acc@5  66.50 ( 64.15)
[EVAL] E: [153][0/7]	Loss 3.3595e+00 (3.3595e+00)	Acc@1  22.38 ( 22.38)	Acc@5  51.00 ( 51.00)
[EVAL] E: [153][6/7]	Loss 3.1262e+00 (3.2917e+00)	Acc@1  26.00 ( 23.64)	Acc@5  54.00 ( 52.08)
		 Valid evaluation at end of epoch: latest_acc:23.64 LR:0.10 -- best val acc so far 36.98

Started EPOCH:154
[TRAIN] E: [154][ 0/57]	Loss 2.6647e+00 (2.6647e+00)	Acc@1  30.75 ( 30.75)	Acc@5  63.12 ( 63.12)
[TRAIN] E: [154][56/57]	Loss 2.6662e+00 (2.6556e+00)	Acc@1  37.00 ( 33.08)	Acc@5  65.50 ( 63.18)
[EVAL] E: [154][0/7]	Loss 3.0272e+00 (3.0272e+00)	Acc@1  23.88 ( 23.88)	Acc@5  53.75 ( 53.75)
[EVAL] E: [154][6/7]	Loss 3.0835e+00 (3.0223e+00)	Acc@1  23.50 ( 25.08)	Acc@5  56.00 ( 55.02)
		 Valid evaluation at end of epoch: latest_acc:25.08 LR:0.09 -- best val acc so far 36.98

Started EPOCH:155
[TRAIN] E: [155][ 0/57]	Loss 2.7057e+00 (2.7057e+00)	Acc@1  31.25 ( 31.25)	Acc@5  60.75 ( 60.75)
[TRAIN] E: [155][56/57]	Loss 2.6015e+00 (2.6072e+00)	Acc@1  39.50 ( 34.04)	Acc@5  64.00 ( 64.27)
[EVAL] E: [155][0/7]	Loss 2.9466e+00 (2.9466e+00)	Acc@1  26.75 ( 26.75)	Acc@5  58.00 ( 58.00)
[EVAL] E: [155][6/7]	Loss 3.0596e+00 (2.9482e+00)	Acc@1  28.50 ( 27.78)	Acc@5  59.00 ( 57.08)
		 Valid evaluation at end of epoch: latest_acc:27.78 LR:0.06 -- best val acc so far 36.98

Started EPOCH:156
[TRAIN] E: [156][ 0/57]	Loss 2.5896e+00 (2.5896e+00)	Acc@1  35.00 ( 35.00)	Acc@5  65.88 ( 65.88)
[TRAIN] E: [156][56/57]	Loss 2.4023e+00 (2.5113e+00)	Acc@1  37.50 ( 36.19)	Acc@5  66.00 ( 66.46)
[EVAL] E: [156][0/7]	Loss 2.5829e+00 (2.5829e+00)	Acc@1  36.75 ( 36.75)	Acc@5  65.00 ( 65.00)
[EVAL] E: [156][6/7]	Loss 2.4652e+00 (2.5903e+00)	Acc@1  35.50 ( 35.04)	Acc@5  67.50 ( 64.44)
		 Valid evaluation at end of epoch: latest_acc:35.04 LR:0.02 -- best val acc so far 36.98

Started EPOCH:157
[TRAIN] E: [157][ 0/57]	Loss 2.4171e+00 (2.4171e+00)	Acc@1  38.50 ( 38.50)	Acc@5  68.38 ( 68.38)
[TRAIN] E: [157][56/57]	Loss 2.5379e+00 (2.4506e+00)	Acc@1  36.00 ( 37.89)	Acc@5  62.00 ( 67.52)
[EVAL] E: [157][0/7]	Loss 2.5830e+00 (2.5830e+00)	Acc@1  35.12 ( 35.12)	Acc@5  63.50 ( 63.50)
[EVAL] E: [157][6/7]	Loss 2.5239e+00 (2.5116e+00)	Acc@1  37.00 ( 36.28)	Acc@5  63.00 ( 65.76)
		 Valid evaluation at end of epoch: latest_acc:36.28 LR:0.00 -- best val acc so far 36.98

Started EPOCH:158
[TRAIN] E: [158][ 0/57]	Loss 2.3999e+00 (2.3999e+00)	Acc@1  37.88 ( 37.88)	Acc@5  70.50 ( 70.50)
[TRAIN] E: [158][56/57]	Loss 2.3136e+00 (2.4265e+00)	Acc@1  45.50 ( 38.12)	Acc@5  74.50 ( 68.26)
[EVAL] E: [158][0/7]	Loss 2.5872e+00 (2.5872e+00)	Acc@1  37.88 ( 37.88)	Acc@5  64.25 ( 64.25)
[EVAL] E: [158][6/7]	Loss 2.6328e+00 (2.5866e+00)	Acc@1  32.00 ( 35.20)	Acc@5  64.50 ( 65.10)
		 Valid evaluation at end of epoch: latest_acc:35.20 LR:0.02 -- best val acc so far 36.98

Started EPOCH:159
[TRAIN] E: [159][ 0/57]	Loss 2.4727e+00 (2.4727e+00)	Acc@1  36.88 ( 36.88)	Acc@5  67.38 ( 67.38)
[TRAIN] E: [159][56/57]	Loss 2.3378e+00 (2.4722e+00)	Acc@1  35.50 ( 37.14)	Acc@5  71.50 ( 67.06)
[EVAL] E: [159][0/7]	Loss 2.7762e+00 (2.7762e+00)	Acc@1  31.50 ( 31.50)	Acc@5  61.00 ( 61.00)
[EVAL] E: [159][6/7]	Loss 2.8591e+00 (2.8419e+00)	Acc@1  30.00 ( 30.76)	Acc@5  58.50 ( 59.20)
		 Valid evaluation at end of epoch: latest_acc:30.76 LR:0.07 -- best val acc so far 36.98

Started EPOCH:160
[TRAIN] E: [160][ 0/57]	Loss 2.5090e+00 (2.5090e+00)	Acc@1  37.25 ( 37.25)	Acc@5  66.38 ( 66.38)
[TRAIN] E: [160][56/57]	Loss 2.6170e+00 (2.5969e+00)	Acc@1  33.00 ( 34.00)	Acc@5  64.50 ( 64.38)
[EVAL] E: [160][0/7]	Loss 3.1995e+00 (3.1995e+00)	Acc@1  26.00 ( 26.00)	Acc@5  51.00 ( 51.00)
[EVAL] E: [160][6/7]	Loss 3.1221e+00 (3.1740e+00)	Acc@1  28.50 ( 25.90)	Acc@5  55.50 ( 51.92)
		 Valid evaluation at end of epoch: latest_acc:25.90 LR:0.10 -- best val acc so far 36.98

Started EPOCH:161
[TRAIN] E: [161][ 0/57]	Loss 2.7370e+00 (2.7370e+00)	Acc@1  32.38 ( 32.38)	Acc@5  60.75 ( 60.75)
[TRAIN] E: [161][56/57]	Loss 2.6434e+00 (2.6385e+00)	Acc@1  31.50 ( 33.26)	Acc@5  65.50 ( 63.74)
[EVAL] E: [161][0/7]	Loss 3.1503e+00 (3.1503e+00)	Acc@1  24.38 ( 24.38)	Acc@5  51.62 ( 51.62)
[EVAL] E: [161][6/7]	Loss 3.0773e+00 (3.0665e+00)	Acc@1  25.50 ( 25.76)	Acc@5  53.50 ( 54.38)
		 Valid evaluation at end of epoch: latest_acc:25.76 LR:0.09 -- best val acc so far 36.98

Started EPOCH:162
[TRAIN] E: [162][ 0/57]	Loss 2.6848e+00 (2.6848e+00)	Acc@1  32.50 ( 32.50)	Acc@5  63.00 ( 63.00)
[TRAIN] E: [162][56/57]	Loss 2.9292e+00 (2.6092e+00)	Acc@1  28.50 ( 33.87)	Acc@5  53.50 ( 64.17)
[EVAL] E: [162][0/7]	Loss 2.9764e+00 (2.9764e+00)	Acc@1  27.62 ( 27.62)	Acc@5  57.12 ( 57.12)
[EVAL] E: [162][6/7]	Loss 2.8269e+00 (2.9018e+00)	Acc@1  31.50 ( 29.38)	Acc@5  59.00 ( 57.84)
		 Valid evaluation at end of epoch: latest_acc:29.38 LR:0.06 -- best val acc so far 36.98

Started EPOCH:163
[TRAIN] E: [163][ 0/57]	Loss 2.5833e+00 (2.5833e+00)	Acc@1  33.50 ( 33.50)	Acc@5  64.25 ( 64.25)
[TRAIN] E: [163][56/57]	Loss 2.4931e+00 (2.5002e+00)	Acc@1  33.00 ( 36.29)	Acc@5  67.00 ( 66.70)
[EVAL] E: [163][0/7]	Loss 2.5683e+00 (2.5683e+00)	Acc@1  34.12 ( 34.12)	Acc@5  65.00 ( 65.00)
[EVAL] E: [163][6/7]	Loss 2.4352e+00 (2.5740e+00)	Acc@1  34.00 ( 35.26)	Acc@5  68.50 ( 64.92)
		 Valid evaluation at end of epoch: latest_acc:35.26 LR:0.02 -- best val acc so far 36.98

Started EPOCH:164
[TRAIN] E: [164][ 0/57]	Loss 2.4165e+00 (2.4165e+00)	Acc@1  40.00 ( 40.00)	Acc@5  69.12 ( 69.12)
[TRAIN] E: [164][56/57]	Loss 2.3445e+00 (2.4452e+00)	Acc@1  35.50 ( 37.74)	Acc@5  70.50 ( 67.81)
[EVAL] E: [164][0/7]	Loss 2.5197e+00 (2.5197e+00)	Acc@1  36.62 ( 36.62)	Acc@5  68.25 ( 68.25)
[EVAL] E: [164][6/7]	Loss 2.3180e+00 (2.4836e+00)	Acc@1  39.50 ( 37.90)	Acc@5  70.50 ( 68.06)
		 Valid evaluation at end of epoch: latest_acc:37.90 LR:0.00 -- best val acc so far 37.90

Started EPOCH:165
[TRAIN] E: [165][ 0/57]	Loss 2.5021e+00 (2.5021e+00)	Acc@1  37.00 ( 37.00)	Acc@5  67.75 ( 67.75)
[TRAIN] E: [165][56/57]	Loss 2.6451e+00 (2.4332e+00)	Acc@1  35.00 ( 37.79)	Acc@5  62.50 ( 68.20)
[EVAL] E: [165][0/7]	Loss 2.6210e+00 (2.6210e+00)	Acc@1  33.88 ( 33.88)	Acc@5  63.38 ( 63.38)
[EVAL] E: [165][6/7]	Loss 2.6120e+00 (2.6462e+00)	Acc@1  34.00 ( 34.38)	Acc@5  59.50 ( 63.60)
		 Valid evaluation at end of epoch: latest_acc:34.38 LR:0.02 -- best val acc so far 37.90

Started EPOCH:166
[TRAIN] E: [166][ 0/57]	Loss 2.4789e+00 (2.4789e+00)	Acc@1  36.75 ( 36.75)	Acc@5  66.88 ( 66.88)
[TRAIN] E: [166][56/57]	Loss 2.5201e+00 (2.4713e+00)	Acc@1  36.00 ( 37.21)	Acc@5  66.00 ( 67.36)
[EVAL] E: [166][0/7]	Loss 2.8709e+00 (2.8709e+00)	Acc@1  30.12 ( 30.12)	Acc@5  59.00 ( 59.00)
[EVAL] E: [166][6/7]	Loss 2.8898e+00 (2.9171e+00)	Acc@1  28.00 ( 28.62)	Acc@5  57.50 ( 58.16)
		 Valid evaluation at end of epoch: latest_acc:28.62 LR:0.06 -- best val acc so far 37.90

Started EPOCH:167
[TRAIN] E: [167][ 0/57]	Loss 2.5367e+00 (2.5367e+00)	Acc@1  37.25 ( 37.25)	Acc@5  66.25 ( 66.25)
[TRAIN] E: [167][56/57]	Loss 2.7168e+00 (2.5746e+00)	Acc@1  35.50 ( 34.90)	Acc@5  60.50 ( 64.81)
[EVAL] E: [167][0/7]	Loss 3.4982e+00 (3.4982e+00)	Acc@1  19.12 ( 19.12)	Acc@5  47.00 ( 47.00)
[EVAL] E: [167][6/7]	Loss 3.3919e+00 (3.4018e+00)	Acc@1  21.50 ( 21.46)	Acc@5  48.00 ( 47.34)
		 Valid evaluation at end of epoch: latest_acc:21.46 LR:0.10 -- best val acc so far 37.90

Started EPOCH:168
[TRAIN] E: [168][ 0/57]	Loss 2.6624e+00 (2.6624e+00)	Acc@1  33.12 ( 33.12)	Acc@5  62.25 ( 62.25)
[TRAIN] E: [168][56/57]	Loss 2.4126e+00 (2.6458e+00)	Acc@1  39.50 ( 33.34)	Acc@5  67.00 ( 63.42)
[EVAL] E: [168][0/7]	Loss 3.2114e+00 (3.2114e+00)	Acc@1  23.88 ( 23.88)	Acc@5  52.62 ( 52.62)
[EVAL] E: [168][6/7]	Loss 3.0120e+00 (3.1085e+00)	Acc@1  25.50 ( 26.12)	Acc@5  54.00 ( 53.42)
		 Valid evaluation at end of epoch: latest_acc:26.12 LR:0.09 -- best val acc so far 37.90

Started EPOCH:169
[TRAIN] E: [169][ 0/57]	Loss 2.6583e+00 (2.6583e+00)	Acc@1  31.62 ( 31.62)	Acc@5  65.75 ( 65.75)
[TRAIN] E: [169][56/57]	Loss 2.5880e+00 (2.5936e+00)	Acc@1  34.50 ( 34.20)	Acc@5  66.00 ( 64.85)
[EVAL] E: [169][0/7]	Loss 2.9267e+00 (2.9267e+00)	Acc@1  29.38 ( 29.38)	Acc@5  57.50 ( 57.50)
[EVAL] E: [169][6/7]	Loss 2.6928e+00 (2.8776e+00)	Acc@1  36.00 ( 30.16)	Acc@5  63.00 ( 58.30)
		 Valid evaluation at end of epoch: latest_acc:30.16 LR:0.06 -- best val acc so far 37.90

Started EPOCH:170
[TRAIN] E: [170][ 0/57]	Loss 2.5469e+00 (2.5469e+00)	Acc@1  35.00 ( 35.00)	Acc@5  64.38 ( 64.38)
[TRAIN] E: [170][56/57]	Loss 2.5146e+00 (2.5156e+00)	Acc@1  36.50 ( 36.12)	Acc@5  64.50 ( 66.18)
[EVAL] E: [170][0/7]	Loss 2.5819e+00 (2.5819e+00)	Acc@1  36.38 ( 36.38)	Acc@5  63.88 ( 63.88)
[EVAL] E: [170][6/7]	Loss 2.5513e+00 (2.5889e+00)	Acc@1  33.00 ( 35.32)	Acc@5  63.50 ( 64.20)
		 Valid evaluation at end of epoch: latest_acc:35.32 LR:0.02 -- best val acc so far 37.90

Started EPOCH:171
[TRAIN] E: [171][ 0/57]	Loss 2.4720e+00 (2.4720e+00)	Acc@1  38.12 ( 38.12)	Acc@5  67.50 ( 67.50)
[TRAIN] E: [171][56/57]	Loss 2.3667e+00 (2.4365e+00)	Acc@1  39.00 ( 37.50)	Acc@5  73.50 ( 68.24)
[EVAL] E: [171][0/7]	Loss 2.5756e+00 (2.5756e+00)	Acc@1  34.00 ( 34.00)	Acc@5  64.00 ( 64.00)
[EVAL] E: [171][6/7]	Loss 2.4989e+00 (2.5249e+00)	Acc@1  35.50 ( 35.58)	Acc@5  65.50 ( 66.04)
		 Valid evaluation at end of epoch: latest_acc:35.58 LR:0.00 -- best val acc so far 37.90

Started EPOCH:172
[TRAIN] E: [172][ 0/57]	Loss 2.4470e+00 (2.4470e+00)	Acc@1  37.38 ( 37.38)	Acc@5  67.38 ( 67.38)
[TRAIN] E: [172][56/57]	Loss 2.3272e+00 (2.4199e+00)	Acc@1  47.00 ( 38.40)	Acc@5  71.50 ( 68.47)
[EVAL] E: [172][0/7]	Loss 2.5642e+00 (2.5642e+00)	Acc@1  35.50 ( 35.50)	Acc@5  64.62 ( 64.62)
[EVAL] E: [172][6/7]	Loss 2.4797e+00 (2.5399e+00)	Acc@1  36.00 ( 35.72)	Acc@5  62.50 ( 65.14)
		 Valid evaluation at end of epoch: latest_acc:35.72 LR:0.02 -- best val acc so far 37.90

Started EPOCH:173
[TRAIN] E: [173][ 0/57]	Loss 2.3920e+00 (2.3920e+00)	Acc@1  38.62 ( 38.62)	Acc@5  69.12 ( 69.12)
[TRAIN] E: [173][56/57]	Loss 2.5668e+00 (2.4696e+00)	Acc@1  30.50 ( 37.15)	Acc@5  65.50 ( 67.12)
[EVAL] E: [173][0/7]	Loss 3.0764e+00 (3.0764e+00)	Acc@1  26.62 ( 26.62)	Acc@5  55.50 ( 55.50)
[EVAL] E: [173][6/7]	Loss 3.0749e+00 (3.0288e+00)	Acc@1  25.50 ( 27.10)	Acc@5  53.00 ( 55.48)
		 Valid evaluation at end of epoch: latest_acc:27.10 LR:0.06 -- best val acc so far 37.90

Started EPOCH:174
[TRAIN] E: [174][ 0/57]	Loss 2.5885e+00 (2.5885e+00)	Acc@1  34.38 ( 34.38)	Acc@5  65.12 ( 65.12)
[TRAIN] E: [174][56/57]	Loss 2.5908e+00 (2.5901e+00)	Acc@1  38.00 ( 34.54)	Acc@5  65.50 ( 64.70)
[EVAL] E: [174][0/7]	Loss 3.3752e+00 (3.3752e+00)	Acc@1  22.38 ( 22.38)	Acc@5  50.62 ( 50.62)
[EVAL] E: [174][6/7]	Loss 3.2025e+00 (3.3654e+00)	Acc@1  21.00 ( 21.58)	Acc@5  50.00 ( 48.58)
		 Valid evaluation at end of epoch: latest_acc:21.58 LR:0.10 -- best val acc so far 37.90

Started EPOCH:175
[TRAIN] E: [175][ 0/57]	Loss 2.6469e+00 (2.6469e+00)	Acc@1  34.38 ( 34.38)	Acc@5  63.75 ( 63.75)
[TRAIN] E: [175][56/57]	Loss 2.6801e+00 (2.6349e+00)	Acc@1  34.00 ( 33.37)	Acc@5  64.00 ( 63.64)
[EVAL] E: [175][0/7]	Loss 3.2949e+00 (3.2949e+00)	Acc@1  23.62 ( 23.62)	Acc@5  48.38 ( 48.38)
[EVAL] E: [175][6/7]	Loss 3.3111e+00 (3.3234e+00)	Acc@1  22.00 ( 22.36)	Acc@5  46.50 ( 48.14)
		 Valid evaluation at end of epoch: latest_acc:22.36 LR:0.09 -- best val acc so far 37.90

Started EPOCH:176
[TRAIN] E: [176][ 0/57]	Loss 2.7343e+00 (2.7343e+00)	Acc@1  30.50 ( 30.50)	Acc@5  61.12 ( 61.12)
[TRAIN] E: [176][56/57]	Loss 2.8435e+00 (2.6006e+00)	Acc@1  31.00 ( 34.11)	Acc@5  57.50 ( 64.28)
[EVAL] E: [176][0/7]	Loss 2.8815e+00 (2.8815e+00)	Acc@1  29.38 ( 29.38)	Acc@5  57.75 ( 57.75)
[EVAL] E: [176][6/7]	Loss 2.8152e+00 (2.8795e+00)	Acc@1  29.00 ( 29.44)	Acc@5  60.00 ( 58.44)
		 Valid evaluation at end of epoch: latest_acc:29.44 LR:0.06 -- best val acc so far 37.90

Started EPOCH:177
[TRAIN] E: [177][ 0/57]	Loss 2.5685e+00 (2.5685e+00)	Acc@1  33.50 ( 33.50)	Acc@5  65.38 ( 65.38)
[TRAIN] E: [177][56/57]	Loss 2.4072e+00 (2.5068e+00)	Acc@1  37.50 ( 36.42)	Acc@5  71.00 ( 66.56)
[EVAL] E: [177][0/7]	Loss 2.6052e+00 (2.6052e+00)	Acc@1  33.75 ( 33.75)	Acc@5  64.88 ( 64.88)
[EVAL] E: [177][6/7]	Loss 2.3790e+00 (2.5665e+00)	Acc@1  41.00 ( 35.34)	Acc@5  68.50 ( 65.44)
		 Valid evaluation at end of epoch: latest_acc:35.34 LR:0.02 -- best val acc so far 37.90

Started EPOCH:178
[TRAIN] E: [178][ 0/57]	Loss 2.4495e+00 (2.4495e+00)	Acc@1  33.75 ( 33.75)	Acc@5  69.12 ( 69.12)
[TRAIN] E: [178][56/57]	Loss 2.4138e+00 (2.4262e+00)	Acc@1  37.50 ( 37.96)	Acc@5  70.50 ( 68.29)
[EVAL] E: [178][0/7]	Loss 2.5552e+00 (2.5552e+00)	Acc@1  34.50 ( 34.50)	Acc@5  65.75 ( 65.75)
[EVAL] E: [178][6/7]	Loss 2.3621e+00 (2.4941e+00)	Acc@1  39.50 ( 36.68)	Acc@5  69.50 ( 66.16)
		 Valid evaluation at end of epoch: latest_acc:36.68 LR:0.00 -- best val acc so far 37.90

Started EPOCH:179
[TRAIN] E: [179][ 0/57]	Loss 2.3936e+00 (2.3936e+00)	Acc@1  39.62 ( 39.62)	Acc@5  68.75 ( 68.75)
[TRAIN] E: [179][56/57]	Loss 2.4884e+00 (2.4127e+00)	Acc@1  37.50 ( 38.57)	Acc@5  66.00 ( 68.46)
[EVAL] E: [179][0/7]	Loss 2.5477e+00 (2.5477e+00)	Acc@1  35.12 ( 35.12)	Acc@5  67.12 ( 67.12)
[EVAL] E: [179][6/7]	Loss 2.5738e+00 (2.5539e+00)	Acc@1  32.50 ( 35.12)	Acc@5  66.50 ( 65.62)
		 Valid evaluation at end of epoch: latest_acc:35.12 LR:0.02 -- best val acc so far 37.90

Started EPOCH:180
[TRAIN] E: [180][ 0/57]	Loss 2.4432e+00 (2.4432e+00)	Acc@1  38.00 ( 38.00)	Acc@5  66.38 ( 66.38)
[TRAIN] E: [180][56/57]	Loss 2.6347e+00 (2.4557e+00)	Acc@1  34.50 ( 37.42)	Acc@5  64.00 ( 67.52)
[EVAL] E: [180][0/7]	Loss 2.8492e+00 (2.8492e+00)	Acc@1  30.38 ( 30.38)	Acc@5  57.75 ( 57.75)
[EVAL] E: [180][6/7]	Loss 2.7836e+00 (2.8030e+00)	Acc@1  28.50 ( 30.34)	Acc@5  60.00 ( 59.38)
		 Valid evaluation at end of epoch: latest_acc:30.34 LR:0.06 -- best val acc so far 37.90

Started EPOCH:181
[TRAIN] E: [181][ 0/57]	Loss 2.4728e+00 (2.4728e+00)	Acc@1  36.25 ( 36.25)	Acc@5  67.25 ( 67.25)
[TRAIN] E: [181][56/57]	Loss 2.7923e+00 (2.5607e+00)	Acc@1  34.00 ( 34.96)	Acc@5  58.50 ( 65.53)
[EVAL] E: [181][0/7]	Loss 3.2909e+00 (3.2909e+00)	Acc@1  23.25 ( 23.25)	Acc@5  48.75 ( 48.75)
[EVAL] E: [181][6/7]	Loss 3.2183e+00 (3.1789e+00)	Acc@1  25.00 ( 24.86)	Acc@5  51.50 ( 51.86)
		 Valid evaluation at end of epoch: latest_acc:24.86 LR:0.10 -- best val acc so far 37.90

Started EPOCH:182
[TRAIN] E: [182][ 0/57]	Loss 2.7118e+00 (2.7118e+00)	Acc@1  31.50 ( 31.50)	Acc@5  63.00 ( 63.00)
[TRAIN] E: [182][56/57]	Loss 2.6046e+00 (2.6260e+00)	Acc@1  32.00 ( 33.54)	Acc@5  66.50 ( 64.07)
[EVAL] E: [182][0/7]	Loss 2.9760e+00 (2.9760e+00)	Acc@1  28.12 ( 28.12)	Acc@5  56.88 ( 56.88)
[EVAL] E: [182][6/7]	Loss 2.8992e+00 (2.9736e+00)	Acc@1  26.50 ( 27.48)	Acc@5  56.00 ( 56.20)
		 Valid evaluation at end of epoch: latest_acc:27.48 LR:0.09 -- best val acc so far 37.90

Started EPOCH:183
[TRAIN] E: [183][ 0/57]	Loss 2.4950e+00 (2.4950e+00)	Acc@1  36.88 ( 36.88)	Acc@5  66.75 ( 66.75)
[TRAIN] E: [183][56/57]	Loss 2.6229e+00 (2.5966e+00)	Acc@1  32.00 ( 34.29)	Acc@5  61.50 ( 64.57)
[EVAL] E: [183][0/7]	Loss 2.7252e+00 (2.7252e+00)	Acc@1  31.88 ( 31.88)	Acc@5  63.25 ( 63.25)
[EVAL] E: [183][6/7]	Loss 2.7384e+00 (2.7403e+00)	Acc@1  33.00 ( 31.38)	Acc@5  61.50 ( 61.48)
		 Valid evaluation at end of epoch: latest_acc:31.38 LR:0.06 -- best val acc so far 37.90

Started EPOCH:184
[TRAIN] E: [184][ 0/57]	Loss 2.6128e+00 (2.6128e+00)	Acc@1  32.88 ( 32.88)	Acc@5  66.25 ( 66.25)
[TRAIN] E: [184][56/57]	Loss 2.3789e+00 (2.4914e+00)	Acc@1  39.50 ( 36.45)	Acc@5  69.50 ( 66.92)
[EVAL] E: [184][0/7]	Loss 2.5833e+00 (2.5833e+00)	Acc@1  33.62 ( 33.62)	Acc@5  66.25 ( 66.25)
[EVAL] E: [184][6/7]	Loss 2.5185e+00 (2.6017e+00)	Acc@1  38.50 ( 34.50)	Acc@5  65.50 ( 64.32)
		 Valid evaluation at end of epoch: latest_acc:34.50 LR:0.02 -- best val acc so far 37.90

Started EPOCH:185
[TRAIN] E: [185][ 0/57]	Loss 2.4081e+00 (2.4081e+00)	Acc@1  38.88 ( 38.88)	Acc@5  66.38 ( 66.38)
[TRAIN] E: [185][56/57]	Loss 2.3957e+00 (2.4164e+00)	Acc@1  35.50 ( 38.20)	Acc@5  70.00 ( 68.45)
[EVAL] E: [185][0/7]	Loss 2.4714e+00 (2.4714e+00)	Acc@1  36.88 ( 36.88)	Acc@5  67.75 ( 67.75)
[EVAL] E: [185][6/7]	Loss 2.2846e+00 (2.4745e+00)	Acc@1  42.50 ( 37.38)	Acc@5  71.50 ( 66.76)
		 Valid evaluation at end of epoch: latest_acc:37.38 LR:0.00 -- best val acc so far 37.90

Started EPOCH:186
[TRAIN] E: [186][ 0/57]	Loss 2.4169e+00 (2.4169e+00)	Acc@1  37.50 ( 37.50)	Acc@5  69.50 ( 69.50)
[TRAIN] E: [186][56/57]	Loss 2.3024e+00 (2.3964e+00)	Acc@1  41.50 ( 38.78)	Acc@5  69.50 ( 68.93)
[EVAL] E: [186][0/7]	Loss 2.5080e+00 (2.5080e+00)	Acc@1  35.50 ( 35.50)	Acc@5  67.88 ( 67.88)
[EVAL] E: [186][6/7]	Loss 2.4424e+00 (2.5379e+00)	Acc@1  37.00 ( 36.22)	Acc@5  68.50 ( 65.46)
		 Valid evaluation at end of epoch: latest_acc:36.22 LR:0.02 -- best val acc so far 37.90

Started EPOCH:187
[TRAIN] E: [187][ 0/57]	Loss 2.4466e+00 (2.4466e+00)	Acc@1  37.88 ( 37.88)	Acc@5  69.25 ( 69.25)
[TRAIN] E: [187][56/57]	Loss 2.5553e+00 (2.4456e+00)	Acc@1  36.00 ( 37.76)	Acc@5  63.50 ( 67.74)
[EVAL] E: [187][0/7]	Loss 3.0178e+00 (3.0178e+00)	Acc@1  28.12 ( 28.12)	Acc@5  54.50 ( 54.50)
[EVAL] E: [187][6/7]	Loss 2.9866e+00 (3.0363e+00)	Acc@1  25.00 ( 27.64)	Acc@5  58.50 ( 55.28)
		 Valid evaluation at end of epoch: latest_acc:27.64 LR:0.06 -- best val acc so far 37.90

Started EPOCH:188
[TRAIN] E: [188][ 0/57]	Loss 2.5143e+00 (2.5143e+00)	Acc@1  36.38 ( 36.38)	Acc@5  66.00 ( 66.00)
[TRAIN] E: [188][56/57]	Loss 2.5331e+00 (2.5513e+00)	Acc@1  29.50 ( 35.18)	Acc@5  66.50 ( 65.42)
[EVAL] E: [188][0/7]	Loss 3.0218e+00 (3.0218e+00)	Acc@1  27.12 ( 27.12)	Acc@5  55.12 ( 55.12)
[EVAL] E: [188][6/7]	Loss 2.9599e+00 (2.9521e+00)	Acc@1  29.00 ( 27.66)	Acc@5  57.50 ( 56.58)
		 Valid evaluation at end of epoch: latest_acc:27.66 LR:0.10 -- best val acc so far 37.90

Started EPOCH:189
[TRAIN] E: [189][ 0/57]	Loss 2.5679e+00 (2.5679e+00)	Acc@1  35.62 ( 35.62)	Acc@5  66.88 ( 66.88)
[TRAIN] E: [189][56/57]	Loss 2.5967e+00 (2.6179e+00)	Acc@1  30.50 ( 33.73)	Acc@5  68.00 ( 63.97)
[EVAL] E: [189][0/7]	Loss 3.4497e+00 (3.4497e+00)	Acc@1  23.38 ( 23.38)	Acc@5  49.38 ( 49.38)
[EVAL] E: [189][6/7]	Loss 3.3508e+00 (3.4741e+00)	Acc@1  24.50 ( 22.08)	Acc@5  50.00 ( 48.12)
		 Valid evaluation at end of epoch: latest_acc:22.08 LR:0.09 -- best val acc so far 37.90

Started EPOCH:190
[TRAIN] E: [190][ 0/57]	Loss 2.5420e+00 (2.5420e+00)	Acc@1  36.88 ( 36.88)	Acc@5  65.25 ( 65.25)
[TRAIN] E: [190][56/57]	Loss 2.7916e+00 (2.5990e+00)	Acc@1  30.50 ( 34.75)	Acc@5  61.00 ( 64.54)
[EVAL] E: [190][0/7]	Loss 2.9517e+00 (2.9517e+00)	Acc@1  28.25 ( 28.25)	Acc@5  56.50 ( 56.50)
[EVAL] E: [190][6/7]	Loss 2.9068e+00 (2.9612e+00)	Acc@1  29.00 ( 27.72)	Acc@5  56.50 ( 56.42)
		 Valid evaluation at end of epoch: latest_acc:27.72 LR:0.06 -- best val acc so far 37.90

Started EPOCH:191
[TRAIN] E: [191][ 0/57]	Loss 2.6229e+00 (2.6229e+00)	Acc@1  33.38 ( 33.38)	Acc@5  63.12 ( 63.12)
[TRAIN] E: [191][56/57]	Loss 2.6480e+00 (2.4892e+00)	Acc@1  36.50 ( 36.54)	Acc@5  62.00 ( 66.83)
[EVAL] E: [191][0/7]	Loss 2.5087e+00 (2.5087e+00)	Acc@1  37.00 ( 37.00)	Acc@5  67.75 ( 67.75)
[EVAL] E: [191][6/7]	Loss 2.4692e+00 (2.5838e+00)	Acc@1  39.50 ( 35.06)	Acc@5  70.50 ( 65.58)
		 Valid evaluation at end of epoch: latest_acc:35.06 LR:0.02 -- best val acc so far 37.90

Started EPOCH:192
[TRAIN] E: [192][ 0/57]	Loss 2.3702e+00 (2.3702e+00)	Acc@1  37.12 ( 37.12)	Acc@5  70.12 ( 70.12)
[TRAIN] E: [192][56/57]	Loss 2.4588e+00 (2.4144e+00)	Acc@1  40.00 ( 38.39)	Acc@5  68.00 ( 68.46)
[EVAL] E: [192][0/7]	Loss 2.5804e+00 (2.5804e+00)	Acc@1  34.62 ( 34.62)	Acc@5  64.25 ( 64.25)
[EVAL] E: [192][6/7]	Loss 2.4618e+00 (2.4773e+00)	Acc@1  35.50 ( 36.94)	Acc@5  68.00 ( 67.26)
		 Valid evaluation at end of epoch: latest_acc:36.94 LR:0.00 -- best val acc so far 37.90

Started EPOCH:193
[TRAIN] E: [193][ 0/57]	Loss 2.4308e+00 (2.4308e+00)	Acc@1  36.75 ( 36.75)	Acc@5  68.38 ( 68.38)
[TRAIN] E: [193][56/57]	Loss 2.3225e+00 (2.3927e+00)	Acc@1  41.00 ( 38.91)	Acc@5  69.50 ( 69.11)
[EVAL] E: [193][0/7]	Loss 2.5526e+00 (2.5526e+00)	Acc@1  35.62 ( 35.62)	Acc@5  65.25 ( 65.25)
[EVAL] E: [193][6/7]	Loss 2.6009e+00 (2.5209e+00)	Acc@1  37.50 ( 36.96)	Acc@5  62.50 ( 65.86)
		 Valid evaluation at end of epoch: latest_acc:36.96 LR:0.02 -- best val acc so far 37.90

Started EPOCH:194
[TRAIN] E: [194][ 0/57]	Loss 2.3940e+00 (2.3940e+00)	Acc@1  39.62 ( 39.62)	Acc@5  67.00 ( 67.00)
[TRAIN] E: [194][56/57]	Loss 2.4798e+00 (2.4489e+00)	Acc@1  39.50 ( 37.66)	Acc@5  66.00 ( 67.76)
[EVAL] E: [194][0/7]	Loss 2.7279e+00 (2.7279e+00)	Acc@1  30.25 ( 30.25)	Acc@5  61.12 ( 61.12)
[EVAL] E: [194][6/7]	Loss 2.7212e+00 (2.7589e+00)	Acc@1  32.50 ( 31.28)	Acc@5  61.00 ( 61.08)
		 Valid evaluation at end of epoch: latest_acc:31.28 LR:0.06 -- best val acc so far 37.90

Started EPOCH:195
[TRAIN] E: [195][ 0/57]	Loss 2.5402e+00 (2.5402e+00)	Acc@1  35.12 ( 35.12)	Acc@5  66.12 ( 66.12)
[TRAIN] E: [195][56/57]	Loss 2.6373e+00 (2.5636e+00)	Acc@1  33.50 ( 35.20)	Acc@5  63.50 ( 65.06)
[EVAL] E: [195][0/7]	Loss 2.9694e+00 (2.9694e+00)	Acc@1  25.62 ( 25.62)	Acc@5  56.50 ( 56.50)
[EVAL] E: [195][6/7]	Loss 2.8874e+00 (2.9519e+00)	Acc@1  31.50 ( 27.22)	Acc@5  57.50 ( 56.82)
		 Valid evaluation at end of epoch: latest_acc:27.22 LR:0.10 -- best val acc so far 37.90

Started EPOCH:196
[TRAIN] E: [196][ 0/57]	Loss 2.5072e+00 (2.5072e+00)	Acc@1  34.75 ( 34.75)	Acc@5  69.00 ( 69.00)
[TRAIN] E: [196][56/57]	Loss 2.5137e+00 (2.6180e+00)	Acc@1  34.00 ( 33.70)	Acc@5  62.50 ( 64.12)
[EVAL] E: [196][0/7]	Loss 3.2036e+00 (3.2036e+00)	Acc@1  24.75 ( 24.75)	Acc@5  51.38 ( 51.38)
[EVAL] E: [196][6/7]	Loss 3.3952e+00 (3.2798e+00)	Acc@1  22.00 ( 23.50)	Acc@5  52.00 ( 50.70)
		 Valid evaluation at end of epoch: latest_acc:23.50 LR:0.09 -- best val acc so far 37.90

Started EPOCH:197
[TRAIN] E: [197][ 0/57]	Loss 2.6901e+00 (2.6901e+00)	Acc@1  32.12 ( 32.12)	Acc@5  62.38 ( 62.38)
[TRAIN] E: [197][56/57]	Loss 2.5361e+00 (2.5849e+00)	Acc@1  39.50 ( 34.55)	Acc@5  64.00 ( 64.68)
[EVAL] E: [197][0/7]	Loss 2.7913e+00 (2.7913e+00)	Acc@1  30.38 ( 30.38)	Acc@5  61.12 ( 61.12)
[EVAL] E: [197][6/7]	Loss 2.9099e+00 (2.7945e+00)	Acc@1  24.50 ( 30.56)	Acc@5  60.00 ( 60.52)
		 Valid evaluation at end of epoch: latest_acc:30.56 LR:0.06 -- best val acc so far 37.90

Started EPOCH:198
[TRAIN] E: [198][ 0/57]	Loss 2.5325e+00 (2.5325e+00)	Acc@1  32.75 ( 32.75)	Acc@5  64.38 ( 64.38)
[TRAIN] E: [198][56/57]	Loss 2.4868e+00 (2.4824e+00)	Acc@1  35.50 ( 36.69)	Acc@5  70.00 ( 66.94)
[EVAL] E: [198][0/7]	Loss 2.6537e+00 (2.6537e+00)	Acc@1  35.00 ( 35.00)	Acc@5  63.50 ( 63.50)
[EVAL] E: [198][6/7]	Loss 2.4646e+00 (2.6021e+00)	Acc@1  38.00 ( 35.02)	Acc@5  70.50 ( 65.14)
		 Valid evaluation at end of epoch: latest_acc:35.02 LR:0.02 -- best val acc so far 37.90

Started EPOCH:199
[TRAIN] E: [199][ 0/57]	Loss 2.4777e+00 (2.4777e+00)	Acc@1  36.62 ( 36.62)	Acc@5  67.00 ( 67.00)
[TRAIN] E: [199][56/57]	Loss 2.4602e+00 (2.4108e+00)	Acc@1  34.00 ( 38.42)	Acc@5  71.00 ( 68.67)
[EVAL] E: [199][0/7]	Loss 2.5171e+00 (2.5171e+00)	Acc@1  38.12 ( 38.12)	Acc@5  68.00 ( 68.00)
[EVAL] E: [199][6/7]	Loss 2.3898e+00 (2.4604e+00)	Acc@1  33.50 ( 37.24)	Acc@5  70.50 ( 67.70)
		 Valid evaluation at end of epoch: latest_acc:37.24 LR:0.00 -- best val acc so far 37.90


***[2023-04-29 12:39:32]*** [Post-train] [Student] Test loss = 1.856875, accuracy@1 = 49.93, accuracy@5 = 79.46, error@1 = 50.07, error@5 = 20.54
Result is from best val model of epoch:165
