Main Function with logger : Logger(dir=ce_results, use-tf=False, writer=None)
Arguments : -------------------------------
batch_size       : 1600
checkpoint_dir   : ./checkpoint
class_num        : 100
cutout_length    : 16
data_path        : /home/prathamesh/code/data/cifar/
dataset          : cifar100
epochs           : 200
eval_batch_size  : 1600
eval_frequency   : 1
global_rand_seed : -1
input_size       : 32
inst_based       : True
log_dir          : ./log
lr               : 0.1
mcd_weight       : 0.01
meta_interval    : 1
meta_lr          : 1e-05
meta_weight_decay : 0.0
model_name       : ResNet10_s
momentum         : 0.9
print_freq       : 100
print_freq_eval  : 100
rand_seed        : 2007
save_dir         : ./ce_results
unsup_adapt      : False
wd               : 0.0005
workers          : 8
Python  Version  : 3.7.12 | packaged by conda-forge | (default, Oct 26 2021, 06:08:21)  [GCC 9.4.0]
Pillow  Version  : 9.2.0
PyTorch Version  : 1.13.1
cuDNN   Version  : 8500
CUDA available   : True
CUDA GPU numbers : 1
CUDA_VISIBLE_DEVICES : 0
Namespace(batch_size=1600, checkpoint_dir='./checkpoint', class_num=100, cutout_length=16, data_path='/home/prathamesh/code/data/cifar/', dataset='cifar100', epochs=200, eval_batch_size=1600, eval_frequency=1, global_rand_seed=-1, input_size=32, inst_based=True, log_dir='./log', lr=0.1, mcd_weight=0.01, meta_interval=1, meta_lr=1e-05, meta_weight_decay=0.0, model_name='ResNet10_s', momentum=0.9, print_freq=100, print_freq_eval=100, rand_seed=2007, save_dir='./ce_results', unsup_adapt=False, wd=0.0005, workers=8)
Train:50000	, Valid:5000	, Test:5000

--------------------------------------------------
Student: ResNet10_s
model information : EfficientNetV2_s (CIFAR)
--------------------------------------------------
[Student]Params=0.08 MB, FLOPs=4.16 M ... = 0.00 G
Started EPOCH:0

[TRAIN] E: [0][ 0/32]	Loss 4.6579e+00 (4.6579e+00)	Acc@1   0.75 (  0.75)	Acc@5   5.12 (  5.12)
[TRAIN] E: [0][31/32]	Loss 4.4234e+00 (4.5409e+00)	Acc@1   3.50 (  2.25)	Acc@5  15.25 (  9.33)
[EVAL] E: [0][0/4]	Loss 4.4034e+00 (4.4034e+00)	Acc@1   5.62 (  5.62)	Acc@5  15.19 ( 15.19)
[EVAL] E: [0][3/4]	Loss 4.4076e+00 (4.4312e+00)	Acc@1   4.00 (  4.10)	Acc@5  16.00 ( 15.06)
LR=0.09381533400219318	-- best acc so far 4.1
Started EPOCH:1

[TRAIN] E: [1][ 0/32]	Loss 4.4103e+00 (4.4103e+00)	Acc@1   3.31 (  3.31)	Acc@5  14.50 ( 14.50)
[TRAIN] E: [1][31/32]	Loss 4.2733e+00 (4.3331e+00)	Acc@1   5.00 (  4.39)	Acc@5  19.25 ( 16.81)
[EVAL] E: [1][0/4]	Loss 4.0720e+00 (4.0720e+00)	Acc@1   6.62 (  6.62)	Acc@5  23.19 ( 23.19)
[EVAL] E: [1][3/4]	Loss 4.0545e+00 (4.1001e+00)	Acc@1   6.50 (  6.64)	Acc@5  27.00 ( 24.04)
LR=0.07679133974894983	-- best acc so far 6.64
Started EPOCH:2

[TRAIN] E: [2][ 0/32]	Loss 4.2417e+00 (4.2417e+00)	Acc@1   6.38 (  6.38)	Acc@5  19.31 ( 19.31)
[TRAIN] E: [2][31/32]	Loss 4.1427e+00 (4.2314e+00)	Acc@1   6.25 (  5.95)	Acc@5  23.75 ( 20.49)
[EVAL] E: [2][0/4]	Loss 3.9888e+00 (3.9888e+00)	Acc@1   8.31 (  8.31)	Acc@5  25.81 ( 25.81)
[EVAL] E: [2][3/4]	Loss 3.9904e+00 (4.0092e+00)	Acc@1   9.00 (  8.16)	Acc@5  33.00 ( 26.80)
LR=0.05313952597646568	-- best acc so far 8.16
Started EPOCH:3

[TRAIN] E: [3][ 0/32]	Loss 4.1989e+00 (4.1989e+00)	Acc@1   6.50 (  6.50)	Acc@5  20.62 ( 20.62)
[TRAIN] E: [3][31/32]	Loss 4.0310e+00 (4.1493e+00)	Acc@1  10.25 (  7.27)	Acc@5  26.25 ( 22.85)
[EVAL] E: [3][0/4]	Loss 3.8580e+00 (3.8580e+00)	Acc@1   9.81 (  9.81)	Acc@5  30.69 ( 30.69)
[EVAL] E: [3][3/4]	Loss 3.7954e+00 (3.8655e+00)	Acc@1   8.00 ( 10.00)	Acc@5  35.00 ( 31.16)
LR=0.02871103542174637	-- best acc so far 10.0
Started EPOCH:4

[TRAIN] E: [4][ 0/32]	Loss 4.1377e+00 (4.1377e+00)	Acc@1   7.69 (  7.69)	Acc@5  23.19 ( 23.19)
[TRAIN] E: [4][31/32]	Loss 4.1355e+00 (4.1072e+00)	Acc@1   7.00 (  7.76)	Acc@5  23.00 ( 24.06)
[EVAL] E: [4][0/4]	Loss 3.8205e+00 (3.8205e+00)	Acc@1  10.38 ( 10.38)	Acc@5  31.44 ( 31.44)
[EVAL] E: [4][3/4]	Loss 3.7390e+00 (3.8291e+00)	Acc@1  14.00 ( 10.76)	Acc@5  37.00 ( 31.88)
LR=0.009549150281252633	-- best acc so far 10.76
Started EPOCH:5

[TRAIN] E: [5][ 0/32]	Loss 4.0927e+00 (4.0927e+00)	Acc@1   8.44 (  8.44)	Acc@5  24.62 ( 24.62)
[TRAIN] E: [5][31/32]	Loss 4.0052e+00 (4.0834e+00)	Acc@1   7.75 (  7.98)	Acc@5  27.50 ( 24.90)
[EVAL] E: [5][0/4]	Loss 3.7934e+00 (3.7934e+00)	Acc@1  10.75 ( 10.75)	Acc@5  32.31 ( 32.31)
[EVAL] E: [5][3/4]	Loss 3.7234e+00 (3.8057e+00)	Acc@1  13.00 ( 10.90)	Acc@5  36.50 ( 32.18)
LR=0.0003942649342761118	-- best acc so far 10.9
Started EPOCH:6

[TRAIN] E: [6][ 0/32]	Loss 4.1101e+00 (4.1101e+00)	Acc@1   8.00 (  8.00)	Acc@5  22.69 ( 22.69)
[TRAIN] E: [6][31/32]	Loss 4.3213e+00 (4.3581e+00)	Acc@1   4.25 (  4.39)	Acc@5  17.00 ( 16.87)
[EVAL] E: [6][0/4]	Loss 4.3302e+00 (4.3302e+00)	Acc@1   4.00 (  4.00)	Acc@5  17.81 ( 17.81)
[EVAL] E: [6][3/4]	Loss 4.3437e+00 (4.3626e+00)	Acc@1   3.00 (  4.14)	Acc@5  18.50 ( 18.14)
LR=0.09648882429441258	-- best acc so far 10.9
Started EPOCH:7

[TRAIN] E: [7][ 0/32]	Loss 4.3191e+00 (4.3191e+00)	Acc@1   4.62 (  4.62)	Acc@5  17.38 ( 17.38)
[TRAIN] E: [7][31/32]	Loss 4.2753e+00 (4.2451e+00)	Acc@1   6.50 (  6.04)	Acc@5  19.25 ( 19.80)
[EVAL] E: [7][0/4]	Loss 3.9962e+00 (3.9962e+00)	Acc@1   7.31 (  7.31)	Acc@5  27.44 ( 27.44)
[EVAL] E: [7][3/4]	Loss 4.0490e+00 (4.0203e+00)	Acc@1   7.50 (  7.72)	Acc@5  22.00 ( 26.36)
LR=0.08187119948743449	-- best acc so far 10.9
Started EPOCH:8

[TRAIN] E: [8][ 0/32]	Loss 4.2099e+00 (4.2099e+00)	Acc@1   7.44 (  7.44)	Acc@5  22.00 ( 22.00)
[TRAIN] E: [8][31/32]	Loss 4.2165e+00 (4.1719e+00)	Acc@1   5.75 (  6.84)	Acc@5  22.50 ( 22.11)
[EVAL] E: [8][0/4]	Loss 3.8858e+00 (3.8858e+00)	Acc@1  10.31 ( 10.31)	Acc@5  30.25 ( 30.25)
[EVAL] E: [8][3/4]	Loss 3.8822e+00 (3.9039e+00)	Acc@1  10.50 ( 10.44)	Acc@5  29.50 ( 30.14)
LR=0.05936906572928624	-- best acc so far 10.9
Started EPOCH:9

[TRAIN] E: [9][ 0/32]	Loss 4.1569e+00 (4.1569e+00)	Acc@1   7.00 (  7.00)	Acc@5  23.06 ( 23.06)
[TRAIN] E: [9][31/32]	Loss 4.0558e+00 (4.1253e+00)	Acc@1   8.25 (  7.29)	Acc@5  25.75 ( 23.64)
[EVAL] E: [9][0/4]	Loss 3.8678e+00 (3.8678e+00)	Acc@1   9.06 (  9.06)	Acc@5  29.56 ( 29.56)
[EVAL] E: [9][3/4]	Loss 3.8879e+00 (3.8690e+00)	Acc@1   8.50 ( 10.32)	Acc@5  30.50 ( 31.02)
LR=0.03454915028125265	-- best acc so far 10.9
Started EPOCH:10

[TRAIN] E: [10][ 0/32]	Loss 4.0769e+00 (4.0769e+00)	Acc@1   8.75 (  8.75)	Acc@5  25.19 ( 25.19)
[TRAIN] E: [10][31/32]	Loss 4.0034e+00 (4.0773e+00)	Acc@1   8.75 (  8.13)	Acc@5  28.25 ( 25.26)
[EVAL] E: [10][0/4]	Loss 3.7637e+00 (3.7637e+00)	Acc@1  12.06 ( 12.06)	Acc@5  33.81 ( 33.81)
[EVAL] E: [10][3/4]	Loss 3.7440e+00 (3.7752e+00)	Acc@1  12.00 ( 12.04)	Acc@5  35.00 ( 34.42)
LR=0.013551568628929435	-- best acc so far 12.04
Started EPOCH:11

[TRAIN] E: [11][ 0/32]	Loss 4.0745e+00 (4.0745e+00)	Acc@1   8.00 (  8.00)	Acc@5  25.62 ( 25.62)
[TRAIN] E: [11][31/32]	Loss 4.0623e+00 (4.0653e+00)	Acc@1   8.75 (  8.33)	Acc@5  28.00 ( 25.95)
[EVAL] E: [11][0/4]	Loss 3.7426e+00 (3.7426e+00)	Acc@1  12.25 ( 12.25)	Acc@5  34.31 ( 34.31)
[EVAL] E: [11][3/4]	Loss 3.7083e+00 (3.7519e+00)	Acc@1  11.50 ( 12.30)	Acc@5  35.00 ( 34.90)
LR=0.0015708419435684518	-- best acc so far 12.3
Started EPOCH:12

[TRAIN] E: [12][ 0/32]	Loss 4.0404e+00 (4.0404e+00)	Acc@1   7.56 (  7.56)	Acc@5  26.19 ( 26.19)
[TRAIN] E: [12][31/32]	Loss 4.3577e+00 (4.2417e+00)	Acc@1   4.00 (  6.14)	Acc@5  14.75 ( 20.58)
[EVAL] E: [12][0/4]	Loss 5.3255e+00 (5.3255e+00)	Acc@1   3.62 (  3.62)	Acc@5  13.00 ( 13.00)
[EVAL] E: [12][3/4]	Loss 5.2541e+00 (5.3702e+00)	Acc@1   3.00 (  3.18)	Acc@5  12.00 ( 12.88)
LR=0.09842915805643156	-- best acc so far 12.3
Started EPOCH:13

[TRAIN] E: [13][ 0/32]	Loss 4.3792e+00 (4.3792e+00)	Acc@1   4.69 (  4.69)	Acc@5  15.81 ( 15.81)
[TRAIN] E: [13][31/32]	Loss 4.2628e+00 (4.2771e+00)	Acc@1   6.75 (  5.26)	Acc@5  19.25 ( 18.67)
[EVAL] E: [13][0/4]	Loss 3.9588e+00 (3.9588e+00)	Acc@1   8.81 (  8.81)	Acc@5  27.25 ( 27.25)
[EVAL] E: [13][3/4]	Loss 3.9787e+00 (3.9894e+00)	Acc@1   9.50 (  8.10)	Acc@5  25.50 ( 26.88)
LR=0.08644843137107058	-- best acc so far 12.3
Started EPOCH:14

[TRAIN] E: [14][ 0/32]	Loss 4.2298e+00 (4.2298e+00)	Acc@1   5.50 (  5.50)	Acc@5  18.81 ( 18.81)
[TRAIN] E: [14][31/32]	Loss 4.1238e+00 (4.1983e+00)	Acc@1   6.50 (  6.42)	Acc@5  21.00 ( 21.18)
[EVAL] E: [14][0/4]	Loss 3.8874e+00 (3.8874e+00)	Acc@1   9.19 (  9.19)	Acc@5  29.88 ( 29.88)
[EVAL] E: [14][3/4]	Loss 3.9032e+00 (3.9056e+00)	Acc@1   9.00 ( 10.10)	Acc@5  30.00 ( 30.50)
LR=0.06545084971874737	-- best acc so far 12.3
Started EPOCH:15

[TRAIN] E: [15][ 0/32]	Loss 4.2134e+00 (4.2134e+00)	Acc@1   5.88 (  5.88)	Acc@5  20.88 ( 20.88)
[TRAIN] E: [15][31/32]	Loss 4.1000e+00 (4.1484e+00)	Acc@1   8.50 (  7.30)	Acc@5  24.25 ( 22.75)
[EVAL] E: [15][0/4]	Loss 3.8466e+00 (3.8466e+00)	Acc@1   9.81 (  9.81)	Acc@5  33.12 ( 33.12)
[EVAL] E: [15][3/4]	Loss 3.8611e+00 (3.8567e+00)	Acc@1  12.00 ( 10.88)	Acc@5  32.00 ( 32.54)
LR=0.04063093427071377	-- best acc so far 12.3
Started EPOCH:16

[TRAIN] E: [16][ 0/32]	Loss 4.1490e+00 (4.1490e+00)	Acc@1   6.75 (  6.75)	Acc@5  22.94 ( 22.94)
[TRAIN] E: [16][31/32]	Loss 4.0744e+00 (4.1058e+00)	Acc@1   8.25 (  8.02)	Acc@5  25.00 ( 24.63)
[EVAL] E: [16][0/4]	Loss 3.7460e+00 (3.7460e+00)	Acc@1  12.06 ( 12.06)	Acc@5  35.06 ( 35.06)
[EVAL] E: [16][3/4]	Loss 3.7283e+00 (3.7602e+00)	Acc@1  15.50 ( 13.04)	Acc@5  36.00 ( 35.32)
LR=0.018128800512565515	-- best acc so far 13.04
Started EPOCH:17

[TRAIN] E: [17][ 0/32]	Loss 4.0773e+00 (4.0773e+00)	Acc@1   8.75 (  8.75)	Acc@5  26.62 ( 26.62)
[TRAIN] E: [17][31/32]	Loss 4.0597e+00 (4.0759e+00)	Acc@1   8.75 (  8.58)	Acc@5  21.75 ( 25.89)
[EVAL] E: [17][0/4]	Loss 3.7327e+00 (3.7327e+00)	Acc@1  12.25 ( 12.25)	Acc@5  35.25 ( 35.25)
[EVAL] E: [17][3/4]	Loss 3.7214e+00 (3.7472e+00)	Acc@1  13.50 ( 12.74)	Acc@5  36.50 ( 35.70)
LR=0.0035111757055874327	-- best acc so far 13.04
Started EPOCH:18

[TRAIN] E: [18][ 0/32]	Loss 4.1108e+00 (4.1108e+00)	Acc@1   7.19 (  7.19)	Acc@5  25.19 ( 25.19)
[TRAIN] E: [18][31/32]	Loss 4.2137e+00 (4.0829e+00)	Acc@1   7.25 (  8.56)	Acc@5  22.00 ( 25.55)
[EVAL] E: [18][0/4]	Loss 3.9076e+00 (3.9076e+00)	Acc@1   9.56 (  9.56)	Acc@5  31.25 ( 31.25)
[EVAL] E: [18][3/4]	Loss 3.9591e+00 (3.9312e+00)	Acc@1   8.50 (  9.82)	Acc@5  27.00 ( 30.74)
LR=0.0996057350657239	-- best acc so far 13.04
Started EPOCH:19

[TRAIN] E: [19][ 0/32]	Loss 4.1763e+00 (4.1763e+00)	Acc@1   6.12 (  6.12)	Acc@5  23.19 ( 23.19)
[TRAIN] E: [19][31/32]	Loss 4.0669e+00 (4.0687e+00)	Acc@1   8.25 (  8.27)	Acc@5  25.75 ( 25.79)
[EVAL] E: [19][0/4]	Loss 3.7605e+00 (3.7605e+00)	Acc@1  11.19 ( 11.19)	Acc@5  35.25 ( 35.25)
[EVAL] E: [19][3/4]	Loss 3.7034e+00 (3.7649e+00)	Acc@1  15.00 ( 11.88)	Acc@5  34.50 ( 35.02)
LR=0.09045084971874738	-- best acc so far 13.04
Started EPOCH:20

[TRAIN] E: [20][ 0/32]	Loss 4.0706e+00 (4.0706e+00)	Acc@1   8.31 (  8.31)	Acc@5  25.00 ( 25.00)
[TRAIN] E: [20][31/32]	Loss 4.0469e+00 (4.0057e+00)	Acc@1   8.00 (  9.21)	Acc@5  26.50 ( 27.77)
[EVAL] E: [20][0/4]	Loss 3.7096e+00 (3.7096e+00)	Acc@1  12.69 ( 12.69)	Acc@5  36.19 ( 36.19)
[EVAL] E: [20][3/4]	Loss 3.6355e+00 (3.7026e+00)	Acc@1  14.00 ( 13.02)	Acc@5  37.50 ( 37.02)
LR=0.07128896457825364	-- best acc so far 13.04
Started EPOCH:21

[TRAIN] E: [21][ 0/32]	Loss 3.9510e+00 (3.9510e+00)	Acc@1  10.12 ( 10.12)	Acc@5  30.19 ( 30.19)
[TRAIN] E: [21][31/32]	Loss 3.9941e+00 (3.9681e+00)	Acc@1  10.00 (  9.72)	Acc@5  29.50 ( 28.78)
[EVAL] E: [21][0/4]	Loss 3.6026e+00 (3.6026e+00)	Acc@1  14.44 ( 14.44)	Acc@5  39.56 ( 39.56)
[EVAL] E: [21][3/4]	Loss 3.5417e+00 (3.6085e+00)	Acc@1  18.50 ( 15.10)	Acc@5  41.50 ( 39.64)
LR=0.04686047402353433	-- best acc so far 15.1
Started EPOCH:22

[TRAIN] E: [22][ 0/32]	Loss 3.9443e+00 (3.9443e+00)	Acc@1   9.56 (  9.56)	Acc@5  27.94 ( 27.94)
[TRAIN] E: [22][31/32]	Loss 3.8897e+00 (3.9361e+00)	Acc@1  11.00 ( 10.42)	Acc@5  30.50 ( 29.84)
[EVAL] E: [22][0/4]	Loss 3.5845e+00 (3.5845e+00)	Acc@1  15.00 ( 15.00)	Acc@5  39.44 ( 39.44)
[EVAL] E: [22][3/4]	Loss 3.5298e+00 (3.5824e+00)	Acc@1  16.50 ( 15.14)	Acc@5  43.00 ( 40.22)
LR=0.02320866025105016	-- best acc so far 15.14
Started EPOCH:23

[TRAIN] E: [23][ 0/32]	Loss 3.9139e+00 (3.9139e+00)	Acc@1  11.19 ( 11.19)	Acc@5  30.94 ( 30.94)
[TRAIN] E: [23][31/32]	Loss 3.9194e+00 (3.9185e+00)	Acc@1  10.50 ( 10.66)	Acc@5  32.25 ( 30.54)
[EVAL] E: [23][0/4]	Loss 3.5227e+00 (3.5227e+00)	Acc@1  15.81 ( 15.81)	Acc@5  41.31 ( 41.31)
[EVAL] E: [23][3/4]	Loss 3.5030e+00 (3.5299e+00)	Acc@1  18.50 ( 16.26)	Acc@5  43.00 ( 41.74)
LR=0.006184665997806821	-- best acc so far 16.26
Started EPOCH:24

[TRAIN] E: [24][ 0/32]	Loss 3.9039e+00 (3.9039e+00)	Acc@1  11.56 ( 11.56)	Acc@5  31.62 ( 31.62)
[TRAIN] E: [24][31/32]	Loss 3.9969e+00 (3.9211e+00)	Acc@1   9.25 ( 10.75)	Acc@5  26.50 ( 30.32)
[EVAL] E: [24][0/4]	Loss 3.5446e+00 (3.5446e+00)	Acc@1  16.06 ( 16.06)	Acc@5  40.19 ( 40.19)
[EVAL] E: [24][3/4]	Loss 3.4920e+00 (3.5463e+00)	Acc@1  16.00 ( 15.68)	Acc@5  44.00 ( 41.40)
LR=0.1	-- best acc so far 16.26
Started EPOCH:25

[TRAIN] E: [25][ 0/32]	Loss 3.9242e+00 (3.9242e+00)	Acc@1  10.62 ( 10.62)	Acc@5  29.50 ( 29.50)
[TRAIN] E: [25][31/32]	Loss 3.9782e+00 (3.9963e+00)	Acc@1   9.25 (  9.42)	Acc@5  29.25 ( 28.13)
[EVAL] E: [25][0/4]	Loss 3.6036e+00 (3.6036e+00)	Acc@1  14.88 ( 14.88)	Acc@5  38.94 ( 38.94)
[EVAL] E: [25][3/4]	Loss 3.5301e+00 (3.6187e+00)	Acc@1  17.00 ( 14.78)	Acc@5  42.50 ( 39.36)
LR=0.09381533400219318	-- best acc so far 16.26
Started EPOCH:26

[TRAIN] E: [26][ 0/32]	Loss 3.9651e+00 (3.9651e+00)	Acc@1   9.38 (  9.38)	Acc@5  29.38 ( 29.38)
[TRAIN] E: [26][31/32]	Loss 3.8963e+00 (3.9095e+00)	Acc@1  12.25 ( 10.79)	Acc@5  33.25 ( 30.80)
[EVAL] E: [26][0/4]	Loss 3.5330e+00 (3.5330e+00)	Acc@1  15.25 ( 15.25)	Acc@5  41.25 ( 41.25)
[EVAL] E: [26][3/4]	Loss 3.5138e+00 (3.5338e+00)	Acc@1  18.00 ( 15.76)	Acc@5  40.50 ( 41.14)
LR=0.07679133974894983	-- best acc so far 16.26
Started EPOCH:27

[TRAIN] E: [27][ 0/32]	Loss 3.8871e+00 (3.8871e+00)	Acc@1  11.19 ( 11.19)	Acc@5  31.81 ( 31.81)
[TRAIN] E: [27][31/32]	Loss 3.8712e+00 (3.8665e+00)	Acc@1  12.00 ( 11.33)	Acc@5  33.75 ( 31.64)
[EVAL] E: [27][0/4]	Loss 3.4865e+00 (3.4865e+00)	Acc@1  15.69 ( 15.69)	Acc@5  41.88 ( 41.88)
[EVAL] E: [27][3/4]	Loss 3.4904e+00 (3.5050e+00)	Acc@1  19.50 ( 15.94)	Acc@5  43.50 ( 42.30)
LR=0.05313952597646568	-- best acc so far 16.26
Started EPOCH:28

[TRAIN] E: [28][ 0/32]	Loss 3.8399e+00 (3.8399e+00)	Acc@1  12.94 ( 12.94)	Acc@5  32.62 ( 32.62)
[TRAIN] E: [28][31/32]	Loss 3.8333e+00 (3.8292e+00)	Acc@1  12.25 ( 12.14)	Acc@5  33.25 ( 33.11)
[EVAL] E: [28][0/4]	Loss 3.4118e+00 (3.4118e+00)	Acc@1  18.00 ( 18.00)	Acc@5  45.25 ( 45.25)
[EVAL] E: [28][3/4]	Loss 3.4057e+00 (3.4220e+00)	Acc@1  22.00 ( 18.06)	Acc@5  44.50 ( 45.16)
LR=0.02871103542174637	-- best acc so far 18.06
Started EPOCH:29

[TRAIN] E: [29][ 0/32]	Loss 3.8162e+00 (3.8162e+00)	Acc@1  12.31 ( 12.31)	Acc@5  34.50 ( 34.50)
[TRAIN] E: [29][31/32]	Loss 3.7282e+00 (3.8117e+00)	Acc@1  13.75 ( 12.47)	Acc@5  36.00 ( 33.96)
[EVAL] E: [29][0/4]	Loss 3.3628e+00 (3.3628e+00)	Acc@1  20.38 ( 20.38)	Acc@5  46.06 ( 46.06)
[EVAL] E: [29][3/4]	Loss 3.3677e+00 (3.3784e+00)	Acc@1  24.00 ( 19.54)	Acc@5  47.00 ( 46.24)
LR=0.009549150281252633	-- best acc so far 19.54
Started EPOCH:30

[TRAIN] E: [30][ 0/32]	Loss 3.8236e+00 (3.8236e+00)	Acc@1  12.06 ( 12.06)	Acc@5  33.00 ( 33.00)
[TRAIN] E: [30][31/32]	Loss 3.8285e+00 (3.7897e+00)	Acc@1   9.75 ( 12.75)	Acc@5  34.75 ( 34.40)
[EVAL] E: [30][0/4]	Loss 3.3629e+00 (3.3629e+00)	Acc@1  19.62 ( 19.62)	Acc@5  45.31 ( 45.31)
[EVAL] E: [30][3/4]	Loss 3.3524e+00 (3.3772e+00)	Acc@1  22.00 ( 18.98)	Acc@5  46.00 ( 45.80)
LR=0.0003942649342761118	-- best acc so far 19.54
Started EPOCH:31

[TRAIN] E: [31][ 0/32]	Loss 3.7952e+00 (3.7952e+00)	Acc@1  12.12 ( 12.12)	Acc@5  34.06 ( 34.06)
[TRAIN] E: [31][31/32]	Loss 4.0375e+00 (4.0703e+00)	Acc@1  10.00 (  8.54)	Acc@5  25.50 ( 26.44)
[EVAL] E: [31][0/4]	Loss 3.6426e+00 (3.6426e+00)	Acc@1  13.12 ( 13.12)	Acc@5  37.19 ( 37.19)
[EVAL] E: [31][3/4]	Loss 3.6331e+00 (3.6748e+00)	Acc@1  14.50 ( 13.30)	Acc@5  38.00 ( 37.14)
LR=0.09648882429441258	-- best acc so far 19.54
Started EPOCH:32

[TRAIN] E: [32][ 0/32]	Loss 4.0473e+00 (4.0473e+00)	Acc@1   7.62 (  7.62)	Acc@5  26.19 ( 26.19)
[TRAIN] E: [32][31/32]	Loss 3.9094e+00 (3.9403e+00)	Acc@1  11.00 ( 10.32)	Acc@5  32.50 ( 29.70)
[EVAL] E: [32][0/4]	Loss 3.5649e+00 (3.5649e+00)	Acc@1  15.44 ( 15.44)	Acc@5  40.50 ( 40.50)
[EVAL] E: [32][3/4]	Loss 3.5611e+00 (3.5760e+00)	Acc@1  14.50 ( 15.48)	Acc@5  41.00 ( 40.08)
LR=0.08187119948743449	-- best acc so far 19.54
Started EPOCH:33

[TRAIN] E: [33][ 0/32]	Loss 3.8641e+00 (3.8641e+00)	Acc@1  11.00 ( 11.00)	Acc@5  33.81 ( 33.81)
[TRAIN] E: [33][31/32]	Loss 3.8010e+00 (3.8477e+00)	Acc@1  14.00 ( 11.64)	Acc@5  33.25 ( 32.67)
[EVAL] E: [33][0/4]	Loss 3.3543e+00 (3.3543e+00)	Acc@1  19.38 ( 19.38)	Acc@5  46.69 ( 46.69)
[EVAL] E: [33][3/4]	Loss 3.3724e+00 (3.3674e+00)	Acc@1  22.00 ( 19.56)	Acc@5  46.00 ( 46.54)
LR=0.05936906572928624	-- best acc so far 19.56
Started EPOCH:34

[TRAIN] E: [34][ 0/32]	Loss 3.8053e+00 (3.8053e+00)	Acc@1  11.31 ( 11.31)	Acc@5  32.81 ( 32.81)
[TRAIN] E: [34][31/32]	Loss 3.7998e+00 (3.8049e+00)	Acc@1  11.50 ( 12.50)	Acc@5  33.25 ( 33.91)
[EVAL] E: [34][0/4]	Loss 3.3541e+00 (3.3541e+00)	Acc@1  19.81 ( 19.81)	Acc@5  46.94 ( 46.94)
[EVAL] E: [34][3/4]	Loss 3.3629e+00 (3.3640e+00)	Acc@1  18.00 ( 19.56)	Acc@5  48.50 ( 47.20)
LR=0.03454915028125265	-- best acc so far 19.56
Started EPOCH:35

[TRAIN] E: [35][ 0/32]	Loss 3.7386e+00 (3.7386e+00)	Acc@1  15.00 ( 15.00)	Acc@5  36.56 ( 36.56)
[TRAIN] E: [35][31/32]	Loss 3.7604e+00 (3.7656e+00)	Acc@1  16.00 ( 13.14)	Acc@5  36.25 ( 35.07)
[EVAL] E: [35][0/4]	Loss 3.2897e+00 (3.2897e+00)	Acc@1  20.38 ( 20.38)	Acc@5  48.06 ( 48.06)
[EVAL] E: [35][3/4]	Loss 3.3091e+00 (3.3070e+00)	Acc@1  21.00 ( 20.16)	Acc@5  47.50 ( 48.36)
LR=0.013551568628929435	-- best acc so far 20.16
Started EPOCH:36

[TRAIN] E: [36][ 0/32]	Loss 3.7608e+00 (3.7608e+00)	Acc@1  13.12 ( 13.12)	Acc@5  35.94 ( 35.94)
[TRAIN] E: [36][31/32]	Loss 3.7455e+00 (3.7490e+00)	Acc@1  13.00 ( 13.23)	Acc@5  37.25 ( 35.50)
[EVAL] E: [36][0/4]	Loss 3.2927e+00 (3.2927e+00)	Acc@1  19.88 ( 19.88)	Acc@5  47.31 ( 47.31)
[EVAL] E: [36][3/4]	Loss 3.2969e+00 (3.3071e+00)	Acc@1  24.00 ( 20.24)	Acc@5  48.00 ( 48.14)
LR=0.0015708419435684518	-- best acc so far 20.24
Started EPOCH:37

[TRAIN] E: [37][ 0/32]	Loss 3.7875e+00 (3.7875e+00)	Acc@1  13.12 ( 13.12)	Acc@5  33.56 ( 33.56)
[TRAIN] E: [37][31/32]	Loss 3.9135e+00 (3.8385e+00)	Acc@1  11.50 ( 11.91)	Acc@5  32.25 ( 33.14)
[EVAL] E: [37][0/4]	Loss 3.4665e+00 (3.4665e+00)	Acc@1  17.81 ( 17.81)	Acc@5  42.38 ( 42.38)
[EVAL] E: [37][3/4]	Loss 3.4627e+00 (3.5120e+00)	Acc@1  19.00 ( 16.54)	Acc@5  42.50 ( 42.00)
LR=0.09842915805643156	-- best acc so far 20.24
Started EPOCH:38

[TRAIN] E: [38][ 0/32]	Loss 3.8869e+00 (3.8869e+00)	Acc@1  12.62 ( 12.62)	Acc@5  31.12 ( 31.12)
[TRAIN] E: [38][31/32]	Loss 3.8543e+00 (3.7930e+00)	Acc@1  11.25 ( 12.63)	Acc@5  33.50 ( 34.36)
[EVAL] E: [38][0/4]	Loss 3.3687e+00 (3.3687e+00)	Acc@1  19.44 ( 19.44)	Acc@5  47.06 ( 47.06)
[EVAL] E: [38][3/4]	Loss 3.3956e+00 (3.3778e+00)	Acc@1  18.00 ( 18.90)	Acc@5  45.00 ( 46.64)
LR=0.08644843137107058	-- best acc so far 20.24
Started EPOCH:39

[TRAIN] E: [39][ 0/32]	Loss 3.7812e+00 (3.7812e+00)	Acc@1  11.75 ( 11.75)	Acc@5  34.50 ( 34.50)
[TRAIN] E: [39][31/32]	Loss 3.7459e+00 (3.7349e+00)	Acc@1  14.00 ( 13.51)	Acc@5  36.50 ( 35.98)
[EVAL] E: [39][0/4]	Loss 3.3068e+00 (3.3068e+00)	Acc@1  20.31 ( 20.31)	Acc@5  48.00 ( 48.00)
[EVAL] E: [39][3/4]	Loss 3.2793e+00 (3.3181e+00)	Acc@1  20.50 ( 20.02)	Acc@5  48.50 ( 48.56)
LR=0.06545084971874737	-- best acc so far 20.24
Started EPOCH:40

[TRAIN] E: [40][ 0/32]	Loss 3.7306e+00 (3.7306e+00)	Acc@1  12.62 ( 12.62)	Acc@5  36.75 ( 36.75)
[TRAIN] E: [40][31/32]	Loss 3.6556e+00 (3.6933e+00)	Acc@1  12.50 ( 14.15)	Acc@5  38.50 ( 37.33)
[EVAL] E: [40][0/4]	Loss 3.2264e+00 (3.2264e+00)	Acc@1  22.50 ( 22.50)	Acc@5  48.81 ( 48.81)
[EVAL] E: [40][3/4]	Loss 3.2763e+00 (3.2434e+00)	Acc@1  21.00 ( 21.78)	Acc@5  47.50 ( 49.80)
LR=0.04063093427071377	-- best acc so far 21.78
Started EPOCH:41

[TRAIN] E: [41][ 0/32]	Loss 3.6780e+00 (3.6780e+00)	Acc@1  15.75 ( 15.75)	Acc@5  37.31 ( 37.31)
[TRAIN] E: [41][31/32]	Loss 3.6546e+00 (3.6587e+00)	Acc@1  14.00 ( 15.15)	Acc@5  39.00 ( 38.35)
[EVAL] E: [41][0/4]	Loss 3.1951e+00 (3.1951e+00)	Acc@1  22.81 ( 22.81)	Acc@5  50.38 ( 50.38)
[EVAL] E: [41][3/4]	Loss 3.2310e+00 (3.2054e+00)	Acc@1  22.50 ( 21.84)	Acc@5  50.50 ( 51.12)
LR=0.018128800512565515	-- best acc so far 21.84
Started EPOCH:42

[TRAIN] E: [42][ 0/32]	Loss 3.6481e+00 (3.6481e+00)	Acc@1  13.88 ( 13.88)	Acc@5  39.06 ( 39.06)
[TRAIN] E: [42][31/32]	Loss 3.6410e+00 (3.6457e+00)	Acc@1  12.50 ( 15.03)	Acc@5  38.00 ( 38.77)
[EVAL] E: [42][0/4]	Loss 3.1539e+00 (3.1539e+00)	Acc@1  24.50 ( 24.50)	Acc@5  50.88 ( 50.88)
[EVAL] E: [42][3/4]	Loss 3.2031e+00 (3.1702e+00)	Acc@1  22.00 ( 23.06)	Acc@5  51.00 ( 51.82)
LR=0.0035111757055874327	-- best acc so far 23.06
Started EPOCH:43

[TRAIN] E: [43][ 0/32]	Loss 3.6504e+00 (3.6504e+00)	Acc@1  14.00 ( 14.00)	Acc@5  38.56 ( 38.56)
[TRAIN] E: [43][31/32]	Loss 3.8302e+00 (3.6794e+00)	Acc@1  11.75 ( 14.76)	Acc@5  33.50 ( 37.84)
[EVAL] E: [43][0/4]	Loss 3.5251e+00 (3.5251e+00)	Acc@1  16.62 ( 16.62)	Acc@5  43.38 ( 43.38)
[EVAL] E: [43][3/4]	Loss 3.6237e+00 (3.5629e+00)	Acc@1  17.50 ( 16.28)	Acc@5  41.00 ( 41.68)
LR=0.0996057350657239	-- best acc so far 23.06
Started EPOCH:44

[TRAIN] E: [44][ 0/32]	Loss 3.7642e+00 (3.7642e+00)	Acc@1  13.31 ( 13.31)	Acc@5  34.25 ( 34.25)
[TRAIN] E: [44][31/32]	Loss 3.7101e+00 (3.6970e+00)	Acc@1  13.75 ( 14.27)	Acc@5  35.75 ( 36.95)
[EVAL] E: [44][0/4]	Loss 3.2830e+00 (3.2830e+00)	Acc@1  21.69 ( 21.69)	Acc@5  48.19 ( 48.19)
[EVAL] E: [44][3/4]	Loss 3.3266e+00 (3.2835e+00)	Acc@1  19.50 ( 20.56)	Acc@5  45.50 ( 48.70)
LR=0.09045084971874738	-- best acc so far 23.06
Started EPOCH:45

[TRAIN] E: [45][ 0/32]	Loss 3.5906e+00 (3.5906e+00)	Acc@1  16.31 ( 16.31)	Acc@5  38.62 ( 38.62)
[TRAIN] E: [45][31/32]	Loss 3.6589e+00 (3.6395e+00)	Acc@1  15.75 ( 15.00)	Acc@5  38.25 ( 38.89)
[EVAL] E: [45][0/4]	Loss 3.1684e+00 (3.1684e+00)	Acc@1  24.12 ( 24.12)	Acc@5  50.12 ( 50.12)
[EVAL] E: [45][3/4]	Loss 3.1971e+00 (3.1768e+00)	Acc@1  23.00 ( 23.54)	Acc@5  47.50 ( 51.08)
LR=0.07128896457825364	-- best acc so far 23.54
Started EPOCH:46

[TRAIN] E: [46][ 0/32]	Loss 3.5898e+00 (3.5898e+00)	Acc@1  15.31 ( 15.31)	Acc@5  39.94 ( 39.94)
[TRAIN] E: [46][31/32]	Loss 3.5949e+00 (3.5963e+00)	Acc@1  13.75 ( 15.83)	Acc@5  39.25 ( 40.03)
[EVAL] E: [46][0/4]	Loss 3.1050e+00 (3.1050e+00)	Acc@1  24.06 ( 24.06)	Acc@5  52.31 ( 52.31)
[EVAL] E: [46][3/4]	Loss 3.1853e+00 (3.1155e+00)	Acc@1  22.00 ( 23.52)	Acc@5  52.00 ( 52.70)
LR=0.04686047402353433	-- best acc so far 23.54
Started EPOCH:47

[TRAIN] E: [47][ 0/32]	Loss 3.5224e+00 (3.5224e+00)	Acc@1  18.00 ( 18.00)	Acc@5  42.25 ( 42.25)
[TRAIN] E: [47][31/32]	Loss 3.5764e+00 (3.5687e+00)	Acc@1  18.75 ( 16.39)	Acc@5  39.50 ( 40.93)
[EVAL] E: [47][0/4]	Loss 3.0569e+00 (3.0569e+00)	Acc@1  26.50 ( 26.50)	Acc@5  53.81 ( 53.81)
[EVAL] E: [47][3/4]	Loss 3.1005e+00 (3.0704e+00)	Acc@1  23.00 ( 25.40)	Acc@5  53.50 ( 53.98)
LR=0.02320866025105016	-- best acc so far 25.4
Started EPOCH:48

[TRAIN] E: [48][ 0/32]	Loss 3.4840e+00 (3.4840e+00)	Acc@1  18.12 ( 18.12)	Acc@5  43.12 ( 43.12)
[TRAIN] E: [48][31/32]	Loss 3.5664e+00 (3.5451e+00)	Acc@1  15.25 ( 16.82)	Acc@5  43.75 ( 41.74)
[EVAL] E: [48][0/4]	Loss 3.0283e+00 (3.0283e+00)	Acc@1  27.19 ( 27.19)	Acc@5  54.69 ( 54.69)
[EVAL] E: [48][3/4]	Loss 3.0908e+00 (3.0420e+00)	Acc@1  23.00 ( 25.82)	Acc@5  55.00 ( 55.06)
LR=0.006184665997806821	-- best acc so far 25.82
Started EPOCH:49

[TRAIN] E: [49][ 0/32]	Loss 3.5674e+00 (3.5674e+00)	Acc@1  15.75 ( 15.75)	Acc@5  40.75 ( 40.75)
[TRAIN] E: [49][31/32]	Loss 3.4199e+00 (3.5317e+00)	Acc@1  16.00 ( 16.93)	Acc@5  46.00 ( 41.77)
[EVAL] E: [49][0/4]	Loss 3.0031e+00 (3.0031e+00)	Acc@1  26.50 ( 26.50)	Acc@5  54.69 ( 54.69)
[EVAL] E: [49][3/4]	Loss 3.0789e+00 (3.0189e+00)	Acc@1  23.50 ( 25.80)	Acc@5  54.00 ( 55.28)
LR=0.1	-- best acc so far 25.82
Started EPOCH:50

[TRAIN] E: [50][ 0/32]	Loss 3.5534e+00 (3.5534e+00)	Acc@1  16.38 ( 16.38)	Acc@5  41.38 ( 41.38)
[TRAIN] E: [50][31/32]	Loss 3.5400e+00 (3.6066e+00)	Acc@1  16.00 ( 15.58)	Acc@5  40.50 ( 39.70)
[EVAL] E: [50][0/4]	Loss 3.3896e+00 (3.3896e+00)	Acc@1  20.62 ( 20.62)	Acc@5  46.56 ( 46.56)
[EVAL] E: [50][3/4]	Loss 3.4808e+00 (3.4006e+00)	Acc@1  19.50 ( 19.40)	Acc@5  47.00 ( 46.04)
LR=0.09381533400219318	-- best acc so far 25.82
Started EPOCH:51

[TRAIN] E: [51][ 0/32]	Loss 3.6024e+00 (3.6024e+00)	Acc@1  15.88 ( 15.88)	Acc@5  38.44 ( 38.44)
[TRAIN] E: [51][31/32]	Loss 3.4636e+00 (3.5633e+00)	Acc@1  18.25 ( 16.53)	Acc@5  45.25 ( 40.95)
[EVAL] E: [51][0/4]	Loss 3.1772e+00 (3.1772e+00)	Acc@1  23.88 ( 23.88)	Acc@5  51.50 ( 51.50)
[EVAL] E: [51][3/4]	Loss 3.2136e+00 (3.1944e+00)	Acc@1  24.50 ( 22.86)	Acc@5  51.00 ( 51.32)
LR=0.07679133974894983	-- best acc so far 25.82
Started EPOCH:52

[TRAIN] E: [52][ 0/32]	Loss 3.5509e+00 (3.5509e+00)	Acc@1  16.88 ( 16.88)	Acc@5  40.75 ( 40.75)
[TRAIN] E: [52][31/32]	Loss 3.5185e+00 (3.5205e+00)	Acc@1  18.00 ( 17.30)	Acc@5  42.25 ( 41.91)
[EVAL] E: [52][0/4]	Loss 2.9951e+00 (2.9951e+00)	Acc@1  26.75 ( 26.75)	Acc@5  54.62 ( 54.62)
[EVAL] E: [52][3/4]	Loss 3.0542e+00 (3.0065e+00)	Acc@1  27.00 ( 25.52)	Acc@5  54.00 ( 55.66)
LR=0.05313952597646568	-- best acc so far 25.82
Started EPOCH:53

[TRAIN] E: [53][ 0/32]	Loss 3.4785e+00 (3.4785e+00)	Acc@1  18.81 ( 18.81)	Acc@5  43.69 ( 43.69)
[TRAIN] E: [53][31/32]	Loss 3.5757e+00 (3.4828e+00)	Acc@1  15.50 ( 17.88)	Acc@5  38.75 ( 43.22)
[EVAL] E: [53][0/4]	Loss 2.9223e+00 (2.9223e+00)	Acc@1  28.06 ( 28.06)	Acc@5  57.00 ( 57.00)
[EVAL] E: [53][3/4]	Loss 3.0387e+00 (2.9417e+00)	Acc@1  26.50 ( 27.06)	Acc@5  55.00 ( 57.02)
LR=0.02871103542174637	-- best acc so far 27.06
Started EPOCH:54

[TRAIN] E: [54][ 0/32]	Loss 3.4936e+00 (3.4936e+00)	Acc@1  18.56 ( 18.56)	Acc@5  42.69 ( 42.69)
[TRAIN] E: [54][31/32]	Loss 3.3949e+00 (3.4534e+00)	Acc@1  18.75 ( 18.39)	Acc@5  45.75 ( 44.12)
[EVAL] E: [54][0/4]	Loss 2.9268e+00 (2.9268e+00)	Acc@1  28.69 ( 28.69)	Acc@5  56.94 ( 56.94)
[EVAL] E: [54][3/4]	Loss 3.0019e+00 (2.9285e+00)	Acc@1  27.50 ( 28.14)	Acc@5  55.00 ( 57.66)
LR=0.009549150281252633	-- best acc so far 28.14
Started EPOCH:55

[TRAIN] E: [55][ 0/32]	Loss 3.4330e+00 (3.4330e+00)	Acc@1  19.81 ( 19.81)	Acc@5  43.94 ( 43.94)
[TRAIN] E: [55][31/32]	Loss 3.5062e+00 (3.4378e+00)	Acc@1  18.00 ( 18.64)	Acc@5  43.25 ( 44.48)
[EVAL] E: [55][0/4]	Loss 2.8983e+00 (2.8983e+00)	Acc@1  29.38 ( 29.38)	Acc@5  57.25 ( 57.25)
[EVAL] E: [55][3/4]	Loss 2.9836e+00 (2.9066e+00)	Acc@1  26.50 ( 28.16)	Acc@5  54.00 ( 57.52)
LR=0.0003942649342761118	-- best acc so far 28.16
Started EPOCH:56

[TRAIN] E: [56][ 0/32]	Loss 3.3898e+00 (3.3898e+00)	Acc@1  20.44 ( 20.44)	Acc@5  44.44 ( 44.44)
[TRAIN] E: [56][31/32]	Loss 3.5721e+00 (3.6597e+00)	Acc@1  17.50 ( 15.22)	Acc@5  44.00 ( 38.33)
[EVAL] E: [56][0/4]	Loss 3.3638e+00 (3.3638e+00)	Acc@1  21.19 ( 21.19)	Acc@5  46.81 ( 46.81)
[EVAL] E: [56][3/4]	Loss 3.4522e+00 (3.3831e+00)	Acc@1  21.50 ( 20.24)	Acc@5  46.00 ( 45.82)
LR=0.09648882429441258	-- best acc so far 28.16
Started EPOCH:57

[TRAIN] E: [57][ 0/32]	Loss 3.6421e+00 (3.6421e+00)	Acc@1  15.44 ( 15.44)	Acc@5  38.81 ( 38.81)
[TRAIN] E: [57][31/32]	Loss 3.6477e+00 (3.5738e+00)	Acc@1  17.75 ( 16.49)	Acc@5  40.00 ( 40.60)
[EVAL] E: [57][0/4]	Loss 3.0551e+00 (3.0551e+00)	Acc@1  24.81 ( 24.81)	Acc@5  54.19 ( 54.19)
[EVAL] E: [57][3/4]	Loss 3.0719e+00 (3.0526e+00)	Acc@1  25.00 ( 25.14)	Acc@5  54.00 ( 54.82)
LR=0.08187119948743449	-- best acc so far 28.16
Started EPOCH:58

[TRAIN] E: [58][ 0/32]	Loss 3.5431e+00 (3.5431e+00)	Acc@1  16.12 ( 16.12)	Acc@5  41.81 ( 41.81)
[TRAIN] E: [58][31/32]	Loss 3.4323e+00 (3.5027e+00)	Acc@1  19.00 ( 17.49)	Acc@5  44.25 ( 42.44)
[EVAL] E: [58][0/4]	Loss 2.9664e+00 (2.9664e+00)	Acc@1  25.56 ( 25.56)	Acc@5  56.06 ( 56.06)
[EVAL] E: [58][3/4]	Loss 3.0491e+00 (2.9793e+00)	Acc@1  24.50 ( 26.34)	Acc@5  56.50 ( 56.24)
LR=0.05936906572928624	-- best acc so far 28.16
Started EPOCH:59

[TRAIN] E: [59][ 0/32]	Loss 3.4082e+00 (3.4082e+00)	Acc@1  18.25 ( 18.25)	Acc@5  44.81 ( 44.81)
[TRAIN] E: [59][31/32]	Loss 3.3603e+00 (3.4595e+00)	Acc@1  20.75 ( 18.49)	Acc@5  47.75 ( 43.57)
[EVAL] E: [59][0/4]	Loss 2.9062e+00 (2.9062e+00)	Acc@1  28.12 ( 28.12)	Acc@5  58.38 ( 58.38)
[EVAL] E: [59][3/4]	Loss 2.9870e+00 (2.9214e+00)	Acc@1  28.00 ( 27.92)	Acc@5  54.50 ( 57.72)
LR=0.03454915028125265	-- best acc so far 28.16
Started EPOCH:60

[TRAIN] E: [60][ 0/32]	Loss 3.4296e+00 (3.4296e+00)	Acc@1  19.31 ( 19.31)	Acc@5  44.00 ( 44.00)
[TRAIN] E: [60][31/32]	Loss 3.4475e+00 (3.4194e+00)	Acc@1  16.50 ( 19.07)	Acc@5  42.75 ( 44.59)
[EVAL] E: [60][0/4]	Loss 2.8621e+00 (2.8621e+00)	Acc@1  29.25 ( 29.25)	Acc@5  58.88 ( 58.88)
[EVAL] E: [60][3/4]	Loss 2.9657e+00 (2.8745e+00)	Acc@1  27.00 ( 29.08)	Acc@5  55.50 ( 58.88)
LR=0.013551568628929435	-- best acc so far 29.08
Started EPOCH:61

[TRAIN] E: [61][ 0/32]	Loss 3.3763e+00 (3.3763e+00)	Acc@1  20.88 ( 20.88)	Acc@5  46.38 ( 46.38)
[TRAIN] E: [61][31/32]	Loss 3.3419e+00 (3.4001e+00)	Acc@1  19.25 ( 19.41)	Acc@5  45.75 ( 45.19)
[EVAL] E: [61][0/4]	Loss 2.8375e+00 (2.8375e+00)	Acc@1  30.44 ( 30.44)	Acc@5  59.94 ( 59.94)
[EVAL] E: [61][3/4]	Loss 2.9121e+00 (2.8414e+00)	Acc@1  28.50 ( 29.82)	Acc@5  57.50 ( 59.84)
LR=0.0015708419435684518	-- best acc so far 29.82
Started EPOCH:62

[TRAIN] E: [62][ 0/32]	Loss 3.3680e+00 (3.3680e+00)	Acc@1  19.38 ( 19.38)	Acc@5  46.88 ( 46.88)
[TRAIN] E: [62][31/32]	Loss 3.8014e+00 (3.6672e+00)	Acc@1  11.50 ( 15.09)	Acc@5  35.00 ( 38.35)
[EVAL] E: [62][0/4]	Loss 3.7463e+00 (3.7463e+00)	Acc@1  13.81 ( 13.81)	Acc@5  38.50 ( 38.50)
[EVAL] E: [62][3/4]	Loss 3.7306e+00 (3.7528e+00)	Acc@1  15.00 ( 13.84)	Acc@5  43.00 ( 38.38)
LR=0.09842915805643156	-- best acc so far 29.82
Started EPOCH:63

[TRAIN] E: [63][ 0/32]	Loss 3.7421e+00 (3.7421e+00)	Acc@1  14.06 ( 14.06)	Acc@5  36.31 ( 36.31)
[TRAIN] E: [63][31/32]	Loss 3.5681e+00 (3.6367e+00)	Acc@1  18.00 ( 15.47)	Acc@5  42.50 ( 38.83)
[EVAL] E: [63][0/4]	Loss 3.1233e+00 (3.1233e+00)	Acc@1  23.69 ( 23.69)	Acc@5  52.69 ( 52.69)
[EVAL] E: [63][3/4]	Loss 3.1737e+00 (3.1221e+00)	Acc@1  23.00 ( 23.40)	Acc@5  54.00 ( 53.40)
LR=0.08644843137107058	-- best acc so far 29.82
Started EPOCH:64

[TRAIN] E: [64][ 0/32]	Loss 3.4701e+00 (3.4701e+00)	Acc@1  18.06 ( 18.06)	Acc@5  43.38 ( 43.38)
[TRAIN] E: [64][31/32]	Loss 3.5204e+00 (3.5031e+00)	Acc@1  17.00 ( 17.63)	Acc@5  38.00 ( 42.32)
[EVAL] E: [64][0/4]	Loss 2.9284e+00 (2.9284e+00)	Acc@1  27.25 ( 27.25)	Acc@5  56.81 ( 56.81)
[EVAL] E: [64][3/4]	Loss 2.9569e+00 (2.9422e+00)	Acc@1  29.00 ( 26.70)	Acc@5  54.00 ( 57.44)
LR=0.06545084971874737	-- best acc so far 29.82
Started EPOCH:65

[TRAIN] E: [65][ 0/32]	Loss 3.4014e+00 (3.4014e+00)	Acc@1  19.00 ( 19.00)	Acc@5  45.94 ( 45.94)
[TRAIN] E: [65][31/32]	Loss 3.2963e+00 (3.4317e+00)	Acc@1  20.75 ( 18.87)	Acc@5  50.00 ( 44.46)
[EVAL] E: [65][0/4]	Loss 2.8613e+00 (2.8613e+00)	Acc@1  28.31 ( 28.31)	Acc@5  58.44 ( 58.44)
[EVAL] E: [65][3/4]	Loss 2.9155e+00 (2.8719e+00)	Acc@1  27.00 ( 28.12)	Acc@5  58.50 ( 58.86)
LR=0.04063093427071377	-- best acc so far 29.82
Started EPOCH:66

[TRAIN] E: [66][ 0/32]	Loss 3.4253e+00 (3.4253e+00)	Acc@1  19.50 ( 19.50)	Acc@5  44.38 ( 44.38)
[TRAIN] E: [66][31/32]	Loss 3.2975e+00 (3.3905e+00)	Acc@1  19.75 ( 19.46)	Acc@5  48.00 ( 45.62)
[EVAL] E: [66][0/4]	Loss 2.7967e+00 (2.7967e+00)	Acc@1  29.50 ( 29.50)	Acc@5  60.00 ( 60.00)
[EVAL] E: [66][3/4]	Loss 2.8577e+00 (2.8176e+00)	Acc@1  28.00 ( 29.54)	Acc@5  59.50 ( 59.96)
LR=0.018128800512565515	-- best acc so far 29.82
Started EPOCH:67

[TRAIN] E: [67][ 0/32]	Loss 3.3395e+00 (3.3395e+00)	Acc@1  19.06 ( 19.06)	Acc@5  46.81 ( 46.81)
[TRAIN] E: [67][31/32]	Loss 3.3358e+00 (3.3802e+00)	Acc@1  20.00 ( 19.84)	Acc@5  46.50 ( 46.07)
[EVAL] E: [67][0/4]	Loss 2.7867e+00 (2.7867e+00)	Acc@1  30.19 ( 30.19)	Acc@5  60.19 ( 60.19)
[EVAL] E: [67][3/4]	Loss 2.8480e+00 (2.8042e+00)	Acc@1  27.50 ( 29.76)	Acc@5  60.50 ( 60.62)
LR=0.0035111757055874327	-- best acc so far 29.82
Started EPOCH:68

[TRAIN] E: [68][ 0/32]	Loss 3.3568e+00 (3.3568e+00)	Acc@1  19.69 ( 19.69)	Acc@5  47.06 ( 47.06)
[TRAIN] E: [68][31/32]	Loss 3.3374e+00 (3.3835e+00)	Acc@1  21.25 ( 19.82)	Acc@5  46.75 ( 45.83)
[EVAL] E: [68][0/4]	Loss 3.2042e+00 (3.2042e+00)	Acc@1  22.25 ( 22.25)	Acc@5  52.19 ( 52.19)
[EVAL] E: [68][3/4]	Loss 3.1771e+00 (3.2304e+00)	Acc@1  21.50 ( 22.62)	Acc@5  48.50 ( 51.52)
LR=0.0996057350657239	-- best acc so far 29.82
Started EPOCH:69

[TRAIN] E: [69][ 0/32]	Loss 3.4645e+00 (3.4645e+00)	Acc@1  18.69 ( 18.69)	Acc@5  44.00 ( 44.00)
[TRAIN] E: [69][31/32]	Loss 3.3430e+00 (3.4181e+00)	Acc@1  20.00 ( 19.08)	Acc@5  46.00 ( 44.59)
[EVAL] E: [69][0/4]	Loss 2.9416e+00 (2.9416e+00)	Acc@1  26.38 ( 26.38)	Acc@5  57.31 ( 57.31)
[EVAL] E: [69][3/4]	Loss 2.9713e+00 (2.9377e+00)	Acc@1  26.00 ( 26.66)	Acc@5  57.50 ( 57.32)
LR=0.09045084971874738	-- best acc so far 29.82
Started EPOCH:70

[TRAIN] E: [70][ 0/32]	Loss 3.3502e+00 (3.3502e+00)	Acc@1  20.75 ( 20.75)	Acc@5  46.38 ( 46.38)
[TRAIN] E: [70][31/32]	Loss 3.3043e+00 (3.3740e+00)	Acc@1  22.00 ( 19.88)	Acc@5  50.25 ( 46.01)
[EVAL] E: [70][0/4]	Loss 2.8699e+00 (2.8699e+00)	Acc@1  27.94 ( 27.94)	Acc@5  59.00 ( 59.00)
[EVAL] E: [70][3/4]	Loss 2.9098e+00 (2.8776e+00)	Acc@1  26.00 ( 27.86)	Acc@5  58.50 ( 59.00)
LR=0.07128896457825364	-- best acc so far 29.82
Started EPOCH:71

[TRAIN] E: [71][ 0/32]	Loss 3.3635e+00 (3.3635e+00)	Acc@1  19.62 ( 19.62)	Acc@5  46.62 ( 46.62)
[TRAIN] E: [71][31/32]	Loss 3.1602e+00 (3.3340e+00)	Acc@1  22.00 ( 20.57)	Acc@5  52.50 ( 46.83)
[EVAL] E: [71][0/4]	Loss 2.8081e+00 (2.8081e+00)	Acc@1  27.69 ( 27.69)	Acc@5  60.06 ( 60.06)
[EVAL] E: [71][3/4]	Loss 2.8508e+00 (2.8120e+00)	Acc@1  28.00 ( 29.00)	Acc@5  61.50 ( 60.14)
LR=0.04686047402353433	-- best acc so far 29.82
Started EPOCH:72

[TRAIN] E: [72][ 0/32]	Loss 3.3081e+00 (3.3081e+00)	Acc@1  20.62 ( 20.62)	Acc@5  46.31 ( 46.31)
[TRAIN] E: [72][31/32]	Loss 3.2687e+00 (3.2840e+00)	Acc@1  21.75 ( 21.54)	Acc@5  48.00 ( 48.15)
[EVAL] E: [72][0/4]	Loss 2.6943e+00 (2.6943e+00)	Acc@1  31.94 ( 31.94)	Acc@5  63.00 ( 63.00)
[EVAL] E: [72][3/4]	Loss 2.8063e+00 (2.7172e+00)	Acc@1  29.50 ( 32.46)	Acc@5  60.50 ( 62.38)
LR=0.02320866025105016	-- best acc so far 32.46
Started EPOCH:73

[TRAIN] E: [73][ 0/32]	Loss 3.2828e+00 (3.2828e+00)	Acc@1  21.69 ( 21.69)	Acc@5  47.31 ( 47.31)
[TRAIN] E: [73][31/32]	Loss 3.3006e+00 (3.2642e+00)	Acc@1  21.00 ( 21.84)	Acc@5  49.25 ( 48.77)
[EVAL] E: [73][0/4]	Loss 2.6683e+00 (2.6683e+00)	Acc@1  31.56 ( 31.56)	Acc@5  63.69 ( 63.69)
[EVAL] E: [73][3/4]	Loss 2.7891e+00 (2.6828e+00)	Acc@1  30.50 ( 32.30)	Acc@5  60.50 ( 63.32)
LR=0.006184665997806821	-- best acc so far 32.46
Started EPOCH:74

[TRAIN] E: [74][ 0/32]	Loss 3.2270e+00 (3.2270e+00)	Acc@1  21.94 ( 21.94)	Acc@5  50.19 ( 50.19)
[TRAIN] E: [74][31/32]	Loss 3.2261e+00 (3.2480e+00)	Acc@1  22.00 ( 22.16)	Acc@5  49.75 ( 49.35)
[EVAL] E: [74][0/4]	Loss 2.6455e+00 (2.6455e+00)	Acc@1  32.56 ( 32.56)	Acc@5  64.19 ( 64.19)
[EVAL] E: [74][3/4]	Loss 2.7782e+00 (2.6636e+00)	Acc@1  31.50 ( 33.08)	Acc@5  59.50 ( 63.58)
LR=0.1	-- best acc so far 33.08
Started EPOCH:75

[TRAIN] E: [75][ 0/32]	Loss 3.2742e+00 (3.2742e+00)	Acc@1  21.44 ( 21.44)	Acc@5  48.25 ( 48.25)
[TRAIN] E: [75][31/32]	Loss 3.1810e+00 (3.3249e+00)	Acc@1  23.50 ( 20.40)	Acc@5  50.75 ( 47.33)
[EVAL] E: [75][0/4]	Loss 2.8435e+00 (2.8435e+00)	Acc@1  28.12 ( 28.12)	Acc@5  59.81 ( 59.81)
[EVAL] E: [75][3/4]	Loss 2.8345e+00 (2.8457e+00)	Acc@1  28.50 ( 28.92)	Acc@5  60.00 ( 60.36)
LR=0.09381533400219318	-- best acc so far 33.08
Started EPOCH:76

[TRAIN] E: [76][ 0/32]	Loss 3.2534e+00 (3.2534e+00)	Acc@1  22.06 ( 22.06)	Acc@5  49.44 ( 49.44)
[TRAIN] E: [76][31/32]	Loss 3.2093e+00 (3.2919e+00)	Acc@1  20.25 ( 21.17)	Acc@5  51.50 ( 48.10)
[EVAL] E: [76][0/4]	Loss 2.8095e+00 (2.8095e+00)	Acc@1  27.25 ( 27.25)	Acc@5  59.81 ( 59.81)
[EVAL] E: [76][3/4]	Loss 2.8866e+00 (2.8038e+00)	Acc@1  28.50 ( 28.74)	Acc@5  60.00 ( 60.32)
LR=0.07679133974894983	-- best acc so far 33.08
Started EPOCH:77

[TRAIN] E: [77][ 0/32]	Loss 3.2549e+00 (3.2549e+00)	Acc@1  23.06 ( 23.06)	Acc@5  48.31 ( 48.31)
[TRAIN] E: [77][31/32]	Loss 3.1964e+00 (3.2638e+00)	Acc@1  20.75 ( 21.65)	Acc@5  49.50 ( 48.83)
[EVAL] E: [77][0/4]	Loss 2.7207e+00 (2.7207e+00)	Acc@1  30.88 ( 30.88)	Acc@5  61.88 ( 61.88)
[EVAL] E: [77][3/4]	Loss 2.8279e+00 (2.7417e+00)	Acc@1  30.00 ( 30.68)	Acc@5  60.50 ( 61.64)
LR=0.05313952597646568	-- best acc so far 33.08
Started EPOCH:78

[TRAIN] E: [78][ 0/32]	Loss 3.3063e+00 (3.3063e+00)	Acc@1  21.06 ( 21.06)	Acc@5  47.44 ( 47.44)
[TRAIN] E: [78][31/32]	Loss 3.2154e+00 (3.2112e+00)	Acc@1  24.50 ( 22.57)	Acc@5  49.75 ( 50.31)
[EVAL] E: [78][0/4]	Loss 2.6044e+00 (2.6044e+00)	Acc@1  32.69 ( 32.69)	Acc@5  64.62 ( 64.62)
[EVAL] E: [78][3/4]	Loss 2.7491e+00 (2.6279e+00)	Acc@1  29.50 ( 32.84)	Acc@5  65.50 ( 63.94)
LR=0.02871103542174637	-- best acc so far 33.08
Started EPOCH:79

[TRAIN] E: [79][ 0/32]	Loss 3.1302e+00 (3.1302e+00)	Acc@1  23.56 ( 23.56)	Acc@5  50.94 ( 50.94)
[TRAIN] E: [79][31/32]	Loss 3.1893e+00 (3.1748e+00)	Acc@1  22.50 ( 23.50)	Acc@5  50.25 ( 51.01)
[EVAL] E: [79][0/4]	Loss 2.5777e+00 (2.5777e+00)	Acc@1  33.75 ( 33.75)	Acc@5  65.69 ( 65.69)
[EVAL] E: [79][3/4]	Loss 2.7251e+00 (2.5966e+00)	Acc@1  33.00 ( 33.96)	Acc@5  64.50 ( 65.14)
LR=0.009549150281252633	-- best acc so far 33.96
Started EPOCH:80

[TRAIN] E: [80][ 0/32]	Loss 3.2019e+00 (3.2019e+00)	Acc@1  22.81 ( 22.81)	Acc@5  49.50 ( 49.50)
[TRAIN] E: [80][31/32]	Loss 3.0941e+00 (3.1571e+00)	Acc@1  22.75 ( 23.67)	Acc@5  52.50 ( 51.52)
[EVAL] E: [80][0/4]	Loss 2.5424e+00 (2.5424e+00)	Acc@1  33.88 ( 33.88)	Acc@5  65.50 ( 65.50)
[EVAL] E: [80][3/4]	Loss 2.6782e+00 (2.5698e+00)	Acc@1  32.50 ( 34.04)	Acc@5  63.00 ( 65.04)
LR=0.0003942649342761118	-- best acc so far 34.04
Started EPOCH:81

[TRAIN] E: [81][ 0/32]	Loss 3.1522e+00 (3.1522e+00)	Acc@1  24.00 ( 24.00)	Acc@5  50.56 ( 50.56)
[TRAIN] E: [81][31/32]	Loss 3.3753e+00 (3.6046e+00)	Acc@1  19.75 ( 16.32)	Acc@5  44.50 ( 40.20)
[EVAL] E: [81][0/4]	Loss 3.2266e+00 (3.2266e+00)	Acc@1  19.38 ( 19.38)	Acc@5  48.62 ( 48.62)
[EVAL] E: [81][3/4]	Loss 3.2594e+00 (3.2242e+00)	Acc@1  20.00 ( 20.94)	Acc@5  48.00 ( 49.80)
LR=0.09648882429441258	-- best acc so far 34.04
Started EPOCH:82

[TRAIN] E: [82][ 0/32]	Loss 3.5144e+00 (3.5144e+00)	Acc@1  17.12 ( 17.12)	Acc@5  41.75 ( 41.75)
[TRAIN] E: [82][31/32]	Loss 3.3473e+00 (3.4148e+00)	Acc@1  20.25 ( 19.28)	Acc@5  48.75 ( 44.85)
[EVAL] E: [82][0/4]	Loss 2.9801e+00 (2.9801e+00)	Acc@1  26.25 ( 26.25)	Acc@5  56.31 ( 56.31)
[EVAL] E: [82][3/4]	Loss 3.1345e+00 (3.0010e+00)	Acc@1  29.50 ( 26.92)	Acc@5  53.00 ( 55.88)
LR=0.08187119948743449	-- best acc so far 34.04
Started EPOCH:83

[TRAIN] E: [83][ 0/32]	Loss 3.3513e+00 (3.3513e+00)	Acc@1  20.75 ( 20.75)	Acc@5  46.44 ( 46.44)
[TRAIN] E: [83][31/32]	Loss 3.1963e+00 (3.2855e+00)	Acc@1  20.50 ( 21.54)	Acc@5  48.50 ( 48.14)
[EVAL] E: [83][0/4]	Loss 2.7288e+00 (2.7288e+00)	Acc@1  30.50 ( 30.50)	Acc@5  62.44 ( 62.44)
[EVAL] E: [83][3/4]	Loss 2.8343e+00 (2.7381e+00)	Acc@1  29.00 ( 30.74)	Acc@5  62.50 ( 61.92)
LR=0.05936906572928624	-- best acc so far 34.04
Started EPOCH:84

[TRAIN] E: [84][ 0/32]	Loss 3.2203e+00 (3.2203e+00)	Acc@1  22.38 ( 22.38)	Acc@5  50.62 ( 50.62)
[TRAIN] E: [84][31/32]	Loss 3.3671e+00 (3.2321e+00)	Acc@1  21.25 ( 22.24)	Acc@5  47.25 ( 49.71)
[EVAL] E: [84][0/4]	Loss 2.7426e+00 (2.7426e+00)	Acc@1  30.38 ( 30.38)	Acc@5  61.75 ( 61.75)
[EVAL] E: [84][3/4]	Loss 2.7869e+00 (2.7286e+00)	Acc@1  30.50 ( 30.88)	Acc@5  63.50 ( 61.88)
LR=0.03454915028125265	-- best acc so far 34.04
Started EPOCH:85

[TRAIN] E: [85][ 0/32]	Loss 3.1667e+00 (3.1667e+00)	Acc@1  24.56 ( 24.56)	Acc@5  50.31 ( 50.31)
[TRAIN] E: [85][31/32]	Loss 3.2526e+00 (3.1780e+00)	Acc@1  22.00 ( 23.30)	Acc@5  48.75 ( 50.98)
[EVAL] E: [85][0/4]	Loss 2.5953e+00 (2.5953e+00)	Acc@1  32.56 ( 32.56)	Acc@5  65.38 ( 65.38)
[EVAL] E: [85][3/4]	Loss 2.7141e+00 (2.5893e+00)	Acc@1  32.00 ( 33.72)	Acc@5  61.00 ( 65.20)
LR=0.013551568628929435	-- best acc so far 34.04
Started EPOCH:86

[TRAIN] E: [86][ 0/32]	Loss 3.1466e+00 (3.1466e+00)	Acc@1  24.81 ( 24.81)	Acc@5  53.44 ( 53.44)
[TRAIN] E: [86][31/32]	Loss 3.0575e+00 (3.1603e+00)	Acc@1  26.25 ( 23.60)	Acc@5  54.50 ( 51.56)
[EVAL] E: [86][0/4]	Loss 2.5675e+00 (2.5675e+00)	Acc@1  33.88 ( 33.88)	Acc@5  66.38 ( 66.38)
[EVAL] E: [86][3/4]	Loss 2.6776e+00 (2.5646e+00)	Acc@1  33.00 ( 33.96)	Acc@5  64.00 ( 65.98)
LR=0.0015708419435684518	-- best acc so far 34.04
Started EPOCH:87

[TRAIN] E: [87][ 0/32]	Loss 3.1304e+00 (3.1304e+00)	Acc@1  24.44 ( 24.44)	Acc@5  52.31 ( 52.31)
[TRAIN] E: [87][31/32]	Loss 3.3715e+00 (3.3104e+00)	Acc@1  19.75 ( 21.01)	Acc@5  46.00 ( 47.28)
[EVAL] E: [87][0/4]	Loss 3.1512e+00 (3.1512e+00)	Acc@1  23.50 ( 23.50)	Acc@5  52.94 ( 52.94)
[EVAL] E: [87][3/4]	Loss 3.1650e+00 (3.1366e+00)	Acc@1  24.00 ( 24.12)	Acc@5  54.50 ( 53.58)
LR=0.09842915805643156	-- best acc so far 34.04
Started EPOCH:88

[TRAIN] E: [88][ 0/32]	Loss 3.4360e+00 (3.4360e+00)	Acc@1  18.56 ( 18.56)	Acc@5  44.25 ( 44.25)
[TRAIN] E: [88][31/32]	Loss 3.2281e+00 (3.3172e+00)	Acc@1  23.00 ( 20.67)	Acc@5  48.25 ( 47.29)
[EVAL] E: [88][0/4]	Loss 2.7914e+00 (2.7914e+00)	Acc@1  29.12 ( 29.12)	Acc@5  61.00 ( 61.00)
[EVAL] E: [88][3/4]	Loss 2.8159e+00 (2.7833e+00)	Acc@1  29.00 ( 29.44)	Acc@5  60.50 ( 61.16)
LR=0.08644843137107058	-- best acc so far 34.04
Started EPOCH:89

[TRAIN] E: [89][ 0/32]	Loss 3.2786e+00 (3.2786e+00)	Acc@1  21.44 ( 21.44)	Acc@5  49.94 ( 49.94)
[TRAIN] E: [89][31/32]	Loss 3.1385e+00 (3.2230e+00)	Acc@1  25.00 ( 22.24)	Acc@5  51.25 ( 49.55)
[EVAL] E: [89][0/4]	Loss 2.6418e+00 (2.6418e+00)	Acc@1  32.62 ( 32.62)	Acc@5  63.12 ( 63.12)
[EVAL] E: [89][3/4]	Loss 2.7235e+00 (2.6643e+00)	Acc@1  34.00 ( 32.64)	Acc@5  64.50 ( 63.24)
LR=0.06545084971874737	-- best acc so far 34.04
Started EPOCH:90

[TRAIN] E: [90][ 0/32]	Loss 3.1993e+00 (3.1993e+00)	Acc@1  22.88 ( 22.88)	Acc@5  50.50 ( 50.50)
[TRAIN] E: [90][31/32]	Loss 3.0570e+00 (3.1606e+00)	Acc@1  24.25 ( 23.41)	Acc@5  57.25 ( 51.48)
[EVAL] E: [90][0/4]	Loss 2.7180e+00 (2.7180e+00)	Acc@1  30.81 ( 30.81)	Acc@5  62.19 ( 62.19)
[EVAL] E: [90][3/4]	Loss 2.7626e+00 (2.7014e+00)	Acc@1  32.50 ( 31.92)	Acc@5  63.00 ( 62.44)
LR=0.04063093427071377	-- best acc so far 34.04
Started EPOCH:91

[TRAIN] E: [91][ 0/32]	Loss 3.0764e+00 (3.0764e+00)	Acc@1  26.12 ( 26.12)	Acc@5  54.88 ( 54.88)
[TRAIN] E: [91][31/32]	Loss 3.1126e+00 (3.1210e+00)	Acc@1  23.00 ( 24.23)	Acc@5  51.75 ( 52.49)
[EVAL] E: [91][0/4]	Loss 2.5022e+00 (2.5022e+00)	Acc@1  35.12 ( 35.12)	Acc@5  66.44 ( 66.44)
[EVAL] E: [91][3/4]	Loss 2.5526e+00 (2.5050e+00)	Acc@1  37.00 ( 35.56)	Acc@5  66.00 ( 66.94)
LR=0.018128800512565515	-- best acc so far 35.56
Started EPOCH:92

[TRAIN] E: [92][ 0/32]	Loss 3.1219e+00 (3.1219e+00)	Acc@1  24.38 ( 24.38)	Acc@5  52.06 ( 52.06)
[TRAIN] E: [92][31/32]	Loss 3.1249e+00 (3.0910e+00)	Acc@1  23.25 ( 24.73)	Acc@5  49.25 ( 53.02)
[EVAL] E: [92][0/4]	Loss 2.4994e+00 (2.4994e+00)	Acc@1  34.75 ( 34.75)	Acc@5  67.00 ( 67.00)
[EVAL] E: [92][3/4]	Loss 2.5540e+00 (2.4972e+00)	Acc@1  37.00 ( 35.82)	Acc@5  64.50 ( 67.36)
LR=0.0035111757055874327	-- best acc so far 35.82
Started EPOCH:93

[TRAIN] E: [93][ 0/32]	Loss 3.1093e+00 (3.1093e+00)	Acc@1  25.06 ( 25.06)	Acc@5  52.31 ( 52.31)
[TRAIN] E: [93][31/32]	Loss 3.2019e+00 (3.1307e+00)	Acc@1  20.50 ( 24.15)	Acc@5  51.50 ( 51.93)
[EVAL] E: [93][0/4]	Loss 2.8651e+00 (2.8651e+00)	Acc@1  28.31 ( 28.31)	Acc@5  58.62 ( 58.62)
[EVAL] E: [93][3/4]	Loss 2.8484e+00 (2.8853e+00)	Acc@1  27.00 ( 28.28)	Acc@5  58.50 ( 59.14)
LR=0.0996057350657239	-- best acc so far 35.82
Started EPOCH:94

[TRAIN] E: [94][ 0/32]	Loss 3.1685e+00 (3.1685e+00)	Acc@1  23.06 ( 23.06)	Acc@5  51.12 ( 51.12)
[TRAIN] E: [94][31/32]	Loss 3.1039e+00 (3.2016e+00)	Acc@1  25.25 ( 22.53)	Acc@5  51.50 ( 50.29)
[EVAL] E: [94][0/4]	Loss 2.7673e+00 (2.7673e+00)	Acc@1  30.25 ( 30.25)	Acc@5  61.31 ( 61.31)
[EVAL] E: [94][3/4]	Loss 2.7681e+00 (2.7616e+00)	Acc@1  31.00 ( 30.88)	Acc@5  60.50 ( 61.38)
LR=0.09045084971874738	-- best acc so far 35.82
Started EPOCH:95

[TRAIN] E: [95][ 0/32]	Loss 3.1012e+00 (3.1012e+00)	Acc@1  23.69 ( 23.69)	Acc@5  51.88 ( 51.88)
[TRAIN] E: [95][31/32]	Loss 3.1855e+00 (3.1326e+00)	Acc@1  23.75 ( 24.15)	Acc@5  49.00 ( 51.91)
[EVAL] E: [95][0/4]	Loss 2.5910e+00 (2.5910e+00)	Acc@1  32.56 ( 32.56)	Acc@5  65.00 ( 65.00)
[EVAL] E: [95][3/4]	Loss 2.6895e+00 (2.5856e+00)	Acc@1  30.00 ( 33.68)	Acc@5  65.50 ( 64.70)
LR=0.07128896457825364	-- best acc so far 35.82
Started EPOCH:96

[TRAIN] E: [96][ 0/32]	Loss 3.1662e+00 (3.1662e+00)	Acc@1  24.00 ( 24.00)	Acc@5  50.44 ( 50.44)
[TRAIN] E: [96][31/32]	Loss 3.1143e+00 (3.0976e+00)	Acc@1  24.75 ( 24.80)	Acc@5  51.50 ( 53.10)
[EVAL] E: [96][0/4]	Loss 2.5945e+00 (2.5945e+00)	Acc@1  33.81 ( 33.81)	Acc@5  64.88 ( 64.88)
[EVAL] E: [96][3/4]	Loss 2.7438e+00 (2.5935e+00)	Acc@1  32.00 ( 33.76)	Acc@5  61.50 ( 64.62)
LR=0.04686047402353433	-- best acc so far 35.82
Started EPOCH:97

[TRAIN] E: [97][ 0/32]	Loss 3.1206e+00 (3.1206e+00)	Acc@1  24.62 ( 24.62)	Acc@5  51.75 ( 51.75)
[TRAIN] E: [97][31/32]	Loss 3.0171e+00 (3.0617e+00)	Acc@1  28.25 ( 25.31)	Acc@5  54.00 ( 53.65)
[EVAL] E: [97][0/4]	Loss 2.5301e+00 (2.5301e+00)	Acc@1  34.31 ( 34.31)	Acc@5  65.88 ( 65.88)
[EVAL] E: [97][3/4]	Loss 2.5833e+00 (2.5132e+00)	Acc@1  35.00 ( 35.76)	Acc@5  67.00 ( 66.44)
LR=0.02320866025105016	-- best acc so far 35.82
Started EPOCH:98

[TRAIN] E: [98][ 0/32]	Loss 3.0447e+00 (3.0447e+00)	Acc@1  25.00 ( 25.00)	Acc@5  54.44 ( 54.44)
[TRAIN] E: [98][31/32]	Loss 3.0259e+00 (3.0242e+00)	Acc@1  23.50 ( 25.99)	Acc@5  55.25 ( 54.89)
[EVAL] E: [98][0/4]	Loss 2.4262e+00 (2.4262e+00)	Acc@1  36.31 ( 36.31)	Acc@5  68.25 ( 68.25)
[EVAL] E: [98][3/4]	Loss 2.5012e+00 (2.4233e+00)	Acc@1  36.50 ( 36.98)	Acc@5  67.00 ( 68.70)
LR=0.006184665997806821	-- best acc so far 36.98
Started EPOCH:99

[TRAIN] E: [99][ 0/32]	Loss 2.9826e+00 (2.9826e+00)	Acc@1  26.44 ( 26.44)	Acc@5  56.25 ( 56.25)
[TRAIN] E: [99][31/32]	Loss 3.0593e+00 (3.0142e+00)	Acc@1  26.75 ( 26.25)	Acc@5  53.00 ( 54.96)
[EVAL] E: [99][0/4]	Loss 2.4183e+00 (2.4183e+00)	Acc@1  37.25 ( 37.25)	Acc@5  68.38 ( 68.38)
[EVAL] E: [99][3/4]	Loss 2.5109e+00 (2.4148e+00)	Acc@1  36.50 ( 37.24)	Acc@5  66.00 ( 68.82)
LR=0.1	-- best acc so far 37.24
Started EPOCH:100

[TRAIN] E: [100][ 0/32]	Loss 2.9908e+00 (2.9908e+00)	Acc@1  26.75 ( 26.75)	Acc@5  54.00 ( 54.00)
[TRAIN] E: [100][31/32]	Loss 3.0968e+00 (3.0942e+00)	Acc@1  23.00 ( 24.38)	Acc@5  53.00 ( 52.66)
[EVAL] E: [100][0/4]	Loss 2.5638e+00 (2.5638e+00)	Acc@1  34.44 ( 34.44)	Acc@5  64.31 ( 64.31)
[EVAL] E: [100][3/4]	Loss 2.6254e+00 (2.5576e+00)	Acc@1  31.00 ( 34.50)	Acc@5  64.00 ( 65.78)
LR=0.09381533400219318	-- best acc so far 37.24
Started EPOCH:101

[TRAIN] E: [101][ 0/32]	Loss 3.0769e+00 (3.0769e+00)	Acc@1  25.50 ( 25.50)	Acc@5  52.56 ( 52.56)
[TRAIN] E: [101][31/32]	Loss 2.9940e+00 (3.0704e+00)	Acc@1  27.00 ( 25.04)	Acc@5  53.25 ( 53.14)
[EVAL] E: [101][0/4]	Loss 2.6518e+00 (2.6518e+00)	Acc@1  31.25 ( 31.25)	Acc@5  64.00 ( 64.00)
[EVAL] E: [101][3/4]	Loss 2.7066e+00 (2.6256e+00)	Acc@1  32.00 ( 32.98)	Acc@5  65.00 ( 64.30)
LR=0.07679133974894983	-- best acc so far 37.24
Started EPOCH:102

[TRAIN] E: [102][ 0/32]	Loss 3.1254e+00 (3.1254e+00)	Acc@1  24.31 ( 24.31)	Acc@5  53.12 ( 53.12)
[TRAIN] E: [102][31/32]	Loss 2.9581e+00 (3.0373e+00)	Acc@1  27.50 ( 25.56)	Acc@5  56.00 ( 54.56)
[EVAL] E: [102][0/4]	Loss 2.5766e+00 (2.5766e+00)	Acc@1  34.12 ( 34.12)	Acc@5  65.75 ( 65.75)
[EVAL] E: [102][3/4]	Loss 2.7136e+00 (2.5950e+00)	Acc@1  33.50 ( 34.08)	Acc@5  62.50 ( 65.86)
LR=0.05313952597646568	-- best acc so far 37.24
Started EPOCH:103

[TRAIN] E: [103][ 0/32]	Loss 3.0110e+00 (3.0110e+00)	Acc@1  25.38 ( 25.38)	Acc@5  55.88 ( 55.88)
[TRAIN] E: [103][31/32]	Loss 2.9513e+00 (2.9953e+00)	Acc@1  27.50 ( 26.65)	Acc@5  54.25 ( 55.18)
[EVAL] E: [103][0/4]	Loss 2.4453e+00 (2.4453e+00)	Acc@1  35.81 ( 35.81)	Acc@5  68.00 ( 68.00)
[EVAL] E: [103][3/4]	Loss 2.4708e+00 (2.4324e+00)	Acc@1  35.50 ( 36.34)	Acc@5  66.00 ( 68.26)
LR=0.02871103542174637	-- best acc so far 37.24
Started EPOCH:104

[TRAIN] E: [104][ 0/32]	Loss 2.9669e+00 (2.9669e+00)	Acc@1  27.31 ( 27.31)	Acc@5  56.62 ( 56.62)
[TRAIN] E: [104][31/32]	Loss 2.9661e+00 (2.9655e+00)	Acc@1  27.00 ( 26.96)	Acc@5  53.75 ( 56.16)
[EVAL] E: [104][0/4]	Loss 2.3633e+00 (2.3633e+00)	Acc@1  37.50 ( 37.50)	Acc@5  68.81 ( 68.81)
[EVAL] E: [104][3/4]	Loss 2.4486e+00 (2.3596e+00)	Acc@1  36.00 ( 38.32)	Acc@5  69.00 ( 69.88)
LR=0.009549150281252633	-- best acc so far 38.32
Started EPOCH:105

[TRAIN] E: [105][ 0/32]	Loss 2.9111e+00 (2.9111e+00)	Acc@1  28.31 ( 28.31)	Acc@5  57.44 ( 57.44)
[TRAIN] E: [105][31/32]	Loss 2.9373e+00 (2.9494e+00)	Acc@1  27.50 ( 27.69)	Acc@5  56.50 ( 56.48)
[EVAL] E: [105][0/4]	Loss 2.3518e+00 (2.3518e+00)	Acc@1  37.44 ( 37.44)	Acc@5  69.50 ( 69.50)
[EVAL] E: [105][3/4]	Loss 2.4282e+00 (2.3487e+00)	Acc@1  36.50 ( 38.02)	Acc@5  69.00 ( 70.34)
LR=0.0003942649342761118	-- best acc so far 38.32
Started EPOCH:106

[TRAIN] E: [106][ 0/32]	Loss 2.9889e+00 (2.9889e+00)	Acc@1  26.25 ( 26.25)	Acc@5  56.25 ( 56.25)
[TRAIN] E: [106][31/32]	Loss 3.1705e+00 (3.2809e+00)	Acc@1  23.00 ( 21.47)	Acc@5  49.50 ( 48.30)
[EVAL] E: [106][0/4]	Loss 3.0130e+00 (3.0130e+00)	Acc@1  26.06 ( 26.06)	Acc@5  55.50 ( 55.50)
[EVAL] E: [106][3/4]	Loss 3.0146e+00 (2.9586e+00)	Acc@1  25.00 ( 27.10)	Acc@5  56.00 ( 56.74)
LR=0.09648882429441258	-- best acc so far 38.32
Started EPOCH:107

[TRAIN] E: [107][ 0/32]	Loss 3.1434e+00 (3.1434e+00)	Acc@1  23.19 ( 23.19)	Acc@5  51.31 ( 51.31)
[TRAIN] E: [107][31/32]	Loss 2.9946e+00 (3.1218e+00)	Acc@1  26.50 ( 24.16)	Acc@5  53.75 ( 52.17)
[EVAL] E: [107][0/4]	Loss 2.6763e+00 (2.6763e+00)	Acc@1  31.69 ( 31.69)	Acc@5  63.56 ( 63.56)
[EVAL] E: [107][3/4]	Loss 2.7670e+00 (2.6783e+00)	Acc@1  30.50 ( 32.34)	Acc@5  60.50 ( 63.76)
LR=0.08187119948743449	-- best acc so far 38.32
Started EPOCH:108

[TRAIN] E: [108][ 0/32]	Loss 3.0165e+00 (3.0165e+00)	Acc@1  25.38 ( 25.38)	Acc@5  54.38 ( 54.38)
[TRAIN] E: [108][31/32]	Loss 3.1383e+00 (3.0284e+00)	Acc@1  27.25 ( 26.05)	Acc@5  53.25 ( 54.66)
[EVAL] E: [108][0/4]	Loss 2.5056e+00 (2.5056e+00)	Acc@1  34.88 ( 34.88)	Acc@5  66.12 ( 66.12)
[EVAL] E: [108][3/4]	Loss 2.5079e+00 (2.4884e+00)	Acc@1  35.50 ( 35.82)	Acc@5  67.00 ( 67.30)
LR=0.05936906572928624	-- best acc so far 38.32
Started EPOCH:109

[TRAIN] E: [109][ 0/32]	Loss 2.9926e+00 (2.9926e+00)	Acc@1  26.75 ( 26.75)	Acc@5  55.44 ( 55.44)
[TRAIN] E: [109][31/32]	Loss 3.1079e+00 (2.9799e+00)	Acc@1  24.00 ( 26.61)	Acc@5  52.50 ( 55.83)
[EVAL] E: [109][0/4]	Loss 2.4660e+00 (2.4660e+00)	Acc@1  36.25 ( 36.25)	Acc@5  66.75 ( 66.75)
[EVAL] E: [109][3/4]	Loss 2.5396e+00 (2.4670e+00)	Acc@1  37.50 ( 36.56)	Acc@5  67.50 ( 67.76)
LR=0.03454915028125265	-- best acc so far 38.32
Started EPOCH:110

[TRAIN] E: [110][ 0/32]	Loss 2.9626e+00 (2.9626e+00)	Acc@1  27.88 ( 27.88)	Acc@5  55.94 ( 55.94)
[TRAIN] E: [110][31/32]	Loss 2.8669e+00 (2.9446e+00)	Acc@1  27.50 ( 27.46)	Acc@5  57.50 ( 56.45)
[EVAL] E: [110][0/4]	Loss 2.3579e+00 (2.3579e+00)	Acc@1  37.38 ( 37.38)	Acc@5  69.94 ( 69.94)
[EVAL] E: [110][3/4]	Loss 2.4190e+00 (2.3491e+00)	Acc@1  38.00 ( 37.82)	Acc@5  69.00 ( 70.74)
LR=0.013551568628929435	-- best acc so far 38.32
Started EPOCH:111

[TRAIN] E: [111][ 0/32]	Loss 2.9183e+00 (2.9183e+00)	Acc@1  28.00 ( 28.00)	Acc@5  57.88 ( 57.88)
[TRAIN] E: [111][31/32]	Loss 3.0533e+00 (2.9256e+00)	Acc@1  23.75 ( 27.78)	Acc@5  52.75 ( 57.02)
[EVAL] E: [111][0/4]	Loss 2.3278e+00 (2.3278e+00)	Acc@1  37.88 ( 37.88)	Acc@5  70.38 ( 70.38)
[EVAL] E: [111][3/4]	Loss 2.4180e+00 (2.3212e+00)	Acc@1  37.00 ( 38.82)	Acc@5  66.00 ( 71.14)
LR=0.0015708419435684518	-- best acc so far 38.82
Started EPOCH:112

[TRAIN] E: [112][ 0/32]	Loss 2.9560e+00 (2.9560e+00)	Acc@1  24.69 ( 24.69)	Acc@5  57.19 ( 57.19)
[TRAIN] E: [112][31/32]	Loss 3.1281e+00 (3.0819e+00)	Acc@1  22.00 ( 25.04)	Acc@5  52.25 ( 53.58)
[EVAL] E: [112][0/4]	Loss 2.8961e+00 (2.8961e+00)	Acc@1  26.25 ( 26.25)	Acc@5  59.56 ( 59.56)
[EVAL] E: [112][3/4]	Loss 2.8548e+00 (2.9101e+00)	Acc@1  28.00 ( 27.38)	Acc@5  58.00 ( 59.30)
LR=0.09842915805643156	-- best acc so far 38.82
Started EPOCH:113

[TRAIN] E: [113][ 0/32]	Loss 3.1319e+00 (3.1319e+00)	Acc@1  23.69 ( 23.69)	Acc@5  52.06 ( 52.06)
[TRAIN] E: [113][31/32]	Loss 2.9905e+00 (3.0625e+00)	Acc@1  27.00 ( 25.26)	Acc@5  57.00 ( 53.77)
[EVAL] E: [113][0/4]	Loss 2.8285e+00 (2.8285e+00)	Acc@1  30.69 ( 30.69)	Acc@5  58.75 ( 58.75)
[EVAL] E: [113][3/4]	Loss 2.9125e+00 (2.8021e+00)	Acc@1  28.50 ( 30.50)	Acc@5  59.50 ( 60.54)
LR=0.08644843137107058	-- best acc so far 38.82
Started EPOCH:114

[TRAIN] E: [114][ 0/32]	Loss 2.9505e+00 (2.9505e+00)	Acc@1  27.38 ( 27.38)	Acc@5  56.69 ( 56.69)
[TRAIN] E: [114][31/32]	Loss 3.0599e+00 (2.9725e+00)	Acc@1  26.50 ( 26.77)	Acc@5  54.25 ( 55.93)
[EVAL] E: [114][0/4]	Loss 2.5047e+00 (2.5047e+00)	Acc@1  35.19 ( 35.19)	Acc@5  66.62 ( 66.62)
[EVAL] E: [114][3/4]	Loss 2.5446e+00 (2.4768e+00)	Acc@1  34.00 ( 35.92)	Acc@5  66.50 ( 67.56)
LR=0.06545084971874737	-- best acc so far 38.82
Started EPOCH:115

[TRAIN] E: [115][ 0/32]	Loss 2.8695e+00 (2.8695e+00)	Acc@1  28.38 ( 28.38)	Acc@5  58.81 ( 58.81)
[TRAIN] E: [115][31/32]	Loss 2.8487e+00 (2.9387e+00)	Acc@1  31.00 ( 27.52)	Acc@5  59.25 ( 56.65)
[EVAL] E: [115][0/4]	Loss 2.3453e+00 (2.3453e+00)	Acc@1  36.62 ( 36.62)	Acc@5  70.31 ( 70.31)
[EVAL] E: [115][3/4]	Loss 2.3926e+00 (2.3426e+00)	Acc@1  39.00 ( 37.98)	Acc@5  69.50 ( 70.74)
LR=0.04063093427071377	-- best acc so far 38.82
Started EPOCH:116

[TRAIN] E: [116][ 0/32]	Loss 2.9692e+00 (2.9692e+00)	Acc@1  27.19 ( 27.19)	Acc@5  55.44 ( 55.44)
[TRAIN] E: [116][31/32]	Loss 2.7910e+00 (2.9028e+00)	Acc@1  34.00 ( 28.30)	Acc@5  61.00 ( 57.65)
[EVAL] E: [116][0/4]	Loss 2.3195e+00 (2.3195e+00)	Acc@1  36.81 ( 36.81)	Acc@5  70.44 ( 70.44)
[EVAL] E: [116][3/4]	Loss 2.4021e+00 (2.3089e+00)	Acc@1  37.00 ( 38.20)	Acc@5  67.00 ( 70.76)
LR=0.018128800512565515	-- best acc so far 38.82
Started EPOCH:117

[TRAIN] E: [117][ 0/32]	Loss 2.7713e+00 (2.7713e+00)	Acc@1  31.44 ( 31.44)	Acc@5  61.19 ( 61.19)
[TRAIN] E: [117][31/32]	Loss 2.9065e+00 (2.8794e+00)	Acc@1  28.00 ( 28.66)	Acc@5  56.25 ( 58.04)
[EVAL] E: [117][0/4]	Loss 2.2591e+00 (2.2591e+00)	Acc@1  40.31 ( 40.31)	Acc@5  71.69 ( 71.69)
[EVAL] E: [117][3/4]	Loss 2.3435e+00 (2.2538e+00)	Acc@1  39.00 ( 40.26)	Acc@5  71.00 ( 72.60)
LR=0.0035111757055874327	-- best acc so far 40.26
Started EPOCH:118

[TRAIN] E: [118][ 0/32]	Loss 2.9151e+00 (2.9151e+00)	Acc@1  26.44 ( 26.44)	Acc@5  57.50 ( 57.50)
[TRAIN] E: [118][31/32]	Loss 3.2446e+00 (2.9728e+00)	Acc@1  19.75 ( 26.80)	Acc@5  47.75 ( 55.98)
[EVAL] E: [118][0/4]	Loss 4.0238e+00 (4.0238e+00)	Acc@1  17.88 ( 17.88)	Acc@5  46.12 ( 46.12)
[EVAL] E: [118][3/4]	Loss 4.0470e+00 (4.0351e+00)	Acc@1  19.50 ( 18.24)	Acc@5  45.00 ( 45.54)
LR=0.0996057350657239	-- best acc so far 40.26
Started EPOCH:119

[TRAIN] E: [119][ 0/32]	Loss 3.2192e+00 (3.2192e+00)	Acc@1  22.44 ( 22.44)	Acc@5  48.69 ( 48.69)
[TRAIN] E: [119][31/32]	Loss 3.0328e+00 (3.0841e+00)	Acc@1  26.50 ( 24.87)	Acc@5  56.75 ( 52.95)
[EVAL] E: [119][0/4]	Loss 2.5372e+00 (2.5372e+00)	Acc@1  34.12 ( 34.12)	Acc@5  65.94 ( 65.94)
[EVAL] E: [119][3/4]	Loss 2.6395e+00 (2.5452e+00)	Acc@1  35.50 ( 34.72)	Acc@5  67.00 ( 65.76)
LR=0.09045084971874738	-- best acc so far 40.26
Started EPOCH:120

[TRAIN] E: [120][ 0/32]	Loss 2.9950e+00 (2.9950e+00)	Acc@1  26.12 ( 26.12)	Acc@5  55.62 ( 55.62)
[TRAIN] E: [120][31/32]	Loss 2.8916e+00 (2.9692e+00)	Acc@1  28.25 ( 26.84)	Acc@5  60.50 ( 56.18)
[EVAL] E: [120][0/4]	Loss 2.4386e+00 (2.4386e+00)	Acc@1  36.44 ( 36.44)	Acc@5  67.69 ( 67.69)
[EVAL] E: [120][3/4]	Loss 2.4952e+00 (2.4339e+00)	Acc@1  35.50 ( 37.30)	Acc@5  68.50 ( 68.24)
LR=0.07128896457825364	-- best acc so far 40.26
Started EPOCH:121

[TRAIN] E: [121][ 0/32]	Loss 2.8813e+00 (2.8813e+00)	Acc@1  28.31 ( 28.31)	Acc@5  58.56 ( 58.56)
[TRAIN] E: [121][31/32]	Loss 2.9579e+00 (2.9180e+00)	Acc@1  28.25 ( 27.80)	Acc@5  56.50 ( 57.34)
[EVAL] E: [121][0/4]	Loss 2.3659e+00 (2.3659e+00)	Acc@1  37.75 ( 37.75)	Acc@5  68.62 ( 68.62)
[EVAL] E: [121][3/4]	Loss 2.4144e+00 (2.3594e+00)	Acc@1  40.50 ( 38.16)	Acc@5  68.50 ( 69.56)
LR=0.04686047402353433	-- best acc so far 40.26
Started EPOCH:122

[TRAIN] E: [122][ 0/32]	Loss 2.9405e+00 (2.9405e+00)	Acc@1  29.00 ( 29.00)	Acc@5  56.38 ( 56.38)
[TRAIN] E: [122][31/32]	Loss 2.9692e+00 (2.8781e+00)	Acc@1  27.50 ( 29.03)	Acc@5  58.50 ( 58.41)
[EVAL] E: [122][0/4]	Loss 2.3713e+00 (2.3713e+00)	Acc@1  38.00 ( 38.00)	Acc@5  69.44 ( 69.44)
[EVAL] E: [122][3/4]	Loss 2.3779e+00 (2.3552e+00)	Acc@1  35.50 ( 38.10)	Acc@5  68.50 ( 69.92)
LR=0.02320866025105016	-- best acc so far 40.26
Started EPOCH:123

[TRAIN] E: [123][ 0/32]	Loss 2.8641e+00 (2.8641e+00)	Acc@1  28.75 ( 28.75)	Acc@5  58.75 ( 58.75)
[TRAIN] E: [123][31/32]	Loss 2.7930e+00 (2.8501e+00)	Acc@1  31.00 ( 29.20)	Acc@5  59.25 ( 58.94)
[EVAL] E: [123][0/4]	Loss 2.2372e+00 (2.2372e+00)	Acc@1  39.62 ( 39.62)	Acc@5  72.44 ( 72.44)
[EVAL] E: [123][3/4]	Loss 2.3197e+00 (2.2353e+00)	Acc@1  39.00 ( 40.82)	Acc@5  71.50 ( 72.86)
LR=0.006184665997806821	-- best acc so far 40.82
Started EPOCH:124

[TRAIN] E: [124][ 0/32]	Loss 2.7916e+00 (2.7916e+00)	Acc@1  29.88 ( 29.88)	Acc@5  60.19 ( 60.19)
[TRAIN] E: [124][31/32]	Loss 2.7781e+00 (2.8244e+00)	Acc@1  33.50 ( 29.86)	Acc@5  59.75 ( 59.42)
[EVAL] E: [124][0/4]	Loss 2.2196e+00 (2.2196e+00)	Acc@1  40.00 ( 40.00)	Acc@5  72.75 ( 72.75)
[EVAL] E: [124][3/4]	Loss 2.3027e+00 (2.2189e+00)	Acc@1  39.50 ( 40.58)	Acc@5  73.50 ( 73.36)
LR=0.1	-- best acc so far 40.82
Started EPOCH:125

[TRAIN] E: [125][ 0/32]	Loss 2.8568e+00 (2.8568e+00)	Acc@1  29.25 ( 29.25)	Acc@5  57.00 ( 57.00)
[TRAIN] E: [125][31/32]	Loss 2.9359e+00 (2.9071e+00)	Acc@1  24.50 ( 27.93)	Acc@5  55.75 ( 57.45)
[EVAL] E: [125][0/4]	Loss 2.5586e+00 (2.5586e+00)	Acc@1  33.62 ( 33.62)	Acc@5  66.12 ( 66.12)
[EVAL] E: [125][3/4]	Loss 2.5900e+00 (2.5463e+00)	Acc@1  32.00 ( 34.46)	Acc@5  66.50 ( 66.64)
LR=0.09381533400219318	-- best acc so far 40.82
Started EPOCH:126

[TRAIN] E: [126][ 0/32]	Loss 2.9329e+00 (2.9329e+00)	Acc@1  27.38 ( 27.38)	Acc@5  57.44 ( 57.44)
[TRAIN] E: [126][31/32]	Loss 2.7773e+00 (2.9175e+00)	Acc@1  30.50 ( 28.05)	Acc@5  59.50 ( 57.20)
[EVAL] E: [126][0/4]	Loss 2.4032e+00 (2.4032e+00)	Acc@1  36.69 ( 36.69)	Acc@5  68.50 ( 68.50)
[EVAL] E: [126][3/4]	Loss 2.3754e+00 (2.3751e+00)	Acc@1  41.00 ( 37.00)	Acc@5  67.50 ( 69.88)
LR=0.07679133974894983	-- best acc so far 40.82
Started EPOCH:127

[TRAIN] E: [127][ 0/32]	Loss 2.8920e+00 (2.8920e+00)	Acc@1  29.38 ( 29.38)	Acc@5  57.44 ( 57.44)
[TRAIN] E: [127][31/32]	Loss 2.9294e+00 (2.8679e+00)	Acc@1  30.00 ( 29.11)	Acc@5  54.50 ( 58.37)
[EVAL] E: [127][0/4]	Loss 2.4177e+00 (2.4177e+00)	Acc@1  37.75 ( 37.75)	Acc@5  68.94 ( 68.94)
[EVAL] E: [127][3/4]	Loss 2.5162e+00 (2.4213e+00)	Acc@1  36.00 ( 37.54)	Acc@5  65.00 ( 69.02)
LR=0.05313952597646568	-- best acc so far 40.82
Started EPOCH:128

[TRAIN] E: [128][ 0/32]	Loss 2.8698e+00 (2.8698e+00)	Acc@1  28.56 ( 28.56)	Acc@5  58.69 ( 58.69)
[TRAIN] E: [128][31/32]	Loss 2.8880e+00 (2.8378e+00)	Acc@1  30.25 ( 29.49)	Acc@5  62.25 ( 59.23)
[EVAL] E: [128][0/4]	Loss 2.3042e+00 (2.3042e+00)	Acc@1  38.56 ( 38.56)	Acc@5  70.88 ( 70.88)
[EVAL] E: [128][3/4]	Loss 2.3906e+00 (2.2820e+00)	Acc@1  37.50 ( 39.48)	Acc@5  69.00 ( 71.48)
LR=0.02871103542174637	-- best acc so far 40.82
Started EPOCH:129

[TRAIN] E: [129][ 0/32]	Loss 2.8329e+00 (2.8329e+00)	Acc@1  30.94 ( 30.94)	Acc@5  60.88 ( 60.88)
[TRAIN] E: [129][31/32]	Loss 2.7431e+00 (2.8083e+00)	Acc@1  32.00 ( 29.95)	Acc@5  60.50 ( 59.76)
[EVAL] E: [129][0/4]	Loss 2.2165e+00 (2.2165e+00)	Acc@1  39.94 ( 39.94)	Acc@5  72.94 ( 72.94)
[EVAL] E: [129][3/4]	Loss 2.3063e+00 (2.2092e+00)	Acc@1  41.00 ( 41.18)	Acc@5  73.00 ( 73.38)
LR=0.009549150281252633	-- best acc so far 41.18
Started EPOCH:130

[TRAIN] E: [130][ 0/32]	Loss 2.7538e+00 (2.7538e+00)	Acc@1  31.06 ( 31.06)	Acc@5  60.94 ( 60.94)
[TRAIN] E: [130][31/32]	Loss 2.5144e+00 (2.7768e+00)	Acc@1  36.25 ( 30.50)	Acc@5  67.25 ( 60.83)
[EVAL] E: [130][0/4]	Loss 2.1955e+00 (2.1955e+00)	Acc@1  40.88 ( 40.88)	Acc@5  73.44 ( 73.44)
[EVAL] E: [130][3/4]	Loss 2.2888e+00 (2.1880e+00)	Acc@1  41.50 ( 41.84)	Acc@5  73.50 ( 73.70)
LR=0.0003942649342761118	-- best acc so far 41.84
Started EPOCH:131

[TRAIN] E: [131][ 0/32]	Loss 2.6994e+00 (2.6994e+00)	Acc@1  31.69 ( 31.69)	Acc@5  62.62 ( 62.62)
[TRAIN] E: [131][31/32]	Loss 2.8383e+00 (2.8567e+00)	Acc@1  29.75 ( 29.06)	Acc@5  58.50 ( 58.81)
[EVAL] E: [131][0/4]	Loss 2.6980e+00 (2.6980e+00)	Acc@1  31.56 ( 31.56)	Acc@5  63.50 ( 63.50)
[EVAL] E: [131][3/4]	Loss 2.7938e+00 (2.6939e+00)	Acc@1  30.50 ( 32.62)	Acc@5  59.00 ( 63.46)
LR=0.09648882429441258	-- best acc so far 41.84
Started EPOCH:132

[TRAIN] E: [132][ 0/32]	Loss 2.8990e+00 (2.8990e+00)	Acc@1  28.81 ( 28.81)	Acc@5  57.12 ( 57.12)
[TRAIN] E: [132][31/32]	Loss 2.8743e+00 (2.9005e+00)	Acc@1  28.50 ( 28.13)	Acc@5  57.25 ( 57.63)
[EVAL] E: [132][0/4]	Loss 2.4730e+00 (2.4730e+00)	Acc@1  36.56 ( 36.56)	Acc@5  68.06 ( 68.06)
[EVAL] E: [132][3/4]	Loss 2.5199e+00 (2.4554e+00)	Acc@1  38.50 ( 37.96)	Acc@5  68.50 ( 69.14)
LR=0.08187119948743449	-- best acc so far 41.84
Started EPOCH:133

[TRAIN] E: [133][ 0/32]	Loss 2.8673e+00 (2.8673e+00)	Acc@1  28.88 ( 28.88)	Acc@5  58.94 ( 58.94)
[TRAIN] E: [133][31/32]	Loss 2.8974e+00 (2.8650e+00)	Acc@1  28.75 ( 28.92)	Acc@5  56.50 ( 58.61)
[EVAL] E: [133][0/4]	Loss 2.2978e+00 (2.2978e+00)	Acc@1  38.31 ( 38.31)	Acc@5  70.56 ( 70.56)
[EVAL] E: [133][3/4]	Loss 2.4163e+00 (2.3107e+00)	Acc@1  39.00 ( 38.58)	Acc@5  71.00 ( 70.86)
LR=0.05936906572928624	-- best acc so far 41.84
Started EPOCH:134

[TRAIN] E: [134][ 0/32]	Loss 2.8289e+00 (2.8289e+00)	Acc@1  29.44 ( 29.44)	Acc@5  58.94 ( 58.94)
[TRAIN] E: [134][31/32]	Loss 2.6302e+00 (2.8215e+00)	Acc@1  35.25 ( 29.97)	Acc@5  62.50 ( 59.61)
[EVAL] E: [134][0/4]	Loss 2.2817e+00 (2.2817e+00)	Acc@1  39.00 ( 39.00)	Acc@5  70.25 ( 70.25)
[EVAL] E: [134][3/4]	Loss 2.4430e+00 (2.2780e+00)	Acc@1  38.00 ( 40.00)	Acc@5  69.00 ( 71.40)
LR=0.03454915028125265	-- best acc so far 41.84
Started EPOCH:135

[TRAIN] E: [135][ 0/32]	Loss 2.8185e+00 (2.8185e+00)	Acc@1  30.25 ( 30.25)	Acc@5  60.12 ( 60.12)
[TRAIN] E: [135][31/32]	Loss 2.6063e+00 (2.7817e+00)	Acc@1  31.50 ( 30.81)	Acc@5  66.50 ( 60.62)
[EVAL] E: [135][0/4]	Loss 2.1876e+00 (2.1876e+00)	Acc@1  40.12 ( 40.12)	Acc@5  73.31 ( 73.31)
[EVAL] E: [135][3/4]	Loss 2.2666e+00 (2.1804e+00)	Acc@1  41.00 ( 41.36)	Acc@5  72.50 ( 73.90)
LR=0.013551568628929435	-- best acc so far 41.84
Started EPOCH:136

[TRAIN] E: [136][ 0/32]	Loss 2.8056e+00 (2.8056e+00)	Acc@1  28.50 ( 28.50)	Acc@5  59.88 ( 59.88)
[TRAIN] E: [136][31/32]	Loss 2.7083e+00 (2.7557e+00)	Acc@1  33.00 ( 31.15)	Acc@5  61.75 ( 61.04)
[EVAL] E: [136][0/4]	Loss 2.1600e+00 (2.1600e+00)	Acc@1  41.69 ( 41.69)	Acc@5  73.56 ( 73.56)
[EVAL] E: [136][3/4]	Loss 2.2597e+00 (2.1552e+00)	Acc@1  40.50 ( 42.36)	Acc@5  73.00 ( 74.66)
LR=0.0015708419435684518	-- best acc so far 42.36
Started EPOCH:137

[TRAIN] E: [137][ 0/32]	Loss 2.7815e+00 (2.7815e+00)	Acc@1  30.44 ( 30.44)	Acc@5  60.31 ( 60.31)
[TRAIN] E: [137][31/32]	Loss 2.9833e+00 (2.8048e+00)	Acc@1  25.50 ( 30.12)	Acc@5  56.50 ( 59.96)
[EVAL] E: [137][0/4]	Loss 2.7829e+00 (2.7829e+00)	Acc@1  31.19 ( 31.19)	Acc@5  61.31 ( 61.31)
[EVAL] E: [137][3/4]	Loss 2.9002e+00 (2.7496e+00)	Acc@1  28.50 ( 32.16)	Acc@5  56.00 ( 62.46)
LR=0.09842915805643156	-- best acc so far 42.36
Started EPOCH:138

[TRAIN] E: [138][ 0/32]	Loss 2.9431e+00 (2.9431e+00)	Acc@1  26.88 ( 26.88)	Acc@5  56.56 ( 56.56)
[TRAIN] E: [138][31/32]	Loss 2.7257e+00 (2.8852e+00)	Acc@1  30.00 ( 28.24)	Acc@5  63.00 ( 58.07)
[EVAL] E: [138][0/4]	Loss 2.4702e+00 (2.4702e+00)	Acc@1  34.62 ( 34.62)	Acc@5  67.56 ( 67.56)
[EVAL] E: [138][3/4]	Loss 2.4926e+00 (2.4695e+00)	Acc@1  33.50 ( 35.32)	Acc@5  65.50 ( 67.66)
LR=0.08644843137107058	-- best acc so far 42.36
Started EPOCH:139

[TRAIN] E: [139][ 0/32]	Loss 2.9053e+00 (2.9053e+00)	Acc@1  27.44 ( 27.44)	Acc@5  57.56 ( 57.56)
[TRAIN] E: [139][31/32]	Loss 2.9577e+00 (2.8544e+00)	Acc@1  27.75 ( 29.16)	Acc@5  57.00 ( 58.91)
[EVAL] E: [139][0/4]	Loss 2.3509e+00 (2.3509e+00)	Acc@1  37.06 ( 37.06)	Acc@5  69.50 ( 69.50)
[EVAL] E: [139][3/4]	Loss 2.4819e+00 (2.3473e+00)	Acc@1  35.50 ( 37.96)	Acc@5  71.00 ( 69.88)
LR=0.06545084971874737	-- best acc so far 42.36
Started EPOCH:140

[TRAIN] E: [140][ 0/32]	Loss 2.8218e+00 (2.8218e+00)	Acc@1  29.19 ( 29.19)	Acc@5  59.25 ( 59.25)
[TRAIN] E: [140][31/32]	Loss 2.8899e+00 (2.8046e+00)	Acc@1  27.25 ( 29.88)	Acc@5  57.25 ( 59.89)
[EVAL] E: [140][0/4]	Loss 2.2394e+00 (2.2394e+00)	Acc@1  39.62 ( 39.62)	Acc@5  72.31 ( 72.31)
[EVAL] E: [140][3/4]	Loss 2.3374e+00 (2.2452e+00)	Acc@1  41.50 ( 40.56)	Acc@5  70.00 ( 72.98)
LR=0.04063093427071377	-- best acc so far 42.36
Started EPOCH:141

[TRAIN] E: [141][ 0/32]	Loss 2.8169e+00 (2.8169e+00)	Acc@1  30.12 ( 30.12)	Acc@5  59.56 ( 59.56)
[TRAIN] E: [141][31/32]	Loss 2.9106e+00 (2.7738e+00)	Acc@1  27.25 ( 30.78)	Acc@5  57.50 ( 60.61)
[EVAL] E: [141][0/4]	Loss 2.2840e+00 (2.2840e+00)	Acc@1  39.00 ( 39.00)	Acc@5  71.50 ( 71.50)
[EVAL] E: [141][3/4]	Loss 2.4324e+00 (2.2687e+00)	Acc@1  34.50 ( 40.04)	Acc@5  66.50 ( 71.64)
LR=0.018128800512565515	-- best acc so far 42.36
Started EPOCH:142

[TRAIN] E: [142][ 0/32]	Loss 2.7490e+00 (2.7490e+00)	Acc@1  31.06 ( 31.06)	Acc@5  60.88 ( 60.88)
[TRAIN] E: [142][31/32]	Loss 2.7506e+00 (2.7331e+00)	Acc@1  28.50 ( 31.79)	Acc@5  62.75 ( 61.71)
[EVAL] E: [142][0/4]	Loss 2.1360e+00 (2.1360e+00)	Acc@1  41.25 ( 41.25)	Acc@5  74.25 ( 74.25)
[EVAL] E: [142][3/4]	Loss 2.2287e+00 (2.1248e+00)	Acc@1  40.00 ( 42.58)	Acc@5  73.00 ( 74.88)
LR=0.0035111757055874327	-- best acc so far 42.58
Started EPOCH:143

[TRAIN] E: [143][ 0/32]	Loss 2.6590e+00 (2.6590e+00)	Acc@1  33.38 ( 33.38)	Acc@5  64.06 ( 64.06)
[TRAIN] E: [143][31/32]	Loss 2.7635e+00 (2.7463e+00)	Acc@1  32.50 ( 31.40)	Acc@5  62.00 ( 61.34)
[EVAL] E: [143][0/4]	Loss 2.5369e+00 (2.5369e+00)	Acc@1  34.81 ( 34.81)	Acc@5  67.00 ( 67.00)
[EVAL] E: [143][3/4]	Loss 2.6533e+00 (2.5143e+00)	Acc@1  32.50 ( 36.10)	Acc@5  64.50 ( 67.10)
LR=0.0996057350657239	-- best acc so far 42.58
Started EPOCH:144

[TRAIN] E: [144][ 0/32]	Loss 2.8166e+00 (2.8166e+00)	Acc@1  30.25 ( 30.25)	Acc@5  60.75 ( 60.75)
[TRAIN] E: [144][31/32]	Loss 2.9030e+00 (2.8478e+00)	Acc@1  28.75 ( 29.38)	Acc@5  58.25 ( 58.97)
[EVAL] E: [144][0/4]	Loss 2.5663e+00 (2.5663e+00)	Acc@1  35.31 ( 35.31)	Acc@5  64.88 ( 64.88)
[EVAL] E: [144][3/4]	Loss 2.6990e+00 (2.5167e+00)	Acc@1  33.00 ( 35.92)	Acc@5  65.50 ( 66.84)
LR=0.09045084971874738	-- best acc so far 42.58
Started EPOCH:145

[TRAIN] E: [145][ 0/32]	Loss 2.8624e+00 (2.8624e+00)	Acc@1  28.06 ( 28.06)	Acc@5  57.81 ( 57.81)
[TRAIN] E: [145][31/32]	Loss 2.9338e+00 (2.8396e+00)	Acc@1  28.00 ( 29.42)	Acc@5  56.75 ( 59.31)
[EVAL] E: [145][0/4]	Loss 2.5338e+00 (2.5338e+00)	Acc@1  35.06 ( 35.06)	Acc@5  67.06 ( 67.06)
[EVAL] E: [145][3/4]	Loss 2.7473e+00 (2.5007e+00)	Acc@1  34.00 ( 35.16)	Acc@5  64.00 ( 67.60)
LR=0.07128896457825364	-- best acc so far 42.58
Started EPOCH:146

[TRAIN] E: [146][ 0/32]	Loss 2.7773e+00 (2.7773e+00)	Acc@1  30.56 ( 30.56)	Acc@5  60.56 ( 60.56)
[TRAIN] E: [146][31/32]	Loss 2.8148e+00 (2.7889e+00)	Acc@1  27.25 ( 30.76)	Acc@5  58.75 ( 60.13)
[EVAL] E: [146][0/4]	Loss 2.3234e+00 (2.3234e+00)	Acc@1  38.44 ( 38.44)	Acc@5  70.81 ( 70.81)
[EVAL] E: [146][3/4]	Loss 2.4755e+00 (2.3088e+00)	Acc@1  35.00 ( 39.16)	Acc@5  68.00 ( 71.26)
LR=0.04686047402353433	-- best acc so far 42.58
Started EPOCH:147

[TRAIN] E: [147][ 0/32]	Loss 2.7131e+00 (2.7131e+00)	Acc@1  32.31 ( 32.31)	Acc@5  61.94 ( 61.94)
[TRAIN] E: [147][31/32]	Loss 2.7237e+00 (2.7537e+00)	Acc@1  31.00 ( 31.15)	Acc@5  60.25 ( 61.12)
[EVAL] E: [147][0/4]	Loss 2.1693e+00 (2.1693e+00)	Acc@1  40.50 ( 40.50)	Acc@5  73.44 ( 73.44)
[EVAL] E: [147][3/4]	Loss 2.2965e+00 (2.1686e+00)	Acc@1  39.00 ( 41.82)	Acc@5  72.50 ( 73.82)
LR=0.02320866025105016	-- best acc so far 42.58
Started EPOCH:148

[TRAIN] E: [148][ 0/32]	Loss 2.7616e+00 (2.7616e+00)	Acc@1  31.19 ( 31.19)	Acc@5  62.12 ( 62.12)
[TRAIN] E: [148][31/32]	Loss 2.6020e+00 (2.7201e+00)	Acc@1  34.50 ( 31.97)	Acc@5  66.50 ( 61.83)
[EVAL] E: [148][0/4]	Loss 2.1262e+00 (2.1262e+00)	Acc@1  42.38 ( 42.38)	Acc@5  74.38 ( 74.38)
[EVAL] E: [148][3/4]	Loss 2.2495e+00 (2.1216e+00)	Acc@1  39.50 ( 43.28)	Acc@5  72.50 ( 75.02)
LR=0.006184665997806821	-- best acc so far 43.28
Started EPOCH:149

[TRAIN] E: [149][ 0/32]	Loss 2.7193e+00 (2.7193e+00)	Acc@1  32.12 ( 32.12)	Acc@5  62.38 ( 62.38)
[TRAIN] E: [149][31/32]	Loss 2.7846e+00 (2.6980e+00)	Acc@1  30.50 ( 32.34)	Acc@5  62.75 ( 62.54)
[EVAL] E: [149][0/4]	Loss 2.1131e+00 (2.1131e+00)	Acc@1  43.31 ( 43.31)	Acc@5  73.75 ( 73.75)
[EVAL] E: [149][3/4]	Loss 2.2271e+00 (2.1075e+00)	Acc@1  39.00 ( 43.62)	Acc@5  74.00 ( 75.18)
LR=0.1	-- best acc so far 43.62
Started EPOCH:150

[TRAIN] E: [150][ 0/32]	Loss 2.7294e+00 (2.7294e+00)	Acc@1  31.31 ( 31.31)	Acc@5  61.75 ( 61.75)
[TRAIN] E: [150][31/32]	Loss 2.8359e+00 (2.8536e+00)	Acc@1  30.75 ( 29.07)	Acc@5  59.25 ( 58.61)
[EVAL] E: [150][0/4]	Loss 2.3630e+00 (2.3630e+00)	Acc@1  38.00 ( 38.00)	Acc@5  69.69 ( 69.69)
[EVAL] E: [150][3/4]	Loss 2.5356e+00 (2.3867e+00)	Acc@1  34.00 ( 37.94)	Acc@5  68.00 ( 70.22)
LR=0.09381533400219318	-- best acc so far 43.62
Started EPOCH:151

[TRAIN] E: [151][ 0/32]	Loss 2.8322e+00 (2.8322e+00)	Acc@1  29.75 ( 29.75)	Acc@5  59.69 ( 59.69)
[TRAIN] E: [151][31/32]	Loss 2.7857e+00 (2.8249e+00)	Acc@1  28.00 ( 29.53)	Acc@5  58.75 ( 59.37)
[EVAL] E: [151][0/4]	Loss 2.3598e+00 (2.3598e+00)	Acc@1  37.12 ( 37.12)	Acc@5  70.25 ( 70.25)
[EVAL] E: [151][3/4]	Loss 2.6308e+00 (2.3750e+00)	Acc@1  36.00 ( 37.92)	Acc@5  67.00 ( 70.32)
LR=0.07679133974894983	-- best acc so far 43.62
Started EPOCH:152

[TRAIN] E: [152][ 0/32]	Loss 2.8128e+00 (2.8128e+00)	Acc@1  28.19 ( 28.19)	Acc@5  60.56 ( 60.56)
[TRAIN] E: [152][31/32]	Loss 2.5947e+00 (2.7842e+00)	Acc@1  33.25 ( 30.23)	Acc@5  64.50 ( 60.24)
[EVAL] E: [152][0/4]	Loss 2.2886e+00 (2.2886e+00)	Acc@1  39.31 ( 39.31)	Acc@5  71.12 ( 71.12)
[EVAL] E: [152][3/4]	Loss 2.4171e+00 (2.2704e+00)	Acc@1  33.50 ( 40.02)	Acc@5  71.50 ( 71.70)
LR=0.05313952597646568	-- best acc so far 43.62
Started EPOCH:153

[TRAIN] E: [153][ 0/32]	Loss 2.7625e+00 (2.7625e+00)	Acc@1  31.50 ( 31.50)	Acc@5  60.88 ( 60.88)
[TRAIN] E: [153][31/32]	Loss 2.8328e+00 (2.7349e+00)	Acc@1  29.00 ( 31.37)	Acc@5  59.00 ( 61.68)
[EVAL] E: [153][0/4]	Loss 2.2034e+00 (2.2034e+00)	Acc@1  41.38 ( 41.38)	Acc@5  72.31 ( 72.31)
[EVAL] E: [153][3/4]	Loss 2.3555e+00 (2.1900e+00)	Acc@1  33.00 ( 41.88)	Acc@5  70.50 ( 73.22)
LR=0.02871103542174637	-- best acc so far 43.62
Started EPOCH:154

[TRAIN] E: [154][ 0/32]	Loss 2.6468e+00 (2.6468e+00)	Acc@1  32.75 ( 32.75)	Acc@5  63.75 ( 63.75)
[TRAIN] E: [154][31/32]	Loss 2.6011e+00 (2.6952e+00)	Acc@1  37.25 ( 32.28)	Acc@5  63.75 ( 62.47)
[EVAL] E: [154][0/4]	Loss 2.1399e+00 (2.1399e+00)	Acc@1  41.88 ( 41.88)	Acc@5  74.25 ( 74.25)
[EVAL] E: [154][3/4]	Loss 2.2400e+00 (2.1161e+00)	Acc@1  39.50 ( 43.86)	Acc@5  71.00 ( 75.18)
LR=0.009549150281252633	-- best acc so far 43.86
Started EPOCH:155

[TRAIN] E: [155][ 0/32]	Loss 2.6094e+00 (2.6094e+00)	Acc@1  34.31 ( 34.31)	Acc@5  64.44 ( 64.44)
[TRAIN] E: [155][31/32]	Loss 2.7250e+00 (2.6777e+00)	Acc@1  30.75 ( 32.79)	Acc@5  57.25 ( 62.72)
[EVAL] E: [155][0/4]	Loss 2.1072e+00 (2.1072e+00)	Acc@1  42.69 ( 42.69)	Acc@5  75.31 ( 75.31)
[EVAL] E: [155][3/4]	Loss 2.2217e+00 (2.0883e+00)	Acc@1  39.50 ( 44.08)	Acc@5  72.50 ( 75.96)
LR=0.0003942649342761118	-- best acc so far 44.08
Started EPOCH:156

[TRAIN] E: [156][ 0/32]	Loss 2.7105e+00 (2.7105e+00)	Acc@1  30.06 ( 30.06)	Acc@5  62.38 ( 62.38)
[TRAIN] E: [156][31/32]	Loss 2.9057e+00 (2.7468e+00)	Acc@1  27.75 ( 31.18)	Acc@5  57.75 ( 61.22)
[EVAL] E: [156][0/4]	Loss 2.5325e+00 (2.5325e+00)	Acc@1  36.56 ( 36.56)	Acc@5  66.81 ( 66.81)
[EVAL] E: [156][3/4]	Loss 2.7407e+00 (2.5243e+00)	Acc@1  31.00 ( 36.46)	Acc@5  61.00 ( 66.66)
LR=0.09648882429441258	-- best acc so far 44.08
Started EPOCH:157

[TRAIN] E: [157][ 0/32]	Loss 2.8762e+00 (2.8762e+00)	Acc@1  27.62 ( 27.62)	Acc@5  58.12 ( 58.12)
[TRAIN] E: [157][31/32]	Loss 2.8416e+00 (2.8070e+00)	Acc@1  30.25 ( 30.12)	Acc@5  58.75 ( 59.97)
[EVAL] E: [157][0/4]	Loss 2.4537e+00 (2.4537e+00)	Acc@1  36.44 ( 36.44)	Acc@5  68.50 ( 68.50)
[EVAL] E: [157][3/4]	Loss 2.6316e+00 (2.4479e+00)	Acc@1  34.00 ( 36.96)	Acc@5  68.50 ( 68.60)
LR=0.08187119948743449	-- best acc so far 44.08
Started EPOCH:158

[TRAIN] E: [158][ 0/32]	Loss 2.7773e+00 (2.7773e+00)	Acc@1  31.12 ( 31.12)	Acc@5  59.19 ( 59.19)
[TRAIN] E: [158][31/32]	Loss 2.7792e+00 (2.7850e+00)	Acc@1  30.25 ( 30.61)	Acc@5  63.00 ( 60.15)
[EVAL] E: [158][0/4]	Loss 2.3208e+00 (2.3208e+00)	Acc@1  37.94 ( 37.94)	Acc@5  70.31 ( 70.31)
[EVAL] E: [158][3/4]	Loss 2.4994e+00 (2.3274e+00)	Acc@1  37.50 ( 39.22)	Acc@5  65.00 ( 70.24)
LR=0.05936906572928624	-- best acc so far 44.08
Started EPOCH:159

[TRAIN] E: [159][ 0/32]	Loss 2.6679e+00 (2.6679e+00)	Acc@1  33.75 ( 33.75)	Acc@5  64.31 ( 64.31)
[TRAIN] E: [159][31/32]	Loss 2.7132e+00 (2.7259e+00)	Acc@1  33.75 ( 31.76)	Acc@5  62.00 ( 61.73)
[EVAL] E: [159][0/4]	Loss 2.1775e+00 (2.1775e+00)	Acc@1  42.19 ( 42.19)	Acc@5  73.31 ( 73.31)
[EVAL] E: [159][3/4]	Loss 2.3953e+00 (2.1745e+00)	Acc@1  36.00 ( 42.62)	Acc@5  70.00 ( 73.32)
LR=0.03454915028125265	-- best acc so far 44.08
Started EPOCH:160

[TRAIN] E: [160][ 0/32]	Loss 2.6980e+00 (2.6980e+00)	Acc@1  33.00 ( 33.00)	Acc@5  62.31 ( 62.31)
[TRAIN] E: [160][31/32]	Loss 2.7990e+00 (2.6893e+00)	Acc@1  31.75 ( 32.55)	Acc@5  58.00 ( 62.57)
[EVAL] E: [160][0/4]	Loss 2.0834e+00 (2.0834e+00)	Acc@1  43.06 ( 43.06)	Acc@5  74.88 ( 74.88)
[EVAL] E: [160][3/4]	Loss 2.2963e+00 (2.0869e+00)	Acc@1  38.00 ( 43.82)	Acc@5  69.50 ( 75.30)
LR=0.013551568628929435	-- best acc so far 44.08
Started EPOCH:161

[TRAIN] E: [161][ 0/32]	Loss 2.6849e+00 (2.6849e+00)	Acc@1  32.75 ( 32.75)	Acc@5  62.94 ( 62.94)
[TRAIN] E: [161][31/32]	Loss 2.7027e+00 (2.6479e+00)	Acc@1  32.25 ( 33.41)	Acc@5  60.75 ( 63.45)
[EVAL] E: [161][0/4]	Loss 2.0589e+00 (2.0589e+00)	Acc@1  43.88 ( 43.88)	Acc@5  75.94 ( 75.94)
[EVAL] E: [161][3/4]	Loss 2.2366e+00 (2.0522e+00)	Acc@1  40.00 ( 44.46)	Acc@5  71.50 ( 76.52)
LR=0.0015708419435684518	-- best acc so far 44.46
Started EPOCH:162

[TRAIN] E: [162][ 0/32]	Loss 2.5875e+00 (2.5875e+00)	Acc@1  34.75 ( 34.75)	Acc@5  64.56 ( 64.56)
[TRAIN] E: [162][31/32]	Loss 2.7799e+00 (2.7226e+00)	Acc@1  30.75 ( 31.96)	Acc@5  59.75 ( 61.77)
[EVAL] E: [162][0/4]	Loss 2.6252e+00 (2.6252e+00)	Acc@1  34.56 ( 34.56)	Acc@5  65.94 ( 65.94)
[EVAL] E: [162][3/4]	Loss 2.9125e+00 (2.6282e+00)	Acc@1  30.50 ( 34.26)	Acc@5  62.50 ( 66.06)
LR=0.09842915805643156	-- best acc so far 44.46
Started EPOCH:163

[TRAIN] E: [163][ 0/32]	Loss 2.8440e+00 (2.8440e+00)	Acc@1  29.00 ( 29.00)	Acc@5  59.88 ( 59.88)
[TRAIN] E: [163][31/32]	Loss 2.6955e+00 (2.8030e+00)	Acc@1  32.25 ( 29.86)	Acc@5  62.50 ( 60.03)
[EVAL] E: [163][0/4]	Loss 2.4058e+00 (2.4058e+00)	Acc@1  37.50 ( 37.50)	Acc@5  68.69 ( 68.69)
[EVAL] E: [163][3/4]	Loss 2.5569e+00 (2.3812e+00)	Acc@1  34.50 ( 37.54)	Acc@5  67.50 ( 69.32)
LR=0.08644843137107058	-- best acc so far 44.46
Started EPOCH:164

[TRAIN] E: [164][ 0/32]	Loss 2.7594e+00 (2.7594e+00)	Acc@1  30.88 ( 30.88)	Acc@5  61.50 ( 61.50)
[TRAIN] E: [164][31/32]	Loss 2.6889e+00 (2.7553e+00)	Acc@1  36.00 ( 31.25)	Acc@5  63.00 ( 61.13)
[EVAL] E: [164][0/4]	Loss 2.2606e+00 (2.2606e+00)	Acc@1  39.25 ( 39.25)	Acc@5  71.69 ( 71.69)
[EVAL] E: [164][3/4]	Loss 2.3708e+00 (2.2546e+00)	Acc@1  37.50 ( 40.20)	Acc@5  70.50 ( 71.94)
LR=0.06545084971874737	-- best acc so far 44.46
Started EPOCH:165

[TRAIN] E: [165][ 0/32]	Loss 2.7532e+00 (2.7532e+00)	Acc@1  31.19 ( 31.19)	Acc@5  60.00 ( 60.00)
[TRAIN] E: [165][31/32]	Loss 2.7914e+00 (2.7282e+00)	Acc@1  32.75 ( 31.53)	Acc@5  62.25 ( 61.65)
[EVAL] E: [165][0/4]	Loss 2.2317e+00 (2.2317e+00)	Acc@1  40.75 ( 40.75)	Acc@5  72.69 ( 72.69)
[EVAL] E: [165][3/4]	Loss 2.2709e+00 (2.2033e+00)	Acc@1  40.50 ( 41.72)	Acc@5  71.50 ( 73.58)
LR=0.04063093427071377	-- best acc so far 44.46
Started EPOCH:166

[TRAIN] E: [166][ 0/32]	Loss 2.6969e+00 (2.6969e+00)	Acc@1  32.88 ( 32.88)	Acc@5  62.00 ( 62.00)
[TRAIN] E: [166][31/32]	Loss 2.8151e+00 (2.6650e+00)	Acc@1  29.50 ( 33.04)	Acc@5  59.75 ( 63.23)
[EVAL] E: [166][0/4]	Loss 2.1401e+00 (2.1401e+00)	Acc@1  42.75 ( 42.75)	Acc@5  74.50 ( 74.50)
[EVAL] E: [166][3/4]	Loss 2.2706e+00 (2.1320e+00)	Acc@1  40.00 ( 42.76)	Acc@5  70.50 ( 74.52)
LR=0.018128800512565515	-- best acc so far 44.46
Started EPOCH:167

[TRAIN] E: [167][ 0/32]	Loss 2.6638e+00 (2.6638e+00)	Acc@1  32.56 ( 32.56)	Acc@5  63.44 ( 63.44)
[TRAIN] E: [167][31/32]	Loss 2.5353e+00 (2.6361e+00)	Acc@1  36.00 ( 33.34)	Acc@5  66.25 ( 63.85)
[EVAL] E: [167][0/4]	Loss 2.0545e+00 (2.0545e+00)	Acc@1  44.00 ( 44.00)	Acc@5  76.50 ( 76.50)
[EVAL] E: [167][3/4]	Loss 2.1957e+00 (2.0477e+00)	Acc@1  41.50 ( 44.72)	Acc@5  71.50 ( 76.66)
LR=0.0035111757055874327	-- best acc so far 44.72
Started EPOCH:168

[TRAIN] E: [168][ 0/32]	Loss 2.6898e+00 (2.6898e+00)	Acc@1  32.19 ( 32.19)	Acc@5  62.50 ( 62.50)
[TRAIN] E: [168][31/32]	Loss 2.6801e+00 (2.6444e+00)	Acc@1  32.75 ( 33.45)	Acc@5  64.00 ( 63.59)
[EVAL] E: [168][0/4]	Loss 2.8808e+00 (2.8808e+00)	Acc@1  29.88 ( 29.88)	Acc@5  60.62 ( 60.62)
[EVAL] E: [168][3/4]	Loss 3.0314e+00 (2.8748e+00)	Acc@1  27.50 ( 30.00)	Acc@5  56.00 ( 61.68)
LR=0.0996057350657239	-- best acc so far 44.72
Started EPOCH:169

[TRAIN] E: [169][ 0/32]	Loss 2.7708e+00 (2.7708e+00)	Acc@1  30.56 ( 30.56)	Acc@5  60.25 ( 60.25)
[TRAIN] E: [169][31/32]	Loss 2.7859e+00 (2.7716e+00)	Acc@1  30.50 ( 30.76)	Acc@5  61.50 ( 60.68)
[EVAL] E: [169][0/4]	Loss 2.7427e+00 (2.7427e+00)	Acc@1  33.81 ( 33.81)	Acc@5  63.50 ( 63.50)
[EVAL] E: [169][3/4]	Loss 2.8763e+00 (2.7216e+00)	Acc@1  29.50 ( 33.24)	Acc@5  61.50 ( 64.16)
LR=0.09045084971874738	-- best acc so far 44.72
Started EPOCH:170

[TRAIN] E: [170][ 0/32]	Loss 2.8051e+00 (2.8051e+00)	Acc@1  30.50 ( 30.50)	Acc@5  60.19 ( 60.19)
[TRAIN] E: [170][31/32]	Loss 2.5723e+00 (2.7672e+00)	Acc@1  35.50 ( 30.87)	Acc@5  67.25 ( 60.69)
[EVAL] E: [170][0/4]	Loss 2.3395e+00 (2.3395e+00)	Acc@1  38.94 ( 38.94)	Acc@5  71.38 ( 71.38)
[EVAL] E: [170][3/4]	Loss 2.5145e+00 (2.3532e+00)	Acc@1  33.00 ( 38.66)	Acc@5  65.00 ( 71.20)
LR=0.07128896457825364	-- best acc so far 44.72
Started EPOCH:171

[TRAIN] E: [171][ 0/32]	Loss 2.7699e+00 (2.7699e+00)	Acc@1  29.69 ( 29.69)	Acc@5  60.50 ( 60.50)
[TRAIN] E: [171][31/32]	Loss 2.7362e+00 (2.7180e+00)	Acc@1  33.00 ( 31.89)	Acc@5  61.00 ( 62.03)
[EVAL] E: [171][0/4]	Loss 2.2845e+00 (2.2845e+00)	Acc@1  40.31 ( 40.31)	Acc@5  72.50 ( 72.50)
[EVAL] E: [171][3/4]	Loss 2.3256e+00 (2.2710e+00)	Acc@1  35.50 ( 40.94)	Acc@5  68.50 ( 72.56)
LR=0.04686047402353433	-- best acc so far 44.72
Started EPOCH:172

[TRAIN] E: [172][ 0/32]	Loss 2.6674e+00 (2.6674e+00)	Acc@1  33.12 ( 33.12)	Acc@5  64.62 ( 64.62)
[TRAIN] E: [172][31/32]	Loss 2.7721e+00 (2.6631e+00)	Acc@1  31.75 ( 33.27)	Acc@5  61.75 ( 63.14)
[EVAL] E: [172][0/4]	Loss 2.1178e+00 (2.1178e+00)	Acc@1  43.31 ( 43.31)	Acc@5  75.06 ( 75.06)
[EVAL] E: [172][3/4]	Loss 2.2652e+00 (2.1287e+00)	Acc@1  40.00 ( 43.24)	Acc@5  73.00 ( 74.94)
LR=0.02320866025105016	-- best acc so far 44.72
Started EPOCH:173

[TRAIN] E: [173][ 0/32]	Loss 2.5716e+00 (2.5716e+00)	Acc@1  34.19 ( 34.19)	Acc@5  65.81 ( 65.81)
[TRAIN] E: [173][31/32]	Loss 2.5432e+00 (2.6316e+00)	Acc@1  37.00 ( 33.88)	Acc@5  63.75 ( 63.92)
[EVAL] E: [173][0/4]	Loss 2.0449e+00 (2.0449e+00)	Acc@1  44.12 ( 44.12)	Acc@5  77.12 ( 77.12)
[EVAL] E: [173][3/4]	Loss 2.1990e+00 (2.0429e+00)	Acc@1  36.50 ( 44.94)	Acc@5  73.50 ( 76.74)
LR=0.006184665997806821	-- best acc so far 44.94
Started EPOCH:174

[TRAIN] E: [174][ 0/32]	Loss 2.5405e+00 (2.5405e+00)	Acc@1  35.44 ( 35.44)	Acc@5  65.62 ( 65.62)
[TRAIN] E: [174][31/32]	Loss 2.6530e+00 (2.6072e+00)	Acc@1  33.75 ( 34.13)	Acc@5  64.50 ( 64.40)
[EVAL] E: [174][0/4]	Loss 2.0262e+00 (2.0262e+00)	Acc@1  44.38 ( 44.38)	Acc@5  76.25 ( 76.25)
[EVAL] E: [174][3/4]	Loss 2.1760e+00 (2.0230e+00)	Acc@1  39.00 ( 45.36)	Acc@5  71.50 ( 76.84)
LR=0.1	-- best acc so far 45.36
Started EPOCH:175

[TRAIN] E: [175][ 0/32]	Loss 2.5508e+00 (2.5508e+00)	Acc@1  35.00 ( 35.00)	Acc@5  65.25 ( 65.25)
[TRAIN] E: [175][31/32]	Loss 2.8434e+00 (2.7327e+00)	Acc@1  29.50 ( 31.43)	Acc@5  60.00 ( 61.44)
[EVAL] E: [175][0/4]	Loss 2.6393e+00 (2.6393e+00)	Acc@1  34.44 ( 34.44)	Acc@5  65.31 ( 65.31)
[EVAL] E: [175][3/4]	Loss 2.7987e+00 (2.6400e+00)	Acc@1  30.00 ( 34.32)	Acc@5  63.00 ( 65.90)
LR=0.09381533400219318	-- best acc so far 45.36
Started EPOCH:176

[TRAIN] E: [176][ 0/32]	Loss 2.7421e+00 (2.7421e+00)	Acc@1  32.06 ( 32.06)	Acc@5  61.50 ( 61.50)
[TRAIN] E: [176][31/32]	Loss 2.6578e+00 (2.7517e+00)	Acc@1  33.75 ( 30.92)	Acc@5  65.00 ( 60.89)
[EVAL] E: [176][0/4]	Loss 2.5783e+00 (2.5783e+00)	Acc@1  34.94 ( 34.94)	Acc@5  65.38 ( 65.38)
[EVAL] E: [176][3/4]	Loss 2.7345e+00 (2.5612e+00)	Acc@1  31.00 ( 35.86)	Acc@5  61.50 ( 66.30)
LR=0.07679133974894983	-- best acc so far 45.36
Started EPOCH:177

[TRAIN] E: [177][ 0/32]	Loss 2.7136e+00 (2.7136e+00)	Acc@1  31.56 ( 31.56)	Acc@5  61.94 ( 61.94)
[TRAIN] E: [177][31/32]	Loss 2.7581e+00 (2.7180e+00)	Acc@1  29.50 ( 31.89)	Acc@5  60.25 ( 62.13)
[EVAL] E: [177][0/4]	Loss 2.2727e+00 (2.2727e+00)	Acc@1  39.94 ( 39.94)	Acc@5  72.06 ( 72.06)
[EVAL] E: [177][3/4]	Loss 2.3714e+00 (2.2563e+00)	Acc@1  37.00 ( 40.70)	Acc@5  72.00 ( 72.70)
LR=0.05313952597646568	-- best acc so far 45.36
Started EPOCH:178

[TRAIN] E: [178][ 0/32]	Loss 2.6583e+00 (2.6583e+00)	Acc@1  33.19 ( 33.19)	Acc@5  63.69 ( 63.69)
[TRAIN] E: [178][31/32]	Loss 2.6450e+00 (2.6624e+00)	Acc@1  32.25 ( 32.78)	Acc@5  62.50 ( 63.24)
[EVAL] E: [178][0/4]	Loss 2.0866e+00 (2.0866e+00)	Acc@1  43.50 ( 43.50)	Acc@5  75.19 ( 75.19)
[EVAL] E: [178][3/4]	Loss 2.2149e+00 (2.0868e+00)	Acc@1  43.50 ( 44.82)	Acc@5  74.50 ( 75.30)
LR=0.02871103542174637	-- best acc so far 45.36
Started EPOCH:179

[TRAIN] E: [179][ 0/32]	Loss 2.6689e+00 (2.6689e+00)	Acc@1  33.31 ( 33.31)	Acc@5  64.12 ( 64.12)
[TRAIN] E: [179][31/32]	Loss 2.7527e+00 (2.6233e+00)	Acc@1  31.50 ( 33.98)	Acc@5  58.75 ( 63.88)
[EVAL] E: [179][0/4]	Loss 2.0372e+00 (2.0372e+00)	Acc@1  43.56 ( 43.56)	Acc@5  76.81 ( 76.81)
[EVAL] E: [179][3/4]	Loss 2.1371e+00 (2.0288e+00)	Acc@1  43.50 ( 44.90)	Acc@5  77.00 ( 77.22)
LR=0.009549150281252633	-- best acc so far 45.36
Started EPOCH:180

[TRAIN] E: [180][ 0/32]	Loss 2.6094e+00 (2.6094e+00)	Acc@1  34.75 ( 34.75)	Acc@5  65.31 ( 65.31)
[TRAIN] E: [180][31/32]	Loss 2.4871e+00 (2.5955e+00)	Acc@1  33.50 ( 34.58)	Acc@5  64.00 ( 64.64)
[EVAL] E: [180][0/4]	Loss 2.0167e+00 (2.0167e+00)	Acc@1  44.94 ( 44.94)	Acc@5  76.75 ( 76.75)
[EVAL] E: [180][3/4]	Loss 2.1007e+00 (2.0029e+00)	Acc@1  43.00 ( 45.68)	Acc@5  75.50 ( 77.34)
LR=0.0003942649342761118	-- best acc so far 45.68
Started EPOCH:181

[TRAIN] E: [181][ 0/32]	Loss 2.6474e+00 (2.6474e+00)	Acc@1  33.81 ( 33.81)	Acc@5  63.31 ( 63.31)
[TRAIN] E: [181][31/32]	Loss 2.7110e+00 (2.6779e+00)	Acc@1  31.25 ( 32.69)	Acc@5  64.25 ( 62.82)
[EVAL] E: [181][0/4]	Loss 2.5953e+00 (2.5953e+00)	Acc@1  34.56 ( 34.56)	Acc@5  65.81 ( 65.81)
[EVAL] E: [181][3/4]	Loss 2.6563e+00 (2.5889e+00)	Acc@1  36.00 ( 35.44)	Acc@5  62.50 ( 66.72)
LR=0.09648882429441258	-- best acc so far 45.68
Started EPOCH:182

[TRAIN] E: [182][ 0/32]	Loss 2.7060e+00 (2.7060e+00)	Acc@1  31.19 ( 31.19)	Acc@5  63.19 ( 63.19)
[TRAIN] E: [182][31/32]	Loss 2.6921e+00 (2.7218e+00)	Acc@1  32.50 ( 31.65)	Acc@5  61.25 ( 61.76)
[EVAL] E: [182][0/4]	Loss 2.4873e+00 (2.4873e+00)	Acc@1  36.62 ( 36.62)	Acc@5  68.12 ( 68.12)
[EVAL] E: [182][3/4]	Loss 2.5394e+00 (2.4879e+00)	Acc@1  33.00 ( 37.04)	Acc@5  67.00 ( 67.98)
LR=0.08187119948743449	-- best acc so far 45.68
Started EPOCH:183

[TRAIN] E: [183][ 0/32]	Loss 2.8289e+00 (2.8289e+00)	Acc@1  28.50 ( 28.50)	Acc@5  58.38 ( 58.38)
[TRAIN] E: [183][31/32]	Loss 2.7681e+00 (2.7059e+00)	Acc@1  28.50 ( 32.21)	Acc@5  62.00 ( 62.20)
[EVAL] E: [183][0/4]	Loss 2.3136e+00 (2.3136e+00)	Acc@1  40.25 ( 40.25)	Acc@5  69.94 ( 69.94)
[EVAL] E: [183][3/4]	Loss 2.4056e+00 (2.3012e+00)	Acc@1  37.00 ( 40.24)	Acc@5  70.00 ( 70.90)
LR=0.05936906572928624	-- best acc so far 45.68
Started EPOCH:184

[TRAIN] E: [184][ 0/32]	Loss 2.6346e+00 (2.6346e+00)	Acc@1  33.62 ( 33.62)	Acc@5  63.44 ( 63.44)
[TRAIN] E: [184][31/32]	Loss 2.6169e+00 (2.6597e+00)	Acc@1  35.25 ( 33.22)	Acc@5  63.25 ( 63.32)
[EVAL] E: [184][0/4]	Loss 2.1714e+00 (2.1714e+00)	Acc@1  41.50 ( 41.50)	Acc@5  73.44 ( 73.44)
[EVAL] E: [184][3/4]	Loss 2.3064e+00 (2.1577e+00)	Acc@1  38.00 ( 42.38)	Acc@5  71.00 ( 74.14)
LR=0.03454915028125265	-- best acc so far 45.68
Started EPOCH:185

[TRAIN] E: [185][ 0/32]	Loss 2.6658e+00 (2.6658e+00)	Acc@1  33.56 ( 33.56)	Acc@5  61.69 ( 61.69)
[TRAIN] E: [185][31/32]	Loss 2.5888e+00 (2.6136e+00)	Acc@1  33.75 ( 34.02)	Acc@5  65.50 ( 64.24)
[EVAL] E: [185][0/4]	Loss 2.0785e+00 (2.0785e+00)	Acc@1  43.25 ( 43.25)	Acc@5  75.62 ( 75.62)
[EVAL] E: [185][3/4]	Loss 2.2009e+00 (2.0736e+00)	Acc@1  41.00 ( 43.76)	Acc@5  74.00 ( 76.28)
LR=0.013551568628929435	-- best acc so far 45.68
Started EPOCH:186

[TRAIN] E: [186][ 0/32]	Loss 2.6593e+00 (2.6593e+00)	Acc@1  34.38 ( 34.38)	Acc@5  63.38 ( 63.38)
[TRAIN] E: [186][31/32]	Loss 2.5398e+00 (2.5928e+00)	Acc@1  34.75 ( 34.82)	Acc@5  68.00 ( 64.83)
[EVAL] E: [186][0/4]	Loss 1.9982e+00 (1.9982e+00)	Acc@1  45.25 ( 45.25)	Acc@5  76.62 ( 76.62)
[EVAL] E: [186][3/4]	Loss 2.0974e+00 (1.9918e+00)	Acc@1  43.00 ( 45.70)	Acc@5  75.50 ( 77.22)
LR=0.0015708419435684518	-- best acc so far 45.7
Started EPOCH:187

[TRAIN] E: [187][ 0/32]	Loss 2.6178e+00 (2.6178e+00)	Acc@1  34.00 ( 34.00)	Acc@5  65.06 ( 65.06)
[TRAIN] E: [187][31/32]	Loss 2.7640e+00 (2.6467e+00)	Acc@1  35.00 ( 33.40)	Acc@5  60.75 ( 63.54)
[EVAL] E: [187][0/4]	Loss 2.6272e+00 (2.6272e+00)	Acc@1  34.19 ( 34.19)	Acc@5  64.12 ( 64.12)
[EVAL] E: [187][3/4]	Loss 2.7707e+00 (2.6318e+00)	Acc@1  29.00 ( 33.42)	Acc@5  62.50 ( 64.66)
LR=0.09842915805643156	-- best acc so far 45.7
Started EPOCH:188

[TRAIN] E: [188][ 0/32]	Loss 2.6990e+00 (2.6990e+00)	Acc@1  31.69 ( 31.69)	Acc@5  61.56 ( 61.56)
[TRAIN] E: [188][31/32]	Loss 2.8477e+00 (2.7456e+00)	Acc@1  29.00 ( 31.17)	Acc@5  59.00 ( 61.20)
[EVAL] E: [188][0/4]	Loss 2.2920e+00 (2.2920e+00)	Acc@1  38.81 ( 38.81)	Acc@5  71.31 ( 71.31)
[EVAL] E: [188][3/4]	Loss 2.4695e+00 (2.3023e+00)	Acc@1  34.00 ( 39.68)	Acc@5  67.00 ( 70.64)
LR=0.08644843137107058	-- best acc so far 45.7
Started EPOCH:189

[TRAIN] E: [189][ 0/32]	Loss 2.6702e+00 (2.6702e+00)	Acc@1  32.62 ( 32.62)	Acc@5  62.00 ( 62.00)
[TRAIN] E: [189][31/32]	Loss 2.6476e+00 (2.7192e+00)	Acc@1  31.00 ( 31.89)	Acc@5  63.50 ( 61.57)
[EVAL] E: [189][0/4]	Loss 2.2950e+00 (2.2950e+00)	Acc@1  38.94 ( 38.94)	Acc@5  69.75 ( 69.75)
[EVAL] E: [189][3/4]	Loss 2.4258e+00 (2.2876e+00)	Acc@1  31.00 ( 39.26)	Acc@5  67.50 ( 70.88)
LR=0.06545084971874737	-- best acc so far 45.7
Started EPOCH:190

[TRAIN] E: [190][ 0/32]	Loss 2.5625e+00 (2.5625e+00)	Acc@1  34.62 ( 34.62)	Acc@5  65.88 ( 65.88)
[TRAIN] E: [190][31/32]	Loss 2.7018e+00 (2.6546e+00)	Acc@1  33.50 ( 33.26)	Acc@5  62.75 ( 63.24)
[EVAL] E: [190][0/4]	Loss 2.1249e+00 (2.1249e+00)	Acc@1  41.94 ( 41.94)	Acc@5  74.19 ( 74.19)
[EVAL] E: [190][3/4]	Loss 2.2494e+00 (2.1195e+00)	Acc@1  40.50 ( 42.88)	Acc@5  71.50 ( 75.16)
LR=0.04063093427071377	-- best acc so far 45.7
Started EPOCH:191

[TRAIN] E: [191][ 0/32]	Loss 2.6223e+00 (2.6223e+00)	Acc@1  34.56 ( 34.56)	Acc@5  64.19 ( 64.19)
[TRAIN] E: [191][31/32]	Loss 2.4853e+00 (2.6189e+00)	Acc@1  36.75 ( 33.98)	Acc@5  69.00 ( 64.15)
[EVAL] E: [191][0/4]	Loss 2.0538e+00 (2.0538e+00)	Acc@1  44.75 ( 44.75)	Acc@5  76.44 ( 76.44)
[EVAL] E: [191][3/4]	Loss 2.1532e+00 (2.0433e+00)	Acc@1  44.00 ( 45.34)	Acc@5  74.00 ( 76.38)
LR=0.018128800512565515	-- best acc so far 45.7
Started EPOCH:192

[TRAIN] E: [192][ 0/32]	Loss 2.5475e+00 (2.5475e+00)	Acc@1  37.00 ( 37.00)	Acc@5  66.69 ( 66.69)
[TRAIN] E: [192][31/32]	Loss 2.4958e+00 (2.5797e+00)	Acc@1  37.00 ( 34.75)	Acc@5  68.75 ( 65.08)
[EVAL] E: [192][0/4]	Loss 1.9912e+00 (1.9912e+00)	Acc@1  44.81 ( 44.81)	Acc@5  76.50 ( 76.50)
[EVAL] E: [192][3/4]	Loss 2.0646e+00 (1.9802e+00)	Acc@1  44.00 ( 45.94)	Acc@5  74.50 ( 77.02)
LR=0.0035111757055874327	-- best acc so far 45.94
Started EPOCH:193

[TRAIN] E: [193][ 0/32]	Loss 2.5705e+00 (2.5705e+00)	Acc@1  34.06 ( 34.06)	Acc@5  65.94 ( 65.94)
[TRAIN] E: [193][31/32]	Loss 2.7007e+00 (2.5792e+00)	Acc@1  31.25 ( 34.69)	Acc@5  61.25 ( 65.02)
[EVAL] E: [193][0/4]	Loss 2.3319e+00 (2.3319e+00)	Acc@1  39.38 ( 39.38)	Acc@5  70.75 ( 70.75)
[EVAL] E: [193][3/4]	Loss 2.4020e+00 (2.3297e+00)	Acc@1  39.00 ( 38.90)	Acc@5  70.50 ( 71.50)
LR=0.0996057350657239	-- best acc so far 45.94
Started EPOCH:194

[TRAIN] E: [194][ 0/32]	Loss 2.6809e+00 (2.6809e+00)	Acc@1  31.94 ( 31.94)	Acc@5  63.38 ( 63.38)
[TRAIN] E: [194][31/32]	Loss 2.7220e+00 (2.7101e+00)	Acc@1  28.25 ( 31.99)	Acc@5  60.00 ( 62.00)
[EVAL] E: [194][0/4]	Loss 2.4773e+00 (2.4773e+00)	Acc@1  37.00 ( 37.00)	Acc@5  68.81 ( 68.81)
[EVAL] E: [194][3/4]	Loss 2.5973e+00 (2.4795e+00)	Acc@1  33.50 ( 36.94)	Acc@5  63.00 ( 68.72)
LR=0.09045084971874738	-- best acc so far 45.94
Started EPOCH:195

[TRAIN] E: [195][ 0/32]	Loss 2.6948e+00 (2.6948e+00)	Acc@1  32.94 ( 32.94)	Acc@5  63.88 ( 63.88)
[TRAIN] E: [195][31/32]	Loss 2.6705e+00 (2.6964e+00)	Acc@1  32.25 ( 32.20)	Acc@5  64.25 ( 62.58)
[EVAL] E: [195][0/4]	Loss 2.4128e+00 (2.4128e+00)	Acc@1  38.12 ( 38.12)	Acc@5  68.75 ( 68.75)
[EVAL] E: [195][3/4]	Loss 2.4304e+00 (2.3956e+00)	Acc@1  34.00 ( 38.36)	Acc@5  69.00 ( 69.98)
LR=0.07128896457825364	-- best acc so far 45.94
Started EPOCH:196

[TRAIN] E: [196][ 0/32]	Loss 2.7146e+00 (2.7146e+00)	Acc@1  31.31 ( 31.31)	Acc@5  61.88 ( 61.88)
[TRAIN] E: [196][31/32]	Loss 2.6890e+00 (2.6520e+00)	Acc@1  32.00 ( 33.19)	Acc@5  65.00 ( 63.23)
[EVAL] E: [196][0/4]	Loss 2.1978e+00 (2.1978e+00)	Acc@1  42.00 ( 42.00)	Acc@5  72.75 ( 72.75)
[EVAL] E: [196][3/4]	Loss 2.2315e+00 (2.1753e+00)	Acc@1  38.50 ( 42.18)	Acc@5  72.50 ( 73.90)
LR=0.04686047402353433	-- best acc so far 45.94
Started EPOCH:197

[TRAIN] E: [197][ 0/32]	Loss 2.6619e+00 (2.6619e+00)	Acc@1  33.00 ( 33.00)	Acc@5  63.19 ( 63.19)
[TRAIN] E: [197][31/32]	Loss 2.7295e+00 (2.6131e+00)	Acc@1  34.00 ( 33.98)	Acc@5  62.25 ( 64.35)
[EVAL] E: [197][0/4]	Loss 2.0631e+00 (2.0631e+00)	Acc@1  44.38 ( 44.38)	Acc@5  76.06 ( 76.06)
[EVAL] E: [197][3/4]	Loss 2.1521e+00 (2.0545e+00)	Acc@1  43.50 ( 45.04)	Acc@5  73.50 ( 76.44)
LR=0.02320866025105016	-- best acc so far 45.94
Started EPOCH:198

[TRAIN] E: [198][ 0/32]	Loss 2.5803e+00 (2.5803e+00)	Acc@1  36.50 ( 36.50)	Acc@5  64.38 ( 64.38)
[TRAIN] E: [198][31/32]	Loss 2.4151e+00 (2.5670e+00)	Acc@1  38.75 ( 34.86)	Acc@5  68.25 ( 65.17)
[EVAL] E: [198][0/4]	Loss 1.9859e+00 (1.9859e+00)	Acc@1  45.69 ( 45.69)	Acc@5  77.31 ( 77.31)
[EVAL] E: [198][3/4]	Loss 2.0651e+00 (1.9794e+00)	Acc@1  43.50 ( 45.72)	Acc@5  76.50 ( 77.60)
LR=0.006184665997806821	-- best acc so far 45.94
Started EPOCH:199

[TRAIN] E: [199][ 0/32]	Loss 2.5305e+00 (2.5305e+00)	Acc@1  35.19 ( 35.19)	Acc@5  67.00 ( 67.00)
[TRAIN] E: [199][31/32]	Loss 2.4616e+00 (2.5463e+00)	Acc@1  40.25 ( 35.55)	Acc@5  69.50 ( 65.76)
[EVAL] E: [199][0/4]	Loss 1.9739e+00 (1.9739e+00)	Acc@1  45.06 ( 45.06)	Acc@5  77.56 ( 77.56)
[EVAL] E: [199][3/4]	Loss 2.0560e+00 (1.9665e+00)	Acc@1  44.00 ( 45.76)	Acc@5  75.50 ( 77.88)
LR=0.1	-- best acc so far 45.94


***[2023-04-27 18:53:56]*** [Post-train] [Student] Test loss = 1.982522, accuracy@1 = 46.26, accuracy@5 = 77.66, error@1 = 53.74, error@5 = 22.34
