Main Function with logger : Logger(dir=ce_results, use-tf=False, writer=None)
Arguments : -------------------------------
batch_size       : 1600
checkpoint_dir   : ./checkpoint
class_num        : 100
cutout_length    : 16
data_path        : /home/prathamesh/code/data/cifar/
dataset          : cifar100
epochs           : 250
eval_batch_size  : 1600
eval_frequency   : 1
global_rand_seed : -1
input_size       : 32
inst_based       : True
log_dir          : ./log
lr               : 0.1
mcd_weight       : 0.01
meta_interval    : 1
meta_lr          : 1e-05
meta_weight_decay : 0.0
model_name       : ResNet10_s
momentum         : 0.9
print_freq       : 100
print_freq_eval  : 100
rand_seed        : 2007
save_dir         : ./ce_results
unsup_adapt      : False
wd               : 0.0005
workers          : 8
Python  Version  : 3.7.12 | packaged by conda-forge | (default, Oct 26 2021, 06:08:21)  [GCC 9.4.0]
Pillow  Version  : 9.2.0
PyTorch Version  : 1.13.1
cuDNN   Version  : 8500
CUDA available   : True
CUDA GPU numbers : 1
CUDA_VISIBLE_DEVICES : 0
Namespace(batch_size=1600, checkpoint_dir='./checkpoint', class_num=100, cutout_length=16, data_path='/home/prathamesh/code/data/cifar/', dataset='cifar100', epochs=250, eval_batch_size=1600, eval_frequency=1, global_rand_seed=-1, input_size=32, inst_based=True, log_dir='./log', lr=0.1, mcd_weight=0.01, meta_interval=1, meta_lr=1e-05, meta_weight_decay=0.0, model_name='ResNet10_s', momentum=0.9, print_freq=100, print_freq_eval=100, rand_seed=2007, save_dir='./ce_results', unsup_adapt=False, wd=0.0005, workers=8)
Train:50000	, Valid:5000	, Test:5000

--------------------------------------------------
Student: ResNet10_s
model information : EfficientNetV2_s (CIFAR)
--------------------------------------------------
[Student]Params=0.08 MB, FLOPs=4.16 M ... = 0.00 G
[TRAIN] E: [0][ 0/32]	Loss 4.6745e+00 (4.6745e+00)	Acc@1   0.88 (  0.88)	Acc@5   5.31 (  5.31)
[TRAIN] E: [0][31/32]	Loss 4.4340e+00 (4.5523e+00)	Acc@1   4.00 (  2.07)	Acc@5  14.75 (  9.07)
[EVAL] E: [0][0/4]	Loss 4.4069e+00 (4.4069e+00)	Acc@1   3.69 (  3.69)	Acc@5  15.25 ( 15.25)
[EVAL] E: [0][3/4]	Loss 4.4207e+00 (4.3992e+00)	Acc@1   2.00 (  3.66)	Acc@5  10.50 ( 15.14)
LR=0.047467541558064374	-- best acc so far 3.66
[TRAIN] E: [1][ 0/32]	Loss 4.4601e+00 (4.4601e+00)	Acc@1   3.56 (  3.56)	Acc@5  12.31 ( 12.31)
[TRAIN] E: [1][31/32]	Loss 4.4226e+00 (4.4032e+00)	Acc@1   4.50 (  3.52)	Acc@5  16.25 ( 14.70)
[EVAL] E: [1][0/4]	Loss 4.4362e+00 (4.4362e+00)	Acc@1   3.88 (  3.88)	Acc@5  16.62 ( 16.62)
[EVAL] E: [1][3/4]	Loss 4.4935e+00 (4.4344e+00)	Acc@1   3.50 (  4.00)	Acc@5  11.50 ( 16.10)
LR=0.09974346616959476	-- best acc so far 4.0
[TRAIN] E: [2][ 0/32]	Loss 4.3778e+00 (4.3778e+00)	Acc@1   3.50 (  3.50)	Acc@5  15.50 ( 15.50)
[TRAIN] E: [2][31/32]	Loss 4.1919e+00 (4.3142e+00)	Acc@1   6.25 (  4.62)	Acc@5  21.25 ( 17.93)
[EVAL] E: [2][0/4]	Loss 4.0354e+00 (4.0354e+00)	Acc@1   7.12 (  7.12)	Acc@5  25.44 ( 25.44)
[EVAL] E: [2][3/4]	Loss 4.0750e+00 (4.0350e+00)	Acc@1   4.50 (  7.14)	Acc@5  25.50 ( 25.08)
LR=0.042428611124771164	-- best acc so far 7.14
[TRAIN] E: [3][ 0/32]	Loss 4.2422e+00 (4.2422e+00)	Acc@1   5.81 (  5.81)	Acc@5  19.12 ( 19.12)
[TRAIN] E: [3][31/32]	Loss 4.2351e+00 (4.2216e+00)	Acc@1   3.75 (  5.75)	Acc@5  19.25 ( 20.33)
[EVAL] E: [3][0/4]	Loss 4.1305e+00 (4.1305e+00)	Acc@1   6.06 (  6.06)	Acc@5  23.25 ( 23.25)
[EVAL] E: [3][3/4]	Loss 4.1296e+00 (4.1188e+00)	Acc@1   5.00 (  5.74)	Acc@5  25.50 ( 23.00)
LR=0.09897649706262474	-- best acc so far 7.14
[TRAIN] E: [4][ 0/32]	Loss 4.2279e+00 (4.2279e+00)	Acc@1   5.69 (  5.69)	Acc@5  20.31 ( 20.31)
[TRAIN] E: [4][31/32]	Loss 4.1551e+00 (4.2011e+00)	Acc@1   6.50 (  6.09)	Acc@5  22.00 ( 21.19)
[EVAL] E: [4][0/4]	Loss 3.9302e+00 (3.9302e+00)	Acc@1   9.56 (  9.56)	Acc@5  29.31 ( 29.31)
[EVAL] E: [4][3/4]	Loss 3.9741e+00 (3.9301e+00)	Acc@1   8.50 (  9.20)	Acc@5  26.50 ( 28.90)
LR=0.03746737338706398	-- best acc so far 9.2
[TRAIN] E: [5][ 0/32]	Loss 4.1749e+00 (4.1749e+00)	Acc@1   6.81 (  6.81)	Acc@5  23.12 ( 23.12)
[TRAIN] E: [5][31/32]	Loss 4.1161e+00 (4.1341e+00)	Acc@1   8.00 (  7.01)	Acc@5  23.75 ( 23.47)
[EVAL] E: [5][0/4]	Loss 3.9163e+00 (3.9163e+00)	Acc@1   9.94 (  9.94)	Acc@5  30.44 ( 30.44)
[EVAL] E: [5][3/4]	Loss 3.8927e+00 (3.8997e+00)	Acc@1   9.50 (  9.96)	Acc@5  30.00 ( 30.44)
LR=0.09770696282000245	-- best acc so far 9.96
[TRAIN] E: [6][ 0/32]	Loss 4.1381e+00 (4.1381e+00)	Acc@1   7.12 (  7.12)	Acc@5  24.19 ( 24.19)
[TRAIN] E: [6][31/32]	Loss 4.0528e+00 (4.1012e+00)	Acc@1   7.25 (  7.58)	Acc@5  26.00 ( 24.07)
[EVAL] E: [6][0/4]	Loss 3.8888e+00 (3.8888e+00)	Acc@1  11.06 ( 11.06)	Acc@5  31.50 ( 31.50)
[EVAL] E: [6][3/4]	Loss 3.8638e+00 (3.8787e+00)	Acc@1   9.00 (  9.92)	Acc@5  32.00 ( 31.04)
LR=0.03263473735775899	-- best acc so far 9.96
[TRAIN] E: [7][ 0/32]	Loss 4.0764e+00 (4.0764e+00)	Acc@1   7.50 (  7.50)	Acc@5  26.25 ( 26.25)
[TRAIN] E: [7][31/32]	Loss 4.0388e+00 (4.0562e+00)	Acc@1   7.00 (  8.16)	Acc@5  27.00 ( 25.92)
[EVAL] E: [7][0/4]	Loss 3.9811e+00 (3.9811e+00)	Acc@1   7.88 (  7.88)	Acc@5  28.56 ( 28.56)
[EVAL] E: [7][3/4]	Loss 3.9267e+00 (3.9580e+00)	Acc@1  10.00 (  8.54)	Acc@5  28.50 ( 28.72)
LR=0.09594789058101154	-- best acc so far 9.96
[TRAIN] E: [8][ 0/32]	Loss 4.0679e+00 (4.0679e+00)	Acc@1   7.88 (  7.88)	Acc@5  25.31 ( 25.31)
[TRAIN] E: [8][31/32]	Loss 3.9687e+00 (4.0442e+00)	Acc@1   9.50 (  8.52)	Acc@5  26.50 ( 26.29)
[EVAL] E: [8][0/4]	Loss 3.6845e+00 (3.6845e+00)	Acc@1  13.38 ( 13.38)	Acc@5  37.69 ( 37.69)
[EVAL] E: [8][3/4]	Loss 3.6844e+00 (3.6882e+00)	Acc@1  12.50 ( 13.44)	Acc@5  38.50 ( 36.82)
LR=0.02798029242211828	-- best acc so far 13.44
[TRAIN] E: [9][ 0/32]	Loss 3.9709e+00 (3.9709e+00)	Acc@1  10.12 ( 10.12)	Acc@5  28.12 ( 28.12)
[TRAIN] E: [9][31/32]	Loss 3.9145e+00 (3.9812e+00)	Acc@1  10.25 (  9.33)	Acc@5  29.75 ( 28.38)
[EVAL] E: [9][0/4]	Loss 3.7889e+00 (3.7889e+00)	Acc@1  11.75 ( 11.75)	Acc@5  34.38 ( 34.38)
[EVAL] E: [9][3/4]	Loss 3.8238e+00 (3.7774e+00)	Acc@1   9.50 ( 11.52)	Acc@5  30.50 ( 34.00)
LR=0.0937173308072291	-- best acc so far 13.44
[TRAIN] E: [10][ 0/32]	Loss 3.9373e+00 (3.9373e+00)	Acc@1   9.25 (  9.25)	Acc@5  28.38 ( 28.38)
[TRAIN] E: [10][31/32]	Loss 3.9443e+00 (3.9492e+00)	Acc@1   8.25 (  9.92)	Acc@5  30.00 ( 29.24)
[EVAL] E: [10][0/4]	Loss 3.6234e+00 (3.6234e+00)	Acc@1  14.12 ( 14.12)	Acc@5  39.69 ( 39.69)
[EVAL] E: [10][3/4]	Loss 3.6206e+00 (3.6197e+00)	Acc@1  14.50 ( 14.52)	Acc@5  43.00 ( 39.62)
LR=0.023551799483651877	-- best acc so far 14.52
[TRAIN] E: [11][ 0/32]	Loss 3.8999e+00 (3.8999e+00)	Acc@1  10.50 ( 10.50)	Acc@5  30.00 ( 30.00)
[TRAIN] E: [11][31/32]	Loss 4.0232e+00 (3.9401e+00)	Acc@1   7.25 ( 10.12)	Acc@5  25.50 ( 29.78)
[EVAL] E: [11][0/4]	Loss 3.9999e+00 (3.9999e+00)	Acc@1  11.69 ( 11.69)	Acc@5  32.44 ( 32.44)
[EVAL] E: [11][3/4]	Loss 4.0142e+00 (3.9717e+00)	Acc@1   7.50 ( 11.54)	Acc@5  32.50 ( 33.42)
LR=0.09103817206036383	-- best acc so far 14.52
[TRAIN] E: [12][ 0/32]	Loss 3.9871e+00 (3.9871e+00)	Acc@1  10.62 ( 10.62)	Acc@5  28.44 ( 28.44)
[TRAIN] E: [12][31/32]	Loss 3.7809e+00 (3.9134e+00)	Acc@1  11.75 ( 10.47)	Acc@5  37.00 ( 30.64)
[EVAL] E: [12][0/4]	Loss 3.4742e+00 (3.4742e+00)	Acc@1  17.31 ( 17.31)	Acc@5  43.69 ( 43.69)
[EVAL] E: [12][3/4]	Loss 3.4641e+00 (3.4632e+00)	Acc@1  18.00 ( 17.46)	Acc@5  45.00 ( 43.56)
LR=0.019394700872616872	-- best acc so far 17.46
[TRAIN] E: [13][ 0/32]	Loss 3.8529e+00 (3.8529e+00)	Acc@1  11.12 ( 11.12)	Acc@5  32.06 ( 32.06)
[TRAIN] E: [13][31/32]	Loss 3.8765e+00 (3.8837e+00)	Acc@1   9.00 ( 10.89)	Acc@5  31.75 ( 31.30)
[EVAL] E: [13][0/4]	Loss 3.6272e+00 (3.6272e+00)	Acc@1  15.12 ( 15.12)	Acc@5  40.88 ( 40.88)
[EVAL] E: [13][3/4]	Loss 3.4860e+00 (3.6160e+00)	Acc@1  14.50 ( 14.88)	Acc@5  40.00 ( 39.54)
LR=0.08793790613463955	-- best acc so far 17.46
[TRAIN] E: [14][ 0/32]	Loss 3.9283e+00 (3.9283e+00)	Acc@1  11.00 ( 11.00)	Acc@5  30.38 ( 30.38)
[TRAIN] E: [14][31/32]	Loss 3.7329e+00 (3.8414e+00)	Acc@1  13.00 ( 11.68)	Acc@5  35.25 ( 32.79)
[EVAL] E: [14][0/4]	Loss 3.4282e+00 (3.4282e+00)	Acc@1  17.56 ( 17.56)	Acc@5  45.62 ( 45.62)
[EVAL] E: [14][3/4]	Loss 3.3727e+00 (3.4228e+00)	Acc@1  19.00 ( 17.98)	Acc@5  46.00 ( 45.10)
LR=0.015551654046215686	-- best acc so far 17.98
[TRAIN] E: [15][ 0/32]	Loss 3.8000e+00 (3.8000e+00)	Acc@1  13.38 ( 13.38)	Acc@5  34.38 ( 34.38)
[TRAIN] E: [15][31/32]	Loss 3.8865e+00 (3.8115e+00)	Acc@1   9.00 ( 12.10)	Acc@5  32.25 ( 33.67)
[EVAL] E: [15][0/4]	Loss 3.5361e+00 (3.5361e+00)	Acc@1  17.00 ( 17.00)	Acc@5  41.44 ( 41.44)
[EVAL] E: [15][3/4]	Loss 3.5271e+00 (3.5538e+00)	Acc@1  16.00 ( 16.22)	Acc@5  44.50 ( 41.38)
LR=0.08444834595378434	-- best acc so far 17.98
[TRAIN] E: [16][ 0/32]	Loss 3.8018e+00 (3.8018e+00)	Acc@1  13.19 ( 13.19)	Acc@5  34.94 ( 34.94)
[TRAIN] E: [16][31/32]	Loss 3.7168e+00 (3.7635e+00)	Acc@1  13.50 ( 12.78)	Acc@5  38.75 ( 35.28)
[EVAL] E: [16][0/4]	Loss 3.2956e+00 (3.2956e+00)	Acc@1  20.25 ( 20.25)	Acc@5  48.75 ( 48.75)
[EVAL] E: [16][3/4]	Loss 3.3091e+00 (3.3015e+00)	Acc@1  19.00 ( 20.50)	Acc@5  49.50 ( 48.34)
LR=0.012062093865360458	-- best acc so far 20.5
[TRAIN] E: [17][ 0/32]	Loss 3.6759e+00 (3.6759e+00)	Acc@1  15.75 ( 15.75)	Acc@5  38.50 ( 38.50)
[TRAIN] E: [17][31/32]	Loss 3.7332e+00 (3.7293e+00)	Acc@1  12.25 ( 13.46)	Acc@5  34.00 ( 36.07)
[EVAL] E: [17][0/4]	Loss 3.3956e+00 (3.3956e+00)	Acc@1  17.75 ( 17.75)	Acc@5  46.75 ( 46.75)
[EVAL] E: [17][3/4]	Loss 3.3907e+00 (3.3843e+00)	Acc@1  14.50 ( 18.30)	Acc@5  45.50 ( 46.38)
LR=0.08060529912738315	-- best acc so far 20.5
[TRAIN] E: [18][ 0/32]	Loss 3.7133e+00 (3.7133e+00)	Acc@1  13.94 ( 13.94)	Acc@5  34.94 ( 34.94)
[TRAIN] E: [18][31/32]	Loss 3.6635e+00 (3.6578e+00)	Acc@1  14.25 ( 14.78)	Acc@5  37.25 ( 37.93)
[EVAL] E: [18][0/4]	Loss 3.2064e+00 (3.2064e+00)	Acc@1  21.12 ( 21.12)	Acc@5  51.62 ( 51.62)
[EVAL] E: [18][3/4]	Loss 3.2179e+00 (3.2066e+00)	Acc@1  19.00 ( 21.62)	Acc@5  50.00 ( 50.32)
LR=0.008961827939636185	-- best acc so far 21.62
[TRAIN] E: [19][ 0/32]	Loss 3.6529e+00 (3.6529e+00)	Acc@1  13.75 ( 13.75)	Acc@5  38.31 ( 38.31)
[TRAIN] E: [19][31/32]	Loss 3.7070e+00 (3.7751e+00)	Acc@1  12.75 ( 12.66)	Acc@5  36.25 ( 34.93)
[EVAL] E: [19][0/4]	Loss 3.5585e+00 (3.5585e+00)	Acc@1  15.12 ( 15.12)	Acc@5  42.75 ( 42.75)
[EVAL] E: [19][3/4]	Loss 3.5913e+00 (3.5510e+00)	Acc@1  15.00 ( 16.00)	Acc@5  40.50 ( 42.22)
LR=0.07644820051634812	-- best acc so far 21.62
[TRAIN] E: [20][ 0/32]	Loss 3.7585e+00 (3.7585e+00)	Acc@1  13.75 ( 13.75)	Acc@5  34.94 ( 34.94)
[TRAIN] E: [20][31/32]	Loss 3.6304e+00 (3.6721e+00)	Acc@1  14.25 ( 14.27)	Acc@5  37.75 ( 37.56)
[EVAL] E: [20][0/4]	Loss 3.1730e+00 (3.1730e+00)	Acc@1  22.19 ( 22.19)	Acc@5  53.06 ( 53.06)
[EVAL] E: [20][3/4]	Loss 3.1250e+00 (3.1708e+00)	Acc@1  21.00 ( 22.68)	Acc@5  53.00 ( 51.86)
LR=0.006282669192770896	-- best acc so far 22.68
[TRAIN] E: [21][ 0/32]	Loss 3.6066e+00 (3.6066e+00)	Acc@1  15.81 ( 15.81)	Acc@5  39.44 ( 39.44)
[TRAIN] E: [21][31/32]	Loss 3.6120e+00 (3.7329e+00)	Acc@1  13.25 ( 13.41)	Acc@5  40.50 ( 36.08)
[EVAL] E: [21][0/4]	Loss 3.5788e+00 (3.5788e+00)	Acc@1  16.81 ( 16.81)	Acc@5  40.81 ( 40.81)
[EVAL] E: [21][3/4]	Loss 3.5753e+00 (3.5822e+00)	Acc@1  13.00 ( 16.40)	Acc@5  39.50 ( 40.32)
LR=0.07201970757788172	-- best acc so far 22.68
[TRAIN] E: [22][ 0/32]	Loss 3.6881e+00 (3.6881e+00)	Acc@1  14.19 ( 14.19)	Acc@5  38.00 ( 38.00)
[TRAIN] E: [22][31/32]	Loss 3.5327e+00 (3.5962e+00)	Acc@1  18.00 ( 15.51)	Acc@5  42.50 ( 39.96)
[EVAL] E: [22][0/4]	Loss 3.0897e+00 (3.0897e+00)	Acc@1  22.94 ( 22.94)	Acc@5  53.50 ( 53.50)
[EVAL] E: [22][3/4]	Loss 3.0679e+00 (3.0891e+00)	Acc@1  21.50 ( 23.66)	Acc@5  54.00 ( 53.00)
LR=0.00405210941898847	-- best acc so far 23.66
[TRAIN] E: [23][ 0/32]	Loss 3.5414e+00 (3.5414e+00)	Acc@1  16.06 ( 16.06)	Acc@5  41.88 ( 41.88)
[TRAIN] E: [23][31/32]	Loss 3.7347e+00 (3.7815e+00)	Acc@1  13.75 ( 12.85)	Acc@5  35.50 ( 35.00)
[EVAL] E: [23][0/4]	Loss 3.4554e+00 (3.4554e+00)	Acc@1  18.56 ( 18.56)	Acc@5  44.69 ( 44.69)
[EVAL] E: [23][3/4]	Loss 3.4985e+00 (3.4651e+00)	Acc@1  12.00 ( 17.74)	Acc@5  38.50 ( 44.58)
LR=0.067365262642241	-- best acc so far 23.66
[TRAIN] E: [24][ 0/32]	Loss 3.7056e+00 (3.7056e+00)	Acc@1  14.50 ( 14.50)	Acc@5  38.62 ( 38.62)
[TRAIN] E: [24][31/32]	Loss 3.5957e+00 (3.5973e+00)	Acc@1  14.75 ( 15.97)	Acc@5  38.00 ( 40.12)
[EVAL] E: [24][0/4]	Loss 3.1085e+00 (3.1085e+00)	Acc@1  22.94 ( 22.94)	Acc@5  53.75 ( 53.75)
[EVAL] E: [24][3/4]	Loss 3.0649e+00 (3.0967e+00)	Acc@1  23.00 ( 23.98)	Acc@5  56.00 ( 53.98)
LR=0.0022930371799975593	-- best acc so far 23.98
[TRAIN] E: [25][ 0/32]	Loss 3.5054e+00 (3.5054e+00)	Acc@1  17.00 ( 17.00)	Acc@5  42.06 ( 42.06)
[TRAIN] E: [25][31/32]	Loss 3.4775e+00 (3.6114e+00)	Acc@1  20.25 ( 15.28)	Acc@5  41.50 ( 39.54)
[EVAL] E: [25][0/4]	Loss 3.2761e+00 (3.2761e+00)	Acc@1  20.81 ( 20.81)	Acc@5  48.12 ( 48.12)
[EVAL] E: [25][3/4]	Loss 3.3629e+00 (3.2815e+00)	Acc@1  17.50 ( 20.56)	Acc@5  45.00 ( 48.32)
LR=0.06253262661293603	-- best acc so far 23.98
[TRAIN] E: [26][ 0/32]	Loss 3.4870e+00 (3.4870e+00)	Acc@1  17.31 ( 17.31)	Acc@5  42.69 ( 42.69)
[TRAIN] E: [26][31/32]	Loss 3.5155e+00 (3.4920e+00)	Acc@1  17.75 ( 17.48)	Acc@5  41.25 ( 42.60)
[EVAL] E: [26][0/4]	Loss 3.0057e+00 (3.0057e+00)	Acc@1  25.19 ( 25.19)	Acc@5  57.06 ( 57.06)
[EVAL] E: [26][3/4]	Loss 3.0034e+00 (2.9906e+00)	Acc@1  23.50 ( 25.58)	Acc@5  58.00 ( 56.90)
LR=0.0010235029373752758	-- best acc so far 25.58
[TRAIN] E: [27][ 0/32]	Loss 3.4203e+00 (3.4203e+00)	Acc@1  18.50 ( 18.50)	Acc@5  44.94 ( 44.94)
[TRAIN] E: [27][31/32]	Loss 3.4840e+00 (3.4736e+00)	Acc@1  16.75 ( 17.61)	Acc@5  42.75 ( 43.15)
[EVAL] E: [27][0/4]	Loss 3.0768e+00 (3.0768e+00)	Acc@1  25.19 ( 25.19)	Acc@5  53.00 ( 53.00)
[EVAL] E: [27][3/4]	Loss 3.0496e+00 (3.0594e+00)	Acc@1  20.00 ( 24.40)	Acc@5  55.50 ( 53.96)
LR=0.057571388875228835	-- best acc so far 25.58
[TRAIN] E: [28][ 0/32]	Loss 3.4142e+00 (3.4142e+00)	Acc@1  20.12 ( 20.12)	Acc@5  45.44 ( 45.44)
[TRAIN] E: [28][31/32]	Loss 3.3940e+00 (3.3941e+00)	Acc@1  18.00 ( 18.98)	Acc@5  47.00 ( 45.15)
[EVAL] E: [28][0/4]	Loss 2.8887e+00 (2.8887e+00)	Acc@1  28.94 ( 28.94)	Acc@5  58.25 ( 58.25)
[EVAL] E: [28][3/4]	Loss 2.8926e+00 (2.8836e+00)	Acc@1  23.00 ( 28.14)	Acc@5  63.50 ( 58.92)
LR=0.0002565338304052478	-- best acc so far 28.14
[TRAIN] E: [29][ 0/32]	Loss 3.3841e+00 (3.3841e+00)	Acc@1  18.69 ( 18.69)	Acc@5  45.56 ( 45.56)
[TRAIN] E: [29][31/32]	Loss 3.4099e+00 (3.3878e+00)	Acc@1  19.00 ( 19.01)	Acc@5  45.50 ( 45.33)
[EVAL] E: [29][0/4]	Loss 2.9737e+00 (2.9737e+00)	Acc@1  26.31 ( 26.31)	Acc@5  55.75 ( 55.75)
[EVAL] E: [29][3/4]	Loss 2.9876e+00 (2.9801e+00)	Acc@1  24.00 ( 26.38)	Acc@5  57.50 ( 55.40)
LR=0.05253245844193565	-- best acc so far 28.14
[TRAIN] E: [30][ 0/32]	Loss 3.3681e+00 (3.3681e+00)	Acc@1  19.19 ( 19.19)	Acc@5  45.25 ( 45.25)
[TRAIN] E: [30][31/32]	Loss 3.3433e+00 (3.3283e+00)	Acc@1  18.25 ( 20.20)	Acc@5  46.00 ( 46.88)
[EVAL] E: [30][0/4]	Loss 2.7831e+00 (2.7831e+00)	Acc@1  31.19 ( 31.19)	Acc@5  61.00 ( 61.00)
[EVAL] E: [30][3/4]	Loss 2.7812e+00 (2.7786e+00)	Acc@1  26.00 ( 30.04)	Acc@5  65.00 ( 61.60)
LR=0.1	-- best acc so far 30.04
[TRAIN] E: [31][ 0/32]	Loss 3.3079e+00 (3.3079e+00)	Acc@1  19.31 ( 19.31)	Acc@5  48.44 ( 48.44)
[TRAIN] E: [31][31/32]	Loss 3.1495e+00 (3.3312e+00)	Acc@1  27.75 ( 20.04)	Acc@5  49.75 ( 46.81)
[EVAL] E: [31][0/4]	Loss 2.9305e+00 (2.9305e+00)	Acc@1  27.56 ( 27.56)	Acc@5  58.62 ( 58.62)
[EVAL] E: [31][3/4]	Loss 2.9443e+00 (2.9132e+00)	Acc@1  27.50 ( 27.94)	Acc@5  57.00 ( 57.86)
LR=0.047467541558064374	-- best acc so far 30.04
[TRAIN] E: [32][ 0/32]	Loss 3.2232e+00 (3.2232e+00)	Acc@1  21.94 ( 21.94)	Acc@5  50.19 ( 50.19)
[TRAIN] E: [32][31/32]	Loss 3.4179e+00 (3.2606e+00)	Acc@1  16.50 ( 21.46)	Acc@5  45.00 ( 48.99)
[EVAL] E: [32][0/4]	Loss 3.5850e+00 (3.5850e+00)	Acc@1  17.94 ( 17.94)	Acc@5  43.62 ( 43.62)
[EVAL] E: [32][3/4]	Loss 3.6798e+00 (3.5866e+00)	Acc@1  17.50 ( 17.12)	Acc@5  43.50 ( 43.68)
LR=0.09974346616959476	-- best acc so far 30.04
[TRAIN] E: [33][ 0/32]	Loss 3.3517e+00 (3.3517e+00)	Acc@1  19.94 ( 19.94)	Acc@5  46.69 ( 46.69)
[TRAIN] E: [33][31/32]	Loss 3.3526e+00 (3.3114e+00)	Acc@1  21.00 ( 20.27)	Acc@5  47.50 ( 47.50)
[EVAL] E: [33][0/4]	Loss 2.7670e+00 (2.7670e+00)	Acc@1  30.00 ( 30.00)	Acc@5  61.12 ( 61.12)
[EVAL] E: [33][3/4]	Loss 2.7957e+00 (2.7678e+00)	Acc@1  23.00 ( 30.00)	Acc@5  65.00 ( 60.90)
LR=0.042428611124771164	-- best acc so far 30.04
[TRAIN] E: [34][ 0/32]	Loss 3.2587e+00 (3.2587e+00)	Acc@1  21.19 ( 21.19)	Acc@5  47.88 ( 47.88)
[TRAIN] E: [34][31/32]	Loss 3.1997e+00 (3.2181e+00)	Acc@1  22.50 ( 22.04)	Acc@5  50.25 ( 49.92)
[EVAL] E: [34][0/4]	Loss 3.5014e+00 (3.5014e+00)	Acc@1  20.94 ( 20.94)	Acc@5  47.19 ( 47.19)
[EVAL] E: [34][3/4]	Loss 3.5937e+00 (3.5061e+00)	Acc@1  21.00 ( 20.30)	Acc@5  50.00 ( 47.20)
LR=0.09897649706262474	-- best acc so far 30.04
[TRAIN] E: [35][ 0/32]	Loss 3.2945e+00 (3.2945e+00)	Acc@1  19.88 ( 19.88)	Acc@5  48.56 ( 48.56)
[TRAIN] E: [35][31/32]	Loss 3.1479e+00 (3.2467e+00)	Acc@1  24.00 ( 21.68)	Acc@5  54.25 ( 49.26)
[EVAL] E: [35][0/4]	Loss 2.7727e+00 (2.7727e+00)	Acc@1  31.19 ( 31.19)	Acc@5  60.69 ( 60.69)
[EVAL] E: [35][3/4]	Loss 2.8193e+00 (2.7870e+00)	Acc@1  30.50 ( 30.10)	Acc@5  61.00 ( 60.56)
LR=0.03746737338706398	-- best acc so far 30.1
[TRAIN] E: [36][ 0/32]	Loss 3.2291e+00 (3.2291e+00)	Acc@1  21.75 ( 21.75)	Acc@5  49.62 ( 49.62)
[TRAIN] E: [36][31/32]	Loss 3.2658e+00 (3.1884e+00)	Acc@1  19.75 ( 22.46)	Acc@5  47.50 ( 50.65)
[EVAL] E: [36][0/4]	Loss 3.4552e+00 (3.4552e+00)	Acc@1  21.88 ( 21.88)	Acc@5  49.06 ( 49.06)
[EVAL] E: [36][3/4]	Loss 3.4629e+00 (3.4282e+00)	Acc@1  20.50 ( 21.42)	Acc@5  51.00 ( 49.54)
LR=0.09770696282000245	-- best acc so far 30.1
[TRAIN] E: [37][ 0/32]	Loss 3.2935e+00 (3.2935e+00)	Acc@1  20.06 ( 20.06)	Acc@5  48.12 ( 48.12)
[TRAIN] E: [37][31/32]	Loss 3.0838e+00 (3.2002e+00)	Acc@1  25.75 ( 22.33)	Acc@5  53.00 ( 50.29)
[EVAL] E: [37][0/4]	Loss 2.7979e+00 (2.7979e+00)	Acc@1  31.00 ( 31.00)	Acc@5  61.12 ( 61.12)
[EVAL] E: [37][3/4]	Loss 2.7687e+00 (2.8127e+00)	Acc@1  29.50 ( 29.74)	Acc@5  63.50 ( 60.28)
LR=0.03263473735775899	-- best acc so far 30.1
[TRAIN] E: [38][ 0/32]	Loss 3.1124e+00 (3.1124e+00)	Acc@1  24.38 ( 24.38)	Acc@5  53.88 ( 53.88)
[TRAIN] E: [38][31/32]	Loss 3.2332e+00 (3.1247e+00)	Acc@1  24.50 ( 23.73)	Acc@5  50.00 ( 52.41)
[EVAL] E: [38][0/4]	Loss 2.8093e+00 (2.8093e+00)	Acc@1  29.06 ( 29.06)	Acc@5  61.25 ( 61.25)
[EVAL] E: [38][3/4]	Loss 2.8581e+00 (2.8149e+00)	Acc@1  28.50 ( 28.72)	Acc@5  58.00 ( 60.30)
LR=0.09594789058101154	-- best acc so far 30.1
[TRAIN] E: [39][ 0/32]	Loss 3.2168e+00 (3.2168e+00)	Acc@1  20.75 ( 20.75)	Acc@5  49.94 ( 49.94)
[TRAIN] E: [39][31/32]	Loss 3.1855e+00 (3.1426e+00)	Acc@1  22.25 ( 23.19)	Acc@5  52.00 ( 51.88)
[EVAL] E: [39][0/4]	Loss 2.6388e+00 (2.6388e+00)	Acc@1  33.38 ( 33.38)	Acc@5  63.69 ( 63.69)
[EVAL] E: [39][3/4]	Loss 2.6824e+00 (2.6395e+00)	Acc@1  32.50 ( 32.02)	Acc@5  66.00 ( 64.10)
LR=0.02798029242211828	-- best acc so far 32.02
[TRAIN] E: [40][ 0/32]	Loss 3.0986e+00 (3.0986e+00)	Acc@1  25.38 ( 25.38)	Acc@5  54.50 ( 54.50)
[TRAIN] E: [40][31/32]	Loss 3.1411e+00 (3.0940e+00)	Acc@1  27.75 ( 24.28)	Acc@5  54.00 ( 52.85)
[EVAL] E: [40][0/4]	Loss 2.7360e+00 (2.7360e+00)	Acc@1  30.38 ( 30.38)	Acc@5  60.75 ( 60.75)
[EVAL] E: [40][3/4]	Loss 2.6237e+00 (2.7313e+00)	Acc@1  31.50 ( 30.40)	Acc@5  67.00 ( 61.88)
LR=0.0937173308072291	-- best acc so far 32.02
[TRAIN] E: [41][ 0/32]	Loss 3.1181e+00 (3.1181e+00)	Acc@1  23.56 ( 23.56)	Acc@5  50.38 ( 50.38)
[TRAIN] E: [41][31/32]	Loss 3.1004e+00 (3.1102e+00)	Acc@1  25.25 ( 24.08)	Acc@5  51.50 ( 52.39)
[EVAL] E: [41][0/4]	Loss 2.6932e+00 (2.6932e+00)	Acc@1  32.31 ( 32.31)	Acc@5  63.31 ( 63.31)
[EVAL] E: [41][3/4]	Loss 2.6984e+00 (2.6942e+00)	Acc@1  35.50 ( 32.10)	Acc@5  64.00 ( 62.86)
LR=0.023551799483651877	-- best acc so far 32.1
[TRAIN] E: [42][ 0/32]	Loss 3.0820e+00 (3.0820e+00)	Acc@1  22.62 ( 22.62)	Acc@5  53.06 ( 53.06)
[TRAIN] E: [42][31/32]	Loss 3.0857e+00 (3.0695e+00)	Acc@1  25.00 ( 24.52)	Acc@5  53.00 ( 53.51)
[EVAL] E: [42][0/4]	Loss 2.8997e+00 (2.8997e+00)	Acc@1  27.31 ( 27.31)	Acc@5  58.44 ( 58.44)
[EVAL] E: [42][3/4]	Loss 2.9843e+00 (2.9074e+00)	Acc@1  25.00 ( 27.06)	Acc@5  54.50 ( 57.82)
LR=0.09103817206036383	-- best acc so far 32.1
[TRAIN] E: [43][ 0/32]	Loss 3.1056e+00 (3.1056e+00)	Acc@1  22.81 ( 22.81)	Acc@5  53.00 ( 53.00)
[TRAIN] E: [43][31/32]	Loss 2.9459e+00 (3.0766e+00)	Acc@1  28.50 ( 24.49)	Acc@5  58.50 ( 53.42)
[EVAL] E: [43][0/4]	Loss 2.5309e+00 (2.5309e+00)	Acc@1  34.94 ( 34.94)	Acc@5  65.25 ( 65.25)
[EVAL] E: [43][3/4]	Loss 2.5290e+00 (2.5366e+00)	Acc@1  35.00 ( 34.82)	Acc@5  68.00 ( 65.28)
LR=0.019394700872616872	-- best acc so far 34.82
[TRAIN] E: [44][ 0/32]	Loss 2.9798e+00 (2.9798e+00)	Acc@1  27.00 ( 27.00)	Acc@5  55.44 ( 55.44)
[TRAIN] E: [44][31/32]	Loss 3.1603e+00 (3.0837e+00)	Acc@1  20.75 ( 24.23)	Acc@5  50.75 ( 53.02)
[EVAL] E: [44][0/4]	Loss 3.0621e+00 (3.0621e+00)	Acc@1  26.62 ( 26.62)	Acc@5  55.75 ( 55.75)
[EVAL] E: [44][3/4]	Loss 2.8519e+00 (3.0286e+00)	Acc@1  27.50 ( 25.38)	Acc@5  63.00 ( 57.02)
LR=0.08793790613463955	-- best acc so far 34.82
[TRAIN] E: [45][ 0/32]	Loss 3.0374e+00 (3.0374e+00)	Acc@1  24.56 ( 24.56)	Acc@5  55.44 ( 55.44)
[TRAIN] E: [45][31/32]	Loss 3.0251e+00 (3.0642e+00)	Acc@1  26.50 ( 24.79)	Acc@5  54.00 ( 53.74)
[EVAL] E: [45][0/4]	Loss 2.4231e+00 (2.4231e+00)	Acc@1  35.50 ( 35.50)	Acc@5  69.69 ( 69.69)
[EVAL] E: [45][3/4]	Loss 2.4528e+00 (2.4362e+00)	Acc@1  35.50 ( 35.78)	Acc@5  69.50 ( 69.26)
LR=0.015551654046215686	-- best acc so far 35.78
[TRAIN] E: [46][ 0/32]	Loss 3.0117e+00 (3.0117e+00)	Acc@1  24.81 ( 24.81)	Acc@5  54.31 ( 54.31)
[TRAIN] E: [46][31/32]	Loss 2.9674e+00 (3.0292e+00)	Acc@1  26.25 ( 25.37)	Acc@5  56.25 ( 54.55)
[EVAL] E: [46][0/4]	Loss 2.7433e+00 (2.7433e+00)	Acc@1  30.25 ( 30.25)	Acc@5  62.69 ( 62.69)
[EVAL] E: [46][3/4]	Loss 2.8404e+00 (2.7511e+00)	Acc@1  26.50 ( 30.40)	Acc@5  59.50 ( 61.56)
LR=0.08444834595378434	-- best acc so far 35.78
[TRAIN] E: [47][ 0/32]	Loss 3.0012e+00 (3.0012e+00)	Acc@1  25.38 ( 25.38)	Acc@5  55.19 ( 55.19)
[TRAIN] E: [47][31/32]	Loss 3.1292e+00 (3.0101e+00)	Acc@1  22.00 ( 25.50)	Acc@5  53.25 ( 55.14)
[EVAL] E: [47][0/4]	Loss 2.4428e+00 (2.4428e+00)	Acc@1  36.25 ( 36.25)	Acc@5  68.06 ( 68.06)
[EVAL] E: [47][3/4]	Loss 2.4085e+00 (2.4521e+00)	Acc@1  40.50 ( 36.56)	Acc@5  72.50 ( 68.36)
LR=0.012062093865360458	-- best acc so far 36.56
[TRAIN] E: [48][ 0/32]	Loss 2.9226e+00 (2.9226e+00)	Acc@1  27.12 ( 27.12)	Acc@5  57.56 ( 57.56)
[TRAIN] E: [48][31/32]	Loss 2.9763e+00 (3.0448e+00)	Acc@1  28.00 ( 25.33)	Acc@5  57.00 ( 54.11)
[EVAL] E: [48][0/4]	Loss 2.6371e+00 (2.6371e+00)	Acc@1  32.06 ( 32.06)	Acc@5  63.81 ( 63.81)
[EVAL] E: [48][3/4]	Loss 2.6253e+00 (2.6268e+00)	Acc@1  34.50 ( 32.26)	Acc@5  63.50 ( 64.64)
LR=0.08060529912738315	-- best acc so far 36.56
[TRAIN] E: [49][ 0/32]	Loss 3.0064e+00 (3.0064e+00)	Acc@1  24.50 ( 24.50)	Acc@5  53.88 ( 53.88)
[TRAIN] E: [49][31/32]	Loss 2.9515e+00 (2.9859e+00)	Acc@1  26.25 ( 26.29)	Acc@5  57.75 ( 55.70)
[EVAL] E: [49][0/4]	Loss 2.3218e+00 (2.3218e+00)	Acc@1  39.88 ( 39.88)	Acc@5  71.50 ( 71.50)
[EVAL] E: [49][3/4]	Loss 2.3209e+00 (2.3304e+00)	Acc@1  41.50 ( 39.64)	Acc@5  72.00 ( 71.56)
LR=0.008961827939636185	-- best acc so far 39.64
[TRAIN] E: [50][ 0/32]	Loss 2.8655e+00 (2.8655e+00)	Acc@1  27.25 ( 27.25)	Acc@5  58.75 ( 58.75)
[TRAIN] E: [50][31/32]	Loss 3.0807e+00 (3.0372e+00)	Acc@1  24.50 ( 25.47)	Acc@5  54.25 ( 54.23)
[EVAL] E: [50][0/4]	Loss 2.9234e+00 (2.9234e+00)	Acc@1  28.00 ( 28.00)	Acc@5  58.31 ( 58.31)
[EVAL] E: [50][3/4]	Loss 2.8575e+00 (2.8949e+00)	Acc@1  25.50 ( 28.58)	Acc@5  60.50 ( 58.64)
LR=0.07644820051634812	-- best acc so far 39.64
[TRAIN] E: [51][ 0/32]	Loss 3.0140e+00 (3.0140e+00)	Acc@1  25.31 ( 25.31)	Acc@5  54.75 ( 54.75)
[TRAIN] E: [51][31/32]	Loss 2.8160e+00 (2.9706e+00)	Acc@1  29.00 ( 26.62)	Acc@5  59.50 ( 56.16)
[EVAL] E: [51][0/4]	Loss 2.3123e+00 (2.3123e+00)	Acc@1  38.75 ( 38.75)	Acc@5  72.56 ( 72.56)
[EVAL] E: [51][3/4]	Loss 2.3275e+00 (2.3269e+00)	Acc@1  39.50 ( 38.88)	Acc@5  72.50 ( 71.70)
LR=0.006282669192770896	-- best acc so far 39.64
[TRAIN] E: [52][ 0/32]	Loss 2.9084e+00 (2.9084e+00)	Acc@1  27.81 ( 27.81)	Acc@5  56.62 ( 56.62)
[TRAIN] E: [52][31/32]	Loss 2.7969e+00 (2.9754e+00)	Acc@1  31.00 ( 26.65)	Acc@5  59.75 ( 55.96)
[EVAL] E: [52][0/4]	Loss 2.8612e+00 (2.8612e+00)	Acc@1  28.56 ( 28.56)	Acc@5  61.06 ( 61.06)
[EVAL] E: [52][3/4]	Loss 3.0216e+00 (2.8870e+00)	Acc@1  30.00 ( 29.50)	Acc@5  60.50 ( 60.62)
LR=0.07201970757788172	-- best acc so far 39.64
[TRAIN] E: [53][ 0/32]	Loss 2.9954e+00 (2.9954e+00)	Acc@1  25.75 ( 25.75)	Acc@5  56.94 ( 56.94)
[TRAIN] E: [53][31/32]	Loss 2.9639e+00 (2.9211e+00)	Acc@1  27.25 ( 27.30)	Acc@5  57.75 ( 57.18)
[EVAL] E: [53][0/4]	Loss 2.2482e+00 (2.2482e+00)	Acc@1  40.69 ( 40.69)	Acc@5  73.69 ( 73.69)
[EVAL] E: [53][3/4]	Loss 2.2426e+00 (2.2701e+00)	Acc@1  42.50 ( 40.58)	Acc@5  72.50 ( 72.68)
LR=0.00405210941898847	-- best acc so far 40.58
[TRAIN] E: [54][ 0/32]	Loss 2.8901e+00 (2.8901e+00)	Acc@1  28.06 ( 28.06)	Acc@5  57.38 ( 57.38)
[TRAIN] E: [54][31/32]	Loss 2.8590e+00 (3.0054e+00)	Acc@1  29.75 ( 26.06)	Acc@5  57.50 ( 55.09)
[EVAL] E: [54][0/4]	Loss 2.6900e+00 (2.6900e+00)	Acc@1  32.56 ( 32.56)	Acc@5  64.31 ( 64.31)
[EVAL] E: [54][3/4]	Loss 2.6920e+00 (2.7005e+00)	Acc@1  30.00 ( 32.26)	Acc@5  67.50 ( 64.02)
LR=0.067365262642241	-- best acc so far 40.58
[TRAIN] E: [55][ 0/32]	Loss 2.9513e+00 (2.9513e+00)	Acc@1  27.06 ( 27.06)	Acc@5  57.50 ( 57.50)
[TRAIN] E: [55][31/32]	Loss 2.7889e+00 (2.9152e+00)	Acc@1  29.50 ( 27.58)	Acc@5  61.75 ( 57.23)
[EVAL] E: [55][0/4]	Loss 2.2434e+00 (2.2434e+00)	Acc@1  41.62 ( 41.62)	Acc@5  72.50 ( 72.50)
[EVAL] E: [55][3/4]	Loss 2.2539e+00 (2.2577e+00)	Acc@1  41.50 ( 40.88)	Acc@5  75.50 ( 72.50)
LR=0.0022930371799975593	-- best acc so far 40.88
[TRAIN] E: [56][ 0/32]	Loss 2.7906e+00 (2.7906e+00)	Acc@1  30.50 ( 30.50)	Acc@5  59.81 ( 59.81)
[TRAIN] E: [56][31/32]	Loss 3.0381e+00 (2.9626e+00)	Acc@1  26.25 ( 26.91)	Acc@5  54.25 ( 56.09)
[EVAL] E: [56][0/4]	Loss 2.5390e+00 (2.5390e+00)	Acc@1  35.44 ( 35.44)	Acc@5  65.75 ( 65.75)
[EVAL] E: [56][3/4]	Loss 2.5809e+00 (2.5501e+00)	Acc@1  33.00 ( 34.46)	Acc@5  63.00 ( 65.84)
LR=0.06253262661293603	-- best acc so far 40.88
[TRAIN] E: [57][ 0/32]	Loss 2.8801e+00 (2.8801e+00)	Acc@1  28.25 ( 28.25)	Acc@5  57.88 ( 57.88)
[TRAIN] E: [57][31/32]	Loss 2.9228e+00 (2.8687e+00)	Acc@1  27.50 ( 28.44)	Acc@5  54.50 ( 58.53)
[EVAL] E: [57][0/4]	Loss 2.2185e+00 (2.2185e+00)	Acc@1  42.06 ( 42.06)	Acc@5  73.50 ( 73.50)
[EVAL] E: [57][3/4]	Loss 2.1855e+00 (2.2338e+00)	Acc@1  44.50 ( 41.36)	Acc@5  77.00 ( 73.66)
LR=0.0010235029373752758	-- best acc so far 41.36
[TRAIN] E: [58][ 0/32]	Loss 2.7856e+00 (2.7856e+00)	Acc@1  29.88 ( 29.88)	Acc@5  60.38 ( 60.38)
[TRAIN] E: [58][31/32]	Loss 3.0041e+00 (2.9059e+00)	Acc@1  26.00 ( 28.10)	Acc@5  55.00 ( 57.56)
[EVAL] E: [58][0/4]	Loss 2.6499e+00 (2.6499e+00)	Acc@1  31.69 ( 31.69)	Acc@5  64.50 ( 64.50)
[EVAL] E: [58][3/4]	Loss 2.6928e+00 (2.6883e+00)	Acc@1  34.00 ( 31.64)	Acc@5  65.50 ( 64.08)
LR=0.057571388875228835	-- best acc so far 41.36
[TRAIN] E: [59][ 0/32]	Loss 2.9359e+00 (2.9359e+00)	Acc@1  26.25 ( 26.25)	Acc@5  56.06 ( 56.06)
[TRAIN] E: [59][31/32]	Loss 2.7696e+00 (2.8464e+00)	Acc@1  28.00 ( 28.97)	Acc@5  62.75 ( 59.01)
