Main Function with logger : Logger(dir=meta_results, use-tf=False, writer=None)
Arguments : -------------------------------
batch_size       : 1000
cutout_length    : 16
data_path        : /home/prathamesh/code/data/cifar/
dataset          : cifar100
epochs           : 5
eval_batch_size  : 1000
file_name        : meta_half_seed-1_metalr-0.0001_T-2_5_4-cycles
global_rand_seed : -1
input_size       : 32
inst_based       : True
label            : 
lr               : 0.1
mcd_weight       : 0.1
meta_interval    : 1
meta_lite        : 0
meta_lr          : 0.0001
meta_weight_decay : 0.0
model_name       : ResNet10_s
momentum         : 0.9
pretrained_student : 1
print_freq       : 100
print_freq_eval  : 100
rand_seed        : 1
save_dir         : ./meta_results/
sched_cycles     : 4
teacher          : ResNet10_l
temperature      : 2
unsup_adapt      : False
wd               : 0.0005
workers          : 8
Python  Version  : 3.7.12 | packaged by conda-forge | (default, Oct 26 2021, 06:08:21)  [GCC 9.4.0]
Pillow  Version  : 9.2.0
PyTorch Version  : 1.13.1
cuDNN   Version  : 8500
CUDA available   : True
CUDA GPU numbers : 1
CUDA_VISIBLE_DEVICES : 0
Namespace(batch_size=1000, class_num=100, cutout_length=16, data_path='/home/prathamesh/code/data/cifar/', dataset='cifar100', epochs=5, eval_batch_size=1000, file_name='meta_half_seed-1_metalr-0.0001_T-2_5_4-cycles', global_rand_seed=-1, input_size=32, inst_based=True, label='', lr=0.1, mcd_weight=0.1, meta_interval=1, meta_lite=0, meta_lr=0.0001, meta_weight_decay=0.0, model_name='ResNet10_s', momentum=0.9, pretrained_student=1, print_freq=100, print_freq_eval=100, rand_seed=1, save_dir='./meta_results/', sched_cycles=4, teacher='ResNet10_l', temperature=2, unsup_adapt=False, wd=0.0005, workers=8)
Train:45000	, Valid:5000	, Test:10000

--------------------------------------------------
Student :ResNet10_s
using pretrained student model from /home/anmolreddy/ce_results/CE_with_seed-1_cycles-4_cifar100-ResNet10_smodel_best.pth.tar
***[2023-05-09 11:56:56]*** before training [Student(CE)] Test loss = 1.772255, accuracy@1 = 51.46, accuracy@5 = 81.31, error@1 = 48.54, error@5 = 18.69
Scheduling LR update to student 4 time at 1-epoch intervals
Teacher loaded....
***[2023-05-09 11:56:58]*** [Teacher] Test loss = 1.045211, accuracy@1 = 70.71, accuracy@5 = 92.22, error@1 = 29.29, error@5 = 7.78
model information : EfficientNetV2_s (CIFAR)
--------------------------------------------------
[Student]Params=0.08 MB, FLOPs=4.16 M ... = 0.00 G

Started EPOCH:0
[TRAIN] E: [0][ 0/45]	Loss 1.0176e+00 (1.0176e+00)	Acc@1  41.30 ( 41.30)	Acc@5  71.90 ( 71.90)
[TRAIN] E: [0][44/45]	Loss 1.9620e+00 (1.4000e+00)	Acc@1  34.40 ( 37.18)	Acc@5  67.40 ( 67.75)
alpha quartiles: 
q0	q25	q50	q75	q100
0.490807	0.560517	0.631861	0.740539	0.981711 with std 0.117668
[EVAL] E: [0][0/5]	Loss 3.4467e+00 (3.4467e+00)	Acc@1  23.70 ( 23.70)	Acc@5  51.00 ( 51.00)
[EVAL] E: [0][4/5]	Loss 3.5554e+00 (3.5463e+00)	Acc@1  23.00 ( 23.06)	Acc@5  47.70 ( 49.20)
Valid eval after epoch: loss:3.5463	latest_acc:23.06	LR:0.1000 -- best valacc 23.06

Started EPOCH:1
Training epoch
[TRAIN] E: [1][ 0/45]	Loss 1.9390e+00 (1.9390e+00)	Acc@1  35.00 ( 35.00)	Acc@5  64.20 ( 64.20)
[TRAIN] E: [1][44/45]	Loss 2.2651e+00 (2.1774e+00)	Acc@1  35.50 ( 35.24)	Acc@5  66.00 ( 65.60)
alpha quartiles: 
q0	q25	q50	q75	q100
0.767662	0.964388	0.992977	0.999018	1.000000 with std 0.032511
[EVAL] E: [1][0/5]	Loss 3.1460e+00 (3.1460e+00)	Acc@1  28.70 ( 28.70)	Acc@5  57.10 ( 57.10)
[EVAL] E: [1][4/5]	Loss 3.0386e+00 (3.1513e+00)	Acc@1  30.40 ( 28.54)	Acc@5  58.10 ( 57.20)
Valid eval after epoch: loss:3.1513	latest_acc:28.54	LR:0.1000 -- best valacc 28.54

Started EPOCH:2
Training epoch
[TRAIN] E: [2][ 0/45]	Loss 2.1763e+00 (2.1763e+00)	Acc@1  36.50 ( 36.50)	Acc@5  67.30 ( 67.30)
[TRAIN] E: [2][44/45]	Loss 2.2547e+00 (2.2205e+00)	Acc@1  36.20 ( 34.92)	Acc@5  67.60 ( 65.45)
alpha quartiles: 
q0	q25	q50	q75	q100
0.954704	0.999705	0.999934	0.999988	1.000000 with std 0.001649
[EVAL] E: [2][0/5]	Loss 2.7901e+00 (2.7901e+00)	Acc@1  32.10 ( 32.10)	Acc@5  61.70 ( 61.70)
[EVAL] E: [2][4/5]	Loss 2.7785e+00 (2.7989e+00)	Acc@1  33.70 ( 31.76)	Acc@5  61.70 ( 61.64)
Valid eval after epoch: loss:2.7989	latest_acc:31.76	LR:0.1000 -- best valacc 31.76

Started EPOCH:3
Training epoch
[TRAIN] E: [3][ 0/45]	Loss 2.1736e+00 (2.1736e+00)	Acc@1  35.90 ( 35.90)	Acc@5  65.40 ( 65.40)
[TRAIN] E: [3][44/45]	Loss 2.1813e+00 (2.1938e+00)	Acc@1  36.90 ( 35.39)	Acc@5  67.90 ( 65.78)
alpha quartiles: 
q0	q25	q50	q75	q100
0.969256	0.999937	0.999989	0.999998	1.000000 with std 0.000801
[EVAL] E: [3][0/5]	Loss 3.1006e+00 (3.1006e+00)	Acc@1  29.50 ( 29.50)	Acc@5  57.60 ( 57.60)
[EVAL] E: [3][4/5]	Loss 3.0136e+00 (3.0500e+00)	Acc@1  29.80 ( 28.94)	Acc@5  58.20 ( 57.66)
Valid eval after epoch: loss:3.0500	latest_acc:28.94	LR:0.1000 -- best valacc 31.76

Started EPOCH:4
Training epoch
[TRAIN] E: [4][ 0/45]	Loss 2.1725e+00 (2.1725e+00)	Acc@1  35.90 ( 35.90)	Acc@5  64.40 ( 64.40)
[TRAIN] E: [4][44/45]	Loss 2.1549e+00 (2.1610e+00)	Acc@1  35.30 ( 35.82)	Acc@5  65.50 ( 65.82)
alpha quartiles: 
q0	q25	q50	q75	q100
0.975441	0.999973	0.999996	1.000000	1.000000 with std 0.000549
[EVAL] E: [4][0/5]	Loss 3.0229e+00 (3.0229e+00)	Acc@1  26.20 ( 26.20)	Acc@5  57.00 ( 57.00)
[EVAL] E: [4][4/5]	Loss 2.8578e+00 (3.0193e+00)	Acc@1  30.80 ( 28.50)	Acc@5  61.80 ( 57.66)
Valid eval after epoch: loss:3.0193	latest_acc:28.50	LR:0.1000 -- best valacc 31.76

***[2023-05-09 12:00:43]*** [Post-train] [Student] Test loss = 2.268251, accuracy@1 = 43.48, accuracy@5 = 75.78, error@1 = 56.52, error@5 = 24.22
Result is from best val model of epoch:3
Saved intermediate weights to ./meta_results/meta_half_seed-1_metalr-0.0001_T-2_5_4-cycles/alpha_dump.pkl
