Main Function with logger : Logger(dir=meta_results, use-tf=False, writer=None)
Arguments : -------------------------------
batch_size       : 1600
cutout_length    : 16
data_path        : /home/prathamesh/code/data/cifar/
dataset          : cifar100
epochs           : 400
eval_batch_size  : 800
file_name        : meta_seed-1_metalr-1e-05_T-2_400-epochs
global_rand_seed : -1
input_size       : 32
inst_based       : True
label            : 
lr               : 0.1
mcd_weight       : 0.1
meta_interval    : 1
meta_lr          : 1e-05
meta_weight_decay : 0.0
model_name       : ResNet10_s
momentum         : 0.9
pretrained_student : True
print_freq       : 100
print_freq_eval  : 100
rand_seed        : 1
save_dir         : ./meta_results/
sched_cycles     : 4
teacher          : ResNet10_l
temperature      : 2
unsup_adapt      : False
wd               : 0.0005
workers          : 8
Python  Version  : 3.7.12 | packaged by conda-forge | (default, Oct 26 2021, 06:08:21)  [GCC 9.4.0]
Pillow  Version  : 9.2.0
PyTorch Version  : 1.13.1
cuDNN   Version  : 8500
CUDA available   : True
CUDA GPU numbers : 1
CUDA_VISIBLE_DEVICES : 0
Namespace(batch_size=1600, class_num=100, cutout_length=16, data_path='/home/prathamesh/code/data/cifar/', dataset='cifar100', epochs=400, eval_batch_size=800, file_name='meta_seed-1_metalr-1e-05_T-2_400-epochs', global_rand_seed=-1, input_size=32, inst_based=True, label='', lr=0.1, mcd_weight=0.1, meta_interval=1, meta_lr=1e-05, meta_weight_decay=0.0, model_name='ResNet10_s', momentum=0.9, pretrained_student=True, print_freq=100, print_freq_eval=100, rand_seed=1, save_dir='./meta_results/', sched_cycles=4, teacher='ResNet10_l', temperature=2, unsup_adapt=False, wd=0.0005, workers=8)
Train:45000	, Valid:5000	, Test:10000

--------------------------------------------------
Student :ResNet10_s
using pretrained student model from /home/anmolreddy/ce_results/CE_with_seed-1_cycles-4_cifar100-ResNet10_smodel_best.pth.tar
***[2023-05-04 06:09:26]*** before training [Student(CE)] Test loss = 1.772249, accuracy@1 = 51.46, accuracy@5 = 81.32, error@1 = 48.54, error@5 = 18.68
Scheduling LR update to student 4 time at 100-epoch intervals
Teacher loaded....
***[2023-05-04 06:09:27]*** [Teacher] Test loss = 1.045211, accuracy@1 = 70.71, accuracy@5 = 92.22, error@1 = 29.29, error@5 = 7.78
model information : EfficientNetV2_s (CIFAR)
--------------------------------------------------
[Student]Params=0.08 MB, FLOPs=4.16 M ... = 0.00 G

Started EPOCH:0
[TRAIN] E: [0][ 0/29]	Loss 1.0751e+00 (1.0751e+00)	Acc@1  40.12 ( 40.12)	Acc@5  71.56 ( 71.56)
[TRAIN] E: [0][28/29]	Loss 1.1870e+00 (1.1062e+00)	Acc@1  38.00 ( 39.03)	Acc@5  71.50 ( 69.30)
alpha quartiles: 
q0	q25	q50	q75	q100
0.489921	0.500396	0.504660	0.510548	0.527605 with std 0.006467
beta quartiles: 
q0	q25	q50	q75	q100
0.484165	0.493863	0.496464	0.499153	0.510613 with std 0.003800
[EVAL] E: [0][0/7]	Loss 2.6980e+00 (2.6980e+00)	Acc@1  31.75 ( 31.75)	Acc@5  62.00 ( 62.00)
[EVAL] E: [0][6/7]	Loss 2.6666e+00 (2.6970e+00)	Acc@1  34.00 ( 33.14)	Acc@5  63.50 ( 62.64)
		 Valid eval after epoch: loss:2.6970	latest_acc:33.14	LR:0.10 -- best valacc 33.14

Started EPOCH:1
Training epoch
[TRAIN] E: [1][ 0/29]	Loss 1.1638e+00 (1.1638e+00)	Acc@1  36.19 ( 36.19)	Acc@5  66.62 ( 66.62)
[TRAIN] E: [1][28/29]	Loss 1.2054e+00 (1.1764e+00)	Acc@1  37.00 ( 38.28)	Acc@5  69.00 ( 68.55)
alpha quartiles: 
q0	q25	q50	q75	q100
0.508031	0.523499	0.530230	0.537579	0.575736 with std 0.009909
beta quartiles: 
q0	q25	q50	q75	q100
0.495274	0.509481	0.516062	0.522036	0.546269 with std 0.008162
[EVAL] E: [1][0/7]	Loss 2.7405e+00 (2.7405e+00)	Acc@1  32.00 ( 32.00)	Acc@5  61.62 ( 61.62)
[EVAL] E: [1][6/7]	Loss 2.7334e+00 (2.6994e+00)	Acc@1  30.00 ( 33.02)	Acc@5  62.50 ( 62.92)
		 Valid eval after epoch: loss:2.6994	latest_acc:33.02	LR:0.10 -- best valacc 33.14

Started EPOCH:2
Training epoch
[TRAIN] E: [2][ 0/29]	Loss 1.2400e+00 (1.2400e+00)	Acc@1  38.00 ( 38.00)	Acc@5  68.19 ( 68.19)
[TRAIN] E: [2][28/29]	Loss 1.2489e+00 (1.2689e+00)	Acc@1  37.00 ( 38.16)	Acc@5  68.50 ( 68.14)
alpha quartiles: 
q0	q25	q50	q75	q100
0.524171	0.553724	0.563762	0.574875	0.644779 with std 0.016249
beta quartiles: 
q0	q25	q50	q75	q100
0.519132	0.539028	0.548895	0.559249	0.616113 with std 0.014550
[EVAL] E: [2][0/7]	Loss 2.7612e+00 (2.7612e+00)	Acc@1  32.50 ( 32.50)	Acc@5  62.50 ( 62.50)
[EVAL] E: [2][6/7]	Loss 2.6196e+00 (2.7582e+00)	Acc@1  34.00 ( 32.54)	Acc@5  63.50 ( 61.84)
		 Valid eval after epoch: loss:2.7582	latest_acc:32.54	LR:0.10 -- best valacc 33.14

Started EPOCH:3
Training epoch
[TRAIN] E: [3][ 0/29]	Loss 1.3185e+00 (1.3185e+00)	Acc@1  38.31 ( 38.31)	Acc@5  68.38 ( 68.38)
[TRAIN] E: [3][28/29]	Loss 1.4197e+00 (1.3709e+00)	Acc@1  36.50 ( 37.72)	Acc@5  73.00 ( 68.00)
alpha quartiles: 
q0	q25	q50	q75	q100
0.553009	0.586824	0.598229	0.611722	0.702855 with std 0.021086
beta quartiles: 
q0	q25	q50	q75	q100
0.543947	0.572717	0.583150	0.595270	0.674755 with std 0.018370
[EVAL] E: [3][0/7]	Loss 4.0137e+00 (4.0137e+00)	Acc@1  17.38 ( 17.38)	Acc@5  41.25 ( 41.25)
[EVAL] E: [3][6/7]	Loss 4.3424e+00 (4.1250e+00)	Acc@1  16.00 ( 17.62)	Acc@5  40.00 ( 41.56)
		 Valid eval after epoch: loss:4.1250	latest_acc:17.62	LR:0.10 -- best valacc 33.14

Started EPOCH:4
Training epoch
[TRAIN] E: [4][ 0/29]	Loss 1.4320e+00 (1.4320e+00)	Acc@1  35.75 ( 35.75)	Acc@5  67.44 ( 67.44)
[TRAIN] E: [4][28/29]	Loss 1.4470e+00 (1.4663e+00)	Acc@1  37.00 ( 37.22)	Acc@5  68.50 ( 67.51)
alpha quartiles: 
q0	q25	q50	q75	q100
0.569855	0.617864	0.632587	0.649211	0.758920 with std 0.026778
beta quartiles: 
q0	q25	q50	q75	q100
0.560604	0.605027	0.618449	0.633411	0.730217 with std 0.023884
[EVAL] E: [4][0/7]	Loss 2.9469e+00 (2.9469e+00)	Acc@1  28.50 ( 28.50)	Acc@5  60.50 ( 60.50)
[EVAL] E: [4][6/7]	Loss 2.7626e+00 (2.9536e+00)	Acc@1  27.00 ( 29.34)	Acc@5  65.00 ( 58.36)
		 Valid eval after epoch: loss:2.9536	latest_acc:29.34	LR:0.10 -- best valacc 33.14

Started EPOCH:5
Training epoch
[TRAIN] E: [5][ 0/29]	Loss 1.5521e+00 (1.5521e+00)	Acc@1  35.56 ( 35.56)	Acc@5  65.88 ( 65.88)
[TRAIN] E: [5][28/29]	Loss 1.6304e+00 (1.5600e+00)	Acc@1  38.50 ( 37.12)	Acc@5  70.00 ( 67.66)
alpha quartiles: 
q0	q25	q50	q75	q100
0.591975	0.647590	0.663938	0.682264	0.803680 with std 0.030867
beta quartiles: 
q0	q25	q50	q75	q100
0.583004	0.633923	0.649653	0.666905	0.779354 with std 0.028629
[EVAL] E: [5][0/7]	Loss 2.5960e+00 (2.5960e+00)	Acc@1  36.50 ( 36.50)	Acc@5  64.88 ( 64.88)
[EVAL] E: [5][6/7]	Loss 2.4854e+00 (2.6057e+00)	Acc@1  34.00 ( 35.22)	Acc@5  65.00 ( 64.44)
		 Valid eval after epoch: loss:2.6057	latest_acc:35.22	LR:0.10 -- best valacc 35.22

Started EPOCH:6
Training epoch
[TRAIN] E: [6][ 0/29]	Loss 1.5935e+00 (1.5935e+00)	Acc@1  36.75 ( 36.75)	Acc@5  67.75 ( 67.75)
[TRAIN] E: [6][28/29]	Loss 1.7762e+00 (1.6436e+00)	Acc@1  34.50 ( 37.19)	Acc@5  62.00 ( 67.71)
alpha quartiles: 
q0	q25	q50	q75	q100
0.613166	0.678916	0.698810	0.721251	0.857348 with std 0.036452
beta quartiles: 
q0	q25	q50	q75	q100
0.603942	0.662675	0.681004	0.701030	0.826541 with std 0.033244
[EVAL] E: [6][0/7]	Loss 2.9625e+00 (2.9625e+00)	Acc@1  26.50 ( 26.50)	Acc@5  58.38 ( 58.38)
[EVAL] E: [6][6/7]	Loss 3.0763e+00 (2.9848e+00)	Acc@1  29.50 ( 28.28)	Acc@5  55.00 ( 56.82)
		 Valid eval after epoch: loss:2.9848	latest_acc:28.28	LR:0.10 -- best valacc 35.22

Started EPOCH:7
Training epoch
[TRAIN] E: [7][ 0/29]	Loss 1.6829e+00 (1.6829e+00)	Acc@1  38.81 ( 38.81)	Acc@5  68.44 ( 68.44)
[TRAIN] E: [7][28/29]	Loss 1.7351e+00 (1.7481e+00)	Acc@1  38.00 ( 37.10)	Acc@5  73.00 ( 67.36)
alpha quartiles: 
q0	q25	q50	q75	q100
0.631702	0.716073	0.738327	0.762236	0.899902 with std 0.040031
beta quartiles: 
q0	q25	q50	q75	q100
0.617417	0.692478	0.713013	0.734990	0.866129 with std 0.037137
[EVAL] E: [7][0/7]	Loss 3.0077e+00 (3.0077e+00)	Acc@1  29.12 ( 29.12)	Acc@5  57.25 ( 57.25)
[EVAL] E: [7][6/7]	Loss 3.0257e+00 (2.9969e+00)	Acc@1  27.50 ( 28.72)	Acc@5  55.00 ( 57.18)
		 Valid eval after epoch: loss:2.9969	latest_acc:28.72	LR:0.10 -- best valacc 35.22

Started EPOCH:8
Training epoch
[TRAIN] E: [8][ 0/29]	Loss 1.8438e+00 (1.8438e+00)	Acc@1  36.44 ( 36.44)	Acc@5  65.81 ( 65.81)
[TRAIN] E: [8][28/29]	Loss 1.8912e+00 (1.8725e+00)	Acc@1  36.50 ( 36.50)	Acc@5  66.00 ( 67.08)
alpha quartiles: 
q0	q25	q50	q75	q100
0.652250	0.750800	0.776387	0.803408	0.938959 with std 0.043678
beta quartiles: 
q0	q25	q50	q75	q100
0.632478	0.722710	0.747187	0.773000	0.911745 with std 0.041941
[EVAL] E: [8][0/7]	Loss 2.8029e+00 (2.8029e+00)	Acc@1  31.38 ( 31.38)	Acc@5  62.12 ( 62.12)
[EVAL] E: [8][6/7]	Loss 2.7966e+00 (2.7535e+00)	Acc@1  29.00 ( 31.70)	Acc@5  59.00 ( 61.38)
		 Valid eval after epoch: loss:2.7535	latest_acc:31.70	LR:0.10 -- best valacc 35.22

Started EPOCH:9
Training epoch
[TRAIN] E: [9][ 0/29]	Loss 1.9027e+00 (1.9027e+00)	Acc@1  39.12 ( 39.12)	Acc@5  68.75 ( 68.75)
[TRAIN] E: [9][28/29]	Loss 2.2008e+00 (2.0104e+00)	Acc@1  30.50 ( 36.37)	Acc@5  61.50 ( 66.78)
